****************************************
Report : timing
	-path_type full
	-delay_type max
	-max_paths 1
	-sort_by slack
Design : top
Version: S-2021.06-SP1
Date   : Sun Dec 18 18:38:04 2022
****************************************


  Startpoint: inp[37] (input port clocked by clk)
  Endpoint: out[1] (output port clocked by clk)
  Path Group: clk
  Path Type: max

  Point                                    Incr       Path
  ---------------------------------------------------------------
  clock clk (rise edge)                   0.000      0.000
  clock network delay (ideal)             0.000      0.000
  input external delay                    0.000      0.000 f
  inp[37] (in)                            0.000      0.000 f
  U761/Y (AND2X1)                      2458432.000
                                                  2458432.000 f
  U762/Y (INVX1)                       -1160824.000
                                                  1297608.000 r
  U987/Y (NAND2X1)                     801288.000 2098896.000 f
  U405/Y (AND2X1)                      2442888.000
                                                  4541784.000 f
  U406/Y (INVX1)                       -302784.000
                                                  4239000.000 r
  U463/Y (AND2X1)                      1842648.000
                                                  6081648.000 r
  U464/Y (INVX1)                       713504.000 6795152.000 f
  U988/Y (NAND2X1)                     930008.000 7725160.000 r
  U992/Y (XOR2X1)                      4328024.000
                                                  12053184.000 f
  U993/Y (NOR2X1)                      1642808.000
                                                  13695992.000 r
  U994/Y (INVX1)                       1007064.000
                                                  14703056.000 f
  U996/Y (NAND2X1)                     1363112.000
                                                  16066168.000 r
  U997/Y (INVX1)                       1116312.000
                                                  17182480.000 f
  U377/Y (AND2X1)                      2458312.000
                                                  19640792.000 f
  U378/Y (INVX1)                       -1173544.000
                                                  18467248.000 r
  U1034/Y (NAND2X1)                    1052720.000
                                                  19519968.000 f
  U1035/Y (XOR2X1)                     5344864.000
                                                  24864832.000 r
  U1036/Y (INVX1)                      1250904.000
                                                  26115736.000 f
  U1045/Y (NAND2X1)                    1289748.000
                                                  27405484.000 r
  U587/Y (AND2X1)                      2174544.000
                                                  29580028.000 r
  U588/Y (INVX1)                       715572.000 30295600.000 f
  U459/Y (AND2X1)                      2458080.000
                                                  32753680.000 f
  U460/Y (INVX1)                       -229812.000
                                                  32523868.000 r
  U1049/Y (INVX1)                      651868.000 33175736.000 f
  U1050/Y (NAND2X1)                    1291776.000
                                                  34467512.000 r
  U567/Y (AND2X1)                      2174376.000
                                                  36641888.000 r
  U568/Y (INVX1)                       715840.000 37357728.000 f
  U739/Y (XNOR2X1)                     6583416.000
                                                  43941144.000 f
  U1106/Y (NAND2X1)                    1748928.000
                                                  45690072.000 r
  U479/Y (INVX1)                       1030764.000
                                                  46720836.000 f
  U480/Y (INVX1)                       444652.000 47165488.000 r
  U1107/Y (NAND2X1)                    1053900.000
                                                  48219388.000 f
  U507/Y (XNOR2X1)                     5990480.000
                                                  54209868.000 f
  U508/Y (INVX1)                       -1232940.000
                                                  52976928.000 r
  U695/Y (AND2X1)                      1880400.000
                                                  54857328.000 r
  U696/Y (INVX1)                       707772.000 55565100.000 f
  U1167/Y (NAND2X1)                    1285632.000
                                                  56850732.000 r
  U779/Y (AND2X1)                      1830448.000
                                                  58681180.000 r
  U351/Y (AND2X1)                      2181436.000
                                                  60862616.000 r
  U352/Y (INVX1)                       713328.000 61575944.000 f
  U1172/Y (NAND2X1)                    1752760.000
                                                  63328704.000 r
  U1173/Y (INVX1)                      1216864.000
                                                  64545568.000 f
  U765/Y (AND2X1)                      2458376.000
                                                  67003944.000 f
  U766/Y (INVX1)                       -1160992.000
                                                  65842952.000 r
  U1427/Y (NAND2X1)                    1053320.000
                                                  66896272.000 f
  U1428/Y (XOR2X1)                     5376272.000
                                                  72272544.000 r
  U1431/Y (NAND2X1)                    929160.000 73201704.000 f
  U517/Y (INVX1)                       226480.000 73428184.000 r
  U518/Y (INVX1)                       646696.000 74074880.000 f
  U1632/Y (NOR2X1)                     1157672.000
                                                  75232552.000 r
  U797/Y (AND2X1)                      2179056.000
                                                  77411608.000 r
  U798/Y (INVX1)                       718840.000 78130448.000 f
  U1633/Y (NAND2X1)                    924464.000 79054912.000 r
  U287/Y (AND2X1)                      1798384.000
                                                  80853296.000 r
  U288/Y (INVX1)                       718488.000 81571784.000 f
  U1639/Y (NOR2X1)                     1157488.000
                                                  82729272.000 r
  U1642/Y (NAND2X1)                    835392.000 83564664.000 f
  U453/Y (AND2X1)                      2044168.000
                                                  85608832.000 f
  U454/Y (INVX1)                       -230072.000
                                                  85378760.000 r
  U1658/Y (INVX1)                      651872.000 86030632.000 f
  U1659/Y (NAND2X1)                    918800.000 86949432.000 r
  U1660/Y (NAND2X1)                    1126288.000
                                                  88075720.000 f
  U219/Y (AND2X1)                      2439528.000
                                                  90515248.000 f
  U220/Y (INVX1)                       -1307136.000
                                                  89208112.000 r
  U341/Y (AND2X1)                      2199104.000
                                                  91407216.000 r
  U342/Y (INVX1)                       707576.000 92114792.000 f
  U295/Y (AND2X1)                      2034872.000
                                                  94149664.000 f
  U296/Y (INVX1)                       -1310080.000
                                                  92839584.000 r
  U1662/Y (NOR2X1)                     549952.000 93389536.000 f
  out[1] (out)                            0.000   93389536.000 f
  data arrival time                               93389536.000

  clock clk (rise edge)                200000000.000
                                                  200000000.000
  clock network delay (ideal)             0.000   200000000.000
  clock reconvergence pessimism           0.000   200000000.000
  output external delay                   0.000   200000000.000
  data required time                              200000000.000
  ---------------------------------------------------------------
  data required time                              200000000.000
  data arrival time                               -93389536.000
  ---------------------------------------------------------------
  slack (MET)                                     106610464.000


1
