Information: Updating design information... (UID-85)
 
****************************************
Report : qor
Design : top
Version: S-2021.06-SP2
Date   : Sun Dec 18 18:37:59 2022
****************************************


  Timing Path Group 'clk'
  -----------------------------------
  Levels of Logic:              69.00
  Critical Path Length:   93389384.00
  Critical Path Slack:   106610616.00
  Critical Path Clk Period:
                         200000000.00
  Total Negative Slack:          0.00
  No. of Violating Paths:        0.00
  Worst Hold Violation:          0.00
  Total Hold Violation:          0.00
  No. of Hold Violations:        0.00
  -----------------------------------


  Cell Count
  -----------------------------------
  Hierarchical Cell Count:          0
  Hierarchical Port Count:          0
  Leaf Cell Count:               1489
  Buf/Inv Cell Count:             493
  Buf Cell Count:                   0
  Inv Cell Count:                 493
  CT Buf/Inv Cell Count:            0
  Combinational Cell Count:      1489
  Sequential Cell Count:            0
  Macro Count:                      0
  -----------------------------------


  Area
  -----------------------------------
  Combinational Area:
                     526062893.000000
  Noncombinational Area:     0.000000
  Buf/Inv Area:      112611060.000000
  Total Buffer Area:             0.00
  Total Inverter Area:   112611060.00
  Macro/Black Box Area:      0.000000
  Net Area:                  0.000000
  -----------------------------------
  Cell Area:         526062893.000000
  Design Area:       526062893.000000


  Design Rules
  -----------------------------------
  Total Number of Nets:          1574
  Nets With Violations:          1488
  Max Trans Violations:          1488
  Max Cap Violations:               0
  -----------------------------------


  Hostname: leoforos

  Compile CPU Statistics
  -----------------------------------------
  Resource Sharing:                    0.61
  Logic Optimization:                  0.09
  Mapping Optimization:                1.06
  -----------------------------------------
  Overall Compile Time:               10.51
  Overall Compile Wall Clock Time:    10.85

  --------------------------------------------------------------------

  Design  WNS: 0.00  TNS: 0.00  Number of Violating Paths: 0


  Design (Hold)  WNS: 0.00  TNS: 0.00  Number of Violating Paths: 0

  --------------------------------------------------------------------


1
