****************************************
Report : timing
	-path_type full
	-delay_type max
	-max_paths 1
	-sort_by slack
Design : top
Version: S-2021.06-SP1
Date   : Sun Dec 18 12:22:21 2022
****************************************


  Startpoint: inp[11] (input port clocked by clk)
  Endpoint: out[0] (output port clocked by clk)
  Path Group: clk
  Path Type: max

  Point                                    Incr       Path
  ---------------------------------------------------------------
  clock clk (rise edge)                   0.000      0.000
  clock network delay (ideal)             0.000      0.000
  input external delay                    0.000      0.000 r
  inp[11] (in)                            0.000      0.000 r
  U255/Y (AND2X1)                      2207104.000
                                                  2207104.000 r
  U256/Y (INVX1)                       705440.000 2912544.000 f
  U690/Y (NAND2X1)                     918768.000 3831312.000 r
  U691/Y (NAND2X1)                     1128576.000
                                                  4959888.000 f
  U299/Y (XNOR2X1)                     5988480.000
                                                  10948368.000 f
  U300/Y (INVX1)                       -284480.000
                                                  10663888.000 r
  U715/Y (INVX1)                       657168.000 11321056.000 f
  U716/Y (NAND2X1)                     1285952.000
                                                  12607008.000 r
  U717/Y (NAND2X1)                     1129136.000
                                                  13736144.000 f
  U718/Y (OR2X1)                       2088992.000
                                                  15825136.000 f
  U123/Y (AND2X1)                      2434384.000
                                                  18259520.000 f
  U124/Y (INVX1)                       -1315328.000
                                                  16944192.000 r
  U719/Y (NAND2X1)                     1051088.000
                                                  17995280.000 f
  U720/Y (NAND2X1)                     1389952.000
                                                  19385232.000 r
  U325/Y (XNOR2X1)                     6509024.000
                                                  25894256.000 r
  U326/Y (INVX1)                       876048.000 26770304.000 f
  U984/Y (NOR2X1)                      1157408.000
                                                  27927712.000 r
  U985/Y (NAND2X1)                     1097680.000
                                                  29025392.000 f
  U986/Y (NAND2X1)                     1393872.000
                                                  30419264.000 r
  U987/Y (XOR2X1)                      4652176.000
                                                  35071440.000 f
  U988/Y (NAND2X1)                     1750432.000
                                                  36821872.000 r
  U530/Y (INVX1)                       897184.000 37719056.000 f
  U531/Y (INVX1)                       446448.000 38165504.000 r
  U1086/Y (NAND2X1)                    1053904.000
                                                  39219408.000 f
  U1087/Y (XOR2X1)                     5244792.000
                                                  44464200.000 r
  U1110/Y (OR2X1)                      2326280.000
                                                  46790480.000 r
  U1345/Y (NAND2X1)                    1050856.000
                                                  47841336.000 f
  U1346/Y (XOR2X1)                     5242800.000
                                                  53084136.000 r
  U1349/Y (OR2X1)                      2326424.000
                                                  55410560.000 r
  U1350/Y (NAND2X1)                    1048712.000
                                                  56459272.000 f
  U1352/Y (NAND2X1)                    1345480.000
                                                  57804752.000 r
  U1354/Y (INVX1)                      1096664.000
                                                  58901416.000 f
  U1355/Y (NAND2X1)                    924960.000 59826376.000 r
  U1360/Y (NAND2X1)                    866928.000 60693304.000 f
  U1361/Y (XOR2X1)                     5311208.000
                                                  66004512.000 r
  U1414/Y (OR2X1)                      2321496.000
                                                  68326008.000 r
  U411/Y (AND2X1)                      2199464.000
                                                  70525472.000 r
  U412/Y (INVX1)                       707456.000 71232928.000 f
  U1416/Y (NAND2X1)                    1362952.000
                                                  72595880.000 r
  U1420/Y (INVX1)                      1096632.000
                                                  73692512.000 f
  U1421/Y (NAND2X1)                    924976.000 74617488.000 r
  U1422/Y (NAND2X1)                    1154864.000
                                                  75772352.000 f
  U1423/Y (NAND2X1)                    1404600.000
                                                  77176952.000 r
  U1425/Y (OR2X1)                      2592864.000
                                                  79769816.000 r
  U419/Y (AND2X1)                      1885624.000
                                                  81655440.000 r
  U420/Y (INVX1)                       715440.000 82370880.000 f
  U1436/Y (NAND2X1)                    1291584.000
                                                  83662464.000 r
  U1439/Y (NAND2X1)                    929328.000 84591792.000 f
  U285/Y (INVX1)                       226376.000 84818168.000 r
  U286/Y (INVX1)                       646696.000 85464864.000 f
  U1446/Y (AND2X1)                     1866880.000
                                                  87331744.000 f
  U1447/Y (XOR2X1)                     5486136.000
                                                  92817880.000 r
  U1449/Y (NAND2X1)                    846784.000 93664664.000 f
  U637/Y (AND2X1)                      2455072.000
                                                  96119736.000 f
  U279/Y (OR2X1)                       2336592.000
                                                  98456328.000 f
  U280/Y (INVX1)                       -71888.000 98384440.000 r
  U141/Y (AND2X1)                      1842192.000
                                                  100226632.000 r
  U142/Y (INVX1)                       713568.000 100940200.000 f
  U2534/Y (NAND2X1)                    924344.000 101864544.000 r
  U2535/Y (XOR2X1)                     4272736.000
                                                  106137280.000 f
  U2548/Y (NAND2X1)                    1749504.000
                                                  107886784.000 r
  U401/Y (INVX1)                       980048.000 108866832.000 f
  U402/Y (INVX1)                       445344.000 109312176.000 r
  U2549/Y (NAND2X1)                    1051800.000
                                                  110363976.000 f
  U2550/Y (NAND2X1)                    1385472.000
                                                  111749448.000 r
  U2556/Y (OR2X1)                      2548344.000
                                                  114297792.000 r
  U2557/Y (NAND2X1)                    1045840.000
                                                  115343632.000 f
  U2558/Y (NAND2X1)                    1384360.000
                                                  116727992.000 r
  U2560/Y (OR2X1)                      2545760.000
                                                  119273752.000 r
  U429/Y (AND2X1)                      1885248.000
                                                  121159000.000 r
  U430/Y (INVX1)                       715448.000 121874448.000 f
  U2584/Y (AND2X1)                     2243888.000
                                                  124118336.000 f
  U2609/Y (NAND2X1)                    864304.000 124982640.000 r
  U2612/Y (NAND2X1)                    930984.000 125913624.000 f
  U2618/Y (NAND2X1)                    887312.000 126800936.000 r
  U473/Y (AND2X1)                      1818648.000
                                                  128619584.000 r
  U474/Y (INVX1)                       715632.000 129335216.000 f
  U2638/Y (NAND2X1)                    1362960.000
                                                  130698176.000 r
  U2639/Y (INVX1)                      1096360.000
                                                  131794536.000 f
  U2642/Y (NAND2X1)                    924976.000 132719512.000 r
  U2749/Y (NAND2X1)                    1154888.000
                                                  133874400.000 f
  U2750/Y (NAND2X1)                    1752608.000
                                                  135627008.000 r
  U2752/Y (INVX1)                      1095840.000
                                                  136722848.000 f
  U2753/Y (NAND2X1)                    924976.000 137647824.000 r
  U2754/Y (NAND2X1)                    1155552.000
                                                  138803376.000 f
  U344/Y (XNOR2X1)                     4367152.000
                                                  143170528.000 r
  U668/Y (INVX1)                       1007824.000
                                                  144178352.000 f
  U2884/Y (NOR2X1)                     1157280.000
                                                  145335632.000 r
  U2888/Y (NOR2X1)                     108912.000 145444544.000 f
  U2890/Y (NAND2X1)                    884592.000 146329136.000 r
  U2891/Y (NAND2X1)                    1153664.000
                                                  147482800.000 f
  U2892/Y (NAND2X1)                    1399856.000
                                                  148882656.000 r
  U391/Y (AND2X1)                      1807744.000
                                                  150690400.000 r
  U101/Y (AND2X1)                      2181104.000
                                                  152871504.000 r
  U102/Y (INVX1)                       713440.000 153584944.000 f
  U2921/Y (NAND2X1)                    1752768.000
                                                  155337712.000 r
  U2925/Y (INVX1)                      1216928.000
                                                  156554640.000 f
  U2926/Y (NAND2X1)                    1284064.000
                                                  157838704.000 r
  U2927/Y (NAND2X1)                    1126016.000
                                                  158964720.000 f
  U2928/Y (NAND2X1)                    1394688.000
                                                  160359408.000 r
  U2932/Y (NAND2X1)                    866000.000 161225408.000 f
  U2933/Y (NAND2X1)                    1400080.000
                                                  162625488.000 r
  U2934/Y (NAND2X1)                    866864.000 163492352.000 f
  U2935/Y (NAND2X1)                    1380352.000
                                                  164872704.000 r
  U2937/Y (NAND2X1)                    863664.000 165736368.000 f
  U2938/Y (NAND2X1)                    879360.000 166615728.000 r
  U2939/Y (NAND2X1)                    1126416.000
                                                  167742144.000 f
  U163/Y (AND2X1)                      2045536.000
                                                  169787680.000 f
  U164/Y (INVX1)                       -1352720.000
                                                  168434960.000 r
  U2942/Y (NAND2X1)                    800816.000 169235776.000 f
  U2945/Y (NAND2X1)                    887088.000 170122864.000 r
  U2957/Y (OR2X1)                      2560736.000
                                                  172683600.000 r
  U2958/Y (NAND2X1)                    1047984.000
                                                  173731584.000 f
  U2959/Y (NOR2X1)                     1184272.000
                                                  174915856.000 r
  out[0] (out)                            0.000   174915856.000 r
  data arrival time                               174915856.000

  clock clk (rise edge)                200000000.000
                                                  200000000.000
  clock network delay (ideal)             0.000   200000000.000
  clock reconvergence pessimism           0.000   200000000.000
  output external delay                   0.000   200000000.000
  data required time                              200000000.000
  ---------------------------------------------------------------
  data required time                              200000000.000
  data arrival time                               -174915856.000
  ---------------------------------------------------------------
  slack (MET)                                     25084144.000


1
