****************************************
Report : timing
	-path_type full
	-delay_type max
	-max_paths 1
	-sort_by slack
Design : top
Version: S-2021.06-SP1
Date   : Sun Dec 18 12:18:57 2022
****************************************


  Startpoint: inp[23] (input port clocked by clk)
  Endpoint: out[0] (output port clocked by clk)
  Path Group: clk
  Path Type: max

  Point                                    Incr       Path
  ---------------------------------------------------------------
  clock clk (rise edge)                   0.000      0.000
  clock network delay (ideal)             0.000      0.000
  input external delay                    0.000      0.000 r
  inp[23] (in)                            0.000      0.000 r
  U358/Y (AND2X1)                      2207104.000
                                                  2207104.000 r
  U359/Y (INVX1)                       705440.000 2912544.000 f
  U888/Y (NAND2X1)                     918768.000 3831312.000 r
  U889/Y (NAND2X1)                     1127248.000
                                                  4958560.000 f
  U890/Y (NAND2X1)                     887104.000 5845664.000 r
  U891/Y (NAND2X1)                     1230480.000
                                                  7076144.000 f
  U894/Y (NAND2X1)                     1399520.000
                                                  8475664.000 r
  U197/Y (AND2X1)                      2165472.000
                                                  10641136.000 r
  U198/Y (INVX1)                       718736.000 11359872.000 f
  U974/Y (XOR2X1)                      4914896.000
                                                  16274768.000 r
  U975/Y (OR2X1)                       2349744.000
                                                  18624512.000 r
  U237/Y (AND2X1)                      2199504.000
                                                  20824016.000 r
  U238/Y (INVX1)                       707664.000 21531680.000 f
  U976/Y (XOR2X1)                      5929536.000
                                                  27461216.000 r
  U977/Y (INVX1)                       1253592.000
                                                  28714808.000 f
  U1003/Y (NAND2X1)                    925152.000 29639960.000 r
  U1024/Y (NAND2X1)                    866912.000 30506872.000 f
  U416/Y (XNOR2X1)                     5988464.000
                                                  36495336.000 f
  U417/Y (INVX1)                       -1227984.000
                                                  35267352.000 r
  U400/Y (XNOR2X1)                     5848536.000
                                                  41115888.000 r
  U401/Y (INVX1)                       822936.000 41938824.000 f
  U1100/Y (XOR2X1)                     4920576.000
                                                  46859400.000 r
  U581/Y (AND2X1)                      2173536.000
                                                  49032936.000 r
  U582/Y (INVX1)                       715896.000 49748832.000 f
  U1207/Y (NAND2X1)                    930056.000 50678888.000 r
  U330/Y (XNOR2X1)                     6435424.000
                                                  57114312.000 r
  U331/Y (INVX1)                       997968.000 58112280.000 f
  U1208/Y (INVX1)                      436616.000 58548896.000 r
  U1211/Y (NAND2X1)                    802912.000 59351808.000 f
  U1214/Y (AND2X1)                     1855960.000
                                                  61207768.000 f
  U1217/Y (XOR2X1)                     5476472.000
                                                  66684240.000 r
  U499/Y (AND2X1)                      1819744.000
                                                  68503984.000 r
  U500/Y (INVX1)                       708376.000 69212360.000 f
  U1219/Y (NAND2X1)                    1291600.000
                                                  70503960.000 r
  U1235/Y (OR2X1)                      2330208.000
                                                  72834168.000 r
  U483/Y (AND2X1)                      2199504.000
                                                  75033672.000 r
  U484/Y (INVX1)                       707440.000 75741112.000 f
  U1236/Y (NAND2X1)                    1291616.000
                                                  77032728.000 r
  U1238/Y (OR2X1)                      2330224.000
                                                  79362952.000 r
  U469/Y (AND2X1)                      2196632.000
                                                  81559584.000 r
  U470/Y (INVX1)                       708376.000 82267960.000 f
  U1239/Y (NAND2X1)                    1291608.000
                                                  83559568.000 r
  U1245/Y (NAND2X1)                    929328.000 84488896.000 f
  U380/Y (INVX1)                       226128.000 84715024.000 r
  U381/Y (INVX1)                       646448.000 85361472.000 f
  U1246/Y (NAND2X1)                    1285984.000
                                                  86647456.000 r
  U1248/Y (NAND2X1)                    929312.000 87576768.000 f
  U402/Y (INVX1)                       235200.000 87811968.000 r
  U403/Y (INVX1)                       646680.000 88458648.000 f
  U1250/Y (NOR2X1)                     1157664.000
                                                  89616312.000 r
  U1252/Y (NAND2X1)                    928488.000 90544800.000 f
  U406/Y (INVX1)                       223240.000 90768040.000 r
  U407/Y (INVX1)                       646696.000 91414736.000 f
  U1254/Y (NAND2X1)                    918720.000 92333456.000 r
  U1255/Y (NOR2X1)                     1125408.000
                                                  93458864.000 f
  U1633/Y (INVX1)                      -253216.000
                                                  93205648.000 r
  U247/Y (AND2X1)                      2198096.000
                                                  95403744.000 r
  U248/Y (INVX1)                       707904.000 96111648.000 f
  U1674/Y (NOR2X1)                     1627632.000
                                                  97739280.000 r
  U1675/Y (INVX1)                      1007504.000
                                                  98746784.000 f
  U675/Y (XNOR2X1)                     4354112.000
                                                  103100896.000 r
  U676/Y (INVX1)                       823504.000 103924400.000 f
  U1693/Y (XOR2X1)                     4919048.000
                                                  108843448.000 r
  U573/Y (AND2X1)                      2173528.000
                                                  111016976.000 r
  U574/Y (INVX1)                       715904.000 111732880.000 f
  U294/Y (AND2X1)                      2458080.000
                                                  114190960.000 f
  U295/Y (INVX1)                       -229808.000
                                                  113961152.000 r
  U1695/Y (INVX1)                      651864.000 114613016.000 f
  U1696/Y (NAND2X1)                    924440.000 115537456.000 r
  U561/Y (AND2X1)                      1795400.000
                                                  117332856.000 r
  U562/Y (INVX1)                       715632.000 118048488.000 f
  U1699/Y (NAND2X1)                    1362952.000
                                                  119411440.000 r
  U1701/Y (INVX1)                      1116416.000
                                                  120527856.000 f
  U1702/Y (NAND2X1)                    924976.000 121452832.000 r
  U555/Y (AND2X1)                      1795400.000
                                                  123248232.000 r
  U556/Y (INVX1)                       715632.000 123963864.000 f
  U1712/Y (NAND2X1)                    1362952.000
                                                  125326816.000 r
  U1713/Y (INVX1)                      1096000.000
                                                  126422816.000 f
  U1716/Y (NAND2X1)                    924984.000 127347800.000 r
  U157/Y (AND2X1)                      2165440.000
                                                  129513240.000 r
  U158/Y (INVX1)                       718536.000 130231776.000 f
  U139/Y (AND2X1)                      2034872.000
                                                  132266648.000 f
  U140/Y (INVX1)                       -1299712.000
                                                  130966936.000 r
  U1719/Y (NAND2X1)                    1054824.000
                                                  132021760.000 f
  U1789/Y (AND2X1)                     1857776.000
                                                  133879536.000 f
  U1790/Y (XOR2X1)                     5486608.000
                                                  139366144.000 r
  U541/Y (AND2X1)                      2175344.000
                                                  141541488.000 r
  U542/Y (INVX1)                       715312.000 142256800.000 f
  U1791/Y (NAND2X1)                    924528.000 143181328.000 r
  U1796/Y (OR2X1)                      2340032.000
                                                  145521360.000 r
  U553/Y (AND2X1)                      1883552.000
                                                  147404912.000 r
  U554/Y (INVX1)                       715760.000 148120672.000 f
  U1799/Y (NAND2X1)                    924544.000 149045216.000 r
  U1804/Y (OR2X1)                      2340016.000
                                                  151385232.000 r
  U545/Y (AND2X1)                      1883552.000
                                                  153268784.000 r
  U546/Y (INVX1)                       715792.000 153984576.000 f
  U1807/Y (NAND2X1)                    1291600.000
                                                  155276176.000 r
  U1812/Y (OR2X1)                      2339984.000
                                                  157616160.000 r
  U1813/Y (NAND2X1)                    1045744.000
                                                  158661904.000 f
  out[0] (out)                            0.000   158661904.000 f
  data arrival time                               158661904.000

  clock clk (rise edge)                200000000.000
                                                  200000000.000
  clock network delay (ideal)             0.000   200000000.000
  clock reconvergence pessimism           0.000   200000000.000
  output external delay                   0.000   200000000.000
  data required time                              200000000.000
  ---------------------------------------------------------------
  data required time                              200000000.000
  data arrival time                               -158661904.000
  ---------------------------------------------------------------
  slack (MET)                                     41338096.000


1
