 
****************************************
Report : timing
        -path full
        -delay max
        -max_paths 1
Design : top
Version: S-2021.06-SP2
Date   : Sun Dec 18 12:18:51 2022
****************************************

Operating Conditions: TT   Library: PPDK_Standard_Library_1.0V_25C_TYP_X1
Wire Load Model Mode: top

  Startpoint: inp[23] (input port clocked by clk)
  Endpoint: out[0] (output port clocked by clk)
  Path Group: clk
  Path Type: max

  Point                                    Incr       Path
  -----------------------------------------------------------
  clock clk (rise edge)                   0.000      0.000
  clock network delay (ideal)             0.000      0.000
  input external delay                    0.000      0.000 r
  inp[23] (in)                            0.000      0.000 r
  U358/Y (AND2X1)                      2207109.000
                                                  2207109.000 r
  U359/Y (INVX1)                       705440.000 2912549.000 f
  U888/Y (NAND2X1)                     918765.250 3831314.250 r
  U889/Y (NAND2X1)                     1127247.750
                                                  4958562.000 f
  U890/Y (NAND2X1)                     887101.000 5845663.000 r
  U891/Y (NAND2X1)                     1230470.500
                                                  7076133.500 f
  U894/Y (NAND2X1)                     1399524.500
                                                  8475658.000 r
  U197/Y (AND2X1)                      2165494.000
                                                  10641152.000 r
  U198/Y (INVX1)                       718738.000 11359890.000 f
  U974/Y (XOR2X1)                      4914897.000
                                                  16274787.000 r
  U975/Y (OR2X1)                       2349725.000
                                                  18624512.000 r
  U237/Y (AND2X1)                      2199506.000
                                                  20824018.000 r
  U238/Y (INVX1)                       707662.000 21531680.000 f
  U976/Y (XOR2X1)                      5929536.000
                                                  27461216.000 r
  U977/Y (INVX1)                       1253584.000
                                                  28714800.000 f
  U1003/Y (NAND2X1)                    925154.000 29639954.000 r
  U1024/Y (NAND2X1)                    866884.000 30506838.000 f
  U416/Y (XNOR2X1)                     5988434.000
                                                  36495272.000 f
  U417/Y (INVX1)                       -1228020.000
                                                  35267252.000 r
  U400/Y (XNOR2X1)                     5848536.000
                                                  41115788.000 r
  U401/Y (INVX1)                       822936.000 41938724.000 f
  U1100/Y (XOR2X1)                     4920576.000
                                                  46859300.000 r
  U581/Y (AND2X1)                      2173560.000
                                                  49032860.000 r
  U582/Y (INVX1)                       715892.000 49748752.000 f
  U1207/Y (NAND2X1)                    930060.000 50678812.000 r
  U330/Y (XNOR2X1)                     6435376.000
                                                  57114188.000 r
  U331/Y (INVX1)                       997972.000 58112160.000 f
  U1208/Y (INVX1)                      436612.000 58548772.000 r
  U1211/Y (NAND2X1)                    802912.000 59351684.000 f
  U1214/Y (AND2X1)                     1855964.000
                                                  61207648.000 f
  U1217/Y (XOR2X1)                     5476524.000
                                                  66684172.000 r
  U499/Y (AND2X1)                      1819740.000
                                                  68503912.000 r
  U500/Y (INVX1)                       708376.000 69212288.000 f
  U1219/Y (NAND2X1)                    1291600.000
                                                  70503888.000 r
  U1235/Y (OR2X1)                      2330184.000
                                                  72834072.000 r
  U483/Y (AND2X1)                      2199504.000
                                                  75033576.000 r
  U484/Y (INVX1)                       707440.000 75741016.000 f
  U1236/Y (NAND2X1)                    1291616.000
                                                  77032632.000 r
  U1238/Y (OR2X1)                      2330200.000
                                                  79362832.000 r
  U469/Y (AND2X1)                      2196640.000
                                                  81559472.000 r
  U470/Y (INVX1)                       708376.000 82267848.000 f
  U1239/Y (NAND2X1)                    1291608.000
                                                  83559456.000 r
  U1245/Y (NAND2X1)                    929320.000 84488776.000 f
  U380/Y (INVX1)                       226112.000 84714888.000 r
  U381/Y (INVX1)                       646456.000 85361344.000 f
  U1246/Y (NAND2X1)                    1285984.000
                                                  86647328.000 r
  U1248/Y (NAND2X1)                    929304.000 87576632.000 f
  U402/Y (INVX1)                       235208.000 87811840.000 r
  U403/Y (INVX1)                       646680.000 88458520.000 f
  U1250/Y (NOR2X1)                     1157664.000
                                                  89616184.000 r
  U1252/Y (NAND2X1)                    928480.000 90544664.000 f
  U406/Y (INVX1)                       223216.000 90767880.000 r
  U407/Y (INVX1)                       646696.000 91414576.000 f
  U1254/Y (NAND2X1)                    918712.000 92333288.000 r
  U1255/Y (NOR2X1)                     1125400.000
                                                  93458688.000 f
  U1633/Y (INVX1)                      -253200.000
                                                  93205488.000 r
  U247/Y (AND2X1)                      2198104.000
                                                  95403592.000 r
  U248/Y (INVX1)                       707904.000 96111496.000 f
  U1674/Y (NOR2X1)                     1627624.000
                                                  97739120.000 r
  U1675/Y (INVX1)                      1007504.000
                                                  98746624.000 f
  U675/Y (XNOR2X1)                     4354112.000
                                                  103100736.000 r
  U676/Y (INVX1)                       823504.000 103924240.000 f
  U1693/Y (XOR2X1)                     4919056.000
                                                  108843296.000 r
  U573/Y (AND2X1)                      2173560.000
                                                  111016856.000 r
  U574/Y (INVX1)                       715896.000 111732752.000 f
  U294/Y (AND2X1)                      2458080.000
                                                  114190832.000 f
  U295/Y (INVX1)                       -229824.000
                                                  113961008.000 r
  U1695/Y (INVX1)                      651872.000 114612880.000 f
  U1696/Y (NAND2X1)                    924448.000 115537328.000 r
  U561/Y (AND2X1)                      1795392.000
                                                  117332720.000 r
  U562/Y (INVX1)                       715632.000 118048352.000 f
  U1699/Y (NAND2X1)                    1362952.000
                                                  119411304.000 r
  U1701/Y (INVX1)                      1116424.000
                                                  120527728.000 f
  U1702/Y (NAND2X1)                    924984.000 121452712.000 r
  U555/Y (AND2X1)                      1795392.000
                                                  123248104.000 r
  U556/Y (INVX1)                       715632.000 123963736.000 f
  U1712/Y (NAND2X1)                    1362952.000
                                                  125326688.000 r
  U1713/Y (INVX1)                      1096008.000
                                                  126422696.000 f
  U1716/Y (NAND2X1)                    924984.000 127347680.000 r
  U157/Y (AND2X1)                      2165472.000
                                                  129513152.000 r
  U158/Y (INVX1)                       718528.000 130231680.000 f
  U139/Y (AND2X1)                      2034872.000
                                                  132266552.000 f
  U140/Y (INVX1)                       -1299704.000
                                                  130966848.000 r
  U1719/Y (NAND2X1)                    1054832.000
                                                  132021680.000 f
  U1789/Y (AND2X1)                     1857768.000
                                                  133879448.000 f
  U1790/Y (XOR2X1)                     5486664.000
                                                  139366112.000 r
  U541/Y (AND2X1)                      2175360.000
                                                  141541472.000 r
  U542/Y (INVX1)                       715312.000 142256784.000 f
  U1791/Y (NAND2X1)                    924544.000 143181328.000 r
  U1796/Y (OR2X1)                      2340016.000
                                                  145521344.000 r
  U553/Y (AND2X1)                      1883552.000
                                                  147404896.000 r
  U554/Y (INVX1)                       715760.000 148120656.000 f
  U1799/Y (NAND2X1)                    924544.000 149045200.000 r
  U1804/Y (OR2X1)                      2340032.000
                                                  151385232.000 r
  U545/Y (AND2X1)                      1883552.000
                                                  153268784.000 r
  U546/Y (INVX1)                       715792.000 153984576.000 f
  U1807/Y (NAND2X1)                    1291584.000
                                                  155276160.000 r
  U1812/Y (OR2X1)                      2340016.000
                                                  157616176.000 r
  U1813/Y (NAND2X1)                    1045744.000
                                                  158661920.000 f
  out[0] (out)                            0.000   158661920.000 f
  data arrival time                               158661920.000

  clock clk (rise edge)                200000000.000
                                                  200000000.000
  clock network delay (ideal)             0.000   200000000.000
  output external delay                   0.000   200000000.000
  data required time                              200000000.000
  -----------------------------------------------------------
  data required time                              200000000.000
  data arrival time                               -158661920.000
  -----------------------------------------------------------
  slack (MET)                                     41338080.000


1
