Information: Updating design information... (UID-85)
 
****************************************
Report : qor
Design : top
Version: S-2021.06-SP2
Date   : Sun Dec 18 18:44:12 2022
****************************************


  Timing Path Group 'clk'
  -----------------------------------
  Levels of Logic:              93.00
  Critical Path Length:  148917312.00
  Critical Path Slack:    51082688.00
  Critical Path Clk Period:
                         200000000.00
  Total Negative Slack:          0.00
  No. of Violating Paths:        0.00
  Worst Hold Violation:          0.00
  Total Hold Violation:          0.00
  No. of Hold Violations:        0.00
  -----------------------------------


  Cell Count
  -----------------------------------
  Hierarchical Cell Count:          0
  Hierarchical Port Count:          0
  Leaf Cell Count:               1451
  Buf/Inv Cell Count:             501
  Buf Cell Count:                   0
  Inv Cell Count:                 501
  CT Buf/Inv Cell Count:            0
  Combinational Cell Count:      1451
  Sequential Cell Count:            0
  Macro Count:                      0
  -----------------------------------


  Area
  -----------------------------------
  Combinational Area:
                     518299823.000000
  Noncombinational Area:     0.000000
  Buf/Inv Area:      114438420.000000
  Total Buffer Area:             0.00
  Total Inverter Area:   114438420.00
  Macro/Black Box Area:      0.000000
  Net Area:                  0.000000
  -----------------------------------
  Cell Area:         518299823.000000
  Design Area:       518299823.000000


  Design Rules
  -----------------------------------
  Total Number of Nets:          1527
  Nets With Violations:          1451
  Max Trans Violations:          1451
  Max Cap Violations:               0
  -----------------------------------


  Hostname: leoforos

  Compile CPU Statistics
  -----------------------------------------
  Resource Sharing:                    0.53
  Logic Optimization:                  0.08
  Mapping Optimization:                1.12
  -----------------------------------------
  Overall Compile Time:                4.32
  Overall Compile Wall Clock Time:     4.66

  --------------------------------------------------------------------

  Design  WNS: 0.00  TNS: 0.00  Number of Violating Paths: 0


  Design (Hold)  WNS: 0.00  TNS: 0.00  Number of Violating Paths: 0

  --------------------------------------------------------------------


1
