****************************************
Report : Averaged Power
Design : top
Version: S-2021.06-SP1
Date   : Thu Dec 15 11:48:24 2022
****************************************



  Attributes
  ----------
      i  -  Including register clock pin internal power
      u  -  User defined power group

                        Internal  Switching  Leakage    Total
Power Group             Power     Power      Power      Power   (     %)  Attrs
--------------------------------------------------------------------------------
clock_network              0.0000    0.0000    0.0000    0.0000 ( 0.00%)  i
register                   0.0000    0.0000    0.0000    0.0000 ( 0.00%)  
combinational           8.818e-04 5.758e-06    0.0143    0.0152 (100.00%) 
sequential                 0.0000    0.0000    0.0000    0.0000 ( 0.00%)  
memory                     0.0000    0.0000    0.0000    0.0000 ( 0.00%)  
io_pad                     0.0000    0.0000    0.0000    0.0000 ( 0.00%)  
black_box                  0.0000    0.0000    0.0000    0.0000 ( 0.00%)  

  Net Switching Power  = 5.758e-06   ( 0.04%)
  Cell Internal Power  = 8.818e-04   ( 5.80%)
  Cell Leakage Power   =    0.0143   (94.16%)
                         ---------
Total Power            =    0.0152  (100.00%)

1
