 
****************************************
Report : timing
        -path full
        -delay max
        -max_paths 1
Design : top
Version: S-2021.06-SP2
Date   : Fri Dec 16 13:50:50 2022
****************************************

Operating Conditions: TT   Library: PPDK_Standard_Library_1.0V_25C_TYP_X1
Wire Load Model Mode: top

  Startpoint: inp[2] (input port clocked by clk)
  Endpoint: out[0] (output port clocked by clk)
  Path Group: clk
  Path Type: max

  Point                                    Incr       Path
  -----------------------------------------------------------
  clock clk (rise edge)                   0.000      0.000
  clock network delay (ideal)             0.000      0.000
  input external delay                    0.000      0.000 f
  inp[2] (in)                             0.000      0.000 f
  U1216/Y (INVX1)                      589083.375 589083.375 r
  U1217/Y (NAND2X1)                    1052478.500
                                                  1641561.875 f
  U1218/Y (NAND2X1)                    1752621.125
                                                  3394183.000 r
  U1232/Y (INVX1)                      1116205.000
                                                  4510388.000 f
  U1233/Y (NAND2X1)                    919351.500 5429739.500 r
  U1234/Y (NAND2X1)                    1128485.500
                                                  6558225.000 f
  U1236/Y (OR2X1)                      2092066.000
                                                  8650291.000 f
  U1251/Y (NAND2X1)                    1752551.000
                                                  10402842.000 r
  U1252/Y (NAND2X1)                    862476.000 11265318.000 f
  U1255/Y (NAND2X1)                    1345280.000
                                                  12610598.000 r
  U1258/Y (NAND2X1)                    1156110.000
                                                  13766708.000 f
  U1306/Y (NAND2X1)                    1404474.000
                                                  15171182.000 r
  U1307/Y (XOR2X1)                     4267402.000
                                                  19438584.000 f
  U1313/Y (XOR2X1)                     5411522.000
                                                  24850106.000 r
  U715/Y (AND2X1)                      1780030.000
                                                  26630136.000 r
  U716/Y (INVX1)                       707854.000 27337990.000 f
  U1350/Y (NAND2X1)                    1285788.000
                                                  28623778.000 r
  U1351/Y (NAND2X1)                    1127790.000
                                                  29751568.000 f
  U1366/Y (OR2X1)                      2092088.000
                                                  31843656.000 f
  U1367/Y (NAND2X1)                    1421212.000
                                                  33264868.000 r
  U1368/Y (NAND2X1)                    1162544.000
                                                  34427412.000 f
  U1372/Y (OR2X1)                      2090540.000
                                                  36517952.000 f
  U1378/Y (AND2X1)                     2244268.000
                                                  38762220.000 f
  U1379/Y (XOR2X1)                     5485948.000
                                                  44248168.000 r
  U1382/Y (NAND2X1)                    846776.000 45094944.000 f
  U1383/Y (NAND2X1)                    1748036.000
                                                  46842980.000 r
  U481/Y (INVX1)                       1109520.000
                                                  47952500.000 f
  U482/Y (INVX1)                       457292.000 48409792.000 r
  U559/Y (AND2X1)                      1879388.000
                                                  50289180.000 r
  U560/Y (INVX1)                       739248.000 51028428.000 f
  U839/Y (INVX1)                       559028.000 51587456.000 r
  U1752/Y (NOR2X1)                     463712.000 52051168.000 f
  U1757/Y (XOR2X1)                     5412584.000
                                                  57463752.000 r
  U1761/Y (XOR2X1)                     4329496.000
                                                  61793248.000 f
  U1765/Y (XOR2X1)                     5410408.000
                                                  67203656.000 r
  U1767/Y (INVX1)                      1271376.000
                                                  68475032.000 f
  U1768/Y (NAND2X1)                    1289680.000
                                                  69764712.000 r
  U1777/Y (NAND2X1)                    1127736.000
                                                  70892448.000 f
  U1778/Y (XOR2X1)                     5292864.000
                                                  76185312.000 r
  U1790/Y (NAND2X1)                    849160.000 77034472.000 f
  U1791/Y (NAND2X1)                    1399384.000
                                                  78433856.000 r
  U1792/Y (NAND2X1)                    1156944.000
                                                  79590800.000 f
  U1794/Y (OR2X1)                      2090800.000
                                                  81681600.000 f
  U1795/Y (NAND2X1)                    1752544.000
                                                  83434144.000 r
  U1799/Y (AND2X1)                     791552.000 84225696.000 r
  U1801/Y (NAND2X1)                    850648.000 85076344.000 f
  U1802/Y (NAND2X1)                    1385312.000
                                                  86461656.000 r
  U773/Y (XNOR2X1)                     5377384.000
                                                  91839040.000 r
  U342/Y (AND2X1)                      2170216.000
                                                  94009256.000 r
  U343/Y (INVX1)                       716984.000 94726240.000 f
  U2044/Y (NAND2X1)                    918864.000 95645104.000 r
  U308/Y (AND2X1)                      1798496.000
                                                  97443600.000 r
  U309/Y (INVX1)                       724984.000 98168584.000 f
  U2045/Y (NAND2X1)                    1296624.000
                                                  99465208.000 r
  U717/Y (AND2X1)                      2173664.000
                                                  101638872.000 r
  U718/Y (INVX1)                       715856.000 102354728.000 f
  U2052/Y (NAND2X1)                    1752760.000
                                                  104107488.000 r
  U2053/Y (INVX1)                      1216872.000
                                                  105324360.000 f
  U2054/Y (NAND2X1)                    1283880.000
                                                  106608240.000 r
  U2056/Y (NAND2X1)                    848008.000 107456248.000 f
  U561/Y (AND2X1)                      2045120.000
                                                  109501368.000 f
  U501/Y (INVX1)                       -319872.000
                                                  109181496.000 r
  U834/Y (INVX1)                       667400.000 109848896.000 f
  U562/Y (INVX1)                       481176.000 110330072.000 r
  U2071/Y (NAND2X1)                    1055304.000
                                                  111385376.000 f
  U2073/Y (NAND2X1)                    1345240.000
                                                  112730616.000 r
  U2074/Y (NAND2X1)                    1234592.000
                                                  113965208.000 f
  U2075/Y (NAND2X1)                    1395304.000
                                                  115360512.000 r
  U2078/Y (NAND2X1)                    866080.000 116226592.000 f
  U2082/Y (NAND2X1)                    885368.000 117111960.000 r
  U2085/Y (OR2X1)                      2561304.000
                                                  119673264.000 r
  U2090/Y (NAND2X1)                    799192.000 120472456.000 f
  U2092/Y (NAND2X1)                    885368.000 121357824.000 r
  U2093/Y (OR2X1)                      2595080.000
                                                  123952904.000 r
  U2095/Y (NAND2X1)                    804864.000 124757768.000 f
  U2097/Y (NAND2X1)                    1343768.000
                                                  126101536.000 r
  U2098/Y (INVX1)                      1116472.000
                                                  127218008.000 f
  U2101/Y (NAND2X1)                    919344.000 128137352.000 r
  U2104/Y (NAND2X1)                    848344.000 128985696.000 f
  U2106/Y (NAND2X1)                    885344.000 129871040.000 r
  U2107/Y (OR2X1)                      2581928.000
                                                  132452968.000 r
  U2110/Y (NAND2X1)                    804864.000 133257832.000 f
  U2112/Y (NAND2X1)                    883072.000 134140904.000 r
  U2118/Y (NAND2X1)                    930872.000 135071776.000 f
  U2119/Y (NAND2X1)                    1395328.000
                                                  136467104.000 r
  U2122/Y (NAND2X1)                    866080.000 137333184.000 f
  U555/Y (AND2X1)                      2044144.000
                                                  139377328.000 f
  U500/Y (INVX1)                       -319760.000
                                                  139057568.000 r
  U2126/Y (INVX1)                      667904.000 139725472.000 f
  U556/Y (INVX1)                       487344.000 140212816.000 r
  U2500/Y (NAND2X1)                    804208.000 141017024.000 f
  U723/Y (AND2X1)                      2444560.000
                                                  143461584.000 f
  U724/Y (INVX1)                       -1281408.000
                                                  142180176.000 r
  U2501/Y (NOR2X1)                     549440.000 142729616.000 f
  U2505/Y (NOR2X1)                     1185568.000
                                                  143915184.000 r
  U2510/Y (NAND2X1)                    834384.000 144749568.000 f
  U2512/Y (NAND2X1)                    1341872.000
                                                  146091440.000 r
  U2513/Y (INVX1)                      1116224.000
                                                  147207664.000 f
  U2519/Y (NAND2X1)                    919344.000 148127008.000 r
  U2524/Y (NAND2X1)                    848096.000 148975104.000 f
  U2526/Y (NAND2X1)                    1341904.000
                                                  150317008.000 r
  U2527/Y (INVX1)                      1095936.000
                                                  151412944.000 f
  U2528/Y (NAND2X1)                    1284304.000
                                                  152697248.000 r
  U2532/Y (NAND2X1)                    848080.000 153545328.000 f
  U2534/Y (NAND2X1)                    1341824.000
                                                  154887152.000 r
  U2535/Y (INVX1)                      1096448.000
                                                  155983600.000 f
  U2540/Y (NAND2X1)                    919312.000 156902912.000 r
  U2544/Y (NAND2X1)                    848096.000 157751008.000 f
  U2546/Y (NAND2X1)                    879280.000 158630288.000 r
  U2547/Y (NAND2X1)                    1156080.000
                                                  159786368.000 f
  U2549/Y (NAND2X1)                    879280.000 160665648.000 r
  U2550/Y (NAND2X1)                    1127744.000
                                                  161793392.000 f
  U2551/Y (OR2X1)                      2088976.000
                                                  163882368.000 f
  U2553/Y (NAND2X1)                    871952.000 164754320.000 r
  U557/Y (AND2X1)                      1868496.000
                                                  166622816.000 r
  U2755/Y (NAND2X1)                    838880.000 167461696.000 f
  U2756/Y (NAND2X1)                    1380480.000
                                                  168842176.000 r
  U2757/Y (NOR2X1)                     -290016.000
                                                  168552160.000 f
  U2759/Y (NAND2X1)                    886528.000 169438688.000 r
  U2763/Y (OR2X1)                      2562912.000
                                                  172001600.000 r
  U2767/Y (NAND2X1)                    797424.000 172799024.000 f
  U2769/Y (NAND2X1)                    885504.000 173684528.000 r
  U2774/Y (OR2X1)                      2606448.000
                                                  176290976.000 r
  U2778/Y (NAND2X1)                    797424.000 177088400.000 f
  U2780/Y (NAND2X1)                    885184.000 177973584.000 r
  U2784/Y (OR2X1)                      2605456.000
                                                  180579040.000 r
  U2788/Y (NAND2X1)                    797424.000 181376464.000 f
  U2790/Y (NAND2X1)                    885184.000 182261648.000 r
  U2795/Y (OR2X1)                      2605504.000
                                                  184867152.000 r
  U2796/Y (NAND2X1)                    1044480.000
                                                  185911632.000 f
  U2797/Y (NAND2X1)                    1379344.000
                                                  187290976.000 r
  U2799/Y (NAND2X1)                    864368.000 188155344.000 f
  U2800/Y (OR2X1)                      2087696.000
                                                  190243040.000 f
  U2803/Y (NAND2X1)                    871952.000 191114992.000 r
  U2806/Y (NAND2X1)                    866928.000 191981920.000 f
  U2808/Y (NOR2X1)                     1196928.000
                                                  193178848.000 r
  U2809/Y (NOR2X1)                     98912.000  193277760.000 f
  U2810/Y (NAND2X1)                    883056.000 194160816.000 r
  U823/Y (AND2X1)                      1809888.000
                                                  195970704.000 r
  U358/Y (AND2X1)                      2181024.000
                                                  198151728.000 r
  U359/Y (INVX1)                       713456.000 198865184.000 f
  U2818/Y (NAND2X1)                    918864.000 199784048.000 r
  U2823/Y (NAND2X1)                    864368.000 200648416.000 f
  out[0] (out)                            0.000   200648416.000 f
  data arrival time                               200648416.000

  clock clk (rise edge)                250000000.000
                                                  250000000.000
  clock network delay (ideal)             0.000   250000000.000
  output external delay                   0.000   250000000.000
  data required time                              250000000.000
  -----------------------------------------------------------
  data required time                              250000000.000
  data arrival time                               -200648416.000
  -----------------------------------------------------------
  slack (MET)                                     49351584.000


1
