 
****************************************
Report : timing
        -path full
        -delay max
        -max_paths 1
Design : top
Version: S-2021.06-SP2
Date   : Fri Dec 16 16:33:35 2022
****************************************

Operating Conditions: TT   Library: PPDK_Standard_Library_0.8V_25C_TYP_X1
Wire Load Model Mode: top

  Startpoint: inp[29] (input port clocked by clk)
  Endpoint: out[0] (output port clocked by clk)
  Path Group: clk
  Path Type: max

  Point                                    Incr       Path
  -----------------------------------------------------------
  clock clk (rise edge)                   0.000      0.000
  clock network delay (ideal)             0.000      0.000
  input external delay                    0.000      0.000 f
  inp[29] (in)                            0.000      0.000 f
  U1392/Y (XOR2X1)                     5930368.000
                                                  5930368.000 r
  U380/Y (XNOR2X1)                     6627640.000
                                                  12558008.000 r
  U601/Y (INVX1)                       1046255.000
                                                  13604263.000 f
  U1423/Y (NOR2X1)                     1064696.000
                                                  14668959.000 r
  U1424/Y (OR2X1)                      4410743.000
                                                  19079702.000 r
  U1425/Y (NAND2X1)                    1370316.000
                                                  20450018.000 f
  U1426/Y (XOR2X1)                     6276968.000
                                                  26726986.000 r
  U238/Y (XNOR2X1)                     7181510.000
                                                  33908496.000 r
  U239/Y (INVX1)                       1095088.000
                                                  35003584.000 f
  U398/Y (XNOR2X1)                     7361732.000
                                                  42365316.000 f
  U399/Y (INVX1)                       -1294148.000
                                                  41071168.000 r
  U260/Y (XNOR2X1)                     6619356.000
                                                  47690524.000 r
  U261/Y (INVX1)                       1036072.000
                                                  48726596.000 f
  U1480/Y (INVX1)                      393956.000 49120552.000 r
  U1481/Y (NAND2X1)                    1015920.000
                                                  50136472.000 f
  U1482/Y (NAND2X1)                    1165196.000
                                                  51301668.000 r
  U1483/Y (NAND2X1)                    2141088.000
                                                  53442756.000 f
  U1487/Y (NAND2X1)                    836800.000 54279556.000 r
  U1488/Y (NAND2X1)                    1448632.000
                                                  55728188.000 f
  U1505/Y (XOR2X1)                     4872076.000
                                                  60600264.000 r
  U1506/Y (XOR2X1)                     6322080.000
                                                  66922344.000 f
  U1507/Y (NAND2X1)                    1189304.000
                                                  68111648.000 r
  U220/Y (AND2X1)                      2801584.000
                                                  70913232.000 r
  U330/Y (INVX1)                       840064.000 71753296.000 f
  U1794/Y (XOR2X1)                     6273968.000
                                                  78027264.000 r
  U2135/Y (XOR2X1)                     6460784.000
                                                  84488048.000 f
  U2136/Y (XOR2X1)                     6270472.000
                                                  90758520.000 r
  U2258/Y (INVX1)                      1404824.000
                                                  92163344.000 f
  U2313/Y (NAND2X1)                    807384.000 92970728.000 r
  U2314/Y (NAND2X1)                    2198552.000
                                                  95169280.000 f
  U2315/Y (NAND2X1)                    1183472.000
                                                  96352752.000 r
  U2317/Y (OR2X1)                      5210352.000
                                                  101563104.000 r
  U2318/Y (NAND2X1)                    1683656.000
                                                  103246760.000 f
  U2319/Y (NAND2X1)                    1182520.000
                                                  104429280.000 r
  U2321/Y (OR2X1)                      5272072.000
                                                  109701352.000 r
  U2322/Y (NAND2X1)                    1361000.000
                                                  111062352.000 f
  U2323/Y (NAND2X1)                    1183848.000
                                                  112246200.000 r
  U2326/Y (OR2X1)                      5186848.000
                                                  117433048.000 r
  U2327/Y (NAND2X1)                    1472896.000
                                                  118905944.000 f
  U2328/Y (NAND2X1)                    1177936.000
                                                  120083880.000 r
  U2331/Y (NAND2X1)                    1049184.000
                                                  121133064.000 f
  U2332/Y (NAND2X1)                    1183392.000
                                                  122316456.000 r
  U2334/Y (OR2X1)                      5215848.000
                                                  127532304.000 r
  U2335/Y (NAND2X1)                    1361000.000
                                                  128893304.000 f
  U2336/Y (NAND2X1)                    1177192.000
                                                  130070496.000 r
  U2465/Y (XOR2X1)                     6038880.000
                                                  136109376.000 f
  U2466/Y (NAND2X1)                    1171472.000
                                                  137280848.000 r
  U2467/Y (NAND2X1)                    2066416.000
                                                  139347264.000 f
  U391/Y (AND2X1)                      2338912.000
                                                  141686176.000 f
  U2524/Y (NAND2X1)                    1168864.000
                                                  142855040.000 r
  U2525/Y (NAND2X1)                    2096560.000
                                                  144951600.000 f
  U2531/Y (NAND2X1)                    836864.000 145788464.000 r
  U2532/Y (NAND2X1)                    2206352.000
                                                  147994816.000 f
  U2535/Y (NAND2X1)                    836304.000 148831120.000 r
  U2536/Y (NAND2X1)                    2161328.000
                                                  150992448.000 f
  U2539/Y (NAND2X1)                    836864.000 151829312.000 r
  U2540/Y (NAND2X1)                    2142016.000
                                                  153971328.000 f
  U2543/Y (NAND2X1)                    836864.000 154808192.000 r
  U2544/Y (NAND2X1)                    2142016.000
                                                  156950208.000 f
  U2547/Y (NAND2X1)                    836864.000 157787072.000 r
  U2548/Y (NAND2X1)                    2142016.000
                                                  159929088.000 f
  U2551/Y (NAND2X1)                    836864.000 160765952.000 r
  U2552/Y (NAND2X1)                    1476672.000
                                                  162242624.000 f
  U2553/Y (INVX1)                      -658144.000
                                                  161584480.000 r
  U2554/Y (NAND2X1)                    1410288.000
                                                  162994768.000 f
  U2557/Y (NAND2X1)                    1318320.000
                                                  164313088.000 r
  U312/Y (INVX1)                       1322784.000
                                                  165635872.000 f
  U313/Y (INVX1)                       937360.000 166573232.000 r
  U2558/Y (INVX1)                      700592.000 167273824.000 f
  U2588/Y (NAND2X1)                    807808.000 168081632.000 r
  U2589/Y (NAND2X1)                    2132976.000
                                                  170214608.000 f
  U2594/Y (NAND2X1)                    836368.000 171050976.000 r
  U2595/Y (NAND2X1)                    2206352.000
                                                  173257328.000 f
  U2598/Y (NAND2X1)                    836304.000 174093632.000 r
  U2599/Y (NAND2X1)                    2161328.000
                                                  176254960.000 f
  U2602/Y (NAND2X1)                    836864.000 177091824.000 r
  U2620/Y (NAND2X1)                    1048592.000
                                                  178140416.000 f
  U2625/Y (AND2X1)                     2054976.000
                                                  180195392.000 f
  U2628/Y (NAND2X1)                    839056.000 181034448.000 r
  U2629/Y (NAND2X1)                    2142016.000
                                                  183176464.000 f
  U2632/Y (NAND2X1)                    836864.000 184013328.000 r
  U2633/Y (NAND2X1)                    2142016.000
                                                  186155344.000 f
  U2636/Y (NAND2X1)                    1323808.000
                                                  187479152.000 r
  U328/Y (INVX1)                       1326032.000
                                                  188805184.000 f
  U329/Y (INVX1)                       937328.000 189742512.000 r
  U2637/Y (INVX1)                      699952.000 190442464.000 f
  U2912/Y (NAND2X1)                    807760.000 191250224.000 r
  U2913/Y (NAND2X1)                    2141680.000
                                                  193391904.000 f
  U2917/Y (NAND2X1)                    836384.000 194228288.000 r
  U2918/Y (NAND2X1)                    2147824.000
                                                  196376112.000 f
  U2919/Y (NAND2X1)                    1171760.000
                                                  197547872.000 r
  U2927/Y (OR2X1)                      5170288.000
                                                  202718160.000 r
  U2928/Y (NAND2X1)                    1361008.000
                                                  204079168.000 f
  U2929/Y (NAND2X1)                    1171776.000
                                                  205250944.000 r
  U2934/Y (OR2X1)                      5169632.000
                                                  210420576.000 r
  U2935/Y (NAND2X1)                    1361008.000
                                                  211781584.000 f
  U2936/Y (NAND2X1)                    1171776.000
                                                  212953360.000 r
  U2944/Y (OR2X1)                      5169600.000
                                                  218122960.000 r
  U2945/Y (NAND2X1)                    1361008.000
                                                  219483968.000 f
  U2946/Y (NAND2X1)                    1171776.000
                                                  220655744.000 r
  U2954/Y (OR2X1)                      5169600.000
                                                  225825344.000 r
  U2955/Y (NAND2X1)                    1361008.000
                                                  227186352.000 f
  U2956/Y (NAND2X1)                    1171760.000
                                                  228358112.000 r
  U2959/Y (NAND2X1)                    2153760.000
                                                  230511872.000 f
  U2960/Y (NAND2X1)                    1171824.000
                                                  231683696.000 r
  U2965/Y (NOR2X1)                     959552.000 232643248.000 f
  U2969/Y (OR2X1)                      2420928.000
                                                  235064176.000 f
  U2970/Y (NAND2X1)                    1626304.000
                                                  236690480.000 r
  U2981/Y (NAND2X1)                    2546256.000
                                                  239236736.000 f
  U2983/Y (NAND2X1)                    836272.000 240073008.000 r
  U2984/Y (NAND2X1)                    2169984.000
                                                  242242992.000 f
  out[0] (out)                            0.000   242242992.000 f
  data arrival time                               242242992.000

  clock clk (rise edge)                250000000.000
                                                  250000000.000
  clock network delay (ideal)             0.000   250000000.000
  output external delay                   0.000   250000000.000
  data required time                              250000000.000
  -----------------------------------------------------------
  data required time                              250000000.000
  data arrival time                               -242242992.000
  -----------------------------------------------------------
  slack (MET)                                     7757008.000


1
