 
****************************************
Report : timing
        -path full
        -delay max
        -max_paths 1
Design : top
Version: S-2021.06-SP2
Date   : Fri Dec 16 15:59:37 2022
****************************************

Operating Conditions: TT   Library: PPDK_Standard_Library_1.0V_25C_TYP_X1
Wire Load Model Mode: top

  Startpoint: inp[0] (input port clocked by clk)
  Endpoint: out[0] (output port clocked by clk)
  Path Group: clk
  Path Type: max

  Point                                    Incr       Path
  -----------------------------------------------------------
  clock clk (rise edge)                   0.000      0.000
  clock network delay (ideal)             0.000      0.000
  input external delay                    0.000      0.000 f
  inp[0] (in)                             0.000      0.000 f
  U1697/Y (INVX1)                      595487.000 595487.000 r
  U1305/Y (AND2X1)                     2200685.500
                                                  2796172.500 r
  U1306/Y (INVX1)                      713059.250 3509231.750 f
  U2026/Y (NAND2X1)                    924435.250 4433667.000 r
  U901/Y (AND2X1)                      2167126.000
                                                  6600793.000 r
  U1294/Y (INVX1)                      718867.000 7319660.000 f
  U2034/Y (NAND2X1)                    918683.000 8238343.000 r
  U2035/Y (NAND2X1)                    1128561.000
                                                  9366904.000 f
  U2037/Y (XOR2X1)                     3065609.000
                                                  12432513.000 f
  U2045/Y (XOR2X1)                     5749245.000
                                                  18181758.000 r
  U946/Y (AND2X1)                      2175638.000
                                                  20357396.000 r
  U947/Y (INVX1)                       715218.000 21072614.000 f
  U802/Y (AND2X1)                      2458080.000
                                                  23530694.000 f
  U803/Y (INVX1)                       -217640.000
                                                  23313054.000 r
  U2046/Y (INVX1)                      656804.000 23969858.000 f
  U2047/Y (NAND2X1)                    1285812.000
                                                  25255670.000 r
  U2049/Y (NAND2X1)                    850406.000 26106076.000 f
  U2050/Y (XOR2X1)                     5945064.000
                                                  32051140.000 r
  U2051/Y (INVX1)                      1271370.000
                                                  33322510.000 f
  U2052/Y (NAND2X1)                    1289682.000
                                                  34612192.000 r
  U2053/Y (NAND2X1)                    1127740.000
                                                  35739932.000 f
  U2060/Y (XOR2X1)                     5293600.000
                                                  41033532.000 r
  U2061/Y (XOR2X1)                     4335504.000
                                                  45369036.000 f
  U2065/Y (XOR2X1)                     5733084.000
                                                  51102120.000 r
  U2066/Y (XOR2X1)                     4744812.000
                                                  55846932.000 f
  U2067/Y (XOR2X1)                     5083972.000
                                                  60930904.000 r
  U2143/Y (XOR2X1)                     4657904.000
                                                  65588808.000 f
  U2148/Y (XOR2X1)                     5996568.000
                                                  71585376.000 r
  U2169/Y (OR2X1)                      2272768.000
                                                  73858144.000 r
  U2170/Y (NAND2X1)                    1049416.000
                                                  74907560.000 f
  U2171/Y (NAND2X1)                    1752624.000
                                                  76660184.000 r
  U2174/Y (INVX1)                      1116816.000
                                                  77777000.000 f
  U2175/Y (NAND2X1)                    924984.000 78701984.000 r
  U2178/Y (AND2X1)                     761288.000 79463272.000 r
  U2179/Y (NOR2X1)                     1084928.000
                                                  80548200.000 f
  U2199/Y (NAND2X1)                    895792.000 81443992.000 r
  U2200/Y (NAND2X1)                    1154848.000
                                                  82598840.000 f
  U2201/Y (NAND2X1)                    1404616.000
                                                  84003456.000 r
  U2211/Y (OR2X1)                      2592824.000
                                                  86596280.000 r
  U2214/Y (NAND2X1)                    799736.000 87396016.000 f
  U2216/Y (AND2X1)                     1853240.000
                                                  89249256.000 f
  U2218/Y (NAND2X1)                    868552.000 90117808.000 r
  U2223/Y (OR2X1)                      2606640.000
                                                  92724448.000 r
  U2225/Y (NAND2X1)                    804776.000 93529224.000 f
  U2226/Y (NOR2X1)                     1640464.000
                                                  95169688.000 r
  U2432/Y (NAND2X1)                    858392.000 96028080.000 f
  U1295/Y (AND2X1)                     2453016.000
                                                  98481096.000 f
  U1296/Y (INVX1)                      -1266344.000
                                                  97214752.000 r
  U791/Y (XNOR2X1)                     5848744.000
                                                  103063496.000 r
  U792/Y (INVX1)                       822856.000 103886352.000 f
  U3214/Y (NAND2X1)                    918752.000 104805104.000 r
  U3215/Y (NAND2X1)                    1158464.000
                                                  105963568.000 f
  U3217/Y (XOR2X1)                     5353864.000
                                                  111317432.000 r
  U3218/Y (INVX1)                      1253720.000
                                                  112571152.000 f
  U3219/Y (NAND2X1)                    1289736.000
                                                  113860888.000 r
  U3313/Y (NAND2X1)                    848312.000 114709200.000 f
  U3314/Y (NAND2X1)                    1757048.000
                                                  116466248.000 r
  U3356/Y (INVX1)                      1101072.000
                                                  117567320.000 f
  U3357/Y (NAND2X1)                    919336.000 118486656.000 r
  U3358/Y (AND2X1)                     2750872.000
                                                  121237528.000 r
  U3359/Y (XOR2X1)                     4721504.000
                                                  125959032.000 f
  U3360/Y (XOR2X1)                     5975184.000
                                                  131934216.000 r
  U3361/Y (XOR2X1)                     4225800.000
                                                  136160016.000 f
  U3362/Y (XOR2X1)                     5728368.000
                                                  141888384.000 r
  U3365/Y (XOR2X1)                     4343376.000
                                                  146231760.000 f
  U3367/Y (XOR2X1)                     5410448.000
                                                  151642208.000 r
  U1000/Y (AND2X1)                     1780064.000
                                                  153422272.000 r
  U1001/Y (INVX1)                      718528.000 154140800.000 f
  U3371/Y (NAND2X1)                    1752768.000
                                                  155893568.000 r
  U3372/Y (INVX1)                      1216880.000
                                                  157110448.000 f
  U902/Y (AND2X1)                      2034704.000
                                                  159145152.000 f
  U903/Y (INVX1)                       -1395744.000
                                                  157749408.000 r
  U910/Y (AND2X1)                      1881968.000
                                                  159631376.000 r
  U911/Y (INVX1)                       715616.000 160346992.000 f
  U3396/Y (NAND2X1)                    918816.000 161265808.000 r
  U3398/Y (NAND2X1)                    863664.000 162129472.000 f
  U3405/Y (NAND2X1)                    883024.000 163012496.000 r
  U3408/Y (NAND2X1)                    866432.000 163878928.000 f
  U869/Y (NAND2X1)                     1378064.000
                                                  165256992.000 r
  U3415/Y (NAND2X1)                    862128.000 166119120.000 f
  U3416/Y (NAND2X1)                    1752608.000
                                                  167871728.000 r
  U3420/Y (NAND2X1)                    865744.000 168737472.000 f
  U3435/Y (NAND2X1)                    885104.000 169622576.000 r
  U3446/Y (NAND2X1)                    863712.000 170486288.000 f
  U3447/Y (NAND2X1)                    879360.000 171365648.000 r
  U3448/Y (NAND2X1)                    1129296.000
                                                  172494944.000 f
  U3449/Y (NAND2X1)                    1395296.000
                                                  173890240.000 r
  U3451/Y (NAND2X1)                    866912.000 174757152.000 f
  U3454/Y (OR2X1)                      2087712.000
                                                  176844864.000 f
  U3457/Y (NAND2X1)                    871952.000 177716816.000 r
  U3459/Y (NAND2X1)                    866704.000 178583520.000 f
  U3460/Y (NOR2X1)                     1196592.000
                                                  179780112.000 r
  U3465/Y (OR2X1)                      2133648.000
                                                  181913760.000 r
  U3467/Y (NAND2X1)                    802544.000 182716304.000 f
  U3474/Y (OR2X1)                      2087664.000
                                                  184803968.000 f
  U3475/Y (NAND2X1)                    1752544.000
                                                  186556512.000 r
  U3476/Y (INVX1)                      1069488.000
                                                  187626000.000 f
  U3477/Y (NAND2X1)                    1284384.000
                                                  188910384.000 r
  U3479/Y (NAND2X1)                    848080.000 189758464.000 f
  U691/Y (AND2X1)                      2045136.000
                                                  191803600.000 f
  U692/Y (INVX1)                       -236096.000
                                                  191567504.000 r
  U1320/Y (INVX1)                      688592.000 192256096.000 f
  U3492/Y (NAND2X1)                    1286832.000
                                                  193542928.000 r
  U3493/Y (NAND2X1)                    1231856.000
                                                  194774784.000 f
  U3498/Y (NOR2X1)                     1195104.000
                                                  195969888.000 r
  U3502/Y (NOR2X1)                     101600.000 196071488.000 f
  U3507/Y (NAND2X1)                    880256.000 196951744.000 r
  U3509/Y (NAND2X1)                    930976.000 197882720.000 f
  U3510/Y (NAND2X1)                    1395328.000
                                                  199278048.000 r
  U3515/Y (NAND2X1)                    866080.000 200144128.000 f
  U3519/Y (NAND2X1)                    1341792.000
                                                  201485920.000 r
  U585/Y (INVX1)                       1116608.000
                                                  202602528.000 f
  U586/Y (NAND2X1)                     1290192.000
                                                  203892720.000 r
  U3520/Y (NAND2X1)                    848384.000 204741104.000 f
  U3522/Y (AND2X1)                     1854512.000
                                                  206595616.000 f
  U3528/Y (NAND2X1)                    862864.000 207458480.000 r
  U3533/Y (NAND2X1)                    848128.000 208306608.000 f
  U569/Y (NAND2X1)                     1752592.000
                                                  210059200.000 r
  U3538/Y (INVX1)                      1096608.000
                                                  211155808.000 f
  U3539/Y (NAND2X1)                    1284304.000
                                                  212440112.000 r
  U3544/Y (NAND2X1)                    848080.000 213288192.000 f
  U3546/Y (NAND2X1)                    887776.000 214175968.000 r
  U3547/Y (NOR2X1)                     -330864.000
                                                  213845104.000 f
  U3551/Y (OR2X1)                      2088240.000
                                                  215933344.000 f
  U3553/Y (NAND2X1)                    1337936.000
                                                  217271280.000 r
  U591/Y (INVX1)                       1095632.000
                                                  218366912.000 f
  U592/Y (NAND2X1)                     1284304.000
                                                  219651216.000 r
  U882/Y (NAND2X1)                     1232272.000
                                                  220883488.000 f
  U3566/Y (NAND2X1)                    880688.000 221764176.000 r
  U3567/Y (NAND2X1)                    1127392.000
                                                  222891568.000 f
  U3579/Y (NAND2X1)                    1342784.000
                                                  224234352.000 r
  U3587/Y (INVX1)                      1101472.000
                                                  225335824.000 f
  U3588/Y (NOR2X1)                     1157040.000
                                                  226492864.000 r
  U3589/Y (NAND2X1)                    1104128.000
                                                  227596992.000 f
  U563/Y (NAND2X1)                     1390560.000
                                                  228987552.000 r
  U562/Y (NAND2X1)                     865312.000 229852864.000 f
  U3591/Y (NAND2X1)                    885264.000 230738128.000 r
  U3595/Y (OR2X1)                      2655856.000
                                                  233393984.000 r
  U3600/Y (NAND2X1)                    799104.000 234193088.000 f
  U3612/Y (NAND2X1)                    879632.000 235072720.000 r
  U3613/Y (NAND2X1)                    1235008.000
                                                  236307728.000 f
  U940/Y (AND2X1)                      2439424.000
                                                  238747152.000 f
  U941/Y (INVX1)                       -1307824.000
                                                  237439328.000 r
  U3617/Y (NAND2X1)                    800464.000 238239792.000 f
  U3621/Y (NAND2X1)                    879264.000 239119056.000 r
  U3625/Y (NAND2X1)                    866816.000 239985872.000 f
  U3627/Y (NOR2X1)                     1196944.000
                                                  241182816.000 r
  U3629/Y (NAND2X1)                    834576.000 242017392.000 f
  U3632/Y (NAND2X1)                    879344.000 242896736.000 r
  U1313/Y (AND2X1)                     1807664.000
                                                  244704400.000 r
  U593/Y (AND2X1)                      1835328.000
                                                  246539728.000 r
  U594/Y (INVX1)                       715568.000 247255296.000 f
  U3640/Y (NAND2X1)                    918864.000 248174160.000 r
  U3645/Y (NAND2X1)                    865968.000 249040128.000 f
  out[0] (out)                            0.000   249040128.000 f
  data arrival time                               249040128.000

  clock clk (rise edge)                250000000.000
                                                  250000000.000
  clock network delay (ideal)             0.000   250000000.000
  output external delay                   0.000   250000000.000
  data required time                              250000000.000
  -----------------------------------------------------------
  data required time                              250000000.000
  data arrival time                               -249040128.000
  -----------------------------------------------------------
  slack (MET)                                     959872.000


1
