 
****************************************
Report : area
Design : top
Version: S-2021.06-SP2
Date   : Tue Nov 29 15:24:20 2022
****************************************

Library(s) Used:

    PPDK_Standard_Library_1.0V_25C_TYP_X1 (File: /home/akokkinis/synLibs/egfet/db/EGFET_1.0V.db)

Number of ports:                           52
Number of nets:                          3753
Number of cells:                         3705
Number of combinational cells:           3705
Number of sequential cells:                 0
Number of macros/black boxes:               0
Number of buf/inv:                        840
Number of references:                       7

Combinational area:         1498075819.000000
Buf/Inv area:                191872800.000000
Noncombinational area:               0.000000
Macro/Black Box area:                0.000000
Net Interconnect area:      undefined  (No wire load specified)

Total cell area:            1498075819.000000
Total area:                 undefined
1
