 
****************************************
Report : timing
        -path full
        -delay max
        -max_paths 1
Design : top
Version: S-2021.06-SP2
Date   : Tue Nov 29 16:51:41 2022
****************************************

Operating Conditions: TT   Library: PPDK_Standard_Library_1.0V_25C_TYP_X1
Wire Load Model Mode: top

  Startpoint: inp[9] (input port clocked by clk)
  Endpoint: out[0] (output port clocked by clk)
  Path Group: clk
  Path Type: max

  Point                                    Incr       Path
  -----------------------------------------------------------
  clock clk (rise edge)                   0.000      0.000
  clock network delay (ideal)             0.000      0.000
  input external delay                    0.000      0.000 f
  inp[9] (in)                             0.000      0.000 f
  U1047/Y (INVX1)                      595463.062 595463.062 r
  U817/Y (AND2X1)                      2200686.500
                                                  2796149.500 r
  U818/Y (INVX1)                       712836.750 3508986.250 f
  U1137/Y (NAND2X1)                    1362925.750
                                                  4871912.000 r
  U1138/Y (NAND2X1)                    1233852.500
                                                  6105764.500 f
  U425/Y (INVX1)                       223178.500 6328943.000 r
  U426/Y (INVX1)                       646699.500 6975642.500 f
  U1175/Y (NAND2X1)                    1286123.000
                                                  8261765.500 r
  U1176/Y (NAND2X1)                    848369.500 9110135.000 f
  U381/Y (AND2X1)                      2044142.000
                                                  11154277.000 f
  U382/Y (INVX1)                       -294680.000
                                                  10859597.000 r
  U1199/Y (INVX1)                      657425.000 11517022.000 f
  U1243/Y (XOR2X1)                     5587856.000
                                                  17104878.000 r
  U1244/Y (XOR2X1)                     4755962.000
                                                  21860840.000 f
  U1258/Y (XOR2X1)                     5741556.000
                                                  27602396.000 r
  U919/Y (XNOR2X1)                     5705370.000
                                                  33307766.000 r
  U1300/Y (XOR2X1)                     4301546.000
                                                  37609312.000 f
  U1304/Y (NAND2X1)                    1312736.000
                                                  38922048.000 r
  U663/Y (INVX1)                       977964.000 39900012.000 f
  U664/Y (INVX1)                       445368.000 40345380.000 r
  U1305/Y (NAND2X1)                    1056048.000
                                                  41401428.000 f
  U1314/Y (XOR2X1)                     5390164.000
                                                  46791592.000 r
  U322/Y (AND2X1)                      1821380.000
                                                  48612972.000 r
  U323/Y (INVX1)                       716360.000 49329332.000 f
  U1315/Y (NAND2X1)                    1368476.000
                                                  50697808.000 r
  U1319/Y (XOR2X1)                     4828040.000
                                                  55525848.000 f
  U1321/Y (OR2X1)                      2057388.000
                                                  57583236.000 f
  U1322/Y (NAND2X1)                    1420572.000
                                                  59003808.000 r
  U1323/Y (OR2X1)                      2629864.000
                                                  61633672.000 r
  U657/Y (AND2X1)                      1885256.000
                                                  63518928.000 r
  U658/Y (INVX1)                       715812.000 64234740.000 f
  U1325/Y (AND2X1)                     2238232.000
                                                  66472972.000 f
  U1327/Y (NAND2X1)                    864428.000 67337400.000 r
  U1328/Y (NAND2X1)                    1234064.000
                                                  68571464.000 f
  U459/Y (INVX1)                       223032.000 68794496.000 r
  U460/Y (INVX1)                       646944.000 69441440.000 f
  U489/Y (NAND2X1)                     1425256.000
                                                  70866696.000 r
  U480/Y (INVX1)                       1149448.000
                                                  72016144.000 f
  U481/Y (INVX1)                       968928.000 72985072.000 r
  U1351/Y (INVX1)                      646032.000 73631104.000 f
  U2349/Y (XOR2X1)                     4922040.000
                                                  78553144.000 r
  U433/Y (XNOR2X1)                     5483784.000
                                                  84036928.000 r
  U434/Y (INVX1)                       953888.000 84990816.000 f
  U2497/Y (XOR2X1)                     4919160.000
                                                  89909976.000 r
  U2544/Y (NAND2X1)                    850288.000 90760264.000 f
  U2545/Y (NAND2X1)                    1400648.000
                                                  92160912.000 r
  U2547/Y (XOR2X1)                     4844232.000
                                                  97005144.000 f
  U2548/Y (NAND2X1)                    835464.000 97840608.000 r
  U2549/Y (NAND2X1)                    1128688.000
                                                  98969296.000 f
  U2550/Y (XOR2X1)                     5361576.000
                                                  104330872.000 r
  U2574/Y (NAND2X1)                    1230304.000
                                                  105561176.000 f
  U2575/Y (AND2X1)                     2241112.000
                                                  107802288.000 f
  U2576/Y (NAND2X1)                    868624.000 108670912.000 r
  U2579/Y (NAND2X1)                    849656.000 109520568.000 f
  U2580/Y (XOR2X1)                     5353872.000
                                                  114874440.000 r
  U693/Y (AND2X1)                      2173720.000
                                                  117048160.000 r
  U694/Y (INVX1)                       715840.000 117764000.000 f
  U2581/Y (NAND2X1)                    1752768.000
                                                  119516768.000 r
  U2586/Y (INVX1)                      1216880.000
                                                  120733648.000 f
  U2587/Y (NAND2X1)                    1283888.000
                                                  122017536.000 r
  U2588/Y (NAND2X1)                    1127296.000
                                                  123144832.000 f
  U2598/Y (NAND2X1)                    881232.000 124026064.000 r
  U2599/Y (NAND2X1)                    1155440.000
                                                  125181504.000 f
  U2600/Y (NAND2X1)                    1400216.000
                                                  126581720.000 r
  U899/Y (AND2X1)                      2156768.000
                                                  128738488.000 r
  U541/Y (AND2X1)                      2181000.000
                                                  130919488.000 r
  U542/Y (INVX1)                       713688.000 131633176.000 f
  U2609/Y (XOR2X1)                     4914952.000
                                                  136548128.000 r
  U681/Y (AND2X1)                      2173728.000
                                                  138721856.000 r
  U682/Y (INVX1)                       715840.000 139437696.000 f
  U2611/Y (NAND2X1)                    1362960.000
                                                  140800656.000 r
  U2612/Y (INVX1)                      1101296.000
                                                  141901952.000 f
  U2613/Y (NAND2X1)                    1284288.000
                                                  143186240.000 r
  U2618/Y (NAND2X1)                    848064.000 144034304.000 f
  U2620/Y (NAND2X1)                    1341904.000
                                                  145376208.000 r
  U2621/Y (INVX1)                      1096320.000
                                                  146472528.000 f
  U2626/Y (NAND2X1)                    919312.000 147391840.000 r
  U2630/Y (NAND2X1)                    848032.000 148239872.000 f
  U2632/Y (NAND2X1)                    1341904.000
                                                  149581776.000 r
  U2633/Y (INVX1)                      1093504.000
                                                  150675280.000 f
  U2634/Y (NAND2X1)                    1284304.000
                                                  151959584.000 r
  U2638/Y (NAND2X1)                    848080.000 152807664.000 f
  U2640/Y (NAND2X1)                    885504.000 153693168.000 r
  U2645/Y (OR2X1)                      2605664.000
                                                  156298832.000 r
  U2650/Y (NAND2X1)                    804768.000 157103600.000 f
  U2652/Y (NAND2X1)                    885280.000 157988880.000 r
  U2654/Y (NOR2X1)                     -291136.000
                                                  157697744.000 f
  U2659/Y (NAND2X1)                    880608.000 158578352.000 r
  U2660/Y (NAND2X1)                    866752.000 159445104.000 f
  U496/Y (NAND2X1)                     1380416.000
                                                  160825520.000 r
  U485/Y (INVX1)                       1127808.000
                                                  161953328.000 f
  U486/Y (INVX1)                       969152.000 162922480.000 r
  U2662/Y (INVX1)                      646768.000 163569248.000 f
  U2663/Y (NAND2X1)                    1286800.000
                                                  164856048.000 r
  U403/Y (AND2X1)                      1818528.000
                                                  166674576.000 r
  U404/Y (INVX1)                       733008.000 167407584.000 f
  U2666/Y (NOR2X1)                     1161344.000
                                                  168568928.000 r
  U2669/Y (NOR2X1)                     151328.000 168720256.000 f
  U2675/Y (NAND2X1)                    880592.000 169600848.000 r
  U2677/Y (NAND2X1)                    866816.000 170467664.000 f
  U2683/Y (OR2X1)                      2088976.000
                                                  172556640.000 f
  U2684/Y (NAND2X1)                    1752544.000
                                                  174309184.000 r
  U2685/Y (INVX1)                      1069488.000
                                                  175378672.000 f
  U2686/Y (NAND2X1)                    1284384.000
                                                  176663056.000 r
  U2690/Y (NAND2X1)                    848096.000 177511152.000 f
  U2692/Y (NAND2X1)                    1341728.000
                                                  178852880.000 r
  U2693/Y (INVX1)                      1097088.000
                                                  179949968.000 f
  U2698/Y (NAND2X1)                    919312.000 180869280.000 r
  U2702/Y (NAND2X1)                    848096.000 181717376.000 f
  U2704/Y (NAND2X1)                    885200.000 182602576.000 r
  U2705/Y (OR2X1)                      2605792.000
                                                  185208368.000 r
  U2710/Y (NAND2X1)                    804768.000 186013136.000 f
  U2712/Y (NAND2X1)                    879376.000 186892512.000 r
  U2713/Y (NAND2X1)                    867712.000 187760224.000 f
  U539/Y (AND2X1)                      2460224.000
                                                  190220448.000 f
  U540/Y (INVX1)                       -1208352.000
                                                  189012096.000 r
  U2837/Y (AND2X1)                     2010784.000
                                                  191022880.000 r
  U2841/Y (NOR2X1)                     -111888.000
                                                  190910992.000 f
  U2843/Y (NAND2X1)                    886528.000 191797520.000 r
  U2846/Y (OR2X1)                      2605456.000
                                                  194402976.000 r
  U2851/Y (NAND2X1)                    797440.000 195200416.000 f
  U2853/Y (NAND2X1)                    885504.000 196085920.000 r
  U2854/Y (OR2X1)                      2605440.000
                                                  198691360.000 r
  U2858/Y (NAND2X1)                    797424.000 199488784.000 f
  U2860/Y (NAND2X1)                    885504.000 200374288.000 r
  U2863/Y (OR2X1)                      2607568.000
                                                  202981856.000 r
  U2867/Y (NAND2X1)                    797424.000 203779280.000 f
  U2869/Y (NAND2X1)                    885504.000 204664784.000 r
  U2870/Y (OR2X1)                      2605536.000
                                                  207270320.000 r
  U2874/Y (NAND2X1)                    797424.000 208067744.000 f
  U2876/Y (NAND2X1)                    879600.000 208947344.000 r
  U2877/Y (NAND2X1)                    1156160.000
                                                  210103504.000 f
  U2879/Y (NAND2X1)                    879264.000 210982768.000 r
  U2880/Y (NAND2X1)                    1162496.000
                                                  212145264.000 f
  U2882/Y (OR2X1)                      2087392.000
                                                  214232656.000 f
  U2884/Y (NAND2X1)                    871952.000 215104608.000 r
  U903/Y (AND2X1)                      1814288.000
                                                  216918896.000 r
  U314/Y (AND2X1)                      2181024.000
                                                  219099920.000 r
  U315/Y (INVX1)                       713456.000 219813376.000 f
  U2892/Y (NAND2X1)                    918864.000 220732240.000 r
  U2896/Y (NAND2X1)                    864368.000 221596608.000 f
  out[0] (out)                            0.000   221596608.000 f
  data arrival time                               221596608.000

  clock clk (rise edge)                250000000.000
                                                  250000000.000
  clock network delay (ideal)             0.000   250000000.000
  output external delay                   0.000   250000000.000
  data required time                              250000000.000
  -----------------------------------------------------------
  data required time                              250000000.000
  data arrival time                               -221596608.000
  -----------------------------------------------------------
  slack (MET)                                     28403392.000


1
