****************************************
Report : timing
	-path_type full
	-delay_type max
	-max_paths 1
	-sort_by slack
Design : top
Version: S-2021.06-SP1
Date   : Tue Nov 29 16:51:46 2022
****************************************


  Startpoint: inp[9] (input port clocked by clk)
  Endpoint: out[0] (output port clocked by clk)
  Path Group: clk
  Path Type: max

  Point                                    Incr       Path
  ---------------------------------------------------------------
  clock clk (rise edge)                   0.000      0.000
  clock network delay (ideal)             0.000      0.000
  input external delay                    0.000      0.000 f
  inp[9] (in)                             0.000      0.000 f
  U1047/Y (INVX1)                      595456.000 595456.000 r
  U817/Y (AND2X1)                      2200704.000
                                                  2796160.000 r
  U818/Y (INVX1)                       712832.000 3508992.000 f
  U1137/Y (NAND2X1)                    1362928.000
                                                  4871920.000 r
  U1138/Y (NAND2X1)                    1233872.000
                                                  6105792.000 f
  U425/Y (INVX1)                       223200.000 6328992.000 r
  U426/Y (INVX1)                       646704.000 6975696.000 f
  U1175/Y (NAND2X1)                    1286128.000
                                                  8261824.000 r
  U1176/Y (NAND2X1)                    848368.000 9110192.000 f
  U381/Y (AND2X1)                      2044144.000
                                                  11154336.000 f
  U382/Y (INVX1)                       -294688.000
                                                  10859648.000 r
  U1199/Y (INVX1)                      657424.000 11517072.000 f
  U1243/Y (XOR2X1)                     5587856.000
                                                  17104928.000 r
  U1244/Y (XOR2X1)                     4755984.000
                                                  21860912.000 f
  U1258/Y (XOR2X1)                     5741680.000
                                                  27602592.000 r
  U919/Y (XNOR2X1)                     5705360.000
                                                  33307952.000 r
  U1300/Y (XOR2X1)                     4301552.000
                                                  37609504.000 f
  U1304/Y (NAND2X1)                    1312736.000
                                                  38922240.000 r
  U663/Y (INVX1)                       977952.000 39900192.000 f
  U664/Y (INVX1)                       445360.000 40345552.000 r
  U1305/Y (NAND2X1)                    1056048.000
                                                  41401600.000 f
  U1314/Y (XOR2X1)                     5390176.000
                                                  46791776.000 r
  U322/Y (AND2X1)                      1821392.000
                                                  48613168.000 r
  U323/Y (INVX1)                       716368.000 49329536.000 f
  U1315/Y (NAND2X1)                    1368480.000
                                                  50698016.000 r
  U1319/Y (XOR2X1)                     4827952.000
                                                  55525968.000 f
  U1321/Y (OR2X1)                      2057408.000
                                                  57583376.000 f
  U1322/Y (NAND2X1)                    1420560.000
                                                  59003936.000 r
  U1323/Y (OR2X1)                      2629824.000
                                                  61633760.000 r
  U657/Y (AND2X1)                      1885264.000
                                                  63519024.000 r
  U658/Y (INVX1)                       715808.000 64234832.000 f
  U1325/Y (AND2X1)                     2238224.000
                                                  66473056.000 f
  U1327/Y (NAND2X1)                    864432.000 67337488.000 r
  U1328/Y (NAND2X1)                    1234080.000
                                                  68571568.000 f
  U459/Y (INVX1)                       223056.000 68794624.000 r
  U460/Y (INVX1)                       646944.000 69441568.000 f
  U489/Y (NAND2X1)                     1425264.000
                                                  70866832.000 r
  U480/Y (INVX1)                       1149440.000
                                                  72016272.000 f
  U481/Y (INVX1)                       968928.000 72985200.000 r
  U1351/Y (INVX1)                      646032.000 73631232.000 f
  U2349/Y (XOR2X1)                     4922032.000
                                                  78553264.000 r
  U433/Y (XNOR2X1)                     5483792.000
                                                  84037056.000 r
  U434/Y (INVX1)                       953888.000 84990944.000 f
  U2497/Y (XOR2X1)                     4919152.000
                                                  89910096.000 r
  U2544/Y (NAND2X1)                    850296.000 90760392.000 f
  U2545/Y (NAND2X1)                    1400664.000
                                                  92161056.000 r
  U2547/Y (XOR2X1)                     4844248.000
                                                  97005304.000 f
  U2548/Y (NAND2X1)                    835472.000 97840776.000 r
  U2549/Y (NAND2X1)                    1128688.000
                                                  98969464.000 f
  U2550/Y (XOR2X1)                     5361520.000
                                                  104330984.000 r
  U2574/Y (NAND2X1)                    1230312.000
                                                  105561296.000 f
  U2575/Y (AND2X1)                     2241120.000
                                                  107802416.000 f
  U2576/Y (NAND2X1)                    868616.000 108671032.000 r
  U2579/Y (NAND2X1)                    849656.000 109520688.000 f
  U2580/Y (XOR2X1)                     5353920.000
                                                  114874608.000 r
  U693/Y (AND2X1)                      2173696.000
                                                  117048304.000 r
  U694/Y (INVX1)                       715848.000 117764152.000 f
  U2581/Y (NAND2X1)                    1752768.000
                                                  119516920.000 r
  U2586/Y (INVX1)                      1216872.000
                                                  120733792.000 f
  U2587/Y (NAND2X1)                    1283888.000
                                                  122017680.000 r
  U2588/Y (NAND2X1)                    1127296.000
                                                  123144976.000 f
  U2598/Y (NAND2X1)                    881232.000 124026208.000 r
  U2599/Y (NAND2X1)                    1155456.000
                                                  125181664.000 f
  U2600/Y (NAND2X1)                    1400208.000
                                                  126581872.000 r
  U899/Y (AND2X1)                      2156736.000
                                                  128738608.000 r
  U541/Y (AND2X1)                      2180976.000
                                                  130919584.000 r
  U542/Y (INVX1)                       713696.000 131633280.000 f
  U2609/Y (XOR2X1)                     4914944.000
                                                  136548224.000 r
  U681/Y (AND2X1)                      2173696.000
                                                  138721920.000 r
  U682/Y (INVX1)                       715856.000 139437776.000 f
  U2611/Y (NAND2X1)                    1362960.000
                                                  140800736.000 r
  U2612/Y (INVX1)                      1101280.000
                                                  141902016.000 f
  U2613/Y (NAND2X1)                    1284288.000
                                                  143186304.000 r
  U2618/Y (NAND2X1)                    848064.000 144034368.000 f
  U2620/Y (NAND2X1)                    1341920.000
                                                  145376288.000 r
  U2621/Y (INVX1)                      1096320.000
                                                  146472608.000 f
  U2626/Y (NAND2X1)                    919328.000 147391936.000 r
  U2630/Y (NAND2X1)                    848032.000 148239968.000 f
  U2632/Y (NAND2X1)                    1341920.000
                                                  149581888.000 r
  U2633/Y (INVX1)                      1093504.000
                                                  150675392.000 f
  U2634/Y (NAND2X1)                    1284288.000
                                                  151959680.000 r
  U2638/Y (NAND2X1)                    848096.000 152807776.000 f
  U2640/Y (NAND2X1)                    885504.000 153693280.000 r
  U2645/Y (OR2X1)                      2605600.000
                                                  156298880.000 r
  U2650/Y (NAND2X1)                    804768.000 157103648.000 f
  U2652/Y (NAND2X1)                    885296.000 157988944.000 r
  U2654/Y (NOR2X1)                     -291104.000
                                                  157697840.000 f
  U2659/Y (NAND2X1)                    880624.000 158578464.000 r
  U2660/Y (NAND2X1)                    866752.000 159445216.000 f
  U496/Y (NAND2X1)                     1380416.000
                                                  160825632.000 r
  U485/Y (INVX1)                       1127808.000
                                                  161953440.000 f
  U486/Y (INVX1)                       969136.000 162922576.000 r
  U2662/Y (INVX1)                      646768.000 163569344.000 f
  U2663/Y (NAND2X1)                    1286800.000
                                                  164856144.000 r
  U403/Y (AND2X1)                      1818528.000
                                                  166674672.000 r
  U404/Y (INVX1)                       733008.000 167407680.000 f
  U2666/Y (NOR2X1)                     1161360.000
                                                  168569040.000 r
  U2669/Y (NOR2X1)                     151344.000 168720384.000 f
  U2675/Y (NAND2X1)                    880608.000 169600992.000 r
  U2677/Y (NAND2X1)                    866848.000 170467840.000 f
  U2683/Y (OR2X1)                      2088976.000
                                                  172556816.000 f
  U2684/Y (NAND2X1)                    1752576.000
                                                  174309392.000 r
  U2685/Y (INVX1)                      1069472.000
                                                  175378864.000 f
  U2686/Y (NAND2X1)                    1284384.000
                                                  176663248.000 r
  U2690/Y (NAND2X1)                    848096.000 177511344.000 f
  U2692/Y (NAND2X1)                    1341744.000
                                                  178853088.000 r
  U2693/Y (INVX1)                      1097088.000
                                                  179950176.000 f
  U2698/Y (NAND2X1)                    919328.000 180869504.000 r
  U2702/Y (NAND2X1)                    848112.000 181717616.000 f
  U2704/Y (NAND2X1)                    885200.000 182602816.000 r
  U2705/Y (OR2X1)                      2605728.000
                                                  185208544.000 r
  U2710/Y (NAND2X1)                    804768.000 186013312.000 f
  U2712/Y (NAND2X1)                    879392.000 186892704.000 r
  U2713/Y (NAND2X1)                    867744.000 187760448.000 f
  U539/Y (AND2X1)                      2460240.000
                                                  190220688.000 f
  U540/Y (INVX1)                       -1208352.000
                                                  189012336.000 r
  U2837/Y (AND2X1)                     2010800.000
                                                  191023136.000 r
  U2841/Y (NOR2X1)                     -111872.000
                                                  190911264.000 f
  U2843/Y (NAND2X1)                    886544.000 191797808.000 r
  U2846/Y (OR2X1)                      2605392.000
                                                  194403200.000 r
  U2851/Y (NAND2X1)                    797440.000 195200640.000 f
  U2853/Y (NAND2X1)                    885504.000 196086144.000 r
  U2854/Y (OR2X1)                      2605376.000
                                                  198691520.000 r
  U2858/Y (NAND2X1)                    797440.000 199488960.000 f
  U2860/Y (NAND2X1)                    885504.000 200374464.000 r
  U2863/Y (OR2X1)                      2607504.000
                                                  202981968.000 r
  U2867/Y (NAND2X1)                    797424.000 203779392.000 f
  U2869/Y (NAND2X1)                    885504.000 204664896.000 r
  U2870/Y (OR2X1)                      2605488.000
                                                  207270384.000 r
  U2874/Y (NAND2X1)                    797424.000 208067808.000 f
  U2876/Y (NAND2X1)                    879600.000 208947408.000 r
  U2877/Y (NAND2X1)                    1156144.000
                                                  210103552.000 f
  U2879/Y (NAND2X1)                    879280.000 210982832.000 r
  U2880/Y (NAND2X1)                    1162496.000
                                                  212145328.000 f
  U2882/Y (OR2X1)                      2087408.000
                                                  214232736.000 f
  U2884/Y (NAND2X1)                    871952.000 215104688.000 r
  U903/Y (AND2X1)                      1814272.000
                                                  216918960.000 r
  U314/Y (AND2X1)                      2180992.000
                                                  219099952.000 r
  U315/Y (INVX1)                       713472.000 219813424.000 f
  U2892/Y (NAND2X1)                    918864.000 220732288.000 r
  U2896/Y (NAND2X1)                    864368.000 221596656.000 f
  out[0] (out)                            0.000   221596656.000 f
  data arrival time                               221596656.000

  clock clk (rise edge)                250000000.000
                                                  250000000.000
  clock network delay (ideal)             0.000   250000000.000
  clock reconvergence pessimism           0.000   250000000.000
  output external delay                   0.000   250000000.000
  data required time                              250000000.000
  ---------------------------------------------------------------
  data required time                              250000000.000
  data arrival time                               -221596656.000
  ---------------------------------------------------------------
  slack (MET)                                     28403344.000


1
