Information: Updating design information... (UID-85)
 
****************************************
Report : qor
Design : top
Version: S-2021.06-SP2
Date   : Fri Dec 16 11:17:59 2022
****************************************


  Timing Path Group 'clk'
  -----------------------------------
  Levels of Logic:              70.00
  Critical Path Length:  186958144.00
  Critical Path Slack:    13041856.00
  Critical Path Clk Period:
                         200000000.00
  Total Negative Slack:          0.00
  No. of Violating Paths:        0.00
  Worst Hold Violation:          0.00
  Total Hold Violation:          0.00
  No. of Hold Violations:        0.00
  -----------------------------------


  Cell Count
  -----------------------------------
  Hierarchical Cell Count:          0
  Hierarchical Port Count:          0
  Leaf Cell Count:               1144
  Buf/Inv Cell Count:             420
  Buf Cell Count:                   0
  Inv Cell Count:                 420
  CT Buf/Inv Cell Count:            0
  Combinational Cell Count:      1144
  Sequential Cell Count:            0
  Macro Count:                      0
  -----------------------------------


  Area
  -----------------------------------
  Combinational Area:
                     540079770.000000
  Noncombinational Area:     0.000000
  Buf/Inv Area:       95936400.000000
  Total Buffer Area:             0.00
  Total Inverter Area:    95936400.00
  Macro/Black Box Area:      0.000000
  Net Area:                  0.000000
  -----------------------------------
  Cell Area:         540079770.000000
  Design Area:       540079770.000000


  Design Rules
  -----------------------------------
  Total Number of Nets:          1184
  Nets With Violations:          1143
  Max Trans Violations:          1143
  Max Cap Violations:               0
  -----------------------------------


  Hostname: leoforos

  Compile CPU Statistics
  -----------------------------------------
  Resource Sharing:                    0.91
  Logic Optimization:                  3.73
  Mapping Optimization:                2.54
  -----------------------------------------
  Overall Compile Time:                9.70
  Overall Compile Wall Clock Time:    10.05

  --------------------------------------------------------------------

  Design  WNS: 0.00  TNS: 0.00  Number of Violating Paths: 0


  Design (Hold)  WNS: 0.00  TNS: 0.00  Number of Violating Paths: 0

  --------------------------------------------------------------------


1
