 
****************************************
Report : area
Design : top
Version: S-2021.06-SP2
Date   : Fri Dec 16 11:17:59 2022
****************************************

Library(s) Used:

    PPDK_Standard_Library_0.6V_25C_TYP_X1 (File: /home/akokkinis/synLibs/egfet/db/EGFET_0.6V.db)

Number of ports:                           47
Number of nets:                          1184
Number of cells:                         1144
Number of combinational cells:           1144
Number of sequential cells:                 0
Number of macros/black boxes:               0
Number of buf/inv:                        420
Number of references:                       6

Combinational area:          540079770.000000
Buf/Inv area:                 95936400.000000
Noncombinational area:               0.000000
Macro/Black Box area:                0.000000
Net Interconnect area:      undefined  (No wire load specified)

Total cell area:             540079770.000000
Total area:                 undefined
1
