 
****************************************
Report : timing
        -path full
        -delay max
        -max_paths 1
Design : top
Version: S-2021.06-SP2
Date   : Tue Nov 29 15:36:14 2022
****************************************

Operating Conditions: TT   Library: PPDK_Standard_Library_0.8V_25C_TYP_X1
Wire Load Model Mode: top

  Startpoint: inp[28] (input port clocked by clk)
  Endpoint: out[0] (output port clocked by clk)
  Path Group: clk
  Path Type: max

  Point                                    Incr       Path
  -----------------------------------------------------------
  clock clk (rise edge)                   0.000      0.000
  clock network delay (ideal)             0.000      0.000
  input external delay                    0.000      0.000 f
  inp[28] (in)                            0.000      0.000 f
  U1251/Y (INVX1)                      663744.438 663744.438 r
  U1774/Y (XOR2X1)                     5674337.000
                                                  6338081.500 f
  U1775/Y (NAND2X1)                    1287222.500
                                                  7625304.000 r
  U1776/Y (INVX1)                      1242775.000
                                                  8868079.000 f
  U1777/Y (OR2X1)                      2437967.000
                                                  11306046.000 f
  U260/Y (XNOR2X1)                     4440138.000
                                                  15746184.000 r
  U226/Y (XOR2X1)                      6156740.000
                                                  21902924.000 f
  U1827/Y (NAND2X1)                    1287460.000
                                                  23190384.000 r
  U1828/Y (INVX1)                      1242898.000
                                                  24433282.000 f
  U1829/Y (OR2X1)                      2437964.000
                                                  26871246.000 f
  U1831/Y (XOR2X1)                     6382080.000
                                                  33253326.000 r
  U1833/Y (NAND2X1)                    1239370.000
                                                  34492696.000 f
  U1834/Y (INVX1)                      -637000.000
                                                  33855696.000 r
  U1835/Y (OR2X1)                      1818344.000
                                                  35674040.000 r
  U651/Y (XNOR2X1)                     6873524.000
                                                  42547564.000 r
  U652/Y (INVX1)                       1012464.000
                                                  43560028.000 f
  U1838/Y (NAND2X1)                    1255148.000
                                                  44815176.000 r
  U1839/Y (INVX1)                      1228652.000
                                                  46043828.000 f
  U1840/Y (OR2X1)                      2437960.000
                                                  48481788.000 f
  U1847/Y (XOR2X1)                     6383508.000
                                                  54865296.000 r
  U506/Y (OR2X1)                       7381772.000
                                                  62247068.000 r
  U1869/Y (NAND2X1)                    1024848.000
                                                  63271916.000 f
  U1870/Y (NAND2X1)                    1630344.000
                                                  64902260.000 r
  U1871/Y (INVX1)                      1247500.000
                                                  66149760.000 f
  U1872/Y (NOR2X1)                     1064632.000
                                                  67214392.000 r
  U1873/Y (NOR2X1)                     1169048.000
                                                  68383440.000 f
  U1902/Y (INVX1)                      -461472.000
                                                  67921968.000 r
  U1903/Y (NAND2X1)                    1008984.000
                                                  68930952.000 f
  U1904/Y (NAND2X1)                    1272024.000
                                                  70202976.000 r
  U1910/Y (INVX1)                      1243144.000
                                                  71446120.000 f
  U1911/Y (NAND2X1)                    1167696.000
                                                  72613816.000 r
  U1059/Y (XNOR2X1)                    7259552.000
                                                  79873368.000 r
  U1915/Y (OR2X1)                      3944872.000
                                                  83818240.000 r
  U1916/Y (NAND2X1)                    1376664.000
                                                  85194904.000 f
  U492/Y (AND2X1)                      2832872.000
                                                  88027776.000 f
  U493/Y (INVX1)                       2416.000   88030192.000 r
  U1957/Y (INVX1)                      889616.000 88919808.000 f
  U3755/Y (XOR2X1)                     5234696.000
                                                  94154504.000 r
  U228/Y (XNOR2X1)                     6627720.000
                                                  100782224.000 r
  U229/Y (INVX1)                       1043408.000
                                                  101825632.000 f
  U3772/Y (XOR2X1)                     5241280.000
                                                  107066912.000 r
  U3787/Y (OR2X1)                      6983440.000
                                                  114050352.000 r
  U3788/Y (NAND2X1)                    1360992.000
                                                  115411344.000 f
  U3789/Y (NAND2X1)                    1286384.000
                                                  116697728.000 r
  U3790/Y (INVX1)                      1251424.000
                                                  117949152.000 f
  U3794/Y (AND2X1)                     2833288.000
                                                  120782440.000 f
  U3795/Y (INVX1)                      -1174112.000
                                                  119608328.000 r
  U3796/Y (NAND2X1)                    1360992.000
                                                  120969320.000 f
  U3798/Y (NAND2X1)                    850936.000 121820256.000 r
  U1085/Y (OR2X1)                      5185952.000
                                                  127006208.000 r
  U3800/Y (NAND2X1)                    1361000.000
                                                  128367208.000 f
  U3801/Y (NAND2X1)                    1183488.000
                                                  129550696.000 r
  U3802/Y (OR2X1)                      5208984.000
                                                  134759680.000 r
  U3803/Y (NAND2X1)                    1360992.000
                                                  136120672.000 f
  U3805/Y (NAND2X1)                    853728.000 136974400.000 r
  U3872/Y (NOR2X1)                     959632.000 137934032.000 f
  U3873/Y (OR2X1)                      2421088.000
                                                  140355120.000 f
  U3875/Y (NAND2X1)                    856528.000 141211648.000 r
  U3876/Y (XOR2X1)                     5228960.000
                                                  146440608.000 f
  U3877/Y (NAND2X1)                    1171344.000
                                                  147611952.000 r
  U3879/Y (NAND2X1)                    1044432.000
                                                  148656384.000 f
  U3880/Y (NAND2X1)                    835680.000 149492064.000 r
  U550/Y (NAND2X1)                     1243664.000
                                                  150735728.000 f
  U469/Y (INVX1)                       -664800.000
                                                  150070928.000 r
  U3883/Y (NAND2X1)                    1013232.000
                                                  151084160.000 f
  U3884/Y (XOR2X1)                     4981680.000
                                                  156065840.000 r
  U3885/Y (NAND2X1)                    2225312.000
                                                  158291152.000 f
  U3894/Y (NAND2X1)                    830032.000 159121184.000 r
  U3897/Y (NAND2X1)                    1048608.000
                                                  160169792.000 f
  U3906/Y (NAND2X1)                    836304.000 161006096.000 r
  U3909/Y (NAND2X1)                    1048608.000
                                                  162054704.000 f
  U3918/Y (NAND2X1)                    836304.000 162891008.000 r
  U3921/Y (NAND2X1)                    1048608.000
                                                  163939616.000 f
  U3930/Y (NAND2X1)                    836304.000 164775920.000 r
  U3933/Y (NAND2X1)                    1048608.000
                                                  165824528.000 f
  U3942/Y (NAND2X1)                    836304.000 166660832.000 r
  U3945/Y (NAND2X1)                    1048608.000
                                                  167709440.000 f
  U3954/Y (NAND2X1)                    836304.000 168545744.000 r
  U3957/Y (NAND2X1)                    1048608.000
                                                  169594352.000 f
  U3966/Y (NAND2X1)                    1268224.000
                                                  170862576.000 r
  U3967/Y (INVX1)                      1236480.000
                                                  172099056.000 f
  U1073/Y (OR2X1)                      2431552.000
                                                  174530608.000 f
  U3979/Y (NAND2X1)                    851136.000 175381744.000 r
  U3982/Y (NAND2X1)                    1065936.000
                                                  176447680.000 f
  U3990/Y (NAND2X1)                    836544.000 177284224.000 r
  U3991/Y (NAND2X1)                    1459584.000
                                                  178743808.000 f
  U4007/Y (NAND2X1)                    840432.000 179584240.000 r
  U4008/Y (NAND2X1)                    2206336.000
                                                  181790576.000 f
  U4009/Y (NAND2X1)                    1619216.000
                                                  183409792.000 r
  U4010/Y (INVX1)                      1237168.000
                                                  184646960.000 f
  U4014/Y (OR2X1)                      2431552.000
                                                  187078512.000 f
  U4023/Y (NAND2X1)                    845600.000 187924112.000 r
  U4026/Y (NAND2X1)                    1048608.000
                                                  188972720.000 f
  U4035/Y (NAND2X1)                    836304.000 189809024.000 r
  U4038/Y (NAND2X1)                    1048608.000
                                                  190857632.000 f
  U4047/Y (NAND2X1)                    836304.000 191693936.000 r
  U4050/Y (NAND2X1)                    1048608.000
                                                  192742544.000 f
  U4059/Y (NAND2X1)                    836304.000 193578848.000 r
  U4062/Y (NAND2X1)                    1048608.000
                                                  194627456.000 f
  U4071/Y (NAND2X1)                    836304.000 195463760.000 r
  U547/Y (NAND2X1)                     1252192.000
                                                  196715952.000 f
  U4075/Y (INVX1)                      -687120.000
                                                  196028832.000 r
  U4079/Y (NAND2X1)                    1010208.000
                                                  197039040.000 f
  U4080/Y (NAND2X1)                    1170976.000
                                                  198210016.000 r
  U4422/Y (OR2X1)                      5222352.000
                                                  203432368.000 r
  U4431/Y (NAND2X1)                    1202688.000
                                                  204635056.000 f
  U4432/Y (INVX1)                      -657808.000
                                                  203977248.000 r
  U4435/Y (NOR2X1)                     1087328.000
                                                  205064576.000 f
  U4436/Y (INVX1)                      -325696.000
                                                  204738880.000 r
  U1089/Y (OR2X1)                      2042416.000
                                                  206781296.000 r
  U4440/Y (NAND2X1)                    1018608.000
                                                  207799904.000 f
  U4442/Y (NAND2X1)                    837440.000 208637344.000 r
  U4446/Y (OR2X1)                      5222064.000
                                                  213859408.000 r
  U4450/Y (NAND2X1)                    1004960.000
                                                  214864368.000 f
  U4452/Y (NAND2X1)                    1270864.000
                                                  216135232.000 r
  U4453/Y (INVX1)                      1242112.000
                                                  217377344.000 f
  U4458/Y (NAND2X1)                    807232.000 218184576.000 r
  U4462/Y (NAND2X1)                    1052224.000
                                                  219236800.000 f
  U4464/Y (NAND2X1)                    1274080.000
                                                  220510880.000 r
  U4465/Y (INVX1)                      1241504.000
                                                  221752384.000 f
  U4470/Y (NAND2X1)                    807232.000 222559616.000 r
  U4474/Y (NAND2X1)                    1052224.000
                                                  223611840.000 f
  U4476/Y (NAND2X1)                    842480.000 224454320.000 r
  U1087/Y (OR2X1)                      5140304.000
                                                  229594624.000 r
  U4484/Y (NAND2X1)                    1004960.000
                                                  230599584.000 f
  U4485/Y (NAND2X1)                    1624208.000
                                                  232223792.000 r
  U4486/Y (INVX1)                      1243296.000
                                                  233467088.000 f
  U4489/Y (OR2X1)                      2431552.000
                                                  235898640.000 f
  U4504/Y (NAND2X1)                    851152.000 236749792.000 r
  U1088/Y (OR2X1)                      5166016.000
                                                  241915808.000 r
  U4512/Y (NAND2X1)                    1004960.000
                                                  242920768.000 f
  U4514/Y (NAND2X1)                    1272112.000
                                                  244192880.000 r
  U4515/Y (INVX1)                      1243280.000
                                                  245436160.000 f
  U4516/Y (NOR2X1)                     1070752.000
                                                  246506912.000 r
  U4527/Y (NAND2X1)                    1991536.000
                                                  248498448.000 f
  U4528/Y (NAND2X1)                    1159984.000
                                                  249658432.000 r
  out[0] (out)                            0.000   249658432.000 r
  data arrival time                               249658432.000

  clock clk (rise edge)                250000000.000
                                                  250000000.000
  clock network delay (ideal)             0.000   250000000.000
  output external delay                   0.000   250000000.000
  data required time                              250000000.000
  -----------------------------------------------------------
  data required time                              250000000.000
  data arrival time                               -249658432.000
  -----------------------------------------------------------
  slack (MET)                                     341568.000


1
