Information: Updating design information... (UID-85)
 
****************************************
Report : qor
Design : top
Version: S-2021.06-SP2
Date   : Fri Dec 16 14:23:06 2022
****************************************


  Timing Path Group 'clk'
  -----------------------------------
  Levels of Logic:              53.00
  Critical Path Length:   73699328.00
  Critical Path Slack:   176300672.00
  Critical Path Clk Period:
                         250000000.00
  Total Negative Slack:          0.00
  No. of Violating Paths:        0.00
  Worst Hold Violation:          0.00
  Total Hold Violation:          0.00
  No. of Hold Violations:        0.00
  -----------------------------------


  Cell Count
  -----------------------------------
  Hierarchical Cell Count:          0
  Hierarchical Port Count:          0
  Leaf Cell Count:                302
  Buf/Inv Cell Count:             136
  Buf Cell Count:                   0
  Inv Cell Count:                 136
  CT Buf/Inv Cell Count:            0
  Combinational Cell Count:       302
  Sequential Cell Count:            0
  Macro Count:                      0
  -----------------------------------


  Area
  -----------------------------------
  Combinational Area:
                     105586995.000000
  Noncombinational Area:     0.000000
  Buf/Inv Area:       31065120.000000
  Total Buffer Area:             0.00
  Total Inverter Area:    31065120.00
  Macro/Black Box Area:      0.000000
  Net Area:                  0.000000
  -----------------------------------
  Cell Area:         105586995.000000
  Design Area:       105586995.000000


  Design Rules
  -----------------------------------
  Total Number of Nets:           323
  Nets With Violations:           300
  Max Trans Violations:           300
  Max Cap Violations:               0
  -----------------------------------


  Hostname: leoforos

  Compile CPU Statistics
  -----------------------------------------
  Resource Sharing:                    0.67
  Logic Optimization:                  0.04
  Mapping Optimization:                0.57
  -----------------------------------------
  Overall Compile Time:                2.51
  Overall Compile Wall Clock Time:     2.85

  --------------------------------------------------------------------

  Design  WNS: 0.00  TNS: 0.00  Number of Violating Paths: 0


  Design (Hold)  WNS: 0.00  TNS: 0.00  Number of Violating Paths: 0

  --------------------------------------------------------------------


1
