 
****************************************
Report : area
Design : top
Version: S-2021.06-SP2
Date   : Thu Dec 15 10:07:01 2022
****************************************

Library(s) Used:

    PPDK_Standard_Library_1.0V_25C_TYP_X1 (File: /home/akokkinis/synLibs/egfet/db/EGFET_1.0V.db)

Number of ports:                           26
Number of nets:                          1541
Number of cells:                         1517
Number of combinational cells:           1517
Number of sequential cells:                 0
Number of macros/black boxes:               0
Number of buf/inv:                        460
Number of references:                       7

Combinational area:          546072045.000000
Buf/Inv area:                105073200.000000
Noncombinational area:               0.000000
Macro/Black Box area:                0.000000
Net Interconnect area:      undefined  (No wire load specified)

Total cell area:             546072045.000000
Total area:                 undefined
1
