Information: Updating design information... (UID-85)
 
****************************************
Report : qor
Design : top
Version: S-2021.06-SP2
Date   : Thu Dec 15 10:07:01 2022
****************************************


  Timing Path Group 'clk'
  -----------------------------------
  Levels of Logic:             163.00
  Critical Path Length:  196146464.00
  Critical Path Slack:     3853536.00
  Critical Path Clk Period:
                         200000000.00
  Total Negative Slack:          0.00
  No. of Violating Paths:        0.00
  Worst Hold Violation:          0.00
  Total Hold Violation:          0.00
  No. of Hold Violations:        0.00
  -----------------------------------


  Cell Count
  -----------------------------------
  Hierarchical Cell Count:          0
  Hierarchical Port Count:          0
  Leaf Cell Count:               1517
  Buf/Inv Cell Count:             460
  Buf Cell Count:                   0
  Inv Cell Count:                 460
  CT Buf/Inv Cell Count:            0
  Combinational Cell Count:      1517
  Sequential Cell Count:            0
  Macro Count:                      0
  -----------------------------------


  Area
  -----------------------------------
  Combinational Area:
                     546072045.000000
  Noncombinational Area:     0.000000
  Buf/Inv Area:      105073200.000000
  Total Buffer Area:             0.00
  Total Inverter Area:   105073200.00
  Macro/Black Box Area:      0.000000
  Net Area:                  0.000000
  -----------------------------------
  Cell Area:         546072045.000000
  Design Area:       546072045.000000


  Design Rules
  -----------------------------------
  Total Number of Nets:          1541
  Nets With Violations:          1517
  Max Trans Violations:          1517
  Max Cap Violations:               0
  -----------------------------------


  Hostname: leoforos

  Compile CPU Statistics
  -----------------------------------------
  Resource Sharing:                    2.90
  Logic Optimization:                  0.09
  Mapping Optimization:                1.63
  -----------------------------------------
  Overall Compile Time:               32.22
  Overall Compile Wall Clock Time:    32.58

  --------------------------------------------------------------------

  Design  WNS: 0.00  TNS: 0.00  Number of Violating Paths: 0


  Design (Hold)  WNS: 0.00  TNS: 0.00  Number of Violating Paths: 0

  --------------------------------------------------------------------


1
