****************************************
Report : timing
	-path_type full
	-delay_type max
	-max_paths 1
	-sort_by slack
Design : top
Version: S-2021.06-SP1
Date   : Sun Dec 18 12:21:11 2022
****************************************


  Startpoint: inp[11] (input port clocked by clk)
  Endpoint: out[0] (output port clocked by clk)
  Path Group: clk
  Path Type: max

  Point                                    Incr       Path
  ---------------------------------------------------------------
  clock clk (rise edge)                   0.000      0.000
  clock network delay (ideal)             0.000      0.000
  input external delay                    0.000      0.000 r
  inp[11] (in)                            0.000      0.000 r
  U239/Y (AND2X1)                      2207104.000
                                                  2207104.000 r
  U240/Y (INVX1)                       705440.000 2912544.000 f
  U1366/Y (NAND2X1)                    918768.000 3831312.000 r
  U1367/Y (NAND2X1)                    1128576.000
                                                  4959888.000 f
  U1370/Y (NAND2X1)                    881232.000 5841120.000 r
  U1371/Y (NAND2X1)                    1230416.000
                                                  7071536.000 f
  U1372/Y (NAND2X1)                    1748048.000
                                                  8819584.000 r
  U287/Y (INVX1)                       1109216.000
                                                  9928800.000 f
  U288/Y (INVX1)                       450464.000 10379264.000 r
  U285/Y (OR2X1)                       1769696.000
                                                  12148960.000 r
  U286/Y (INVX1)                       711248.000 12860208.000 f
  U1373/Y (INVX1)                      459872.000 13320080.000 r
  U538/Y (AND2X1)                      1894080.000
                                                  15214160.000 r
  U539/Y (INVX1)                       727152.000 15941312.000 f
  U1925/Y (NAND2X1)                    1285728.000
                                                  17227040.000 r
  U1926/Y (AND2X1)                     2563200.000
                                                  19790240.000 r
  U665/Y (XNOR2X1)                     6085376.000
                                                  25875616.000 r
  U666/Y (INVX1)                       999904.000 26875520.000 f
  U2008/Y (XOR2X1)                     5929440.000
                                                  32804960.000 r
  U2009/Y (INVX1)                      1237216.000
                                                  34042176.000 f
  U2010/Y (NAND2X1)                    1283824.000
                                                  35326000.000 r
  U2011/Y (NAND2X1)                    1128576.000
                                                  36454576.000 f
  U2012/Y (XOR2X1)                     5945056.000
                                                  42399632.000 r
  U2013/Y (INVX1)                      1250784.000
                                                  43650416.000 f
  U2024/Y (NAND2X1)                    925152.000 44575568.000 r
  U2310/Y (NAND2X1)                    866912.000 45442480.000 f
  U2311/Y (XOR2X1)                     5292992.000
                                                  50735472.000 r
  U2365/Y (OR2X1)                      2322784.000
                                                  53058256.000 r
  U123/Y (AND2X1)                      2199472.000
                                                  55257728.000 r
  U124/Y (INVX1)                       707456.000 55965184.000 f
  U2366/Y (NAND2X1)                    1291616.000
                                                  57256800.000 r
  U2370/Y (OR2X1)                      2330176.000
                                                  59586976.000 r
  U101/Y (AND2X1)                      2199504.000
                                                  61786480.000 r
  U102/Y (INVX1)                       707440.000 62493920.000 f
  U2371/Y (NAND2X1)                    1362952.000
                                                  63856872.000 r
  U2372/Y (INVX1)                      1101392.000
                                                  64958264.000 f
  U2383/Y (NAND2X1)                    924992.000 65883256.000 r
  U2390/Y (NAND2X1)                    1155864.000
                                                  67039120.000 f
  U2391/Y (XOR2X1)                     5311208.000
                                                  72350328.000 r
  U2445/Y (OR2X1)                      2321536.000
                                                  74671864.000 r
  U456/Y (AND2X1)                      1882848.000
                                                  76554712.000 r
  U457/Y (INVX1)                       715592.000 77270304.000 f
  U2448/Y (NAND2X1)                    1752760.000
                                                  79023064.000 r
  U2452/Y (INVX1)                      1216872.000
                                                  80239936.000 f
  U2453/Y (NAND2X1)                    925120.000 81165056.000 r
  U2454/Y (NAND2X1)                    1154864.000
                                                  82319920.000 f
  U2455/Y (NAND2X1)                    1404600.000
                                                  83724520.000 r
  U2456/Y (OR2X1)                      2592864.000
                                                  86317384.000 r
  U392/Y (AND2X1)                      1885624.000
                                                  88203008.000 r
  U393/Y (INVX1)                       715448.000 88918456.000 f
  U2505/Y (NAND2X1)                    1291584.000
                                                  90210040.000 r
  U2508/Y (NAND2X1)                    929328.000 91139368.000 f
  U293/Y (INVX1)                       226376.000 91365744.000 r
  U294/Y (INVX1)                       646696.000 92012440.000 f
  U2516/Y (AND2X1)                     1866880.000
                                                  93879320.000 f
  U2517/Y (XOR2X1)                     5486136.000
                                                  99365456.000 r
  U2519/Y (NAND2X1)                    846784.000 100212240.000 f
  U2520/Y (NAND2X1)                    1747880.000
                                                  101960120.000 r
  U337/Y (INVX1)                       1123720.000
                                                  103083840.000 f
  U338/Y (INVX1)                       470904.000 103554744.000 r
  U2603/Y (NAND2X1)                    1217232.000
                                                  104771976.000 f
  U678/Y (INVX1)                       244696.000 105016672.000 r
  U679/Y (INVX1)                       652032.000 105668704.000 f
  U601/Y (XNOR2X1)                     6012616.000
                                                  111681320.000 f
  U2622/Y (XOR2X1)                     5518520.000
                                                  117199840.000 r
  U494/Y (AND2X1)                      2175040.000
                                                  119374880.000 r
  U495/Y (INVX1)                       715408.000 120090288.000 f
  U2623/Y (NAND2X1)                    1362944.000
                                                  121453232.000 r
  U2625/Y (INVX1)                      1216712.000
                                                  122669944.000 f
  U2626/Y (NAND2X1)                    1289856.000
                                                  123959800.000 r
  U468/Y (AND2X1)                      1818728.000
                                                  125778528.000 r
  U469/Y (INVX1)                       715632.000 126494160.000 f
  U2629/Y (NAND2X1)                    1362952.000
                                                  127857112.000 r
  U2631/Y (INVX1)                      1116416.000
                                                  128973528.000 f
  U2632/Y (NAND2X1)                    924984.000 129898512.000 r
  U476/Y (AND2X1)                      1795400.000
                                                  131693912.000 r
  U477/Y (INVX1)                       715624.000 132409536.000 f
  U2635/Y (NAND2X1)                    1362960.000
                                                  133772496.000 r
  U2637/Y (INVX1)                      1096000.000
                                                  134868496.000 f
  U2638/Y (NAND2X1)                    924976.000 135793472.000 r
  U452/Y (AND2X1)                      1795392.000
                                                  137588864.000 r
  U453/Y (INVX1)                       715584.000 138304448.000 f
  U2641/Y (NAND2X1)                    1362944.000
                                                  139667392.000 r
  U2645/Y (INVX1)                      1096496.000
                                                  140763888.000 f
  U2646/Y (NAND2X1)                    924992.000 141688880.000 r
  U2647/Y (NAND2X1)                    1154864.000
                                                  142843744.000 f
  U2648/Y (NAND2X1)                    1404592.000
                                                  144248336.000 r
  U2649/Y (OR2X1)                      2592816.000
                                                  146841152.000 r
  U2700/Y (NAND2X1)                    1047456.000
                                                  147888608.000 f
  U2701/Y (XOR2X1)                     5344320.000
                                                  153232928.000 r
  U197/Y (AND2X1)                      1782160.000
                                                  155015088.000 r
  U198/Y (INVX1)                       716016.000 155731104.000 f
  U2767/Y (NAND2X1)                    1285600.000
                                                  157016704.000 r
  U2769/Y (NAND2X1)                    849376.000 157866080.000 f
  U2770/Y (NAND2X1)                    1394656.000
                                                  159260736.000 r
  U480/Y (AND2X1)                      1795424.000
                                                  161056160.000 r
  U481/Y (INVX1)                       715584.000 161771744.000 f
  U2772/Y (NAND2X1)                    1291584.000
                                                  163063328.000 r
  U2779/Y (OR2X1)                      2340000.000
                                                  165403328.000 r
  U2780/Y (NAND2X1)                    1217664.000
                                                  166620992.000 f
  U344/Y (INVX1)                       294928.000 166915920.000 r
  U689/Y (INVX1)                       677120.000 167593040.000 f
  U2806/Y (NOR2X1)                     1163728.000
                                                  168756768.000 r
  U2807/Y (XOR2X1)                     4391392.000
                                                  173148160.000 f
  U2810/Y (NAND2X1)                    836128.000 173984288.000 r
  U2811/Y (NOR2X1)                     -310336.000
                                                  173673952.000 f
  U2813/Y (NAND2X1)                    880400.000 174554352.000 r
  U2814/Y (NAND2X1)                    1151040.000
                                                  175705392.000 f
  U2816/Y (NAND2X1)                    879600.000 176584992.000 r
  U2817/Y (NAND2X1)                    1151056.000
                                                  177736048.000 f
  U2818/Y (NAND2X1)                    885520.000 178621568.000 r
  U2820/Y (NOR2X1)                     -88624.000 178532944.000 f
  U2823/Y (NOR2X1)                     1195808.000
                                                  179728752.000 r
  U2824/Y (NAND2X1)                    1104288.000
                                                  180833040.000 f
  U2825/Y (NAND2X1)                    1395200.000
                                                  182228240.000 r
  U2831/Y (OR2X1)                      2584880.000
                                                  184813120.000 r
  U2832/Y (NAND2X1)                    1048032.000
                                                  185861152.000 f
  U2833/Y (NAND2X1)                    1380016.000
                                                  187241168.000 r
  U2834/Y (NAND2X1)                    863600.000 188104768.000 f
  U2835/Y (NAND2X1)                    1380352.000
                                                  189485120.000 r
  U2837/Y (NAND2X1)                    863680.000 190348800.000 f
  U2838/Y (NAND2X1)                    1384752.000
                                                  191733552.000 r
  U2841/Y (NAND2X1)                    863632.000 192597184.000 f
  U2844/Y (NAND2X1)                    885984.000 193483168.000 r
  U2845/Y (NAND2X1)                    1147488.000
                                                  194630656.000 f
  U2846/Y (NOR2X1)                     1190784.000
                                                  195821440.000 r
  out[0] (out)                            0.000   195821440.000 r
  data arrival time                               195821440.000

  clock clk (rise edge)                200000000.000
                                                  200000000.000
  clock network delay (ideal)             0.000   200000000.000
  clock reconvergence pessimism           0.000   200000000.000
  output external delay                   0.000   200000000.000
  data required time                              200000000.000
  ---------------------------------------------------------------
  data required time                              200000000.000
  data arrival time                               -195821440.000
  ---------------------------------------------------------------
  slack (MET)                                     4178560.000


1
