Information: Updating design information... (UID-85)
 
****************************************
Report : qor
Design : top
Version: S-2021.06-SP2
Date   : Thu Dec 15 09:58:37 2022
****************************************


  Timing Path Group 'clk'
  -----------------------------------
  Levels of Logic:             131.00
  Critical Path Length:  180598336.00
  Critical Path Slack:    19401664.00
  Critical Path Clk Period:
                         200000000.00
  Total Negative Slack:          0.00
  No. of Violating Paths:        0.00
  Worst Hold Violation:          0.00
  Total Hold Violation:          0.00
  No. of Hold Violations:        0.00
  -----------------------------------


  Cell Count
  -----------------------------------
  Hierarchical Cell Count:          0
  Hierarchical Port Count:          0
  Leaf Cell Count:               1841
  Buf/Inv Cell Count:             483
  Buf Cell Count:                   0
  Inv Cell Count:                 483
  CT Buf/Inv Cell Count:            0
  Combinational Cell Count:      1841
  Sequential Cell Count:            0
  Macro Count:                      0
  -----------------------------------


  Area
  -----------------------------------
  Combinational Area:
                     667162939.000000
  Noncombinational Area:     0.000000
  Buf/Inv Area:      110326860.000000
  Total Buffer Area:             0.00
  Total Inverter Area:   110326860.00
  Macro/Black Box Area:      0.000000
  Net Area:                  0.000000
  -----------------------------------
  Cell Area:         667162939.000000
  Design Area:       667162939.000000


  Design Rules
  -----------------------------------
  Total Number of Nets:          1865
  Nets With Violations:          1841
  Max Trans Violations:          1841
  Max Cap Violations:               0
  -----------------------------------


  Hostname: leoforos

  Compile CPU Statistics
  -----------------------------------------
  Resource Sharing:                    3.65
  Logic Optimization:                  0.10
  Mapping Optimization:                1.61
  -----------------------------------------
  Overall Compile Time:               43.09
  Overall Compile Wall Clock Time:    43.45

  --------------------------------------------------------------------

  Design  WNS: 0.00  TNS: 0.00  Number of Violating Paths: 0


  Design (Hold)  WNS: 0.00  TNS: 0.00  Number of Violating Paths: 0

  --------------------------------------------------------------------


1
