 
****************************************
Report : timing
        -path full
        -delay max
        -max_paths 1
Design : top
Version: S-2021.06-SP2
Date   : Sat Dec  3 11:22:09 2022
****************************************

Operating Conditions: TT   Library: PPDK_Standard_Library_1.0V_25C_TYP_X1
Wire Load Model Mode: top

  Startpoint: inp[16] (input port clocked by clk)
  Endpoint: out[0] (output port clocked by clk)
  Path Group: clk
  Path Type: max

  Point                                    Incr       Path
  -----------------------------------------------------------
  clock clk (rise edge)                   0.000      0.000
  clock network delay (ideal)             0.000      0.000
  input external delay                    0.000      0.000 f
  inp[16] (in)                            0.000      0.000 f
  U100/Y (XOR2X1)                      5946679.000
                                                  5946679.000 r
  U1031/Y (XOR2X1)                     4225773.000
                                                  10172452.000 f
  U1032/Y (XOR2X1)                     5107164.000
                                                  15279616.000 r
  U1045/Y (XOR2X1)                     4334006.000
                                                  19613622.000 f
  U232/Y (AND2X1)                      2058080.000
                                                  21671702.000 f
  U233/Y (INVX1)                       -1453738.000
                                                  20217964.000 r
  U105/Y (AND2X1)                      1882000.000
                                                  22099964.000 r
  U106/Y (INVX1)                       715668.000 22815632.000 f
  U1056/Y (NAND2X1)                    935722.000 23751354.000 r
  U222/Y (AND2X1)                      1791146.000
                                                  25542500.000 r
  U223/Y (INVX1)                       715286.000 26257786.000 f
  U1072/Y (NAND2X1)                    1285604.000
                                                  27543390.000 r
  U666/Y (AND2X1)                      1818782.000
                                                  29362172.000 r
  U667/Y (INVX1)                       708072.000 30070244.000 f
  U1076/Y (OR2X1)                      2115206.000
                                                  32185450.000 f
  U202/Y (AND2X1)                      2048494.000
                                                  34233944.000 f
  U203/Y (INVX1)                       -1448026.000
                                                  32785918.000 r
  U668/Y (AND2X1)                      1881998.000
                                                  34667916.000 r
  U669/Y (INVX1)                       718800.000 35386716.000 f
  U114/Y (AND2X1)                      2034912.000
                                                  37421628.000 f
  U115/Y (INVX1)                       -1291488.000
                                                  36130140.000 r
  U212/Y (AND2X1)                      1881900.000
                                                  38012040.000 r
  U213/Y (INVX1)                       715232.000 38727272.000 f
  U320/Y (AND2X1)                      2034872.000
                                                  40762144.000 f
  U321/Y (INVX1)                       -1314988.000
                                                  39447156.000 r
  U1095/Y (NAND2X1)                    1051096.000
                                                  40498252.000 f
  U1097/Y (NAND2X1)                    903516.000 41401768.000 r
  U110/Y (AND2X1)                      1794160.000
                                                  43195928.000 r
  U111/Y (INVX1)                       715720.000 43911648.000 f
  U676/Y (AND2X1)                      2034872.000
                                                  45946520.000 f
  U677/Y (INVX1)                       -1453024.000
                                                  44493496.000 r
  U670/Y (AND2X1)                      1882000.000
                                                  46375496.000 r
  U671/Y (INVX1)                       708020.000 47083516.000 f
  U1115/Y (OR2X1)                      2115208.000
                                                  49198724.000 f
  U204/Y (AND2X1)                      2048496.000
                                                  51247220.000 f
  U205/Y (INVX1)                       -1447992.000
                                                  49799228.000 r
  U1119/Y (NAND2X1)                    1054100.000
                                                  50853328.000 f
  U101/Y (AND2X1)                      2441912.000
                                                  53295240.000 f
  U102/Y (INVX1)                       -1291736.000
                                                  52003504.000 r
  U107/Y (AND2X1)                      1881900.000
                                                  53885404.000 r
  U108/Y (INVX1)                       718792.000 54604196.000 f
  U103/Y (AND2X1)                      2034912.000
                                                  56639108.000 f
  U104/Y (INVX1)                       -1291928.000
                                                  55347180.000 r
  U625/Y (AND2X1)                      1881900.000
                                                  57229080.000 r
  U626/Y (INVX1)                       715632.000 57944712.000 f
  U1137/Y (NAND2X1)                    930060.000 58874772.000 r
  U1152/Y (NAND2X1)                    1162236.000
                                                  60037008.000 f
  U1153/Y (NAND2X1)                    1748112.000
                                                  61785120.000 r
  U1154/Y (INVX1)                      1095904.000
                                                  62881024.000 f
  U1511/Y (NAND2X1)                    1285960.000
                                                  64166984.000 r
  U1512/Y (NAND2X1)                    1231788.000
                                                  65398772.000 f
  U672/Y (XOR2X1)                      5937460.000
                                                  71336232.000 r
  U673/Y (INVX1)                       1233496.000
                                                  72569728.000 f
  U2349/Y (XOR2X1)                     2908072.000
                                                  75477800.000 f
  U2380/Y (XNOR2X1)                    6062808.000
                                                  81540608.000 f
  U605/Y (XOR2X1)                      5381016.000
                                                  86921624.000 r
  U606/Y (INVX1)                       1262304.000
                                                  88183928.000 f
  U158/Y (AND2X1)                      2034720.000
                                                  90218648.000 f
  U159/Y (INVX1)                       -1386424.000
                                                  88832224.000 r
  U2405/Y (NAND2X1)                    1056320.000
                                                  89888544.000 f
  U2406/Y (NOR2X1)                     1190256.000
                                                  91078800.000 r
  U2407/Y (OR2X1)                      2203800.000
                                                  93282600.000 r
  U128/Y (AND2X1)                      1876160.000
                                                  95158760.000 r
  U129/Y (INVX1)                       718800.000 95877560.000 f
  U2427/Y (OR2X1)                      2115216.000
                                                  97992776.000 f
  U724/Y (AND2X1)                      2048496.000
                                                  100041272.000 f
  U725/Y (INVX1)                       -1521296.000
                                                  98519976.000 r
  U2428/Y (NAND2X1)                    805280.000 99325256.000 f
  U602/Y (AND2X1)                      1855368.000
                                                  101180624.000 f
  U428/Y (OR2X1)                       2084600.000
                                                  103265224.000 f
  U2451/Y (OR2X1)                      2082400.000
                                                  105347624.000 f
  U674/Y (AND2X1)                      2048080.000
                                                  107395704.000 f
  U675/Y (INVX1)                       -1453008.000
                                                  105942696.000 r
  U2473/Y (NAND2X1)                    805312.000 106748008.000 f
  U2478/Y (OR2X1)                      2087672.000
                                                  108835680.000 f
  U657/Y (AND2X1)                      2048080.000
                                                  110883760.000 f
  U658/Y (INVX1)                       -1453000.000
                                                  109430760.000 r
  U2493/Y (NAND2X1)                    805312.000 110236072.000 f
  U2498/Y (OR2X1)                      2087680.000
                                                  112323752.000 f
  U136/Y (AND2X1)                      2048080.000
                                                  114371832.000 f
  U137/Y (INVX1)                       -1448040.000
                                                  112923792.000 r
  U83/Y (NAND2X1)                      803664.000 113727456.000 f
  U122/Y (AND2X1)                      2046064.000
                                                  115773520.000 f
  U123/Y (INVX1)                       -1336608.000
                                                  114436912.000 r
  U518/Y (AND2X1)                      1881928.000
                                                  116318840.000 r
  U519/Y (INVX1)                       718568.000 117037408.000 f
  U459/Y (NAND2X1)                     918776.000 117956184.000 r
  U458/Y (NAND2X1)                     872664.000 118828848.000 f
  U457/Y (NOR2X1)                      1196560.000
                                                  120025408.000 r
  U425/Y (OR2X1)                       2133592.000
                                                  122159000.000 r
  U660/Y (AND2X1)                      1875888.000
                                                  124034888.000 r
  U661/Y (INVX1)                       718792.000 124753680.000 f
  U2529/Y (OR2X1)                      2115216.000
                                                  126868896.000 f
  U290/Y (AND2X1)                      2048496.000
                                                  128917392.000 f
  U291/Y (INVX1)                       -1450720.000
                                                  127466672.000 r
  U496/Y (NAND2X1)                     805312.000 128271984.000 f
  U495/Y (OR2X1)                       2088968.000
                                                  130360952.000 f
  U540/Y (AND2X1)                      1851352.000
                                                  132212304.000 f
  U126/Y (NOR2X1)                      1632936.000
                                                  133845240.000 r
  U515/Y (INVX1)                       999608.000 134844848.000 f
  U2833/Y (XOR2X1)                     5305680.000
                                                  140150528.000 r
  U2834/Y (INVX1)                      1241328.000
                                                  141391856.000 f
  U913/Y (NAND2X1)                     919488.000 142311344.000 r
  U469/Y (NAND2X1)                     848016.000 143159360.000 f
  U466/Y (NAND2X1)                     879600.000 144038960.000 r
  U468/Y (NAND2X1)                     848288.000 144887248.000 f
  U467/Y (NAND2X1)                     1341776.000
                                                  146229024.000 r
  U2954/Y (NAND2X1)                    865776.000 147094800.000 f
  U2955/Y (NAND2X1)                    1385216.000
                                                  148480016.000 r
  U641/Y (AND2X1)                      1798432.000
                                                  150278448.000 r
  U642/Y (INVX1)                       715840.000 150994288.000 f
  U82/Y (AND2X1)                       2037088.000
                                                  153031376.000 f
  U476/Y (NAND2X1)                     855760.000 153887136.000 r
  U475/Y (NAND2X1)                     847984.000 154735120.000 f
  U2970/Y (NAND2X1)                    879600.000 155614720.000 r
  U2977/Y (NAND2X1)                    848288.000 156463008.000 f
  U441/Y (NAND2X1)                     1341760.000
                                                  157804768.000 r
  U140/Y (AND2X1)                      1795696.000
                                                  159600464.000 r
  U141/Y (INVX1)                       720192.000 160320656.000 f
  U2984/Y (NAND2X1)                    1291568.000
                                                  161612224.000 r
  U437/Y (NOR2X1)                      -88592.000 161523632.000 f
  U435/Y (NOR2X1)                      1198784.000
                                                  162722416.000 r
  U121/Y (OR2X1)                       2132384.000
                                                  164854800.000 r
  U514/Y (AND2X1)                      1881328.000
                                                  166736128.000 r
  U729/Y (INVX1)                       720192.000 167456320.000 f
  U86/Y (NAND2X1)                      918864.000 168375184.000 r
  U3000/Y (NAND2X1)                    848288.000 169223472.000 f
  U445/Y (NAND2X1)                     1345488.000
                                                  170568960.000 r
  U138/Y (AND2X1)                      1785568.000
                                                  172354528.000 r
  U139/Y (INVX1)                       720192.000 173074720.000 f
  U594/Y (AND2X1)                      1864768.000
                                                  174939488.000 f
  U81/Y (NAND2X1)                      862624.000 175802112.000 r
  U451/Y (NAND2X1)                     930976.000 176733088.000 f
  U449/Y (NAND2X1)                     881424.000 177614512.000 r
  U447/Y (NAND2X1)                     847984.000 178462496.000 f
  U85/Y (NAND2X1)                      1380368.000
                                                  179842864.000 r
  U3020/Y (NAND2X1)                    864512.000 180707376.000 f
  U3025/Y (NAND2X1)                    886224.000 181593600.000 r
  U3029/Y (NAND2X1)                    873872.000 182467472.000 f
  U84/Y (NAND2X1)                      1403888.000
                                                  183871360.000 r
  U3032/Y (NAND2X1)                    1155872.000
                                                  185027232.000 f
  U478/Y (NAND2X1)                     1400288.000
                                                  186427520.000 r
  U477/Y (NAND2X1)                     866896.000 187294416.000 f
  U3040/Y (NAND2X1)                    892160.000 188186576.000 r
  U509/Y (NOR2X1)                      1116384.000
                                                  189302960.000 f
  U91/Y (INVX1)                        -290832.000
                                                  189012128.000 r
  U92/Y (NAND2X1)                      800944.000 189813072.000 f
  U3044/Y (NAND2X1)                    1345424.000
                                                  191158496.000 r
  U490/Y (INVX1)                       1095648.000
                                                  192254144.000 f
  U489/Y (NAND2X1)                     919312.000 193173456.000 r
  U488/Y (NAND2X1)                     847984.000 194021440.000 f
  U487/Y (NAND2X1)                     1752592.000
                                                  195774032.000 r
  U3074/Y (NAND2X1)                    864240.000 196638272.000 f
  U3079/Y (NAND2X1)                    879408.000 197517680.000 r
  U3083/Y (NAND2X1)                    1233168.000
                                                  198750848.000 f
  U3084/Y (INVX1)                      -562928.000
                                                  198187920.000 r
  U3085/Y (NOR2X1)                     545232.000 198733152.000 f
  out[0] (out)                            0.000   198733152.000 f
  data arrival time                               198733152.000

  clock clk (rise edge)                200000000.000
                                                  200000000.000
  clock network delay (ideal)             0.000   200000000.000
  output external delay                   0.000   200000000.000
  data required time                              200000000.000
  -----------------------------------------------------------
  data required time                              200000000.000
  data arrival time                               -198733152.000
  -----------------------------------------------------------
  slack (MET)                                     1266848.000


1
