 
****************************************
Report : timing
        -path full
        -delay max
        -max_paths 1
Design : top
Version: S-2021.06-SP2
Date   : Sun Dec 18 18:39:57 2022
****************************************

Operating Conditions: TT   Library: PPDK_Standard_Library_0.6V_25C_TYP_X1
Wire Load Model Mode: top

  Startpoint: inp[5] (input port clocked by clk)
  Endpoint: out[0] (output port clocked by clk)
  Path Group: clk
  Path Type: max

  Point                                    Incr       Path
  -----------------------------------------------------------
  clock clk (rise edge)                   0.000      0.000
  clock network delay (ideal)             0.000      0.000
  input external delay                    0.000      0.000 r
  inp[5] (in)                             0.000      0.000 r
  U1171/Y (NAND2X1)                    2167689.000
                                                  2167689.000 f
  U1175/Y (NAND2X1)                    615342.750 2783031.750 r
  U1176/Y (NAND2X1)                    2643568.250
                                                  5426600.000 f
  U1177/Y (NAND2X1)                    629663.000 6056263.000 r
  U1178/Y (NAND2X1)                    2658819.000
                                                  8715082.000 f
  U1179/Y (XNOR2X1)                    8814058.000
                                                  17529140.000 f
  U1180/Y (INVX1)                      -656886.000
                                                  16872254.000 r
  U451/Y (XNOR2X1)                     8144146.000
                                                  25016400.000 r
  U452/Y (INVX1)                       1437194.000
                                                  26453594.000 f
  U1189/Y (NAND2X1)                    1081818.000
                                                  27535412.000 r
  U190/Y (INVX1)                       1495214.000
                                                  29030626.000 f
  U191/Y (INVX1)                       427032.000 29457658.000 r
  U1261/Y (NAND2X1)                    2299878.000
                                                  31757536.000 f
  U1262/Y (NAND2X1)                    862164.000 32619700.000 r
  U1264/Y (NAND2X1)                    1469208.000
                                                  34088908.000 f
  U413/Y (AND2X1)                      3573096.000
                                                  37662004.000 f
  U474/Y (XNOR2X1)                     8858796.000
                                                  46520800.000 f
  U475/Y (INVX1)                       -662640.000
                                                  45858160.000 r
  U592/Y (XNOR2X1)                     8144032.000
                                                  54002192.000 r
  U774/Y (INVX1)                       1459272.000
                                                  55461464.000 f
  U476/Y (XNOR2X1)                     8734536.000
                                                  64196000.000 f
  U477/Y (INVX1)                       -669444.000
                                                  63526556.000 r
  U349/Y (XNOR2X1)                     8160340.000
                                                  71686896.000 r
  U350/Y (INVX1)                       1516968.000
                                                  73203864.000 f
  U347/Y (INVX1)                       867552.000 74071416.000 r
  U348/Y (INVX1)                       822240.000 74893656.000 f
  U471/Y (XNOR2X1)                     8732656.000
                                                  83626312.000 f
  U472/Y (INVX1)                       -697824.000
                                                  82928488.000 r
  U730/Y (XNOR2X1)                     8144008.000
                                                  91072496.000 r
  U731/Y (INVX1)                       1459472.000
                                                  92531968.000 f
  U1318/Y (NAND2X1)                    673736.000 93205704.000 r
  U212/Y (AND2X1)                      2336160.000
                                                  95541864.000 r
  U213/Y (INVX1)                       1308696.000
                                                  96850560.000 f
  U1320/Y (OR2X1)                      3173440.000
                                                  100024000.000 f
  U1321/Y (NAND2X1)                    831928.000 100855928.000 r
  U1322/Y (NAND2X1)                    1483400.000
                                                  102339328.000 f
  U180/Y (XNOR2X1)                     8809224.000
                                                  111148552.000 f
  U181/Y (INVX1)                       -697760.000
                                                  110450792.000 r
  U620/Y (XNOR2X1)                     8144008.000
                                                  118594800.000 r
  U621/Y (INVX1)                       1552904.000
                                                  120147704.000 f
  U1346/Y (OR2X1)                      3174544.000
                                                  123322248.000 f
  U1347/Y (NAND2X1)                    846920.000 124169168.000 r
  U419/Y (AND2X1)                      2307808.000
                                                  126476976.000 r
  U420/Y (INVX1)                       1340880.000
                                                  127817856.000 f
  U1361/Y (NAND2X1)                    952304.000 128770160.000 r
  U1362/Y (NAND2X1)                    2659632.000
                                                  131429792.000 f
  U1371/Y (NAND2X1)                    1088608.000
                                                  132518400.000 r
  U208/Y (INVX1)                       1523096.000
                                                  134041496.000 f
  U209/Y (INVX1)                       427240.000 134468736.000 r
  U1376/Y (NAND2X1)                    1520864.000
                                                  135989600.000 f
  U1377/Y (NAND2X1)                    1290432.000
                                                  137280032.000 r
  U1378/Y (INVX1)                      1452496.000
                                                  138732528.000 f
  U534/Y (XNOR2X1)                     8734512.000
                                                  147467040.000 f
  U535/Y (INVX1)                       -697872.000
                                                  146769168.000 r
  U740/Y (XNOR2X1)                     8147280.000
                                                  154916448.000 r
  U741/Y (INVX1)                       1560400.000
                                                  156476848.000 f
  U1608/Y (NAND2X1)                    951808.000 157428656.000 r
  U1610/Y (NAND2X1)                    1483776.000
                                                  158912432.000 f
  U1611/Y (NAND2X1)                    883072.000 159795504.000 r
  U1612/Y (NAND2X1)                    2756976.000
                                                  162552480.000 f
  U1613/Y (NAND2X1)                    1294304.000
                                                  163846784.000 r
  U1614/Y (INVX1)                      1437904.000
                                                  165284688.000 f
  U1617/Y (NAND2X1)                    673872.000 165958560.000 r
  U1618/Y (NAND2X1)                    2660416.000
                                                  168618976.000 f
  U1619/Y (NAND2X1)                    1285168.000
                                                  169904144.000 r
  U728/Y (INVX1)                       1519520.000
                                                  171423664.000 f
  U729/Y (INVX1)                       436640.000 171860304.000 r
  U1641/Y (NAND2X1)                    2306096.000
                                                  174166400.000 f
  U1642/Y (NOR2X1)                     978144.000 175144544.000 r
  U1643/Y (NOR2X1)                     1323072.000
                                                  176467616.000 f
  U1645/Y (NAND2X1)                    645536.000 177113152.000 r
  U1647/Y (NAND2X1)                    1896240.000
                                                  179009392.000 f
  U425/Y (INVX1)                       -679632.000
                                                  178329760.000 r
  U423/Y (NOR2X1)                      1551504.000
                                                  179881264.000 f
  U424/Y (INVX1)                       -65920.000 179815344.000 r
  U1648/Y (NAND2X1)                    2277248.000
                                                  182092592.000 f
  U1649/Y (NAND2X1)                    619328.000 182711920.000 r
  U1650/Y (NAND2X1)                    1469280.000
                                                  184181200.000 f
  U1651/Y (NAND2X1)                    636608.000 184817808.000 r
  U1652/Y (NAND2X1)                    2660576.000
                                                  187478384.000 f
  U898/Y (OR2X1)                       3366192.000
                                                  190844576.000 f
  U1653/Y (NAND2X1)                    1257376.000
                                                  192101952.000 r
  U1654/Y (INVX1)                      1478720.000
                                                  193580672.000 f
  U1655/Y (NOR2X1)                     954576.000 194535248.000 r
  out[0] (out)                            0.000   194535248.000 r
  data arrival time                               194535248.000

  clock clk (rise edge)                200000000.000
                                                  200000000.000
  clock network delay (ideal)             0.000   200000000.000
  output external delay                   0.000   200000000.000
  data required time                              200000000.000
  -----------------------------------------------------------
  data required time                              200000000.000
  data arrival time                               -194535248.000
  -----------------------------------------------------------
  slack (MET)                                     5464752.000


1
