 
****************************************
Report : timing
        -path full
        -delay max
        -max_paths 1
Design : top
Version: S-2021.06-SP2
Date   : Fri Dec 16 14:19:26 2022
****************************************

Operating Conditions: TT   Library: PPDK_Standard_Library_1.0V_25C_TYP_X1
Wire Load Model Mode: top

  Startpoint: inp[39] (input port clocked by clk)
  Endpoint: out[0] (output port clocked by clk)
  Path Group: clk
  Path Type: max

  Point                                    Incr       Path
  -----------------------------------------------------------
  clock clk (rise edge)                   0.000      0.000
  clock network delay (ideal)             0.000      0.000
  input external delay                    0.000      0.000 r
  inp[39] (in)                            0.000      0.000 r
  U1041/Y (AND2X1)                     2212705.500
                                                  2212705.500 r
  U1042/Y (INVX1)                      709560.250 2922265.750 f
  U1478/Y (NAND2X1)                    1362922.750
                                                  4285188.500 r
  U1479/Y (INVX1)                      1116205.500
                                                  5401394.000 f
  U1480/Y (NAND2X1)                    1290195.500
                                                  6691589.500 r
  U1481/Y (AND2X1)                     936289.500 7627879.000 r
  U948/Y (AND2X1)                      2178022.000
                                                  9805901.000 r
  U949/Y (INVX1)                       714441.000 10520342.000 f
  U1534/Y (NAND2X1)                    930056.000 11450398.000 r
  U1535/Y (XOR2X1)                     4835379.000
                                                  16285777.000 f
  U1536/Y (XOR2X1)                     5094473.000
                                                  21380250.000 r
  U1539/Y (XOR2X1)                     4323836.000
                                                  25704086.000 f
  U1545/Y (NOR2X1)                     1642608.000
                                                  27346694.000 r
  U1546/Y (INVX1)                      1007112.000
                                                  28353806.000 f
  U1559/Y (NAND2X1)                    1290596.000
                                                  29644402.000 r
  U1560/Y (XOR2X1)                     4768542.000
                                                  34412944.000 f
  U1566/Y (NAND2X1)                    1750408.000
                                                  36163352.000 r
  U1009/Y (INVX1)                      899256.000 37062608.000 f
  U1010/Y (INVX1)                      446428.000 37509036.000 r
  U1572/Y (NAND2X1)                    1053900.000
                                                  38562936.000 f
  U1573/Y (XOR2X1)                     5244760.000
                                                  43807696.000 r
  U700/Y (AND2X1)                      2174556.000
                                                  45982252.000 r
  U701/Y (INVX1)                       715792.000 46698044.000 f
  U882/Y (AND2X1)                      2034888.000
                                                  48732932.000 f
  U883/Y (INVX1)                       -1360972.000
                                                  47371960.000 r
  U878/Y (AND2X1)                      1881944.000
                                                  49253904.000 r
  U879/Y (INVX1)                       708816.000 49962720.000 f
  U1575/Y (NAND2X1)                    1285924.000
                                                  51248644.000 r
  U698/Y (AND2X1)                      2174556.000
                                                  53423200.000 r
  U699/Y (INVX1)                       715792.000 54138992.000 f
  U1576/Y (NAND2X1)                    1303612.000
                                                  55442604.000 r
  U832/Y (NAND2X1)                     1127984.000
                                                  56570588.000 f
  U1577/Y (NOR2X1)                     1195124.000
                                                  57765712.000 r
  U1057/Y (OR2X1)                      1621852.000
                                                  59387564.000 r
  U1058/Y (INVX1)                      721476.000 60109040.000 f
  U1614/Y (XOR2X1)                     2989952.000
                                                  63098992.000 f
  U1625/Y (NAND2X1)                    835396.000 63934388.000 r
  U1626/Y (NAND2X1)                    1153136.000
                                                  65087524.000 f
  U1634/Y (XOR2X1)                     5353404.000
                                                  70440928.000 r
  U1636/Y (INVX1)                      1253584.000
                                                  71694512.000 f
  U1637/Y (NAND2X1)                    1289744.000
                                                  72984256.000 r
  U1638/Y (NAND2X1)                    1126448.000
                                                  74110704.000 f
  U1639/Y (NAND2X1)                    1752592.000
                                                  75863296.000 r
  U1650/Y (INVX1)                      1101496.000
                                                  76964792.000 f
  U1651/Y (NAND2X1)                    1290256.000
                                                  78255048.000 r
  U1652/Y (NAND2X1)                    1126584.000
                                                  79381632.000 f
  U515/Y (AND2X1)                      2439520.000
                                                  81821152.000 f
  U516/Y (INVX1)                       -1294576.000
                                                  80526576.000 r
  U1655/Y (OR2X1)                      1641488.000
                                                  82168064.000 r
  U884/Y (AND2X1)                      2196640.000
                                                  84364704.000 r
  U885/Y (INVX1)                       708592.000 85073296.000 f
  U738/Y (XNOR2X1)                     6580888.000
                                                  91654184.000 f
  U739/Y (INVX1)                       -252736.000
                                                  91401448.000 r
  U1698/Y (INVX1)                      651904.000 92053352.000 f
  U1699/Y (NAND2X1)                    1285840.000
                                                  93339192.000 r
  U800/Y (AND2X1)                      2174568.000
                                                  95513760.000 r
  U801/Y (INVX1)                       733008.000 96246768.000 f
  U1700/Y (INVX1)                      473344.000 96720112.000 r
  U1742/Y (NAND2X1)                    1054144.000
                                                  97774256.000 f
  U517/Y (AND2X1)                      2044208.000
                                                  99818464.000 f
  U518/Y (INVX1)                       -1294640.000
                                                  98523824.000 r
  U1748/Y (NAND2X1)                    802496.000 99326320.000 f
  U1749/Y (NAND2X1)                    1382296.000
                                                  100708616.000 r
  U617/Y (AND2X1)                      1798080.000
                                                  102506696.000 r
  U618/Y (INVX1)                       707632.000 103214328.000 f
  U922/Y (AND2X1)                      2034872.000
                                                  105249200.000 f
  U923/Y (INVX1)                       -1336584.000
                                                  103912616.000 r
  U1756/Y (NAND2X1)                    800456.000 104713072.000 f
  U1757/Y (NAND2X1)                    1752600.000
                                                  106465672.000 r
  U585/Y (AND2X1)                      2166208.000
                                                  108631880.000 r
  U586/Y (INVX1)                       718288.000 109350168.000 f
  U1758/Y (NAND2X1)                    918864.000 110269032.000 r
  U837/Y (AND2X1)                      1877112.000
                                                  112146144.000 r
  U633/Y (AND2X1)                      2180248.000
                                                  114326392.000 r
  U634/Y (INVX1)                       713720.000 115040112.000 f
  U692/Y (AND2X1)                      2034872.000
                                                  117074984.000 f
  U693/Y (INVX1)                       -1279320.000
                                                  115795664.000 r
  U1776/Y (NAND2X1)                    1050520.000
                                                  116846184.000 f
  U894/Y (AND2X1)                      2044144.000
                                                  118890328.000 f
  U895/Y (INVX1)                       -1323280.000
                                                  117567048.000 r
  U1785/Y (OR2X1)                      1639552.000
                                                  119206600.000 r
  U924/Y (AND2X1)                      2196824.000
                                                  121403424.000 r
  U925/Y (INVX1)                       708320.000 122111744.000 f
  U1786/Y (NAND2X1)                    1285632.000
                                                  123397376.000 r
  U926/Y (AND2X1)                      1818776.000
                                                  125216152.000 r
  U927/Y (INVX1)                       708528.000 125924680.000 f
  U1796/Y (NOR2X1)                     1157576.000
                                                  127082256.000 r
  U1798/Y (NOR2X1)                     156752.000 127239008.000 f
  U1799/Y (NAND2X1)                    1380816.000
                                                  128619824.000 r
  U1800/Y (NAND2X1)                    1151104.000
                                                  129770928.000 f
  U1802/Y (NAND2X1)                    1336016.000
                                                  131106944.000 r
  U808/Y (INVX1)                       1080144.000
                                                  132187088.000 f
  U825/Y (INVX1)                       453168.000 132640256.000 r
  U1864/Y (NAND2X1)                    1053552.000
                                                  133693808.000 f
  U1865/Y (NAND2X1)                    1385808.000
                                                  135079616.000 r
  U551/Y (AND2X1)                      2166624.000
                                                  137246240.000 r
  U552/Y (INVX1)                       718144.000 137964384.000 f
  U603/Y (AND2X1)                      2034880.000
                                                  139999264.000 f
  U604/Y (INVX1)                       -1309776.000
                                                  138689488.000 r
  U892/Y (AND2X1)                      1881904.000
                                                  140571392.000 r
  U893/Y (INVX1)                       707296.000 141278688.000 f
  U1873/Y (NAND2X1)                    1285776.000
                                                  142564464.000 r
  U537/Y (AND2X1)                      1818752.000
                                                  144383216.000 r
  U538/Y (INVX1)                       718144.000 145101360.000 f
  U898/Y (AND2X1)                      2034864.000
                                                  147136224.000 f
  U899/Y (INVX1)                       -1327712.000
                                                  145808512.000 r
  U1878/Y (OR2X1)                      1639536.000
                                                  147448048.000 r
  U541/Y (AND2X1)                      1876048.000
                                                  149324096.000 r
  U542/Y (INVX1)                       718144.000 150042240.000 f
  U1883/Y (NAND2X1)                    924560.000 150966800.000 r
  U547/Y (AND2X1)                      2166672.000
                                                  153133472.000 r
  U548/Y (INVX1)                       718128.000 153851600.000 f
  U599/Y (AND2X1)                      2034864.000
                                                  155886464.000 f
  U600/Y (INVX1)                       -1307856.000
                                                  154578608.000 r
  U896/Y (AND2X1)                      1881904.000
                                                  156460512.000 r
  U897/Y (INVX1)                       707360.000 157167872.000 f
  U1888/Y (NAND2X1)                    1285632.000
                                                  158453504.000 r
  U1890/Y (NAND2X1)                    849344.000 159302848.000 f
  U1893/Y (NOR2X1)                     1196736.000
                                                  160499584.000 r
  U1894/Y (NOR2X1)                     99184.000  160598768.000 f
  U1895/Y (NAND2X1)                    885360.000 161484128.000 r
  U1896/Y (NAND2X1)                    865760.000 162349888.000 f
  U1897/Y (NOR2X1)                     1195824.000
                                                  163545712.000 r
  U1905/Y (NAND2X1)                    834128.000 164379840.000 f
  U549/Y (AND2X1)                      2439520.000
                                                  166819360.000 f
  U550/Y (INVX1)                       -1307232.000
                                                  165512128.000 r
  U629/Y (AND2X1)                      1881904.000
                                                  167394032.000 r
  U630/Y (INVX1)                       715600.000 168109632.000 f
  U1911/Y (NAND2X1)                    913216.000 169022848.000 r
  out[0] (out)                            0.000   169022848.000 r
  data arrival time                               169022848.000

  clock clk (rise edge)                250000000.000
                                                  250000000.000
  clock network delay (ideal)             0.000   250000000.000
  output external delay                   0.000   250000000.000
  data required time                              250000000.000
  -----------------------------------------------------------
  data required time                              250000000.000
  data arrival time                               -169022848.000
  -----------------------------------------------------------
  slack (MET)                                     80977152.000


1
