****************************************
Report : timing
	-path_type full
	-delay_type max
	-max_paths 1
	-sort_by slack
Design : top
Version: S-2021.06-SP1
Date   : Fri Dec  2 13:19:20 2022
****************************************


  Startpoint: inp[52] (input port clocked by clk)
  Endpoint: out[0] (output port clocked by clk)
  Path Group: clk
  Path Type: max

  Point                                    Incr       Path
  ---------------------------------------------------------------
  clock clk (rise edge)                   0.000      0.000
  clock network delay (ideal)             0.000      0.000
  input external delay                    0.000      0.000 f
  inp[52] (in)                            0.000      0.000 f
  U1315/Y (INVX1)                      627584.000 627584.000 r
  U343/Y (AND2X1)                      2197152.000
                                                  2824736.000 r
  U344/Y (INVX1)                       725840.000 3550576.000 f
  U2221/Y (NAND2X1)                    915008.000 4465584.000 r
  U1097/Y (AND2X1)                     1829888.000
                                                  6295472.000 r
  U1098/Y (INVX1)                      721856.000 7017328.000 f
  U2227/Y (XOR2X1)                     4920704.000
                                                  11938032.000 r
  U846/Y (AND2X1)                      2173536.000
                                                  14111568.000 r
  U847/Y (INVX1)                       715904.000 14827472.000 f
  U2228/Y (AND2X1)                     2243888.000
                                                  17071360.000 f
  U2234/Y (XOR2X1)                     3005392.000
                                                  20076752.000 f
  U2328/Y (XOR2X1)                     5738336.000
                                                  25815088.000 r
  U2332/Y (XOR2X1)                     4343504.000
                                                  30158592.000 f
  U2334/Y (XOR2X1)                     5733168.000
                                                  35891760.000 r
  U2335/Y (XOR2X1)                     4744832.000
                                                  40636592.000 f
  U558/Y (XNOR2X1)                     6068512.000
                                                  46705104.000 f
  U2437/Y (XOR2X1)                     5218528.000
                                                  51923632.000 r
  U189/Y (AND2X1)                      2174656.000
                                                  54098288.000 r
  U190/Y (INVX1)                       715760.000 54814048.000 f
  U2438/Y (NAND2X1)                    1297520.000
                                                  56111568.000 r
  U2459/Y (XOR2X1)                     4758496.000
                                                  60870064.000 f
  U738/Y (AND2X1)                      2058192.000
                                                  62928256.000 f
  U739/Y (INVX1)                       -1448080.000
                                                  61480176.000 r
  U2460/Y (NAND2X1)                    1054096.000
                                                  62534272.000 f
  U2464/Y (XOR2X1)                     5245312.000
                                                  67779584.000 r
  U2471/Y (NAND2X1)                    848704.000 68628288.000 f
  U2472/Y (AND2X1)                     2246272.000
                                                  70874560.000 f
  U2476/Y (XOR2X1)                     5952688.000
                                                  76827248.000 r
  U608/Y (AND2X1)                      1782144.000
                                                  78609392.000 r
  U609/Y (INVX1)                       715232.000 79324624.000 f
  U2478/Y (AND2X1)                     2241104.000
                                                  81565728.000 f
  U2479/Y (NOR2X1)                     1222640.000
                                                  82788368.000 r
  U2483/Y (NOR2X1)                     67296.000  82855664.000 f
  U187/Y (AND2X1)                      2044464.000
                                                  84900128.000 f
  U188/Y (INVX1)                       -1391664.000
                                                  83508464.000 r
  U2484/Y (NAND2X1)                    1049856.000
                                                  84558320.000 f
  U2485/Y (NAND2X1)                    1380352.000
                                                  85938672.000 r
  U2487/Y (NAND2X1)                    863664.000 86802336.000 f
  U556/Y (NAND2X1)                     1748128.000
                                                  88550464.000 r
  U488/Y (INVX1)                       1101824.000
                                                  89652288.000 f
  U489/Y (INVX1)                       457408.000 90109696.000 r
  U629/Y (AND2X1)                      1936960.000
                                                  92046656.000 r
  U540/Y (INVX1)                       774288.000 92820944.000 f
  U541/Y (INVX1)                       979568.000 93800512.000 r
  U3661/Y (NAND2X1)                    1225984.000
                                                  95026496.000 f
  U3664/Y (NAND2X1)                    1752608.000
                                                  96779104.000 r
  U3665/Y (INVX1)                      1101856.000
                                                  97880960.000 f
  U3667/Y (NAND2X1)                    919216.000 98800176.000 r
  U3668/Y (AND2X1)                     2752656.000
                                                  101552832.000 r
  U3669/Y (NAND2X1)                    841568.000 102394400.000 f
  U3670/Y (AND2X1)                     2245920.000
                                                  104640320.000 f
  U870/Y (AND2X1)                      2050768.000
                                                  106691088.000 f
  U871/Y (INVX1)                       -1452976.000
                                                  105238112.000 r
  U3672/Y (NAND2X1)                    803664.000 106041776.000 f
  U3674/Y (XOR2X1)                     5361328.000
                                                  111403104.000 r
  U317/Y (AND2X1)                      2175616.000
                                                  113578720.000 r
  U318/Y (INVX1)                       715216.000 114293936.000 f
  U3675/Y (NAND2X1)                    1291592.000
                                                  115585528.000 r
  U3676/Y (OR2X1)                      2330200.000
                                                  117915728.000 r
  U3678/Y (NAND2X1)                    801312.000 118717040.000 f
  U409/Y (XNOR2X1)                     6614160.000
                                                  125331200.000 f
  U410/Y (INVX1)                       -1255872.000
                                                  124075328.000 r
  U3702/Y (XOR2X1)                     4506488.000
                                                  128581816.000 f
  U3734/Y (XOR2X1)                     5963800.000
                                                  134545616.000 r
  U976/Y (AND2X1)                      1781232.000
                                                  136326848.000 r
  U977/Y (INVX1)                       715520.000 137042368.000 f
  U3737/Y (NAND2X1)                    1752768.000
                                                  138795136.000 r
  U3738/Y (INVX1)                      1216864.000
                                                  140012000.000 f
  U3739/Y (NAND2X1)                    1283872.000
                                                  141295872.000 r
  U744/Y (AND2X1)                      1819168.000
                                                  143115040.000 r
  U745/Y (INVX1)                       715584.000 143830624.000 f
  U3744/Y (NAND2X1)                    918864.000 144749488.000 r
  U3745/Y (NAND2X1)                    1156672.000
                                                  145906160.000 f
  U3751/Y (NAND2X1)                    885104.000 146791264.000 r
  U633/Y (AND2X1)                      1821216.000
                                                  148612480.000 r
  U183/Y (AND2X1)                      2180896.000
                                                  150793376.000 r
  U184/Y (INVX1)                       713504.000 151506880.000 f
  U435/Y (AND2X1)                      2034880.000
                                                  153541760.000 f
  U436/Y (INVX1)                       -217600.000
                                                  153324160.000 r
  U3757/Y (NOR2X1)                     152256.000 153476416.000 f
  U3758/Y (NOR2X1)                     1195568.000
                                                  154671984.000 r
  U3761/Y (NAND2X1)                    834416.000 155506400.000 f
  U174/Y (AND2X1)                      2046272.000
                                                  157552672.000 f
  U175/Y (INVX1)                       -1288672.000
                                                  156264000.000 r
  U3763/Y (OR2X1)                      1639776.000
                                                  157903776.000 r
  U3768/Y (NAND2X1)                    804912.000 158708688.000 f
  U3770/Y (NAND2X1)                    1341808.000
                                                  160050496.000 r
  U3771/Y (INVX1)                      1116592.000
                                                  161167088.000 f
  U3775/Y (NAND2X1)                    919344.000 162086432.000 r
  U3780/Y (NAND2X1)                    848032.000 162934464.000 f
  U3782/Y (NAND2X1)                    1341936.000
                                                  164276400.000 r
  U3783/Y (INVX1)                      1093488.000
                                                  165369888.000 f
  U3784/Y (NAND2X1)                    1284304.000
                                                  166654192.000 r
  U3787/Y (NAND2X1)                    848080.000 167502272.000 f
  U3789/Y (NAND2X1)                    1341824.000
                                                  168844096.000 r
  U3790/Y (INVX1)                      1096512.000
                                                  169940608.000 f
  U3795/Y (NAND2X1)                    919328.000 170859936.000 r
  U3800/Y (NAND2X1)                    848032.000 171707968.000 f
  U3802/Y (NAND2X1)                    1341920.000
                                                  173049888.000 r
  U3803/Y (INVX1)                      1093504.000
                                                  174143392.000 f
  U3804/Y (NAND2X1)                    1284288.000
                                                  175427680.000 r
  U3807/Y (NAND2X1)                    848096.000 176275776.000 f
  U3809/Y (NAND2X1)                    1343072.000
                                                  177618848.000 r
  U3815/Y (INVX1)                      1096432.000
                                                  178715280.000 f
  U3817/Y (NAND2X1)                    919328.000 179634608.000 r
  U630/Y (AND2X1)                      2174688.000
                                                  181809296.000 r
  U509/Y (INVX1)                       735120.000 182544416.000 f
  U4203/Y (NAND2X1)                    1297600.000
                                                  183842016.000 r
  U4204/Y (NAND2X1)                    1232240.000
                                                  185074256.000 f
  U4205/Y (NOR2X1)                     1195104.000
                                                  186269360.000 r
  U4208/Y (NOR2X1)                     99088.000  186368448.000 f
  U4209/Y (NAND2X1)                    879040.000 187247488.000 r
  U4211/Y (NAND2X1)                    930960.000 188178448.000 f
  U4224/Y (NAND2X1)                    881008.000 189059456.000 r
  U4225/Y (NAND2X1)                    1155824.000
                                                  190215280.000 f
  U4231/Y (OR2X1)                      2087712.000
                                                  192302992.000 f
  U4232/Y (NAND2X1)                    1752576.000
                                                  194055568.000 r
  U4233/Y (INVX1)                      1069472.000
                                                  195125040.000 f
  U4234/Y (NAND2X1)                    1284384.000
                                                  196409424.000 r
  U4238/Y (NAND2X1)                    848096.000 197257520.000 f
  U176/Y (AND2X1)                      2046080.000
                                                  199303600.000 f
  U177/Y (INVX1)                       -1299120.000
                                                  198004480.000 r
  U4243/Y (OR2X1)                      1639696.000
                                                  199644176.000 r
  U4247/Y (NAND2X1)                    804912.000 200449088.000 f
  U4249/Y (NAND2X1)                    1341808.000
                                                  201790896.000 r
  U4250/Y (INVX1)                      1116208.000
                                                  202907104.000 f
  U4254/Y (NAND2X1)                    919360.000 203826464.000 r
  U4258/Y (NAND2X1)                    848096.000 204674560.000 f
  U4260/Y (NAND2X1)                    1341920.000
                                                  206016480.000 r
  U4261/Y (INVX1)                      1096432.000
                                                  207112912.000 f
  U4262/Y (NAND2X1)                    1284304.000
                                                  208397216.000 r
  U4264/Y (NAND2X1)                    848080.000 209245296.000 f
  U554/Y (NAND2X1)                     1389472.000
                                                  210634768.000 r
  U534/Y (INVX1)                       1125680.000
                                                  211760448.000 f
  U535/Y (INVX1)                       969152.000 212729600.000 r
  U1138/Y (INVX1)                      647008.000 213376608.000 f
  U4266/Y (NOR2X1)                     1157984.000
                                                  214534592.000 r
  U4439/Y (NOR2X1)                     101760.000 214636352.000 f
  U4442/Y (NAND2X1)                    886528.000 215522880.000 r
  U4447/Y (OR2X1)                      2561248.000
                                                  218084128.000 r
  U4451/Y (NAND2X1)                    797440.000 218881568.000 f
  U4453/Y (NAND2X1)                    885504.000 219767072.000 r
  U4457/Y (OR2X1)                      2605392.000
                                                  222372464.000 r
  U4461/Y (NAND2X1)                    797264.000 223169728.000 f
  U4463/Y (NAND2X1)                    885504.000 224055232.000 r
  U4466/Y (OR2X1)                      2606400.000
                                                  226661632.000 r
  U4470/Y (NAND2X1)                    797424.000 227459056.000 f
  U178/Y (AND2X1)                      2046080.000
                                                  229505136.000 f
  U179/Y (INVX1)                       -1299680.000
                                                  228205456.000 r
  U4475/Y (OR2X1)                      1639712.000
                                                  229845168.000 r
  U4479/Y (NAND2X1)                    804912.000 230650080.000 f
  U4481/Y (NAND2X1)                    885504.000 231535584.000 r
  U4486/Y (OR2X1)                      2594800.000
                                                  234130384.000 r
  U4490/Y (NAND2X1)                    797424.000 234927808.000 f
  U4492/Y (NAND2X1)                    885184.000 235812992.000 r
  U4503/Y (NAND2X1)                    866720.000 236679712.000 f
  U4506/Y (NAND2X1)                    879296.000 237559008.000 r
  U4507/Y (NAND2X1)                    1155776.000
                                                  238714784.000 f
  U4509/Y (OR2X1)                      2087712.000
                                                  240802496.000 f
  U4511/Y (NAND2X1)                    872192.000 241674688.000 r
  U1116/Y (AND2X1)                     1811520.000
                                                  243486208.000 r
  U185/Y (AND2X1)                      2180976.000
                                                  245667184.000 r
  U186/Y (INVX1)                       713488.000 246380672.000 f
  U4519/Y (NAND2X1)                    918864.000 247299536.000 r
  U4524/Y (NAND2X1)                    865936.000 248165472.000 f
  out[0] (out)                            0.000   248165472.000 f
  data arrival time                               248165472.000

  clock clk (rise edge)                250000000.000
                                                  250000000.000
  clock network delay (ideal)             0.000   250000000.000
  clock reconvergence pessimism           0.000   250000000.000
  output external delay                   0.000   250000000.000
  data required time                              250000000.000
  ---------------------------------------------------------------
  data required time                              250000000.000
  data arrival time                               -248165472.000
  ---------------------------------------------------------------
  slack (MET)                                     1834528.000


1
