Information: Updating design information... (UID-85)
 
****************************************
Report : qor
Design : top
Version: S-2021.06-SP2
Date   : Sat Dec  3 11:27:28 2022
****************************************


  Timing Path Group 'clk'
  -----------------------------------
  Levels of Logic:             120.00
  Critical Path Length:  141442640.00
  Critical Path Slack:    58557360.00
  Critical Path Clk Period:
                         200000000.00
  Total Negative Slack:          0.00
  No. of Violating Paths:        0.00
  Worst Hold Violation:          0.00
  Total Hold Violation:          0.00
  No. of Hold Violations:        0.00
  -----------------------------------


  Cell Count
  -----------------------------------
  Hierarchical Cell Count:          0
  Hierarchical Port Count:          0
  Leaf Cell Count:               1428
  Buf/Inv Cell Count:             448
  Buf Cell Count:                   0
  Inv Cell Count:                 448
  CT Buf/Inv Cell Count:            0
  Combinational Cell Count:      1428
  Sequential Cell Count:            0
  Macro Count:                      0
  -----------------------------------


  Area
  -----------------------------------
  Combinational Area:
                     506962679.000000
  Noncombinational Area:     0.000000
  Buf/Inv Area:      102332160.000000
  Total Buffer Area:             0.00
  Total Inverter Area:   102332160.00
  Macro/Black Box Area:      0.000000
  Net Area:                  0.000000
  -----------------------------------
  Cell Area:         506962679.000000
  Design Area:       506962679.000000


  Design Rules
  -----------------------------------
  Total Number of Nets:          1449
  Nets With Violations:          1428
  Max Trans Violations:          1428
  Max Cap Violations:               0
  -----------------------------------


  Hostname: leoforos

  Compile CPU Statistics
  -----------------------------------------
  Resource Sharing:                    1.34
  Logic Optimization:                  0.08
  Mapping Optimization:                1.27
  -----------------------------------------
  Overall Compile Time:               16.49
  Overall Compile Wall Clock Time:    16.83

  --------------------------------------------------------------------

  Design  WNS: 0.00  TNS: 0.00  Number of Violating Paths: 0


  Design (Hold)  WNS: 0.00  TNS: 0.00  Number of Violating Paths: 0

  --------------------------------------------------------------------


1
