****************************************
Report : timing
	-path_type full
	-delay_type max
	-max_paths 1
	-sort_by slack
Design : top
Version: S-2021.06-SP1
Date   : Sat Dec  3 11:27:33 2022
****************************************


  Startpoint: inp[0] (input port clocked by clk)
  Endpoint: out[0] (output port clocked by clk)
  Path Group: clk
  Path Type: max

  Point                                    Incr       Path
  ---------------------------------------------------------------
  clock clk (rise edge)                   0.000      0.000
  clock network delay (ideal)             0.000      0.000
  input external delay                    0.000      0.000 f
  inp[0] (in)                             0.000      0.000 f
  U724/Y (INVX1)                       627616.000 627616.000 r
  U752/Y (NAND2X1)                     1056000.000
                                                  1683616.000 f
  U753/Y (NAND2X1)                     1381504.000
                                                  3065120.000 r
  U755/Y (NAND2X1)                     930016.000 3995136.000 f
  U390/Y (INVX1)                       226336.000 4221472.000 r
  U391/Y (INVX1)                       646688.000 4868160.000 f
  U759/Y (OR2X1)                       2115200.000
                                                  6983360.000 f
  U513/Y (AND2X1)                      2434384.000
                                                  9417744.000 f
  U514/Y (INVX1)                       -1327704.000
                                                  8090040.000 r
  U767/Y (OR2X1)                       1641288.000
                                                  9731328.000 r
  U497/Y (AND2X1)                      2196632.000
                                                  11927960.000 r
  U498/Y (INVX1)                       708376.000 12636336.000 f
  U768/Y (NAND2X1)                     930048.000 13566384.000 r
  U123/Y (AND2X1)                      2166624.000
                                                  15733008.000 r
  U124/Y (INVX1)                       718152.000 16451160.000 f
  U770/Y (NAND2X1)                     1362952.000
                                                  17814112.000 r
  U776/Y (NAND2X1)                     1150160.000
                                                  18964272.000 f
  U191/Y (AND2X1)                      2438808.000
                                                  21403080.000 f
  U192/Y (INVX1)                       -1311824.000
                                                  20091256.000 r
  U777/Y (NAND2X1)                     1218696.000
                                                  21309952.000 f
  U781/Y (INVX1)                       -549464.000
                                                  20760488.000 r
  U165/Y (AND2X1)                      1881448.000
                                                  22641936.000 r
  U166/Y (INVX1)                       718512.000 23360448.000 f
  U245/Y (AND2X1)                      2458056.000
                                                  25818504.000 f
  U246/Y (INVX1)                       -1187424.000
                                                  24631080.000 r
  U301/Y (AND2X1)                      1881840.000
                                                  26512920.000 r
  U302/Y (INVX1)                       707872.000 27220792.000 f
  U786/Y (OR2X1)                       2117888.000
                                                  29338680.000 f
  U792/Y (NAND2X1)                     1752568.000
                                                  31091248.000 r
  U796/Y (INVX1)                       1069288.000
                                                  32160536.000 f
  U153/Y (AND2X1)                      2034752.000
                                                  34195288.000 f
  U154/Y (INVX1)                       -1295192.000
                                                  32900096.000 r
  U241/Y (AND2X1)                      1881408.000
                                                  34781504.000 r
  U242/Y (INVX1)                       715592.000 35497096.000 f
  U797/Y (NAND2X1)                     1752752.000
                                                  37249848.000 r
  U798/Y (INVX1)                       1216864.000
                                                  38466712.000 f
  U167/Y (AND2X1)                      2034704.000
                                                  40501416.000 f
  U168/Y (INVX1)                       -1295192.000
                                                  39206224.000 r
  U243/Y (AND2X1)                      2198904.000
                                                  41405128.000 r
  U244/Y (INVX1)                       707640.000 42112768.000 f
  U303/Y (AND2X1)                      2034872.000
                                                  44147640.000 f
  U304/Y (INVX1)                       -1175192.000
                                                  42972448.000 r
  U433/Y (AND2X1)                      2198880.000
                                                  45171328.000 r
  U434/Y (INVX1)                       707872.000 45879200.000 f
  U543/Y (AND2X1)                      2034888.000
                                                  47914088.000 f
  U544/Y (INVX1)                       -1449768.000
                                                  46464320.000 r
  U607/Y (AND2X1)                      1889152.000
                                                  48353472.000 r
  U608/Y (INVX1)                       713368.000 49066840.000 f
  U817/Y (NAND2X1)                     1285752.000
                                                  50352592.000 r
  U125/Y (AND2X1)                      1818760.000
                                                  52171352.000 r
  U126/Y (INVX1)                       718160.000 52889512.000 f
  U819/Y (NAND2X1)                     1315376.000
                                                  54204888.000 r
  U1241/Y (NAND2X1)                    849872.000 55054760.000 f
  U1242/Y (NOR2X1)                     1195048.000
                                                  56249808.000 r
  U415/Y (OR2X1)                       1602880.000
                                                  57852688.000 r
  U247/Y (AND2X1)                      1834064.000
                                                  59686752.000 r
  U248/Y (INVX1)                       713568.000 60400320.000 f
  U613/Y (AND2X1)                      2037080.000
                                                  62437400.000 f
  U1280/Y (NAND2X1)                    859728.000 63297128.000 r
  U617/Y (AND2X1)                      2168200.000
                                                  65465328.000 r
  U618/Y (INVX1)                       721816.000 66187144.000 f
  U1284/Y (NAND2X1)                    918832.000 67105976.000 r
  U1285/Y (NAND2X1)                    1126624.000
                                                  68232600.000 f
  U1286/Y (NAND2X1)                    1399360.000
                                                  69631960.000 r
  U277/Y (AND2X1)                      1795432.000
                                                  71427392.000 r
  U278/Y (INVX1)                       707864.000 72135256.000 f
  U555/Y (AND2X1)                      2034888.000
                                                  74170144.000 f
  U556/Y (INVX1)                       -1449432.000
                                                  72720712.000 r
  U1290/Y (NAND2X1)                    1051984.000
                                                  73772696.000 f
  U1294/Y (NAND2X1)                    1385256.000
                                                  75157952.000 r
  U99/Y (AND2X1)                       2166640.000
                                                  77324592.000 r
  U100/Y (INVX1)                       718144.000 78042736.000 f
  U1295/Y (NAND2X1)                    1362944.000
                                                  79405680.000 r
  U1299/Y (INVX1)                      1072992.000
                                                  80478672.000 f
  U1300/Y (NAND2X1)                    1357520.000
                                                  81836192.000 r
  U609/Y (INVX1)                       912368.000 82748560.000 f
  U610/Y (INVX1)                       446232.000 83194792.000 r
  U537/Y (AND2X1)                      1880360.000
                                                  85075152.000 r
  U538/Y (INVX1)                       715232.000 85790384.000 f
  U1303/Y (NAND2X1)                    924544.000 86714928.000 r
  U1315/Y (OR2X1)                      2547536.000
                                                  89262464.000 r
  U503/Y (AND2X1)                      2199496.000
                                                  91461960.000 r
  U504/Y (INVX1)                       707448.000 92169408.000 f
  U1316/Y (NAND2X1)                    1291600.000
                                                  93461008.000 r
  U1320/Y (OR2X1)                      2330224.000
                                                  95791232.000 r
  U485/Y (AND2X1)                      2199504.000
                                                  97990736.000 r
  U486/Y (INVX1)                       707440.000 98698176.000 f
  U1322/Y (NAND2X1)                    1291608.000
                                                  99989784.000 r
  U1338/Y (OR2X1)                      2330264.000
                                                  102320048.000 r
  U1405/Y (NAND2X1)                    801344.000 103121392.000 f
  U1406/Y (XOR2X1)                     5383264.000
                                                  108504656.000 r
  U573/Y (AND2X1)                      2174656.000
                                                  110679312.000 r
  U574/Y (INVX1)                       715536.000 111394848.000 f
  U1470/Y (NAND2X1)                    1285600.000
                                                  112680448.000 r
  U455/Y (AND2X1)                      1818792.000
                                                  114499240.000 r
  U456/Y (INVX1)                       707600.000 115206840.000 f
  U1472/Y (NAND2X1)                    1285768.000
                                                  116492608.000 r
  U549/Y (AND2X1)                      1818760.000
                                                  118311368.000 r
  U550/Y (INVX1)                       715328.000 119026696.000 f
  U1476/Y (NAND2X1)                    1291576.000
                                                  120318272.000 r
  U1479/Y (OR2X1)                      2340032.000
                                                  122658304.000 r
  U547/Y (AND2X1)                      1883472.000
                                                  124541776.000 r
  U548/Y (INVX1)                       715328.000 125257104.000 f
  U1482/Y (NAND2X1)                    924552.000 126181656.000 r
  U1484/Y (NOR2X1)                     -88616.000 126093040.000 f
  U1486/Y (NOR2X1)                     1193112.000
                                                  127286152.000 r
  U1488/Y (NAND2X1)                    834160.000 128120312.000 f
  U1489/Y (NAND2X1)                    1394696.000
                                                  129515008.000 r
  U213/Y (AND2X1)                      2165480.000
                                                  131680488.000 r
  U214/Y (INVX1)                       718520.000 132399008.000 f
  U471/Y (AND2X1)                      2034880.000
                                                  134433888.000 f
  U472/Y (INVX1)                       -1323296.000
                                                  133110592.000 r
  U1491/Y (NOR2X1)                     549704.000 133660296.000 f
  U1493/Y (NOR2X1)                     1193128.000
                                                  134853424.000 r
  U1495/Y (NAND2X1)                    834160.000 135687584.000 f
  U1497/Y (NAND2X1)                    879728.000 136567312.000 r
  U95/Y (AND2X1)                       2166672.000
                                                  138733984.000 r
  U96/Y (INVX1)                        718128.000 139452112.000 f
  U1498/Y (NOR2X1)                     1157488.000
                                                  140609600.000 r
  U1501/Y (NAND2X1)                    832928.000 141442528.000 f
  out[0] (out)                            0.000   141442528.000 f
  data arrival time                               141442528.000

  clock clk (rise edge)                200000000.000
                                                  200000000.000
  clock network delay (ideal)             0.000   200000000.000
  clock reconvergence pessimism           0.000   200000000.000
  output external delay                   0.000   200000000.000
  data required time                              200000000.000
  ---------------------------------------------------------------
  data required time                              200000000.000
  data arrival time                               -141442528.000
  ---------------------------------------------------------------
  slack (MET)                                     58557472.000


1
