 
****************************************
Report : area
Design : top
Version: S-2021.06-SP2
Date   : Wed Sep 14 11:01:09 2022
****************************************

Library(s) Used:

    PPDK_Standard_Library_1.0V_25C_TYP_X1 (File: /home/akokkinis/synLibs/egfet/db/EGFET_1.0V.db)

Number of ports:                           47
Number of nets:                          1813
Number of cells:                         1769
Number of combinational cells:           1767
Number of sequential cells:                 0
Number of macros/black boxes:               0
Number of buf/inv:                        462
Number of references:                       7

Combinational area:          794191203.000000
Buf/Inv area:                105530040.000000
Noncombinational area:               0.000000
Macro/Black Box area:                0.000000
Net Interconnect area:      undefined  (No wire load specified)

Total cell area:             794191203.000000
Total area:                 undefined
1
