 
****************************************
Report : timing
        -path full
        -delay max
        -max_paths 1
Design : top
Version: S-2021.06-SP2
Date   : Wed Dec 14 20:38:35 2022
****************************************

Operating Conditions: TT   Library: PPDK_Standard_Library_1.0V_25C_TYP_X1
Wire Load Model Mode: top

  Startpoint: inp[16] (input port clocked by clk)
  Endpoint: out[0] (output port clocked by clk)
  Path Group: clk
  Path Type: max

  Point                                    Incr       Path
  -----------------------------------------------------------
  clock clk (rise edge)                   0.000      0.000
  clock network delay (ideal)             0.000      0.000
  input external delay                    0.000      0.000 r
  inp[16] (in)                            0.000      0.000 r
  U442/Y (AND2X1)                      2207109.000
                                                  2207109.000 r
  U443/Y (INVX1)                       705665.000 2912774.000 f
  U791/Y (NOR2X1)                      1627663.500
                                                  4540437.500 r
  U793/Y (INVX1)                       1007117.500
                                                  5547555.000 f
  U270/Y (AND2X1)                      2034790.000
                                                  7582345.000 f
  U271/Y (INVX1)                       -307716.500
                                                  7274628.500 r
  U888/Y (INVX1)                       651999.500 7926628.000 f
  U889/Y (NAND2X1)                     1291760.000
                                                  9218388.000 r
  U252/Y (AND2X1)                      1818315.000
                                                  11036703.000 r
  U253/Y (INVX1)                       732857.000 11769560.000 f
  U891/Y (INVX1)                       440382.000 12209942.000 r
  U892/Y (NAND2X1)                     1053362.000
                                                  13263304.000 f
  U112/Y (AND2X1)                      2441899.000
                                                  15705203.000 f
  U113/Y (INVX1)                       -1279253.000
                                                  14425950.000 r
  U894/Y (OR2X1)                       1641585.000
                                                  16067535.000 r
  U488/Y (AND2X1)                      2196641.000
                                                  18264176.000 r
  U489/Y (INVX1)                       708596.000 18972772.000 f
  U915/Y (XOR2X1)                      4915028.000
                                                  23887800.000 r
  U916/Y (OR2X1)                       2349744.000
                                                  26237544.000 r
  U597/Y (AND2X1)                      2199506.000
                                                  28437050.000 r
  U598/Y (INVX1)                       707662.000 29144712.000 f
  U928/Y (XOR2X1)                      5301072.000
                                                  34445784.000 r
  U941/Y (NAND2X1)                     1236168.000
                                                  35681952.000 f
  U721/Y (INVX1)                       221588.000 35903540.000 r
  U722/Y (INVX1)                       646460.000 36550000.000 f
  U986/Y (NAND2X1)                     1291800.000
                                                  37841800.000 r
  U408/Y (XNOR2X1)                     5495960.000
                                                  43337760.000 r
  U409/Y (INVX1)                       949080.000 44286840.000 f
  U988/Y (NAND2X1)                     1285128.000
                                                  45571968.000 r
  U551/Y (AND2X1)                      2174624.000
                                                  47746592.000 r
  U552/Y (INVX1)                       715772.000 48462364.000 f
  U989/Y (OR2X1)                       2117896.000
                                                  50580260.000 f
  U234/Y (AND2X1)                      2048512.000
                                                  52628772.000 f
  U235/Y (INVX1)                       -1378812.000
                                                  51249960.000 r
  U296/Y (AND2X1)                      1881952.000
                                                  53131912.000 r
  U297/Y (INVX1)                       733056.000 53864968.000 f
  U990/Y (INVX1)                       438972.000 54303940.000 r
  U513/Y (AND2X1)                      2198692.000
                                                  56502632.000 r
  U514/Y (INVX1)                       707708.000 57210340.000 f
  U549/Y (AND2X1)                      2034876.000
                                                  59245216.000 f
  U550/Y (INVX1)                       -1327924.000
                                                  57917292.000 r
  U992/Y (OR2X1)                       1641264.000
                                                  59558556.000 r
  U629/Y (AND2X1)                      2196640.000
                                                  61755196.000 r
  U630/Y (INVX1)                       708376.000 62463572.000 f
  U1003/Y (NAND2X1)                    1291616.000
                                                  63755188.000 r
  U1004/Y (OR2X1)                      2330192.000
                                                  66085380.000 r
  U611/Y (AND2X1)                      2199508.000
                                                  68284888.000 r
  U612/Y (INVX1)                       707440.000 68992328.000 f
  U480/Y (AND2X1)                      2034872.000
                                                  71027200.000 f
  U481/Y (INVX1)                       -1162976.000
                                                  69864224.000 r
  U1007/Y (NAND2X1)                    1051216.000
                                                  70915440.000 f
  U52/Y (AND2X1)                       2441928.000
                                                  73357368.000 f
  U53/Y (INVX1)                        -1291616.000
                                                  72065752.000 r
  U509/Y (AND2X1)                      2199104.000
                                                  74264856.000 r
  U510/Y (INVX1)                       707576.000 74972432.000 f
  U1008/Y (NAND2X1)                    918864.000 75891296.000 r
  U438/Y (AND2X1)                      2174560.000
                                                  78065856.000 r
  U439/Y (INVX1)                       733016.000 78798872.000 f
  U1165/Y (INVX1)                      452672.000 79251544.000 r
  U1184/Y (NAND2X1)                    1052392.000
                                                  80303936.000 f
  U1185/Y (NOR2X1)                     1190240.000
                                                  81494176.000 r
  U1186/Y (NOR2X1)                     1027400.000
                                                  82521576.000 f
  U1187/Y (INVX1)                      -255288.000
                                                  82266288.000 r
  U1189/Y (XOR2X1)                     4516944.000
                                                  86783232.000 f
  U230/Y (AND2X1)                      2058312.000
                                                  88841544.000 f
  U231/Y (INVX1)                       -1291328.000
                                                  87550216.000 r
  U164/Y (AND2X1)                      1881904.000
                                                  89432120.000 r
  U165/Y (INVX1)                       715992.000 90148112.000 f
  U1201/Y (XOR2X1)                     5588256.000
                                                  95736368.000 r
  U713/Y (AND2X1)                      1821512.000
                                                  97557880.000 r
  U714/Y (INVX1)                       715448.000 98273328.000 f
  U727/Y (OR2X1)                       2318744.000
                                                  100592072.000 f
  U1215/Y (NAND2X1)                    872248.000 101464320.000 r
  U118/Y (AND2X1)                      2174368.000
                                                  103638688.000 r
  U119/Y (INVX1)                       715632.000 104354320.000 f
  U110/Y (AND2X1)                      2034872.000
                                                  106389192.000 f
  U111/Y (INVX1)                       -1291952.000
                                                  105097240.000 r
  U1221/Y (NOR2X1)                     559104.000 105656344.000 f
  U242/Y (AND2X1)                      2044560.000
                                                  107700904.000 f
  U243/Y (INVX1)                       -1394152.000
                                                  106306752.000 r
  U358/Y (AND2X1)                      1881960.000
                                                  108188712.000 r
  U359/Y (INVX1)                       707720.000 108896432.000 f
  U1222/Y (NAND2X1)                    1285776.000
                                                  110182208.000 r
  U635/Y (AND2X1)                      1818744.000
                                                  112000952.000 r
  U636/Y (INVX1)                       707704.000 112708656.000 f
  U1224/Y (NAND2X1)                    1291616.000
                                                  114000272.000 r
  U44/Y (AND2X1)                       2174416.000
                                                  116174688.000 r
  U45/Y (INVX1)                        715616.000 116890304.000 f
  U1229/Y (NAND2X1)                    918872.000 117809176.000 r
  U212/Y (AND2X1)                      2166688.000
                                                  119975864.000 r
  U213/Y (INVX1)                       718128.000 120693992.000 f
  U1235/Y (NAND2X1)                    918880.000 121612872.000 r
  U1236/Y (NAND2X1)                    1126256.000
                                                  122739128.000 f
  U1237/Y (NAND2X1)                    881232.000 123620360.000 r
  U1244/Y (NOR2X1)                     -84384.000 123535976.000 f
  U768/Y (AND2X1)                      2445656.000
                                                  125981632.000 f
  U1252/Y (NAND2X1)                    855744.000 126837376.000 r
  U276/Y (AND2X1)                      1818920.000
                                                  128656296.000 r
  U277/Y (INVX1)                       732784.000 129389080.000 f
  U1259/Y (INVX1)                      447248.000 129836328.000 r
  U1260/Y (NAND2X1)                    1051800.000
                                                  130888128.000 f
  U102/Y (AND2X1)                      2441912.000
                                                  133330040.000 f
  U103/Y (INVX1)                       -1279240.000
                                                  132050800.000 r
  U460/Y (NAND2X1)                     800856.000 132851656.000 f
  U1261/Y (NAND2X1)                    885960.000 133737616.000 r
  U1262/Y (NAND2X1)                    848192.000 134585808.000 f
  U80/Y (AND2X1)                       2441904.000
                                                  137027712.000 f
  U81/Y (INVX1)                        -1291760.000
                                                  135735952.000 r
  U210/Y (AND2X1)                      1881904.000
                                                  137617856.000 r
  U211/Y (INVX1)                       715328.000 138333184.000 f
  U176/Y (AND2X1)                      2458080.000
                                                  140791264.000 f
  U177/Y (INVX1)                       -1175024.000
                                                  139616240.000 r
  U541/Y (AND2X1)                      1881328.000
                                                  141497568.000 r
  U542/Y (INVX1)                       715840.000 142213408.000 f
  U58/Y (AND2X1)                       2034880.000
                                                  144248288.000 f
  U59/Y (INVX1)                        -1291760.000
                                                  142956528.000 r
  U607/Y (AND2X1)                      1881904.000
                                                  144838432.000 r
  U608/Y (INVX1)                       708320.000 145546752.000 f
  U1269/Y (NAND2X1)                    1285632.000
                                                  146832384.000 r
  U54/Y (AND2X1)                       1818784.000
                                                  148651168.000 r
  U55/Y (INVX1)                        715568.000 149366736.000 f
  U625/Y (AND2X1)                      2034880.000
                                                  151401616.000 f
  U626/Y (INVX1)                       -1327760.000
                                                  150073856.000 r
  U1274/Y (AND2X1)                     1974400.000
                                                  152048256.000 r
  out[0] (out)                            0.000   152048256.000 r
  data arrival time                               152048256.000

  clock clk (rise edge)                200000000.000
                                                  200000000.000
  clock network delay (ideal)             0.000   200000000.000
  output external delay                   0.000   200000000.000
  data required time                              200000000.000
  -----------------------------------------------------------
  data required time                              200000000.000
  data arrival time                               -152048256.000
  -----------------------------------------------------------
  slack (MET)                                     47951744.000


1
