Information: Updating design information... (UID-85)
 
****************************************
Report : qor
Design : top
Version: S-2021.06-SP2
Date   : Tue Nov 29 14:06:46 2022
****************************************


  Timing Path Group 'clk'
  -----------------------------------
  Levels of Logic:             155.00
  Critical Path Length:  245544496.00
  Critical Path Slack:     4455504.00
  Critical Path Clk Period:
                         250000000.00
  Total Negative Slack:          0.00
  No. of Violating Paths:        0.00
  Worst Hold Violation:          0.00
  Total Hold Violation:          0.00
  No. of Hold Violations:        0.00
  -----------------------------------


  Cell Count
  -----------------------------------
  Hierarchical Cell Count:          0
  Hierarchical Port Count:          0
  Leaf Cell Count:               4419
  Buf/Inv Cell Count:             945
  Buf Cell Count:                   0
  Inv Cell Count:                 945
  CT Buf/Inv Cell Count:            0
  Combinational Cell Count:      4419
  Sequential Cell Count:            0
  Macro Count:                      0
  -----------------------------------


  Area
  -----------------------------------
  Combinational Area:
                    1826318942.000000
  Noncombinational Area:     0.000000
  Buf/Inv Area:      215856900.000000
  Total Buffer Area:             0.00
  Total Inverter Area:   215856900.00
  Macro/Black Box Area:      0.000000
  Net Area:                  0.000000
  -----------------------------------
  Cell Area:        1826318942.000000
  Design Area:      1826318942.000000


  Design Rules
  -----------------------------------
  Total Number of Nets:          4483
  Nets With Violations:          4419
  Max Trans Violations:          4419
  Max Cap Violations:               0
  -----------------------------------


  Hostname: leoforos

  Compile CPU Statistics
  -----------------------------------------
  Resource Sharing:                    2.08
  Logic Optimization:                  0.23
  Mapping Optimization:                4.18
  -----------------------------------------
  Overall Compile Time:               32.18
  Overall Compile Wall Clock Time:    33.64

  --------------------------------------------------------------------

  Design  WNS: 0.00  TNS: 0.00  Number of Violating Paths: 0


  Design (Hold)  WNS: 0.00  TNS: 0.00  Number of Violating Paths: 0

  --------------------------------------------------------------------


1
