Information: Updating design information... (UID-85)
 
****************************************
Report : qor
Design : top
Version: S-2021.06-SP2
Date   : Tue Nov 29 15:34:56 2022
****************************************


  Timing Path Group 'clk'
  -----------------------------------
  Levels of Logic:             149.00
  Critical Path Length:  239120288.00
  Critical Path Slack:    10879712.00
  Critical Path Clk Period:
                         250000000.00
  Total Negative Slack:          0.00
  No. of Violating Paths:        0.00
  Worst Hold Violation:          0.00
  Total Hold Violation:          0.00
  No. of Hold Violations:        0.00
  -----------------------------------


  Cell Count
  -----------------------------------
  Hierarchical Cell Count:          0
  Hierarchical Port Count:          0
  Leaf Cell Count:               4149
  Buf/Inv Cell Count:             915
  Buf Cell Count:                   0
  Inv Cell Count:                 915
  CT Buf/Inv Cell Count:            0
  Combinational Cell Count:      4149
  Sequential Cell Count:            0
  Macro Count:                      0
  -----------------------------------


  Area
  -----------------------------------
  Combinational Area:
                    1681735692.000000
  Noncombinational Area:     0.000000
  Buf/Inv Area:      209004300.000000
  Total Buffer Area:             0.00
  Total Inverter Area:   209004300.00
  Macro/Black Box Area:      0.000000
  Net Area:                  0.000000
  -----------------------------------
  Cell Area:        1681735692.000000
  Design Area:      1681735692.000000


  Design Rules
  -----------------------------------
  Total Number of Nets:          4213
  Nets With Violations:          4149
  Max Trans Violations:          4149
  Max Cap Violations:               0
  -----------------------------------


  Hostname: leoforos

  Compile CPU Statistics
  -----------------------------------------
  Resource Sharing:                    1.97
  Logic Optimization:                  0.23
  Mapping Optimization:                3.11
  -----------------------------------------
  Overall Compile Time:               22.40
  Overall Compile Wall Clock Time:    23.80

  --------------------------------------------------------------------

  Design  WNS: 0.00  TNS: 0.00  Number of Violating Paths: 0


  Design (Hold)  WNS: 0.00  TNS: 0.00  Number of Violating Paths: 0

  --------------------------------------------------------------------


1
