 
****************************************
Report : area
Design : top
Version: S-2021.06-SP2
Date   : Sun Dec 18 12:10:51 2022
****************************************

Library(s) Used:

    PPDK_Standard_Library_1.0V_25C_TYP_X1 (File: /home/akokkinis/synLibs/egfet/db/EGFET_1.0V.db)

Number of ports:                           86
Number of nets:                          2633
Number of cells:                         2549
Number of combinational cells:           2549
Number of sequential cells:                 0
Number of macros/black boxes:               0
Number of buf/inv:                        569
Number of references:                       7

Combinational area:          923433803.000000
Buf/Inv area:                129970980.000000
Noncombinational area:               0.000000
Macro/Black Box area:                0.000000
Net Interconnect area:      undefined  (No wire load specified)

Total cell area:             923433803.000000
Total area:                 undefined
1
