****************************************
Report : timing
	-path_type full
	-delay_type max
	-max_paths 1
	-sort_by slack
Design : top
Version: S-2021.06-SP1
Date   : Tue Nov 29 14:55:23 2022
****************************************


  Startpoint: inp[6] (input port clocked by clk)
  Endpoint: out[0] (output port clocked by clk)
  Path Group: clk
  Path Type: max

  Point                                    Incr       Path
  ---------------------------------------------------------------
  clock clk (rise edge)                   0.000      0.000
  clock network delay (ideal)             0.000      0.000
  input external delay                    0.000      0.000 f
  inp[6] (in)                             0.000      0.000 f
  U1009/Y (INVX1)                      582656.000 582656.000 r
  U689/Y (AND2X1)                      2201200.000
                                                  2783856.000 r
  U690/Y (INVX1)                       712688.000 3496544.000 f
  U1164/Y (NAND2X1)                    930016.000 4426560.000 r
  U1165/Y (NAND2X1)                    1149760.000
                                                  5576320.000 f
  U1166/Y (NAND2X1)                    1752608.000
                                                  7328928.000 r
  U1176/Y (INVX1)                      1096864.000
                                                  8425792.000 f
  U1177/Y (NAND2X1)                    924976.000 9350768.000 r
  U1212/Y (NAND2X1)                    866912.000 10217680.000 f
  U1213/Y (XOR2X1)                     5353712.000
                                                  15571392.000 r
  U1219/Y (INVX1)                      1253680.000
                                                  16825072.000 f
  U1220/Y (NAND2X1)                    1357632.000
                                                  18182704.000 r
  U648/Y (INVX1)                       919136.000 19101840.000 f
  U649/Y (INVX1)                       446160.000 19548000.000 r
  U1224/Y (NAND2X1)                    1053904.000
                                                  20601904.000 f
  U1225/Y (XOR2X1)                     5244784.000
                                                  25846688.000 r
  U1242/Y (OR2X1)                      2326272.000
                                                  28172960.000 r
  U1243/Y (NAND2X1)                    1048720.000
                                                  29221680.000 f
  U1244/Y (NAND2X1)                    1384896.000
                                                  30606576.000 r
  U1247/Y (OR2X1)                      2547008.000
                                                  33153584.000 r
  U1248/Y (NAND2X1)                    1048768.000
                                                  34202352.000 f
  U1249/Y (NAND2X1)                    1752640.000
                                                  35954992.000 r
  U1257/Y (NAND2X1)                    1155456.000
                                                  37110448.000 f
  U1258/Y (NAND2X1)                    1399952.000
                                                  38510400.000 r
  U1259/Y (NAND2X1)                    1234032.000
                                                  39744432.000 f
  U408/Y (INVX1)                       223088.000 39967520.000 r
  U409/Y (INVX1)                       646704.000 40614224.000 f
  U1263/Y (NAND2X1)                    918704.000 41532928.000 r
  U1264/Y (NAND2X1)                    1151104.000
                                                  42684032.000 f
  U1265/Y (NAND2X1)                    1399392.000
                                                  44083424.000 r
  U761/Y (AND2X1)                      2148688.000
                                                  46232112.000 r
  U762/Y (INVX1)                       731208.000 46963320.000 f
  U1266/Y (NOR2X1)                     1157568.000
                                                  48120888.000 r
  U324/Y (AND2X1)                      1842608.000
                                                  49963496.000 r
  U325/Y (INVX1)                       732552.000 50696048.000 f
  U1277/Y (INVX1)                      445864.000 51141912.000 r
  U483/Y (NOR2X1)                      915160.000 52057072.000 f
  U466/Y (INVX1)                       420728.000 52477800.000 r
  U467/Y (INVX1)                       667280.000 53145080.000 f
  U314/Y (XNOR2X1)                     4291936.000
                                                  57437016.000 r
  U315/Y (INVX1)                       827728.000 58264744.000 f
  U1791/Y (XOR2X1)                     4915160.000
                                                  63179904.000 r
  U1792/Y (OR2X1)                      2349776.000
                                                  65529680.000 r
  U1856/Y (NAND2X1)                    801160.000 66330840.000 f
  U1857/Y (XOR2X1)                     5353800.000
                                                  71684640.000 r
  U1864/Y (INVX1)                      1253704.000
                                                  72938344.000 f
  U1865/Y (NAND2X1)                    1289744.000
                                                  74228088.000 r
  U1866/Y (NAND2X1)                    1126432.000
                                                  75354520.000 f
  U1867/Y (NAND2X1)                    1342784.000
                                                  76697304.000 r
  U1871/Y (INVX1)                      1116416.000
                                                  77813720.000 f
  U1872/Y (NAND2X1)                    1290208.000
                                                  79103928.000 r
  U1873/Y (NAND2X1)                    1126584.000
                                                  80230512.000 f
  U1874/Y (NAND2X1)                    1752616.000
                                                  81983128.000 r
  U1876/Y (INVX1)                      1101464.000
                                                  83084592.000 f
  U1877/Y (NAND2X1)                    1290264.000
                                                  84374856.000 r
  U1878/Y (NAND2X1)                    1127896.000
                                                  85502752.000 f
  U1882/Y (XOR2X1)                     5351376.000
                                                  90854128.000 r
  U1960/Y (INVX1)                      1253000.000
                                                  92107128.000 f
  U1961/Y (NAND2X1)                    1283944.000
                                                  93391072.000 r
  U1962/Y (NAND2X1)                    1229072.000
                                                  94620144.000 f
  U1963/Y (INVX1)                      -538824.000
                                                  94081320.000 r
  U1964/Y (NAND2X1)                    1051656.000
                                                  95132976.000 f
  U1978/Y (NAND2X1)                    886032.000 96019008.000 r
  U505/Y (AND2X1)                      1819016.000
                                                  97838024.000 r
  U455/Y (INVX1)                       732520.000 98570544.000 f
  U801/Y (INVX1)                       1014280.000
                                                  99584824.000 r
  U506/Y (INVX1)                       675192.000 100260016.000 f
  U2096/Y (NAND2X1)                    1286576.000
                                                  101546592.000 r
  U438/Y (AND2X1)                      1818584.000
                                                  103365176.000 r
  U439/Y (INVX1)                       725208.000 104090384.000 f
  U2097/Y (NOR2X1)                     1161344.000
                                                  105251728.000 r
  U2101/Y (NOR2X1)                     151360.000 105403088.000 f
  U2105/Y (NAND2X1)                    880136.000 106283224.000 r
  U2107/Y (NAND2X1)                    866856.000 107150080.000 f
  U2114/Y (OR2X1)                      2088864.000
                                                  109238944.000 f
  U244/Y (AND2X1)                      2434376.000
                                                  111673320.000 f
  U245/Y (INVX1)                       -1327736.000
                                                  110345584.000 r
  U2124/Y (OR2X1)                      1639520.000
                                                  111985104.000 r
  U248/Y (AND2X1)                      2196816.000
                                                  114181920.000 r
  U249/Y (INVX1)                       708544.000 114890464.000 f
  U2125/Y (OR2X1)                      2115280.000
                                                  117005744.000 f
  U2128/Y (NAND2X1)                    870736.000 117876480.000 r
  U2130/Y (NAND2X1)                    866040.000 118742520.000 f
  U2134/Y (NAND2X1)                    887096.000 119629616.000 r
  U2138/Y (OR2X1)                      2605504.000
                                                  122235120.000 r
  U484/Y (NAND2X1)                     1218376.000
                                                  123453496.000 f
  U479/Y (INVX1)                       233928.000 123687424.000 r
  U480/Y (INVX1)                       666568.000 124353992.000 f
  U806/Y (INVX1)                       467416.000 124821408.000 r
  U2475/Y (NAND2X1)                    1054136.000
                                                  125875544.000 f
  U2477/Y (NAND2X1)                    1339424.000
                                                  127214968.000 r
  U410/Y (INVX1)                       1123240.000
                                                  128338208.000 f
  U411/Y (INVX1)                       450304.000 128788512.000 r
  U2481/Y (NOR2X1)                     533952.000 129322464.000 f
  U2485/Y (NOR2X1)                     1190192.000
                                                  130512656.000 r
  U2490/Y (NAND2X1)                    834576.000 131347232.000 f
  U2492/Y (NAND2X1)                    885192.000 132232424.000 r
  U2496/Y (OR2X1)                      2562088.000
                                                  134794512.000 r
  U2500/Y (NAND2X1)                    804768.000 135599280.000 f
  U2502/Y (NAND2X1)                    885376.000 136484656.000 r
  U2503/Y (OR2X1)                      2562096.000
                                                  139046752.000 r
  U2507/Y (NAND2X1)                    804864.000 139851616.000 f
  U2509/Y (NAND2X1)                    885456.000 140737072.000 r
  U2514/Y (OR2X1)                      2605424.000
                                                  143342496.000 r
  U2519/Y (NAND2X1)                    804784.000 144147280.000 f
  U2521/Y (NAND2X1)                    1341840.000
                                                  145489120.000 r
  U2522/Y (INVX1)                      1116224.000
                                                  146605344.000 f
  U2523/Y (NAND2X1)                    1284224.000
                                                  147889568.000 r
  U260/Y (AND2X1)                      1819088.000
                                                  149708656.000 r
  U261/Y (INVX1)                       715856.000 150424512.000 f
  U2525/Y (NAND2X1)                    1291584.000
                                                  151716096.000 r
  U2530/Y (OR2X1)                      2340000.000
                                                  154056096.000 r
  U2531/Y (NAND2X1)                    1217728.000
                                                  155273824.000 f
  U444/Y (INVX1)                       304624.000 155578448.000 r
  U2568/Y (NAND2X1)                    832384.000 156410832.000 f
  U2569/Y (NAND2X1)                    1385584.000
                                                  157796416.000 r
  U2581/Y (OR2X1)                      2562096.000
                                                  160358512.000 r
  U2582/Y (NAND2X1)                    1045056.000
                                                  161403568.000 f
  U2583/Y (NAND2X1)                    1379440.000
                                                  162783008.000 r
  U2585/Y (NAND2X1)                    863520.000 163646528.000 f
  U2586/Y (NAND2X1)                    1400096.000
                                                  165046624.000 r
  U2588/Y (NAND2X1)                    866880.000 165913504.000 f
  U2589/Y (NAND2X1)                    1400080.000
                                                  167313584.000 r
  U2591/Y (NAND2X1)                    866864.000 168180448.000 f
  U2592/Y (NAND2X1)                    1400080.000
                                                  169580528.000 r
  U2593/Y (NAND2X1)                    1157120.000
                                                  170737648.000 f
  U2595/Y (OR2X1)                      2087664.000
                                                  172825312.000 f
  U2597/Y (NAND2X1)                    871936.000 173697248.000 r
  U783/Y (AND2X1)                      1809840.000
                                                  175507088.000 r
  U306/Y (AND2X1)                      2180992.000
                                                  177688080.000 r
  U307/Y (INVX1)                       713472.000 178401552.000 f
  U2605/Y (NAND2X1)                    918864.000 179320416.000 r
  U2610/Y (NAND2X1)                    862944.000 180183360.000 f
  out[0] (out)                            0.000   180183360.000 f
  data arrival time                               180183360.000

  clock clk (rise edge)                250000000.000
                                                  250000000.000
  clock network delay (ideal)             0.000   250000000.000
  clock reconvergence pessimism           0.000   250000000.000
  output external delay                   0.000   250000000.000
  data required time                              250000000.000
  ---------------------------------------------------------------
  data required time                              250000000.000
  data arrival time                               -180183360.000
  ---------------------------------------------------------------
  slack (MET)                                     69816640.000


1
