****************************************
Report : Averaged Power
Design : top
Version: S-2021.06-SP1
Date   : Sun Dec 18 12:32:11 2022
****************************************



  Attributes
  ----------
      i  -  Including register clock pin internal power
      u  -  User defined power group

                        Internal  Switching  Leakage    Total
Power Group             Power     Power      Power      Power   (     %)  Attrs
--------------------------------------------------------------------------------
clock_network              0.0000    0.0000    0.0000    0.0000 ( 0.00%)  i
register                   0.0000    0.0000    0.0000    0.0000 ( 0.00%)  
combinational           1.438e-03 7.701e-06    0.0351    0.0365 (100.00%) 
sequential                 0.0000    0.0000    0.0000    0.0000 ( 0.00%)  
memory                     0.0000    0.0000    0.0000    0.0000 ( 0.00%)  
io_pad                     0.0000    0.0000    0.0000    0.0000 ( 0.00%)  
black_box                  0.0000    0.0000    0.0000    0.0000 ( 0.00%)  

  Net Switching Power  = 7.701e-06   ( 0.02%)
  Cell Internal Power  = 1.438e-03   ( 3.94%)
  Cell Leakage Power   =    0.0351   (96.04%)
                         ---------
Total Power            =    0.0365  (100.00%)

1
