****************************************
Report : Averaged Power
Design : top
Version: S-2021.06-SP1
Date   : Sat Dec  3 11:48:32 2022
****************************************



  Attributes
  ----------
      i  -  Including register clock pin internal power
      u  -  User defined power group

                        Internal  Switching  Leakage    Total
Power Group             Power     Power      Power      Power   (     %)  Attrs
--------------------------------------------------------------------------------
clock_network              0.0000    0.0000    0.0000    0.0000 ( 0.00%)  i
register                   0.0000    0.0000    0.0000    0.0000 ( 0.00%)  
combinational           1.917e-06 2.868e-09 3.778e-05 3.970e-05 (100.00%) 
sequential                 0.0000    0.0000    0.0000    0.0000 ( 0.00%)  
memory                     0.0000    0.0000    0.0000    0.0000 ( 0.00%)  
io_pad                     0.0000    0.0000    0.0000    0.0000 ( 0.00%)  
black_box                  0.0000    0.0000    0.0000    0.0000 ( 0.00%)  

  Net Switching Power  = 2.868e-09   ( 0.01%)
  Cell Internal Power  = 1.917e-06   ( 4.83%)
  Cell Leakage Power   = 3.778e-05   (95.16%)
                         ---------
Total Power            = 3.970e-05  (100.00%)

1
