 
****************************************
Report : area
Design : top
Version: S-2021.06-SP2
Date   : Sat Dec  3 11:48:16 2022
****************************************

Library(s) Used:

    PPDK_Standard_Library_0.6V_25C_TYP_X1 (File: /home/akokkinis/synLibs/egfet/db/EGFET_0.6V.db)

Number of ports:                           26
Number of nets:                            19
Number of cells:                           11
Number of combinational cells:             11
Number of sequential cells:                 0
Number of macros/black boxes:               0
Number of buf/inv:                          2
Number of references:                       4

Combinational area:            3773840.000000
Buf/Inv area:                   456840.000000
Noncombinational area:               0.000000
Macro/Black Box area:                0.000000
Net Interconnect area:      undefined  (No wire load specified)

Total cell area:               3773840.000000
Total area:                 undefined

Hierarchical area distribution
------------------------------

                                  Global cell area               Local cell area
                                  ---------------------  ------------------------------- 
Hierarchical cell                 Absolute      Percent  Combi-        Noncombi-  Black-
                                  Total         Total    national      national   boxes   Design
--------------------------------  ------------  -------  ------------  ---------  ------  ---------
top                               3773840.0000    100.0  3773840.0000     0.0000  0.0000  top
--------------------------------  ------------  -------  ------------  ---------  ------  ---------
Total                                                    3773840.0000     0.0000  0.0000

1
