Information: Updating design information... (UID-85)
 
****************************************
Report : qor
Design : top
Version: S-2021.06-SP2
Date   : Fri Dec 16 14:47:52 2022
****************************************


  Timing Path Group 'clk'
  -----------------------------------
  Levels of Logic:             146.00
  Critical Path Length:  244935968.00
  Critical Path Slack:     5064032.00
  Critical Path Clk Period:
                         250000000.00
  Total Negative Slack:          0.00
  No. of Violating Paths:        0.00
  Worst Hold Violation:          0.00
  Total Hold Violation:          0.00
  No. of Hold Violations:        0.00
  -----------------------------------


  Cell Count
  -----------------------------------
  Hierarchical Cell Count:          0
  Hierarchical Port Count:          0
  Leaf Cell Count:               4403
  Buf/Inv Cell Count:             949
  Buf Cell Count:                   0
  Inv Cell Count:                 949
  CT Buf/Inv Cell Count:            0
  Combinational Cell Count:      4403
  Sequential Cell Count:            0
  Macro Count:                      0
  -----------------------------------


  Area
  -----------------------------------
  Combinational Area:
                    1778253741.000000
  Noncombinational Area:     0.000000
  Buf/Inv Area:      216770580.000000
  Total Buffer Area:             0.00
  Total Inverter Area:   216770580.00
  Macro/Black Box Area:      0.000000
  Net Area:                  0.000000
  -----------------------------------
  Cell Area:        1778253741.000000
  Design Area:      1778253741.000000


  Design Rules
  -----------------------------------
  Total Number of Nets:          4467
  Nets With Violations:          4403
  Max Trans Violations:          4403
  Max Cap Violations:               0
  -----------------------------------


  Hostname: leoforos

  Compile CPU Statistics
  -----------------------------------------
  Resource Sharing:                    1.90
  Logic Optimization:                  0.22
  Mapping Optimization:                3.15
  -----------------------------------------
  Overall Compile Time:               21.76
  Overall Compile Wall Clock Time:    23.19

  --------------------------------------------------------------------

  Design  WNS: 0.00  TNS: 0.00  Number of Violating Paths: 0


  Design (Hold)  WNS: 0.00  TNS: 0.00  Number of Violating Paths: 0

  --------------------------------------------------------------------


1
