****************************************
Report : timing
	-path_type full
	-delay_type max
	-max_paths 1
	-sort_by slack
Design : top
Version: S-2021.06-SP1
Date   : Fri Dec 16 10:08:34 2022
****************************************


  Startpoint: inp[1] (input port clocked by clk)
  Endpoint: out[0] (output port clocked by clk)
  Path Group: clk
  Path Type: max

  Point                                    Incr       Path
  ---------------------------------------------------------------
  clock clk (rise edge)                   0.000      0.000
  clock network delay (ideal)             0.000      0.000
  input external delay                    0.000      0.000 r
  inp[1] (in)                             0.000      0.000 r
  U622/Y (INVX1)                       189008.000 189008.000 f
  U497/Y (XNOR2X1)                     8730944.000
                                                  8919952.000 f
  U498/Y (INVX1)                       -697408.000
                                                  8222544.000 r
  U625/Y (NAND2X1)                     1523680.000
                                                  9746224.000 f
  U627/Y (NAND2X1)                     640128.000 10386352.000 r
  U628/Y (NAND2X1)                     2803152.000
                                                  13189504.000 f
  U228/Y (AND2X1)                      2820624.000
                                                  16010128.000 f
  U229/Y (INVX1)                       -549616.000
                                                  15460512.000 r
  U293/Y (XNOR2X1)                     8159536.000
                                                  23620048.000 r
  U294/Y (INVX1)                       1521312.000
                                                  25141360.000 f
  U634/Y (INVX1)                       436304.000 25577664.000 r
  U605/Y (XNOR2X1)                     7937664.000
                                                  33515328.000 r
  U291/Y (XNOR2X1)                     8129416.000
                                                  41644744.000 r
  U292/Y (INVX1)                       1594472.000
                                                  43239216.000 f
  U289/Y (INVX1)                       868080.000 44107296.000 r
  U290/Y (INVX1)                       827000.000 44934296.000 f
  U348/Y (XNOR2X1)                     8505208.000
                                                  53439504.000 f
  U349/Y (INVX1)                       -698616.000
                                                  52740888.000 r
  U398/Y (XNOR2X1)                     7902184.000
                                                  60643072.000 r
  U788/Y (OR2X1)                       6272656.000
                                                  66915728.000 r
  U789/Y (NAND2X1)                     2157464.000
                                                  69073192.000 f
  U306/Y (AND2X1)                      3546312.000
                                                  72619504.000 f
  U307/Y (INVX1)                       -550920.000
                                                  72068584.000 r
  U798/Y (OR2X1)                       2762048.000
                                                  74830632.000 r
  U799/Y (NAND2X1)                     2157464.000
                                                  76988096.000 f
  U310/Y (AND2X1)                      3546312.000
                                                  80534408.000 f
  U311/Y (INVX1)                       -550904.000
                                                  79983504.000 r
  U195/Y (XNOR2X1)                     8159536.000
                                                  88143040.000 r
  U196/Y (INVX1)                       1459280.000
                                                  89602320.000 f
  U352/Y (XNOR2X1)                     5095592.000
                                                  94697912.000 r
  U353/Y (INVX1)                       1458512.000
                                                  96156424.000 f
  U810/Y (OR2X1)                       3173840.000
                                                  99330264.000 f
  U811/Y (NAND2X1)                     858024.000 100188288.000 r
  U478/Y (AND2X1)                      2273040.000
                                                  102461328.000 r
  U479/Y (INVX1)                       1371304.000
                                                  103832632.000 f
  U951/Y (NAND2X1)                     673880.000 104506512.000 r
  U952/Y (NAND2X1)                     2660320.000
                                                  107166832.000 f
  U953/Y (NAND2X1)                     877528.000 108044360.000 r
  U957/Y (NAND2X1)                     2771912.000
                                                  110816272.000 f
  U958/Y (NAND2X1)                     628144.000 111444416.000 r
  U959/Y (NAND2X1)                     2671328.000
                                                  114115744.000 f
  U961/Y (NAND2X1)                     631168.000 114746912.000 r
  U963/Y (NAND2X1)                     1469424.000
                                                  116216336.000 f
  U967/Y (NAND2X1)                     1094128.000
                                                  117310464.000 r
  U972/Y (INVX1)                       1439736.000
                                                  118750200.000 f
  U974/Y (NAND2X1)                     673872.000 119424072.000 r
  U975/Y (NAND2X1)                     2658344.000
                                                  122082416.000 f
  U976/Y (NAND2X1)                     871936.000 122954352.000 r
  U977/Y (NAND2X1)                     2772512.000
                                                  125726864.000 f
  U978/Y (NAND2X1)                     1295032.000
                                                  127021896.000 r
  U295/Y (INVX1)                       1502632.000
                                                  128524528.000 f
  U296/Y (INVX1)                       434864.000 128959392.000 r
  U992/Y (NAND2X1)                     2302624.000
                                                  131262016.000 f
  U994/Y (NAND2X1)                     1090192.000
                                                  132352208.000 r
  U995/Y (INVX1)                       1460272.000
                                                  133812480.000 f
  U996/Y (NAND2X1)                     957488.000 134769968.000 r
  U999/Y (OR2X1)                       5916784.000
                                                  140686752.000 r
  U1006/Y (NAND2X1)                    1540032.000
                                                  142226784.000 f
  U1012/Y (OR2X1)                      3397792.000
                                                  145624576.000 f
  U1013/Y (NAND2X1)                    830944.000 146455520.000 r
  U1014/Y (NAND2X1)                    2611712.000
                                                  149067232.000 f
  U1015/Y (NAND2X1)                    598656.000 149665888.000 r
  U1016/Y (NAND2X1)                    2660480.000
                                                  152326368.000 f
  U199/Y (AND2X1)                      2819232.000
                                                  155145600.000 f
  U200/Y (INVX1)                       -15200.000 155130400.000 r
  U1021/Y (INVX1)                      914736.000 156045136.000 f
  U1022/Y (NAND2X1)                    953920.000 156999056.000 r
  U1026/Y (NAND2X1)                    2658192.000
                                                  159657248.000 f
  U189/Y (AND2X1)                      3540480.000
                                                  163197728.000 f
  U190/Y (INVX1)                       -12672.000 163185056.000 r
  U1027/Y (NAND2X1)                    2588656.000
                                                  165773712.000 f
  U1028/Y (NAND2X1)                    868016.000 166641728.000 r
  U1032/Y (NAND2X1)                    1471936.000
                                                  168113664.000 f
  U462/Y (AND2X1)                      3539152.000
                                                  171652816.000 f
  U463/Y (INVX1)                       -567600.000
                                                  171085216.000 r
  U1033/Y (NAND2X1)                    1900960.000
                                                  172986176.000 f
  U1034/Y (INVX1)                      -663552.000
                                                  172322624.000 r
  out[0] (out)                            0.000   172322624.000 r
  data arrival time                               172322624.000

  clock clk (rise edge)                200000000.000
                                                  200000000.000
  clock network delay (ideal)             0.000   200000000.000
  clock reconvergence pessimism           0.000   200000000.000
  output external delay                   0.000   200000000.000
  data required time                              200000000.000
  ---------------------------------------------------------------
  data required time                              200000000.000
  data arrival time                               -172322624.000
  ---------------------------------------------------------------
  slack (MET)                                     27677376.000


1
