****************************************
Report : timing
	-path_type full
	-delay_type max
	-max_paths 1
	-sort_by slack
Design : top
Version: S-2021.06-SP1
Date   : Sun Dec 18 12:27:10 2022
****************************************


  Startpoint: inp[0] (input port clocked by clk)
  Endpoint: out[0] (output port clocked by clk)
  Path Group: clk
  Path Type: max

  Point                                    Incr       Path
  ---------------------------------------------------------------
  clock clk (rise edge)                   0.000      0.000
  clock network delay (ideal)             0.000      0.000
  input external delay                    0.000      0.000 r
  inp[0] (in)                             0.000      0.000 r
  U1013/Y (INVX1)                      55184.000  55184.000 f
  U1970/Y (NAND2X1)                    1288304.000
                                                  1343488.000 r
  U525/Y (AND2X1)                      2169120.000
                                                  3512608.000 r
  U526/Y (INVX1)                       721776.000 4234384.000 f
  U1971/Y (XOR2X1)                     5588304.000
                                                  9822688.000 r
  U479/Y (AND2X1)                      2173632.000
                                                  11996320.000 r
  U480/Y (INVX1)                       715872.000 12712192.000 f
  U1972/Y (NAND2X1)                    1362960.000
                                                  14075152.000 r
  U1973/Y (INVX1)                      1096624.000
                                                  15171776.000 f
  U1974/Y (NAND2X1)                    1290272.000
                                                  16462048.000 r
  U2079/Y (NAND2X1)                    1127904.000
                                                  17589952.000 f
  U2080/Y (XOR2X1)                     5292176.000
                                                  22882128.000 r
  U395/Y (AND2X1)                      2174848.000
                                                  25056976.000 r
  U396/Y (INVX1)                       715472.000 25772448.000 f
  U2082/Y (NAND2X1)                    1291584.000
                                                  27064032.000 r
  U2084/Y (OR2X1)                      2330112.000
                                                  29394144.000 r
  U451/Y (AND2X1)                      2199488.000
                                                  31593632.000 r
  U452/Y (INVX1)                       707456.000 32301088.000 f
  U2086/Y (NAND2X1)                    1357280.000
                                                  33658368.000 r
  U294/Y (INVX1)                       1109328.000
                                                  34767696.000 f
  U295/Y (INVX1)                       457200.000 35224896.000 r
  U2087/Y (NAND2X1)                    1052960.000
                                                  36277856.000 f
  U383/Y (AND2X1)                      2044184.000
                                                  38322040.000 f
  U384/Y (INVX1)                       -1186776.000
                                                  37135264.000 r
  U2090/Y (NAND2X1)                    1052176.000
                                                  38187440.000 f
  U2094/Y (OR2X1)                      2095480.000
                                                  40282920.000 f
  U86/Y (AND2X1)                       2434944.000
                                                  42717864.000 f
  U87/Y (INVX1)                        -1336816.000
                                                  41381048.000 r
  U2095/Y (NAND2X1)                    927128.000 42308176.000 f
  U280/Y (INVX1)                       223656.000 42531832.000 r
  U281/Y (INVX1)                       646936.000 43178768.000 f
  U2096/Y (OR2X1)                      2115168.000
                                                  45293936.000 f
  U473/Y (AND2X1)                      2434368.000
                                                  47728304.000 f
  U474/Y (INVX1)                       -1340504.000
                                                  46387800.000 r
  U2099/Y (NAND2X1)                    802104.000 47189904.000 f
  U377/Y (AND2X1)                      2045536.000
                                                  49235440.000 f
  U378/Y (INVX1)                       -1437384.000
                                                  47798056.000 r
  U391/Y (AND2X1)                      2198944.000
                                                  49997000.000 r
  U392/Y (INVX1)                       707624.000 50704624.000 f
  U2104/Y (NAND2X1)                    1291616.000
                                                  51996240.000 r
  U2108/Y (OR2X1)                      2330216.000
                                                  54326456.000 r
  U88/Y (AND2X1)                       2199504.000
                                                  56525960.000 r
  U89/Y (INVX1)                        707440.000 57233400.000 f
  U2109/Y (NAND2X1)                    1291616.000
                                                  58525016.000 r
  U2111/Y (OR2X1)                      2330216.000
                                                  60855232.000 r
  U375/Y (AND2X1)                      2199504.000
                                                  63054736.000 r
  U376/Y (INVX1)                       707440.000 63762176.000 f
  U2113/Y (NAND2X1)                    1362952.000
                                                  65125128.000 r
  U2115/Y (INVX1)                      1101392.000
                                                  66226520.000 f
  U2116/Y (NAND2X1)                    924968.000 67151488.000 r
  U393/Y (AND2X1)                      1795320.000
                                                  68946808.000 r
  U394/Y (INVX1)                       707704.000 69654512.000 f
  U2118/Y (NAND2X1)                    1291616.000
                                                  70946128.000 r
  U2119/Y (OR2X1)                      2330224.000
                                                  73276352.000 r
  U82/Y (AND2X1)                       2199504.000
                                                  75475856.000 r
  U83/Y (INVX1)                        707440.000 76183296.000 f
  U2121/Y (NAND2X1)                    924520.000 77107816.000 r
  U2126/Y (NAND2X1)                    848704.000 77956520.000 f
  U2127/Y (NAND2X1)                    1399448.000
                                                  79355968.000 r
  U2128/Y (NAND2X1)                    1155968.000
                                                  80511936.000 f
  U2129/Y (NAND2X1)                    1780576.000
                                                  82292512.000 r
  U313/Y (INVX1)                       1103176.000
                                                  83395688.000 f
  U314/Y (INVX1)                       976288.000 84371976.000 r
  U641/Y (INVX1)                       649864.000 85021840.000 f
  U2135/Y (NAND2X1)                    1357248.000
                                                  86379088.000 r
  U315/Y (INVX1)                       1123720.000
                                                  87502808.000 f
  U316/Y (INVX1)                       484552.000 87987360.000 r
  U513/Y (AND2X1)                      1892464.000
                                                  89879824.000 r
  U514/Y (INVX1)                       731336.000 90611160.000 f
  U2688/Y (XOR2X1)                     5579552.000
                                                  96190712.000 r
  U417/Y (AND2X1)                      2173872.000
                                                  98364584.000 r
  U418/Y (INVX1)                       715792.000 99080376.000 f
  U2689/Y (NAND2X1)                    1297376.000
                                                  100377752.000 r
  U2691/Y (NAND2X1)                    848928.000 101226680.000 f
  U2692/Y (NAND2X1)                    1385472.000
                                                  102612152.000 r
  U2698/Y (OR2X1)                      2548264.000
                                                  105160416.000 r
  U2699/Y (NAND2X1)                    1045848.000
                                                  106206264.000 f
  U2700/Y (NAND2X1)                    1384360.000
                                                  107590624.000 r
  U2702/Y (OR2X1)                      2545760.000
                                                  110136384.000 r
  U403/Y (AND2X1)                      1885248.000
                                                  112021632.000 r
  U404/Y (INVX1)                       715440.000 112737072.000 f
  U2725/Y (AND2X1)                     2243888.000
                                                  114980960.000 f
  U2751/Y (NAND2X1)                    864304.000 115845264.000 r
  U2754/Y (NAND2X1)                    930992.000 116776256.000 f
  U2760/Y (NAND2X1)                    887312.000 117663568.000 r
  U477/Y (AND2X1)                      1818648.000
                                                  119482216.000 r
  U478/Y (INVX1)                       715640.000 120197856.000 f
  U2782/Y (NAND2X1)                    1362944.000
                                                  121560800.000 r
  U2783/Y (INVX1)                      1096368.000
                                                  122657168.000 f
  U2785/Y (NAND2X1)                    924976.000 123582144.000 r
  U2896/Y (NAND2X1)                    1154856.000
                                                  124737000.000 f
  U2897/Y (AND2X1)                     2243832.000
                                                  126980832.000 f
  U2898/Y (OR2X1)                      2079264.000
                                                  129060096.000 f
  U2900/Y (NAND2X1)                    876488.000 129936584.000 r
  U325/Y (XNOR2X1)                     5377240.000
                                                  135313824.000 r
  U619/Y (INVX1)                       999728.000 136313552.000 f
  U3024/Y (NOR2X1)                     1157296.000
                                                  137470848.000 r
  U3028/Y (NOR2X1)                     99392.000  137570240.000 f
  U3030/Y (NAND2X1)                    884592.000 138454832.000 r
  U3031/Y (NAND2X1)                    1153680.000
                                                  139608512.000 f
  U3032/Y (NAND2X1)                    1399872.000
                                                  141008384.000 r
  U3033/Y (NAND2X1)                    1156064.000
                                                  142164448.000 f
  U351/Y (AND2X1)                      2046080.000
                                                  144210528.000 f
  U352/Y (INVX1)                       -322768.000
                                                  143887760.000 r
  U640/Y (INVX1)                       672272.000 144560032.000 f
  U319/Y (INVX1)                       481120.000 145041152.000 r
  U3060/Y (NAND2X1)                    1055312.000
                                                  146096464.000 f
  U3061/Y (NAND2X1)                    1752624.000
                                                  147849088.000 r
  U3065/Y (INVX1)                      1115744.000
                                                  148964832.000 f
  U3066/Y (NAND2X1)                    1284400.000
                                                  150249232.000 r
  U3067/Y (NAND2X1)                    1126112.000
                                                  151375344.000 f
  U3068/Y (NAND2X1)                    1394704.000
                                                  152770048.000 r
  U3073/Y (NAND2X1)                    865984.000 153636032.000 f
  U3074/Y (NAND2X1)                    1400096.000
                                                  155036128.000 r
  U3075/Y (NAND2X1)                    866864.000 155902992.000 f
  U3076/Y (NAND2X1)                    1380352.000
                                                  157283344.000 r
  U3078/Y (NAND2X1)                    863664.000 158147008.000 f
  U3079/Y (NAND2X1)                    879360.000 159026368.000 r
  U3080/Y (NAND2X1)                    1126384.000
                                                  160152752.000 f
  U3083/Y (NAND2X1)                    1342784.000
                                                  161495536.000 r
  U3084/Y (NAND2X1)                    1146224.000
                                                  162641760.000 f
  U3086/Y (NAND2X1)                    885808.000 163527568.000 r
  U3099/Y (OR2X1)                      2561552.000
                                                  166089120.000 r
  U74/Y (AND2X1)                       2199712.000
                                                  168288832.000 r
  U75/Y (INVX1)                        707376.000 168996208.000 f
  U3100/Y (NOR2X1)                     1151520.000
                                                  170147728.000 r
  out[0] (out)                            0.000   170147728.000 r
  data arrival time                               170147728.000

  clock clk (rise edge)                200000000.000
                                                  200000000.000
  clock network delay (ideal)             0.000   200000000.000
  clock reconvergence pessimism           0.000   200000000.000
  output external delay                   0.000   200000000.000
  data required time                              200000000.000
  ---------------------------------------------------------------
  data required time                              200000000.000
  data arrival time                               -170147728.000
  ---------------------------------------------------------------
  slack (MET)                                     29852272.000


1
