 
****************************************
Report : timing
        -path full
        -delay max
        -max_paths 1
Design : top
Version: S-2021.06-SP2
Date   : Sun Dec 18 12:27:05 2022
****************************************

Operating Conditions: TT   Library: PPDK_Standard_Library_1.0V_25C_TYP_X1
Wire Load Model Mode: top

  Startpoint: inp[0] (input port clocked by clk)
  Endpoint: out[0] (output port clocked by clk)
  Path Group: clk
  Path Type: max

  Point                                    Incr       Path
  -----------------------------------------------------------
  clock clk (rise edge)                   0.000      0.000
  clock network delay (ideal)             0.000      0.000
  input external delay                    0.000      0.000 r
  inp[0] (in)                             0.000      0.000 r
  U1013/Y (INVX1)                      55188.918  55188.918 f
  U1970/Y (NAND2X1)                    1288299.500
                                                  1343488.375 r
  U525/Y (AND2X1)                      2169139.500
                                                  3512628.000 r
  U526/Y (INVX1)                       721763.500 4234391.500 f
  U1971/Y (XOR2X1)                     5588304.500
                                                  9822696.000 r
  U479/Y (AND2X1)                      2173659.000
                                                  11996355.000 r
  U480/Y (INVX1)                       715862.000 12712217.000 f
  U1972/Y (NAND2X1)                    1362954.000
                                                  14075171.000 r
  U1973/Y (INVX1)                      1096632.000
                                                  15171803.000 f
  U1974/Y (NAND2X1)                    1290269.000
                                                  16462072.000 r
  U2079/Y (NAND2X1)                    1127890.000
                                                  17589962.000 f
  U2080/Y (XOR2X1)                     5292208.000
                                                  22882170.000 r
  U395/Y (AND2X1)                      2174864.000
                                                  25057034.000 r
  U396/Y (INVX1)                       715470.000 25772504.000 f
  U2082/Y (NAND2X1)                    1291592.000
                                                  27064096.000 r
  U2084/Y (OR2X1)                      2330136.000
                                                  29394232.000 r
  U451/Y (AND2X1)                      2199490.000
                                                  31593722.000 r
  U452/Y (INVX1)                       707448.000 32301170.000 f
  U2086/Y (NAND2X1)                    1357286.000
                                                  33658456.000 r
  U294/Y (INVX1)                       1109332.000
                                                  34767788.000 f
  U295/Y (INVX1)                       457200.000 35224988.000 r
  U2087/Y (NAND2X1)                    1052948.000
                                                  36277936.000 f
  U383/Y (AND2X1)                      2044184.000
                                                  38322120.000 f
  U384/Y (INVX1)                       -1186764.000
                                                  37135356.000 r
  U2090/Y (NAND2X1)                    1052172.000
                                                  38187528.000 f
  U2094/Y (OR2X1)                      2095460.000
                                                  40282988.000 f
  U86/Y (AND2X1)                       2434936.000
                                                  42717924.000 f
  U87/Y (INVX1)                        -1336820.000
                                                  41381104.000 r
  U2095/Y (NAND2X1)                    927124.000 42308228.000 f
  U280/Y (INVX1)                       223632.000 42531860.000 r
  U281/Y (INVX1)                       646940.000 43178800.000 f
  U2096/Y (OR2X1)                      2115168.000
                                                  45293968.000 f
  U473/Y (AND2X1)                      2434368.000
                                                  47728336.000 f
  U474/Y (INVX1)                       -1340500.000
                                                  46387836.000 r
  U2099/Y (NAND2X1)                    802100.000 47189936.000 f
  U377/Y (AND2X1)                      2045540.000
                                                  49235476.000 f
  U378/Y (INVX1)                       -1437368.000
                                                  47798108.000 r
  U391/Y (AND2X1)                      2198948.000
                                                  49997056.000 r
  U392/Y (INVX1)                       707624.000 50704680.000 f
  U2104/Y (NAND2X1)                    1291616.000
                                                  51996296.000 r
  U2108/Y (OR2X1)                      2330216.000
                                                  54326512.000 r
  U88/Y (AND2X1)                       2199508.000
                                                  56526020.000 r
  U89/Y (INVX1)                        707444.000 57233464.000 f
  U2109/Y (NAND2X1)                    1291620.000
                                                  58525084.000 r
  U2111/Y (OR2X1)                      2330216.000
                                                  60855300.000 r
  U375/Y (AND2X1)                      2199508.000
                                                  63054808.000 r
  U376/Y (INVX1)                       707444.000 63762252.000 f
  U2113/Y (NAND2X1)                    1362948.000
                                                  65125200.000 r
  U2115/Y (INVX1)                      1101400.000
                                                  66226600.000 f
  U2116/Y (NAND2X1)                    924968.000 67151568.000 r
  U393/Y (AND2X1)                      1795312.000
                                                  68946880.000 r
  U394/Y (INVX1)                       707704.000 69654584.000 f
  U2118/Y (NAND2X1)                    1291616.000
                                                  70946200.000 r
  U2119/Y (OR2X1)                      2330200.000
                                                  73276400.000 r
  U82/Y (AND2X1)                       2199504.000
                                                  75475904.000 r
  U83/Y (INVX1)                        707440.000 76183344.000 f
  U2121/Y (NAND2X1)                    924520.000 77107864.000 r
  U2126/Y (NAND2X1)                    848696.000 77956560.000 f
  U2127/Y (NAND2X1)                    1399456.000
                                                  79356016.000 r
  U2128/Y (NAND2X1)                    1155944.000
                                                  80511960.000 f
  U2129/Y (NAND2X1)                    1780576.000
                                                  82292536.000 r
  U313/Y (INVX1)                       1103184.000
                                                  83395720.000 f
  U314/Y (INVX1)                       976288.000 84372008.000 r
  U641/Y (INVX1)                       649864.000 85021872.000 f
  U2135/Y (NAND2X1)                    1357248.000
                                                  86379120.000 r
  U315/Y (INVX1)                       1123728.000
                                                  87502848.000 f
  U316/Y (INVX1)                       484560.000 87987408.000 r
  U513/Y (AND2X1)                      1892464.000
                                                  89879872.000 r
  U514/Y (INVX1)                       731304.000 90611176.000 f
  U2688/Y (XOR2X1)                     5579560.000
                                                  96190736.000 r
  U417/Y (AND2X1)                      2173896.000
                                                  98364632.000 r
  U418/Y (INVX1)                       715784.000 99080416.000 f
  U2689/Y (NAND2X1)                    1297376.000
                                                  100377792.000 r
  U2691/Y (NAND2X1)                    848920.000 101226712.000 f
  U2692/Y (NAND2X1)                    1385472.000
                                                  102612184.000 r
  U2698/Y (OR2X1)                      2548312.000
                                                  105160496.000 r
  U2699/Y (NAND2X1)                    1045840.000
                                                  106206336.000 f
  U2700/Y (NAND2X1)                    1384368.000
                                                  107590704.000 r
  U2702/Y (OR2X1)                      2545776.000
                                                  110136480.000 r
  U403/Y (AND2X1)                      1885248.000
                                                  112021728.000 r
  U404/Y (INVX1)                       715440.000 112737168.000 f
  U2725/Y (AND2X1)                     2243888.000
                                                  114981056.000 f
  U2751/Y (NAND2X1)                    864296.000 115845352.000 r
  U2754/Y (NAND2X1)                    930968.000 116776320.000 f
  U2760/Y (NAND2X1)                    887312.000 117663632.000 r
  U477/Y (AND2X1)                      1818640.000
                                                  119482272.000 r
  U478/Y (INVX1)                       715632.000 120197904.000 f
  U2782/Y (NAND2X1)                    1362952.000
                                                  121560856.000 r
  U2783/Y (INVX1)                      1096368.000
                                                  122657224.000 f
  U2785/Y (NAND2X1)                    924976.000 123582200.000 r
  U2896/Y (NAND2X1)                    1154832.000
                                                  124737032.000 f
  U2897/Y (AND2X1)                     2243824.000
                                                  126980856.000 f
  U2898/Y (OR2X1)                      2079224.000
                                                  129060080.000 f
  U2900/Y (NAND2X1)                    876488.000 129936568.000 r
  U325/Y (XNOR2X1)                     5377432.000
                                                  135314000.000 r
  U619/Y (INVX1)                       999728.000 136313728.000 f
  U3024/Y (NOR2X1)                     1157296.000
                                                  137471024.000 r
  U3028/Y (NOR2X1)                     99376.000  137570400.000 f
  U3030/Y (NAND2X1)                    884592.000 138454992.000 r
  U3031/Y (NAND2X1)                    1153648.000
                                                  139608640.000 f
  U3032/Y (NAND2X1)                    1399888.000
                                                  141008528.000 r
  U3033/Y (NAND2X1)                    1156048.000
                                                  142164576.000 f
  U351/Y (AND2X1)                      2046080.000
                                                  144210656.000 f
  U352/Y (INVX1)                       -322736.000
                                                  143887920.000 r
  U640/Y (INVX1)                       672272.000 144560192.000 f
  U319/Y (INVX1)                       481120.000 145041312.000 r
  U3060/Y (NAND2X1)                    1055312.000
                                                  146096624.000 f
  U3061/Y (NAND2X1)                    1752624.000
                                                  147849248.000 r
  U3065/Y (INVX1)                      1115744.000
                                                  148964992.000 f
  U3066/Y (NAND2X1)                    1284400.000
                                                  150249392.000 r
  U3067/Y (NAND2X1)                    1126096.000
                                                  151375488.000 f
  U3068/Y (NAND2X1)                    1394688.000
                                                  152770176.000 r
  U3073/Y (NAND2X1)                    865984.000 153636160.000 f
  U3074/Y (NAND2X1)                    1400080.000
                                                  155036240.000 r
  U3075/Y (NAND2X1)                    866864.000 155903104.000 f
  U3076/Y (NAND2X1)                    1380336.000
                                                  157283440.000 r
  U3078/Y (NAND2X1)                    863648.000 158147088.000 f
  U3079/Y (NAND2X1)                    879360.000 159026448.000 r
  U3080/Y (NAND2X1)                    1126400.000
                                                  160152848.000 f
  U3083/Y (NAND2X1)                    1342768.000
                                                  161495616.000 r
  U3084/Y (NAND2X1)                    1146240.000
                                                  162641856.000 f
  U3086/Y (NAND2X1)                    885808.000 163527664.000 r
  U3099/Y (OR2X1)                      2561584.000
                                                  166089248.000 r
  U74/Y (AND2X1)                       2199712.000
                                                  168288960.000 r
  U75/Y (INVX1)                        707376.000 168996336.000 f
  U3100/Y (NOR2X1)                     1151520.000
                                                  170147856.000 r
  out[0] (out)                            0.000   170147856.000 r
  data arrival time                               170147856.000

  clock clk (rise edge)                200000000.000
                                                  200000000.000
  clock network delay (ideal)             0.000   200000000.000
  output external delay                   0.000   200000000.000
  data required time                              200000000.000
  -----------------------------------------------------------
  data required time                              200000000.000
  data arrival time                               -170147856.000
  -----------------------------------------------------------
  slack (MET)                                     29852144.000


1
