 
****************************************
Report : area
Design : top
Version: S-2021.06-SP2
Date   : Tue Nov 29 14:15:08 2022
****************************************

Library(s) Used:

    PPDK_Standard_Library_1.0V_25C_TYP_X1 (File: /home/akokkinis/synLibs/egfet/db/EGFET_1.0V.db)

Number of ports:                           52
Number of nets:                          2725
Number of cells:                         2677
Number of combinational cells:           2677
Number of sequential cells:                 0
Number of macros/black boxes:               0
Number of buf/inv:                        649
Number of references:                       7

Combinational area:         1068148313.000000
Buf/Inv area:                148244580.000000
Noncombinational area:               0.000000
Macro/Black Box area:                0.000000
Net Interconnect area:      undefined  (No wire load specified)

Total cell area:            1068148313.000000
Total area:                 undefined
1
