****************************************
Report : timing
	-path_type full
	-delay_type max
	-max_paths 1
	-sort_by slack
Design : top
Version: S-2021.06-SP1
Date   : Tue Nov 29 14:15:13 2022
****************************************


  Startpoint: inp[6] (input port clocked by clk)
  Endpoint: out[0] (output port clocked by clk)
  Path Group: clk
  Path Type: max

  Point                                    Incr       Path
  ---------------------------------------------------------------
  clock clk (rise edge)                   0.000      0.000
  clock network delay (ideal)             0.000      0.000
  input external delay                    0.000      0.000 r
  inp[6] (in)                             0.000      0.000 r
  U900/Y (AND2X1)                      2212704.000
                                                  2212704.000 r
  U901/Y (INVX1)                       709776.000 2922480.000 f
  U1177/Y (NAND2X1)                    918768.000 3841248.000 r
  U427/Y (AND2X1)                      2174720.000
                                                  6015968.000 r
  U428/Y (INVX1)                       732960.000 6748928.000 f
  U1757/Y (NAND2X1)                    920704.000 7669632.000 r
  U1758/Y (AND2X1)                     2564224.000
                                                  10233856.000 r
  U1762/Y (XOR2X1)                     4721952.000
                                                  14955808.000 f
  U1769/Y (XOR2X1)                     5089312.000
                                                  20045120.000 r
  U1770/Y (OR2X1)                      2364352.000
                                                  22409472.000 r
  U1771/Y (AND2X1)                     1960880.000
                                                  24370352.000 r
  U1773/Y (XOR2X1)                     4326464.000
                                                  28696816.000 f
  U1774/Y (XOR2X1)                     5091472.000
                                                  33788288.000 r
  U1787/Y (XOR2X1)                     4348112.000
                                                  38136400.000 f
  U644/Y (AND2X1)                      2417728.000
                                                  40554128.000 f
  U645/Y (INVX1)                       -1448096.000
                                                  39106032.000 r
  U1788/Y (NAND2X1)                    1054096.000
                                                  40160128.000 f
  U1798/Y (XOR2X1)                     5390768.000
                                                  45550896.000 r
  U630/Y (AND2X1)                      2175568.000
                                                  47726464.000 r
  U631/Y (INVX1)                       715232.000 48441696.000 f
  U1799/Y (AND2X1)                     2243888.000
                                                  50685584.000 f
  U1804/Y (XOR2X1)                     5259504.000
                                                  55945088.000 r
  U650/Y (AND2X1)                      2174352.000
                                                  58119440.000 r
  U651/Y (INVX1)                       715632.000 58835072.000 f
  U1805/Y (NAND2X1)                    1291584.000
                                                  60126656.000 r
  U1806/Y (OR2X1)                      2339984.000
                                                  62466640.000 r
  U1811/Y (NAND2X1)                    800896.000 63267536.000 f
  U1818/Y (NAND2X1)                    1748032.000
                                                  65015568.000 r
  U465/Y (INVX1)                       1109408.000
                                                  66124976.000 f
  U466/Y (INVX1)                       457328.000 66582304.000 r
  U1825/Y (NAND2X1)                    1057232.000
                                                  67639536.000 f
  U398/Y (AND2X1)                      2441824.000
                                                  70081360.000 f
  U399/Y (INVX1)                       -295344.000
                                                  69786016.000 r
  U1826/Y (INVX1)                      658864.000 70444880.000 f
  U810/Y (AND2X1)                      2034992.000
                                                  72479872.000 f
  U811/Y (INVX1)                       -1148752.000
                                                  71331120.000 r
  U2257/Y (NAND2X1)                    801664.000 72132784.000 f
  U392/Y (AND2X1)                      2441760.000
                                                  74574544.000 f
  U393/Y (INVX1)                       -283376.000
                                                  74291168.000 r
  U2258/Y (NAND2X1)                    830960.000 75122128.000 f
  U2259/Y (NAND2X1)                    897648.000 76019776.000 r
  U2261/Y (XOR2X1)                     4758624.000
                                                  80778400.000 f
  U2266/Y (XOR2X1)                     5733136.000
                                                  86511536.000 r
  U2267/Y (XOR2X1)                     4744848.000
                                                  91256384.000 f
  U2274/Y (OR2X1)                      2056976.000
                                                  93313360.000 f
  U2275/Y (NAND2X1)                    883928.000 94197288.000 r
  U2277/Y (XOR2X1)                     4758392.000
                                                  98955680.000 f
  U702/Y (AND2X1)                      2058288.000
                                                  101013968.000 f
  U703/Y (INVX1)                       -1452992.000
                                                  99560976.000 r
  U2279/Y (AND2X1)                     1977632.000
                                                  101538608.000 r
  U576/Y (AND2X1)                      1817008.000
                                                  103355616.000 r
  U577/Y (INVX1)                       715224.000 104070840.000 f
  U2281/Y (NAND2X1)                    1297384.000
                                                  105368224.000 r
  U2282/Y (NAND2X1)                    1127440.000
                                                  106495664.000 f
  U2283/Y (NAND2X1)                    1403976.000
                                                  107899640.000 r
  U2470/Y (XOR2X1)                     4849600.000
                                                  112749240.000 f
  U2471/Y (OR2X1)                      2057528.000
                                                  114806768.000 f
  U2473/Y (NAND2X1)                    1337176.000
                                                  116143944.000 r
  U2502/Y (INVX1)                      1116200.000
                                                  117260144.000 f
  U2503/Y (NAND2X1)                    1357520.000
                                                  118617664.000 r
  U766/Y (INVX1)                       912504.000 119530168.000 f
  U767/Y (INVX1)                       439376.000 119969544.000 r
  U2504/Y (NAND2X1)                    1053376.000
                                                  121022920.000 f
  U2508/Y (NAND2X1)                    1380776.000
                                                  122403696.000 r
  U2509/Y (NAND2X1)                    1151120.000
                                                  123554816.000 f
  U2510/Y (NAND2X1)                    1399392.000
                                                  124954208.000 r
  U2511/Y (NAND2X1)                    1155952.000
                                                  126110160.000 f
  U526/Y (NAND2X1)                     1775000.000
                                                  127885160.000 r
  U507/Y (INVX1)                       1101264.000
                                                  128986424.000 f
  U508/Y (INVX1)                       976280.000 129962704.000 r
  U2512/Y (INVX1)                      651544.000 130614248.000 f
  U2531/Y (NAND2X1)                    1286800.000
                                                  131901048.000 r
  U2533/Y (NAND2X1)                    930384.000 132831432.000 f
  U2534/Y (NAND2X1)                    1399528.000
                                                  134230960.000 r
  U2537/Y (OR2X1)                      2595088.000
                                                  136826048.000 r
  U2538/Y (NAND2X1)                    1218464.000
                                                  138044512.000 f
  U2539/Y (NAND2X1)                    1393984.000
                                                  139438496.000 r
  U2542/Y (NAND2X1)                    865888.000 140304384.000 f
  U2546/Y (NAND2X1)                    884496.000 141188880.000 r
  U2547/Y (OR2X1)                      2561264.000
                                                  143750144.000 r
  U2551/Y (NAND2X1)                    804864.000 144555008.000 f
  U2553/Y (NAND2X1)                    885296.000 145440304.000 r
  U2554/Y (OR2X1)                      2605392.000
                                                  148045696.000 r
  U2555/Y (NAND2X1)                    804864.000 148850560.000 f
  U2557/Y (NAND2X1)                    1341808.000
                                                  150192368.000 r
  U2558/Y (INVX1)                      1095632.000
                                                  151288000.000 f
  U2564/Y (NAND2X1)                    919328.000 152207328.000 r
  U2569/Y (NAND2X1)                    848096.000 153055424.000 f
  U2571/Y (NAND2X1)                    885504.000 153940928.000 r
  U2581/Y (OR2X1)                      2606880.000
                                                  156547808.000 r
  U2582/Y (NAND2X1)                    1047280.000
                                                  157595088.000 f
  U2585/Y (OR2X1)                      2092640.000
                                                  159687728.000 f
  U524/Y (NAND2X1)                     1778896.000
                                                  161466624.000 r
  U503/Y (INVX1)                       1076512.000
                                                  162543136.000 f
  U504/Y (INVX1)                       976528.000 163519664.000 r
  U929/Y (INVX1)                       651296.000 164170960.000 f
  U2598/Y (NAND2X1)                    1286656.000
                                                  165457616.000 r
  U2600/Y (NAND2X1)                    929328.000 166386944.000 f
  U445/Y (INVX1)                       223232.000 166610176.000 r
  U446/Y (INVX1)                       646704.000 167256880.000 f
  U2604/Y (NOR2X1)                     1157696.000
                                                  168414576.000 r
  U2609/Y (NOR2X1)                     151344.000 168565920.000 f
  U2615/Y (NAND2X1)                    880640.000 169446560.000 r
  U2617/Y (NAND2X1)                    866848.000 170313408.000 f
  U2623/Y (OR2X1)                      2088976.000
                                                  172402384.000 f
  U2624/Y (NAND2X1)                    1752576.000
                                                  174154960.000 r
  U2625/Y (INVX1)                      1069456.000
                                                  175224416.000 f
  U2626/Y (NAND2X1)                    1284400.000
                                                  176508816.000 r
  U2630/Y (NAND2X1)                    848096.000 177356912.000 f
  U2632/Y (NAND2X1)                    1341760.000
                                                  178698672.000 r
  U2633/Y (INVX1)                      1097072.000
                                                  179795744.000 f
  U2634/Y (NAND2X1)                    1284304.000
                                                  181080048.000 r
  U2638/Y (NAND2X1)                    848080.000 181928128.000 f
  U2640/Y (NAND2X1)                    885184.000 182813312.000 r
  U2644/Y (OR2X1)                      2605808.000
                                                  185419120.000 r
  U2645/Y (NAND2X1)                    804768.000 186223888.000 f
  U2647/Y (NAND2X1)                    879408.000 187103296.000 r
  U2648/Y (NAND2X1)                    1151136.000
                                                  188254432.000 f
  U520/Y (NAND2X1)                     1786912.000
                                                  190041344.000 r
  U497/Y (INVX1)                       1108736.000
                                                  191150080.000 f
  U498/Y (INVX1)                       976192.000 192126272.000 r
  U2650/Y (INVX1)                      651776.000 192778048.000 f
  U2842/Y (AND2X1)                     1864640.000
                                                  194642688.000 f
  U2846/Y (NOR2X1)                     1213472.000
                                                  195856160.000 r
  U2848/Y (NAND2X1)                    837632.000 196693792.000 f
  U2855/Y (OR2X1)                      2087712.000
                                                  198781504.000 f
  U2856/Y (NAND2X1)                    1425232.000
                                                  200206736.000 r
  U2857/Y (OR2X1)                      2655792.000
                                                  202862528.000 r
  U2861/Y (NAND2X1)                    797264.000 203659792.000 f
  U2863/Y (NAND2X1)                    885184.000 204544976.000 r
  U2867/Y (OR2X1)                      2609920.000
                                                  207154896.000 r
  U2871/Y (NAND2X1)                    797264.000 207952160.000 f
  U2873/Y (NAND2X1)                    885504.000 208837664.000 r
  U2877/Y (OR2X1)                      2606432.000
                                                  211444096.000 r
  U2881/Y (NAND2X1)                    797440.000 212241536.000 f
  U2883/Y (NAND2X1)                    879600.000 213121136.000 r
  U2884/Y (NAND2X1)                    1155952.000
                                                  214277088.000 f
  U2885/Y (NAND2X1)                    1404816.000
                                                  215681904.000 r
  U2888/Y (OR2X1)                      2607536.000
                                                  218289440.000 r
  U2890/Y (NAND2X1)                    799216.000 219088656.000 f
  U914/Y (AND2X1)                      2047504.000
                                                  221136160.000 f
  U317/Y (AND2X1)                      2426928.000
                                                  223563088.000 f
  U318/Y (INVX1)                       -1388560.000
                                                  222174528.000 r
  U2902/Y (NAND2X1)                    798784.000 222973312.000 f
  out[0] (out)                            0.000   222973312.000 f
  data arrival time                               222973312.000

  clock clk (rise edge)                250000000.000
                                                  250000000.000
  clock network delay (ideal)             0.000   250000000.000
  clock reconvergence pessimism           0.000   250000000.000
  output external delay                   0.000   250000000.000
  data required time                              250000000.000
  ---------------------------------------------------------------
  data required time                              250000000.000
  data arrival time                               -222973312.000
  ---------------------------------------------------------------
  slack (MET)                                     27026688.000


1
