 
****************************************
Report : timing
        -path full
        -delay max
        -max_paths 1
Design : top
Version: S-2021.06-SP2
Date   : Wed Dec 14 19:39:41 2022
****************************************

Operating Conditions: TT   Library: PPDK_Standard_Library_1.0V_25C_TYP_X1
Wire Load Model Mode: top

  Startpoint: inp[1] (input port clocked by clk)
  Endpoint: out[0] (output port clocked by clk)
  Path Group: clk
  Path Type: max

  Point                                    Incr       Path
  -----------------------------------------------------------
  clock clk (rise edge)                   0.000      0.000
  clock network delay (ideal)             0.000      0.000
  input external delay                    0.000      0.000 r
  inp[1] (in)                             0.000      0.000 r
  U1296/Y (INVX1)                      54332.504  54332.504 f
  U575/Y (AND2X1)                      2457658.500
                                                  2511991.000 f
  U576/Y (INVX1)                       -1165532.625
                                                  1346458.375 r
  U750/Y (NOR2X1)                      918822.875 2265281.250 f
  U797/Y (NAND2X1)                     895660.500 3160941.750 r
  U613/Y (AND2X1)                      2168957.250
                                                  5329899.000 r
  U614/Y (INVX1)                       721593.500 6051492.500 f
  U903/Y (OR2X1)                       2318740.000
                                                  8370232.500 f
  U904/Y (NAND2X1)                     1334754.500
                                                  9704987.000 r
  U905/Y (INVX1)                       1122150.000
                                                  10827137.000 f
  U907/Y (NAND2X1)                     925008.000 11752145.000 r
  U1009/Y (NAND2X1)                    1127596.000
                                                  12879741.000 f
  U1010/Y (AND2X1)                     1858901.000
                                                  14738642.000 f
  U1011/Y (XOR2X1)                     5241386.000
                                                  19980028.000 r
  U1012/Y (OR2X1)                      2322792.000
                                                  22302820.000 r
  U435/Y (AND2X1)                      2196644.000
                                                  24499464.000 r
  U436/Y (INVX1)                       708376.000 25207840.000 f
  U1093/Y (NAND2X1)                    1291616.000
                                                  26499456.000 r
  U1109/Y (OR2X1)                      2330208.000
                                                  28829664.000 r
  U439/Y (AND2X1)                      2199490.000
                                                  31029154.000 r
  U440/Y (INVX1)                       707448.000 31736602.000 f
  U1163/Y (NAND2X1)                    1362948.000
                                                  33099550.000 r
  U1164/Y (INVX1)                      1101398.000
                                                  34200948.000 f
  U1165/Y (AND2X1)                     2458308.000
                                                  36659256.000 f
  U1166/Y (INVX1)                      -1173604.000
                                                  35485652.000 r
  U179/Y (AND2X1)                      1881336.000
                                                  37366988.000 r
  U180/Y (INVX1)                       718744.000 38085732.000 f
  U1171/Y (XOR2X1)                     5584244.000
                                                  43669976.000 r
  U677/Y (OR2X1)                       2290892.000
                                                  45960868.000 r
  U417/Y (AND2X1)                      2199344.000
                                                  48160212.000 r
  U418/Y (INVX1)                       707716.000 48867928.000 f
  U1186/Y (XOR2X1)                     5588500.000
                                                  54456428.000 r
  U521/Y (AND2X1)                      2174500.000
                                                  56630928.000 r
  U522/Y (INVX1)                       715588.000 57346516.000 f
  U1187/Y (NAND2X1)                    1291580.000
                                                  58638096.000 r
  U1199/Y (OR2X1)                      2330156.000
                                                  60968252.000 r
  U463/Y (AND2X1)                      2199508.000
                                                  63167760.000 r
  U464/Y (INVX1)                       707444.000 63875204.000 f
  U1200/Y (NAND2X1)                    1362948.000
                                                  65238152.000 r
  U1209/Y (INVX1)                      1096644.000
                                                  66334796.000 f
  U1211/Y (NAND2X1)                    924988.000 67259784.000 r
  U1220/Y (NAND2X1)                    1128280.000
                                                  68388064.000 f
  U1222/Y (XOR2X1)                     5292464.000
                                                  73680528.000 r
  U1225/Y (NAND2X1)                    847744.000 74528272.000 f
  U1227/Y (NOR2X1)                     1194984.000
                                                  75723256.000 r
  U225/Y (AND2X1)                      2181728.000
                                                  77904984.000 r
  U226/Y (INVX1)                       713232.000 78618216.000 f
  U1228/Y (NAND2X1)                    1327296.000
                                                  79945512.000 r
  U251/Y (AND2X1)                      2167904.000
                                                  82113416.000 r
  U103/Y (AND2X1)                      2181120.000
                                                  84294536.000 r
  U104/Y (INVX1)                       713656.000 85008192.000 f
  U569/Y (OR2X1)                       2316136.000
                                                  87324328.000 f
  U570/Y (INVX1)                       -949240.000
                                                  86375088.000 r
  U1240/Y (NAND2X1)                    1052544.000
                                                  87427632.000 f
  U583/Y (OR2X1)                       2332912.000
                                                  89760544.000 f
  U584/Y (INVX1)                       -987080.000
                                                  88773464.000 r
  U1690/Y (NAND2X1)                    1055008.000
                                                  89828472.000 f
  U1724/Y (XNOR2X1)                    3963448.000
                                                  93791920.000 r
  U239/Y (AND2X1)                      2190848.000
                                                  95982768.000 r
  U240/Y (INVX1)                       710264.000 96693032.000 f
  U1725/Y (NAND2X1)                    1357288.000
                                                  98050320.000 r
  U1726/Y (INVX1)                      1070984.000
                                                  99121304.000 f
  U1730/Y (XOR2X1)                     5590728.000
                                                  104712032.000 r
  U537/Y (AND2X1)                      2173568.000
                                                  106885600.000 r
  U538/Y (INVX1)                       715896.000 107601496.000 f
  U1732/Y (NAND2X1)                    930040.000 108531536.000 r
  U525/Y (AND2X1)                      1798352.000
                                                  110329888.000 r
  U526/Y (INVX1)                       715592.000 111045480.000 f
  U1744/Y (NAND2X1)                    930056.000 111975536.000 r
  U1745/Y (NAND2X1)                    1151104.000
                                                  113126640.000 f
  U1747/Y (NAND2X1)                    891224.000 114017864.000 r
  U505/Y (AND2X1)                      1798168.000
                                                  115816032.000 r
  U506/Y (INVX1)                       715864.000 116531896.000 f
  U323/Y (AND2X1)                      2458080.000
                                                  118989976.000 f
  U324/Y (INVX1)                       -217904.000
                                                  118772072.000 r
  U1751/Y (INVX1)                      656696.000 119428768.000 f
  U469/Y (AND2X1)                      2034896.000
                                                  121463664.000 f
  U470/Y (INVX1)                       -1340320.000
                                                  120123344.000 r
  U311/Y (AND2X1)                      2199112.000
                                                  122322456.000 r
  U312/Y (INVX1)                       724984.000 123047440.000 f
  U1752/Y (INVX1)                      447192.000 123494632.000 r
  U1753/Y (XOR2X1)                     4510672.000
                                                  128005304.000 f
  U679/Y (XNOR2X1)                     3972968.000
                                                  131978272.000 r
  U527/Y (AND2X1)                      1859904.000
                                                  133838176.000 r
  U528/Y (INVX1)                       715376.000 134553552.000 f
  U1886/Y (NAND2X1)                    1285600.000
                                                  135839152.000 r
  U145/Y (AND2X1)                      1818784.000
                                                  137657936.000 r
  U146/Y (INVX1)                       718496.000 138376432.000 f
  U1906/Y (NAND2X1)                    918864.000 139295296.000 r
  U1914/Y (NAND2X1)                    863680.000 140158976.000 f
  U1916/Y (NAND2X1)                    1339584.000
                                                  141498560.000 r
  U1917/Y (INVX1)                      1116352.000
                                                  142614912.000 f
  U1923/Y (NAND2X1)                    1357552.000
                                                  143972464.000 r
  U1924/Y (INVX1)                      1130112.000
                                                  145102576.000 f
  out[0] (out)                            0.000   145102576.000 f
  data arrival time                               145102576.000

  clock clk (rise edge)                200000000.000
                                                  200000000.000
  clock network delay (ideal)             0.000   200000000.000
  output external delay                   0.000   200000000.000
  data required time                              200000000.000
  -----------------------------------------------------------
  data required time                              200000000.000
  data arrival time                               -145102576.000
  -----------------------------------------------------------
  slack (MET)                                     54897424.000


1
