 
****************************************
Report : timing
        -path full
        -delay max
        -max_paths 1
Design : top
Version: S-2021.06-SP2
Date   : Fri Dec  2 10:18:50 2022
****************************************

Operating Conditions: TT   Library: PPDK_Standard_Library_1.0V_25C_TYP_X1
Wire Load Model Mode: top

  Startpoint: inp[44] (input port clocked by clk)
  Endpoint: out[0] (output port clocked by clk)
  Path Group: clk
  Path Type: max

  Point                                    Incr       Path
  -----------------------------------------------------------
  clock clk (rise edge)                   0.000      0.000
  clock network delay (ideal)             0.000      0.000
  input external delay                    0.000      0.000 f
  inp[44] (in)                            0.000      0.000 f
  U3267/Y (NAND2X1)                    1753024.500
                                                  1753024.500 r
  U3334/Y (INVX1)                      1218760.000
                                                  2971784.500 f
  U3335/Y (NAND2X1)                    1295980.500
                                                  4267765.000 r
  U3428/Y (NAND2X1)                    848687.000 5116452.000 f
  U3429/Y (NAND2X1)                    1404165.000
                                                  6520617.000 r
  U1094/Y (OR2X1)                      2553098.000
                                                  9073715.000 r
  U3560/Y (AND2X1)                     1875543.000
                                                  10949258.000 r
  U3561/Y (INVX1)                      708025.000 11657283.000 f
  U3562/Y (XOR2X1)                     5583745.000
                                                  17241028.000 r
  U3563/Y (XOR2X1)                     4324568.000
                                                  21565596.000 f
  U3564/Y (OR2X1)                      2061822.000
                                                  23627418.000 f
  U768/Y (AND2X1)                      2438346.000
                                                  26065764.000 f
  U3570/Y (NAND2X1)                    854806.000 26920570.000 r
  U145/Y (AND2X1)                      1830826.000
                                                  28751396.000 r
  U827/Y (AND2X1)                      2181490.000
                                                  30932886.000 r
  U828/Y (INVX1)                       713312.000 31646198.000 f
  U3589/Y (NAND2X1)                    924396.000 32570594.000 r
  U3590/Y (XOR2X1)                     4279182.000
                                                  36849776.000 f
  U3591/Y (XOR2X1)                     5077800.000
                                                  41927576.000 r
  U3592/Y (XOR2X1)                     4755312.000
                                                  46682888.000 f
  U199/Y (AND2X1)                      2417324.000
                                                  49100212.000 f
  U200/Y (INVX1)                       -1450620.000
                                                  47649592.000 r
  U3593/Y (NAND2X1)                    805312.000 48454904.000 f
  U134/Y (NOR2X1)                      1190248.000
                                                  49645152.000 r
  U132/Y (OR2X1)                       2202504.000
                                                  51847656.000 r
  U3671/Y (NAND2X1)                    1223932.000
                                                  53071588.000 f
  U3732/Y (NAND2X1)                    1394408.000
                                                  54465996.000 r
  U138/Y (AND2X1)                      2165532.000
                                                  56631528.000 r
  U139/Y (INVX1)                       719164.000 57350692.000 f
  U1101/Y (OR2X1)                      2115216.000
                                                  59465908.000 f
  U674/Y (AND2X1)                      1851008.000
                                                  61316916.000 f
  U135/Y (NOR2X1)                      1632940.000
                                                  62949856.000 r
  U136/Y (INVX1)                       999612.000 63949468.000 f
  U3771/Y (XOR2X1)                     4912028.000
                                                  68861496.000 r
  U3777/Y (XOR2X1)                     4318520.000
                                                  73180016.000 f
  U1100/Y (OR2X1)                      2058192.000
                                                  75238208.000 f
  U3787/Y (NAND2X1)                    915208.000 76153416.000 r
  U1063/Y (AND2X1)                     2165848.000
                                                  78319264.000 r
  U699/Y (INVX1)                       774352.000 79093616.000 f
  U4730/Y (XOR2X1)                     5952472.000
                                                  85046088.000 r
  U4731/Y (AND2X1)                     2948904.000
                                                  87994992.000 r
  U4732/Y (OR2X1)                      1909104.000
                                                  89904096.000 r
  U4735/Y (XOR2X1)                     4522448.000
                                                  94426544.000 f
  U4745/Y (NAND2X1)                    1312928.000
                                                  95739472.000 r
  U4746/Y (INVX1)                      1074376.000
                                                  96813848.000 f
  U4747/Y (OR2X1)                      2120768.000
                                                  98934616.000 f
  U4751/Y (XOR2X1)                     5297496.000
                                                  104232112.000 r
  U4777/Y (AND2X1)                     931816.000 105163928.000 r
  U4778/Y (OR2X1)                      2209752.000
                                                  107373680.000 r
  U4793/Y (XOR2X1)                     4533656.000
                                                  111907336.000 f
  U5130/Y (XOR2X1)                     5975048.000
                                                  117882384.000 r
  U5159/Y (INVX1)                      1276800.000
                                                  119159184.000 f
  U5160/Y (XOR2X1)                     5592520.000
                                                  124751704.000 r
  U627/Y (AND2X1)                      2598192.000
                                                  127349896.000 r
  U5161/Y (OR2X1)                      2124808.000
                                                  129474704.000 r
  U5165/Y (XOR2X1)                     4513360.000
                                                  133988064.000 f
  U5167/Y (AND2X1)                     1841488.000
                                                  135829552.000 f
  U5168/Y (OR2X1)                      2077936.000
                                                  137907488.000 f
  U5169/Y (NAND2X1)                    1425264.000
                                                  139332752.000 r
  U646/Y (OR2X1)                       2667408.000
                                                  142000160.000 r
  U5170/Y (NAND2X1)                    800304.000 142800464.000 f
  U5171/Y (AND2X1)                     1855424.000
                                                  144655888.000 f
  U5172/Y (NOR2X1)                     1213920.000
                                                  145869808.000 r
  U1147/Y (NOR2X1)                     73904.000  145943712.000 f
  U1078/Y (OR2X1)                      2094624.000
                                                  148038336.000 f
  U459/Y (OR2X1)                       2341552.000
                                                  150379888.000 f
  U5677/Y (INVX1)                      -706192.000
                                                  149673696.000 r
  U6604/Y (NOR2X1)                     426768.000 150100464.000 f
  U6605/Y (OR2X1)                      2331664.000
                                                  152432128.000 f
  U6613/Y (XOR2X1)                     5441424.000
                                                  157873552.000 r
  U6619/Y (XOR2X1)                     4753392.000
                                                  162626944.000 f
  U6642/Y (NOR2X1)                     1238944.000
                                                  163865888.000 r
  U6643/Y (OR2X1)                      2202128.000
                                                  166068016.000 r
  U6644/Y (NAND2X1)                    1050640.000
                                                  167118656.000 f
  U637/Y (AND2X1)                      1855408.000
                                                  168974064.000 f
  U6645/Y (NOR2X1)                     1213920.000
                                                  170187984.000 r
  U6646/Y (OR2X1)                      2161648.000
                                                  172349632.000 r
  U6647/Y (NAND2X1)                    800672.000 173150304.000 f
  U638/Y (AND2X1)                      1853344.000
                                                  175003648.000 f
  U6650/Y (NOR2X1)                     1213344.000
                                                  176216992.000 r
  U6654/Y (OR2X1)                      2160720.000
                                                  178377712.000 r
  U6655/Y (NAND2X1)                    1050256.000
                                                  179427968.000 f
  U626/Y (AND2X1)                      1855408.000
                                                  181283376.000 f
  U1088/Y (OR2X1)                      2341120.000
                                                  183624496.000 f
  U535/Y (INVX1)                       -288768.000
                                                  183335728.000 r
  U8962/Y (AND2X1)                     1126880.000
                                                  184462608.000 r
  U8965/Y (OR2X1)                      1649008.000
                                                  186111616.000 r
  U8972/Y (INVX1)                      718336.000 186829952.000 f
  U8973/Y (XOR2X1)                     5588560.000
                                                  192418512.000 r
  U8978/Y (AND2X1)                     896896.000 193315408.000 r
  U8979/Y (OR2X1)                      2240880.000
                                                  195556288.000 r
  U8985/Y (XOR2X1)                     4512656.000
                                                  200068944.000 f
  U8991/Y (XOR2X1)                     5079840.000
                                                  205148784.000 r
  U9018/Y (NAND2X1)                    845888.000 205994672.000 f
  U1084/Y (OR2X1)                      2092240.000
                                                  208086912.000 f
  U9020/Y (NAND2X1)                    1421488.000
                                                  209508400.000 r
  U9023/Y (AND2X1)                     724016.000 210232416.000 r
  U9024/Y (NOR2X1)                     -158784.000
                                                  210073632.000 f
  U9025/Y (OR2X1)                      2087840.000
                                                  212161472.000 f
  U9026/Y (NAND2X1)                    1421488.000
                                                  213582960.000 r
  U501/Y (OR2X1)                       1454224.000
                                                  215037184.000 r
  U502/Y (INVX1)                       758880.000 215796064.000 f
  U1073/Y (INVX1)                      1484320.000
                                                  217280384.000 r
  U1074/Y (INVX1)                      1024784.000
                                                  218305168.000 f
  U10367/Y (AND2X1)                    1864464.000
                                                  220169632.000 f
  U10369/Y (OR2X1)                     2082176.000
                                                  222251808.000 f
  U10373/Y (XOR2X1)                    5304912.000
                                                  227556720.000 r
  U10381/Y (XOR2X1)                    4754496.000
                                                  232311216.000 f
  U1136/Y (OR2X1)                      2057632.000
                                                  234368848.000 f
  U10406/Y (NAND2X1)                   872528.000 235241376.000 r
  U10408/Y (NAND2X1)                   867056.000 236108432.000 f
  U10411/Y (AND2X1)                    1853328.000
                                                  237961760.000 f
  U10412/Y (NOR2X1)                    1213344.000
                                                  239175104.000 r
  U10470/Y (OR2X1)                     2160720.000
                                                  241335824.000 r
  U10482/Y (NAND2X1)                   800688.000 242136512.000 f
  U10487/Y (AND2X1)                    1854432.000
                                                  243990944.000 f
  U10488/Y (OR2X1)                     2337760.000
                                                  246328704.000 f
  U10496/Y (NAND2X1)                   866400.000 247195104.000 r
  U10497/Y (NAND2X1)                   1153840.000
                                                  248348944.000 f
  U10502/Y (NAND2X1)                   873520.000 249222464.000 r
  out[0] (out)                            0.000   249222464.000 r
  data arrival time                               249222464.000

  clock clk (rise edge)                250000000.000
                                                  250000000.000
  clock network delay (ideal)             0.000   250000000.000
  output external delay                   0.000   250000000.000
  data required time                              250000000.000
  -----------------------------------------------------------
  data required time                              250000000.000
  data arrival time                               -249222464.000
  -----------------------------------------------------------
  slack (MET)                                     777536.000


1
