****************************************
Report : timing
	-path_type full
	-delay_type max
	-max_paths 1
	-sort_by slack
Design : top
Version: S-2021.06-SP1
Date   : Fri Dec 16 13:48:15 2022
****************************************


  Startpoint: inp[6] (input port clocked by clk)
  Endpoint: out[0] (output port clocked by clk)
  Path Group: clk
  Path Type: max

  Point                                    Incr       Path
  ---------------------------------------------------------------
  clock clk (rise edge)                   0.000      0.000
  clock network delay (ideal)             0.000      0.000
  input external delay                    0.000      0.000 f
  inp[6] (in)                             0.000      0.000 f
  U922/Y (XOR2X1)                      6257072.000
                                                  6257072.000 r
  U245/Y (INVX1)                       1377712.000
                                                  7634784.000 f
  U246/Y (INVX1)                       429168.000 8063952.000 r
  U1099/Y (NAND2X1)                    1017440.000
                                                  9081392.000 f
  U1100/Y (NAND2X1)                    850944.000 9932336.000 r
  U1129/Y (OR2X1)                      5234160.000
                                                  15166496.000 r
  U1130/Y (NAND2X1)                    1715808.000
                                                  16882304.000 f
  U1131/Y (AND2X1)                     2605520.000
                                                  19487824.000 f
  U1132/Y (XOR2X1)                     6268272.000
                                                  25756096.000 r
  U1133/Y (INVX1)                      1418800.000
                                                  27174896.000 f
  U1134/Y (XOR2X1)                     5942336.000
                                                  33117232.000 r
  U451/Y (XNOR2X1)                     6627712.000
                                                  39744944.000 r
  U452/Y (INVX1)                       1045648.000
                                                  40790592.000 f
  U1136/Y (NAND2X1)                    1161984.000
                                                  41952576.000 r
  U1137/Y (NAND2X1)                    2177328.000
                                                  44129904.000 f
  U1155/Y (OR2X1)                      2403712.000
                                                  46533616.000 f
  U1156/Y (NAND2X1)                    844720.000 47378336.000 r
  U1157/Y (NAND2X1)                    2177376.000
                                                  49555712.000 f
  U1183/Y (XOR2X1)                     6276096.000
                                                  55831808.000 r
  U1184/Y (XOR2X1)                     6321184.000
                                                  62152992.000 f
  U1185/Y (NAND2X1)                    895280.000 63048272.000 r
  U300/Y (AND2X1)                      2794928.000
                                                  65843200.000 r
  U301/Y (INVX1)                       906368.000 66749568.000 f
  U1442/Y (XOR2X1)                     5201792.000
                                                  71951360.000 r
  U407/Y (XNOR2X1)                     6627664.000
                                                  78579024.000 r
  U408/Y (INVX1)                       1043888.000
                                                  79622912.000 f
  U292/Y (XNOR2X1)                     7361632.000
                                                  86984544.000 f
  U293/Y (INVX1)                       -85344.000 86899200.000 r
  U1446/Y (INVX1)                      831152.000 87730352.000 f
  U1447/Y (NAND2X1)                    807504.000 88537856.000 r
  U1448/Y (NAND2X1)                    2055552.000
                                                  90593408.000 f
  U1449/Y (NAND2X1)                    1183472.000
                                                  91776880.000 r
  U1457/Y (OR2X1)                      5211280.000
                                                  96988160.000 r
  U1458/Y (NAND2X1)                    1004968.000
                                                  97993128.000 f
  U1459/Y (NAND2X1)                    1624816.000
                                                  99617944.000 r
  U1466/Y (INVX1)                      1243640.000
                                                  100861584.000 f
  U1467/Y (NAND2X1)                    807336.000 101668920.000 r
  U1468/Y (NAND2X1)                    2205952.000
                                                  103874872.000 f
  U1469/Y (NAND2X1)                    1625248.000
                                                  105500120.000 r
  U1472/Y (INVX1)                      1243064.000
                                                  106743184.000 f
  U1473/Y (NAND2X1)                    1161968.000
                                                  107905152.000 r
  U1474/Y (NAND2X1)                    2206128.000
                                                  110111280.000 f
  U1475/Y (NAND2X1)                    1177584.000
                                                  111288864.000 r
  U1542/Y (XOR2X1)                     5904928.000
                                                  117193792.000 f
  U1543/Y (NAND2X1)                    1172208.000
                                                  118366000.000 r
  U1589/Y (NAND2X1)                    1043728.000
                                                  119409728.000 f
  U1593/Y (NAND2X1)                    835568.000 120245296.000 r
  U1595/Y (NAND2X1)                    1049216.000
                                                  121294512.000 f
  U1596/Y (NAND2X1)                    1165872.000
                                                  122460384.000 r
  U1597/Y (AND2X1)                     2844984.000
                                                  125305368.000 r
  U1598/Y (INVX1)                      812800.000 126118168.000 f
  U1650/Y (NAND2X1)                    1162016.000
                                                  127280184.000 r
  U1651/Y (NAND2X1)                    2195816.000
                                                  129476000.000 f
  U1657/Y (NAND2X1)                    836008.000 130312008.000 r
  U1658/Y (NAND2X1)                    2206360.000
                                                  132518368.000 f
  U1661/Y (NAND2X1)                    836864.000 133355232.000 r
  U1662/Y (NAND2X1)                    2142000.000
                                                  135497232.000 f
  U1665/Y (NAND2X1)                    836864.000 136334096.000 r
  U1666/Y (NAND2X1)                    2142000.000
                                                  138476096.000 f
  U1669/Y (NAND2X1)                    836864.000 139312960.000 r
  U1670/Y (NAND2X1)                    2142016.000
                                                  141454976.000 f
  U1673/Y (NAND2X1)                    836864.000 142291840.000 r
  U1674/Y (NAND2X1)                    2141984.000
                                                  144433824.000 f
  U1677/Y (NAND2X1)                    836864.000 145270688.000 r
  U1678/Y (NAND2X1)                    1476672.000
                                                  146747360.000 f
  U1679/Y (INVX1)                      -658176.000
                                                  146089184.000 r
  U1680/Y (NAND2X1)                    1410272.000
                                                  147499456.000 f
  U364/Y (AND2X1)                      2338832.000
                                                  149838288.000 f
  U2122/Y (NAND2X1)                    1168720.000
                                                  151007008.000 r
  U2123/Y (NAND2X1)                    2098560.000
                                                  153105568.000 f
  U2128/Y (NAND2X1)                    836384.000 153941952.000 r
  U2129/Y (NAND2X1)                    2206352.000
                                                  156148304.000 f
  U2132/Y (NAND2X1)                    836864.000 156985168.000 r
  U2133/Y (NAND2X1)                    2142016.000
                                                  159127184.000 f
  U2136/Y (NAND2X1)                    836864.000 159964048.000 r
  U2137/Y (NAND2X1)                    2142016.000
                                                  162106064.000 f
  U2140/Y (NAND2X1)                    836864.000 162942928.000 r
  U2141/Y (NAND2X1)                    2142016.000
                                                  165084944.000 f
  U2144/Y (NAND2X1)                    836864.000 165921808.000 r
  U2145/Y (NAND2X1)                    2142016.000
                                                  168063824.000 f
  U2148/Y (NAND2X1)                    836880.000 168900704.000 r
  U2149/Y (NAND2X1)                    2142016.000
                                                  171042720.000 f
  U2152/Y (NAND2X1)                    1313120.000
                                                  172355840.000 r
  U314/Y (INVX1)                       1318736.000
                                                  173674576.000 f
  U315/Y (INVX1)                       937392.000 174611968.000 r
  U2153/Y (INVX1)                      698640.000 175310608.000 f
  U2371/Y (NAND2X1)                    807680.000 176118288.000 r
  U2372/Y (NAND2X1)                    2141584.000
                                                  178259872.000 f
  U2373/Y (NAND2X1)                    1165872.000
                                                  179425744.000 r
  U2374/Y (NAND2X1)                    2148768.000
                                                  181574512.000 f
  U2375/Y (NAND2X1)                    1170864.000
                                                  182745376.000 r
  U2383/Y (OR2X1)                      5229840.000
                                                  187975216.000 r
  U2384/Y (NAND2X1)                    1361008.000
                                                  189336224.000 f
  U2385/Y (NAND2X1)                    1171776.000
                                                  190508000.000 r
  U2390/Y (OR2X1)                      5169360.000
                                                  195677360.000 r
  U2391/Y (NAND2X1)                    1361008.000
                                                  197038368.000 f
  U2392/Y (NAND2X1)                    1171760.000
                                                  198210128.000 r
  U2400/Y (OR2X1)                      5170000.000
                                                  203380128.000 r
  U2401/Y (NAND2X1)                    1360992.000
                                                  204741120.000 f
  U2402/Y (NAND2X1)                    1171776.000
                                                  205912896.000 r
  U2407/Y (OR2X1)                      5170048.000
                                                  211082944.000 r
  U2408/Y (NAND2X1)                    1360992.000
                                                  212443936.000 f
  U2409/Y (NAND2X1)                    1171776.000
                                                  213615712.000 r
  U2415/Y (OR2X1)                      5169312.000
                                                  218785024.000 r
  U2416/Y (NAND2X1)                    1361008.000
                                                  220146032.000 f
  U2417/Y (NAND2X1)                    1625104.000
                                                  221771136.000 r
  U2428/Y (NAND2X1)                    2547872.000
                                                  224319008.000 f
  U2430/Y (NAND2X1)                    836272.000 225155280.000 r
  U2431/Y (NAND2X1)                    2169936.000
                                                  227325216.000 f
  out[0] (out)                            0.000   227325216.000 f
  data arrival time                               227325216.000

  clock clk (rise edge)                250000000.000
                                                  250000000.000
  clock network delay (ideal)             0.000   250000000.000
  clock reconvergence pessimism           0.000   250000000.000
  output external delay                   0.000   250000000.000
  data required time                              250000000.000
  ---------------------------------------------------------------
  data required time                              250000000.000
  data arrival time                               -227325216.000
  ---------------------------------------------------------------
  slack (MET)                                     22674784.000


1
