 
****************************************
Report : timing
        -path full
        -delay max
        -max_paths 1
Design : top
Version: S-2021.06-SP2
Date   : Sun Dec  4 15:42:28 2022
****************************************

Operating Conditions: TT   Library: PPDK_Standard_Library_1.0V_25C_TYP_X1
Wire Load Model Mode: top

  Startpoint: inp[5] (input port clocked by clk)
  Endpoint: out[0] (output port clocked by clk)
  Path Group: clk
  Path Type: max

  Point                                    Incr       Path
  -----------------------------------------------------------
  clock clk (rise edge)                   0.000      0.000
  clock network delay (ideal)             0.000      0.000
  input external delay                    0.000      0.000 r
  inp[5] (in)                             0.000      0.000 r
  U539/Y (AND2X1)                      2207109.000
                                                  2207109.000 r
  U540/Y (INVX1)                       705440.500 2912549.500 f
  U640/Y (NAND2X1)                     918764.250 3831313.750 r
  U510/Y (AND2X1)                      2169657.250
                                                  6000971.000 r
  U511/Y (INVX1)                       721180.500 6722151.500 f
  U163/Y (AND2X1)                      2458083.500
                                                  9180235.000 f
  U164/Y (INVX1)                       -1175043.000
                                                  8005192.000 r
  U450/Y (AND2X1)                      2201729.000
                                                  10206921.000 r
  U181/Y (AND2X1)                      1836552.000
                                                  12043473.000 r
  U182/Y (INVX1)                       708003.000 12751476.000 f
  U649/Y (NAND2X1)                     924339.000 13675815.000 r
  U175/Y (XNOR2X1)                     6321485.000
                                                  19997300.000 r
  U176/Y (INVX1)                       775452.000 20772752.000 f
  U406/Y (AND2X1)                      2458066.000
                                                  23230818.000 f
  U407/Y (INVX1)                       -1187358.000
                                                  22043460.000 r
  U436/Y (AND2X1)                      1889014.000
                                                  23932474.000 r
  U498/Y (AND2X1)                      2181486.000
                                                  26113960.000 r
  U499/Y (INVX1)                       713534.000 26827494.000 f
  U660/Y (NAND2X1)                     924346.000 27751840.000 r
  U541/Y (XNOR2X1)                     6321476.000
                                                  34073316.000 r
  U542/Y (INVX1)                       820392.000 34893708.000 f
  U661/Y (NAND2X1)                     1285556.000
                                                  36179264.000 r
  U549/Y (AND2X1)                      2164296.000
                                                  38343560.000 r
  U550/Y (INVX1)                       727364.000 39070924.000 f
  U666/Y (NAND2X1)                     918792.000 39989716.000 r
  U316/Y (AND2X1)                      2174580.000
                                                  42164296.000 r
  U317/Y (INVX1)                       715564.000 42879860.000 f
  U328/Y (AND2X1)                      2458080.000
                                                  45337940.000 f
  U329/Y (INVX1)                       -1187268.000
                                                  44150672.000 r
  U480/Y (AND2X1)                      1881836.000
                                                  46032508.000 r
  U481/Y (INVX1)                       707932.000 46740440.000 f
  U670/Y (AND2X1)                      1866912.000
                                                  48607352.000 f
  U671/Y (XOR2X1)                      5241924.000
                                                  53849276.000 r
  U318/Y (AND2X1)                      2176012.000
                                                  56025288.000 r
  U319/Y (INVX1)                       715096.000 56740384.000 f
  U482/Y (AND2X1)                      2034872.000
                                                  58775256.000 f
  U483/Y (INVX1)                       -1175808.000
                                                  57599448.000 r
  U559/Y (AND2X1)                      2207416.000
                                                  59806864.000 r
  U560/Y (INVX1)                       721900.000 60528764.000 f
  U557/Y (AND2X1)                      2460912.000
                                                  62989676.000 f
  U558/Y (INVX1)                       -1176928.000
                                                  61812748.000 r
  U390/Y (AND2X1)                      2198884.000
                                                  64011632.000 r
  U391/Y (INVX1)                       707864.000 64719496.000 f
  U569/Y (XNOR2X1)                     6004240.000
                                                  70723736.000 f
  U570/Y (INVX1)                       -1168760.000
                                                  69554976.000 r
  U285/Y (AND2X1)                      1997440.000
                                                  71552416.000 r
  U281/Y (AND2X1)                      2190720.000
                                                  73743136.000 r
  U282/Y (INVX1)                       710304.000 74453440.000 f
  U243/Y (NAND2X1)                     1291448.000
                                                  75744888.000 r
  U217/Y (XNOR2X1)                     6377016.000
                                                  82121904.000 r
  U218/Y (INVX1)                       925400.000 83047304.000 f
  U712/Y (NAND2X1)                     919120.000 83966424.000 r
  U302/Y (AND2X1)                      2174576.000
                                                  86141000.000 r
  U303/Y (INVX1)                       715560.000 86856560.000 f
  U314/Y (AND2X1)                      2458080.000
                                                  89314640.000 f
  U315/Y (INVX1)                       -1187272.000
                                                  88127368.000 r
  U426/Y (AND2X1)                      1889016.000
                                                  90016384.000 r
  U427/Y (INVX1)                       721248.000 90737632.000 f
  U714/Y (NAND2X1)                     918872.000 91656504.000 r
  U251/Y (NAND2X1)                     848288.000 92504792.000 f
  U348/Y (AND2X1)                      2441952.000
                                                  94946744.000 f
  U349/Y (INVX1)                       -1266288.000
                                                  93680456.000 r
  U386/Y (AND2X1)                      2198712.000
                                                  95879168.000 r
  U387/Y (INVX1)                       707704.000 96586872.000 f
  U255/Y (NAND2X1)                     918848.000 97505720.000 r
  U518/Y (AND2X1)                      1818784.000
                                                  99324504.000 r
  U519/Y (INVX1)                       713280.000 100037784.000 f
  U723/Y (NOR2X1)                      1157552.000
                                                  101195336.000 r
  U380/Y (AND2X1)                      2180512.000
                                                  103375848.000 r
  U381/Y (INVX1)                       713632.000 104089480.000 f
  U246/Y (NAND2X1)                     1285624.000
                                                  105375104.000 r
  U727/Y (AND2X1)                      2573144.000
                                                  107948248.000 r
  U728/Y (NOR2X1)                      338752.000 108287000.000 f
  out[0] (out)                            0.000   108287000.000 f
  data arrival time                               108287000.000

  clock clk (rise edge)                200000000.000
                                                  200000000.000
  clock network delay (ideal)             0.000   200000000.000
  output external delay                   0.000   200000000.000
  data required time                              200000000.000
  -----------------------------------------------------------
  data required time                              200000000.000
  data arrival time                               -108287000.000
  -----------------------------------------------------------
  slack (MET)                                     91713000.000


1
