****************************************
Report : timing
	-path_type full
	-delay_type max
	-max_paths 1
	-sort_by slack
Design : top
Version: S-2021.06-SP1
Date   : Sun Dec  4 15:42:33 2022
****************************************


  Startpoint: inp[5] (input port clocked by clk)
  Endpoint: out[0] (output port clocked by clk)
  Path Group: clk
  Path Type: max

  Point                                    Incr       Path
  ---------------------------------------------------------------
  clock clk (rise edge)                   0.000      0.000
  clock network delay (ideal)             0.000      0.000
  input external delay                    0.000      0.000 r
  inp[5] (in)                             0.000      0.000 r
  U539/Y (AND2X1)                      2207112.000
                                                  2207112.000 r
  U540/Y (INVX1)                       705440.000 2912552.000 f
  U640/Y (NAND2X1)                     918768.000 3831320.000 r
  U510/Y (AND2X1)                      2169728.000
                                                  6001048.000 r
  U511/Y (INVX1)                       721160.000 6722208.000 f
  U163/Y (AND2X1)                      2458080.000
                                                  9180288.000 f
  U164/Y (INVX1)                       -1175056.000
                                                  8005232.000 r
  U450/Y (AND2X1)                      2201744.000
                                                  10206976.000 r
  U181/Y (AND2X1)                      1836560.000
                                                  12043536.000 r
  U182/Y (INVX1)                       708008.000 12751544.000 f
  U649/Y (NAND2X1)                     924336.000 13675880.000 r
  U175/Y (XNOR2X1)                     6321520.000
                                                  19997400.000 r
  U176/Y (INVX1)                       775456.000 20772856.000 f
  U406/Y (AND2X1)                      2458064.000
                                                  23230920.000 f
  U407/Y (INVX1)                       -1187368.000
                                                  22043552.000 r
  U436/Y (AND2X1)                      1889008.000
                                                  23932560.000 r
  U498/Y (AND2X1)                      2181464.000
                                                  26114024.000 r
  U499/Y (INVX1)                       713536.000 26827560.000 f
  U660/Y (NAND2X1)                     924344.000 27751904.000 r
  U541/Y (XNOR2X1)                     6321512.000
                                                  34073416.000 r
  U542/Y (INVX1)                       820392.000 34893808.000 f
  U661/Y (NAND2X1)                     1285552.000
                                                  36179360.000 r
  U549/Y (AND2X1)                      2164280.000
                                                  38343640.000 r
  U550/Y (INVX1)                       727352.000 39070992.000 f
  U666/Y (NAND2X1)                     918792.000 39989784.000 r
  U316/Y (AND2X1)                      2174556.000
                                                  42164340.000 r
  U317/Y (INVX1)                       715568.000 42879908.000 f
  U328/Y (AND2X1)                      2458080.000
                                                  45337988.000 f
  U329/Y (INVX1)                       -1187280.000
                                                  44150708.000 r
  U480/Y (AND2X1)                      1881840.000
                                                  46032548.000 r
  U481/Y (INVX1)                       707932.000 46740480.000 f
  U670/Y (AND2X1)                      1866912.000
                                                  48607392.000 f
  U671/Y (XOR2X1)                      5241896.000
                                                  53849288.000 r
  U318/Y (AND2X1)                      2175992.000
                                                  56025280.000 r
  U319/Y (INVX1)                       715100.000 56740380.000 f
  U482/Y (AND2X1)                      2034872.000
                                                  58775252.000 f
  U483/Y (INVX1)                       -1175816.000
                                                  57599436.000 r
  U559/Y (AND2X1)                      2207424.000
                                                  59806860.000 r
  U560/Y (INVX1)                       721900.000 60528760.000 f
  U557/Y (AND2X1)                      2460912.000
                                                  62989672.000 f
  U558/Y (INVX1)                       -1176936.000
                                                  61812736.000 r
  U390/Y (AND2X1)                      2198880.000
                                                  64011616.000 r
  U391/Y (INVX1)                       707864.000 64719480.000 f
  U569/Y (XNOR2X1)                     6004240.000
                                                  70723720.000 f
  U570/Y (INVX1)                       -1168760.000
                                                  69554960.000 r
  U285/Y (AND2X1)                      1997456.000
                                                  71552416.000 r
  U281/Y (AND2X1)                      2190704.000
                                                  73743120.000 r
  U282/Y (INVX1)                       710312.000 74453432.000 f
  U243/Y (NAND2X1)                     1291448.000
                                                  75744880.000 r
  U217/Y (XNOR2X1)                     6377104.000
                                                  82121984.000 r
  U218/Y (INVX1)                       925392.000 83047376.000 f
  U712/Y (NAND2X1)                     919120.000 83966496.000 r
  U302/Y (AND2X1)                      2174560.000
                                                  86141056.000 r
  U303/Y (INVX1)                       715568.000 86856624.000 f
  U314/Y (AND2X1)                      2458080.000
                                                  89314704.000 f
  U315/Y (INVX1)                       -1187288.000
                                                  88127416.000 r
  U426/Y (AND2X1)                      1889016.000
                                                  90016432.000 r
  U427/Y (INVX1)                       721264.000 90737696.000 f
  U714/Y (NAND2X1)                     918872.000 91656568.000 r
  U251/Y (NAND2X1)                     848288.000 92504856.000 f
  U348/Y (AND2X1)                      2441960.000
                                                  94946816.000 f
  U349/Y (INVX1)                       -1266296.000
                                                  93680520.000 r
  U386/Y (AND2X1)                      2198712.000
                                                  95879232.000 r
  U387/Y (INVX1)                       707696.000 96586928.000 f
  U255/Y (NAND2X1)                     918856.000 97505784.000 r
  U518/Y (AND2X1)                      1818784.000
                                                  99324568.000 r
  U519/Y (INVX1)                       713288.000 100037856.000 f
  U723/Y (NOR2X1)                      1157552.000
                                                  101195408.000 r
  U380/Y (AND2X1)                      2180488.000
                                                  103375896.000 r
  U381/Y (INVX1)                       713632.000 104089528.000 f
  U246/Y (NAND2X1)                     1285624.000
                                                  105375152.000 r
  U727/Y (AND2X1)                      2573176.000
                                                  107948328.000 r
  U728/Y (NOR2X1)                      338760.000 108287088.000 f
  out[0] (out)                            0.000   108287088.000 f
  data arrival time                               108287088.000

  clock clk (rise edge)                200000000.000
                                                  200000000.000
  clock network delay (ideal)             0.000   200000000.000
  clock reconvergence pessimism           0.000   200000000.000
  output external delay                   0.000   200000000.000
  data required time                              200000000.000
  ---------------------------------------------------------------
  data required time                              200000000.000
  data arrival time                               -108287088.000
  ---------------------------------------------------------------
  slack (MET)                                     91712912.000


1
