****************************************
Report : timing
	-path_type full
	-delay_type max
	-max_paths 1
	-sort_by slack
Design : top
Version: S-2021.06-SP1
Date   : Fri Dec 16 11:11:55 2022
****************************************


  Startpoint: inp[8] (input port clocked by clk)
  Endpoint: out[0] (output port clocked by clk)
  Path Group: clk
  Path Type: max

  Point                                    Incr       Path
  ---------------------------------------------------------------
  clock clk (rise edge)                   0.000      0.000
  clock network delay (ideal)             0.000      0.000
  input external delay                    0.000      0.000 f
  inp[8] (in)                             0.000      0.000 f
  U1026/Y (INVX1)                      589080.000 589080.000 r
  U1027/Y (NAND2X1)                    1052480.000
                                                  1641560.000 f
  U1028/Y (NAND2X1)                    1752632.000
                                                  3394192.000 r
  U1029/Y (INVX1)                      1116200.000
                                                  4510392.000 f
  U1030/Y (NAND2X1)                    1290200.000
                                                  5800592.000 r
  U1031/Y (NAND2X1)                    1230496.000
                                                  7031088.000 f
  U1032/Y (NAND2X1)                    1399528.000
                                                  8430616.000 r
  U298/Y (AND2X1)                      2165464.000
                                                  10596080.000 r
  U299/Y (INVX1)                       718744.000 11314824.000 f
  U1067/Y (XOR2X1)                     5929528.000
                                                  17244352.000 r
  U1085/Y (INVX1)                      1252984.000
                                                  18497336.000 f
  U1086/Y (NAND2X1)                    925168.000 19422504.000 r
  U342/Y (AND2X1)                      2165464.000
                                                  21587968.000 r
  U343/Y (INVX1)                       718528.000 22306496.000 f
  U386/Y (AND2X1)                      2034872.000
                                                  24341368.000 f
  U387/Y (INVX1)                       -1279088.000
                                                  23062280.000 r
  U1087/Y (OR2X1)                      1641608.000
                                                  24703888.000 r
  U1088/Y (NAND2X1)                    806832.000 25510720.000 f
  U1089/Y (XOR2X1)                     5383736.000
                                                  30894456.000 r
  U651/Y (AND2X1)                      2176016.000
                                                  33070472.000 r
  U652/Y (INVX1)                       715088.000 33785560.000 f
  U1111/Y (NAND2X1)                    918856.000 34704416.000 r
  U581/Y (AND2X1)                      1798504.000
                                                  36502920.000 r
  U582/Y (INVX1)                       707656.000 37210576.000 f
  U1127/Y (NAND2X1)                    1357264.000
                                                  38567840.000 r
  U498/Y (INVX1)                       980056.000 39547896.000 f
  U499/Y (INVX1)                       445320.000 39993216.000 r
  U356/Y (AND2X1)                      1880352.000
                                                  41873568.000 r
  U357/Y (INVX1)                       716416.000 42589984.000 f
  U1141/Y (NAND2X1)                    1291576.000
                                                  43881560.000 r
  U1158/Y (OR2X1)                      2330144.000
                                                  46211704.000 r
  U617/Y (AND2X1)                      2199504.000
                                                  48411208.000 r
  U618/Y (INVX1)                       707440.000 49118648.000 f
  U1159/Y (NAND2X1)                    1291608.000
                                                  50410256.000 r
  U1163/Y (OR2X1)                      2330248.000
                                                  52740504.000 r
  U358/Y (AND2X1)                      1882944.000
                                                  54623448.000 r
  U359/Y (INVX1)                       716416.000 55339864.000 f
  U1172/Y (NAND2X1)                    1291576.000
                                                  56631440.000 r
  U1175/Y (OR2X1)                      2330144.000
                                                  58961584.000 r
  U595/Y (AND2X1)                      2199504.000
                                                  61161088.000 r
  U596/Y (INVX1)                       707440.000 61868528.000 f
  U1176/Y (NAND2X1)                    1291616.000
                                                  63160144.000 r
  U1192/Y (NAND2X1)                    1229228.000
                                                  64389372.000 f
  U500/Y (INVX1)                       226376.000 64615748.000 r
  U501/Y (INVX1)                       646692.000 65262440.000 f
  U1198/Y (AND2X1)                     1866888.000
                                                  67129328.000 f
  U1199/Y (XOR2X1)                     5486144.000
                                                  72615472.000 r
  U1201/Y (NAND2X1)                    1228744.000
                                                  73844216.000 f
  U535/Y (INVX1)                       226712.000 74070928.000 r
  U536/Y (INVX1)                       646936.000 74717864.000 f
  U1209/Y (NOR2X1)                     1157720.000
                                                  75875584.000 r
  U324/Y (AND2X1)                      2181664.000
                                                  78057248.000 r
  U325/Y (INVX1)                       713248.000 78770496.000 f
  U804/Y (AND2X1)                      2048048.000
                                                  80818544.000 f
  U1855/Y (XOR2X1)                     5509920.000
                                                  86328464.000 r
  U1873/Y (NAND2X1)                    847408.000 87175872.000 f
  U1874/Y (NAND2X1)                    1398792.000
                                                  88574664.000 r
  U516/Y (XNOR2X1)                     6453728.000
                                                  95028392.000 r
  U517/Y (INVX1)                       953720.000 95982112.000 f
  U1875/Y (OR2X1)                      2117984.000
                                                  98100096.000 f
  U633/Y (AND2X1)                      2434344.000
                                                  100534440.000 f
  U634/Y (INVX1)                       -1340680.000
                                                  99193760.000 r
  U1881/Y (NAND2X1)                    1052064.000
                                                  100245824.000 f
  U1893/Y (NAND2X1)                    1385280.000
                                                  101631104.000 r
  U1904/Y (NAND2X1)                    863720.000 102494824.000 f
  U1905/Y (NAND2X1)                    1385608.000
                                                  103880432.000 r
  U1906/Y (OR2X1)                      2548648.000
                                                  106429080.000 r
  U234/Y (AND2X1)                      1882520.000
                                                  108311600.000 r
  U235/Y (INVX1)                       718736.000 109030336.000 f
  U1909/Y (XOR2X1)                     5929520.000
                                                  114959856.000 r
  U691/Y (AND2X1)                      1782048.000
                                                  116741904.000 r
  U692/Y (INVX1)                       707632.000 117449536.000 f
  U1917/Y (NAND2X1)                    1285632.000
                                                  118735168.000 r
  U1920/Y (NAND2X1)                    849360.000 119584528.000 f
  U1926/Y (OR2X1)                      2088968.000
                                                  121673496.000 f
  U671/Y (AND2X1)                      2048488.000
                                                  123721984.000 f
  U672/Y (INVX1)                       -1450296.000
                                                  122271688.000 r
  U1930/Y (NAND2X1)                    1051976.000
                                                  123323664.000 f
  U1935/Y (NAND2X1)                    1380504.000
                                                  124704168.000 r
  U350/Y (AND2X1)                      1798464.000
                                                  126502632.000 r
  U351/Y (INVX1)                       707576.000 127210208.000 f
  U1937/Y (NAND2X1)                    1746816.000
                                                  128957024.000 r
  U1938/Y (INVX1)                      1212656.000
                                                  130169680.000 f
  U2017/Y (NOR2X1)                     1150912.000
                                                  131320592.000 r
  out[0] (out)                            0.000   131320592.000 r
  data arrival time                               131320592.000

  clock clk (rise edge)                200000000.000
                                                  200000000.000
  clock network delay (ideal)             0.000   200000000.000
  clock reconvergence pessimism           0.000   200000000.000
  output external delay                   0.000   200000000.000
  data required time                              200000000.000
  ---------------------------------------------------------------
  data required time                              200000000.000
  data arrival time                               -131320592.000
  ---------------------------------------------------------------
  slack (MET)                                     68679408.000


1
