****************************************
Report : timing
	-path_type full
	-delay_type max
	-max_paths 1
	-sort_by slack
Design : top
Version: S-2021.06-SP1
Date   : Tue Nov 29 14:23:49 2022
****************************************


  Startpoint: inp[52] (input port clocked by clk)
  Endpoint: out[0] (output port clocked by clk)
  Path Group: clk
  Path Type: max

  Point                                    Incr       Path
  ---------------------------------------------------------------
  clock clk (rise edge)                   0.000      0.000
  clock network delay (ideal)             0.000      0.000
  input external delay                    0.000      0.000 r
  inp[52] (in)                            0.000      0.000 r
  U1341/Y (XNOR2X1)                    6416560.000
                                                  6416560.000 r
  U1342/Y (AND2X1)                     1999152.000
                                                  8415712.000 r
  U1343/Y (OR2X1)                      7329984.000
                                                  15745696.000 r
  U1351/Y (XOR2X1)                     2535776.000
                                                  18281472.000 r
  U561/Y (XNOR2X1)                     7204624.000
                                                  25486096.000 r
  U1081/Y (INVX1)                      1120512.000
                                                  26606608.000 f
  U687/Y (XNOR2X1)                     6852512.000
                                                  33459120.000 f
  U688/Y (INVX1)                       -1245312.000
                                                  32213808.000 r
  U2409/Y (AND2X1)                     2093136.000
                                                  34306944.000 r
  U2410/Y (OR2X1)                      3269760.000
                                                  37576704.000 r
  U705/Y (XNOR2X1)                     6763808.000
                                                  44340512.000 r
  U706/Y (INVX1)                       1048224.000
                                                  45388736.000 f
  U2414/Y (NAND2X1)                    1255136.000
                                                  46643872.000 r
  U2415/Y (INVX1)                      1228656.000
                                                  47872528.000 f
  U2416/Y (OR2X1)                      2437968.000
                                                  50310496.000 f
  U750/Y (XNOR2X1)                     6972928.000
                                                  57283424.000 f
  U751/Y (INVX1)                       -1289888.000
                                                  55993536.000 r
  U844/Y (XNOR2X1)                     6763808.000
                                                  62757344.000 r
  U845/Y (INVX1)                       1047680.000
                                                  63805024.000 f
  U2459/Y (NAND2X1)                    1621200.000
                                                  65426224.000 r
  U2460/Y (INVX1)                      1247216.000
                                                  66673440.000 f
  U2492/Y (NOR2X1)                     1548016.000
                                                  68221456.000 r
  U2510/Y (INVX1)                      1062176.000
                                                  69283632.000 f
  U2511/Y (NAND2X1)                    807296.000 70090928.000 r
  U2512/Y (NAND2X1)                    2115904.000
                                                  72206832.000 f
  U2513/Y (NAND2X1)                    1268208.000
                                                  73475040.000 r
  U2514/Y (INVX1)                      1235344.000
                                                  74710384.000 f
  U2515/Y (NOR2X1)                     1076688.000
                                                  75787072.000 r
  U2517/Y (XOR2X1)                     2484384.000
                                                  78271456.000 r
  U1139/Y (OR2X1)                      7643920.000
                                                  85915376.000 r
  U2520/Y (NAND2X1)                    1370400.000
                                                  87285776.000 f
  U567/Y (NAND2X1)                     1734944.000
                                                  89020720.000 r
  U547/Y (INVX1)                       1340208.000
                                                  90360928.000 f
  U548/Y (INVX1)                       937216.000 91298144.000 r
  U2927/Y (INVX1)                      700560.000 91998704.000 f
  U3377/Y (XOR2X1)                     5612096.000
                                                  97610800.000 r
  U3378/Y (INVX1)                      1343600.000
                                                  98954400.000 f
  U3379/Y (NAND2X1)                    813200.000 99767600.000 r
  U3380/Y (NAND2X1)                    1052080.000
                                                  100819680.000 f
  U456/Y (AND2X1)                      2312816.000
                                                  103132496.000 f
  U457/Y (INVX1)                       -84848.000 103047648.000 r
  U3388/Y (XOR2X1)                     5238944.000
                                                  108286592.000 f
  U382/Y (XNOR2X1)                     7451056.000
                                                  115737648.000 f
  U383/Y (INVX1)                       -1304360.000
                                                  114433288.000 r
  U3402/Y (NAND2X1)                    1360992.000
                                                  115794280.000 f
  U3404/Y (NAND2X1)                    852992.000 116647272.000 r
  U3405/Y (OR2X1)                      5266104.000
                                                  121913376.000 r
  U3406/Y (NAND2X1)                    1360992.000
                                                  123274368.000 f
  U3408/Y (NAND2X1)                    857912.000 124132280.000 r
  U1138/Y (OR2X1)                      5214144.000
                                                  129346424.000 r
  U3410/Y (NAND2X1)                    1004960.000
                                                  130351384.000 f
  U3412/Y (NAND2X1)                    850944.000 131202328.000 r
  U3413/Y (OR2X1)                      5214952.000
                                                  136417280.000 r
  U3414/Y (NAND2X1)                    1360992.000
                                                  137778272.000 f
  U3416/Y (NAND2X1)                    852416.000 138630688.000 r
  U3423/Y (XOR2X1)                     5905040.000
                                                  144535728.000 f
  U3530/Y (NAND2X1)                    1172240.000
                                                  145707968.000 r
  U3531/Y (NAND2X1)                    2055136.000
                                                  147763104.000 f
  U3545/Y (NAND2X1)                    836352.000 148599456.000 r
  U726/Y (AND2X1)                      2146416.000
                                                  150745872.000 r
  U3570/Y (NAND2X1)                    2097904.000
                                                  152843776.000 f
  U3571/Y (XOR2X1)                     6226336.000
                                                  159070112.000 r
  U3574/Y (NAND2X1)                    1068848.000
                                                  160138960.000 f
  U3583/Y (NAND2X1)                    839376.000 160978336.000 r
  U3586/Y (NAND2X1)                    1048576.000
                                                  162026912.000 f
  U3587/Y (NAND2X1)                    1165856.000
                                                  163192768.000 r
  U3590/Y (NAND2X1)                    1048992.000
                                                  164241760.000 f
  U3599/Y (NAND2X1)                    836384.000 165078144.000 r
  U3602/Y (NAND2X1)                    1048576.000
                                                  166126720.000 f
  U3603/Y (NAND2X1)                    1165856.000
                                                  167292576.000 r
  U3606/Y (NAND2X1)                    1048992.000
                                                  168341568.000 f
  U3615/Y (NAND2X1)                    836384.000 169177952.000 r
  U3618/Y (NAND2X1)                    1048576.000
                                                  170226528.000 f
  U3619/Y (NAND2X1)                    1165856.000
                                                  171392384.000 r
  U3622/Y (NAND2X1)                    1048992.000
                                                  172441376.000 f
  U3631/Y (NAND2X1)                    836368.000 173277744.000 r
  U3634/Y (NAND2X1)                    1227200.000
                                                  174504944.000 f
  U509/Y (INVX1)                       258880.000 174763824.000 r
  U510/Y (INVX1)                       809920.000 175573744.000 f
  U1092/Y (INVX1)                      453520.000 176027264.000 r
  U4047/Y (NAND2X1)                    1610240.000
                                                  177637504.000 f
  U4048/Y (NAND2X1)                    1631456.000
                                                  179268960.000 r
  U4049/Y (INVX1)                      1246528.000
                                                  180515488.000 f
  U4050/Y (NAND2X1)                    1161952.000
                                                  181677440.000 r
  U4051/Y (NAND2X1)                    2206352.000
                                                  183883792.000 f
  U4054/Y (NAND2X1)                    836864.000 184720656.000 r
  U4063/Y (NAND2X1)                    1048608.000
                                                  185769264.000 f
  U4066/Y (NAND2X1)                    836304.000 186605568.000 r
  U4075/Y (NAND2X1)                    1048608.000
                                                  187654176.000 f
  U4078/Y (NAND2X1)                    836304.000 188490480.000 r
  U4087/Y (NAND2X1)                    1048608.000
                                                  189539088.000 f
  U4090/Y (NAND2X1)                    836304.000 190375392.000 r
  U4099/Y (NAND2X1)                    1048608.000
                                                  191424000.000 f
  U4102/Y (NAND2X1)                    1273824.000
                                                  192697824.000 r
  U4103/Y (INVX1)                      1241504.000
                                                  193939328.000 f
  U4104/Y (NAND2X1)                    1161952.000
                                                  195101280.000 r
  U4108/Y (NAND2X1)                    1052224.000
                                                  196153504.000 f
  U585/Y (NAND2X1)                     1324064.000
                                                  197477568.000 r
  U519/Y (INVX1)                       1324288.000
                                                  198801856.000 f
  U520/Y (INVX1)                       937344.000 199739200.000 r
  U4112/Y (INVX1)                      699952.000 200439152.000 f
  U4123/Y (NAND2X1)                    807760.000 201246912.000 r
  U4124/Y (NAND2X1)                    2141616.000
                                                  203388528.000 f
  U4125/Y (NAND2X1)                    1165872.000
                                                  204554400.000 r
  U4126/Y (NAND2X1)                    2148800.000
                                                  206703200.000 f
  U4128/Y (NAND2X1)                    1270848.000
                                                  207974048.000 r
  U4129/Y (INVX1)                      1242096.000
                                                  209216144.000 f
  U4134/Y (NAND2X1)                    807232.000 210023376.000 r
  U4138/Y (NAND2X1)                    1052240.000
                                                  211075616.000 f
  U4140/Y (NAND2X1)                    1274080.000
                                                  212349696.000 r
  U4141/Y (INVX1)                      1241520.000
                                                  213591216.000 f
  U4146/Y (NAND2X1)                    807232.000 214398448.000 r
  U4150/Y (NAND2X1)                    1052240.000
                                                  215450688.000 f
  U4152/Y (NAND2X1)                    1274048.000
                                                  216724736.000 r
  U4153/Y (INVX1)                      1241520.000
                                                  217966256.000 f
  U4158/Y (NAND2X1)                    807232.000 218773488.000 r
  U4162/Y (NAND2X1)                    1052240.000
                                                  219825728.000 f
  U4164/Y (NAND2X1)                    1274080.000
                                                  221099808.000 r
  U4165/Y (INVX1)                      1241520.000
                                                  222341328.000 f
  U4170/Y (NAND2X1)                    807232.000 223148560.000 r
  U4174/Y (NAND2X1)                    1052240.000
                                                  224200800.000 f
  U4176/Y (NAND2X1)                    842464.000 225043264.000 r
  U4177/Y (NAND2X1)                    1475824.000
                                                  226519088.000 f
  U4178/Y (INVX1)                      -657920.000
                                                  225861168.000 r
  U1106/Y (OR2X1)                      1802224.000
                                                  227663392.000 r
  U1124/Y (OR2X1)                      2968672.000
                                                  230632064.000 r
  U4205/Y (NAND2X1)                    1007024.000
                                                  231639088.000 f
  U4207/Y (NAND2X1)                    1272112.000
                                                  232911200.000 r
  U4208/Y (INVX1)                      1244000.000
                                                  234155200.000 f
  U4209/Y (NOR2X1)                     1070752.000
                                                  235225952.000 r
  U4220/Y (NAND2X1)                    1991536.000
                                                  237217488.000 f
  U4221/Y (NAND2X1)                    1159984.000
                                                  238377472.000 r
  out[0] (out)                            0.000   238377472.000 r
  data arrival time                               238377472.000

  clock clk (rise edge)                250000000.000
                                                  250000000.000
  clock network delay (ideal)             0.000   250000000.000
  clock reconvergence pessimism           0.000   250000000.000
  output external delay                   0.000   250000000.000
  data required time                              250000000.000
  ---------------------------------------------------------------
  data required time                              250000000.000
  data arrival time                               -238377472.000
  ---------------------------------------------------------------
  slack (MET)                                     11622528.000


1
