 
****************************************
Report : area
Design : top
Version: S-2021.06-SP2
Date   : Tue Nov 29 15:13:04 2022
****************************************

Library(s) Used:

    PPDK_Standard_Library_0.8V_25C_TYP_X1 (File: /home/akokkinis/synLibs/egfet/db/EGFET_0.8V.db)

Number of ports:                           68
Number of nets:                          5048
Number of cells:                         4984
Number of combinational cells:           4984
Number of sequential cells:                 0
Number of macros/black boxes:               0
Number of buf/inv:                       1072
Number of references:                       7

Combinational area:         2372482978.000000
Buf/Inv area:                244866240.000000
Noncombinational area:               0.000000
Macro/Black Box area:                0.000000
Net Interconnect area:      undefined  (No wire load specified)

Total cell area:            2372482978.000000
Total area:                 undefined

Hierarchical area distribution
------------------------------

                                  Global cell area                   Local cell area
                                  ------------------------  ---------------------------------- 
Hierarchical cell                 Absolute         Percent  Combi-           Noncombi-  Black-
                                  Total            Total    national         national   boxes   Design
--------------------------------  ---------------  -------  ---------------  ---------  ------  ---------
top                               2372482978.0000    100.0  2372482978.0000     0.0000  0.0000  top
--------------------------------  ---------------  -------  ---------------  ---------  ------  ---------
Total                                                       2372482978.0000     0.0000  0.0000

1
