 
****************************************
Report : timing
        -path full
        -delay max
        -max_paths 1
Design : top
Version: S-2021.06-SP2
Date   : Sat Dec  3 11:23:19 2022
****************************************

Operating Conditions: TT   Library: PPDK_Standard_Library_1.0V_25C_TYP_X1
Wire Load Model Mode: top

  Startpoint: inp[6] (input port clocked by clk)
  Endpoint: out[0] (output port clocked by clk)
  Path Group: clk
  Path Type: max

  Point                                    Incr       Path
  -----------------------------------------------------------
  clock clk (rise edge)                   0.000      0.000
  clock network delay (ideal)             0.000      0.000
  input external delay                    0.000      0.000 f
  inp[6] (in)                             0.000      0.000 f
  U1215/Y (NAND2X1)                    1747036.000
                                                  1747036.000 r
  U230/Y (INVX1)                       1219421.500
                                                  2966457.500 f
  U231/Y (INVX1)                       988846.000 3955303.500 r
  U1381/Y (NAND2X1)                    934807.000 4890110.500 f
  U1453/Y (INVX1)                      -559433.000
                                                  4330677.500 r
  U1458/Y (NAND2X1)                    800819.000 5131496.500 f
  U1459/Y (NAND2X1)                    1752584.500
                                                  6884081.000 r
  U1460/Y (INVX1)                      1096555.000
                                                  7980636.000 f
  U389/Y (AND2X1)                      2034744.000
                                                  10015380.000 f
  U390/Y (INVX1)                       -1295177.000
                                                  8720203.000 r
  U1496/Y (NAND2X1)                    802457.000 9522660.000 f
  U1497/Y (XOR2X1)                     5351332.000
                                                  14873992.000 r
  U1498/Y (NAND2X1)                    876206.000 15750198.000 f
  U1499/Y (NAND2X1)                    1341784.000
                                                  17091982.000 r
  U1501/Y (INVX1)                      1073544.000
                                                  18165526.000 f
  U391/Y (AND2X1)                      2034752.000
                                                  20200278.000 f
  U392/Y (INVX1)                       -1295202.000
                                                  18905076.000 r
  U410/Y (AND2X1)                      1881412.000
                                                  20786488.000 r
  U411/Y (INVX1)                       715590.000 21502078.000 f
  U1504/Y (NAND2X1)                    1362944.000
                                                  22865022.000 r
  U1508/Y (INVX1)                      1097042.000
                                                  23962064.000 f
  U1509/Y (NAND2X1)                    924986.000 24887050.000 r
  U1510/Y (NAND2X1)                    1154834.000
                                                  26041884.000 f
  U1511/Y (NAND2X1)                    1752590.000
                                                  27794474.000 r
  U1512/Y (INVX1)                      1095852.000
                                                  28890326.000 f
  U380/Y (AND2X1)                      2458302.000
                                                  31348628.000 f
  U381/Y (INVX1)                       -1173594.000
                                                  30175034.000 r
  U1528/Y (NAND2X1)                    1052768.000
                                                  31227802.000 f
  U1532/Y (NAND2X1)                    891910.000 32119712.000 r
  U1546/Y (NAND2X1)                    866850.000 32986562.000 f
  U1547/Y (NAND2X1)                    1384950.000
                                                  34371512.000 r
  U1550/Y (OR2X1)                      2547172.000
                                                  36918684.000 r
  U416/Y (AND2X1)                      1885260.000
                                                  38803944.000 r
  U417/Y (INVX1)                       715628.000 39519572.000 f
  U1554/Y (NAND2X1)                    1362944.000
                                                  40882516.000 r
  U1556/Y (INVX1)                      1096656.000
                                                  41979172.000 f
  U1557/Y (NAND2X1)                    924980.000 42904152.000 r
  U1559/Y (NAND2X1)                    866012.000 43770164.000 f
  U1560/Y (NAND2X1)                    1752620.000
                                                  45522784.000 r
  U1562/Y (INVX1)                      1116712.000
                                                  46639496.000 f
  U1563/Y (NAND2X1)                    925012.000 47564508.000 r
  U1579/Y (NAND2X1)                    1234840.000
                                                  48799348.000 f
  U1580/Y (NAND2X1)                    880992.000 49680340.000 r
  U1583/Y (NAND2X1)                    866028.000 50546368.000 f
  U1587/Y (NAND2X1)                    1335652.000
                                                  51882020.000 r
  U669/Y (INVX1)                       1123488.000
                                                  53005508.000 f
  U670/Y (INVX1)                       498432.000 53503940.000 r
  U1781/Y (NAND2X1)                    1056484.000
                                                  54560424.000 f
  U307/Y (AND2X1)                      2044248.000
                                                  56604672.000 f
  U234/Y (INVX1)                       -125896.000
                                                  56478776.000 r
  U2172/Y (NAND2X1)                    1102928.000
                                                  57581704.000 f
  U2173/Y (NAND2X1)                    1752604.000
                                                  59334308.000 r
  U326/Y (AND2X1)                      2166028.000
                                                  61500336.000 r
  U327/Y (INVX1)                       718568.000 62218904.000 f
  U2174/Y (NAND2X1)                    1291704.000
                                                  63510608.000 r
  U2181/Y (OR2X1)                      2330440.000
                                                  65841048.000 r
  U2182/Y (NAND2X1)                    1057524.000
                                                  66898572.000 f
  U2183/Y (NAND2X1)                    1752620.000
                                                  68651192.000 r
  U2186/Y (INVX1)                      1115200.000
                                                  69766392.000 f
  U2187/Y (NAND2X1)                    925000.000 70691392.000 r
  U2188/Y (NAND2X1)                    1154832.000
                                                  71846224.000 f
  U2189/Y (NAND2X1)                    885264.000 72731488.000 r
  U2193/Y (NAND2X1)                    1157032.000
                                                  73888520.000 f
  U2194/Y (NAND2X1)                    1400264.000
                                                  75288784.000 r
  U2195/Y (NAND2X1)                    1235040.000
                                                  76523824.000 f
  U2200/Y (NAND2X1)                    886872.000 77410696.000 r
  U2201/Y (NAND2X1)                    1230472.000
                                                  78641168.000 f
  U2204/Y (INVX1)                      -559280.000
                                                  78081888.000 r
  U360/Y (AND2X1)                      2198928.000
                                                  80280816.000 r
  U361/Y (INVX1)                       707856.000 80988672.000 f
  U2205/Y (NAND2X1)                    1297536.000
                                                  82286208.000 r
  U2207/Y (NAND2X1)                    848952.000 83135160.000 f
  U2208/Y (NAND2X1)                    1385480.000
                                                  84520640.000 r
  U272/Y (OR2X1)                       2548312.000
                                                  87068952.000 r
  U2221/Y (NAND2X1)                    1045856.000
                                                  88114808.000 f
  U2222/Y (NAND2X1)                    1345560.000
                                                  89460368.000 r
  U2223/Y (INVX1)                      1096648.000
                                                  90557016.000 f
  U2226/Y (NAND2X1)                    924976.000 91481992.000 r
  U393/Y (AND2X1)                      2785576.000
                                                  94267568.000 r
  U274/Y (OR2X1)                       1862864.000
                                                  96130432.000 r
  U2241/Y (NAND2X1)                    805096.000 96935528.000 f
  U2248/Y (OR2X1)                      2095464.000
                                                  99030992.000 f
  U2249/Y (NAND2X1)                    1421736.000
                                                  100452728.000 r
  U2250/Y (NAND2X1)                    1162680.000
                                                  101615408.000 f
  U356/Y (NOR2X1)                      1629368.000
                                                  103244776.000 r
  U357/Y (INVX1)                       1000776.000
                                                  104245552.000 f
  U2260/Y (NAND2X1)                    1284792.000
                                                  105530344.000 r
  U382/Y (AND2X1)                      2174648.000
                                                  107704992.000 r
  U383/Y (INVX1)                       715760.000 108420752.000 f
  U2266/Y (OR2X1)                      2117904.000
                                                  110538656.000 f
  U2267/Y (NAND2X1)                    1425224.000
                                                  111963880.000 r
  U2268/Y (NAND2X1)                    1163576.000
                                                  113127456.000 f
  U2270/Y (OR2X1)                      2090496.000
                                                  115217952.000 f
  U2271/Y (NAND2X1)                    877928.000 116095880.000 r
  U612/Y (XNOR2X1)                     5359544.000
                                                  121455424.000 r
  U339/Y (AND2X1)                      1806888.000
                                                  123262312.000 r
  U340/Y (INVX1)                       707632.000 123969944.000 f
  U2633/Y (NAND2X1)                    1285640.000
                                                  125255584.000 r
  U2642/Y (NAND2X1)                    848288.000 126103872.000 f
  U2643/Y (NAND2X1)                    886168.000 126990040.000 r
  U341/Y (AND2X1)                      1796552.000
                                                  128786592.000 r
  U308/Y (INVX1)                       740488.000 129527080.000 f
  U313/Y (AND2X1)                      2455944.000
                                                  131983024.000 f
  U314/Y (INVX1)                       -1201056.000
                                                  130781968.000 r
  U2681/Y (NAND2X1)                    1052160.000
                                                  131834128.000 f
  U2685/Y (NOR2X1)                     1190144.000
                                                  133024272.000 r
  U2688/Y (NOR2X1)                     108888.000 133133160.000 f
  U331/Y (AND2X1)                      2044344.000
                                                  135177504.000 f
  U332/Y (INVX1)                       -1293056.000
                                                  133884448.000 r
  U2690/Y (NAND2X1)                    1052080.000
                                                  134936528.000 f
  U2697/Y (OR2X1)                      2092416.000
                                                  137028944.000 f
  U2698/Y (NAND2X1)                    1425760.000
                                                  138454704.000 r
  U2701/Y (OR2X1)                      2641952.000
                                                  141096656.000 r
  U2707/Y (NAND2X1)                    799728.000 141896384.000 f
  U2708/Y (AND2X1)                     2240736.000
                                                  144137120.000 f
  U2709/Y (NAND2X1)                    1447840.000
                                                  145584960.000 r
  U2710/Y (NAND2X1)                    874608.000 146459568.000 f
  U394/Y (AND2X1)                      2045600.000
                                                  148505168.000 f
  U395/Y (INVX1)                       -1314432.000
                                                  147190736.000 r
  U2715/Y (NAND2X1)                    800464.000 147991200.000 f
  U2716/Y (NAND2X1)                    879584.000 148870784.000 r
  U333/Y (AND2X1)                      1794400.000
                                                  150665184.000 r
  U334/Y (INVX1)                       707600.000 151372784.000 f
  U2718/Y (NAND2X1)                    1285776.000
                                                  152658560.000 r
  U406/Y (AND2X1)                      1818752.000
                                                  154477312.000 r
  U407/Y (INVX1)                       715312.000 155192624.000 f
  U2722/Y (NAND2X1)                    1362944.000
                                                  156555568.000 r
  U2723/Y (INVX1)                      1069472.000
                                                  157625040.000 f
  U556/Y (AND2X1)                      2034752.000
                                                  159659792.000 f
  U557/Y (INVX1)                       -1511008.000
                                                  158148784.000 r
  U317/Y (AND2X1)                      1324064.000
                                                  159472848.000 r
  U315/Y (NOR2X1)                      345088.000 159817936.000 f
  U320/Y (AND2X1)                      2043536.000
                                                  161861472.000 f
  U321/Y (INVX1)                       -1201056.000
                                                  160660416.000 r
  U2728/Y (NAND2X1)                    1049984.000
                                                  161710400.000 f
  U2731/Y (NAND2X1)                    886160.000 162596560.000 r
  U2732/Y (NAND2X1)                    930864.000 163527424.000 f
  U2733/Y (NAND2X1)                    1399888.000
                                                  164927312.000 r
  U335/Y (AND2X1)                      2165472.000
                                                  167092784.000 r
  U336/Y (INVX1)                       718528.000 167811312.000 f
  U2737/Y (NAND2X1)                    918864.000 168730176.000 r
  U2738/Y (NAND2X1)                    848288.000 169578464.000 f
  U2739/Y (NAND2X1)                    882384.000 170460848.000 r
  U2740/Y (NOR2X1)                     -289920.000
                                                  170170928.000 f
  U2741/Y (NOR2X1)                     1634624.000
                                                  171805552.000 r
  U2746/Y (INVX1)                      1004128.000
                                                  172809680.000 f
  U554/Y (AND2X1)                      2458256.000
                                                  175267936.000 f
  U555/Y (INVX1)                       -1173936.000
                                                  174094000.000 r
  U2747/Y (NAND2X1)                    1050592.000
                                                  175144592.000 f
  U2750/Y (AND2X1)                     1855392.000
                                                  176999984.000 f
  U2751/Y (NAND2X1)                    864432.000 177864416.000 r
  U2755/Y (NAND2X1)                    1126864.000
                                                  178991280.000 f
  U396/Y (AND2X1)                      2439504.000
                                                  181430784.000 f
  U397/Y (INVX1)                       -1307280.000
                                                  180123504.000 r
  U337/Y (AND2X1)                      1881904.000
                                                  182005408.000 r
  U338/Y (INVX1)                       718352.000 182723760.000 f
  U2760/Y (NAND2X1)                    1285744.000
                                                  184009504.000 r
  U275/Y (AND2X1)                      1818752.000
                                                  185828256.000 r
  U276/Y (INVX1)                       718176.000 186546432.000 f
  U2765/Y (NAND2X1)                    924560.000 187470992.000 r
  U2767/Y (NOR2X1)                     -385072.000
                                                  187085920.000 f
  U2770/Y (NOR2X1)                     1196720.000
                                                  188282640.000 r
  U2771/Y (NAND2X1)                    1104432.000
                                                  189387072.000 f
  U2772/Y (NAND2X1)                    1395248.000
                                                  190782320.000 r
  U2779/Y (OR2X1)                      2584960.000
                                                  193367280.000 r
  U2780/Y (NAND2X1)                    1050224.000
                                                  194417504.000 f
  U2782/Y (NOR2X1)                     1190000.000
                                                  195607504.000 r
  U2788/Y (NAND2X1)                    833824.000 196441328.000 f
  U2793/Y (NAND2X1)                    886160.000 197327488.000 r
  U2795/Y (NAND2X1)                    866752.000 198194240.000 f
  U2796/Y (NOR2X1)                     1191008.000
                                                  199385248.000 r
  out[0] (out)                            0.000   199385248.000 r
  data arrival time                               199385248.000

  clock clk (rise edge)                200000000.000
                                                  200000000.000
  clock network delay (ideal)             0.000   200000000.000
  output external delay                   0.000   200000000.000
  data required time                              200000000.000
  -----------------------------------------------------------
  data required time                              200000000.000
  data arrival time                               -199385248.000
  -----------------------------------------------------------
  slack (MET)                                     614752.000


1
