****************************************
Report : timing
	-path_type full
	-delay_type max
	-max_paths 1
	-sort_by slack
Design : top
Version: S-2021.06-SP1
Date   : Sat Dec  3 11:23:24 2022
****************************************


  Startpoint: inp[6] (input port clocked by clk)
  Endpoint: out[0] (output port clocked by clk)
  Path Group: clk
  Path Type: max

  Point                                    Incr       Path
  ---------------------------------------------------------------
  clock clk (rise edge)                   0.000      0.000
  clock network delay (ideal)             0.000      0.000
  input external delay                    0.000      0.000 f
  inp[6] (in)                             0.000      0.000 f
  U1215/Y (NAND2X1)                    1747040.000
                                                  1747040.000 r
  U230/Y (INVX1)                       1219424.000
                                                  2966464.000 f
  U231/Y (INVX1)                       988848.000 3955312.000 r
  U1381/Y (NAND2X1)                    934816.000 4890128.000 f
  U1453/Y (INVX1)                      -559424.000
                                                  4330704.000 r
  U1458/Y (NAND2X1)                    800816.000 5131520.000 f
  U1459/Y (NAND2X1)                    1752576.000
                                                  6884096.000 r
  U1460/Y (INVX1)                      1096560.000
                                                  7980656.000 f
  U389/Y (AND2X1)                      2034752.000
                                                  10015408.000 f
  U390/Y (INVX1)                       -1295200.000
                                                  8720208.000 r
  U1496/Y (NAND2X1)                    802464.000 9522672.000 f
  U1497/Y (XOR2X1)                     5351376.000
                                                  14874048.000 r
  U1498/Y (NAND2X1)                    876208.000 15750256.000 f
  U1499/Y (NAND2X1)                    1341792.000
                                                  17092048.000 r
  U1501/Y (INVX1)                      1073536.000
                                                  18165584.000 f
  U391/Y (AND2X1)                      2034752.000
                                                  20200336.000 f
  U392/Y (INVX1)                       -1295216.000
                                                  18905120.000 r
  U410/Y (AND2X1)                      1881408.000
                                                  20786528.000 r
  U411/Y (INVX1)                       715600.000 21502128.000 f
  U1504/Y (NAND2X1)                    1362944.000
                                                  22865072.000 r
  U1508/Y (INVX1)                      1097040.000
                                                  23962112.000 f
  U1509/Y (NAND2X1)                    924992.000 24887104.000 r
  U1510/Y (NAND2X1)                    1154848.000
                                                  26041952.000 f
  U1511/Y (NAND2X1)                    1752608.000
                                                  27794560.000 r
  U1512/Y (INVX1)                      1095840.000
                                                  28890400.000 f
  U380/Y (AND2X1)                      2458304.000
                                                  31348704.000 f
  U381/Y (INVX1)                       -1173584.000
                                                  30175120.000 r
  U1528/Y (NAND2X1)                    1052768.000
                                                  31227888.000 f
  U1532/Y (NAND2X1)                    891904.000 32119792.000 r
  U1546/Y (NAND2X1)                    866864.000 32986656.000 f
  U1547/Y (NAND2X1)                    1384960.000
                                                  34371616.000 r
  U1550/Y (OR2X1)                      2547168.000
                                                  36918784.000 r
  U416/Y (AND2X1)                      1885264.000
                                                  38804048.000 r
  U417/Y (INVX1)                       715632.000 39519680.000 f
  U1554/Y (NAND2X1)                    1362944.000
                                                  40882624.000 r
  U1556/Y (INVX1)                      1096656.000
                                                  41979280.000 f
  U1557/Y (NAND2X1)                    924976.000 42904256.000 r
  U1559/Y (NAND2X1)                    866016.000 43770272.000 f
  U1560/Y (NAND2X1)                    1752640.000
                                                  45522912.000 r
  U1562/Y (INVX1)                      1116704.000
                                                  46639616.000 f
  U1563/Y (NAND2X1)                    925008.000 47564624.000 r
  U1579/Y (NAND2X1)                    1234832.000
                                                  48799456.000 f
  U1580/Y (NAND2X1)                    880992.000 49680448.000 r
  U1583/Y (NAND2X1)                    866032.000 50546480.000 f
  U1587/Y (NAND2X1)                    1335648.000
                                                  51882128.000 r
  U669/Y (INVX1)                       1123488.000
                                                  53005616.000 f
  U670/Y (INVX1)                       498432.000 53504048.000 r
  U1781/Y (NAND2X1)                    1056480.000
                                                  54560528.000 f
  U307/Y (AND2X1)                      2044240.000
                                                  56604768.000 f
  U234/Y (INVX1)                       -125872.000
                                                  56478896.000 r
  U2172/Y (NAND2X1)                    1102944.000
                                                  57581840.000 f
  U2173/Y (NAND2X1)                    1752592.000
                                                  59334432.000 r
  U326/Y (AND2X1)                      2166000.000
                                                  61500432.000 r
  U327/Y (INVX1)                       718576.000 62219008.000 f
  U2174/Y (NAND2X1)                    1291712.000
                                                  63510720.000 r
  U2181/Y (OR2X1)                      2330448.000
                                                  65841168.000 r
  U2182/Y (NAND2X1)                    1057528.000
                                                  66898696.000 f
  U2183/Y (NAND2X1)                    1752632.000
                                                  68651328.000 r
  U2186/Y (INVX1)                      1115192.000
                                                  69766520.000 f
  U2187/Y (NAND2X1)                    925000.000 70691520.000 r
  U2188/Y (NAND2X1)                    1154808.000
                                                  71846328.000 f
  U2189/Y (NAND2X1)                    885264.000 72731592.000 r
  U2193/Y (NAND2X1)                    1157032.000
                                                  73888624.000 f
  U2194/Y (NAND2X1)                    1400256.000
                                                  75288880.000 r
  U2195/Y (NAND2X1)                    1235040.000
                                                  76523920.000 f
  U2200/Y (NAND2X1)                    886872.000 77410792.000 r
  U2201/Y (NAND2X1)                    1230480.000
                                                  78641272.000 f
  U2204/Y (INVX1)                      -559288.000
                                                  78081984.000 r
  U360/Y (AND2X1)                      2198920.000
                                                  80280904.000 r
  U361/Y (INVX1)                       707856.000 80988760.000 f
  U2205/Y (NAND2X1)                    1297536.000
                                                  82286296.000 r
  U2207/Y (NAND2X1)                    848960.000 83135256.000 f
  U2208/Y (NAND2X1)                    1385464.000
                                                  84520720.000 r
  U272/Y (OR2X1)                       2548344.000
                                                  87069064.000 r
  U2221/Y (NAND2X1)                    1045848.000
                                                  88114912.000 f
  U2222/Y (NAND2X1)                    1345576.000
                                                  89460488.000 r
  U2223/Y (INVX1)                      1096640.000
                                                  90557128.000 f
  U2226/Y (NAND2X1)                    924976.000 91482104.000 r
  U393/Y (AND2X1)                      2785600.000
                                                  94267704.000 r
  U274/Y (OR2X1)                       1862880.000
                                                  96130584.000 r
  U2241/Y (NAND2X1)                    805104.000 96935688.000 f
  U2248/Y (OR2X1)                      2095448.000
                                                  99031136.000 f
  U2249/Y (NAND2X1)                    1421728.000
                                                  100452864.000 r
  U2250/Y (NAND2X1)                    1162696.000
                                                  101615560.000 f
  U356/Y (NOR2X1)                      1629360.000
                                                  103244920.000 r
  U357/Y (INVX1)                       1000784.000
                                                  104245704.000 f
  U2260/Y (NAND2X1)                    1284792.000
                                                  105530496.000 r
  U382/Y (AND2X1)                      2174632.000
                                                  107705128.000 r
  U383/Y (INVX1)                       715768.000 108420896.000 f
  U2266/Y (OR2X1)                      2117904.000
                                                  110538800.000 f
  U2267/Y (NAND2X1)                    1425216.000
                                                  111964016.000 r
  U2268/Y (NAND2X1)                    1163584.000
                                                  113127600.000 f
  U2270/Y (OR2X1)                      2090480.000
                                                  115218080.000 f
  U2271/Y (NAND2X1)                    877928.000 116096008.000 r
  U612/Y (XNOR2X1)                     5359616.000
                                                  121455624.000 r
  U339/Y (AND2X1)                      1806896.000
                                                  123262520.000 r
  U340/Y (INVX1)                       707632.000 123970152.000 f
  U2633/Y (NAND2X1)                    1285640.000
                                                  125255792.000 r
  U2642/Y (NAND2X1)                    848296.000 126104088.000 f
  U2643/Y (NAND2X1)                    886160.000 126990248.000 r
  U341/Y (AND2X1)                      1796560.000
                                                  128786808.000 r
  U308/Y (INVX1)                       740496.000 129527304.000 f
  U318/Y (AND2X1)                      2455944.000
                                                  131983248.000 f
  U319/Y (INVX1)                       -1201072.000
                                                  130782176.000 r
  U2683/Y (NAND2X1)                    1052168.000
                                                  131834344.000 f
  U2685/Y (NOR2X1)                     1190136.000
                                                  133024480.000 r
  U2688/Y (NOR2X1)                     108896.000 133133376.000 f
  U331/Y (AND2X1)                      2044336.000
                                                  135177712.000 f
  U332/Y (INVX1)                       -1293072.000
                                                  133884640.000 r
  U2690/Y (NAND2X1)                    1052080.000
                                                  134936720.000 f
  U2697/Y (OR2X1)                      2092432.000
                                                  137029152.000 f
  U2698/Y (NAND2X1)                    1425744.000
                                                  138454896.000 r
  U2701/Y (OR2X1)                      2641952.000
                                                  141096848.000 r
  U2707/Y (NAND2X1)                    799728.000 141896576.000 f
  U2708/Y (AND2X1)                     2240736.000
                                                  144137312.000 f
  U2709/Y (NAND2X1)                    1447856.000
                                                  145585168.000 r
  U2710/Y (NAND2X1)                    874608.000 146459776.000 f
  U394/Y (AND2X1)                      2045600.000
                                                  148505376.000 f
  U395/Y (INVX1)                       -1314432.000
                                                  147190944.000 r
  U2715/Y (NAND2X1)                    800464.000 147991408.000 f
  U2716/Y (NAND2X1)                    879584.000 148870992.000 r
  U333/Y (AND2X1)                      1794400.000
                                                  150665392.000 r
  U334/Y (INVX1)                       707600.000 151372992.000 f
  U2718/Y (NAND2X1)                    1285776.000
                                                  152658768.000 r
  U406/Y (AND2X1)                      1818752.000
                                                  154477520.000 r
  U407/Y (INVX1)                       715312.000 155192832.000 f
  U2722/Y (NAND2X1)                    1362944.000
                                                  156555776.000 r
  U2723/Y (INVX1)                      1069472.000
                                                  157625248.000 f
  U556/Y (AND2X1)                      2034752.000
                                                  159660000.000 f
  U557/Y (INVX1)                       -1511024.000
                                                  158148976.000 r
  U317/Y (AND2X1)                      1324064.000
                                                  159473040.000 r
  U315/Y (NOR2X1)                      345088.000 159818128.000 f
  U320/Y (AND2X1)                      2043520.000
                                                  161861648.000 f
  U321/Y (INVX1)                       -1201072.000
                                                  160660576.000 r
  U2728/Y (NAND2X1)                    1049984.000
                                                  161710560.000 f
  U2731/Y (NAND2X1)                    886160.000 162596720.000 r
  U2732/Y (NAND2X1)                    930896.000 163527616.000 f
  U2733/Y (NAND2X1)                    1399856.000
                                                  164927472.000 r
  U335/Y (AND2X1)                      2165440.000
                                                  167092912.000 r
  U336/Y (INVX1)                       718544.000 167811456.000 f
  U2737/Y (NAND2X1)                    918864.000 168730320.000 r
  U2738/Y (NAND2X1)                    848304.000 169578624.000 f
  U2739/Y (NAND2X1)                    882384.000 170461008.000 r
  U2740/Y (NOR2X1)                     -289920.000
                                                  170171088.000 f
  U2741/Y (NOR2X1)                     1634640.000
                                                  171805728.000 r
  U2746/Y (INVX1)                      1004112.000
                                                  172809840.000 f
  U554/Y (AND2X1)                      2458256.000
                                                  175268096.000 f
  U555/Y (INVX1)                       -1173936.000
                                                  174094160.000 r
  U2747/Y (NAND2X1)                    1050592.000
                                                  175144752.000 f
  U2750/Y (AND2X1)                     1855392.000
                                                  177000144.000 f
  U2751/Y (NAND2X1)                    864432.000 177864576.000 r
  U2755/Y (NAND2X1)                    1126880.000
                                                  178991456.000 f
  U396/Y (AND2X1)                      2439520.000
                                                  181430976.000 f
  U397/Y (INVX1)                       -1307312.000
                                                  180123664.000 r
  U337/Y (AND2X1)                      1881920.000
                                                  182005584.000 r
  U338/Y (INVX1)                       718368.000 182723952.000 f
  U2760/Y (NAND2X1)                    1285728.000
                                                  184009680.000 r
  U275/Y (AND2X1)                      1818768.000
                                                  185828448.000 r
  U276/Y (INVX1)                       718176.000 186546624.000 f
  U2765/Y (NAND2X1)                    924560.000 187471184.000 r
  U2767/Y (NOR2X1)                     -385056.000
                                                  187086128.000 f
  U2770/Y (NOR2X1)                     1196720.000
                                                  188282848.000 r
  U2771/Y (NAND2X1)                    1104448.000
                                                  189387296.000 f
  U2772/Y (NAND2X1)                    1395232.000
                                                  190782528.000 r
  U2779/Y (OR2X1)                      2584944.000
                                                  193367472.000 r
  U2780/Y (NAND2X1)                    1050224.000
                                                  194417696.000 f
  U2782/Y (NOR2X1)                     1190000.000
                                                  195607696.000 r
  U2788/Y (NAND2X1)                    833824.000 196441520.000 f
  U2793/Y (NAND2X1)                    886160.000 197327680.000 r
  U2795/Y (NAND2X1)                    866736.000 198194416.000 f
  U2796/Y (NOR2X1)                     1191008.000
                                                  199385424.000 r
  out[0] (out)                            0.000   199385424.000 r
  data arrival time                               199385424.000

  clock clk (rise edge)                200000000.000
                                                  200000000.000
  clock network delay (ideal)             0.000   200000000.000
  clock reconvergence pessimism           0.000   200000000.000
  output external delay                   0.000   200000000.000
  data required time                              200000000.000
  ---------------------------------------------------------------
  data required time                              200000000.000
  data arrival time                               -199385424.000
  ---------------------------------------------------------------
  slack (MET)                                     614576.000


1
