 
****************************************
Report : timing
        -path full
        -delay max
        -max_paths 1
Design : top
Version: S-2021.06-SP2
Date   : Thu Dec 15 12:57:18 2022
****************************************

Operating Conditions: TT   Library: PPDK_Standard_Library_1.0V_25C_TYP_X1
Wire Load Model Mode: top

  Startpoint: inp[20] (input port clocked by clk)
  Endpoint: out[0] (output port clocked by clk)
  Path Group: clk
  Path Type: max

  Point                                    Incr       Path
  -----------------------------------------------------------
  clock clk (rise edge)                   0.000      0.000
  clock network delay (ideal)             0.000      0.000
  input external delay                    0.000      0.000 r
  inp[20] (in)                            0.000      0.000 r
  U597/Y (AND2X1)                      2207109.000
                                                  2207109.000 r
  U598/Y (INVX1)                       705441.000 2912550.000 f
  U747/Y (NAND2X1)                     1362879.500
                                                  4275429.500 r
  U786/Y (INVX1)                       1115681.000
                                                  5391110.500 f
  U787/Y (NAND2X1)                     1284239.500
                                                  6675350.000 r
  U244/Y (AND2X1)                      2174698.000
                                                  8850048.000 r
  U245/Y (INVX1)                       732747.000 9582795.000 f
  U788/Y (NAND2X1)                     1355233.000
                                                  10938028.000 r
  U262/Y (INVX1)                       1047952.000
                                                  11985980.000 f
  U263/Y (INVX1)                       444404.000 12430384.000 r
  U500/Y (AND2X1)                      2198504.000
                                                  14628888.000 r
  U501/Y (INVX1)                       707770.000 15336658.000 f
  U486/Y (AND2X1)                      2460938.000
                                                  17797596.000 f
  U376/Y (AND2X1)                      2428952.000
                                                  20226548.000 f
  U377/Y (INVX1)                       -1362712.000
                                                  18863836.000 r
  U488/Y (AND2X1)                      1881452.000
                                                  20745288.000 r
  U489/Y (INVX1)                       715832.000 21461120.000 f
  U366/Y (XNOR2X1)                     6004242.000
                                                  27465362.000 f
  U367/Y (INVX1)                       -240398.000
                                                  27224964.000 r
  U805/Y (INVX1)                       656738.000 27881702.000 f
  U806/Y (NAND2X1)                     1285806.000
                                                  29167508.000 r
  U272/Y (AND2X1)                      1818740.000
                                                  30986248.000 r
  U273/Y (INVX1)                       725046.000 31711294.000 f
  U807/Y (NAND2X1)                     915062.000 32626356.000 r
  U568/Y (AND2X1)                      1818728.000
                                                  34445084.000 r
  U569/Y (INVX1)                       715896.000 35160980.000 f
  U811/Y (NAND2X1)                     1297372.000
                                                  36458352.000 r
  U812/Y (NAND2X1)                     848920.000 37307272.000 f
  U813/Y (NAND2X1)                     1345424.000
                                                  38652696.000 r
  U825/Y (NAND2X1)                     874188.000 39526884.000 f
  U826/Y (NAND2X1)                     1380648.000
                                                  40907532.000 r
  U254/Y (AND2X1)                      2166676.000
                                                  43074208.000 r
  U255/Y (INVX1)                       718356.000 43792564.000 f
  U829/Y (OR2X1)                       2117896.000
                                                  45910460.000 f
  U542/Y (AND2X1)                      2434344.000
                                                  48344804.000 f
  U543/Y (INVX1)                       -1340668.000
                                                  47004136.000 r
  U238/Y (AND2X1)                      1881932.000
                                                  48886068.000 r
  U239/Y (INVX1)                       725060.000 49611128.000 f
  U852/Y (INVX1)                       440488.000 50051616.000 r
  U280/Y (AND2X1)                      2198692.000
                                                  52250308.000 r
  U281/Y (INVX1)                       707932.000 52958240.000 f
  U494/Y (AND2X1)                      2034888.000
                                                  54993128.000 f
  U495/Y (INVX1)                       -1450996.000
                                                  53542132.000 r
  U354/Y (AND2X1)                      2199140.000
                                                  55741272.000 r
  U355/Y (INVX1)                       724980.000 56466252.000 f
  U853/Y (INVX1)                       440476.000 56906728.000 r
  U240/Y (AND2X1)                      1880836.000
                                                  58787564.000 r
  U241/Y (INVX1)                       718144.000 59505708.000 f
  U420/Y (AND2X1)                      2034884.000
                                                  61540592.000 f
  U421/Y (INVX1)                       -1185276.000
                                                  60355316.000 r
  U470/Y (AND2X1)                      1881836.000
                                                  62237152.000 r
  U471/Y (INVX1)                       716020.000 62953172.000 f
  U885/Y (NAND2X1)                     918764.000 63871936.000 r
  U428/Y (AND2X1)                      1798432.000
                                                  65670368.000 r
  U429/Y (INVX1)                       707860.000 66378228.000 f
  U496/Y (AND2X1)                      2458052.000
                                                  68836280.000 f
  U497/Y (INVX1)                       -1187424.000
                                                  67648856.000 r
  U417/Y (AND2X1)                      2199080.000
                                                  69847936.000 r
  U418/Y (INVX1)                       709152.000 70557088.000 f
  U1023/Y (NAND2X1)                    1286616.000
                                                  71843704.000 r
  U400/Y (AND2X1)                      1830232.000
                                                  73673936.000 r
  U401/Y (INVX1)                       722568.000 74396504.000 f
  U1059/Y (NOR2X1)                     1163712.000
                                                  75560216.000 r
  U1061/Y (NAND2X1)                    1098104.000
                                                  76658320.000 f
  U1062/Y (NOR2X1)                     1198792.000
                                                  77857112.000 r
  U288/Y (AND2X1)                      2179872.000
                                                  80036984.000 r
  U289/Y (INVX1)                       714064.000 80751048.000 f
  U1063/Y (NAND2X1)                    918824.000 81669872.000 r
  U228/Y (AND2X1)                      2174544.000
                                                  83844416.000 r
  U229/Y (INVX1)                       732792.000 84577208.000 f
  U1064/Y (INVX1)                      440384.000 85017592.000 r
  U1065/Y (NAND2X1)                    1053360.000
                                                  86070952.000 f
  U430/Y (AND2X1)                      2044168.000
                                                  88115120.000 f
  U431/Y (INVX1)                       -1175496.000
                                                  86939624.000 r
  U626/Y (XNOR2X1)                     5939760.000
                                                  92879384.000 r
  U627/Y (INVX1)                       820848.000 93700232.000 f
  U1070/Y (XOR2X1)                     4910768.000
                                                  98611000.000 r
  U1077/Y (NAND2X1)                    1230800.000
                                                  99841800.000 f
  U1078/Y (NAND2X1)                    1752592.000
                                                  101594392.000 r
  U1079/Y (INVX1)                      1101344.000
                                                  102695736.000 f
  U1080/Y (NAND2X1)                    1284448.000
                                                  103980184.000 r
  U1081/Y (NAND2X1)                    848096.000 104828280.000 f
  U116/Y (AND2X1)                      2044200.000
                                                  106872480.000 f
  U117/Y (INVX1)                       -1279424.000
                                                  105593056.000 r
  U558/Y (AND2X1)                      1881400.000
                                                  107474456.000 r
  U559/Y (INVX1)                       708056.000 108182512.000 f
  U1085/Y (NAND2X1)                    1285784.000
                                                  109468296.000 r
  U1086/Y (AND2X1)                     2563320.000
                                                  112031616.000 r
  U548/Y (AND2X1)                      1857544.000
                                                  113889160.000 r
  U549/Y (INVX1)                       708352.000 114597512.000 f
  U346/Y (AND2X1)                      2458072.000
                                                  117055584.000 f
  U347/Y (INVX1)                       -229856.000
                                                  116825728.000 r
  U384/Y (AND2X1)                      1842664.000
                                                  118668392.000 r
  U385/Y (INVX1)                       713592.000 119381984.000 f
  U570/Y (AND2X1)                      2034888.000
                                                  121416872.000 f
  U571/Y (INVX1)                       -1452992.000
                                                  119963880.000 r
  U112/Y (AND2X1)                      1882000.000
                                                  121845880.000 r
  U113/Y (INVX1)                       716056.000 122561936.000 f
  U1142/Y (XOR2X1)                     5583800.000
                                                  128145736.000 r
  U584/Y (XNOR2X1)                     5508384.000
                                                  133654120.000 r
  U585/Y (INVX1)                       944616.000 134598736.000 f
  U1147/Y (NOR2X1)                     1157328.000
                                                  135756064.000 r
  U458/Y (AND2X1)                      2181744.000
                                                  137937808.000 r
  U459/Y (INVX1)                       713232.000 138651040.000 f
  U409/Y (NAND2X1)                     918864.000 139569904.000 r
  U603/Y (AND2X1)                      1830672.000
                                                  141400576.000 r
  U685/Y (INVX1)                       713664.000 142114240.000 f
  U1170/Y (NAND2X1)                    918624.000 143032864.000 r
  U1171/Y (NAND2X1)                    1126192.000
                                                  144159056.000 f
  U174/Y (AND2X1)                      2439536.000
                                                  146598592.000 f
  U175/Y (INVX1)                       -1307152.000
                                                  145291440.000 r
  U442/Y (AND2X1)                      1881904.000
                                                  147173344.000 r
  U443/Y (INVX1)                       707568.000 147880912.000 f
  U1172/Y (NAND2X1)                    1291616.000
                                                  149172528.000 r
  U508/Y (AND2X1)                      2174416.000
                                                  151346944.000 r
  U509/Y (INVX1)                       715616.000 152062560.000 f
  U362/Y (AND2X1)                      2458080.000
                                                  154520640.000 f
  U363/Y (INVX1)                       -229824.000
                                                  154290816.000 r
  U1186/Y (INVX1)                      651872.000 154942688.000 f
  U1187/Y (NAND2X1)                    1285824.000
                                                  156228512.000 r
  U1188/Y (NAND2X1)                    848320.000 157076832.000 f
  U1190/Y (NOR2X1)                     1195040.000
                                                  158271872.000 r
  U506/Y (AND2X1)                      2181728.000
                                                  160453600.000 r
  U507/Y (INVX1)                       713232.000 161166832.000 f
  U534/Y (AND2X1)                      2034880.000
                                                  163201712.000 f
  U535/Y (INVX1)                       -1292016.000
                                                  161909696.000 r
  U550/Y (AND2X1)                      1881904.000
                                                  163791600.000 r
  U551/Y (INVX1)                       708304.000 164499904.000 f
  U1192/Y (NAND2X1)                    1285632.000
                                                  165785536.000 r
  U1194/Y (NAND2X1)                    848288.000 166633824.000 f
  U172/Y (AND2X1)                      2439536.000
                                                  169073360.000 f
  U173/Y (INVX1)                       -1307152.000
                                                  167766208.000 r
  U440/Y (AND2X1)                      1881904.000
                                                  169648112.000 r
  U441/Y (INVX1)                       715536.000 170363648.000 f
  U404/Y (NAND2X1)                     1285616.000
                                                  171649264.000 r
  U512/Y (AND2X1)                      2174576.000
                                                  173823840.000 r
  U513/Y (INVX1)                       715568.000 174539408.000 f
  U1195/Y (NOR2X1)                     1151504.000
                                                  175690912.000 r
  out[0] (out)                            0.000   175690912.000 r
  data arrival time                               175690912.000

  clock clk (rise edge)                200000000.000
                                                  200000000.000
  clock network delay (ideal)             0.000   200000000.000
  output external delay                   0.000   200000000.000
  data required time                              200000000.000
  -----------------------------------------------------------
  data required time                              200000000.000
  data arrival time                               -175690912.000
  -----------------------------------------------------------
  slack (MET)                                     24309088.000


1
