Information: Updating design information... (UID-85)
 
****************************************
Report : qor
Design : top
Version: S-2021.06-SP2
Date   : Thu Dec 15 12:57:18 2022
****************************************


  Timing Path Group 'clk'
  -----------------------------------
  Levels of Logic:             138.00
  Critical Path Length:  175690912.00
  Critical Path Slack:    24309088.00
  Critical Path Clk Period:
                         200000000.00
  Total Negative Slack:          0.00
  No. of Violating Paths:        0.00
  Worst Hold Violation:          0.00
  Total Hold Violation:          0.00
  No. of Hold Violations:        0.00
  -----------------------------------


  Cell Count
  -----------------------------------
  Hierarchical Cell Count:          0
  Hierarchical Port Count:          0
  Leaf Cell Count:               1152
  Buf/Inv Cell Count:             439
  Buf Cell Count:                   0
  Inv Cell Count:                 439
  CT Buf/Inv Cell Count:            0
  Combinational Cell Count:      1152
  Sequential Cell Count:            0
  Macro Count:                      0
  -----------------------------------


  Area
  -----------------------------------
  Combinational Area:
                     406983268.000000
  Noncombinational Area:     0.000000
  Buf/Inv Area:      100276380.000000
  Total Buffer Area:             0.00
  Total Inverter Area:   100276380.00
  Macro/Black Box Area:      0.000000
  Net Area:                  0.000000
  -----------------------------------
  Cell Area:         406983268.000000
  Design Area:       406983268.000000


  Design Rules
  -----------------------------------
  Total Number of Nets:          1180
  Nets With Violations:          1151
  Max Trans Violations:          1151
  Max Cap Violations:               0
  -----------------------------------


  Hostname: leoforos

  Compile CPU Statistics
  -----------------------------------------
  Resource Sharing:                    1.75
  Logic Optimization:                  0.07
  Mapping Optimization:                1.13
  -----------------------------------------
  Overall Compile Time:                7.10
  Overall Compile Wall Clock Time:     7.44

  --------------------------------------------------------------------

  Design  WNS: 0.00  TNS: 0.00  Number of Violating Paths: 0


  Design (Hold)  WNS: 0.00  TNS: 0.00  Number of Violating Paths: 0

  --------------------------------------------------------------------


1
