 
****************************************
Report : area
Design : top
Version: S-2021.06-SP2
Date   : Thu Dec 15 12:57:18 2022
****************************************

Library(s) Used:

    PPDK_Standard_Library_1.0V_25C_TYP_X1 (File: /home/akokkinis/synLibs/egfet/db/EGFET_1.0V.db)

Number of ports:                           30
Number of nets:                          1180
Number of cells:                         1152
Number of combinational cells:           1152
Number of sequential cells:                 0
Number of macros/black boxes:               0
Number of buf/inv:                        439
Number of references:                       7

Combinational area:          406983268.000000
Buf/Inv area:                100276380.000000
Noncombinational area:               0.000000
Macro/Black Box area:                0.000000
Net Interconnect area:      undefined  (No wire load specified)

Total cell area:             406983268.000000
Total area:                 undefined

Hierarchical area distribution
------------------------------

                                  Global cell area                  Local cell area
                                  -----------------------  --------------------------------- 
Hierarchical cell                 Absolute        Percent  Combi-          Noncombi-  Black-
                                  Total           Total    national        national   boxes   Design
--------------------------------  --------------  -------  --------------  ---------  ------  ---------
top                               406983268.0000    100.0  406983268.0000     0.0000  0.0000  top
--------------------------------  --------------  -------  --------------  ---------  ------  ---------
Total                                                      406983268.0000     0.0000  0.0000

1
