 
****************************************
Report : timing
        -path full
        -delay max
        -max_paths 1
Design : top
Version: S-2021.06-SP2
Date   : Thu Dec 15 12:55:28 2022
****************************************

Operating Conditions: TT   Library: PPDK_Standard_Library_1.0V_25C_TYP_X1
Wire Load Model Mode: top

  Startpoint: inp[25] (input port clocked by clk)
  Endpoint: out[0] (output port clocked by clk)
  Path Group: clk
  Path Type: max

  Point                                    Incr       Path
  -----------------------------------------------------------
  clock clk (rise edge)                   0.000      0.000
  clock network delay (ideal)             0.000      0.000
  input external delay                    0.000      0.000 f
  inp[25] (in)                            0.000      0.000 f
  U907/Y (NAND2X1)                     1294044.375
                                                  1294044.375 r
  U909/Y (NAND2X1)                     848629.875 2142674.250 f
  U910/Y (NAND2X1)                     1384485.500
                                                  3527159.750 r
  U60/Y (AND2X1)                       1799531.250
                                                  5326691.000 r
  U61/Y (INVX1)                        713384.000 6040075.000 f
  U911/Y (NAND2X1)                     930055.500 6970130.500 r
  U282/Y (XNOR2X1)                     6535029.500
                                                  13505160.000 r
  U923/Y (INVX1)                       836133.000 14341293.000 f
  U936/Y (NAND2X1)                     1291451.000
                                                  15632744.000 r
  U943/Y (NAND2X1)                     1230538.000
                                                  16863282.000 f
  U947/Y (NAND2X1)                     886984.000 17750266.000 r
  U317/Y (AND2X1)                      1818326.000
                                                  19568592.000 r
  U318/Y (INVX1)                       712542.000 20281134.000 f
  U948/Y (NAND2X1)                     1291602.000
                                                  21572736.000 r
  U333/Y (AND2X1)                      2572004.000
                                                  24144740.000 r
  U259/Y (OR2X1)                       2367368.000
                                                  26512108.000 r
  U283/Y (XNOR2X1)                     5859884.000
                                                  32371992.000 r
  U581/Y (INVX1)                       831700.000 33203692.000 f
  U1084/Y (XOR2X1)                     5929556.000
                                                  39133248.000 r
  U358/Y (AND2X1)                      1781852.000
                                                  40915100.000 r
  U359/Y (INVX1)                       707456.000 41622556.000 f
  U456/Y (AND2X1)                      2458076.000
                                                  44080632.000 f
  U457/Y (INVX1)                       -1150916.000
                                                  42929716.000 r
  U1088/Y (OR2X1)                      1651516.000
                                                  44581232.000 r
  U342/Y (AND2X1)                      1876172.000
                                                  46457404.000 r
  U343/Y (INVX1)                       715384.000 47172788.000 f
  U1092/Y (NAND2X1)                    1362952.000
                                                  48535740.000 r
  U1096/Y (INVX1)                      1116340.000
                                                  49652080.000 f
  U434/Y (AND2X1)                      2458316.000
                                                  52110396.000 f
  U435/Y (INVX1)                       -1173520.000
                                                  50936876.000 r
  U272/Y (AND2X1)                      2198884.000
                                                  53135760.000 r
  U273/Y (INVX1)                       707648.000 53843408.000 f
  U1097/Y (NAND2X1)                    1297400.000
                                                  55140808.000 r
  U1099/Y (NAND2X1)                    848924.000 55989732.000 f
  U308/Y (AND2X1)                      2045988.000
                                                  58035720.000 f
  U309/Y (INVX1)                       -1324096.000
                                                  56711624.000 r
  U1101/Y (OR2X1)                      1641292.000
                                                  58352916.000 r
  U1102/Y (NAND2X1)                    1057608.000
                                                  59410524.000 f
  U1104/Y (NAND2X1)                    1391156.000
                                                  60801680.000 r
  U1111/Y (XOR2X1)                     4271952.000
                                                  65073632.000 f
  U1112/Y (XOR2X1)                     5748760.000
                                                  70822392.000 r
  U1113/Y (NAND2X1)                    1233896.000
                                                  72056288.000 f
  U504/Y (XNOR2X1)                     6627600.000
                                                  78683888.000 f
  U1158/Y (XOR2X1)                     5520304.000
                                                  84204192.000 r
  U1159/Y (OR2X1)                      2306672.000
                                                  86510864.000 r
  U1160/Y (NAND2X1)                    1048968.000
                                                  87559832.000 f
  U1162/Y (NAND2X1)                    897784.000 88457616.000 r
  U354/Y (AND2X1)                      1794512.000
                                                  90252128.000 r
  U355/Y (INVX1)                       707464.000 90959592.000 f
  U1164/Y (NAND2X1)                    1362952.000
                                                  92322544.000 r
  U1165/Y (INVX1)                      1101400.000
                                                  93423944.000 f
  U311/Y (AND2X1)                      2034744.000
                                                  95458688.000 f
  U312/Y (INVX1)                       -1366432.000
                                                  94092256.000 r
  U1166/Y (NAND2X1)                    928784.000 95021040.000 f
  U1175/Y (INVX1)                      -562792.000
                                                  94458248.000 r
  U1176/Y (NAND2X1)                    1050464.000
                                                  95508712.000 f
  U1178/Y (NAND2X1)                    891840.000 96400552.000 r
  U227/Y (XNOR2X1)                     6319984.000
                                                  102720536.000 r
  U228/Y (INVX1)                       937504.000 103658040.000 f
  U1221/Y (OR2X1)                      2117976.000
                                                  105776016.000 f
  U1222/Y (NAND2X1)                    1425232.000
                                                  107201248.000 r
  U1223/Y (NAND2X1)                    931104.000 108132352.000 f
  U1226/Y (INVX1)                      -562912.000
                                                  107569440.000 r
  U448/Y (AND2X1)                      2198928.000
                                                  109768368.000 r
  U449/Y (INVX1)                       707856.000 110476224.000 f
  U1375/Y (NAND2X1)                    1291600.000
                                                  111767824.000 r
  U454/Y (XNOR2X1)                     5493392.000
                                                  117261216.000 r
  U455/Y (INVX1)                       958080.000 118219296.000 f
  U1411/Y (XOR2X1)                     4914256.000
                                                  123133552.000 r
  U1415/Y (OR2X1)                      2349792.000
                                                  125483344.000 r
  U1416/Y (NAND2X1)                    1050816.000
                                                  126534160.000 f
  U1417/Y (NOR2X1)                     1633624.000
                                                  128167784.000 r
  U1418/Y (INVX1)                      1004680.000
                                                  129172464.000 f
  U1578/Y (NAND2X1)                    1290600.000
                                                  130463064.000 r
  U506/Y (XNOR2X1)                     5494616.000
                                                  135957680.000 r
  U130/Y (AND2X1)                      2171888.000
                                                  138129568.000 r
  U131/Y (INVX1)                       716448.000 138846016.000 f
  U1616/Y (NAND2X1)                    1291584.000
                                                  140137600.000 r
  U1618/Y (NAND2X1)                    848608.000 140986208.000 f
  U1621/Y (NAND2X1)                    886176.000 141872384.000 r
  U1626/Y (NAND2X1)                    847984.000 142720368.000 f
  U274/Y (NAND2X1)                     882112.000 143602480.000 r
  U275/Y (AND2X1)                      1784896.000
                                                  145387376.000 r
  U253/Y (INVX1)                       728096.000 146115472.000 f
  U592/Y (INVX1)                       506480.000 146621952.000 r
  U1651/Y (NAND2X1)                    1057648.000
                                                  147679600.000 f
  U1655/Y (NAND2X1)                    891520.000 148571120.000 r
  U410/Y (AND2X1)                      1818352.000
                                                  150389472.000 r
  U411/Y (INVX1)                       715568.000 151105040.000 f
  U1661/Y (NAND2X1)                    1285616.000
                                                  152390656.000 r
  U1662/Y (NAND2X1)                    1126400.000
                                                  153517056.000 f
  U1663/Y (NAND2X1)                    1399328.000
                                                  154916384.000 r
  U338/Y (AND2X1)                      1795440.000
                                                  156711824.000 r
  U339/Y (INVX1)                       715520.000 157427344.000 f
  U1670/Y (NAND2X1)                    1291584.000
                                                  158718928.000 r
  U1672/Y (OR2X1)                      2340032.000
                                                  161058960.000 r
  U340/Y (AND2X1)                      1883552.000
                                                  162942512.000 r
  U341/Y (INVX1)                       715792.000 163658304.000 f
  U1676/Y (NAND2X1)                    924560.000 164582864.000 r
  U1678/Y (NOR2X1)                     -321024.000
                                                  164261840.000 f
  U1681/Y (NOR2X1)                     1195936.000
                                                  165457776.000 r
  U1683/Y (NAND2X1)                    834464.000 166292240.000 f
  U1684/Y (NAND2X1)                    1399280.000
                                                  167691520.000 r
  U1689/Y (OR2X1)                      2594496.000
                                                  170286016.000 r
  U1690/Y (NAND2X1)                    800928.000 171086944.000 f
  U1693/Y (OR2X1)                      2090848.000
                                                  173177792.000 f
  U1694/Y (NAND2X1)                    1421024.000
                                                  174598816.000 r
  U1698/Y (AND2X1)                     2848960.000
                                                  177447776.000 r
  U1699/Y (NAND2X1)                    841760.000 178289536.000 f
  U1702/Y (NAND2X1)                    885664.000 179175200.000 r
  U1703/Y (NAND2X1)                    848288.000 180023488.000 f
  U279/Y (AND2X1)                      2044128.000
                                                  182067616.000 f
  U280/Y (INVX1)                       -1294432.000
                                                  180773184.000 r
  U1708/Y (OR2X1)                      1639760.000
                                                  182412944.000 r
  U1711/Y (NAND2X1)                    804912.000 183217856.000 f
  U1713/Y (NAND2X1)                    885344.000 184103200.000 r
  U1715/Y (NOR2X1)                     -290304.000
                                                  183812896.000 f
  U1718/Y (NOR2X1)                     1195600.000
                                                  185008496.000 r
  U1719/Y (NAND2X1)                    834432.000 185842928.000 f
  U1720/Y (NAND2X1)                    1380368.000
                                                  187223296.000 r
  U1721/Y (NAND2X1)                    1150992.000
                                                  188374288.000 f
  U1723/Y (NAND2X1)                    885520.000 189259808.000 r
  U1725/Y (NOR2X1)                     -320960.000
                                                  188938848.000 f
  U1726/Y (NAND2X1)                    880240.000 189819088.000 r
  U334/Y (AND2X1)                      1789632.000
                                                  191608720.000 r
  U335/Y (INVX1)                       715088.000 192323808.000 f
  U1732/Y (NAND2X1)                    924544.000 193248352.000 r
  U1735/Y (NOR2X1)                     -331984.000
                                                  192916368.000 f
  U1739/Y (NOR2X1)                     1196064.000
                                                  194112432.000 r
  U1741/Y (NAND2X1)                    834480.000 194946912.000 f
  U306/Y (AND2X1)                      2045584.000
                                                  196992496.000 f
  U307/Y (INVX1)                       -1303248.000
                                                  195689248.000 r
  U1742/Y (NAND2X1)                    1052080.000
                                                  196741328.000 f
  U265/Y (NAND2X1)                     886112.000 197627440.000 r
  U1746/Y (NAND2X1)                    1126464.000
                                                  198753904.000 f
  U1747/Y (NOR2X1)                     1189408.000
                                                  199943312.000 r
  out[0] (out)                            0.000   199943312.000 r
  data arrival time                               199943312.000

  clock clk (rise edge)                200000000.000
                                                  200000000.000
  clock network delay (ideal)             0.000   200000000.000
  output external delay                   0.000   200000000.000
  data required time                              200000000.000
  -----------------------------------------------------------
  data required time                              200000000.000
  data arrival time                               -199943312.000
  -----------------------------------------------------------
  slack (MET)                                     56688.000


1
