Information: Updating design information... (UID-85)
 
****************************************
Report : qor
Design : top
Version: S-2021.06-SP2
Date   : Tue Nov 29 14:17:54 2022
****************************************


  Timing Path Group 'clk'
  -----------------------------------
  Levels of Logic:             125.00
  Critical Path Length:  248304144.00
  Critical Path Slack:     1695856.00
  Critical Path Clk Period:
                         250000000.00
  Total Negative Slack:          0.00
  No. of Violating Paths:        0.00
  Worst Hold Violation:          0.00
  Total Hold Violation:          0.00
  No. of Hold Violations:        0.00
  -----------------------------------


  Cell Count
  -----------------------------------
  Hierarchical Cell Count:          0
  Hierarchical Port Count:          0
  Leaf Cell Count:               2325
  Buf/Inv Cell Count:             460
  Buf Cell Count:                   0
  Inv Cell Count:                 460
  CT Buf/Inv Cell Count:            0
  Combinational Cell Count:      2325
  Sequential Cell Count:            0
  Macro Count:                      0
  -----------------------------------


  Area
  -----------------------------------
  Combinational Area:
                     801210027.000000
  Noncombinational Area:     0.000000
  Buf/Inv Area:      105073200.000000
  Total Buffer Area:             0.00
  Total Inverter Area:   105073200.00
  Macro/Black Box Area:      0.000000
  Net Area:                  0.000000
  -----------------------------------
  Cell Area:         801210027.000000
  Design Area:       801210027.000000


  Design Rules
  -----------------------------------
  Total Number of Nets:          2357
  Nets With Violations:          2325
  Max Trans Violations:          2325
  Max Cap Violations:               0
  -----------------------------------


  Hostname: leoforos

  Compile CPU Statistics
  -----------------------------------------
  Resource Sharing:                    1.14
  Logic Optimization:                  0.13
  Mapping Optimization:                2.66
  -----------------------------------------
  Overall Compile Time:               15.05
  Overall Compile Wall Clock Time:    15.58

  --------------------------------------------------------------------

  Design  WNS: 0.00  TNS: 0.00  Number of Violating Paths: 0


  Design (Hold)  WNS: 0.00  TNS: 0.00  Number of Violating Paths: 0

  --------------------------------------------------------------------


1
