 
****************************************
Report : timing
        -path full
        -delay max
        -max_paths 1
Design : top
Version: S-2021.06-SP2
Date   : Sun Dec  4 15:38:09 2022
****************************************

Operating Conditions: TT   Library: PPDK_Standard_Library_1.0V_25C_TYP_X1
Wire Load Model Mode: top

  Startpoint: inp[2] (input port clocked by clk)
  Endpoint: out[0] (output port clocked by clk)
  Path Group: clk
  Path Type: max

  Point                                    Incr       Path
  -----------------------------------------------------------
  clock clk (rise edge)                   0.000      0.000
  clock network delay (ideal)             0.000      0.000
  input external delay                    0.000      0.000 f
  inp[2] (in)                             0.000      0.000 f
  U320/Y (INVX1)                       582656.750 582656.750 r
  U297/Y (AND2X1)                      2201183.250
                                                  2783840.000 r
  U298/Y (INVX1)                       712700.750 3496540.750 f
  U242/Y (AND2X1)                      2460904.750
                                                  5957445.500 f
  U243/Y (INVX1)                       -1189202.000
                                                  4768243.500 r
  U246/Y (AND2X1)                      1881837.500
                                                  6650081.000 r
  U247/Y (INVX1)                       708004.000 7358085.000 f
  U236/Y (AND2X1)                      2460905.000
                                                  9818990.000 f
  U363/Y (NAND2X1)                     859735.000 10678725.000 r
  U204/Y (AND2X1)                      2174377.000
                                                  12853102.000 r
  U205/Y (INVX1)                       715850.000 13568952.000 f
  U366/Y (OR2X1)                       2117898.000
                                                  15686850.000 f
  U374/Y (NAND2X1)                     876484.000 16563334.000 r
  U82/Y (XNOR2X1)                      6321474.000
                                                  22884808.000 r
  U83/Y (INVX1)                        822298.000 23707106.000 f
  U376/Y (OR2X1)                       2117990.000
                                                  25825096.000 f
  U116/Y (AND2X1)                      2434340.000
                                                  28259436.000 f
  U117/Y (INVX1)                       -1302820.000
                                                  26956616.000 r
  U379/Y (OR2X1)                       1650514.000
                                                  28607130.000 r
  U86/Y (AND2X1)                       2196874.000
                                                  30804004.000 r
  U87/Y (INVX1)                        725700.000 31529704.000 f
  U382/Y (INVX1)                       447330.000 31977034.000 r
  U383/Y (NAND2X1)                     1051798.000
                                                  33028832.000 f
  U138/Y (AND2X1)                      2441908.000
                                                  35470740.000 f
  U139/Y (INVX1)                       -1254112.000
                                                  34216628.000 r
  U130/Y (AND2X1)                      2198520.000
                                                  36415148.000 r
  U131/Y (INVX1)                       707764.000 37122912.000 f
  U394/Y (NOR2X1)                      1627620.000
                                                  38750532.000 r
  U395/Y (INVX1)                       1007116.000
                                                  39757648.000 f
  U166/Y (AND2X1)                      2458224.000
                                                  42215872.000 f
  U167/Y (INVX1)                       -1174108.000
                                                  41041764.000 r
  U399/Y (AND2X1)                      1980988.000
                                                  43022752.000 r
  U146/Y (AND2X1)                      1860840.000
                                                  44883592.000 r
  U147/Y (INVX1)                       707880.000 45591472.000 f
  U95/Y (XNOR2X1)                      6583416.000
                                                  52174888.000 f
  U96/Y (INVX1)                        -1219640.000
                                                  50955248.000 r
  U154/Y (AND2X1)                      1881856.000
                                                  52837104.000 r
  U155/Y (INVX1)                       710600.000 53547704.000 f
  U403/Y (NAND2X1)                     1285620.000
                                                  54833324.000 r
  U122/Y (AND2X1)                      1818780.000
                                                  56652104.000 r
  U123/Y (INVX1)                       715564.000 57367668.000 f
  U406/Y (AND2X1)                      2241100.000
                                                  59608768.000 f
  U409/Y (NOR2X1)                      1211752.000
                                                  60820520.000 r
  U42/Y (AND2X1)                       1834732.000
                                                  62655252.000 r
  U43/Y (INVX1)                        707696.000 63362948.000 f
  U144/Y (AND2X1)                      2458076.000
                                                  65821024.000 f
  U145/Y (INVX1)                       -1187268.000
                                                  64633756.000 r
  U276/Y (AND2X1)                      2199080.000
                                                  66832836.000 r
  U277/Y (INVX1)                       707580.000 67540416.000 f
  U413/Y (NOR2X1)                      1151520.000
                                                  68691936.000 r
  out[0] (out)                            0.000   68691936.000 r
  data arrival time                               68691936.000

  clock clk (rise edge)                200000000.000
                                                  200000000.000
  clock network delay (ideal)             0.000   200000000.000
  output external delay                   0.000   200000000.000
  data required time                              200000000.000
  -----------------------------------------------------------
  data required time                              200000000.000
  data arrival time                               -68691936.000
  -----------------------------------------------------------
  slack (MET)                                     131308064.000


1
