****************************************
Report : timing
	-path_type full
	-delay_type max
	-max_paths 1
	-sort_by slack
Design : top
Version: S-2021.06-SP1
Date   : Thu Dec 15 10:18:40 2022
****************************************


  Startpoint: inp[8] (input port clocked by clk)
  Endpoint: out[0] (output port clocked by clk)
  Path Group: clk
  Path Type: max

  Point                                    Incr       Path
  ---------------------------------------------------------------
  clock clk (rise edge)                   0.000      0.000
  clock network delay (ideal)             0.000      0.000
  input external delay                    0.000      0.000 r
  inp[8] (in)                             0.000      0.000 r
  U827/Y (NAND2X1)                     1027200.000
                                                  1027200.000 f
  U828/Y (NAND2X1)                     893840.000 1921040.000 r
  U275/Y (AND2X1)                      1817840.000
                                                  3738880.000 r
  U276/Y (INVX1)                       732784.000 4471664.000 f
  U832/Y (INVX1)                       440368.000 4912032.000 r
  U833/Y (NAND2X1)                     801280.000 5713312.000 f
  U834/Y (NAND2X1)                     1379808.000
                                                  7093120.000 r
  U835/Y (OR2X1)                       2535168.000
                                                  9628288.000 r
  U175/Y (AND2X1)                      1873008.000
                                                  11501296.000 r
  U176/Y (INVX1)                       707856.000 12209152.000 f
  U836/Y (XOR2X1)                      4915040.000
                                                  17124192.000 r
  U837/Y (OR2X1)                       2349792.000
                                                  19473984.000 r
  U337/Y (AND2X1)                      1882944.000
                                                  21356928.000 r
  U338/Y (INVX1)                       725184.000 22082112.000 f
  U840/Y (INVX1)                       440472.000 22522584.000 r
  U225/Y (AND2X1)                      1880840.000
                                                  24403424.000 r
  U226/Y (INVX1)                       714168.000 25117592.000 f
  U654/Y (AND2X1)                      2037088.000
                                                  27154680.000 f
  U655/Y (INVX1)                       -1281448.000
                                                  25873232.000 r
  U916/Y (NAND2X1)                     1050536.000
                                                  26923768.000 f
  U917/Y (NAND2X1)                     1752616.000
                                                  28676384.000 r
  U918/Y (INVX1)                       1116600.000
                                                  29792984.000 f
  U109/Y (AND2X1)                      2034736.000
                                                  31827720.000 f
  U110/Y (INVX1)                       -1293912.000
                                                  30533808.000 r
  U213/Y (AND2X1)                      1881408.000
                                                  32415216.000 r
  U214/Y (INVX1)                       707864.000 33123080.000 f
  U938/Y (XOR2X1)                      5588504.000
                                                  38711584.000 r
  U667/Y (XNOR2X1)                     6344256.000
                                                  45055840.000 r
  U668/Y (INVX1)                       1009296.000
                                                  46065136.000 f
  U977/Y (NAND2X1)                     1357448.000
                                                  47422584.000 r
  U263/Y (INVX1)                       1108896.000
                                                  48531480.000 f
  U264/Y (INVX1)                       443600.000 48975080.000 r
  U978/Y (NAND2X1)                     1051800.000
                                                  50026880.000 f
  U979/Y (NAND2X1)                     1752616.000
                                                  51779496.000 r
  U980/Y (INVX1)                       1116344.000
                                                  52895840.000 f
  U1002/Y (NAND2X1)                    1290208.000
                                                  54186048.000 r
  U482/Y (AND2X1)                      2174504.000
                                                  56360552.000 r
  U483/Y (INVX1)                       715584.000 57076136.000 f
  U439/Y (AND2X1)                      2458080.000
                                                  59534216.000 f
  U440/Y (INVX1)                       -1150888.000
                                                  58383328.000 r
  U1075/Y (OR2X1)                      1651520.000
                                                  60034848.000 r
  U299/Y (AND2X1)                      2196872.000
                                                  62231720.000 r
  U300/Y (INVX1)                       708520.000 62940240.000 f
  U1095/Y (NAND2X1)                    1357264.000
                                                  64297504.000 r
  U395/Y (INVX1)                       977960.000 65275464.000 f
  U396/Y (INVX1)                       445344.000 65720808.000 r
  U1096/Y (NAND2X1)                    1051800.000
                                                  66772608.000 f
  U1097/Y (NAND2X1)                    1385464.000
                                                  68158072.000 r
  U709/Y (OR2X1)                       2548344.000
                                                  70706416.000 r
  U191/Y (AND2X1)                      2199096.000
                                                  72905512.000 r
  U192/Y (INVX1)                       707800.000 73613312.000 f
  U1104/Y (XOR2X1)                     2983616.000
                                                  76596928.000 f
  U1106/Y (NOR2X1)                     1240488.000
                                                  77837416.000 r
  U492/Y (AND2X1)                      1830560.000
                                                  79667976.000 r
  U493/Y (INVX1)                       715568.000 80383544.000 f
  U429/Y (NAND2X1)                     1327248.000
                                                  81710792.000 r
  U696/Y (AND2X1)                      1815832.000
                                                  83526624.000 r
  U697/Y (INVX1)                       733472.000 84260096.000 f
  U1251/Y (INVX1)                      477184.000 84737280.000 r
  U641/Y (AND2X1)                      2202376.000
                                                  86939656.000 r
  U642/Y (INVX1)                       717776.000 87657432.000 f
  U1256/Y (NAND2X1)                    918824.000 88576256.000 r
  U1259/Y (NAND2X1)                    848416.000 89424672.000 f
  U1261/Y (NAND2X1)                    894416.000 90319088.000 r
  U1263/Y (NAND2X1)                    865200.000 91184288.000 f
  U1264/Y (NAND2X1)                    1752624.000
                                                  92936912.000 r
  U1267/Y (INVX1)                      1116336.000
                                                  94053248.000 f
  U1269/Y (NAND2X1)                    924992.000 94978240.000 r
  U1270/Y (NAND2X1)                    849456.000 95827696.000 f
  U1278/Y (NAND2X1)                    891648.000 96719344.000 r
  U1279/Y (NAND2X1)                    1151792.000
                                                  97871136.000 f
  U1280/Y (NAND2X1)                    1752576.000
                                                  99623712.000 r
  U1286/Y (INVX1)                      1096456.000
                                                  100720168.000 f
  U165/Y (AND2X1)                      2458304.000
                                                  103178472.000 f
  U166/Y (INVX1)                       -1173656.000
                                                  102004816.000 r
  U552/Y (AND2X1)                      1881344.000
                                                  103886160.000 r
  U553/Y (INVX1)                       715600.000 104601760.000 f
  U347/Y (AND2X1)                      2458080.000
                                                  107059840.000 f
  U348/Y (INVX1)                       -229856.000
                                                  106829984.000 r
  U1309/Y (INVX1)                      651872.000 107481856.000 f
  U437/Y (AND2X1)                      2034896.000
                                                  109516752.000 f
  U438/Y (INVX1)                       -1161432.000
                                                  108355320.000 r
  U1311/Y (NAND2X1)                    1051216.000
                                                  109406536.000 f
  U1312/Y (NAND2X1)                    1747880.000
                                                  111154416.000 r
  U1313/Y (INVX1)                      1116112.000
                                                  112270528.000 f
  U1322/Y (NAND2X1)                    1290192.000
                                                  113560720.000 r
  U564/Y (AND2X1)                      1818656.000
                                                  115379376.000 r
  U565/Y (INVX1)                       715904.000 116095280.000 f
  U1329/Y (NAND2X1)                    924528.000 117019808.000 r
  U141/Y (AND2X1)                      1798448.000
                                                  118818256.000 r
  U142/Y (INVX1)                       718384.000 119536640.000 f
  U1339/Y (NAND2X1)                    918832.000 120455472.000 r
  U1340/Y (NAND2X1)                    1127448.000
                                                  121582920.000 f
  U115/Y (AND2X1)                      2439536.000
                                                  124022456.000 f
  U116/Y (INVX1)                       -1294568.000
                                                  122727888.000 r
  U462/Y (AND2X1)                      1881408.000
                                                  124609296.000 r
  U463/Y (INVX1)                       707704.000 125317000.000 f
  U1341/Y (NAND2X1)                    1297400.000
                                                  126614400.000 r
  U317/Y (AND2X1)                      1817944.000
                                                  128432344.000 r
  U318/Y (INVX1)                       707864.000 129140208.000 f
  U1342/Y (NAND2X1)                    918832.000 130059040.000 r
  U623/Y (OR2X1)                       1566560.000
                                                  131625600.000 r
  U219/Y (AND2X1)                      2180928.000
                                                  133806528.000 r
  U220/Y (INVX1)                       713504.000 134520032.000 f
  U1462/Y (NAND2X1)                    924384.000 135444416.000 r
  U588/Y (XNOR2X1)                     5493440.000
                                                  140937856.000 r
  U589/Y (INVX1)                       957296.000 141895152.000 f
  U1463/Y (NAND2X1)                    1284784.000
                                                  143179936.000 r
  U1464/Y (NAND2X1)                    1126208.000
                                                  144306144.000 f
  U137/Y (AND2X1)                      2439536.000
                                                  146745680.000 f
  U138/Y (INVX1)                       -1307120.000
                                                  145438560.000 r
  U1476/Y (NAND2X1)                    800464.000 146239024.000 f
  U1479/Y (NAND2X1)                    886064.000 147125088.000 r
  U480/Y (AND2X1)                      1798544.000
                                                  148923632.000 r
  U481/Y (INVX1)                       715520.000 149639152.000 f
  U1488/Y (NAND2X1)                    1746816.000
                                                  151385968.000 r
  U1489/Y (INVX1)                      1212624.000
                                                  152598592.000 f
  out[0] (out)                            0.000   152598592.000 f
  data arrival time                               152598592.000

  clock clk (rise edge)                200000000.000
                                                  200000000.000
  clock network delay (ideal)             0.000   200000000.000
  clock reconvergence pessimism           0.000   200000000.000
  output external delay                   0.000   200000000.000
  data required time                              200000000.000
  ---------------------------------------------------------------
  data required time                              200000000.000
  data arrival time                               -152598592.000
  ---------------------------------------------------------------
  slack (MET)                                     47401408.000


1
