****************************************
Report : timing
	-path_type full
	-delay_type max
	-max_paths 1
	-sort_by slack
Design : top
Version: S-2021.06-SP1
Date   : Sun Dec  4 15:43:37 2022
****************************************


  Startpoint: inp[5] (input port clocked by clk)
  Endpoint: out[0] (output port clocked by clk)
  Path Group: clk
  Path Type: max

  Point                                    Incr       Path
  ---------------------------------------------------------------
  clock clk (rise edge)                   0.000      0.000
  clock network delay (ideal)             0.000      0.000
  input external delay                    0.000      0.000 r
  inp[5] (in)                             0.000      0.000 r
  U93/Y (AND2X1)                       2207108.000
                                                  2207108.000 r
  U94/Y (INVX1)                        705440.000 2912548.000 f
  U246/Y (NAND2X1)                     918764.000 3831312.000 r
  U166/Y (AND2X1)                      2174720.000
                                                  6006032.000 r
  U167/Y (INVX1)                       715952.000 6721984.000 f
  U206/Y (XNOR2X1)                     4359236.000
                                                  11081220.000 r
  U154/Y (AND2X1)                      2177032.000
                                                  13258252.000 r
  U155/Y (INVX1)                       714982.000 13973234.000 f
  U247/Y (NAND2X1)                     1291570.000
                                                  15264804.000 r
  U81/Y (XNOR2X1)                      6321480.000
                                                  21586284.000 r
  U82/Y (INVX1)                        775254.000 22361538.000 f
  U248/Y (NAND2X1)                     918880.000 23280418.000 r
  U124/Y (AND2X1)                      1818754.000
                                                  25099172.000 r
  U125/Y (INVX1)                       715516.000 25814688.000 f
  U190/Y (AND2X1)                      2034872.000
                                                  27849560.000 f
  U191/Y (INVX1)                       -1327740.000
                                                  26521820.000 r
  U259/Y (NOR2X1)                      549728.000 27071548.000 f
  U262/Y (NOR2X1)                      1185394.000
                                                  28256942.000 r
  U118/Y (AND2X1)                      2182110.000
                                                  30439052.000 r
  U119/Y (INVX1)                       713108.000 31152160.000 f
  U156/Y (AND2X1)                      2460928.000
                                                  33613088.000 f
  U157/Y (INVX1)                       -1189008.000
                                                  32424080.000 r
  U87/Y (AND2X1)                       2199076.000
                                                  34623156.000 r
  U88/Y (INVX1)                        707804.000 35330960.000 f
  U267/Y (NAND2X1)                     924340.000 36255300.000 r
  U78/Y (XOR2X1)                       4757956.000
                                                  41013256.000 f
  U268/Y (NOR2X1)                      1239472.000
                                                  42252728.000 r
  U114/Y (AND2X1)                      2179192.000
                                                  44431920.000 r
  U115/Y (INVX1)                       714056.000 45145976.000 f
  U274/Y (NAND2X1)                     918864.000 46064840.000 r
  U275/Y (NAND2X1)                     847240.000 46912080.000 f
  out[0] (out)                            0.000   46912080.000 f
  data arrival time                               46912080.000

  clock clk (rise edge)                200000000.000
                                                  200000000.000
  clock network delay (ideal)             0.000   200000000.000
  clock reconvergence pessimism           0.000   200000000.000
  output external delay                   0.000   200000000.000
  data required time                              200000000.000
  ---------------------------------------------------------------
  data required time                              200000000.000
  data arrival time                               -46912080.000
  ---------------------------------------------------------------
  slack (MET)                                     153087920.000


1
