 
****************************************
Report : timing
        -path full
        -delay max
        -max_paths 1
Design : top
Version: S-2021.06-SP2
Date   : Sat Dec  3 11:50:52 2022
****************************************

Operating Conditions: TT   Library: PPDK_Standard_Library_0.6V_25C_TYP_X1
Wire Load Model Mode: top

  Startpoint: inp[11] (input port clocked by clk)
  Endpoint: out[0] (output port clocked by clk)
  Path Group: clk
  Path Type: max

  Point                                    Incr       Path
  -----------------------------------------------------------
  clock clk (rise edge)                   0.000      0.000
  clock network delay (ideal)             0.000      0.000
  input external delay                    0.000      0.000 r
  inp[11] (in)                            0.000      0.000 r
  U215/Y (XNOR2X1)                     8167973.500
                                                  8167973.500 r
  U216/Y (INVX1)                       1437972.500
                                                  9605946.000 f
  U1140/Y (NAND2X1)                    1081826.000
                                                  10687772.000 r
  U1141/Y (INVX1)                      1361220.000
                                                  12048992.000 f
  U1142/Y (OR2X1)                      3181414.000
                                                  15230406.000 f
  U523/Y (XNOR2X1)                     8914080.000
                                                  24144486.000 f
  U524/Y (INVX1)                       -662156.000
                                                  23482330.000 r
  U547/Y (XNOR2X1)                     8144142.000
                                                  31626472.000 r
  U548/Y (INVX1)                       1443336.000
                                                  33069808.000 f
  U563/Y (XNOR2X1)                     8734488.000
                                                  41804296.000 f
  U564/Y (INVX1)                       -662168.000
                                                  41142128.000 r
  U451/Y (XNOR2X1)                     8160040.000
                                                  49302168.000 r
  U452/Y (INVX1)                       1458040.000
                                                  50760208.000 f
  U199/Y (OR2X1)                       3178244.000
                                                  53938452.000 f
  U1173/Y (NAND2X1)                    1260652.000
                                                  55199104.000 r
  U1174/Y (INVX1)                      1475088.000
                                                  56674192.000 f
  U1175/Y (NOR2X1)                     1425540.000
                                                  58099732.000 r
  U1267/Y (INVX1)                      1213836.000
                                                  59313568.000 f
  U1268/Y (NAND2X1)                    674252.000 59987820.000 r
  U1269/Y (NAND2X1)                    2596928.000
                                                  62584748.000 f
  U1277/Y (NAND2X1)                    597580.000 63182328.000 r
  U1278/Y (NAND2X1)                    2658856.000
                                                  65841184.000 f
  U1279/Y (XNOR2X1)                    8184480.000
                                                  74025664.000 f
  U1280/Y (NOR2X1)                     1391832.000
                                                  75417496.000 r
  U1281/Y (INVX1)                      1214704.000
                                                  76632200.000 f
  U1282/Y (NAND2X1)                    1355200.000
                                                  77987400.000 r
  U153/Y (INVX1)                       1435528.000
                                                  79422928.000 f
  U154/Y (INVX1)                       438408.000 79861336.000 r
  U1297/Y (NAND2X1)                    2564824.000
                                                  82426160.000 f
  U191/Y (INVX1)                       -99088.000 82327072.000 r
  U192/Y (INVX1)                       924344.000 83251416.000 f
  U628/Y (XNOR2X1)                     5442048.000
                                                  88693464.000 r
  U627/Y (INVX1)                       1472880.000
                                                  90166344.000 f
  U384/Y (XNOR2X1)                     8734664.000
                                                  98901008.000 f
  U385/Y (INVX1)                       -669400.000
                                                  98231608.000 r
  U314/Y (XNOR2X1)                     7903000.000
                                                  106134608.000 r
  U1346/Y (OR2X1)                      6273312.000
                                                  112407920.000 r
  U1347/Y (NAND2X1)                    2157440.000
                                                  114565360.000 f
  U1349/Y (AND2X1)                     2806880.000
                                                  117372240.000 f
  U1350/Y (INVX1)                      -549792.000
                                                  116822448.000 r
  U1351/Y (OR2X1)                      2762336.000
                                                  119584784.000 r
  U1352/Y (NAND2X1)                    2157440.000
                                                  121742224.000 f
  U1354/Y (AND2X1)                     2806880.000
                                                  124549104.000 f
  U1355/Y (INVX1)                      -549792.000
                                                  123999312.000 r
  U1356/Y (OR2X1)                      2762336.000
                                                  126761648.000 r
  U1357/Y (NAND2X1)                    2157440.000
                                                  128919088.000 f
  U1359/Y (AND2X1)                     2806880.000
                                                  131725968.000 f
  U1360/Y (INVX1)                      -549792.000
                                                  131176176.000 r
  U1365/Y (OR2X1)                      2762336.000
                                                  133938512.000 r
  U1366/Y (NAND2X1)                    2157456.000
                                                  136095968.000 f
  U1368/Y (NAND2X1)                    627984.000 136723952.000 r
  U431/Y (XNOR2X1)                     8158576.000
                                                  144882528.000 r
  U432/Y (INVX1)                       1512560.000
                                                  146395088.000 f
  U1375/Y (NAND2X1)                    673744.000 147068832.000 r
  U1378/Y (NAND2X1)                    1484016.000
                                                  148552848.000 f
  U1416/Y (NAND2X1)                    628816.000 149181664.000 r
  U1419/Y (NAND2X1)                    1955888.000
                                                  151137552.000 f
  U279/Y (INVX1)                       -673104.000
                                                  150464448.000 r
  U1478/Y (NAND2X1)                    2298544.000
                                                  152762992.000 f
  U1479/Y (NAND2X1)                    857280.000 153620272.000 r
  U707/Y (OR2X1)                       7049584.000
                                                  160669856.000 r
  U1484/Y (NAND2X1)                    1534064.000
                                                  162203920.000 f
  U1486/Y (NAND2X1)                    630512.000 162834432.000 r
  U701/Y (OR2X1)                       7071088.000
                                                  169905520.000 r
  U1493/Y (NAND2X1)                    1535232.000
                                                  171440752.000 f
  U1495/Y (NAND2X1)                    624032.000 172064784.000 r
  U1500/Y (NAND2X1)                    2776592.000
                                                  174841376.000 f
  U1502/Y (NAND2X1)                    630496.000 175471872.000 r
  U342/Y (NOR2X1)                      1555840.000
                                                  177027712.000 f
  U343/Y (INVX1)                       -65632.000 176962080.000 r
  U1503/Y (NAND2X1)                    2277264.000
                                                  179239344.000 f
  U1505/Y (NAND2X1)                    619328.000 179858672.000 r
  U1510/Y (NAND2X1)                    1469296.000
                                                  181327968.000 f
  U1512/Y (NAND2X1)                    622224.000 181950192.000 r
  U700/Y (NOR2X1)                      1303904.000
                                                  183254096.000 f
  U1513/Y (OR2X1)                      3301856.000
                                                  186555952.000 f
  U1515/Y (NAND2X1)                    609936.000 187165888.000 r
  U1531/Y (NAND2X1)                    1471728.000
                                                  188637616.000 f
  U1533/Y (NAND2X1)                    622208.000 189259824.000 r
  U1545/Y (NAND2X1)                    1469152.000
                                                  190728976.000 f
  U1557/Y (NAND2X1)                    618976.000 191347952.000 r
  U696/Y (OR2X1)                       5886704.000
                                                  197234656.000 r
  U1559/Y (NAND2X1)                    1901888.000
                                                  199136544.000 f
  U1560/Y (INVX1)                      -620544.000
                                                  198516000.000 r
  U1561/Y (NOR2X1)                     1345072.000
                                                  199861072.000 f
  out[0] (out)                            0.000   199861072.000 f
  data arrival time                               199861072.000

  clock clk (rise edge)                200000000.000
                                                  200000000.000
  clock network delay (ideal)             0.000   200000000.000
  output external delay                   0.000   200000000.000
  data required time                              200000000.000
  -----------------------------------------------------------
  data required time                              200000000.000
  data arrival time                               -199861072.000
  -----------------------------------------------------------
  slack (MET)                                     138928.000


1
