****************************************
Report : timing
	-path_type full
	-delay_type max
	-max_paths 1
	-sort_by slack
Design : top
Version: S-2021.06-SP1
Date   : Tue Nov 29 15:32:25 2022
****************************************


  Startpoint: inp[20] (input port clocked by clk)
  Endpoint: out[0] (output port clocked by clk)
  Path Group: clk
  Path Type: max

  Point                                    Incr       Path
  ---------------------------------------------------------------
  clock clk (rise edge)                   0.000      0.000
  clock network delay (ideal)             0.000      0.000
  input external delay                    0.000      0.000 r
  inp[20] (in)                            0.000      0.000 r
  U420/Y (AND2X1)                      2207104.000
                                                  2207104.000 r
  U421/Y (INVX1)                       722688.000 2929792.000 f
  U1886/Y (NAND2X1)                    1355216.000
                                                  4285008.000 r
  U463/Y (INVX1)                       1123216.000
                                                  5408224.000 f
  U464/Y (INVX1)                       470928.000 5879152.000 r
  U2943/Y (NAND2X1)                    1058368.000
                                                  6937520.000 f
  U2945/Y (NAND2X1)                    885776.000 7823296.000 r
  U2946/Y (NAND2X1)                    1230400.000
                                                  9053696.000 f
  U2947/Y (NAND2X1)                    1399520.000
                                                  10453216.000 r
  U2948/Y (NAND2X1)                    1156768.000
                                                  11609984.000 f
  U2955/Y (XOR2X1)                     5311408.000
                                                  16921392.000 r
  U741/Y (AND2X1)                      2174512.000
                                                  19095904.000 r
  U742/Y (INVX1)                       715584.000 19811488.000 f
  U2956/Y (NAND2X1)                    930064.000 20741552.000 r
  U2958/Y (XOR2X1)                     4758384.000
                                                  25499936.000 f
  U2966/Y (NAND2X1)                    836960.000 26336896.000 r
  U2967/Y (NAND2X1)                    1156592.000
                                                  27493488.000 f
  U2969/Y (XOR2X1)                     5350672.000
                                                  32844160.000 r
  U3024/Y (XOR2X1)                     4744848.000
                                                  37589008.000 f
  U3026/Y (XOR2X1)                     5742416.000
                                                  43331424.000 r
  U877/Y (AND2X1)                      1821456.000
                                                  45152880.000 r
  U878/Y (INVX1)                       715904.000 45868784.000 f
  U3029/Y (NAND2X1)                    1297408.000
                                                  47166192.000 r
  U3031/Y (OR2X1)                      2344576.000
                                                  49510768.000 r
  U3032/Y (NAND2X1)                    1052928.000
                                                  50563696.000 f
  U3034/Y (XOR2X1)                     5391216.000
                                                  55954912.000 r
  U3068/Y (NAND2X1)                    848368.000 56803280.000 f
  U3069/Y (NAND2X1)                    1389568.000
                                                  58192848.000 r
  U3071/Y (XOR2X1)                     4278976.000
                                                  62471824.000 f
  U659/Y (AND2X1)                      2058288.000
                                                  64530112.000 f
  U660/Y (INVX1)                       -1448080.000
                                                  63082032.000 r
  U3099/Y (NAND2X1)                    1051984.000
                                                  64134016.000 f
  U3103/Y (NOR2X1)                     1639264.000
                                                  65773280.000 r
  U3107/Y (INVX1)                      1008432.000
                                                  66781712.000 f
  U3110/Y (NAND2X1)                    919216.000 67700928.000 r
  U3111/Y (NAND2X1)                    1156192.000
                                                  68857120.000 f
  U3112/Y (NAND2X1)                    1748096.000
                                                  70605216.000 r
  U472/Y (INVX1)                       1103872.000
                                                  71709088.000 f
  U473/Y (INVX1)                       464288.000 72173376.000 r
  U3169/Y (NAND2X1)                    1053552.000
                                                  73226928.000 f
  U3170/Y (OR2X1)                      2092304.000
                                                  75319232.000 f
  U509/Y (NAND2X1)                     1798336.000
                                                  77117568.000 r
  U496/Y (INVX1)                       1090144.000
                                                  78207712.000 f
  U497/Y (INVX1)                       983264.000 79190976.000 r
  U1106/Y (INVX1)                      655824.000 79846800.000 f
  U386/Y (AND2X1)                      2457920.000
                                                  82304720.000 f
  U387/Y (INVX1)                       -218352.000
                                                  82086368.000 r
  U3875/Y (INVX1)                      656816.000 82743184.000 f
  U3876/Y (NAND2X1)                    935632.000 83678816.000 r
  U3879/Y (XOR2X1)                     4836016.000
                                                  88514832.000 f
  U3881/Y (XOR2X1)                     5748528.000
                                                  94263360.000 r
  U3910/Y (XOR2X1)                     4343696.000
                                                  98607056.000 f
  U3912/Y (XOR2X1)                     5094352.000
                                                  103701408.000 r
  U3917/Y (XOR2X1)                     4765576.000
                                                  108466984.000 f
  U3923/Y (XOR2X1)                     5748616.000
                                                  114215600.000 r
  U3935/Y (NAND2X1)                    846240.000 115061840.000 f
  U3936/Y (AND2X1)                     2246344.000
                                                  117308184.000 f
  U3937/Y (NAND2X1)                    1449312.000
                                                  118757496.000 r
  U3938/Y (NAND2X1)                    1170608.000
                                                  119928104.000 f
  U3939/Y (NAND2X1)                    1402560.000
                                                  121330664.000 r
  U3940/Y (NAND2X1)                    1158736.000
                                                  122489400.000 f
  U3947/Y (XOR2X1)                     5342176.000
                                                  127831576.000 r
  U331/Y (AND2X1)                      1818712.000
                                                  129650288.000 r
  U332/Y (INVX1)                       715160.000 130365448.000 f
  U3978/Y (NAND2X1)                    1285608.000
                                                  131651056.000 r
  U3980/Y (NAND2X1)                    849352.000 132500408.000 f
  U3986/Y (NAND2X1)                    886208.000 133386616.000 r
  U3987/Y (NAND2X1)                    1151048.000
                                                  134537664.000 f
  U3988/Y (NAND2X1)                    1399360.000
                                                  135937024.000 r
  U1088/Y (AND2X1)                     2165088.000
                                                  138102112.000 r
  U449/Y (INVX1)                       735584.000 138837696.000 f
  U3989/Y (INVX1)                      1027568.000
                                                  139865264.000 r
  U4180/Y (NAND2X1)                    833856.000 140699120.000 f
  U4181/Y (XOR2X1)                     5248176.000
                                                  145947296.000 r
  U4183/Y (NAND2X1)                    849392.000 146796688.000 f
  U4188/Y (OR2X1)                      2087248.000
                                                  148883936.000 f
  U4189/Y (NAND2X1)                    1420992.000
                                                  150304928.000 r
  U4190/Y (NAND2X1)                    1161520.000
                                                  151466448.000 f
  U4193/Y (NAND2X1)                    1341552.000
                                                  152808000.000 r
  U4194/Y (INVX1)                      1116480.000
                                                  153924480.000 f
  U4199/Y (NAND2X1)                    919344.000 154843824.000 r
  U4203/Y (NAND2X1)                    848112.000 155691936.000 f
  U4205/Y (NAND2X1)                    879584.000 156571520.000 r
  U4206/Y (NAND2X1)                    1156016.000
                                                  157727536.000 f
  U4208/Y (NAND2X1)                    885184.000 158612720.000 r
  U4212/Y (OR2X1)                      2606832.000
                                                  161219552.000 r
  U4217/Y (NAND2X1)                    797424.000 162016976.000 f
  U4219/Y (NAND2X1)                    1341808.000
                                                  163358784.000 r
  U4220/Y (INVX1)                      1096576.000
                                                  164455360.000 f
  U4226/Y (NAND2X1)                    919328.000 165374688.000 r
  U4230/Y (NAND2X1)                    848096.000 166222784.000 f
  U4232/Y (NAND2X1)                    1341920.000
                                                  167564704.000 r
  U4238/Y (INVX1)                      1095936.000
                                                  168660640.000 f
  U4239/Y (NAND2X1)                    1284288.000
                                                  169944928.000 r
  U587/Y (AND2X1)                      2174688.000
                                                  172119616.000 r
  U479/Y (INVX1)                       732512.000 172852128.000 f
  U1107/Y (INVX1)                      1027584.000
                                                  173879712.000 r
  U4249/Y (NAND2X1)                    832624.000 174712336.000 f
  U4250/Y (NAND2X1)                    1757088.000
                                                  176469424.000 r
  U4251/Y (NOR2X1)                     -297024.000
                                                  176172400.000 f
  U4257/Y (NOR2X1)                     1196048.000
                                                  177368448.000 r
  U4261/Y (NAND2X1)                    834464.000 178202912.000 f
  U4263/Y (NAND2X1)                    1341840.000
                                                  179544752.000 r
  U4264/Y (INVX1)                      1096432.000
                                                  180641184.000 f
  U4265/Y (NAND2X1)                    1284304.000
                                                  181925488.000 r
  U4270/Y (NAND2X1)                    848080.000 182773568.000 f
  U4272/Y (NAND2X1)                    885504.000 183659072.000 r
  U4277/Y (OR2X1)                      2605760.000
                                                  186264832.000 r
  U4281/Y (NAND2X1)                    797440.000 187062272.000 f
  U4283/Y (NAND2X1)                    885440.000 187947712.000 r
  U4284/Y (OR2X1)                      2605424.000
                                                  190553136.000 r
  U4288/Y (NAND2X1)                    797168.000 191350304.000 f
  U4290/Y (NAND2X1)                    885280.000 192235584.000 r
  U4291/Y (OR2X1)                      2607520.000
                                                  194843104.000 r
  U4296/Y (NAND2X1)                    797424.000 195640528.000 f
  U4298/Y (NAND2X1)                    1341904.000
                                                  196982432.000 r
  U4299/Y (INVX1)                      1096576.000
                                                  198079008.000 f
  U4300/Y (NAND2X1)                    1284288.000
                                                  199363296.000 r
  U4304/Y (NAND2X1)                    848096.000 200211392.000 f
  U4307/Y (NAND2X1)                    885296.000 201096688.000 r
  U4312/Y (OR2X1)                      2605776.000
                                                  203702464.000 r
  U4313/Y (NAND2X1)                    1218016.000
                                                  204920480.000 f
  U502/Y (INVX1)                       234160.000 205154640.000 r
  U503/Y (INVX1)                       667072.000 205821712.000 f
  U4314/Y (INVX1)                      487424.000 206309136.000 r
  U4333/Y (NAND2X1)                    804208.000 207113344.000 f
  U4334/Y (NAND2X1)                    1385232.000
                                                  208498576.000 r
  U4339/Y (OR2X1)                      2561248.000
                                                  211059824.000 r
  U4342/Y (NAND2X1)                    797440.000 211857264.000 f
  U4344/Y (NAND2X1)                    885488.000 212742752.000 r
  U4348/Y (OR2X1)                      2605392.000
                                                  215348144.000 r
  U4353/Y (NAND2X1)                    797424.000 216145568.000 f
  U4355/Y (NAND2X1)                    885520.000 217031088.000 r
  U4360/Y (OR2X1)                      2605408.000
                                                  219636496.000 r
  U4364/Y (NAND2X1)                    797424.000 220433920.000 f
  U4366/Y (NAND2X1)                    879616.000 221313536.000 r
  U4367/Y (NAND2X1)                    1155904.000
                                                  222469440.000 f
  U4369/Y (NAND2X1)                    879296.000 223348736.000 r
  U4370/Y (NAND2X1)                    1155920.000
                                                  224504656.000 f
  U4372/Y (NAND2X1)                    885200.000 225389856.000 r
  U4377/Y (OR2X1)                      2605392.000
                                                  227995248.000 r
  U4381/Y (NAND2X1)                    797424.000 228792672.000 f
  U4383/Y (NAND2X1)                    881200.000 229673872.000 r
  U4384/Y (NAND2X1)                    867600.000 230541472.000 f
  U4387/Y (OR2X1)                      2092416.000
                                                  232633888.000 f
  U4389/Y (NAND2X1)                    871936.000 233505824.000 r
  U1079/Y (AND2X1)                     1808576.000
                                                  235314400.000 r
  U277/Y (AND2X1)                      2180976.000
                                                  237495376.000 r
  U278/Y (INVX1)                       713488.000 238208864.000 f
  U4397/Y (NAND2X1)                    918864.000 239127728.000 r
  U4402/Y (NAND2X1)                    862976.000 239990704.000 f
  out[0] (out)                            0.000   239990704.000 f
  data arrival time                               239990704.000

  clock clk (rise edge)                250000000.000
                                                  250000000.000
  clock network delay (ideal)             0.000   250000000.000
  clock reconvergence pessimism           0.000   250000000.000
  output external delay                   0.000   250000000.000
  data required time                              250000000.000
  ---------------------------------------------------------------
  data required time                              250000000.000
  data arrival time                               -239990704.000
  ---------------------------------------------------------------
  slack (MET)                                     10009296.000


1
