****************************************
Report : timing
	-path_type full
	-delay_type max
	-max_paths 1
	-sort_by slack
Design : top
Version: S-2021.06-SP1
Date   : Wed Sep 14 11:03:32 2022
****************************************


  Startpoint: inp[8] (input port clocked by clk)
  Endpoint: out[0] (output port clocked by clk)
  Path Group: clk
  Path Type: max

  Point                                    Incr       Path
  ---------------------------------------------------------------
  clock clk (rise edge)                   0.000      0.000
  clock network delay (ideal)             0.000      0.000
  input external delay                    0.000      0.000 f
  inp[8] (in)                             0.000      0.000 f
  U928/Y (INVX1)                       607888.000 607888.000 r
  U433/Y (XNOR2X1)                     5957760.000
                                                  6565648.000 r
  U434/Y (INVX1)                       830000.000 7395648.000 f
  U929/Y (AND2X1)                      1864736.000
                                                  9260384.000 f
  U930/Y (OR2X1)                       2083824.000
                                                  11344208.000 f
  U934/Y (XOR2X1)                      5303216.000
                                                  16647424.000 r
  U1011/Y (XOR2X1)                     4751664.000
                                                  21399088.000 f
  U1012/Y (XOR2X1)                     5090408.000
                                                  26489496.000 r
  U1013/Y (AND2X1)                     2568776.000
                                                  29058272.000 r
  U1016/Y (OR2X1)                      1897728.000
                                                  30956000.000 r
  U1019/Y (XOR2X1)                     4494248.000
                                                  35450248.000 f
  U1021/Y (NAND2X1)                    1312560.000
                                                  36762808.000 r
  U1022/Y (INVX1)                      969504.000 37732312.000 f
  U1023/Y (OR2X1)                      2118152.000
                                                  39850464.000 f
  U1026/Y (NOR2X1)                     1636496.000
                                                  41486960.000 r
  U1050/Y (INVX1)                      1003528.000
                                                  42490488.000 f
  U284/Y (AND2X1)                      2458224.000
                                                  44948712.000 f
  U285/Y (INVX1)                       -229104.000
                                                  44719608.000 r
  U1167/Y (INVX1)                      651896.000 45371504.000 f
  U1168/Y (NAND2X1)                    1285840.000
                                                  46657344.000 r
  U165/Y (AND2X1)                      2174544.000
                                                  48831888.000 r
  U166/Y (INVX1)                       716008.000 49547896.000 f
  U1169/Y (NAND2X1)                    1357240.000
                                                  50905136.000 r
  U1170/Y (INVX1)                      1075528.000
                                                  51980664.000 f
  U1171/Y (NOR2X1)                     1168944.000
                                                  53149608.000 r
  U1172/Y (OR2X1)                      2079872.000
                                                  55229480.000 r
  U577/Y (AND2X1)                      2201160.000
                                                  57430640.000 r
  U578/Y (INVX1)                       717960.000 58148600.000 f
  U1174/Y (AND2X1)                     2238248.000
                                                  60386848.000 f
  U1175/Y (NOR2X1)                     1217008.000
                                                  61603856.000 r
  U1176/Y (XOR2X1)                     2149184.000
                                                  63753040.000 r
  U422/Y (OR2X1)                       2330840.000
                                                  66083880.000 r
  U441/Y (AND2X1)                      2199600.000
                                                  68283480.000 r
  U442/Y (INVX1)                       709192.000 68992672.000 f
  U415/Y (NAND2X1)                     1407856.000
                                                  70400528.000 r
  U408/Y (INVX1)                       1135208.000
                                                  71535736.000 f
  U409/Y (INVX1)                       969064.000 72504800.000 r
  U644/Y (INVX1)                       646272.000 73151072.000 f
  U1196/Y (NAND2X1)                    1368304.000
                                                  74519376.000 r
  U647/Y (XNOR2X1)                     6437944.000
                                                  80957320.000 r
  U1676/Y (INVX1)                      911344.000 81868664.000 f
  U1677/Y (NAND2X1)                    1285248.000
                                                  83153912.000 r
  U171/Y (AND2X1)                      2174592.000
                                                  85328504.000 r
  U172/Y (INVX1)                       715992.000 86044496.000 f
  U181/Y (AND2X1)                      2034904.000
                                                  88079400.000 f
  U182/Y (INVX1)                       -1311696.000
                                                  86767704.000 r
  U596/Y (AND2X1)                      1889080.000
                                                  88656784.000 r
  U241/Y (AND2X1)                      2181112.000
                                                  90837896.000 r
  U242/Y (INVX1)                       713432.000 91551328.000 f
  U530/Y (AND2X1)                      2034872.000
                                                  93586200.000 f
  U531/Y (INVX1)                       -1452752.000
                                                  92133448.000 r
  U338/Y (AND2X1)                      2199144.000
                                                  94332592.000 r
  U339/Y (INVX1)                       708224.000 95040816.000 f
  U1684/Y (NAND2X1)                    1286048.000
                                                  96326864.000 r
  U484/Y (AND2X1)                      1818704.000
                                                  98145568.000 r
  U485/Y (INVX1)                       710360.000 98855928.000 f
  U1687/Y (NAND2X1)                    1297384.000
                                                  100153312.000 r
  U143/Y (AND2X1)                      1817952.000
                                                  101971264.000 r
  U144/Y (INVX1)                       715568.000 102686832.000 f
  U169/Y (AND2X1)                      2034872.000
                                                  104721704.000 f
  U170/Y (INVX1)                       -1266856.000
                                                  103454848.000 r
  U464/Y (AND2X1)                      1880912.000
                                                  105335760.000 r
  U465/Y (INVX1)                       707568.000 106043328.000 f
  U163/Y (AND2X1)                      2034880.000
                                                  108078208.000 f
  U164/Y (INVX1)                       -1267096.000
                                                  106811112.000 r
  U538/Y (AND2X1)                      1880912.000
                                                  108692024.000 r
  U539/Y (INVX1)                       715224.000 109407248.000 f
  U340/Y (AND2X1)                      2034872.000
                                                  111442120.000 f
  U341/Y (INVX1)                       -1150904.000
                                                  110291216.000 r
  U1711/Y (OR2X1)                      1651512.000
                                                  111942728.000 r
  U542/Y (AND2X1)                      1876168.000
                                                  113818896.000 r
  U543/Y (INVX1)                       715904.000 114534800.000 f
  U600/Y (AND2X1)                      2034872.000
                                                  116569672.000 f
  U601/Y (INVX1)                       -1254376.000
                                                  115315296.000 r
  U1717/Y (OR2X1)                      1650840.000
                                                  116966136.000 r
  U512/Y (AND2X1)                      1876168.000
                                                  118842304.000 r
  U513/Y (INVX1)                       715600.000 119557904.000 f
  U585/Y (AND2X1)                      2034880.000
                                                  121592784.000 f
  U586/Y (INVX1)                       -1254368.000
                                                  120338416.000 r
  U1723/Y (OR2X1)                      1650832.000
                                                  121989248.000 r
  U528/Y (AND2X1)                      1876160.000
                                                  123865408.000 r
  U529/Y (INVX1)                       715616.000 124581024.000 f
  U590/Y (AND2X1)                      2037072.000
                                                  126618096.000 f
  U249/Y (AND2X1)                      2052616.000
                                                  128670712.000 f
  U250/Y (INVX1)                       -1394480.000
                                                  127276232.000 r
  U522/Y (AND2X1)                      1881968.000
                                                  129158200.000 r
  U523/Y (INVX1)                       715384.000 129873584.000 f
  U286/Y (AND2X1)                      2458080.000
                                                  132331664.000 f
  U287/Y (INVX1)                       -229808.000
                                                  132101856.000 r
  U1732/Y (INVX1)                      652344.000 132754200.000 f
  U1733/Y (NAND2X1)                    1286104.000
                                                  134040304.000 r
  U161/Y (AND2X1)                      2174528.000
                                                  136214832.000 r
  U162/Y (INVX1)                       716016.000 136930848.000 f
  U110/Y (AND2X1)                      2243904.000
                                                  139174752.000 f
  U280/Y (XNOR2X1)                     4365008.000
                                                  143539760.000 r
  U281/Y (INVX1)                       875920.000 144415680.000 f
  U1812/Y (INVX1)                      438352.000 144854032.000 r
  U1813/Y (NAND2X1)                    927168.000 145781200.000 f
  U330/Y (INVX1)                       221616.000 146002816.000 r
  U331/Y (INVX1)                       646688.000 146649504.000 f
  U1820/Y (AND2X1)                     1864720.000
                                                  148514224.000 f
  U125/Y (AND2X1)                      2050720.000
                                                  150564944.000 f
  U126/Y (INVX1)                       -1291408.000
                                                  149273536.000 r
  U135/Y (AND2X1)                      1881904.000
                                                  151155440.000 r
  U136/Y (INVX1)                       715520.000 151870960.000 f
  U1832/Y (NOR2X1)                     1157488.000
                                                  153028448.000 r
  U137/Y (AND2X1)                      1837456.000
                                                  154865904.000 r
  U138/Y (INVX1)                       715760.000 155581664.000 f
  U1918/Y (OR2X1)                      2115280.000
                                                  157696944.000 f
  U1920/Y (NAND2X1)                    1748384.000
                                                  159445328.000 r
  U1921/Y (INVX1)                      1070816.000
                                                  160516144.000 f
  out[0] (out)                            0.000   160516144.000 f
  data arrival time                               160516144.000

  clock clk (rise edge)                200000000.000
                                                  200000000.000
  clock network delay (ideal)             0.000   200000000.000
  clock reconvergence pessimism           0.000   200000000.000
  output external delay                   0.000   200000000.000
  data required time                              200000000.000
  ---------------------------------------------------------------
  data required time                              200000000.000
  data arrival time                               -160516144.000
  ---------------------------------------------------------------
  slack (MET)                                     39483856.000


1
