Information: Updating design information... (UID-85)
 
****************************************
Report : qor
Design : top
Version: S-2021.06-SP2
Date   : Tue Nov 29 17:25:50 2022
****************************************


  Timing Path Group 'clk'
  -----------------------------------
  Levels of Logic:             141.00
  Critical Path Length:  194468112.00
  Critical Path Slack:    55531888.00
  Critical Path Clk Period:
                         250000000.00
  Total Negative Slack:          0.00
  No. of Violating Paths:        0.00
  Worst Hold Violation:          0.00
  Total Hold Violation:          0.00
  No. of Hold Violations:        0.00
  -----------------------------------


  Cell Count
  -----------------------------------
  Hierarchical Cell Count:          0
  Hierarchical Port Count:          0
  Leaf Cell Count:               2445
  Buf/Inv Cell Count:             603
  Buf Cell Count:                   0
  Inv Cell Count:                 603
  CT Buf/Inv Cell Count:            0
  Combinational Cell Count:      2445
  Sequential Cell Count:            0
  Macro Count:                      0
  -----------------------------------


  Area
  -----------------------------------
  Combinational Area:
                     848286369.000000
  Noncombinational Area:     0.000000
  Buf/Inv Area:      137737260.000000
  Total Buffer Area:             0.00
  Total Inverter Area:   137737260.00
  Macro/Black Box Area:      0.000000
  Net Area:                  0.000000
  -----------------------------------
  Cell Area:         848286369.000000
  Design Area:       848286369.000000


  Design Rules
  -----------------------------------
  Total Number of Nets:          2477
  Nets With Violations:          2445
  Max Trans Violations:          2445
  Max Cap Violations:               0
  -----------------------------------


  Hostname: leoforos

  Compile CPU Statistics
  -----------------------------------------
  Resource Sharing:                    1.10
  Logic Optimization:                  0.13
  Mapping Optimization:                2.29
  -----------------------------------------
  Overall Compile Time:               17.15
  Overall Compile Wall Clock Time:    17.50

  --------------------------------------------------------------------

  Design  WNS: 0.00  TNS: 0.00  Number of Violating Paths: 0


  Design (Hold)  WNS: 0.00  TNS: 0.00  Number of Violating Paths: 0

  --------------------------------------------------------------------


1
