 
****************************************
Report : timing
        -path full
        -delay max
        -max_paths 1
Design : top
Version: S-2021.06-SP2
Date   : Tue Nov 29 17:25:50 2022
****************************************

Operating Conditions: TT   Library: PPDK_Standard_Library_1.0V_25C_TYP_X1
Wire Load Model Mode: top

  Startpoint: inp[6] (input port clocked by clk)
  Endpoint: out[0] (output port clocked by clk)
  Path Group: clk
  Path Type: max

  Point                                    Incr       Path
  -----------------------------------------------------------
  clock clk (rise edge)                   0.000      0.000
  clock network delay (ideal)             0.000      0.000
  input external delay                    0.000      0.000 r
  inp[6] (in)                             0.000      0.000 r
  U808/Y (NAND2X1)                     1032007.625
                                                  1032007.625 f
  U810/Y (NAND2X1)                     887861.125 1919868.750 r
  U811/Y (NAND2X1)                     1230390.250
                                                  3150259.000 f
  U812/Y (NAND2X1)                     1399519.000
                                                  4549778.000 r
  U813/Y (NAND2X1)                     1234826.500
                                                  5784604.500 f
  U823/Y (NAND2X1)                     1399886.000
                                                  7184490.500 r
  U824/Y (AND2X1)                      2796395.500
                                                  9980886.000 r
  U322/Y (AND2X1)                      1813951.000
                                                  11794837.000 r
  U323/Y (INVX1)                       716059.000 12510896.000 f
  U833/Y (NAND2X1)                     1362892.000
                                                  13873788.000 r
  U836/Y (INVX1)                       1072573.000
                                                  14946361.000 f
  U837/Y (NAND2X1)                     919299.000 15865660.000 r
  U653/Y (AND2X1)                      2164564.000
                                                  18030224.000 r
  U280/Y (AND2X1)                      2180916.000
                                                  20211140.000 r
  U281/Y (INVX1)                       713720.000 20924860.000 f
  U842/Y (NAND2X1)                     924348.000 21849208.000 r
  U870/Y (XOR2X1)                      4273008.000
                                                  26122216.000 f
  U523/Y (AND2X1)                      2417352.000
                                                  28539568.000 f
  U524/Y (INVX1)                       -1437420.000
                                                  27102148.000 r
  U294/Y (AND2X1)                      1881496.000
                                                  28983644.000 r
  U295/Y (INVX1)                       716982.000 29700626.000 f
  U915/Y (NAND2X1)                     1291576.000
                                                  30992202.000 r
  U929/Y (OR2X1)                       2330134.000
                                                  33322336.000 r
  U222/Y (AND2X1)                      2199508.000
                                                  35521844.000 r
  U223/Y (INVX1)                       707444.000 36229288.000 f
  U930/Y (NAND2X1)                     1291608.000
                                                  37520896.000 r
  U933/Y (OR2X1)                       2330208.000
                                                  39851104.000 r
  U937/Y (NAND2X1)                     1048664.000
                                                  40899768.000 f
  U938/Y (NAND2X1)                     892120.000 41791888.000 r
  U942/Y (OR2X1)                       2607456.000
                                                  44399344.000 r
  U729/Y (AND2X1)                      2201168.000
                                                  46600512.000 r
  U730/Y (INVX1)                       718292.000 47318804.000 f
  U943/Y (NOR2X1)                      1157580.000
                                                  48476384.000 r
  U649/Y (AND2X1)                      1857836.000
                                                  50334220.000 r
  U485/Y (NOR2X1)                      1021228.000
                                                  51355448.000 f
  U465/Y (INVX1)                       424872.000 51780320.000 r
  U466/Y (INVX1)                       668316.000 52448636.000 f
  U1444/Y (INVX1)                      505904.000 52954540.000 r
  U1622/Y (NAND2X1)                    1057628.000
                                                  54012168.000 f
  U1623/Y (NAND2X1)                    1381820.000
                                                  55393988.000 r
  U1624/Y (NAND2X1)                    1234304.000
                                                  56628292.000 f
  U1637/Y (INVX1)                      -522376.000
                                                  56105916.000 r
  U1874/Y (XOR2X1)                     4516280.000
                                                  60622196.000 f
  U1900/Y (XOR2X1)                     5963956.000
                                                  66586152.000 r
  U1902/Y (INVX1)                      1238840.000
                                                  67824992.000 f
  U1903/Y (NAND2X1)                    1289792.000
                                                  69114784.000 r
  U1904/Y (NAND2X1)                    1127768.000
                                                  70242552.000 f
  U1905/Y (XOR2X1)                     5292880.000
                                                  75535432.000 r
  U1908/Y (OR2X1)                      2322856.000
                                                  77858288.000 r
  U1960/Y (NAND2X1)                    801376.000 78659664.000 f
  U1961/Y (XOR2X1)                     5344920.000
                                                  84004584.000 r
  U645/Y (AND2X1)                      1782128.000
                                                  85786712.000 r
  U646/Y (INVX1)                       707368.000 86494080.000 f
  U254/Y (AND2X1)                      2034872.000
                                                  88528952.000 f
  U255/Y (INVX1)                       -229808.000
                                                  88299144.000 r
  U1967/Y (INVX1)                      651880.000 88951024.000 f
  U1968/Y (NAND2X1)                    1285840.000
                                                  90236864.000 r
  U1969/Y (NAND2X1)                    1127800.000
                                                  91364664.000 f
  U1970/Y (OR2X1)                      2088968.000
                                                  93453632.000 f
  U1976/Y (NAND2X1)                    872136.000 94325768.000 r
  U1978/Y (NAND2X1)                    849032.000 95174800.000 f
  U1983/Y (NAND2X1)                    879384.000 96054184.000 r
  U1984/Y (NAND2X1)                    1151016.000
                                                  97205200.000 f
  U1985/Y (NAND2X1)                    1399384.000
                                                  98604584.000 r
  U757/Y (AND2X1)                      2115200.000
                                                  100719784.000 r
  U426/Y (INVX1)                       776512.000 101496296.000 f
  U427/Y (INVX1)                       972688.000 102468984.000 r
  U740/Y (INVX1)                       646272.000 103115256.000 f
  U2140/Y (NAND2X1)                    1286544.000
                                                  104401800.000 r
  U380/Y (AND2X1)                      2174504.000
                                                  106576304.000 r
  U381/Y (INVX1)                       733032.000 107309336.000 f
  U2144/Y (NOR2X1)                     1161352.000
                                                  108470688.000 r
  U2147/Y (NOR2X1)                     151336.000 108622024.000 f
  U2152/Y (NAND2X1)                    880296.000 109502320.000 r
  U2154/Y (NAND2X1)                    930944.000 110433264.000 f
  U2164/Y (NAND2X1)                    881128.000 111314392.000 r
  U2165/Y (NAND2X1)                    1155808.000
                                                  112470200.000 f
  U2169/Y (OR2X1)                      2087704.000
                                                  114557904.000 f
  U2170/Y (NAND2X1)                    870736.000 115428640.000 r
  U2172/Y (NAND2X1)                    866864.000 116295504.000 f
  U2178/Y (OR2X1)                      2088976.000
                                                  118384480.000 f
  U2179/Y (NAND2X1)                    1752544.000
                                                  120137024.000 r
  U2180/Y (INVX1)                      1069480.000
                                                  121206504.000 f
  U2181/Y (NAND2X1)                    1284384.000
                                                  122490888.000 r
  U260/Y (AND2X1)                      1819048.000
                                                  124309936.000 r
  U261/Y (INVX1)                       710200.000 125020136.000 f
  U2184/Y (NAND2X1)                    1285632.000
                                                  126305768.000 r
  U2186/Y (NAND2X1)                    849352.000 127155120.000 f
  U2191/Y (OR2X1)                      2087712.000
                                                  129242832.000 f
  U2192/Y (NAND2X1)                    1773632.000
                                                  131016464.000 r
  U467/Y (INVX1)                       1075200.000
                                                  132091664.000 f
  U468/Y (INVX1)                       976544.000 133068208.000 r
  U2193/Y (INVX1)                      651536.000 133719744.000 f
  U2514/Y (NAND2X1)                    1286800.000
                                                  135006544.000 r
  U2517/Y (NAND2X1)                    849536.000 135856080.000 f
  U2518/Y (NOR2X1)                     1194976.000
                                                  137051056.000 r
  U2524/Y (NAND2X1)                    834352.000 137885408.000 f
  U2526/Y (NAND2X1)                    1341904.000
                                                  139227312.000 r
  U2527/Y (INVX1)                      1116112.000
                                                  140343424.000 f
  U2528/Y (NAND2X1)                    1284224.000
                                                  141627648.000 r
  U2532/Y (NAND2X1)                    848064.000 142475712.000 f
  U2534/Y (NAND2X1)                    885184.000 143360896.000 r
  U2539/Y (OR2X1)                      2606880.000
                                                  145967776.000 r
  U2540/Y (NAND2X1)                    804768.000 146772544.000 f
  U2542/Y (NAND2X1)                    885296.000 147657840.000 r
  U2543/Y (OR2X1)                      2562144.000
                                                  150219984.000 r
  U2547/Y (NAND2X1)                    804864.000 151024848.000 f
  U2549/Y (NAND2X1)                    1341872.000
                                                  152366720.000 r
  U2550/Y (INVX1)                      1096576.000
                                                  153463296.000 f
  U2555/Y (NAND2X1)                    919312.000 154382608.000 r
  U2560/Y (NAND2X1)                    848096.000 155230704.000 f
  U2562/Y (NAND2X1)                    885504.000 156116208.000 r
  U2563/Y (OR2X1)                      2606880.000
                                                  158723088.000 r
  U2565/Y (NAND2X1)                    804352.000 159527440.000 f
  U2567/Y (NAND2X1)                    1359904.000
                                                  160887344.000 r
  U461/Y (INVX1)                       1102128.000
                                                  161989472.000 f
  U462/Y (INVX1)                       996928.000 162986400.000 r
  U2584/Y (NOR2X1)                     144640.000 163131040.000 f
  U2586/Y (NAND2X1)                    880624.000 164011664.000 r
  U2590/Y (NAND2X1)                    863712.000 164875376.000 f
  U2591/Y (NAND2X1)                    1400160.000
                                                  166275536.000 r
  U2592/Y (NAND2X1)                    1157152.000
                                                  167432688.000 f
  U2597/Y (OR2X1)                      2087648.000
                                                  169520336.000 f
  U2598/Y (NAND2X1)                    1425232.000
                                                  170945568.000 r
  U2599/Y (OR2X1)                      2655856.000
                                                  173601424.000 r
  U2603/Y (NAND2X1)                    797424.000 174398848.000 f
  U2605/Y (NAND2X1)                    885520.000 175284368.000 r
  U2606/Y (OR2X1)                      2609968.000
                                                  177894336.000 r
  U2611/Y (NAND2X1)                    797440.000 178691776.000 f
  U2613/Y (NAND2X1)                    885184.000 179576960.000 r
  U2616/Y (OR2X1)                      2607776.000
                                                  182184736.000 r
  U2620/Y (NAND2X1)                    797248.000 182981984.000 f
  U2622/Y (NAND2X1)                    879280.000 183861264.000 r
  U2623/Y (NAND2X1)                    1157056.000
                                                  185018320.000 f
  U2625/Y (OR2X1)                      2087648.000
                                                  187105968.000 f
  U2628/Y (NAND2X1)                    871952.000 187977920.000 r
  U753/Y (AND2X1)                      1813888.000
                                                  189791808.000 r
  U300/Y (AND2X1)                      2181024.000
                                                  191972832.000 r
  U301/Y (INVX1)                       713456.000 192686288.000 f
  U2635/Y (NAND2X1)                    918864.000 193605152.000 r
  U2640/Y (NAND2X1)                    862960.000 194468112.000 f
  out[0] (out)                            0.000   194468112.000 f
  data arrival time                               194468112.000

  clock clk (rise edge)                250000000.000
                                                  250000000.000
  clock network delay (ideal)             0.000   250000000.000
  output external delay                   0.000   250000000.000
  data required time                              250000000.000
  -----------------------------------------------------------
  data required time                              250000000.000
  data arrival time                               -194468112.000
  -----------------------------------------------------------
  slack (MET)                                     55531888.000


1
