Information: Updating design information... (UID-85)
 
****************************************
Report : qor
Design : top
Version: S-2021.06-SP2
Date   : Sun Dec 18 11:50:02 2022
****************************************


  Timing Path Group 'clk'
  -----------------------------------
  Levels of Logic:             130.00
  Critical Path Length:  199994704.00
  Critical Path Slack:        5296.00
  Critical Path Clk Period:
                         200000000.00
  Total Negative Slack:          0.00
  No. of Violating Paths:        0.00
  Worst Hold Violation:          0.00
  Total Hold Violation:          0.00
  No. of Hold Violations:        0.00
  -----------------------------------


  Cell Count
  -----------------------------------
  Hierarchical Cell Count:          0
  Hierarchical Port Count:          0
  Leaf Cell Count:               3471
  Buf/Inv Cell Count:             698
  Buf Cell Count:                   0
  Inv Cell Count:                 698
  CT Buf/Inv Cell Count:            0
  Combinational Cell Count:      3471
  Sequential Cell Count:            0
  Macro Count:                      0
  -----------------------------------


  Area
  -----------------------------------
  Combinational Area:
                    1430322368.000000
  Noncombinational Area:     0.000000
  Buf/Inv Area:      159437160.000000
  Total Buffer Area:             0.00
  Total Inverter Area:   159437160.00
  Macro/Black Box Area:      0.000000
  Net Area:                  0.000000
  -----------------------------------
  Cell Area:        1430322368.000000
  Design Area:      1430322368.000000


  Design Rules
  -----------------------------------
  Total Number of Nets:          3551
  Nets With Violations:          3471
  Max Trans Violations:          3471
  Max Cap Violations:               0
  -----------------------------------


  Hostname: leoforos

  Compile CPU Statistics
  -----------------------------------------
  Resource Sharing:                    1.56
  Logic Optimization:                  0.25
  Mapping Optimization:                2.91
  -----------------------------------------
  Overall Compile Time:               26.11
  Overall Compile Wall Clock Time:    27.21

  --------------------------------------------------------------------

  Design  WNS: 0.00  TNS: 0.00  Number of Violating Paths: 0


  Design (Hold)  WNS: 0.00  TNS: 0.00  Number of Violating Paths: 0

  --------------------------------------------------------------------


1
