****************************************
Report : timing
	-path_type full
	-delay_type max
	-max_paths 1
	-sort_by slack
Design : top
Version: S-2021.06-SP1
Date   : Thu Dec 15 10:11:52 2022
****************************************


  Startpoint: inp[8] (input port clocked by clk)
  Endpoint: out[0] (output port clocked by clk)
  Path Group: clk
  Path Type: max

  Point                                    Incr       Path
  ---------------------------------------------------------------
  clock clk (rise edge)                   0.000      0.000
  clock network delay (ideal)             0.000      0.000
  input external delay                    0.000      0.000 f
  inp[8] (in)                             0.000      0.000 f
  U741/Y (NAND2X1)                     1282048.000
                                                  1282048.000 r
  U743/Y (NAND2X1)                     849040.000 2131088.000 f
  U757/Y (NAND2X1)                     891584.000 3022672.000 r
  U654/Y (XNOR2X1)                     6468224.000
                                                  9490896.000 r
  U655/Y (INVX1)                       828968.000 10319864.000 f
  U912/Y (XOR2X1)                      4913992.000
                                                  15233856.000 r
  U692/Y (XNOR2X1)                     6360704.000
                                                  21594560.000 r
  U148/Y (AND2X1)                      2178840.000
                                                  23773400.000 r
  U149/Y (INVX1)                       714176.000 24487576.000 f
  U126/Y (AND2X1)                      2458080.000
                                                  26945656.000 f
  U127/Y (INVX1)                       -229808.000
                                                  26715848.000 r
  U983/Y (NAND2X1)                     1097488.000
                                                  27813336.000 f
  U984/Y (NAND2X1)                     1747976.000
                                                  29561312.000 r
  U341/Y (INVX1)                       1114824.000
                                                  30676136.000 f
  U342/Y (INVX1)                       457104.000 31133240.000 r
  U987/Y (XNOR2X1)                     5848528.000
                                                  36981768.000 r
  U988/Y (INVX1)                       828448.000 37810216.000 f
  U989/Y (NAND2X1)                     1285224.000
                                                  39095440.000 r
  U990/Y (NAND2X1)                     929312.000 40024752.000 f
  U991/Y (INVX1)                       -517544.000
                                                  39507208.000 r
  U992/Y (OR2X1)                       1655672.000
                                                  41162880.000 r
  U1020/Y (NAND2X1)                    804816.000 41967696.000 f
  U1022/Y (NAND2X1)                    1336848.000
                                                  43304544.000 r
  U377/Y (INVX1)                       1123264.000
                                                  44427808.000 f
  U378/Y (INVX1)                       457200.000 44885008.000 r
  U1023/Y (OR2X1)                      1662232.000
                                                  46547240.000 r
  U481/Y (AND2X1)                      1876288.000
                                                  48423528.000 r
  U482/Y (INVX1)                       715592.000 49139120.000 f
  U1035/Y (NAND2X1)                    1303520.000
                                                  50442640.000 r
  U1036/Y (NOR2X1)                     -97200.000 50345440.000 f
  U711/Y (OR2X1)                       2090232.000
                                                  52435672.000 f
  U1042/Y (NAND2X1)                    1331200.000
                                                  53766872.000 r
  U373/Y (INVX1)                       1109136.000
                                                  54876008.000 f
  U374/Y (INVX1)                       457384.000 55333392.000 r
  U1043/Y (OR2X1)                      1662232.000
                                                  56995624.000 r
  U59/Y (AND2X1)                       1876168.000
                                                  58871792.000 r
  U60/Y (INVX1)                        718160.000 59589952.000 f
  U1048/Y (NAND2X1)                    1746816.000
                                                  61336768.000 r
  U371/Y (INVX1)                       1217712.000
                                                  62554480.000 f
  U372/Y (INVX1)                       455928.000 63010408.000 r
  U1049/Y (OR2X1)                      1662216.000
                                                  64672624.000 r
  U1053/Y (NAND2X1)                    804728.000 65477352.000 f
  U1055/Y (NAND2X1)                    1336848.000
                                                  66814200.000 r
  U303/Y (INVX1)                       1123128.000
                                                  67937328.000 f
  U304/Y (INVX1)                       450304.000 68387632.000 r
  U1056/Y (NAND2X1)                    1052376.000
                                                  69440008.000 f
  U1058/Y (NAND2X1)                    1345352.000
                                                  70785360.000 r
  U79/Y (AND2X1)                       2165600.000
                                                  72950960.000 r
  U80/Y (INVX1)                        718480.000 73669440.000 f
  U1079/Y (NAND2X1)                    1746816.000
                                                  75416256.000 r
  U1080/Y (INVX1)                      1213088.000
                                                  76629344.000 f
  U1081/Y (NAND2X1)                    1326576.000
                                                  77955920.000 r
  U405/Y (AND2X1)                      1886640.000
                                                  79842560.000 r
  U705/Y (INVX1)                       736352.000 80578912.000 f
  U1540/Y (NAND2X1)                    1286128.000
                                                  81865040.000 r
  U1541/Y (NAND2X1)                    1129168.000
                                                  82994208.000 f
  U63/Y (AND2X1)                       2439520.000
                                                  85433728.000 f
  U64/Y (INVX1)                        -1307248.000
                                                  84126480.000 r
  U612/Y (AND2X1)                      1889064.000
                                                  86015544.000 r
  U613/Y (INVX1)                       724984.000 86740528.000 f
  U1543/Y (NAND2X1)                    918768.000 87659296.000 r
  U485/Y (AND2X1)                      1818736.000
                                                  89478032.000 r
  U486/Y (INVX1)                       715408.000 90193440.000 f
  U1545/Y (NAND2X1)                    1362944.000
                                                  91556384.000 r
  U1549/Y (INVX1)                      1216992.000
                                                  92773376.000 f
  U1550/Y (NAND2X1)                    1284232.000
                                                  94057608.000 r
  U618/Y (AND2X1)                      2169568.000
                                                  96227176.000 r
  U619/Y (INVX1)                       721656.000 96948832.000 f
  U1551/Y (NAND2X1)                    1285856.000
                                                  98234688.000 r
  U483/Y (AND2X1)                      1818736.000
                                                  100053424.000 r
  U484/Y (INVX1)                       716128.000 100769552.000 f
  U1563/Y (NAND2X1)                    1746816.000
                                                  102516368.000 r
  U1564/Y (INVX1)                      1212672.000
                                                  103729040.000 f
  U1565/Y (NAND2X1)                    1284240.000
                                                  105013280.000 r
  U620/Y (AND2X1)                      2169568.000
                                                  107182848.000 r
  U170/Y (AND2X1)                      2181120.000
                                                  109363968.000 r
  U171/Y (INVX1)                       713424.000 110077392.000 f
  U505/Y (AND2X1)                      2034880.000
                                                  112112272.000 f
  U506/Y (INVX1)                       -1452768.000
                                                  110659504.000 r
  U198/Y (AND2X1)                      2199136.000
                                                  112858640.000 r
  U199/Y (INVX1)                       708232.000 113566872.000 f
  U1567/Y (NAND2X1)                    918704.000 114485576.000 r
  U503/Y (AND2X1)                      1818696.000
                                                  116304272.000 r
  U504/Y (INVX1)                       715896.000 117020168.000 f
  U1570/Y (NAND2X1)                    1357296.000
                                                  118377464.000 r
  U1571/Y (INVX1)                      1071152.000
                                                  119448616.000 f
  U1572/Y (NAND2X1)                    1284720.000
                                                  120733336.000 r
  U1573/Y (NAND2X1)                    1128808.000
                                                  121862144.000 f
  U1574/Y (AND2X1)                     1858912.000
                                                  123721056.000 f
  U1681/Y (XOR2X1)                     5952008.000
                                                  129673064.000 r
  U1682/Y (INVX1)                      1237320.000
                                                  130910384.000 f
  U1683/Y (NAND2X1)                    1283824.000
                                                  132194208.000 r
  U1684/Y (NAND2X1)                    1125920.000
                                                  133320128.000 f
  U1688/Y (NAND2X1)                    881232.000 134201360.000 r
  U1689/Y (NAND2X1)                    1126400.000
                                                  135327760.000 f
  U1692/Y (NAND2X1)                    1336880.000
                                                  136664640.000 r
  U1693/Y (INVX1)                      1098448.000
                                                  137763088.000 f
  out[0] (out)                            0.000   137763088.000 f
  data arrival time                               137763088.000

  clock clk (rise edge)                200000000.000
                                                  200000000.000
  clock network delay (ideal)             0.000   200000000.000
  clock reconvergence pessimism           0.000   200000000.000
  output external delay                   0.000   200000000.000
  data required time                              200000000.000
  ---------------------------------------------------------------
  data required time                              200000000.000
  data arrival time                               -137763088.000
  ---------------------------------------------------------------
  slack (MET)                                     62236912.000


1
