Information: Updating design information... (UID-85)
 
****************************************
Report : qor
Design : top
Version: S-2021.06-SP2
Date   : Tue Nov 29 16:49:15 2022
****************************************


  Timing Path Group 'clk'
  -----------------------------------
  Levels of Logic:             133.00
  Critical Path Length:  249931664.00
  Critical Path Slack:       68336.00
  Critical Path Clk Period:
                         250000000.00
  Total Negative Slack:          0.00
  No. of Violating Paths:        0.00
  Worst Hold Violation:          0.00
  Total Hold Violation:          0.00
  No. of Hold Violations:        0.00
  -----------------------------------


  Cell Count
  -----------------------------------
  Hierarchical Cell Count:          0
  Hierarchical Port Count:          0
  Leaf Cell Count:               4412
  Buf/Inv Cell Count:             941
  Buf Cell Count:                   0
  Inv Cell Count:                 941
  CT Buf/Inv Cell Count:            0
  Combinational Cell Count:      4412
  Sequential Cell Count:            0
  Macro Count:                      0
  -----------------------------------


  Area
  -----------------------------------
  Combinational Area:
                    1952979581.000000
  Noncombinational Area:     0.000000
  Buf/Inv Area:      214943220.000000
  Total Buffer Area:             0.00
  Total Inverter Area:   214943220.00
  Macro/Black Box Area:      0.000000
  Net Area:                  0.000000
  -----------------------------------
  Cell Area:        1952979581.000000
  Design Area:      1952979581.000000


  Design Rules
  -----------------------------------
  Total Number of Nets:          4476
  Nets With Violations:          4412
  Max Trans Violations:          4412
  Max Cap Violations:               0
  -----------------------------------


  Hostname: leoforos

  Compile CPU Statistics
  -----------------------------------------
  Resource Sharing:                    1.89
  Logic Optimization:                  1.45
  Mapping Optimization:                7.65
  -----------------------------------------
  Overall Compile Time:               17.67
  Overall Compile Wall Clock Time:    18.04

  --------------------------------------------------------------------

  Design  WNS: 0.00  TNS: 0.00  Number of Violating Paths: 0


  Design (Hold)  WNS: 0.00  TNS: 0.00  Number of Violating Paths: 0

  --------------------------------------------------------------------


1
