 
****************************************
Report : timing
        -path full
        -delay max
        -max_paths 1
Design : top
Version: S-2021.06-SP2
Date   : Sat Dec  3 11:41:40 2022
****************************************

Operating Conditions: TT   Library: PPDK_Standard_Library_1.0V_25C_TYP_X1
Wire Load Model Mode: top

  Startpoint: inp[21] (input port clocked by clk)
  Endpoint: out[0] (output port clocked by clk)
  Path Group: clk
  Path Type: max

  Point                                    Incr       Path
  -----------------------------------------------------------
  clock clk (rise edge)                   0.000      0.000
  clock network delay (ideal)             0.000      0.000
  input external delay                    0.000      0.000 f
  inp[21] (in)                            0.000      0.000 f
  U10/Y (NOR2X1)                       1156696.125
                                                  1156696.125 r
  U8/Y (AND2X1)                        1842729.375
                                                  2999425.500 r
  U9/Y (INVX1)                         707495.500 3706921.000 f
  out[0] (out)                            0.000   3706921.000 f
  data arrival time                               3706921.000

  clock clk (rise edge)                200000000.000
                                                  200000000.000
  clock network delay (ideal)             0.000   200000000.000
  output external delay                   0.000   200000000.000
  data required time                              200000000.000
  -----------------------------------------------------------
  data required time                              200000000.000
  data arrival time                               -3706921.000
  -----------------------------------------------------------
  slack (MET)                                     196293072.000


1
