 
****************************************
Report : timing
        -path full
        -delay max
        -max_paths 1
Design : top
Version: S-2021.06-SP2
Date   : Fri Dec 16 15:17:18 2022
****************************************

Operating Conditions: TT   Library: PPDK_Standard_Library_0.8V_25C_TYP_X1
Wire Load Model Mode: top

  Startpoint: inp[13] (input port clocked by clk)
  Endpoint: out[0] (output port clocked by clk)
  Path Group: clk
  Path Type: max

  Point                                    Incr       Path
  -----------------------------------------------------------
  clock clk (rise edge)                   0.000      0.000
  clock network delay (ideal)             0.000      0.000
  input external delay                    0.000      0.000 r
  inp[13] (in)                            0.000      0.000 r
  U2005/Y (INVX1)                      88997.539  88997.539 f
  U2006/Y (NAND2X1)                    1173802.000
                                                  1262799.500 r
  U2008/Y (NOR2X1)                     1196927.500
                                                  2459727.000 f
  U2009/Y (INVX1)                      -489912.250
                                                  1969814.750 r
  U385/Y (AND2X1)                      2533737.250
                                                  4503552.000 r
  U386/Y (INVX1)                       835758.500 5339310.500 f
  U2080/Y (NAND2X1)                    1615792.000
                                                  6955102.500 r
  U2081/Y (INVX1)                      1243354.500
                                                  8198457.000 f
  U2082/Y (XOR2X1)                     5231686.000
                                                  13430143.000 r
  U2083/Y (NAND2X1)                    2268525.000
                                                  15698668.000 f
  U2085/Y (NAND2X1)                    836378.000 16535046.000 r
  U2086/Y (NAND2X1)                    1449490.000
                                                  17984536.000 f
  U2087/Y (XOR2X1)                     6268840.000
                                                  24253376.000 r
  U2089/Y (INVX1)                      1408360.000
                                                  25661736.000 f
  U2090/Y (NAND2X1)                    1161948.000
                                                  26823684.000 r
  U2091/Y (NAND2X1)                    1466386.000
                                                  28290070.000 f
  U2092/Y (INVX1)                      -619744.000
                                                  27670326.000 r
  U2232/Y (XOR2X1)                     5327240.000
                                                  32997566.000 f
  U2233/Y (XOR2X1)                     6264322.000
                                                  39261888.000 r
  U533/Y (XNOR2X1)                     6631952.000
                                                  45893840.000 r
  U795/Y (INVX1)                       1057388.000
                                                  46951228.000 f
  U2234/Y (XOR2X1)                     5949764.000
                                                  52900992.000 r
  U888/Y (OR2X1)                       5527100.000
                                                  58428092.000 r
  U2235/Y (NAND2X1)                    1360996.000
                                                  59789088.000 f
  U2237/Y (NAND2X1)                    852984.000 60642072.000 r
  U2265/Y (OR2X1)                      5209916.000
                                                  65851988.000 r
  U2266/Y (NAND2X1)                    1202684.000
                                                  67054672.000 f
  U2267/Y (INVX1)                      -690104.000
                                                  66364568.000 r
  U2268/Y (OR2X1)                      1784528.000
                                                  68149096.000 r
  U889/Y (XNOR2X1)                     6717136.000
                                                  74866232.000 r
  U2282/Y (XOR2X1)                     2929056.000
                                                  77795288.000 r
  U2283/Y (INVX1)                      1443016.000
                                                  79238304.000 f
  U2284/Y (OR2X1)                      2431624.000
                                                  81669928.000 f
  U375/Y (AND2X1)                      2832704.000
                                                  84502632.000 f
  U376/Y (INVX1)                       -1267344.000
                                                  83235288.000 r
  U2372/Y (NAND2X1)                    1207808.000
                                                  84443096.000 f
  U455/Y (INVX1)                       248200.000 84691296.000 r
  U456/Y (INVX1)                       816840.000 85508136.000 f
  U2899/Y (XOR2X1)                     6269736.000
                                                  91777872.000 r
  U2901/Y (INVX1)                      1349440.000
                                                  93127312.000 f
  U2902/Y (NAND2X1)                    807208.000 93934520.000 r
  U2903/Y (NAND2X1)                    2198408.000
                                                  96132928.000 f
  U2904/Y (NAND2X1)                    1182816.000
                                                  97315744.000 r
  U2907/Y (OR2X1)                      5253056.000
                                                  102568800.000 r
  U2908/Y (NAND2X1)                    1715800.000
                                                  104284600.000 f
  U2909/Y (NAND2X1)                    1183216.000
                                                  105467816.000 r
  U2914/Y (OR2X1)                      5227520.000
                                                  110695336.000 r
  U2915/Y (NAND2X1)                    1715800.000
                                                  112411136.000 f
  U2916/Y (NAND2X1)                    1183416.000
                                                  113594552.000 r
  U2923/Y (OR2X1)                      5214544.000
                                                  118809096.000 r
  U2924/Y (NAND2X1)                    1715800.000
                                                  120524896.000 f
  U2925/Y (NAND2X1)                    1183384.000
                                                  121708280.000 r
  U2932/Y (OR2X1)                      5215808.000
                                                  126924088.000 r
  U2933/Y (NAND2X1)                    1715800.000
                                                  128639888.000 f
  U2934/Y (NAND2X1)                    1183416.000
                                                  129823304.000 r
  U2941/Y (OR2X1)                      5214680.000
                                                  135037984.000 r
  U2942/Y (NAND2X1)                    1361008.000
                                                  136398992.000 f
  U2943/Y (NAND2X1)                    1630832.000
                                                  138029824.000 r
  U2951/Y (XOR2X1)                     5428352.000
                                                  143458176.000 f
  U2955/Y (NAND2X1)                    1172240.000
                                                  144630416.000 r
  U3013/Y (NAND2X1)                    1043696.000
                                                  145674112.000 f
  U3016/Y (NAND2X1)                    835584.000 146509696.000 r
  U3017/Y (NAND2X1)                    2162112.000
                                                  148671808.000 f
  U492/Y (NAND2X1)                     1318528.000
                                                  149990336.000 r
  U433/Y (INVX1)                       1321728.000
                                                  151312064.000 f
  U434/Y (INVX1)                       937376.000 152249440.000 r
  U542/Y (INVX1)                       700592.000 152950032.000 f
  U3074/Y (NAND2X1)                    807808.000 153757840.000 r
  U3075/Y (NAND2X1)                    2058832.000
                                                  155816672.000 f
  U3076/Y (NAND2X1)                    1165936.000
                                                  156982608.000 r
  U3077/Y (NAND2X1)                    2147888.000
                                                  159130496.000 f
  U3079/Y (NAND2X1)                    832192.000 159962688.000 r
  U3080/Y (NAND2X1)                    2161152.000
                                                  162123840.000 f
  U3083/Y (NAND2X1)                    836304.000 162960144.000 r
  U3084/Y (NAND2X1)                    2161328.000
                                                  165121472.000 f
  U3096/Y (NAND2X1)                    836288.000 165957760.000 r
  U3099/Y (AND2X1)                     -781040.000
                                                  165176720.000 r
  U3100/Y (NAND2X1)                    2558080.000
                                                  167734800.000 f
  U3103/Y (NAND2X1)                    836304.000 168571104.000 r
  U3104/Y (NAND2X1)                    2161328.000
                                                  170732432.000 f
  U3107/Y (NAND2X1)                    836304.000 171568736.000 r
  U3108/Y (NAND2X1)                    2161328.000
                                                  173730064.000 f
  U3111/Y (NAND2X1)                    836304.000 174566368.000 r
  U3112/Y (NAND2X1)                    2161328.000
                                                  176727696.000 f
  U3115/Y (NAND2X1)                    1323984.000
                                                  178051680.000 r
  U427/Y (INVX1)                       1324272.000
                                                  179375952.000 f
  U428/Y (INVX1)                       937344.000 180313296.000 r
  U543/Y (INVX1)                       701232.000 181014528.000 f
  U3743/Y (NAND2X1)                    807856.000 181822384.000 r
  U3744/Y (NAND2X1)                    2139136.000
                                                  183961520.000 f
  U3745/Y (NAND2X1)                    1165856.000
                                                  185127376.000 r
  U3746/Y (NAND2X1)                    2148976.000
                                                  187276352.000 f
  U3749/Y (NAND2X1)                    836304.000 188112656.000 r
  U3750/Y (NAND2X1)                    2161328.000
                                                  190273984.000 f
  U3753/Y (NAND2X1)                    836304.000 191110288.000 r
  U3754/Y (NAND2X1)                    2161328.000
                                                  193271616.000 f
  U3766/Y (NAND2X1)                    836288.000 194107904.000 r
  U3769/Y (AND2X1)                     -781040.000
                                                  193326864.000 r
  U3770/Y (NAND2X1)                    2558080.000
                                                  195884944.000 f
  U3773/Y (NAND2X1)                    836304.000 196721248.000 r
  U3774/Y (NAND2X1)                    2161328.000
                                                  198882576.000 f
  U3777/Y (NAND2X1)                    836304.000 199718880.000 r
  U3778/Y (NAND2X1)                    2161328.000
                                                  201880208.000 f
  U3781/Y (NAND2X1)                    836304.000 202716512.000 r
  U3782/Y (NAND2X1)                    2161328.000
                                                  204877840.000 f
  U491/Y (NAND2X1)                     1329280.000
                                                  206207120.000 r
  U443/Y (INVX1)                       1329248.000
                                                  207536368.000 f
  U444/Y (INVX1)                       937312.000 208473680.000 r
  U3785/Y (INVX1)                      700592.000 209174272.000 f
  U3811/Y (NAND2X1)                    1162032.000
                                                  210336304.000 r
  U3812/Y (NAND2X1)                    2205184.000
                                                  212541488.000 f
  U3813/Y (NOR2X1)                     1074480.000
                                                  213615968.000 r
  U3817/Y (NAND2X1)                    1037280.000
                                                  214653248.000 f
  U3819/Y (NAND2X1)                    1273072.000
                                                  215926320.000 r
  U3824/Y (INVX1)                      1242096.000
                                                  217168416.000 f
  U3826/Y (NAND2X1)                    807248.000 217975664.000 r
  U3827/Y (NAND2X1)                    2206336.000
                                                  220182000.000 f
  U3828/Y (NAND2X1)                    1165872.000
                                                  221347872.000 r
  U3830/Y (NAND2X1)                    1048976.000
                                                  222396848.000 f
  U3831/Y (NAND2X1)                    1625104.000
                                                  224021952.000 r
  U3836/Y (INVX1)                      1242112.000
                                                  225264064.000 f
  U3838/Y (NAND2X1)                    807248.000 226071312.000 r
  U3839/Y (NAND2X1)                    2206336.000
                                                  228277648.000 f
  U3840/Y (NAND2X1)                    1165872.000
                                                  229443520.000 r
  U3842/Y (NAND2X1)                    1048976.000
                                                  230492496.000 f
  U3843/Y (NAND2X1)                    1165856.000
                                                  231658352.000 r
  U3851/Y (NAND2X1)                    1048992.000
                                                  232707344.000 f
  U3861/Y (NAND2X1)                    836368.000 233543712.000 r
  U882/Y (NAND2X1)                     1048448.000
                                                  234592160.000 f
  U3871/Y (NAND2X1)                    841920.000 235434080.000 r
  U881/Y (OR2X1)                       5088704.000
                                                  240522784.000 r
  U3877/Y (NAND2X1)                    1205264.000
                                                  241728048.000 f
  U3878/Y (INVX1)                      -650064.000
                                                  241077984.000 r
  U3889/Y (NAND2X1)                    1008208.000
                                                  242086192.000 f
  U3890/Y (NAND2X1)                    1165040.000
                                                  243251232.000 r
  U3891/Y (NAND2X1)                    2169952.000
                                                  245421184.000 f
  out[0] (out)                            0.000   245421184.000 f
  data arrival time                               245421184.000

  clock clk (rise edge)                250000000.000
                                                  250000000.000
  clock network delay (ideal)             0.000   250000000.000
  output external delay                   0.000   250000000.000
  data required time                              250000000.000
  -----------------------------------------------------------
  data required time                              250000000.000
  data arrival time                               -245421184.000
  -----------------------------------------------------------
  slack (MET)                                     4578816.000


1
