 
****************************************
Report : timing
        -path full
        -delay max
        -max_paths 1
Design : top
Version: S-2021.06-SP2
Date   : Fri Dec 16 15:52:34 2022
****************************************

Operating Conditions: TT   Library: PPDK_Standard_Library_1.0V_25C_TYP_X1
Wire Load Model Mode: top

  Startpoint: inp[43] (input port clocked by clk)
  Endpoint: out[0] (output port clocked by clk)
  Path Group: clk
  Path Type: max

  Point                                    Incr       Path
  -----------------------------------------------------------
  clock clk (rise edge)                   0.000      0.000
  clock network delay (ideal)             0.000      0.000
  input external delay                    0.000      0.000 r
  inp[43] (in)                            0.000      0.000 r
  U1136/Y (INVX1)                      55616.527  55616.527 f
  U1501/Y (NAND2X1)                    1288400.625
                                                  1344017.125 r
  U1502/Y (NAND2X1)                    1129756.375
                                                  2473773.500 f
  U1528/Y (XOR2X1)                     5945075.500
                                                  8418849.000 r
  U1529/Y (INVX1)                      1237663.000
                                                  9656512.000 f
  U1530/Y (NAND2X1)                    1283810.000
                                                  10940322.000 r
  U1532/Y (NAND2X1)                    850090.000 11790412.000 f
  U1539/Y (XOR2X1)                     5361410.000
                                                  17151822.000 r
  U1581/Y (XOR2X1)                     4328804.000
                                                  21480626.000 f
  U1583/Y (XOR2X1)                     5732966.000
                                                  27213592.000 r
  U644/Y (AND2X1)                      1821394.000
                                                  29034986.000 r
  U645/Y (INVX1)                       715218.000 29750204.000 f
  U1595/Y (AND2X1)                     2243886.000
                                                  31994090.000 f
  U1618/Y (XOR2X1)                     5461402.000
                                                  37455492.000 r
  U1619/Y (XOR2X1)                     4751700.000
                                                  42207192.000 f
  U1665/Y (XOR2X1)                     5731404.000
                                                  47938596.000 r
  U750/Y (AND2X1)                      2175592.000
                                                  50114188.000 r
  U751/Y (INVX1)                       715232.000 50829420.000 f
  U1666/Y (NAND2X1)                    1291592.000
                                                  52121012.000 r
  U1711/Y (NAND2X1)                    1128252.000
                                                  53249264.000 f
  U1712/Y (NAND2X1)                    1394856.000
                                                  54644120.000 r
  U1713/Y (NAND2X1)                    1234828.000
                                                  55878948.000 f
  U1744/Y (NAND2X1)                    1399888.000
                                                  57278836.000 r
  U1745/Y (NAND2X1)                    1154844.000
                                                  58433680.000 f
  U1746/Y (NAND2X1)                    1404604.000
                                                  59838284.000 r
  U1759/Y (OR2X1)                      2592780.000
                                                  62431064.000 r
  U1771/Y (AND2X1)                     1965924.000
                                                  64396988.000 r
  U561/Y (XNOR2X1)                     5486172.000
                                                  69883160.000 r
  U1062/Y (INVX1)                      952888.000 70836048.000 f
  U2297/Y (NAND2X1)                    1285408.000
                                                  72121456.000 r
  U593/Y (AND2X1)                      1871688.000
                                                  73993144.000 r
  U594/Y (INVX1)                       755600.000 74748744.000 f
  U484/Y (XNOR2X1)                     4354208.000
                                                  79102952.000 r
  U485/Y (INVX1)                       827088.000 79930040.000 f
  U3051/Y (XOR2X1)                     4920528.000
                                                  84850568.000 r
  U3053/Y (XOR2X1)                     4328760.000
                                                  89179328.000 f
  U1035/Y (XNOR2X1)                    5967392.000
                                                  95146720.000 f
  U3072/Y (NAND2X1)                    853880.000 96000600.000 r
  U962/Y (AND2X1)                      2165512.000
                                                  98166112.000 r
  U963/Y (INVX1)                       718520.000 98884632.000 f
  U3076/Y (NAND2X1)                    1752752.000
                                                  100637384.000 r
  U3077/Y (INVX1)                      1216872.000
                                                  101854256.000 f
  U3079/Y (NAND2X1)                    1283872.000
                                                  103138128.000 r
  U634/Y (AND2X1)                      1819152.000
                                                  104957280.000 r
  U635/Y (INVX1)                       715168.000 105672448.000 f
  U3081/Y (NAND2X1)                    1291592.000
                                                  106964040.000 r
  U3082/Y (OR2X1)                      2340016.000
                                                  109304056.000 r
  U972/Y (AND2X1)                      2199600.000
                                                  111503656.000 r
  U973/Y (INVX1)                       707408.000 112211064.000 f
  U3085/Y (NAND2X1)                    1752768.000
                                                  113963832.000 r
  U3086/Y (INVX1)                      1216848.000
                                                  115180680.000 f
  U3087/Y (NAND2X1)                    1283872.000
                                                  116464552.000 r
  U628/Y (AND2X1)                      1819152.000
                                                  118283704.000 r
  U629/Y (INVX1)                       715160.000 118998864.000 f
  U3090/Y (NAND2X1)                    924552.000 119923416.000 r
  U3091/Y (OR2X1)                      2612264.000
                                                  122535680.000 r
  U956/Y (AND2X1)                      2199600.000
                                                  124735280.000 r
  U957/Y (INVX1)                       707408.000 125442688.000 f
  U3094/Y (NAND2X1)                    918864.000 126361552.000 r
  U3095/Y (NAND2X1)                    1156200.000
                                                  127517752.000 f
  U3097/Y (NAND2X1)                    885184.000 128402936.000 r
  U3098/Y (NOR2X1)                     -89208.000 128313728.000 f
  U3106/Y (NAND2X1)                    883072.000 129196800.000 r
  U3110/Y (NAND2X1)                    866816.000 130063616.000 f
  U3112/Y (NAND2X1)                    1343376.000
                                                  131406992.000 r
  U1114/Y (INVX1)                      1109696.000
                                                  132516688.000 f
  U1115/Y (INVX1)                      481944.000 132998632.000 r
  U3128/Y (NAND2X1)                    1055896.000
                                                  134054528.000 f
  U3130/Y (NAND2X1)                    1339360.000
                                                  135393888.000 r
  U378/Y (INVX1)                       1123600.000
                                                  136517488.000 f
  U379/Y (INVX1)                       450304.000 136967792.000 r
  U3131/Y (NOR2X1)                     533952.000 137501744.000 f
  U3135/Y (NOR2X1)                     1190192.000
                                                  138691936.000 r
  U840/Y (AND2X1)                      1836912.000
                                                  140528848.000 r
  U841/Y (INVX1)                       715520.000 141244368.000 f
  U3139/Y (NAND2X1)                    1291584.000
                                                  142535952.000 r
  U3142/Y (OR2X1)                      2340016.000
                                                  144875968.000 r
  U3147/Y (NAND2X1)                    799232.000 145675200.000 f
  U3149/Y (NAND2X1)                    1341792.000
                                                  147016992.000 r
  U3150/Y (INVX1)                      1101296.000
                                                  148118288.000 f
  U3151/Y (NAND2X1)                    1284288.000
                                                  149402576.000 r
  U3155/Y (NAND2X1)                    848064.000 150250640.000 f
  U3157/Y (NAND2X1)                    879584.000 151130224.000 r
  U3158/Y (NAND2X1)                    1156000.000
                                                  152286224.000 f
  U3160/Y (NAND2X1)                    1341728.000
                                                  153627952.000 r
  U3161/Y (INVX1)                      1107136.000
                                                  154735088.000 f
  U3165/Y (NAND2X1)                    919328.000 155654416.000 r
  U3169/Y (NAND2X1)                    848032.000 156502448.000 f
  U3171/Y (NAND2X1)                    879584.000 157382032.000 r
  U3172/Y (NAND2X1)                    1156688.000
                                                  158538720.000 f
  U3176/Y (NAND2X1)                    1341712.000
                                                  159880432.000 r
  U3177/Y (INVX1)                      1116608.000
                                                  160997040.000 f
  U3178/Y (NAND2X1)                    1284224.000
                                                  162281264.000 r
  U3183/Y (NAND2X1)                    848064.000 163129328.000 f
  U3186/Y (NAND2X1)                    1383008.000
                                                  164512336.000 r
  U544/Y (INVX1)                       1132160.000
                                                  165644496.000 f
  U545/Y (INVX1)                       969104.000 166613600.000 r
  U1110/Y (INVX1)                      647008.000 167260608.000 f
  U842/Y (AND2X1)                      2035008.000
                                                  169295616.000 f
  U843/Y (INVX1)                       -1450352.000
                                                  167845264.000 r
  U3630/Y (NAND2X1)                    802064.000 168647328.000 f
  U3631/Y (NOR2X1)                     1196832.000
                                                  169844160.000 r
  U3633/Y (NAND2X1)                    837600.000 170681760.000 f
  U3638/Y (OR2X1)                      2087856.000
                                                  172769616.000 f
  U3643/Y (NAND2X1)                    870736.000 173640352.000 r
  U3645/Y (NAND2X1)                    866912.000 174507264.000 f
  U3649/Y (OR2X1)                      2088976.000
                                                  176596240.000 f
  U3654/Y (NAND2X1)                    870736.000 177466976.000 r
  U3656/Y (NAND2X1)                    866912.000 178333888.000 f
  U3657/Y (OR2X1)                      2088976.000
                                                  180422864.000 f
  U3661/Y (NAND2X1)                    870736.000 181293600.000 r
  U3663/Y (NAND2X1)                    866864.000 182160464.000 f
  U3667/Y (OR2X1)                      2087696.000
                                                  184248160.000 f
  U3668/Y (NAND2X1)                    870736.000 185118896.000 r
  U3670/Y (NAND2X1)                    930944.000 186049840.000 f
  U3678/Y (NAND2X1)                    1394976.000
                                                  187444816.000 r
  U3679/Y (NAND2X1)                    1234832.000
                                                  188679648.000 f
  U3690/Y (NAND2X1)                    881008.000 189560656.000 r
  U3691/Y (NAND2X1)                    1155904.000
                                                  190716560.000 f
  U3697/Y (OR2X1)                      2087712.000
                                                  192804272.000 f
  U3698/Y (NAND2X1)                    1752544.000
                                                  194556816.000 r
  U534/Y (INVX1)                       1081600.000
                                                  195638416.000 f
  U535/Y (INVX1)                       1010832.000
                                                  196649248.000 r
  U1101/Y (INVX1)                      676128.000 197325376.000 f
  U3706/Y (NAND2X1)                    1287136.000
                                                  198612512.000 r
  U3708/Y (NAND2X1)                    849584.000 199462096.000 f
  U3711/Y (OR2X1)                      2088976.000
                                                  201551072.000 f
  U3723/Y (NAND2X1)                    871952.000 202423024.000 r
  U3725/Y (NAND2X1)                    867104.000 203290128.000 f
  U3732/Y (OR2X1)                      2087872.000
                                                  205378000.000 f
  U3733/Y (NAND2X1)                    1425232.000
                                                  206803232.000 r
  U3738/Y (OR2X1)                      2655840.000
                                                  209459072.000 r
  U3742/Y (NAND2X1)                    797424.000 210256496.000 f
  U3744/Y (NAND2X1)                    885520.000 211142016.000 r
  U3745/Y (OR2X1)                      2605440.000
                                                  213747456.000 r
  U3750/Y (NAND2X1)                    797424.000 214544880.000 f
  U3752/Y (NAND2X1)                    885504.000 215430384.000 r
  U3757/Y (OR2X1)                      2607568.000
                                                  218037952.000 r
  U3761/Y (NAND2X1)                    797424.000 218835376.000 f
  U3763/Y (NAND2X1)                    885360.000 219720736.000 r
  U3768/Y (NAND2X1)                    1155872.000
                                                  220876608.000 f
  U3772/Y (NAND2X1)                    879280.000 221755888.000 r
  U3773/Y (NAND2X1)                    1157184.000
                                                  222913072.000 f
  U3776/Y (OR2X1)                      2087632.000
                                                  225000704.000 f
  U3778/Y (NAND2X1)                    872128.000 225872832.000 r
  U1086/Y (AND2X1)                     1809840.000
                                                  227682672.000 r
  U350/Y (AND2X1)                      2181008.000
                                                  229863680.000 r
  U351/Y (INVX1)                       713472.000 230577152.000 f
  U3786/Y (NAND2X1)                    918864.000 231496016.000 r
  U3791/Y (NAND2X1)                    864400.000 232360416.000 f
  out[0] (out)                            0.000   232360416.000 f
  data arrival time                               232360416.000

  clock clk (rise edge)                250000000.000
                                                  250000000.000
  clock network delay (ideal)             0.000   250000000.000
  output external delay                   0.000   250000000.000
  data required time                              250000000.000
  -----------------------------------------------------------
  data required time                              250000000.000
  data arrival time                               -232360416.000
  -----------------------------------------------------------
  slack (MET)                                     17639584.000


1
