 
****************************************
Report : timing
        -path full
        -delay max
        -max_paths 1
Design : top
Version: S-2021.06-SP2
Date   : Fri Dec 16 13:52:34 2022
****************************************

Operating Conditions: TT   Library: PPDK_Standard_Library_1.0V_25C_TYP_X1
Wire Load Model Mode: top

  Startpoint: inp[17] (input port clocked by clk)
  Endpoint: out[0] (output port clocked by clk)
  Path Group: clk
  Path Type: max

  Point                                    Incr       Path
  -----------------------------------------------------------
  clock clk (rise edge)                   0.000      0.000
  clock network delay (ideal)             0.000      0.000
  input external delay                    0.000      0.000 f
  inp[17] (in)                            0.000      0.000 f
  U947/Y (INVX1)                       601887.812 601887.812 r
  U871/Y (AND2X1)                      1886210.250
                                                  2488098.000 r
  U872/Y (INVX1)                       709554.500 3197652.500 f
  U1398/Y (NAND2X1)                    1362923.500
                                                  4560576.000 r
  U1399/Y (INVX1)                      1116206.000
                                                  5676782.000 f
  U1400/Y (NAND2X1)                    1290202.000
                                                  6966984.000 r
  U1402/Y (NAND2X1)                    930357.000 7897341.000 f
  U1404/Y (INVX1)                      -562936.000
                                                  7334405.000 r
  U1406/Y (NAND2X1)                    800817.500 8135222.500 f
  U1407/Y (NAND2X1)                    1752620.500
                                                  9887843.000 r
  U1408/Y (INVX1)                      1115973.000
                                                  11003816.000 f
  U1409/Y (NAND2X1)                    1290203.000
                                                  12294019.000 r
  U1463/Y (NAND2X1)                    1126568.000
                                                  13420587.000 f
  U1464/Y (NAND2X1)                    1752599.000
                                                  15173186.000 r
  U1466/Y (INVX1)                      1101472.000
                                                  16274658.000 f
  U1467/Y (NAND2X1)                    1290262.000
                                                  17564920.000 r
  U1468/Y (NAND2X1)                    1127886.000
                                                  18692806.000 f
  U1469/Y (XOR2X1)                     5292962.000
                                                  23985768.000 r
  U687/Y (AND2X1)                      2174678.000
                                                  26160446.000 r
  U688/Y (INVX1)                       715752.000 26876198.000 f
  U1475/Y (NAND2X1)                    1285762.000
                                                  28161960.000 r
  U1476/Y (NAND2X1)                    1127780.000
                                                  29289740.000 f
  U1479/Y (OR2X1)                      2092088.000
                                                  31381828.000 f
  U386/Y (AND2X1)                      2435024.000
                                                  33816852.000 f
  U387/Y (INVX1)                       -1336224.000
                                                  32480628.000 r
  U1481/Y (NAND2X1)                    1052058.000
                                                  33532686.000 f
  U522/Y (OR2X1)                       2326770.000
                                                  35859456.000 f
  U523/Y (INVX1)                       -75748.000 35783708.000 r
  U1486/Y (INVX1)                      656556.000 36440264.000 f
  U1489/Y (NAND2X1)                    918804.000 37359068.000 r
  U1490/Y (NAND2X1)                    1154712.000
                                                  38513780.000 f
  U1491/Y (NAND2X1)                    1748096.000
                                                  40261876.000 r
  U584/Y (INVX1)                       1104144.000
                                                  41366020.000 f
  U585/Y (INVX1)                       457388.000 41823408.000 r
  U1492/Y (NAND2X1)                    1052960.000
                                                  42876368.000 f
  U631/Y (NAND2X1)                     1374572.000
                                                  44250940.000 r
  U610/Y (INVX1)                       1055492.000
                                                  45306432.000 f
  U611/Y (INVX1)                       983460.000 46289892.000 r
  U1501/Y (INVX1)                      656672.000 46946564.000 f
  U1570/Y (NAND2X1)                    918376.000 47864940.000 r
  U913/Y (AND2X1)                      2169360.000
                                                  50034300.000 r
  U914/Y (INVX1)                       721916.000 50756216.000 f
  U2010/Y (XOR2X1)                     5592480.000
                                                  56348696.000 r
  U2015/Y (OR2X1)                      2325020.000
                                                  58673716.000 r
  U2016/Y (NAND2X1)                    1218428.000
                                                  59892144.000 f
  U2017/Y (INVX1)                      -549224.000
                                                  59342920.000 r
  U2021/Y (NAND2X1)                    802464.000 60145384.000 f
  U2048/Y (NAND2X1)                    1404332.000
                                                  61549716.000 r
  U907/Y (XNOR2X1)                     5348776.000
                                                  66898492.000 r
  U908/Y (INVX1)                       1018212.000
                                                  67916704.000 f
  U2085/Y (NAND2X1)                    924784.000 68841488.000 r
  U2091/Y (NAND2X1)                    1126976.000
                                                  69968464.000 f
  U2092/Y (NAND2X1)                    1752600.000
                                                  71721064.000 r
  U2094/Y (INVX1)                      1101392.000
                                                  72822456.000 f
  U2095/Y (NAND2X1)                    1290256.000
                                                  74112712.000 r
  U2096/Y (NAND2X1)                    1127888.000
                                                  75240600.000 f
  U2098/Y (XOR2X1)                     5351336.000
                                                  80591936.000 r
  U2099/Y (INVX1)                      1252992.000
                                                  81844928.000 f
  U2100/Y (NAND2X1)                    1283928.000
                                                  83128856.000 r
  U725/Y (AND2X1)                      1819144.000
                                                  84948000.000 r
  U726/Y (INVX1)                       715512.000 85663512.000 f
  U2118/Y (NAND2X1)                    1752752.000
                                                  87416264.000 r
  U2119/Y (INVX1)                      1216864.000
                                                  88633128.000 f
  U2138/Y (NAND2X1)                    1283872.000
                                                  89917000.000 r
  U727/Y (AND2X1)                      1819152.000
                                                  91736152.000 r
  U728/Y (INVX1)                       715512.000 92451664.000 f
  U2146/Y (NAND2X1)                    1291576.000
                                                  93743240.000 r
  U2159/Y (OR2X1)                      2340000.000
                                                  96083240.000 r
  U785/Y (AND2X1)                      2196856.000
                                                  98280096.000 r
  U786/Y (INVX1)                       708304.000 98988400.000 f
  U2163/Y (NAND2X1)                    1291608.000
                                                  100280008.000 r
  U2174/Y (OR2X1)                      2340064.000
                                                  102620072.000 r
  U2175/Y (NAND2X1)                    1218400.000
                                                  103838472.000 f
  U2225/Y (NAND2X1)                    1393968.000
                                                  105232440.000 r
  U827/Y (AND2X1)                      1808896.000
                                                  107041336.000 r
  U828/Y (INVX1)                       721448.000 107762784.000 f
  U2229/Y (NOR2X1)                     1157560.000
                                                  108920344.000 r
  U2233/Y (NOR2X1)                     156720.000 109077064.000 f
  U2238/Y (NAND2X1)                    880616.000 109957680.000 r
  U2240/Y (NAND2X1)                    866840.000 110824520.000 f
  U2246/Y (OR2X1)                      2088976.000
                                                  112913496.000 f
  U412/Y (AND2X1)                      2434368.000
                                                  115347864.000 f
  U413/Y (INVX1)                       -1340464.000
                                                  114007400.000 r
  U2247/Y (NAND2X1)                    800448.000 114807848.000 f
  U2249/Y (NAND2X1)                    1345424.000
                                                  116153272.000 r
  U2250/Y (INVX1)                      1116592.000
                                                  117269864.000 f
  U2255/Y (NAND2X1)                    919336.000 118189200.000 r
  U677/Y (AND2X1)                      1819040.000
                                                  120008240.000 r
  U678/Y (INVX1)                       714456.000 120722696.000 f
  U2259/Y (NAND2X1)                    1285640.000
                                                  122008336.000 r
  U2260/Y (NOR2X1)                     -84424.000 121923912.000 f
  U2269/Y (NAND2X1)                    883128.000 122807040.000 r
  U664/Y (AND2X1)                      1795408.000
                                                  124602448.000 r
  U607/Y (INVX1)                       732576.000 125335024.000 f
  U2280/Y (INVX1)                      1014288.000
                                                  126349312.000 r
  U2281/Y (NAND2X1)                    1100152.000
                                                  127449464.000 f
  U2283/Y (NAND2X1)                    1337808.000
                                                  128787272.000 r
  U566/Y (INVX1)                       1123240.000
                                                  129910512.000 f
  U567/Y (INVX1)                       450304.000 130360816.000 r
  U2286/Y (NOR2X1)                     533944.000 130894760.000 f
  U2293/Y (NOR2X1)                     1185568.000
                                                  132080328.000 r
  U2297/Y (NAND2X1)                    834560.000 132914888.000 f
  U2299/Y (NAND2X1)                    1341736.000
                                                  134256624.000 r
  U2300/Y (INVX1)                      1116224.000
                                                  135372848.000 f
  U2305/Y (NAND2X1)                    919344.000 136292192.000 r
  U2309/Y (NAND2X1)                    848096.000 137140288.000 f
  U2311/Y (NAND2X1)                    1341904.000
                                                  138482192.000 r
  U2312/Y (INVX1)                      1096448.000
                                                  139578640.000 f
  U2313/Y (NAND2X1)                    1284304.000
                                                  140862944.000 r
  U2317/Y (NAND2X1)                    848080.000 141711024.000 f
  U2319/Y (NAND2X1)                    1341904.000
                                                  143052928.000 r
  U2320/Y (INVX1)                      1096432.000
                                                  144149360.000 f
  U2321/Y (NAND2X1)                    919312.000 145068672.000 r
  U2325/Y (NAND2X1)                    848096.000 145916768.000 f
  U2327/Y (NAND2X1)                    1341904.000
                                                  147258672.000 r
  U2331/Y (INVX1)                      1095968.000
                                                  148354640.000 f
  U2332/Y (NAND2X1)                    1284304.000
                                                  149638944.000 r
  U2333/Y (NAND2X1)                    1127408.000
                                                  150766352.000 f
  U2338/Y (OR2X1)                      2088992.000
                                                  152855344.000 f
  U637/Y (NAND2X1)                     1773408.000
                                                  154628752.000 r
  U626/Y (INVX1)                       1070848.000
                                                  155699600.000 f
  U627/Y (INVX1)                       983488.000 156683088.000 r
  U937/Y (INVX1)                       656336.000 157339424.000 f
  U2518/Y (NAND2X1)                    1286800.000
                                                  158626224.000 r
  U2519/Y (NAND2X1)                    1126720.000
                                                  159752944.000 f
  U2520/Y (NOR2X1)                     1200640.000
                                                  160953584.000 r
  U2531/Y (OR2X1)                      2164832.000
                                                  163118416.000 r
  U2532/Y (NAND2X1)                    1052368.000
                                                  164170784.000 f
  U2533/Y (OR2X1)                      2092400.000
                                                  166263184.000 f
  U2537/Y (NAND2X1)                    871952.000 167135136.000 r
  U2539/Y (NAND2X1)                    866816.000 168001952.000 f
  U2540/Y (OR2X1)                      2087872.000
                                                  170089824.000 f
  U2544/Y (NAND2X1)                    872144.000 170961968.000 r
  U2546/Y (NAND2X1)                    867680.000 171829648.000 f
  U2547/Y (OR2X1)                      2087648.000
                                                  173917296.000 f
  U2550/Y (NAND2X1)                    872208.000 174789504.000 r
  U2552/Y (NAND2X1)                    866832.000 175656336.000 f
  U2562/Y (NAND2X1)                    879280.000 176535616.000 r
  U2565/Y (NAND2X1)                    865984.000 177401600.000 f
  U2566/Y (NAND2X1)                    1403920.000
                                                  178805520.000 r
  U2568/Y (OR2X1)                      2605504.000
                                                  181411024.000 r
  U2570/Y (NAND2X1)                    797152.000 182208176.000 f
  U926/Y (AND2X1)                      2047600.000
                                                  184255776.000 f
  U464/Y (AND2X1)                      2426832.000
                                                  186682608.000 f
  U465/Y (INVX1)                       -1389184.000
                                                  185293424.000 r
  U2581/Y (NAND2X1)                    798784.000 186092208.000 f
  out[0] (out)                            0.000   186092208.000 f
  data arrival time                               186092208.000

  clock clk (rise edge)                250000000.000
                                                  250000000.000
  clock network delay (ideal)             0.000   250000000.000
  output external delay                   0.000   250000000.000
  data required time                              250000000.000
  -----------------------------------------------------------
  data required time                              250000000.000
  data arrival time                               -186092208.000
  -----------------------------------------------------------
  slack (MET)                                     63907792.000


1
