 
****************************************
Report : area
Design : top
Version: S-2021.06-SP2
Date   : Fri Dec 16 11:17:29 2022
****************************************

Library(s) Used:

    PPDK_Standard_Library_1.0V_25C_TYP_X1 (File: /home/akokkinis/synLibs/egfet/db/EGFET_1.0V.db)

Number of ports:                           47
Number of nets:                          1078
Number of cells:                         1038
Number of combinational cells:           1038
Number of sequential cells:                 0
Number of macros/black boxes:               0
Number of buf/inv:                        393
Number of references:                       7

Combinational area:          394097943.000000
Buf/Inv area:                 89769060.000000
Noncombinational area:               0.000000
Macro/Black Box area:                0.000000
Net Interconnect area:      undefined  (No wire load specified)

Total cell area:             394097943.000000
Total area:                 undefined
1
