****************************************
Report : timing
	-path_type full
	-delay_type max
	-max_paths 1
	-sort_by slack
Design : top
Version: S-2021.06-SP1
Date   : Sat Dec  3 11:46:35 2022
****************************************


  Startpoint: inp[13] (input port clocked by clk)
  Endpoint: out[0] (output port clocked by clk)
  Path Group: clk
  Path Type: max

  Point                                    Incr       Path
  ---------------------------------------------------------------
  clock clk (rise edge)                   0.000      0.000
  clock network delay (ideal)             0.000      0.000
  input external delay                    0.000      0.000 r
  inp[13] (in)                            0.000      0.000 r
  U626/Y (AND2X1)                      2207112.000
                                                  2207112.000 r
  U627/Y (INVX1)                       705440.000 2912552.000 f
  U855/Y (NAND2X1)                     918768.000 3831320.000 r
  U258/Y (AND2X1)                      2174720.000
                                                  6006040.000 r
  U259/Y (INVX1)                       715952.000 6721992.000 f
  U540/Y (AND2X1)                      2034904.000
                                                  8756896.000 f
  U541/Y (INVX1)                       -1375264.000
                                                  7381632.000 r
  U856/Y (NAND2X1)                     803696.000 8185328.000 f
  U860/Y (XOR2X1)                      5246208.000
                                                  13431536.000 r
  U861/Y (XOR2X1)                      4334816.000
                                                  17766352.000 f
  U863/Y (XOR2X1)                      5737104.000
                                                  23503456.000 r
  U580/Y (AND2X1)                      2175784.000
                                                  25679240.000 r
  U581/Y (INVX1)                       715392.000 26394632.000 f
  U867/Y (NAND2X1)                     1285744.000
                                                  27680376.000 r
  U135/Y (AND2X1)                      1818760.000
                                                  29499136.000 r
  U136/Y (INVX1)                       709040.000 30208176.000 f
  U869/Y (OR2X1)                       2115216.000
                                                  32323392.000 f
  U524/Y (AND2X1)                      2434376.000
                                                  34757768.000 f
  U525/Y (INVX1)                       -1340504.000
                                                  33417264.000 r
  U639/Y (AND2X1)                      1889088.000
                                                  35306352.000 r
  U193/Y (AND2X1)                      1835656.000
                                                  37142008.000 r
  U194/Y (INVX1)                       710400.000 37852408.000 f
  U544/Y (AND2X1)                      2034872.000
                                                  39887280.000 f
  U545/Y (INVX1)                       -1187200.000
                                                  38700080.000 r
  U440/Y (AND2X1)                      1881840.000
                                                  40581920.000 r
  U441/Y (INVX1)                       715576.000 41297496.000 f
  U375/Y (NAND2X1)                     1285616.000
                                                  42583112.000 r
  U488/Y (AND2X1)                      2174560.000
                                                  44757672.000 r
  U489/Y (INVX1)                       715568.000 45473240.000 f
  U358/Y (OR2X1)                       2316120.000
                                                  47789360.000 f
  U359/Y (INVX1)                       -949128.000
                                                  46840232.000 r
  U127/Y (AND2X1)                      1879728.000
                                                  48719960.000 r
  U128/Y (INVX1)                       715752.000 49435712.000 f
  U417/Y (AND2X1)                      2458008.000
                                                  51893720.000 f
  U418/Y (INVX1)                       -1139160.000
                                                  50754560.000 r
  U892/Y (NAND2X1)                     1054504.000
                                                  51809064.000 f
  U429/Y (XNOR2X1)                     6622608.000
                                                  58431672.000 f
  U918/Y (XOR2X1)                      5520128.000
                                                  63951800.000 r
  U454/Y (AND2X1)                      2175232.000
                                                  66127032.000 r
  U455/Y (INVX1)                       715568.000 66842600.000 f
  U385/Y (NAND2X1)                     1285744.000
                                                  68128344.000 r
  U254/Y (AND2X1)                      1818760.000
                                                  69947104.000 r
  U255/Y (INVX1)                       725776.000 70672880.000 f
  U921/Y (INVX1)                       440480.000 71113360.000 r
  U922/Y (NAND2X1)                     1053360.000
                                                  72166720.000 f
  U171/Y (AND2X1)                      2441904.000
                                                  74608624.000 f
  U172/Y (INVX1)                       -1279584.000
                                                  73329040.000 r
  U620/Y (XNOR2X1)                     5939376.000
                                                  79268416.000 r
  U621/Y (INVX1)                       948896.000 80217312.000 f
  U931/Y (OR2X1)                       2115440.000
                                                  82332752.000 f
  U179/Y (AND2X1)                      2434368.000
                                                  84767120.000 f
  U180/Y (INVX1)                       -1340536.000
                                                  83426584.000 r
  U395/Y (AND2X1)                      1889096.000
                                                  85315680.000 r
  U396/Y (INVX1)                       712272.000 86027952.000 f
  U386/Y (NAND2X1)                     1285616.000
                                                  87313568.000 r
  U932/Y (NAND2X1)                     848304.000 88161872.000 f
  U294/Y (AND2X1)                      2441928.000
                                                  90603800.000 f
  U295/Y (INVX1)                       -1279064.000
                                                  89324736.000 r
  U934/Y (NOR2X1)                      549440.000 89874176.000 f
  U936/Y (NOR2X1)                      1185448.000
                                                  91059624.000 r
  U684/Y (AND2X1)                      2169232.000
                                                  93228856.000 r
  U685/Y (INVX1)                       740536.000 93969392.000 f
  U945/Y (NAND2X1)                     918752.000 94888144.000 r
  U183/Y (AND2X1)                      2174504.000
                                                  97062648.000 r
  U184/Y (INVX1)                       715584.000 97778232.000 f
  U946/Y (NOR2X1)                      1157496.000
                                                  98935728.000 r
  U496/Y (AND2X1)                      2182240.000
                                                  101117968.000 r
  U497/Y (INVX1)                       713072.000 101831040.000 f
  U590/Y (AND2X1)                      2034872.000
                                                  103865912.000 f
  U591/Y (INVX1)                       -1327736.000
                                                  102538176.000 r
  U949/Y (NOR2X1)                      549728.000 103087904.000 f
  U951/Y (NOR2X1)                      1193088.000
                                                  104280992.000 r
  U145/Y (AND2X1)                      1837456.000
                                                  106118448.000 r
  U146/Y (INVX1)                       715560.000 106834008.000 f
  U462/Y (AND2X1)                      2034872.000
                                                  108868880.000 f
  U463/Y (INVX1)                       -1278904.000
                                                  107589976.000 r
  U466/Y (AND2X1)                      2198904.000
                                                  109788880.000 r
  U467/Y (INVX1)                       707632.000 110496512.000 f
  U534/Y (AND2X1)                      2034880.000
                                                  112531392.000 f
  U535/Y (INVX1)                       -1447360.000
                                                  111084032.000 r
  U588/Y (AND2X1)                      1882000.000
                                                  112966032.000 r
  U589/Y (INVX1)                       708536.000 113674568.000 f
  U957/Y (NAND2X1)                     1285776.000
                                                  114960344.000 r
  U552/Y (AND2X1)                      1818752.000
                                                  116779096.000 r
  U553/Y (INVX1)                       715792.000 117494888.000 f
  U961/Y (NAND2X1)                     1285616.000
                                                  118780504.000 r
  U430/Y (AND2X1)                      2174560.000
                                                  120955064.000 r
  U431/Y (INVX1)                       715784.000 121670848.000 f
  U963/Y (NAND2X1)                     918816.000 122589664.000 r
  U532/Y (AND2X1)                      1818752.000
                                                  124408416.000 r
  U533/Y (INVX1)                       710240.000 125118656.000 f
  U602/Y (AND2X1)                      2034880.000
                                                  127153536.000 f
  U603/Y (INVX1)                       -1340432.000
                                                  125813104.000 r
  U967/Y (NOR2X1)                      550144.000 126363248.000 f
  out[0] (out)                            0.000   126363248.000 f
  data arrival time                               126363248.000

  clock clk (rise edge)                200000000.000
                                                  200000000.000
  clock network delay (ideal)             0.000   200000000.000
  clock reconvergence pessimism           0.000   200000000.000
  output external delay                   0.000   200000000.000
  data required time                              200000000.000
  ---------------------------------------------------------------
  data required time                              200000000.000
  data arrival time                               -126363248.000
  ---------------------------------------------------------------
  slack (MET)                                     73636752.000


1
