****************************************
Report : timing
	-path_type full
	-delay_type max
	-max_paths 1
	-sort_by slack
Design : top
Version: S-2021.06-SP1
Date   : Tue Nov 29 17:05:01 2022
****************************************


  Startpoint: inp[14] (input port clocked by clk)
  Endpoint: out[0] (output port clocked by clk)
  Path Group: clk
  Path Type: max

  Point                                    Incr       Path
  ---------------------------------------------------------------
  clock clk (rise edge)                   0.000      0.000
  clock network delay (ideal)             0.000      0.000
  input external delay                    0.000      0.000 f
  inp[14] (in)                            0.000      0.000 f
  U1756/Y (INVX1)                      589104.000 589104.000 r
  U1758/Y (NAND2X1)                    1052464.000
                                                  1641568.000 f
  U1759/Y (NAND2X1)                    891872.000 2533440.000 r
  U1761/Y (OR2X1)                      2535712.000
                                                  5069152.000 r
  U1949/Y (NAND2X1)                    802960.000 5872112.000 f
  U1955/Y (XOR2X1)                     5293552.000
                                                  11165664.000 r
  U1956/Y (XOR2X1)                     4755984.000
                                                  15921648.000 f
  U1959/Y (XOR2X1)                     5750160.000
                                                  21671808.000 r
  U1960/Y (XOR2X1)                     4658960.000
                                                  26330768.000 f
  U1964/Y (XNOR2X1)                    5954864.000
                                                  32285632.000 f
  U1970/Y (NAND2X1)                    852384.000 33138016.000 r
  U1971/Y (NAND2X1)                    1156912.000
                                                  34294928.000 f
  U924/Y (XOR2X1)                      3001152.000
                                                  37296080.000 f
  U887/Y (XNOR2X1)                     6158848.000
                                                  43454928.000 f
  U2020/Y (XOR2X1)                     5402336.000
                                                  48857264.000 r
  U2021/Y (XOR2X1)                     4659104.000
                                                  53516368.000 f
  U2051/Y (XOR2X1)                     5436736.000
                                                  58953104.000 r
  U2052/Y (INVX1)                      1287584.000
                                                  60240688.000 f
  U2067/Y (NAND2X1)                    919536.000 61160224.000 r
  U2070/Y (NAND2X1)                    877792.000 62038016.000 f
  U2074/Y (XOR2X1)                     3001088.000
                                                  65039104.000 f
  U976/Y (AND2X1)                      2417328.000
                                                  67456432.000 f
  U977/Y (INVX1)                       -1450688.000
                                                  66005744.000 r
  U2120/Y (AND2X1)                     1889152.000
                                                  67894896.000 r
  U2121/Y (INVX1)                      724896.000 68619792.000 f
  U2127/Y (XOR2X1)                     5301040.000
                                                  73920832.000 r
  U2156/Y (NAND2X1)                    931264.000 74852096.000 f
  U2175/Y (NAND2X1)                    1348784.000
                                                  76200880.000 r
  U2179/Y (INVX1)                      1095504.000
                                                  77296384.000 f
  U2180/Y (NAND2X1)                    919312.000 78215696.000 r
  U813/Y (AND2X1)                      1795312.000
                                                  80011008.000 r
  U814/Y (INVX1)                       715632.000 80726640.000 f
  U2182/Y (NAND2X1)                    947120.000 81673760.000 r
  U3136/Y (NAND2X1)                    931456.000 82605216.000 f
  U671/Y (NAND2X1)                     1770800.000
                                                  84376016.000 r
  U3137/Y (INVX1)                      1101584.000
                                                  85477600.000 f
  U646/Y (AND2X1)                      2034928.000
                                                  87512528.000 f
  U647/Y (INVX1)                       -1188688.000
                                                  86323840.000 r
  U3995/Y (NAND2X1)                    1060736.000
                                                  87384576.000 f
  U3996/Y (NAND2X1)                    1381248.000
                                                  88765824.000 r
  U3998/Y (NAND2X1)                    865488.000 89631312.000 f
  U4002/Y (XOR2X1)                     5293856.000
                                                  94925168.000 r
  U4021/Y (XOR2X1)                     4755760.000
                                                  99680928.000 f
  U4023/Y (XOR2X1)                     5089584.000
                                                  104770512.000 r
  U4027/Y (XOR2X1)                     4343920.000
                                                  109114432.000 f
  U4060/Y (XOR2X1)                     5733392.000
                                                  114847824.000 r
  U462/Y (AND2X1)                      2175568.000
                                                  117023392.000 r
  U463/Y (INVX1)                       715232.000 117738624.000 f
  U4061/Y (AND2X1)                     2243888.000
                                                  119982512.000 f
  U789/Y (AND2X1)                      2050312.000
                                                  122032824.000 f
  U790/Y (INVX1)                       -1447960.000
                                                  120584864.000 r
  U4063/Y (AND2X1)                     1977656.000
                                                  122562520.000 r
  U440/Y (AND2X1)                      1861888.000
                                                  124424408.000 r
  U441/Y (INVX1)                       715232.000 125139640.000 f
  U4123/Y (NAND2X1)                    930056.000 126069696.000 r
  U4133/Y (NAND2X1)                    1127440.000
                                                  127197136.000 f
  U4134/Y (AND2X1)                     2246224.000
                                                  129443360.000 f
  U4135/Y (XOR2X1)                     5952800.000
                                                  135396160.000 r
  U4136/Y (INVX1)                      1252960.000
                                                  136649120.000 f
  U791/Y (AND2X1)                      2034688.000
                                                  138683808.000 f
  U792/Y (INVX1)                       -1450464.000
                                                  137233344.000 r
  U4138/Y (NAND2X1)                    1051984.000
                                                  138285328.000 f
  U4144/Y (OR2X1)                      2092432.000
                                                  140377760.000 f
  U780/Y (AND2X1)                      2434976.000
                                                  142812736.000 f
  U781/Y (INVX1)                       -242592.000
                                                  142570144.000 r
  U1182/Y (INVX1)                      693888.000 143264032.000 f
  U4156/Y (NAND2X1)                    918432.000 144182464.000 r
  U4157/Y (NAND2X1)                    1128640.000
                                                  145311104.000 f
  U4467/Y (NOR2X1)                     1195008.000
                                                  146506112.000 r
  U4468/Y (NOR2X1)                     101472.000 146607584.000 f
  U936/Y (AND2X1)                      2440464.000
                                                  149048048.000 f
  U937/Y (INVX1)                       -1301200.000
                                                  147746848.000 r
  U4471/Y (AND2X1)                     1881904.000
                                                  149628752.000 r
  U4472/Y (INVX1)                      718768.000 150347520.000 f
  U4473/Y (OR2X1)                      2115280.000
                                                  152462800.000 f
  U4477/Y (NAND2X1)                    870736.000 153333536.000 r
  U4479/Y (NAND2X1)                    930960.000 154264496.000 f
  U869/Y (AND2X1)                      2045552.000
                                                  156310048.000 f
  U870/Y (INVX1)                       -1307808.000
                                                  155002240.000 r
  U297/Y (AND2X1)                      2202048.000
                                                  157204288.000 r
  U298/Y (INVX1)                       712256.000 157916544.000 f
  U865/Y (AND2X1)                      2034864.000
                                                  159951408.000 f
  U866/Y (INVX1)                       -1307408.000
                                                  158644000.000 r
  U4498/Y (AND2X1)                     2202048.000
                                                  160846048.000 r
  U787/Y (AND2X1)                      1836560.000
                                                  162682608.000 r
  U788/Y (INVX1)                       707696.000 163390304.000 f
  U4506/Y (NAND2X1)                    1285632.000
                                                  164675936.000 r
  U286/Y (AND2X1)                      1818784.000
                                                  166494720.000 r
  U287/Y (INVX1)                       715536.000 167210256.000 f
  U4516/Y (NAND2X1)                    1362928.000
                                                  168573184.000 r
  U652/Y (AND2X1)                      1797760.000
                                                  170370944.000 r
  U653/Y (INVX1)                       719824.000 171090768.000 f
  U656/Y (AND2X1)                      2458080.000
                                                  173548848.000 f
  U657/Y (INVX1)                       -1174976.000
                                                  172373872.000 r
  U4526/Y (OR2X1)                      1640560.000
                                                  174014432.000 r
  U4530/Y (NAND2X1)                    804896.000 174819328.000 f
  U4532/Y (NAND2X1)                    1341376.000
                                                  176160704.000 r
  U4537/Y (INVX1)                      1116576.000
                                                  177277280.000 f
  U4538/Y (NAND2X1)                    1284240.000
                                                  178561520.000 r
  U783/Y (AND2X1)                      2178032.000
                                                  180739552.000 r
  U784/Y (INVX1)                       775488.000 181515040.000 f
  U867/Y (AND2X1)                      2034976.000
                                                  183550016.000 f
  U868/Y (INVX1)                       -1307088.000
                                                  182242928.000 r
  U4551/Y (NAND2X1)                    930416.000 183173344.000 f
  U4552/Y (INVX1)                      -559232.000
                                                  182614112.000 r
  U5192/Y (NAND2X1)                    800816.000 183414928.000 f
  U5195/Y (NAND2X1)                    886080.000 184301008.000 r
  U5196/Y (NAND2X1)                    930976.000 185231984.000 f
  U5197/Y (INVX1)                      -549440.000
                                                  184682544.000 r
  U5202/Y (NAND2X1)                    800816.000 185483360.000 f
  U5207/Y (NAND2X1)                    891952.000 186375312.000 r
  U5208/Y (NAND2X1)                    865968.000 187241280.000 f
  U281/Y (AND2X1)                      2441952.000
                                                  189683232.000 f
  U282/Y (INVX1)                       -1291488.000
                                                  188391744.000 r
  U5212/Y (NAND2X1)                    800480.000 189192224.000 f
  U5215/Y (NAND2X1)                    1341920.000
                                                  190534144.000 r
  U5216/Y (INVX1)                      1095872.000
                                                  191630016.000 f
  U5221/Y (NAND2X1)                    919312.000 192549328.000 r
  U5226/Y (NAND2X1)                    848112.000 193397440.000 f
  U263/Y (NAND2X1)                     1752592.000
                                                  195150032.000 r
  U900/Y (AND2X1)                      1797744.000
                                                  196947776.000 r
  U901/Y (INVX1)                       718480.000 197666256.000 f
  U5238/Y (NAND2X1)                    1752752.000
                                                  199419008.000 r
  U5239/Y (INVX1)                      1216880.000
                                                  200635888.000 f
  U5240/Y (NAND2X1)                    1283872.000
                                                  201919760.000 r
  U5244/Y (NAND2X1)                    848016.000 202767776.000 f
  U902/Y (AND2X1)                      2048512.000
                                                  204816288.000 f
  U5252/Y (NAND2X1)                    859728.000 205676016.000 r
  U5257/Y (NAND2X1)                    848112.000 206524128.000 f
  U5259/Y (NAND2X1)                    1752576.000
                                                  208276704.000 r
  U5260/Y (INVX1)                      1103248.000
                                                  209379952.000 f
  U5266/Y (NAND2X1)                    919328.000 210299280.000 r
  U5270/Y (NAND2X1)                    849152.000 211148432.000 f
  U5278/Y (NAND2X1)                    879600.000 212028032.000 r
  U897/Y (AND2X1)                      916480.000 212944512.000 r
  U896/Y (NAND2X1)                     940096.000 213884608.000 f
  U782/Y (INVX1)                       -459264.000
                                                  213425344.000 r
  U5279/Y (NOR2X1)                     485152.000 213910496.000 f
  U5350/Y (NOR2X1)                     1195920.000
                                                  215106416.000 r
  U5352/Y (AND2X1)                     2181664.000
                                                  217288080.000 r
  U5353/Y (INVX1)                      713472.000 218001552.000 f
  U268/Y (NOR2X1)                      1621648.000
                                                  219623200.000 r
  U267/Y (INVX1)                       1002480.000
                                                  220625680.000 f
  U5359/Y (NAND2X1)                    919200.000 221544880.000 r
  U5361/Y (AND2X1)                     1794240.000
                                                  223339120.000 r
  U5362/Y (INVX1)                      715792.000 224054912.000 f
  U270/Y (NOR2X1)                      1621648.000
                                                  225676560.000 r
  U269/Y (INVX1)                       1002480.000
                                                  226679040.000 f
  U5369/Y (NAND2X1)                    919200.000 227598240.000 r
  U5371/Y (NAND2X1)                    930992.000 228529232.000 f
  U5382/Y (NAND2X1)                    881136.000 229410368.000 r
  U5383/Y (NAND2X1)                    1234832.000
                                                  230645200.000 f
  U5393/Y (NAND2X1)                    881008.000 231526208.000 r
  U5394/Y (NAND2X1)                    1234784.000
                                                  232760992.000 f
  U5404/Y (NAND2X1)                    881008.000 233642000.000 r
  U5405/Y (NAND2X1)                    1234800.000
                                                  234876800.000 f
  U5415/Y (NAND2X1)                    881008.000 235757808.000 r
  U5416/Y (NAND2X1)                    1234784.000
                                                  236992592.000 f
  U5426/Y (NAND2X1)                    881008.000 237873600.000 r
  U265/Y (NAND2X1)                     1155568.000
                                                  239029168.000 f
  U5434/Y (NOR2X1)                     1196816.000
                                                  240225984.000 r
  U5437/Y (NOR2X1)                     99088.000  240325072.000 f
  U5438/Y (NAND2X1)                    1391104.000
                                                  241716176.000 r
  U293/Y (NOR2X1)                      -302912.000
                                                  241413264.000 f
  U291/Y (NOR2X1)                      1629136.000
                                                  243042400.000 r
  U292/Y (INVX1)                       1000320.000
                                                  244042720.000 f
  U5440/Y (NAND2X1)                    1374480.000
                                                  245417200.000 r
  U5447/Y (INVX1)                      1095552.000
                                                  246512752.000 f
  U5448/Y (NAND2X1)                    1284480.000
                                                  247797232.000 r
  U5449/Y (NAND2X1)                    1126080.000
                                                  248923312.000 f
  U5455/Y (NAND2X1)                    875344.000 249798656.000 r
  out[0] (out)                            0.000   249798656.000 r
  data arrival time                               249798656.000

  clock clk (rise edge)                250000000.000
                                                  250000000.000
  clock network delay (ideal)             0.000   250000000.000
  clock reconvergence pessimism           0.000   250000000.000
  output external delay                   0.000   250000000.000
  data required time                              250000000.000
  ---------------------------------------------------------------
  data required time                              250000000.000
  data arrival time                               -249798656.000
  ---------------------------------------------------------------
  slack (MET)                                     201344.000


1
