Information: Updating design information... (UID-85)
 
****************************************
Report : qor
Design : top
Version: S-2021.06-SP2
Date   : Tue Nov 29 14:20:38 2022
****************************************


  Timing Path Group 'clk'
  -----------------------------------
  Levels of Logic:             130.00
  Critical Path Length:  196210608.00
  Critical Path Slack:    53789392.00
  Critical Path Clk Period:
                         250000000.00
  Total Negative Slack:          0.00
  No. of Violating Paths:        0.00
  Worst Hold Violation:          0.00
  Total Hold Violation:          0.00
  No. of Hold Violations:        0.00
  -----------------------------------


  Cell Count
  -----------------------------------
  Hierarchical Cell Count:          0
  Hierarchical Port Count:          0
  Leaf Cell Count:               2869
  Buf/Inv Cell Count:             681
  Buf Cell Count:                   0
  Inv Cell Count:                 681
  CT Buf/Inv Cell Count:            0
  Combinational Cell Count:      2869
  Sequential Cell Count:            0
  Macro Count:                      0
  -----------------------------------


  Area
  -----------------------------------
  Combinational Area:
                    1111942393.000000
  Noncombinational Area:     0.000000
  Buf/Inv Area:      155554020.000000
  Total Buffer Area:             0.00
  Total Inverter Area:   155554020.00
  Macro/Black Box Area:      0.000000
  Net Area:                  0.000000
  -----------------------------------
  Cell Area:        1111942393.000000
  Design Area:      1111942393.000000


  Design Rules
  -----------------------------------
  Total Number of Nets:          2933
  Nets With Violations:          2869
  Max Trans Violations:          2869
  Max Cap Violations:               0
  -----------------------------------


  Hostname: leoforos

  Compile CPU Statistics
  -----------------------------------------
  Resource Sharing:                    1.44
  Logic Optimization:                  0.16
  Mapping Optimization:                2.32
  -----------------------------------------
  Overall Compile Time:               13.06
  Overall Compile Wall Clock Time:    14.14

  --------------------------------------------------------------------

  Design  WNS: 0.00  TNS: 0.00  Number of Violating Paths: 0


  Design (Hold)  WNS: 0.00  TNS: 0.00  Number of Violating Paths: 0

  --------------------------------------------------------------------


1
