 
****************************************
Report : timing
        -path full
        -delay max
        -max_paths 1
Design : top
Version: S-2021.06-SP2
Date   : Fri Dec 16 16:16:25 2022
****************************************

Operating Conditions: TT   Library: PPDK_Standard_Library_1.0V_25C_TYP_X1
Wire Load Model Mode: top

  Startpoint: inp[18] (input port clocked by clk)
  Endpoint: out[0] (output port clocked by clk)
  Path Group: clk
  Path Type: max

  Point                                    Incr       Path
  -----------------------------------------------------------
  clock clk (rise edge)                   0.000      0.000
  clock network delay (ideal)             0.000      0.000
  input external delay                    0.000      0.000 f
  inp[18] (in)                            0.000      0.000 f
  U1076/Y (INVX1)                      595481.000 595481.000 r
  U1402/Y (NAND2X1)                    1057275.625
                                                  1652756.625 f
  U1403/Y (XOR2X1)                     5943130.000
                                                  7595886.500 r
  U905/Y (AND2X1)                      1783515.500
                                                  9379402.000 r
  U906/Y (INVX1)                       707902.000 10087304.000 f
  U1408/Y (AND2X1)                     2243896.000
                                                  12331200.000 f
  U1497/Y (XOR2X1)                     5259474.000
                                                  17590674.000 r
  U1498/Y (XOR2X1)                     4328748.000
                                                  21919422.000 f
  U1502/Y (NAND2X1)                    836964.000 22756386.000 r
  U1503/Y (NAND2X1)                    867632.000 23624018.000 f
  U1523/Y (XOR2X1)                     5245344.000
                                                  28869362.000 r
  U1525/Y (XOR2X1)                     4334642.000
                                                  33204004.000 f
  U1630/Y (XOR2X1)                     5094408.000
                                                  38298412.000 r
  U1653/Y (XOR2X1)                     4744808.000
                                                  43043220.000 f
  U1689/Y (XOR2X1)                     5406908.000
                                                  48450128.000 r
  U1690/Y (INVX1)                      1276828.000
                                                  49726956.000 f
  U1691/Y (NAND2X1)                    1283684.000
                                                  51010640.000 r
  U1692/Y (NAND2X1)                    1128560.000
                                                  52139200.000 f
  U1694/Y (XOR2X1)                     5293280.000
                                                  57432480.000 r
  U1696/Y (OR2X1)                      2337808.000
                                                  59770288.000 r
  U1697/Y (NAND2X1)                    1052288.000
                                                  60822576.000 f
  U1706/Y (XOR2X1)                     5244188.000
                                                  66066764.000 r
  U735/Y (AND2X1)                      2174372.000
                                                  68241136.000 r
  U736/Y (INVX1)                       715632.000 68956768.000 f
  U1707/Y (NAND2X1)                    1291584.000
                                                  70248352.000 r
  U1714/Y (NAND2X1)                    848608.000 71096960.000 f
  U1715/Y (NAND2X1)                    1399440.000
                                                  72496400.000 r
  U1716/Y (NAND2X1)                    1155944.000
                                                  73652344.000 f
  U1717/Y (NAND2X1)                    1400312.000
                                                  75052656.000 r
  U1718/Y (NAND2X1)                    1234032.000
                                                  76286688.000 f
  U440/Y (INVX1)                       223056.000 76509744.000 r
  U441/Y (INVX1)                       647184.000 77156928.000 f
  U495/Y (NAND2X1)                     1385432.000
                                                  78542360.000 r
  U446/Y (INVX1)                       1108112.000
                                                  79650472.000 f
  U447/Y (INVX1)                       969344.000 80619816.000 r
  U1741/Y (INVX1)                      646760.000 81266576.000 f
  U2509/Y (NAND2X1)                    1286816.000
                                                  82553392.000 r
  U2510/Y (NAND2X1)                    1129352.000
                                                  83682744.000 f
  U2512/Y (XOR2X1)                     5384016.000
                                                  89066760.000 r
  U2776/Y (XOR2X1)                     4762512.000
                                                  93829272.000 f
  U1036/Y (INVX1)                      -865176.000
                                                  92964096.000 r
  U1037/Y (INVX1)                      674072.000 93638168.000 f
  U2932/Y (XOR2X1)                     4922208.000
                                                  98560376.000 r
  U2933/Y (OR2X1)                      2364392.000
                                                  100924768.000 r
  U2934/Y (NAND2X1)                    1052120.000
                                                  101976888.000 f
  U2936/Y (XOR2X1)                     5391504.000
                                                  107368392.000 r
  U497/Y (XOR2X1)                      4657880.000
                                                  112026272.000 f
  U2958/Y (NAND2X1)                    811096.000 112837368.000 r
  U516/Y (AND2X1)                      1819152.000
                                                  114656520.000 r
  U517/Y (INVX1)                       714952.000 115371472.000 f
  U2962/Y (NAND2X1)                    1362952.000
                                                  116734424.000 r
  U2963/Y (INVX1)                      1093456.000
                                                  117827880.000 f
  U2964/Y (NAND2X1)                    1284304.000
                                                  119112184.000 r
  U665/Y (AND2X1)                      1819064.000
                                                  120931248.000 r
  U666/Y (INVX1)                       715392.000 121646640.000 f
  U2968/Y (NAND2X1)                    924536.000 122571176.000 r
  U2970/Y (OR2X1)                      2605640.000
                                                  125176816.000 r
  U899/Y (AND2X1)                      2199600.000
                                                  127376416.000 r
  U900/Y (INVX1)                       707408.000 128083824.000 f
  U2985/Y (NAND2X1)                    1752752.000
                                                  129836576.000 r
  U2986/Y (INVX1)                      1216832.000
                                                  131053408.000 f
  U3001/Y (NAND2X1)                    919456.000 131972864.000 r
  U546/Y (AND2X1)                      1818928.000
                                                  133791792.000 r
  U547/Y (INVX1)                       715152.000 134506944.000 f
  U3003/Y (NAND2X1)                    1362960.000
                                                  135869904.000 r
  U3004/Y (INVX1)                      1216880.000
                                                  137086784.000 f
  U3005/Y (NAND2X1)                    1283872.000
                                                  138370656.000 r
  U540/Y (AND2X1)                      1819152.000
                                                  140189808.000 r
  U541/Y (INVX1)                       715152.000 140904960.000 f
  U3017/Y (NAND2X1)                    1362960.000
                                                  142267920.000 r
  U3018/Y (INVX1)                      1093504.000
                                                  143361424.000 f
  U3019/Y (NAND2X1)                    1284304.000
                                                  144645728.000 r
  U542/Y (AND2X1)                      1819056.000
                                                  146464784.000 r
  U543/Y (INVX1)                       715168.000 147179952.000 f
  U3029/Y (NAND2X1)                    924544.000 148104496.000 r
  U3037/Y (OR2X1)                      2605632.000
                                                  150710128.000 r
  U3038/Y (NAND2X1)                    1215648.000
                                                  151925776.000 f
  U429/Y (INVX1)                       296272.000 152222048.000 r
  U3054/Y (NAND2X1)                    1100352.000
                                                  153322400.000 f
  U3055/Y (NAND2X1)                    1343680.000
                                                  154666080.000 r
  U3056/Y (INVX1)                      1216944.000
                                                  155883024.000 f
  U3057/Y (NAND2X1)                    1284048.000
                                                  157167072.000 r
  U3060/Y (NAND2X1)                    848032.000 158015104.000 f
  U3062/Y (NAND2X1)                    1342656.000
                                                  159357760.000 r
  U3063/Y (INVX1)                      1093504.000
                                                  160451264.000 f
  U3068/Y (NAND2X1)                    919312.000 161370576.000 r
  U3072/Y (NAND2X1)                    848096.000 162218672.000 f
  U3074/Y (NAND2X1)                    1341888.000
                                                  163560560.000 r
  U3075/Y (INVX1)                      1095936.000
                                                  164656496.000 f
  U3080/Y (NAND2X1)                    919312.000 165575808.000 r
  U3083/Y (NAND2X1)                    848096.000 166423904.000 f
  U3085/Y (NAND2X1)                    885360.000 167309264.000 r
  U3086/Y (OR2X1)                      2606848.000
                                                  169916112.000 r
  U3090/Y (NAND2X1)                    799184.000 170715296.000 f
  U3092/Y (NAND2X1)                    1341792.000
                                                  172057088.000 r
  U3093/Y (INVX1)                      1095616.000
                                                  173152704.000 f
  U3097/Y (NAND2X1)                    919312.000 174072016.000 r
  U3101/Y (NAND2X1)                    848032.000 174920048.000 f
  U3103/Y (NAND2X1)                    879600.000 175799648.000 r
  U3104/Y (NAND2X1)                    1156688.000
                                                  176956336.000 f
  U3105/Y (NAND2X1)                    1752576.000
                                                  178708912.000 r
  U3106/Y (INVX1)                      1095488.000
                                                  179804400.000 f
  U3109/Y (NAND2X1)                    919312.000 180723712.000 r
  U3111/Y (NAND2X1)                    848096.000 181571808.000 f
  U573/Y (AND2X1)                      2063024.000
                                                  183634832.000 f
  U3609/Y (NAND2X1)                    854912.000 184489744.000 r
  U3610/Y (NAND2X1)                    1235824.000
                                                  185725568.000 f
  U3725/Y (NOR2X1)                     1195200.000
                                                  186920768.000 r
  U3731/Y (NOR2X1)                     101440.000 187022208.000 f
  U3737/Y (NAND2X1)                    880624.000 187902832.000 r
  U3739/Y (NAND2X1)                    866816.000 188769648.000 f
  U3748/Y (OR2X1)                      2087712.000
                                                  190857360.000 f
  U3749/Y (NAND2X1)                    1425232.000
                                                  192282592.000 r
  U3753/Y (OR2X1)                      2655856.000
                                                  194938448.000 r
  U3757/Y (NAND2X1)                    797424.000 195735872.000 f
  U3759/Y (NAND2X1)                    885456.000 196621328.000 r
  U3764/Y (OR2X1)                      2605488.000
                                                  199226816.000 r
  U3769/Y (NAND2X1)                    797424.000 200024240.000 f
  U3771/Y (NAND2X1)                    885296.000 200909536.000 r
  U3772/Y (OR2X1)                      2605472.000
                                                  203515008.000 r
  U3776/Y (NAND2X1)                    797424.000 204312432.000 f
  U3778/Y (NAND2X1)                    1341872.000
                                                  205654304.000 r
  U3779/Y (INVX1)                      1095648.000
                                                  206749952.000 f
  U3784/Y (NAND2X1)                    919312.000 207669264.000 r
  U3785/Y (NAND2X1)                    848096.000 208517360.000 f
  U3787/Y (NAND2X1)                    885504.000 209402864.000 r
  U3789/Y (NOR2X1)                     -330928.000
                                                  209071936.000 f
  U3791/Y (NAND2X1)                    880128.000 209952064.000 r
  U3792/Y (NAND2X1)                    848128.000 210800192.000 f
  U575/Y (AND2X1)                      2045888.000
                                                  212846080.000 f
  U455/Y (INVX1)                       -319856.000
                                                  212526224.000 r
  U456/Y (INVX1)                       667904.000 213194128.000 f
  U576/Y (INVX1)                       494256.000 213688384.000 r
  U3817/Y (NAND2X1)                    804576.000 214492960.000 f
  U3818/Y (NAND2X1)                    1403904.000
                                                  215896864.000 r
  U3822/Y (OR2X1)                      2605456.000
                                                  218502320.000 r
  U3827/Y (NAND2X1)                    797408.000 219299728.000 f
  U3829/Y (NAND2X1)                    885504.000 220185232.000 r
  U3832/Y (OR2X1)                      2605552.000
                                                  222790784.000 r
  U3836/Y (NAND2X1)                    797248.000 223588032.000 f
  U3838/Y (NAND2X1)                    879280.000 224467312.000 r
  U3839/Y (NAND2X1)                    1156048.000
                                                  225623360.000 f
  U3841/Y (NAND2X1)                    879280.000 226502640.000 r
  U3842/Y (NAND2X1)                    1155936.000
                                                  227658576.000 f
  U3844/Y (NAND2X1)                    885184.000 228543760.000 r
  U3849/Y (OR2X1)                      2607568.000
                                                  231151328.000 r
  U3852/Y (NAND2X1)                    797072.000 231948400.000 f
  U3854/Y (NAND2X1)                    881200.000 232829600.000 r
  U3855/Y (NAND2X1)                    1156160.000
                                                  233985760.000 f
  U3857/Y (NAND2X1)                    885184.000 234870944.000 r
  U3864/Y (OR2X1)                      2605440.000
                                                  237476384.000 r
  U3865/Y (NAND2X1)                    1050528.000
                                                  238526912.000 f
  U3867/Y (OR2X1)                      2092480.000
                                                  240619392.000 f
  U3869/Y (NAND2X1)                    871936.000 241491328.000 r
  U1009/Y (AND2X1)                     1808352.000
                                                  243299680.000 r
  U282/Y (AND2X1)                      2181024.000
                                                  245480704.000 r
  U283/Y (INVX1)                       713456.000 246194160.000 f
  U3877/Y (NAND2X1)                    918864.000 247113024.000 r
  U3881/Y (NAND2X1)                    864400.000 247977424.000 f
  out[0] (out)                            0.000   247977424.000 f
  data arrival time                               247977424.000

  clock clk (rise edge)                250000000.000
                                                  250000000.000
  clock network delay (ideal)             0.000   250000000.000
  output external delay                   0.000   250000000.000
  data required time                              250000000.000
  -----------------------------------------------------------
  data required time                              250000000.000
  data arrival time                               -247977424.000
  -----------------------------------------------------------
  slack (MET)                                     2022576.000


1
