****************************************
Report : timing
	-path_type full
	-delay_type max
	-max_paths 1
	-sort_by slack
Design : top
Version: S-2021.06-SP1
Date   : Fri Dec 16 15:05:33 2022
****************************************


  Startpoint: inp[43] (input port clocked by clk)
  Endpoint: out[1] (output port clocked by clk)
  Path Group: clk
  Path Type: max

  Point                                    Incr       Path
  ---------------------------------------------------------------
  clock clk (rise edge)                   0.000      0.000
  clock network delay (ideal)             0.000      0.000
  input external delay                    0.000      0.000 f
  inp[43] (in)                            0.000      0.000 f
  U1636/Y (INVX1)                      608736.000 608736.000 r
  U1637/Y (XOR2X1)                     5642640.000
                                                  6251376.000 f
  U1764/Y (NAND2X1)                    1287216.000
                                                  7538592.000 r
  U1765/Y (INVX1)                      1242800.000
                                                  8781392.000 f
  U1766/Y (OR2X1)                      2437984.000
                                                  11219376.000 f
  U1768/Y (XOR2X1)                     6382096.000
                                                  17601472.000 r
  U641/Y (XNOR2X1)                     7217360.000
                                                  24818832.000 r
  U642/Y (INVX1)                       1097488.000
                                                  25916320.000 f
  U1794/Y (XOR2X1)                     5236016.000
                                                  31152336.000 r
  U1795/Y (AND2X1)                     1874864.000
                                                  33027200.000 r
  U1796/Y (OR2X1)                      3928592.000
                                                  36955792.000 r
  U1814/Y (XOR2X1)                     5463152.000
                                                  42418944.000 f
  U513/Y (XOR2X1)                      4469232.000
                                                  46888176.000 r
  U437/Y (OR2X1)                       5446960.000
                                                  52335136.000 r
  U1849/Y (NAND2X1)                    1414704.000
                                                  53749840.000 f
  U1850/Y (NAND2X1)                    1624544.000
                                                  55374384.000 r
  U1859/Y (INVX1)                      1243408.000
                                                  56617792.000 f
  U1861/Y (XOR2X1)                     5227264.000
                                                  61845056.000 r
  U1862/Y (OR2X1)                      6671232.000
                                                  68516288.000 r
  U1863/Y (NAND2X1)                    1613904.000
                                                  70130192.000 f
  U2534/Y (INVX1)                      -689728.000
                                                  69440464.000 r
  U617/Y (OR2X1)                       2060176.000
                                                  71500640.000 r
  U3608/Y (OR2X1)                      4857936.000
                                                  76358576.000 r
  U3613/Y (XOR2X1)                     5463168.000
                                                  81821744.000 f
  U3614/Y (AND2X1)                     2658208.000
                                                  84479952.000 f
  U3615/Y (OR2X1)                      2654432.000
                                                  87134384.000 f
  U3619/Y (INVX1)                      -977584.000
                                                  86156800.000 r
  U805/Y (XNOR2X1)                     6618080.000
                                                  92774880.000 r
  U806/Y (INVX1)                       1110944.000
                                                  93885824.000 f
  U541/Y (NAND2X1)                     1615328.000
                                                  95501152.000 r
  U891/Y (INVX1)                       1242896.000
                                                  96744048.000 f
  U3626/Y (OR2X1)                      2437968.000
                                                  99182016.000 f
  U3628/Y (XOR2X1)                     6382096.000
                                                  105564112.000 r
  U725/Y (XNOR2X1)                     7217360.000
                                                  112781472.000 r
  U726/Y (INVX1)                       1094064.000
                                                  113875536.000 f
  U3686/Y (NOR2X1)                     1064656.000
                                                  114940192.000 r
  U3687/Y (OR2X1)                      4412744.000
                                                  119352936.000 r
  U3688/Y (NAND2X1)                    1360992.000
                                                  120713928.000 f
  U3689/Y (NAND2X1)                    836224.000 121550152.000 r
  U3690/Y (NAND2X1)                    2130576.000
                                                  123680728.000 f
  U3691/Y (NAND2X1)                    836864.000 124517592.000 r
  U3692/Y (NAND2X1)                    2130576.000
                                                  126648168.000 f
  U3697/Y (AND2X1)                     2058448.000
                                                  128706616.000 f
  U3698/Y (OR2X1)                      2657480.000
                                                  131364096.000 f
  U293/Y (INVX1)                       44472.000  131408568.000 r
  U294/Y (INVX1)                       781224.000 132189792.000 f
  U3891/Y (OR2X1)                      2683744.000
                                                  134873536.000 f
  U3893/Y (NOR2X1)                     1078976.000
                                                  135952512.000 r
  U3894/Y (OR2X1)                      4361248.000
                                                  140313760.000 r
  U3898/Y (XOR2X1)                     5301216.000
                                                  145614976.000 f
  U3904/Y (XOR2X1)                     3489136.000
                                                  149104112.000 f
  U3907/Y (NAND2X1)                    1287696.000
                                                  150391808.000 r
  U3908/Y (INVX1)                      1240256.000
                                                  151632064.000 f
  U3920/Y (NOR2X1)                     1064624.000
                                                  152696688.000 r
  U3921/Y (OR2X1)                      4414528.000
                                                  157111216.000 r
  U3922/Y (NAND2X1)                    1360992.000
                                                  158472208.000 f
  U3925/Y (NAND2X1)                    1268176.000
                                                  159740384.000 r
  U3926/Y (INVX1)                      1240000.000
                                                  160980384.000 f
  U3927/Y (NOR2X1)                     1064624.000
                                                  162045008.000 r
  U3931/Y (OR2X1)                      4414528.000
                                                  166459536.000 r
  U3932/Y (NAND2X1)                    1601392.000
                                                  168060928.000 f
  U425/Y (INVX1)                       459488.000 168520416.000 r
  U426/Y (INVX1)                       913376.000 169433792.000 f
  U4094/Y (NOR2X1)                     1064912.000
                                                  170498704.000 r
  U4096/Y (OR2X1)                      2220368.000
                                                  172719072.000 r
  U4144/Y (XNOR2X1)                    6996896.000
                                                  179715968.000 r
  U4163/Y (XOR2X1)                     6159056.000
                                                  185875024.000 f
  U4164/Y (AND2X1)                     2658688.000
                                                  188533712.000 f
  U4165/Y (OR2X1)                      2408336.000
                                                  190942048.000 f
  U4170/Y (XOR2X1)                     6376736.000
                                                  197318784.000 r
  U4174/Y (NOR2X1)                     962944.000 198281728.000 f
  U4191/Y (NOR2X1)                     1067616.000
                                                  199349344.000 r
  U4192/Y (NOR2X1)                     958432.000 200307776.000 f
  U4194/Y (NOR2X1)                     1549664.000
                                                  201857440.000 r
  U4195/Y (INVX1)                      1046672.000
                                                  202904112.000 f
  U4196/Y (NAND2X1)                    1161952.000
                                                  204066064.000 r
  U4199/Y (AND2X1)                     -1004864.000
                                                  203061200.000 r
  U4200/Y (NOR2X1)                     962832.000 204024032.000 f
  U4204/Y (NOR2X1)                     1547680.000
                                                  205571712.000 r
  U4205/Y (INVX1)                      1048192.000
                                                  206619904.000 f
  U4206/Y (NAND2X1)                    1615328.000
                                                  208235232.000 r
  U965/Y (INVX1)                       1255136.000
                                                  209490368.000 f
  U4272/Y (AND2X1)                     2088288.000
                                                  211578656.000 f
  U4274/Y (NAND2X1)                    1269952.000
                                                  212848608.000 r
  U4275/Y (INVX1)                      1228656.000
                                                  214077264.000 f
  U4276/Y (OR2X1)                      2437968.000
                                                  216515232.000 f
  U4278/Y (AND2X1)                     2045728.000
                                                  218560960.000 f
  U4279/Y (OR2X1)                      2408368.000
                                                  220969328.000 f
  U4285/Y (XOR2X1)                     4829264.000
                                                  225798592.000 r
  U4293/Y (XOR2X1)                     6387616.000
                                                  232186208.000 f
  U4308/Y (NOR2X1)                     1089200.000
                                                  233275408.000 r
  U449/Y (OR2X1)                       3696992.000
                                                  236972400.000 r
  U4352/Y (NAND2X1)                    1360992.000
                                                  238333392.000 f
  U4355/Y (AND2X1)                     2055072.000
                                                  240388464.000 f
  U4356/Y (NOR2X1)                     1077616.000
                                                  241466080.000 r
  U4458/Y (OR2X1)                      3873296.000
                                                  245339376.000 r
  U4477/Y (NAND2X1)                    1205264.000
                                                  246544640.000 f
  U4478/Y (INVX1)                      -653776.000
                                                  245890864.000 r
  U4481/Y (NOR2X1)                     954592.000 246845456.000 f
  U4482/Y (NAND2X1)                    826560.000 247672016.000 r
  U4483/Y (NAND2X1)                    2207712.000
                                                  249879728.000 f
  out[1] (out)                            0.000   249879728.000 f
  data arrival time                               249879728.000

  clock clk (rise edge)                250000000.000
                                                  250000000.000
  clock network delay (ideal)             0.000   250000000.000
  clock reconvergence pessimism           0.000   250000000.000
  output external delay                   0.000   250000000.000
  data required time                              250000000.000
  ---------------------------------------------------------------
  data required time                              250000000.000
  data arrival time                               -249879728.000
  ---------------------------------------------------------------
  slack (MET)                                     120272.000


1
