Information: Updating design information... (UID-85)
 
****************************************
Report : qor
Design : top
Version: S-2021.06-SP2
Date   : Fri Dec 16 15:05:27 2022
****************************************


  Timing Path Group 'clk'
  -----------------------------------
  Levels of Logic:             101.00
  Critical Path Length:  249879408.00
  Critical Path Slack:      120592.00
  Critical Path Clk Period:
                         250000000.00
  Total Negative Slack:          0.00
  No. of Violating Paths:        0.00
  Worst Hold Violation:          0.00
  Total Hold Violation:          0.00
  No. of Hold Violations:        0.00
  -----------------------------------


  Cell Count
  -----------------------------------
  Hierarchical Cell Count:          0
  Hierarchical Port Count:          0
  Leaf Cell Count:               4268
  Buf/Inv Cell Count:            1029
  Buf Cell Count:                   0
  Inv Cell Count:                1029
  CT Buf/Inv Cell Count:            0
  Combinational Cell Count:      4268
  Sequential Cell Count:            0
  Macro Count:                      0
  -----------------------------------


  Area
  -----------------------------------
  Combinational Area:
                    2179516379.000000
  Noncombinational Area:     0.000000
  Buf/Inv Area:      235044180.000000
  Total Buffer Area:             0.00
  Total Inverter Area:   235044180.00
  Macro/Black Box Area:      0.000000
  Net Area:                  0.000000
  -----------------------------------
  Cell Area:        2179516379.000000
  Design Area:      2179516379.000000


  Design Rules
  -----------------------------------
  Total Number of Nets:          4332
  Nets With Violations:          4268
  Max Trans Violations:          4268
  Max Cap Violations:               0
  -----------------------------------


  Hostname: leoforos

  Compile CPU Statistics
  -----------------------------------------
  Resource Sharing:                    1.55
  Logic Optimization:                  1.55
  Mapping Optimization:                7.45
  -----------------------------------------
  Overall Compile Time:               20.70
  Overall Compile Wall Clock Time:    21.06

  --------------------------------------------------------------------

  Design  WNS: 0.00  TNS: 0.00  Number of Violating Paths: 0


  Design (Hold)  WNS: 0.00  TNS: 0.00  Number of Violating Paths: 0

  --------------------------------------------------------------------


1
