****************************************
Report : timing
	-path_type full
	-delay_type max
	-max_paths 1
	-sort_by slack
Design : top
Version: S-2021.06-SP1
Date   : Fri Dec 16 16:53:39 2022
****************************************


  Startpoint: inp[5] (input port clocked by clk)
  Endpoint: out[0] (output port clocked by clk)
  Path Group: clk
  Path Type: max

  Point                                    Incr       Path
  ---------------------------------------------------------------
  clock clk (rise edge)                   0.000      0.000
  clock network delay (ideal)             0.000      0.000
  input external delay                    0.000      0.000 f
  inp[5] (in)                             0.000      0.000 f
  U725/Y (INVX1)                       584288.000 584288.000 r
  U726/Y (NAND2X1)                     1591552.000
                                                  2175840.000 f
  U727/Y (NAND2X1)                     1624224.000
                                                  3800064.000 r
  U731/Y (NAND2X1)                     2534208.000
                                                  6334272.000 f
  U765/Y (NAND2X1)                     1165792.000
                                                  7500064.000 r
  U766/Y (NAND2X1)                     1053584.000
                                                  8553648.000 f
  U767/Y (XOR2X1)                      6276256.000
                                                  14829904.000 r
  U768/Y (OR2X1)                       6910448.000
                                                  21740352.000 r
  U769/Y (NAND2X1)                     1360992.000
                                                  23101344.000 f
  U771/Y (NAND2X1)                     1275424.000
                                                  24376768.000 r
  U772/Y (INVX1)                       1241520.000
                                                  25618288.000 f
  U775/Y (NAND2X1)                     813056.000 26431344.000 r
  U848/Y (NAND2X1)                     2138288.000
                                                  28569632.000 f
  U849/Y (XOR2X1)                      5550832.000
                                                  34120464.000 r
  U851/Y (INVX1)                       1408368.000
                                                  35528832.000 f
  U852/Y (NAND2X1)                     812992.000 36341824.000 r
  U853/Y (NAND2X1)                     2106304.000
                                                  38448128.000 f
  U858/Y (XOR2X1)                      4928256.000
                                                  43376384.000 r
  U876/Y (OR2X1)                       5450832.000
                                                  48827216.000 r
  U941/Y (NAND2X1)                     1004960.000
                                                  49832176.000 f
  U942/Y (NAND2X1)                     1170864.000
                                                  51003040.000 r
  U945/Y (OR2X1)                       5193104.000
                                                  56196144.000 r
  U953/Y (NAND2X1)                     1004960.000
                                                  57201104.000 f
  U954/Y (NAND2X1)                     829648.000 58030752.000 r
  U955/Y (NAND2X1)                     2148512.000
                                                  60179264.000 f
  U624/Y (AND2X1)                      2832848.000
                                                  63012112.000 f
  U625/Y (INVX1)                       -1242688.000
                                                  61769424.000 r
  U957/Y (NAND2X1)                     1004768.000
                                                  62774192.000 f
  U450/Y (OR2X1)                       2663280.000
                                                  65437472.000 f
  U451/Y (INVX1)                       -982176.000
                                                  64455296.000 r
  U643/Y (OR2X1)                       2025328.000
                                                  66480624.000 r
  U644/Y (INVX1)                       780128.000 67260752.000 f
  U1954/Y (XOR2X1)                     5233552.000
                                                  72494304.000 r
  U653/Y (XNOR2X1)                     7096064.000
                                                  79590368.000 r
  U654/Y (INVX1)                       1106528.000
                                                  80696896.000 f
  U1970/Y (XOR2X1)                     6265888.000
                                                  86962784.000 r
  U1971/Y (INVX1)                      1346672.000
                                                  88309456.000 f
  U2451/Y (NAND2X1)                    807296.000 89116752.000 r
  U2452/Y (NAND2X1)                    2187104.000
                                                  91303856.000 f
  U508/Y (XNOR2X1)                     4776528.000
                                                  96080384.000 r
  U509/Y (INVX1)                       956912.000 97037296.000 f
  U504/Y (XOR2X1)                      5944016.000
                                                  102981312.000 r
  U2453/Y (OR2X1)                      5452120.000
                                                  108433432.000 r
  U2540/Y (NAND2X1)                    1364056.000
                                                  109797488.000 f
  U2541/Y (XOR2X1)                     5552232.000
                                                  115349720.000 r
  U2542/Y (INVX1)                      1406832.000
                                                  116756552.000 f
  U2544/Y (NAND2X1)                    807184.000 117563736.000 r
  U2545/Y (NAND2X1)                    2122080.000
                                                  119685816.000 f
  U2550/Y (NOR2X1)                     1074720.000
                                                  120760536.000 r
  U2552/Y (NOR2X1)                     958432.000 121718968.000 f
  U2553/Y (NAND2X1)                    1163704.000
                                                  122882672.000 r
  U2554/Y (NAND2X1)                    1050776.000
                                                  123933448.000 f
  U655/Y (AND2X1)                      2326144.000
                                                  126259592.000 f
  U656/Y (INVX1)                       -1273880.000
                                                  124985712.000 r
  U2555/Y (NAND2X1)                    1360992.000
                                                  126346704.000 f
  U2557/Y (NAND2X1)                    845456.000 127192160.000 r
  U2562/Y (NOR2X1)                     959608.000 128151768.000 f
  U2563/Y (NOR2X1)                     1068408.000
                                                  129220176.000 r
  U2564/Y (NAND2X1)                    1037296.000
                                                  130257472.000 f
  U2566/Y (NAND2X1)                    1273048.000
                                                  131530520.000 r
  U2575/Y (INVX1)                      1242112.000
                                                  132772632.000 f
  U2576/Y (NAND2X1)                    1161952.000
                                                  133934584.000 r
  U2577/Y (NAND2X1)                    2206312.000
                                                  136140896.000 f
  U2578/Y (NAND2X1)                    1625120.000
                                                  137766016.000 r
  U2583/Y (INVX1)                      1242096.000
                                                  139008112.000 f
  U2585/Y (NAND2X1)                    807248.000 139815360.000 r
  U2586/Y (NAND2X1)                    2206208.000
                                                  142021568.000 f
  U2587/Y (NAND2X1)                    1171776.000
                                                  143193344.000 r
  U2597/Y (NOR2X1)                     959568.000 144152912.000 f
  U2598/Y (NOR2X1)                     1068432.000
                                                  145221344.000 r
  U2599/Y (AND2X1)                     1995040.000
                                                  147216384.000 r
  U2600/Y (NOR2X1)                     962368.000 148178752.000 f
  U2601/Y (NAND2X1)                    1163856.000
                                                  149342608.000 r
  U475/Y (AND2X1)                      1856800.000
                                                  151199408.000 r
  U476/Y (INVX1)                       901488.000 152100896.000 f
  U2606/Y (NAND2X1)                    1162464.000
                                                  153263360.000 r
  U2607/Y (NAND2X1)                    2189344.000
                                                  155452704.000 f
  U2612/Y (NAND2X1)                    842464.000 156295168.000 r
  U2624/Y (OR2X1)                      5210112.000
                                                  161505280.000 r
  U2625/Y (NAND2X1)                    1360992.000
                                                  162866272.000 f
  U2626/Y (NAND2X1)                    1172240.000
                                                  164038512.000 r
  U2631/Y (OR2X1)                      5140208.000
                                                  169178720.000 r
  U2632/Y (NAND2X1)                    1361008.000
                                                  170539728.000 f
  U2633/Y (NAND2X1)                    1172208.000
                                                  171711936.000 r
  U2642/Y (OR2X1)                      5140224.000
                                                  176852160.000 r
  U2643/Y (NAND2X1)                    1360992.000
                                                  178213152.000 f
  U2644/Y (NAND2X1)                    1172240.000
                                                  179385392.000 r
  U2651/Y (OR2X1)                      5140256.000
                                                  184525648.000 r
  U2652/Y (NAND2X1)                    1361008.000
                                                  185886656.000 f
  U2653/Y (NAND2X1)                    1172208.000
                                                  187058864.000 r
  U2658/Y (NOR2X1)                     959536.000 188018400.000 f
  U2660/Y (NOR2X1)                     1068464.000
                                                  189086864.000 r
  U2661/Y (NAND2X1)                    1940848.000
                                                  191027712.000 f
  U2663/Y (NAND2X1)                    1268224.000
                                                  192295936.000 r
  U2669/Y (INVX1)                      1286368.000
                                                  193582304.000 f
  U471/Y (INVX1)                       425888.000 194008192.000 r
  U2679/Y (NAND2X1)                    1017680.000
                                                  195025872.000 f
  U2680/Y (NAND2X1)                    1171120.000
                                                  196196992.000 r
  U2690/Y (OR2X1)                      5212240.000
                                                  201409232.000 r
  U2691/Y (NAND2X1)                    1361008.000
                                                  202770240.000 f
  U2692/Y (NAND2X1)                    1165888.000
                                                  203936128.000 r
  U2694/Y (NAND2X1)                    1048944.000
                                                  204985072.000 f
  U2695/Y (NAND2X1)                    1171760.000
                                                  206156832.000 r
  U2704/Y (OR2X1)                      5170352.000
                                                  211327184.000 r
  U2705/Y (NAND2X1)                    1361008.000
                                                  212688192.000 f
  U2706/Y (NAND2X1)                    1171776.000
                                                  213859968.000 r
  U2716/Y (OR2X1)                      5169600.000
                                                  219029568.000 r
  U2717/Y (NAND2X1)                    1361008.000
                                                  220390576.000 f
  U2718/Y (NAND2X1)                    1165568.000
                                                  221556144.000 r
  U2720/Y (NAND2X1)                    1049216.000
                                                  222605360.000 f
  U2721/Y (NAND2X1)                    1165872.000
                                                  223771232.000 r
  U2722/Y (NAND2X1)                    2148736.000
                                                  225919968.000 f
  U2725/Y (NAND2X1)                    1273840.000
                                                  227193808.000 r
  U2733/Y (NAND2X1)                    2547248.000
                                                  229741056.000 f
  U2735/Y (NAND2X1)                    836384.000 230577440.000 r
  U2736/Y (NAND2X1)                    2163536.000
                                                  232740976.000 f
  out[0] (out)                            0.000   232740976.000 f
  data arrival time                               232740976.000

  clock clk (rise edge)                250000000.000
                                                  250000000.000
  clock network delay (ideal)             0.000   250000000.000
  clock reconvergence pessimism           0.000   250000000.000
  output external delay                   0.000   250000000.000
  data required time                              250000000.000
  ---------------------------------------------------------------
  data required time                              250000000.000
  data arrival time                               -232740976.000
  ---------------------------------------------------------------
  slack (MET)                                     17259024.000


1
