****************************************
Report : timing
	-path_type full
	-delay_type max
	-max_paths 1
	-sort_by slack
Design : top
Version: S-2021.06-SP1
Date   : Sun Dec 18 12:33:10 2022
****************************************


  Startpoint: inp[1] (input port clocked by clk)
  Endpoint: out[1] (output port clocked by clk)
  Path Group: clk
  Path Type: max

  Point                                    Incr       Path
  ---------------------------------------------------------------
  clock clk (rise edge)                   0.000      0.000
  clock network delay (ideal)             0.000      0.000
  input external delay                    0.000      0.000 r
  inp[1] (in)                             0.000      0.000 r
  U793/Y (AND2X1)                      2212704.000
                                                  2212704.000 r
  U794/Y (INVX1)                       709568.000 2922272.000 f
  U2008/Y (NAND2X1)                    924480.000 3846752.000 r
  U2009/Y (OR2X1)                      2535296.000
                                                  6382048.000 r
  U747/Y (AND2X1)                      1882800.000
                                                  8264848.000 r
  U748/Y (INVX1)                       721712.000 8986560.000 f
  U2318/Y (XOR2X1)                     5588304.000
                                                  14574864.000 r
  U2319/Y (XOR2X1)                     4744448.000
                                                  19319312.000 f
  U2488/Y (XOR2X1)                     5094416.000
                                                  24413728.000 r
  U2489/Y (XOR2X1)                     4744832.000
                                                  29158560.000 f
  U2490/Y (XOR2X1)                     5733168.000
                                                  34891728.000 r
  U2497/Y (XOR2X1)                     4343408.000
                                                  39235136.000 f
  U2498/Y (XOR2X1)                     5974560.000
                                                  45209696.000 r
  U236/Y (XNOR2X1)                     6545312.000
                                                  51755008.000 r
  U237/Y (INVX1)                       949776.000 52704784.000 f
  U2548/Y (OR2X1)                      2115440.000
                                                  54820224.000 f
  U2549/Y (NAND2X1)                    1756640.000
                                                  56576864.000 r
  U2561/Y (XOR2X1)                     2329376.000
                                                  58906240.000 r
  U2568/Y (OR2X1)                      2337904.000
                                                  61244144.000 r
  U2569/Y (NAND2X1)                    801176.000 62045320.000 f
  U2583/Y (NAND2X1)                    1385272.000
                                                  63430592.000 r
  U2584/Y (NAND2X1)                    1151096.000
                                                  64581688.000 f
  U2585/Y (NAND2X1)                    1403912.000
                                                  65985600.000 r
  U2595/Y (NAND2X1)                    867560.000 66853160.000 f
  U2596/Y (NAND2X1)                    1394848.000
                                                  68248008.000 r
  U2597/Y (NAND2X1)                    1155784.000
                                                  69403792.000 f
  U2600/Y (NAND2X1)                    885264.000 70289056.000 r
  U198/Y (AND2X1)                      1798432.000
                                                  72087488.000 r
  U199/Y (INVX1)                       716872.000 72804360.000 f
  U2601/Y (NAND2X1)                    1362952.000
                                                  74167312.000 r
  U2603/Y (INVX1)                      1072976.000
                                                  75240288.000 f
  U2604/Y (NAND2X1)                    1290344.000
                                                  76530632.000 r
  U667/Y (AND2X1)                      1818624.000
                                                  78349256.000 r
  U668/Y (INVX1)                       715896.000 79065152.000 f
  U2607/Y (NAND2X1)                    1362952.000
                                                  80428104.000 r
  U2614/Y (INVX1)                      1097048.000
                                                  81525152.000 f
  U2615/Y (NAND2X1)                    1290264.000
                                                  82815416.000 r
  U2620/Y (AND2X1)                     2574584.000
                                                  85390000.000 r
  U2622/Y (NAND2X1)                    928696.000 86318696.000 f
  U851/Y (INVX1)                       223224.000 86541920.000 r
  U852/Y (INVX1)                       647912.000 87189832.000 f
  U2679/Y (NAND2X1)                    1286800.000
                                                  88476632.000 r
  U352/Y (AND2X1)                      1818536.000
                                                  90295168.000 r
  U353/Y (INVX1)                       709120.000 91004288.000 f
  U379/Y (XOR2X1)                      4936568.000
                                                  95940856.000 r
  U2700/Y (XOR2X1)                     4770408.000
                                                  100711264.000 f
  U2733/Y (XOR2X1)                     5748608.000
                                                  106459872.000 r
  U785/Y (XNOR2X1)                     6329312.000
                                                  112789184.000 r
  U786/Y (INVX1)                       1005848.000
                                                  113795032.000 f
  U693/Y (AND2X1)                      2458224.000
                                                  116253256.000 f
  U694/Y (INVX1)                       -1186320.000
                                                  115066936.000 r
  U2796/Y (NAND2X1)                    800528.000 115867464.000 f
  U2799/Y (NAND2X1)                    1341928.000
                                                  117209392.000 r
  U2800/Y (INVX1)                      1116336.000
                                                  118325728.000 f
  U2801/Y (NAND2X1)                    1284240.000
                                                  119609968.000 r
  U691/Y (AND2X1)                      2174672.000
                                                  121784640.000 r
  U692/Y (INVX1)                       715528.000 122500168.000 f
  U2804/Y (NAND2X1)                    1752760.000
                                                  124252928.000 r
  U2805/Y (INVX1)                      1216864.000
                                                  125469792.000 f
  U2806/Y (NAND2X1)                    1283888.000
                                                  126753680.000 r
  U697/Y (AND2X1)                      2174704.000
                                                  128928384.000 r
  U698/Y (INVX1)                       715520.000 129643904.000 f
  U78/Y (AND2X1)                       2458080.000
                                                  132101984.000 f
  U79/Y (INVX1)                        -229808.000
                                                  131872176.000 r
  U2809/Y (INVX1)                      651888.000 132524064.000 f
  U2810/Y (NAND2X1)                    1285824.000
                                                  133809888.000 r
  U531/Y (AND2X1)                      1818752.000
                                                  135628640.000 r
  U532/Y (INVX1)                       715376.000 136344016.000 f
  U2813/Y (NAND2X1)                    1362928.000
                                                  137706944.000 r
  U2814/Y (INVX1)                      1107264.000
                                                  138814208.000 f
  U2815/Y (NAND2X1)                    1284272.000
                                                  140098480.000 r
  U677/Y (AND2X1)                      2174672.000
                                                  142273152.000 r
  U678/Y (INVX1)                       715520.000 142988672.000 f
  U2818/Y (NAND2X1)                    1291584.000
                                                  144280256.000 r
  U2820/Y (OR2X1)                      2340032.000
                                                  146620288.000 r
  U595/Y (AND2X1)                      1883264.000
                                                  148503552.000 r
  U596/Y (INVX1)                       715584.000 149219136.000 f
  U88/Y (AND2X1)                       2458080.000
                                                  151677216.000 f
  U89/Y (INVX1)                        -229808.000
                                                  151447408.000 r
  U2827/Y (INVX1)                      651888.000 152099296.000 f
  U2828/Y (NAND2X1)                    1285824.000
                                                  153385120.000 r
  U415/Y (AND2X1)                      2174544.000
                                                  155559664.000 r
  U364/Y (INVX1)                       732576.000 156292240.000 f
  U2829/Y (INVX1)                      1014304.000
                                                  157306544.000 r
  U2853/Y (NAND2X1)                    1101744.000
                                                  158408288.000 f
  U2854/Y (XOR2X1)                     2994080.000
                                                  161402368.000 f
  U2855/Y (NOR2X1)                     1239776.000
                                                  162642144.000 r
  U587/Y (AND2X1)                      1830672.000
                                                  164472816.000 r
  U588/Y (INVX1)                       715760.000 165188576.000 f
  U2857/Y (NAND2X1)                    1291584.000
                                                  166480160.000 r
  U2861/Y (OR2X1)                      2340016.000
                                                  168820176.000 r
  U557/Y (AND2X1)                      1883552.000
                                                  170703728.000 r
  U558/Y (INVX1)                       715472.000 171419200.000 f
  U2864/Y (NAND2X1)                    1291584.000
                                                  172710784.000 r
  U2865/Y (OR2X1)                      2339984.000
                                                  175050768.000 r
  U2870/Y (NAND2X1)                    799568.000 175850336.000 f
  U2872/Y (NAND2X1)                    1341904.000
                                                  177192240.000 r
  U2873/Y (INVX1)                      1101408.000
                                                  178293648.000 f
  U699/Y (AND2X1)                      2458304.000
                                                  180751952.000 f
  U700/Y (INVX1)                       -1185792.000
                                                  179566160.000 r
  U2882/Y (NAND2X1)                    800528.000 180366688.000 f
  U2885/Y (NAND2X1)                    885520.000 181252208.000 r
  U2886/Y (OR2X1)                      2561648.000
                                                  183813856.000 r
  U537/Y (AND2X1)                      1885920.000
                                                  185699776.000 r
  U538/Y (INVX1)                       715312.000 186415088.000 f
  U2893/Y (NAND2X1)                    1291584.000
                                                  187706672.000 r
  U433/Y (AND2X1)                      1818352.000
                                                  189525024.000 r
  U434/Y (INVX1)                       715168.000 190240192.000 f
  U2900/Y (NAND2X1)                    918864.000 191159056.000 r
  U2913/Y (NAND2X1)                    866864.000 192025920.000 f
  U2917/Y (OR2X1)                      2089984.000
                                                  194115904.000 f
  U2918/Y (NAND2X1)                    1421184.000
                                                  195537088.000 r
  out[1] (out)                            0.000   195537088.000 r
  data arrival time                               195537088.000

  clock clk (rise edge)                200000000.000
                                                  200000000.000
  clock network delay (ideal)             0.000   200000000.000
  clock reconvergence pessimism           0.000   200000000.000
  output external delay                   0.000   200000000.000
  data required time                              200000000.000
  ---------------------------------------------------------------
  data required time                              200000000.000
  data arrival time                               -195537088.000
  ---------------------------------------------------------------
  slack (MET)                                     4462912.000


1
