 
****************************************
Report : area
Design : top
Version: S-2021.06-SP2
Date   : Sun Dec 18 12:33:04 2022
****************************************

Library(s) Used:

    PPDK_Standard_Library_1.0V_25C_TYP_X1 (File: /home/akokkinis/synLibs/egfet/db/EGFET_1.0V.db)

Number of ports:                           86
Number of nets:                          2936
Number of cells:                         2852
Number of combinational cells:           2852
Number of sequential cells:                 0
Number of macros/black boxes:               0
Number of buf/inv:                        665
Number of references:                       7

Combinational area:         1190613191.000000
Buf/Inv area:                151899300.000000
Noncombinational area:               0.000000
Macro/Black Box area:                0.000000
Net Interconnect area:      undefined  (No wire load specified)

Total cell area:            1190613191.000000
Total area:                 undefined
1
