 
****************************************
Report : area
Design : top
Version: S-2021.06-SP2
Date   : Sun Dec 18 12:16:08 2022
****************************************

Library(s) Used:

    PPDK_Standard_Library_1.0V_25C_TYP_X1 (File: /home/akokkinis/synLibs/egfet/db/EGFET_1.0V.db)

Number of ports:                           86
Number of nets:                          2879
Number of cells:                         2795
Number of combinational cells:           2795
Number of sequential cells:                 0
Number of macros/black boxes:               0
Number of buf/inv:                        636
Number of references:                       7

Combinational area:         1148791040.000000
Buf/Inv area:                145275120.000000
Noncombinational area:               0.000000
Macro/Black Box area:                0.000000
Net Interconnect area:      undefined  (No wire load specified)

Total cell area:            1148791040.000000
Total area:                 undefined

Hierarchical area distribution
------------------------------

                                  Global cell area                   Local cell area
                                  ------------------------  ---------------------------------- 
Hierarchical cell                 Absolute         Percent  Combi-           Noncombi-  Black-
                                  Total            Total    national         national   boxes   Design
--------------------------------  ---------------  -------  ---------------  ---------  ------  ---------
top                               1148791040.0000    100.0  1148791040.0000     0.0000  0.0000  top
--------------------------------  ---------------  -------  ---------------  ---------  ------  ---------
Total                                                       1148791040.0000     0.0000  0.0000

1
