Information: Updating design information... (UID-85)
 
****************************************
Report : qor
Design : top
Version: S-2021.06-SP2
Date   : Tue Nov 29 17:23:19 2022
****************************************


  Timing Path Group 'clk'
  -----------------------------------
  Levels of Logic:              77.00
  Critical Path Length:  117394248.00
  Critical Path Slack:   132605752.00
  Critical Path Clk Period:
                         250000000.00
  Total Negative Slack:          0.00
  No. of Violating Paths:        0.00
  Worst Hold Violation:          0.00
  Total Hold Violation:          0.00
  No. of Hold Violations:        0.00
  -----------------------------------


  Cell Count
  -----------------------------------
  Hierarchical Cell Count:          0
  Hierarchical Port Count:          0
  Leaf Cell Count:                448
  Buf/Inv Cell Count:             198
  Buf Cell Count:                   0
  Inv Cell Count:                 198
  CT Buf/Inv Cell Count:            0
  Combinational Cell Count:       448
  Sequential Cell Count:            0
  Macro Count:                      0
  -----------------------------------


  Area
  -----------------------------------
  Combinational Area:
                     158920040.000000
  Noncombinational Area:     0.000000
  Buf/Inv Area:       45227160.000000
  Total Buffer Area:             0.00
  Total Inverter Area:    45227160.00
  Macro/Black Box Area:      0.000000
  Net Area:                  0.000000
  -----------------------------------
  Cell Area:         158920040.000000
  Design Area:       158920040.000000


  Design Rules
  -----------------------------------
  Total Number of Nets:           469
  Nets With Violations:           447
  Max Trans Violations:           447
  Max Cap Violations:               0
  -----------------------------------


  Hostname: leoforos

  Compile CPU Statistics
  -----------------------------------------
  Resource Sharing:                    0.58
  Logic Optimization:                  0.04
  Mapping Optimization:                0.76
  -----------------------------------------
  Overall Compile Time:                2.87
  Overall Compile Wall Clock Time:     3.21

  --------------------------------------------------------------------

  Design  WNS: 0.00  TNS: 0.00  Number of Violating Paths: 0


  Design (Hold)  WNS: 0.00  TNS: 0.00  Number of Violating Paths: 0

  --------------------------------------------------------------------


1
