 
****************************************
Report : area
Design : top
Version: S-2021.06-SP2
Date   : Wed Dec 14 22:46:25 2022
****************************************

Library(s) Used:

    PPDK_Standard_Library_1.0V_25C_TYP_X1 (File: /home/akokkinis/synLibs/egfet/db/EGFET_1.0V.db)

Number of ports:                           30
Number of nets:                          1209
Number of cells:                         1181
Number of combinational cells:           1181
Number of sequential cells:                 0
Number of macros/black boxes:               0
Number of buf/inv:                        450
Number of references:                       7

Combinational area:          440013571.000000
Buf/Inv area:                102789000.000000
Noncombinational area:               0.000000
Macro/Black Box area:                0.000000
Net Interconnect area:      undefined  (No wire load specified)

Total cell area:             440013571.000000
Total area:                 undefined

Hierarchical area distribution
------------------------------

                                  Global cell area                  Local cell area
                                  -----------------------  --------------------------------- 
Hierarchical cell                 Absolute        Percent  Combi-          Noncombi-  Black-
                                  Total           Total    national        national   boxes   Design
--------------------------------  --------------  -------  --------------  ---------  ------  ---------
top                               440013571.0000    100.0  440013571.0000     0.0000  0.0000  top
--------------------------------  --------------  -------  --------------  ---------  ------  ---------
Total                                                      440013571.0000     0.0000  0.0000

1
