****************************************
Report : timing
	-path_type full
	-delay_type max
	-max_paths 1
	-sort_by slack
Design : top
Version: S-2021.06-SP1
Date   : Fri Dec 16 16:47:18 2022
****************************************


  Startpoint: inp[37] (input port clocked by clk)
  Endpoint: out[0] (output port clocked by clk)
  Path Group: clk
  Path Type: max

  Point                                    Incr       Path
  ---------------------------------------------------------------
  clock clk (rise edge)                   0.000      0.000
  clock network delay (ideal)             0.000      0.000
  input external delay                    0.000      0.000 r
  inp[37] (in)                            0.000      0.000 r
  U706/Y (AND2X1)                      2212704.000
                                                  2212704.000 r
  U707/Y (INVX1)                       709568.000 2922272.000 f
  U1307/Y (NAND2X1)                    1362928.000
                                                  4285200.000 r
  U1308/Y (INVX1)                      1116432.000
                                                  5401632.000 f
  U1310/Y (NAND2X1)                    1290192.000
                                                  6691824.000 r
  U1313/Y (NAND2X1)                    849440.000 7541264.000 f
  U1317/Y (XOR2X1)                     5311072.000
                                                  12852336.000 r
  U1318/Y (OR2X1)                      2321552.000
                                                  15173888.000 r
  U1480/Y (NAND2X1)                    1048784.000
                                                  16222672.000 f
  U1481/Y (NAND2X1)                    1384912.000
                                                  17607584.000 r
  U1484/Y (OR2X1)                      2547040.000
                                                  20154624.000 r
  U1485/Y (NAND2X1)                    1057392.000
                                                  21212016.000 f
  U1486/Y (NAND2X1)                    1386512.000
                                                  22598528.000 r
  U1487/Y (OR2X1)                      2550768.000
                                                  25149296.000 r
  U1499/Y (NAND2X1)                    1059440.000
                                                  26208736.000 f
  U1500/Y (XOR2X1)                     5248400.000
                                                  31457136.000 r
  U1512/Y (OR2X1)                      2326016.000
                                                  33783152.000 r
  U1513/Y (NAND2X1)                    1216336.000
                                                  34999488.000 f
  U429/Y (INVX1)                       235200.000 35234688.000 r
  U430/Y (INVX1)                       646928.000 35881616.000 f
  U1514/Y (NAND2X1)                    1286256.000
                                                  37167872.000 r
  U572/Y (AND2X1)                      1818656.000
                                                  38986528.000 r
  U573/Y (INVX1)                       715584.000 39702112.000 f
  U1518/Y (NAND2X1)                    1362960.000
                                                  41065072.000 r
  U1526/Y (NAND2X1)                    1149712.000
                                                  42214784.000 f
  U1535/Y (AND2X1)                     2243744.000
                                                  44458528.000 f
  U1536/Y (XOR2X1)                     5482272.000
                                                  49940800.000 r
  U1539/Y (NAND2X1)                    846800.000 50787600.000 f
  U1540/Y (NAND2X1)                    1748032.000
                                                  52535632.000 r
  U453/Y (INVX1)                       1109408.000
                                                  53645040.000 f
  U454/Y (INVX1)                       457312.000 54102352.000 r
  U474/Y (AND2X1)                      2236464.000
                                                  56338816.000 r
  U431/Y (XNOR2X1)                     6236640.000
                                                  62575456.000 r
  U432/Y (INVX1)                       828984.000 63404440.000 f
  U506/Y (XOR2X1)                      4930472.000
                                                  68334912.000 r
  U281/Y (AND2X1)                      2173208.000
                                                  70508120.000 r
  U282/Y (INVX1)                       716008.000 71224128.000 f
  U273/Y (AND2X1)                      2458080.000
                                                  73682208.000 f
  U274/Y (INVX1)                       -229800.000
                                                  73452408.000 r
  U2444/Y (NAND2X1)                    1099128.000
                                                  74551536.000 f
  U2445/Y (NAND2X1)                    1393888.000
                                                  75945424.000 r
  U730/Y (XNOR2X1)                     5366568.000
                                                  81311992.000 r
  U337/Y (AND2X1)                      2170032.000
                                                  83482024.000 r
  U338/Y (INVX1)                       717040.000 84199064.000 f
  U2452/Y (NAND2X1)                    1285608.000
                                                  85484672.000 r
  U2453/Y (NAND2X1)                    930344.000 86415016.000 f
  U2454/Y (INVX1)                      -559264.000
                                                  85855752.000 r
  U2455/Y (NAND2X1)                    800816.000 86656568.000 f
  U554/Y (AND2X1)                      2044120.000
                                                  88700688.000 f
  U555/Y (INVX1)                       -1449304.000
                                                  87251384.000 r
  U279/Y (AND2X1)                      2199136.000
                                                  89450520.000 r
  U280/Y (INVX1)                       724976.000 90175496.000 f
  U2469/Y (NAND2X1)                    1296616.000
                                                  91472112.000 r
  U2483/Y (NAND2X1)                    850080.000 92322192.000 f
  U2487/Y (NAND2X1)                    892064.000 93214256.000 r
  U2498/Y (OR2X1)                      2561592.000
                                                  95775848.000 r
  U672/Y (AND2X1)                      2199728.000
                                                  97975576.000 r
  U673/Y (INVX1)                       707368.000 98682944.000 f
  U2510/Y (NAND2X1)                    1291608.000
                                                  99974552.000 r
  U2521/Y (OR2X1)                      2340048.000
                                                  102314600.000 r
  U2525/Y (NAND2X1)                    804768.000 103119368.000 f
  U532/Y (AND2X1)                      2046000.000
                                                  105165368.000 f
  U533/Y (INVX1)                       -257368.000
                                                  104908000.000 r
  U783/Y (INVX1)                       672968.000 105580968.000 f
  U2533/Y (NAND2X1)                    1286464.000
                                                  106867432.000 r
  U359/Y (AND2X1)                      2174488.000
                                                  109041920.000 r
  U360/Y (INVX1)                       733032.000 109774952.000 f
  U2534/Y (NOR2X1)                     1161352.000
                                                  110936304.000 r
  U2535/Y (NOR2X1)                     108840.000 111045144.000 f
  U511/Y (NAND2X1)                     885488.000 111930632.000 r
  U2537/Y (NAND2X1)                    930376.000 112861008.000 f
  U2538/Y (NAND2X1)                    1395288.000
                                                  114256296.000 r
  U2542/Y (NAND2X1)                    866088.000 115122384.000 f
  U2546/Y (NAND2X1)                    1341800.000
                                                  116464184.000 r
  U2547/Y (INVX1)                      1116600.000
                                                  117580784.000 f
  U2548/Y (NAND2X1)                    1284224.000
                                                  118865008.000 r
  U2551/Y (NAND2X1)                    848072.000 119713080.000 f
  U2553/Y (NAND2X1)                    885512.000 120598592.000 r
  U2556/Y (OR2X1)                      2581880.000
                                                  123180472.000 r
  U2559/Y (NAND2X1)                    804776.000 123985248.000 f
  U2561/Y (NAND2X1)                    1341840.000
                                                  125327088.000 r
  U2569/Y (INVX1)                      1116224.000
                                                  126443312.000 f
  U2571/Y (NAND2X1)                    919352.000 127362664.000 r
  U2572/Y (NAND2X1)                    1127440.000
                                                  128490104.000 f
  U2578/Y (OR2X1)                      2089000.000
                                                  130579104.000 f
  U526/Y (AND2X1)                      2434984.000
                                                  133014088.000 f
  U461/Y (INVX1)                       -353416.000
                                                  132660672.000 r
  U462/Y (INVX1)                       667456.000 133328128.000 f
  U2581/Y (NAND2X1)                    914816.000 134242944.000 r
  U379/Y (AND2X1)                      2174544.000
                                                  136417488.000 r
  U380/Y (INVX1)                       733024.000 137150512.000 f
  U2582/Y (NOR2X1)                     1161344.000
                                                  138311856.000 r
  U2589/Y (NOR2X1)                     108848.000 138420704.000 f
  U2590/Y (NAND2X1)                    885344.000 139306048.000 r
  U2592/Y (NAND2X1)                    867712.000 140173760.000 f
  U2599/Y (OR2X1)                      2088864.000
                                                  142262624.000 f
  U2600/Y (NAND2X1)                    1752560.000
                                                  144015184.000 r
  U2601/Y (INVX1)                      1069488.000
                                                  145084672.000 f
  U2602/Y (NAND2X1)                    1284384.000
                                                  146369056.000 r
  U2606/Y (NAND2X1)                    848096.000 147217152.000 f
  U2608/Y (NAND2X1)                    1341904.000
                                                  148559056.000 r
  U2609/Y (INVX1)                      1097088.000
                                                  149656144.000 f
  U2614/Y (NAND2X1)                    919312.000 150575456.000 r
  U2619/Y (NAND2X1)                    848112.000 151423568.000 f
  U2621/Y (NAND2X1)                    1341936.000
                                                  152765504.000 r
  U2622/Y (INVX1)                      1096416.000
                                                  153861920.000 f
  U2623/Y (NAND2X1)                    1284288.000
                                                  155146208.000 r
  U291/Y (AND2X1)                      1819072.000
                                                  156965280.000 r
  U292/Y (INVX1)                       714640.000 157679920.000 f
  U2629/Y (NAND2X1)                    1362944.000
                                                  159042864.000 r
  U2636/Y (INVX1)                      1096432.000
                                                  160139296.000 f
  U2637/Y (NAND2X1)                    919328.000 161058624.000 r
  U505/Y (NAND2X1)                     1235920.000
                                                  162294544.000 f
  U495/Y (INVX1)                       225040.000 162519584.000 r
  U496/Y (INVX1)                       665856.000 163185440.000 f
  U797/Y (INVX1)                       478432.000 163663872.000 r
  U2811/Y (NAND2X1)                    803488.000 164467360.000 f
  U2812/Y (NAND2X1)                    1395280.000
                                                  165862640.000 r
  U2814/Y (OR2X1)                      2585008.000
                                                  168447648.000 r
  U2819/Y (NAND2X1)                    799216.000 169246864.000 f
  U2821/Y (NAND2X1)                    885280.000 170132144.000 r
  U2824/Y (OR2X1)                      2594800.000
                                                  172726944.000 r
  U2828/Y (NAND2X1)                    797424.000 173524368.000 f
  U2830/Y (NAND2X1)                    885520.000 174409888.000 r
  U2835/Y (OR2X1)                      2605376.000
                                                  177015264.000 r
  U2839/Y (NAND2X1)                    797424.000 177812688.000 f
  U2841/Y (NAND2X1)                    885520.000 178698208.000 r
  U2845/Y (OR2X1)                      2605360.000
                                                  181303568.000 r
  U2849/Y (NAND2X1)                    797440.000 182101008.000 f
  U2851/Y (NAND2X1)                    885504.000 182986512.000 r
  U2854/Y (OR2X1)                      2605360.000
                                                  185591872.000 r
  U2858/Y (NAND2X1)                    799232.000 186391104.000 f
  U2860/Y (NAND2X1)                    885504.000 187276608.000 r
  U2865/Y (OR2X1)                      2594832.000
                                                  189871440.000 r
  U2866/Y (NAND2X1)                    1215792.000
                                                  191087232.000 f
  U475/Y (INVX1)                       235568.000 191322800.000 r
  U476/Y (INVX1)                       646688.000 191969488.000 f
  U2873/Y (NOR2X1)                     1627664.000
                                                  193597152.000 r
  U2874/Y (INVX1)                      1006976.000
                                                  194604128.000 f
  U2875/Y (NAND2X1)                    919216.000 195523344.000 r
  U2876/Y (NAND2X1)                    1154704.000
                                                  196678048.000 f
  U2878/Y (NAND2X1)                    873472.000 197551520.000 r
  out[0] (out)                            0.000   197551520.000 r
  data arrival time                               197551520.000

  clock clk (rise edge)                250000000.000
                                                  250000000.000
  clock network delay (ideal)             0.000   250000000.000
  clock reconvergence pessimism           0.000   250000000.000
  output external delay                   0.000   250000000.000
  data required time                              250000000.000
  ---------------------------------------------------------------
  data required time                              250000000.000
  data arrival time                               -197551520.000
  ---------------------------------------------------------------
  slack (MET)                                     52448480.000


1
