Information: Updating design information... (UID-85)
 
****************************************
Report : qor
Design : top
Version: S-2021.06-SP2
Date   : Fri Dec 16 16:47:12 2022
****************************************


  Timing Path Group 'clk'
  -----------------------------------
  Levels of Logic:             142.00
  Critical Path Length:  197551808.00
  Critical Path Slack:    52448192.00
  Critical Path Clk Period:
                         250000000.00
  Total Negative Slack:          0.00
  No. of Violating Paths:        0.00
  Worst Hold Violation:          0.00
  Total Hold Violation:          0.00
  No. of Hold Violations:        0.00
  -----------------------------------


  Cell Count
  -----------------------------------
  Hierarchical Cell Count:          0
  Hierarchical Port Count:          0
  Leaf Cell Count:               2637
  Buf/Inv Cell Count:             644
  Buf Cell Count:                   0
  Inv Cell Count:                 644
  CT Buf/Inv Cell Count:            0
  Combinational Cell Count:      2637
  Sequential Cell Count:            0
  Macro Count:                      0
  -----------------------------------


  Area
  -----------------------------------
  Combinational Area:
                     896016050.000000
  Noncombinational Area:     0.000000
  Buf/Inv Area:      147102480.000000
  Total Buffer Area:             0.00
  Total Inverter Area:   147102480.00
  Macro/Black Box Area:      0.000000
  Net Area:                  0.000000
  -----------------------------------
  Cell Area:         896016050.000000
  Design Area:       896016050.000000


  Design Rules
  -----------------------------------
  Total Number of Nets:          2685
  Nets With Violations:          2637
  Max Trans Violations:          2637
  Max Cap Violations:               0
  -----------------------------------


  Hostname: leoforos

  Compile CPU Statistics
  -----------------------------------------
  Resource Sharing:                    1.21
  Logic Optimization:                  0.13
  Mapping Optimization:                2.19
  -----------------------------------------
  Overall Compile Time:               14.11
  Overall Compile Wall Clock Time:    14.45

  --------------------------------------------------------------------

  Design  WNS: 0.00  TNS: 0.00  Number of Violating Paths: 0


  Design (Hold)  WNS: 0.00  TNS: 0.00  Number of Violating Paths: 0

  --------------------------------------------------------------------


1
