****************************************
Report : timing
	-path_type full
	-delay_type max
	-max_paths 1
	-sort_by slack
Design : top
Version: S-2021.06-SP1
Date   : Tue Nov 29 15:06:30 2022
****************************************


  Startpoint: inp[21] (input port clocked by clk)
  Endpoint: out[0] (output port clocked by clk)
  Path Group: clk
  Path Type: max

  Point                                    Incr       Path
  ---------------------------------------------------------------
  clock clk (rise edge)                   0.000      0.000
  clock network delay (ideal)             0.000      0.000
  input external delay                    0.000      0.000 f
  inp[21] (in)                            0.000      0.000 f
  U1595/Y (INVX1)                      595520.000 595520.000 r
  U1596/Y (NAND2X1)                    1055184.000
                                                  1650704.000 f
  U1647/Y (NAND2X1)                    1345296.000
                                                  2996000.000 r
  U1651/Y (NAND2X1)                    866208.000 3862208.000 f
  U1652/Y (AND2X1)                     2245792.000
                                                  6108000.000 f
  U1654/Y (XOR2X1)                     5250368.000
                                                  11358368.000 r
  U1679/Y (XOR2X1)                     4335344.000
                                                  15693712.000 f
  U897/Y (XOR2X1)                      5733024.000
                                                  21426736.000 r
  U1708/Y (XOR2X1)                     4343632.000
                                                  25770368.000 f
  U1095/Y (XOR2X1)                     5733200.000
                                                  31503568.000 r
  U827/Y (AND2X1)                      1821408.000
                                                  33324976.000 r
  U828/Y (INVX1)                       715408.000 34040384.000 f
  U1094/Y (NAND2X1)                    930064.000 34970448.000 r
  U1393/Y (XOR2X1)                     4743024.000
                                                  39713472.000 f
  U389/Y (AND2X1)                      2064704.000
                                                  41778176.000 f
  U390/Y (INVX1)                       -1448064.000
                                                  40330112.000 r
  U1758/Y (NAND2X1)                    803664.000 41133776.000 f
  U1779/Y (XOR2X1)                     5312112.000
                                                  46445888.000 r
  U404/Y (AND2X1)                      1818688.000
                                                  48264576.000 r
  U405/Y (INVX1)                       715872.000 48980448.000 f
  U1485/Y (NAND2X1)                    930064.000 49910512.000 r
  U1484/Y (XOR2X1)                     2694800.000
                                                  52605312.000 r
  U393/Y (AND2X1)                      1781856.000
                                                  54387168.000 r
  U394/Y (INVX1)                       715232.000 55102400.000 f
  U1406/Y (NAND2X1)                    930048.000 56032448.000 r
  U1405/Y (XOR2X1)                     4267312.000
                                                  60299760.000 f
  U1404/Y (NAND2X1)                    836144.000 61135904.000 r
  U1865/Y (NAND2X1)                    849040.000 61984944.000 f
  U1866/Y (NOR2X1)                     1196576.000
                                                  63181520.000 r
  U1870/Y (NAND2X1)                    834544.000 64016064.000 f
  U1874/Y (NAND2X1)                    1341792.000
                                                  65357856.000 r
  U1388/Y (INVX1)                      1117168.000
                                                  66475024.000 f
  U894/Y (NAND2X1)                     947616.000 67422640.000 r
  U446/Y (AND2X1)                      1816672.000
                                                  69239312.000 r
  U447/Y (INVX1)                       716080.000 69955392.000 f
  U856/Y (AND2X1)                      2034880.000
                                                  71990272.000 f
  U857/Y (INVX1)                       -213504.000
                                                  71776768.000 r
  U645/Y (AND2X1)                      2182080.000
                                                  73958848.000 r
  U646/Y (INVX1)                       714000.000 74672848.000 f
  U4108/Y (NAND2X1)                    924320.000 75597168.000 r
  U1189/Y (AND2X1)                     932864.000 76530032.000 r
  U4110/Y (NAND2X1)                    841792.000 77371824.000 f
  U4112/Y (AND2X1)                     1860224.000
                                                  79232048.000 f
  U4113/Y (XOR2X1)                     5249712.000
                                                  84481760.000 r
  U4144/Y (XOR2X1)                     4328640.000
                                                  88810400.000 f
  U4145/Y (XOR2X1)                     5094528.000
                                                  93904928.000 r
  U1473/Y (XOR2X1)                     4765376.000
                                                  98670304.000 f
  U1472/Y (XOR2X1)                     5741232.000
                                                  104411536.000 r
  U1471/Y (XOR2X1)                     4343776.000
                                                  108755312.000 f
  U1470/Y (XOR2X1)                     5733200.000
                                                  114488512.000 r
  U4261/Y (XOR2X1)                     4744832.000
                                                  119233344.000 f
  U4364/Y (XOR2X1)                     5078488.000
                                                  124311832.000 r
  U399/Y (AND2X1)                      2174704.000
                                                  126486536.000 r
  U400/Y (INVX1)                       715520.000 127202056.000 f
  U1097/Y (NAND2X1)                    1362944.000
                                                  128565000.000 r
  U1096/Y (INVX1)                      1116904.000
                                                  129681904.000 f
  U1240/Y (AND2X1)                     2034736.000
                                                  131716640.000 f
  U1241/Y (INVX1)                      -1528424.000
                                                  130188216.000 r
  U1389/Y (NAND2X1)                    1049744.000
                                                  131237960.000 f
  U4369/Y (AND2X1)                     2044120.000
                                                  133282080.000 f
  U4370/Y (INVX1)                      -1291160.000
                                                  131990920.000 r
  U4372/Y (NAND2X1)                    800472.000 132791392.000 f
  U4376/Y (NAND2X1)                    886176.000 133677568.000 r
  U4390/Y (NAND2X1)                    864512.000 134542080.000 f
  U4405/Y (NAND2X1)                    886112.000 135428192.000 r
  U322/Y (AND2X1)                      1798464.000
                                                  137226656.000 r
  U323/Y (INVX1)                       707664.000 137934320.000 f
  U4407/Y (NAND2X1)                    1285648.000
                                                  139219968.000 r
  U1087/Y (NAND2X1)                    848288.000 140068256.000 f
  U1086/Y (NAND2X1)                    879936.000 140948192.000 r
  U324/Y (NAND2X1)                     940544.000 141888736.000 f
  U1226/Y (AND2X1)                     2046048.000
                                                  143934784.000 f
  U1227/Y (INVX1)                      -1515456.000
                                                  142419328.000 r
  U4909/Y (NAND2X1)                    1052512.000
                                                  143471840.000 f
  U1066/Y (AND2X1)                     1855392.000
                                                  145327232.000 f
  U1065/Y (NOR2X1)                     1637952.000
                                                  146965184.000 r
  U4910/Y (INVX1)                      1004288.000
                                                  147969472.000 f
  U1461/Y (NAND2X1)                    919232.000 148888704.000 r
  U1460/Y (NAND2X1)                    1234848.000
                                                  150123552.000 f
  U315/Y (AND2X1)                      2045584.000
                                                  152169136.000 f
  U316/Y (INVX1)                       -1307824.000
                                                  150861312.000 r
  U1080/Y (AND2X1)                     1975616.000
                                                  152836928.000 r
  U1079/Y (NAND2X1)                    851168.000 153688096.000 f
  U4929/Y (AND2X1)                     1857856.000
                                                  155545952.000 f
  U1049/Y (NOR2X1)                     1213600.000
                                                  156759552.000 r
  U1048/Y (OR2X1)                      2161120.000
                                                  158920672.000 r
  U4941/Y (NAND2X1)                    1219760.000
                                                  160140432.000 f
  U1192/Y (AND2X1)                     2045456.000
                                                  162185888.000 f
  U1193/Y (INVX1)                      -1307808.000
                                                  160878080.000 r
  U345/Y (AND2X1)                      2199104.000
                                                  163077184.000 r
  U346/Y (INVX1)                       707808.000 163784992.000 f
  U4950/Y (OR2X1)                      2115264.000
                                                  165900256.000 f
  U4954/Y (NAND2X1)                    870752.000 166771008.000 r
  U4956/Y (NAND2X1)                    866944.000 167637952.000 f
  U4957/Y (OR2X1)                      2088976.000
                                                  169726928.000 f
  U4960/Y (NAND2X1)                    872144.000 170599072.000 r
  U4962/Y (NAND2X1)                    865872.000 171464944.000 f
  U4969/Y (NAND2X1)                    1341792.000
                                                  172806736.000 r
  U4972/Y (INVX1)                      1093488.000
                                                  173900224.000 f
  U884/Y (NAND2X1)                     919328.000 174819552.000 r
  U883/Y (NAND2X1)                     849152.000 175668704.000 f
  U870/Y (AND2X1)                      2072320.000
                                                  177741024.000 f
  U871/Y (INVX1)                       -1192144.000
                                                  176548880.000 r
  U1082/Y (AND2X1)                     2022512.000
                                                  178571392.000 r
  U1117/Y (NOR2X1)                     341952.000 178913344.000 f
  U1175/Y (OR2X1)                      2091616.000
                                                  181004960.000 f
  U1174/Y (NOR2X1)                     1209728.000
                                                  182214688.000 r
  U1176/Y (OR2X1)                      2149936.000
                                                  184364624.000 r
  U1464/Y (NAND2X1)                    800784.000 185165408.000 f
  U1445/Y (NAND2X1)                    1341792.000
                                                  186507200.000 r
  U1444/Y (INVX1)                      1095648.000
                                                  187602848.000 f
  U1463/Y (NAND2X1)                    919312.000 188522160.000 r
  U5794/Y (NAND2X1)                    848096.000 189370256.000 f
  U5796/Y (NAND2X1)                    885504.000 190255760.000 r
  U1420/Y (NOR2X1)                     -331824.000
                                                  189923936.000 f
  U1093/Y (OR2X1)                      2088240.000
                                                  192012176.000 f
  U1092/Y (NAND2X1)                    876672.000 192888848.000 r
  U1203/Y (AND2X1)                     767456.000 193656304.000 r
  U1191/Y (OR2X1)                      2384272.000
                                                  196040576.000 r
  U5814/Y (NAND2X1)                    800880.000 196841456.000 f
  U5815/Y (NAND2X1)                    1341792.000
                                                  198183248.000 r
  U343/Y (AND2X1)                      1797728.000
                                                  199980976.000 r
  U344/Y (INVX1)                       718496.000 200699472.000 f
  U1089/Y (NAND2X1)                    1291568.000
                                                  201991040.000 r
  U1088/Y (OR2X1)                      2339952.000
                                                  204330992.000 r
  U1457/Y (NAND2X1)                    804832.000 205135824.000 f
  U5830/Y (NAND2X1)                    1341888.000
                                                  206477712.000 r
  U5832/Y (INVX1)                      1116368.000
                                                  207594080.000 f
  U5834/Y (NAND2X1)                    919328.000 208513408.000 r
  U5839/Y (NAND2X1)                    848096.000 209361504.000 f
  U1361/Y (NAND2X1)                    885504.000 210247008.000 r
  U723/Y (OR2X1)                       2606784.000
                                                  212853792.000 r
  U764/Y (NAND2X1)                     948528.000 213802320.000 f
  U730/Y (AND2X1)                      2046544.000
                                                  215848864.000 f
  U731/Y (INVX1)                       -1354912.000
                                                  214493952.000 r
  U980/Y (NAND2X1)                     928768.000 215422720.000 f
  U953/Y (NAND2X1)                     880976.000 216303696.000 r
  U952/Y (NAND2X1)                     1155568.000
                                                  217459264.000 f
  U951/Y (NAND2X1)                     879376.000 218338640.000 r
  U763/Y (AND2X1)                      761344.000 219099984.000 r
  U978/Y (NOR2X1)                      -111920.000
                                                  218988064.000 f
  U1042/Y (NAND2X1)                    882704.000 219870768.000 r
  U1041/Y (NAND2X1)                    848096.000 220718864.000 f
  U1038/Y (NAND2X1)                    1752592.000
                                                  222471456.000 r
  U747/Y (AND2X1)                      1797728.000
                                                  224269184.000 r
  U748/Y (INVX1)                       719776.000 224988960.000 f
  U1417/Y (NAND2X1)                    1291568.000
                                                  226280528.000 r
  U891/Y (NOR2X1)                      -88576.000 226191952.000 f
  U890/Y (NOR2X1)                      1629024.000
                                                  227820976.000 r
  U889/Y (INVX1)                       1002512.000
                                                  228823488.000 f
  U888/Y (NAND2X1)                     1363120.000
                                                  230186608.000 r
  U887/Y (INVX1)                       1096608.000
                                                  231283216.000 f
  U964/Y (NAND2X1)                     919328.000 232202544.000 r
  U962/Y (NAND2X1)                     848064.000 233050608.000 f
  U759/Y (AND2X1)                      2044128.000
                                                  235094736.000 f
  U760/Y (INVX1)                       -1300320.000
                                                  233794416.000 r
  U5876/Y (NOR2X1)                     912672.000 234707088.000 f
  U5877/Y (INVX1)                      -298880.000
                                                  234408208.000 r
  U5881/Y (NAND2X1)                    800928.000 235209136.000 f
  U5883/Y (NAND2X1)                    1341920.000
                                                  236551056.000 r
  U908/Y (INVX1)                       1096608.000
                                                  237647664.000 f
  U907/Y (NAND2X1)                     919328.000 238566992.000 r
  U906/Y (NAND2X1)                     848064.000 239415056.000 f
  U885/Y (NAND2X1)                     879584.000 240294640.000 r
  U995/Y (NAND2X1)                     866848.000 241161488.000 f
  U994/Y (NAND2X1)                     892144.000 242053632.000 r
  U1359/Y (NAND2X1)                    866720.000 242920352.000 f
  U1076/Y (NAND2X1)                    879792.000 243800144.000 r
  U1075/Y (NAND2X1)                    1157984.000
                                                  244958128.000 f
  U1073/Y (NOR2X1)                     1629264.000
                                                  246587392.000 r
  U1114/Y (INVX1)                      1002496.000
                                                  247589888.000 f
  U5907/Y (NAND2X1)                    1284624.000
                                                  248874512.000 r
  U5912/Y (NAND2X1)                    847072.000 249721584.000 f
  out[0] (out)                            0.000   249721584.000 f
  data arrival time                               249721584.000

  clock clk (rise edge)                250000000.000
                                                  250000000.000
  clock network delay (ideal)             0.000   250000000.000
  clock reconvergence pessimism           0.000   250000000.000
  output external delay                   0.000   250000000.000
  data required time                              250000000.000
  ---------------------------------------------------------------
  data required time                              250000000.000
  data arrival time                               -249721584.000
  ---------------------------------------------------------------
  slack (MET)                                     278416.000


1
