 
****************************************
Report : timing
        -path full
        -delay max
        -max_paths 1
Design : top
Version: S-2021.06-SP2
Date   : Sun Dec  4 23:08:29 2022
****************************************

Operating Conditions: TT   Library: PPDK_Standard_Library_1.0V_25C_TYP_X1
Wire Load Model Mode: top

  Startpoint: inp[9] (input port clocked by clk)
  Endpoint: out[0] (output port clocked by clk)
  Path Group: clk
  Path Type: max

  Point                                    Incr       Path
  -----------------------------------------------------------
  clock clk (rise edge)                   0.000      0.000
  clock network delay (ideal)             0.000      0.000
  input external delay                    0.000      0.000 r
  inp[9] (in)                             0.000      0.000 r
  U414/Y (INVX1)                       53904.598  53904.598 f
  U418/Y (NAND2X1)                     1287997.875
                                                  1341902.500 r
  U308/Y (AND2X1)                      2169187.000
                                                  3511089.500 r
  U240/Y (AND2X1)                      1835643.500
                                                  5346733.000 r
  U241/Y (INVX1)                       705216.500 6051949.500 f
  U434/Y (NAND2X1)                     1291603.000
                                                  7343552.500 r
  U136/Y (XNOR2X1)                     6321485.500
                                                  13665038.000 r
  U137/Y (INVX1)                       820429.000 14485467.000 f
  U458/Y (OR2X1)                       2115340.000
                                                  16600807.000 f
  U220/Y (AND2X1)                      2434369.000
                                                  19035176.000 f
  U221/Y (INVX1)                       -1340462.000
                                                  17694714.000 r
  U320/Y (AND2X1)                      2199116.000
                                                  19893830.000 r
  U321/Y (INVX1)                       707794.000 20601624.000 f
  U461/Y (NOR2X1)                      1157576.000
                                                  21759200.000 r
  U463/Y (NOR2X1)                      156760.000 21915960.000 f
  U188/Y (AND2X1)                      2441926.000
                                                  24357886.000 f
  U189/Y (INVX1)                       -1291634.000
                                                  23066252.000 r
  U324/Y (AND2X1)                      2199104.000
                                                  25265356.000 r
  U325/Y (INVX1)                       707798.000 25973154.000 f
  U466/Y (OR2X1)                       2117890.000
                                                  28091044.000 f
  U148/Y (NAND2X1)                     870668.000 28961712.000 r
  U122/Y (AND2X1)                      1818840.000
                                                  30780552.000 r
  U123/Y (INVX1)                       707870.000 31488422.000 f
  U467/Y (NOR2X1)                      1627636.000
                                                  33116058.000 r
  U468/Y (INVX1)                       1007134.000
                                                  34123192.000 f
  U474/Y (NAND2X1)                     1284760.000
                                                  35407952.000 r
  U338/Y (AND2X1)                      1830616.000
                                                  37238568.000 r
  U339/Y (INVX1)                       712328.000 37950896.000 f
  U282/Y (AND2X1)                      2458080.000
                                                  40408976.000 f
  U283/Y (INVX1)                       -1175044.000
                                                  39233932.000 r
  U354/Y (AND2X1)                      2198884.000
                                                  41432816.000 r
  U355/Y (INVX1)                       707868.000 42140684.000 f
  U478/Y (NAND2X1)                     1285772.000
                                                  43426456.000 r
  U194/Y (AND2X1)                      1818748.000
                                                  45245204.000 r
  U195/Y (INVX1)                       708156.000 45953360.000 f
  U87/Y (AND2X1)                       2034904.000
                                                  47988264.000 f
  U88/Y (INVX1)                        -1187232.000
                                                  46801032.000 r
  U150/Y (OR2X1)                       1775924.000
                                                  48576956.000 r
  U151/Y (INVX1)                       710212.000 49287168.000 f
  U146/Y (NAND2X1)                     1285764.000
                                                  50572932.000 r
  U200/Y (AND2X1)                      1818748.000
                                                  52391680.000 r
  U201/Y (INVX1)                       715564.000 53107244.000 f
  U486/Y (NOR2X1)                      1157492.000
                                                  54264736.000 r
  U143/Y (NAND2X1)                     833308.000 55098044.000 f
  U214/Y (AND2X1)                      2044132.000
                                                  57142176.000 f
  U215/Y (INVX1)                       -1187244.000
                                                  55954932.000 r
  U144/Y (NAND2X1)                     1050000.000
                                                  57004932.000 f
  U91/Y (AND2X1)                       2240744.000
                                                  59245676.000 f
  U496/Y (NOR2X1)                      1207840.000
                                                  60453516.000 r
  out[0] (out)                            0.000   60453516.000 r
  data arrival time                               60453516.000

  clock clk (rise edge)                200000000.000
                                                  200000000.000
  clock network delay (ideal)             0.000   200000000.000
  output external delay                   0.000   200000000.000
  data required time                              200000000.000
  -----------------------------------------------------------
  data required time                              200000000.000
  data arrival time                               -60453516.000
  -----------------------------------------------------------
  slack (MET)                                     139546480.000


1
