****************************************
Report : timing
	-path_type full
	-delay_type max
	-max_paths 1
	-sort_by slack
Design : top
Version: S-2021.06-SP1
Date   : Fri Dec 16 16:43:43 2022
****************************************


  Startpoint: inp[19] (input port clocked by clk)
  Endpoint: out[0] (output port clocked by clk)
  Path Group: clk
  Path Type: max

  Point                                    Incr       Path
  ---------------------------------------------------------------
  clock clk (rise edge)                   0.000      0.000
  clock network delay (ideal)             0.000      0.000
  input external delay                    0.000      0.000 r
  inp[19] (in)                            0.000      0.000 r
  U1237/Y (INVX1)                      54320.000  54320.000 f
  U1299/Y (XOR2X1)                     5579152.000
                                                  5633472.000 r
  U930/Y (XNOR2X1)                     6330592.000
                                                  11964064.000 r
  U931/Y (INVX1)                       823040.000 12787104.000 f
  U1721/Y (XOR2X1)                     5588080.000
                                                  18375184.000 r
  U800/Y (AND2X1)                      2174512.000
                                                  20549696.000 r
  U801/Y (INVX1)                       715584.000 21265280.000 f
  U1722/Y (NAND2X1)                    1297376.000
                                                  22562656.000 r
  U1730/Y (XOR2X1)                     4333728.000
                                                  26896384.000 f
  U1739/Y (XOR2X1)                     5742416.000
                                                  32638800.000 r
  U1755/Y (XOR2X1)                     4338144.000
                                                  36976944.000 f
  U1757/Y (NAND2X1)                    1312960.000
                                                  38289904.000 r
  U712/Y (INVX1)                       982592.000 39272496.000 f
  U713/Y (INVX1)                       445296.000 39717792.000 r
  U1758/Y (NAND2X1)                    1056048.000
                                                  40773840.000 f
  U1760/Y (XOR2X1)                     5382960.000
                                                  46156800.000 r
  U790/Y (AND2X1)                      1821936.000
                                                  47978736.000 r
  U791/Y (INVX1)                       716080.000 48694816.000 f
  U1773/Y (AND2X1)                     2243888.000
                                                  50938704.000 f
  U1777/Y (XOR2X1)                     5951920.000
                                                  56890624.000 r
  U782/Y (AND2X1)                      1782144.000
                                                  58672768.000 r
  U783/Y (INVX1)                       715232.000 59388000.000 f
  U1786/Y (NAND2X1)                    1291584.000
                                                  60679584.000 r
  U1794/Y (OR2X1)                      2320256.000
                                                  62999840.000 r
  U376/Y (AND2X1)                      2199264.000
                                                  65199104.000 r
  U377/Y (INVX1)                       707520.000 65906624.000 f
  U1798/Y (NAND2X1)                    1285648.000
                                                  67192272.000 r
  U1799/Y (NAND2X1)                    1229152.000
                                                  68421424.000 f
  U641/Y (INVX1)                       226432.000 68647856.000 r
  U642/Y (INVX1)                       646944.000 69294800.000 f
  U1814/Y (NOR2X1)                     1157712.000
                                                  70452512.000 r
  U1815/Y (NAND2X1)                    834112.000 71286624.000 f
  U366/Y (AND2X1)                      2044160.000
                                                  73330784.000 f
  U367/Y (INVX1)                       -114840.000
                                                  73215944.000 r
  U667/Y (INVX1)                       718528.000 73934472.000 f
  U668/Y (INVX1)                       973272.000 74907744.000 r
  U1033/Y (INVX1)                      647480.000 75555224.000 f
  U993/Y (XNOR2X1)                     6015256.000
                                                  81570480.000 f
  U994/Y (INVX1)                       -1201992.000
                                                  80368488.000 r
  U468/Y (AND2X1)                      1880864.000
                                                  82249352.000 r
  U469/Y (INVX1)                       713712.000 82963064.000 f
  U2360/Y (AND2X1)                     2243888.000
                                                  85206952.000 f
  U2362/Y (XOR2X1)                     5259488.000
                                                  90466440.000 r
  U860/Y (AND2X1)                      2173632.000
                                                  92640072.000 r
  U861/Y (INVX1)                       715872.000 93355944.000 f
  U2363/Y (AND2X1)                     2243896.000
                                                  95599840.000 f
  U2364/Y (XOR2X1)                     5259496.000
                                                  100859336.000 r
  U924/Y (XNOR2X1)                     6334584.000
                                                  107193920.000 r
  U925/Y (INVX1)                       834856.000 108028776.000 f
  U2404/Y (XOR2X1)                     2989928.000
                                                  111018704.000 f
  U2527/Y (XOR2X1)                     5085272.000
                                                  116103976.000 r
  U2549/Y (OR2X1)                      2341328.000
                                                  118445304.000 r
  U904/Y (AND2X1)                      2199736.000
                                                  120645040.000 r
  U905/Y (INVX1)                       707368.000 121352408.000 f
  U2552/Y (NAND2X1)                    918864.000 122271272.000 r
  U2553/Y (NAND2X1)                    1154728.000
                                                  123426000.000 f
  U2556/Y (NAND2X1)                    879360.000 124305360.000 r
  U1022/Y (AND2X1)                     2118128.000
                                                  126423488.000 r
  U702/Y (AND2X1)                      2179808.000
                                                  128603296.000 r
  U703/Y (INVX1)                       713856.000 129317152.000 f
  U2591/Y (NAND2X1)                    1357288.000
                                                  130674440.000 r
  U539/Y (INVX1)                       1123248.000
                                                  131797688.000 f
  U540/Y (INVX1)                       450272.000 132247960.000 r
  U2593/Y (NOR2X1)                     533976.000 132781936.000 f
  U2597/Y (NOR2X1)                     1185568.000
                                                  133967504.000 r
  U2600/Y (NAND2X1)                    834576.000 134802080.000 f
  U2602/Y (NAND2X1)                    879584.000 135681664.000 r
  U2603/Y (NAND2X1)                    1151008.000
                                                  136832672.000 f
  U2607/Y (NAND2X1)                    1341920.000
                                                  138174592.000 r
  U2608/Y (INVX1)                      1116496.000
                                                  139291088.000 f
  U2609/Y (NAND2X1)                    919344.000 140210432.000 r
  U2612/Y (NAND2X1)                    848352.000 141058784.000 f
  U2614/Y (NAND2X1)                    885504.000 141944288.000 r
  U2617/Y (NAND2X1)                    1153280.000
                                                  143097568.000 f
  U2622/Y (NAND2X1)                    879456.000 143977024.000 r
  U2623/Y (NAND2X1)                    1154768.000
                                                  145131792.000 f
  U2624/Y (NAND2X1)                    1404576.000
                                                  146536368.000 r
  U696/Y (AND2X1)                      2156784.000
                                                  148693152.000 r
  U368/Y (AND2X1)                      2180976.000
                                                  150874128.000 r
  U369/Y (INVX1)                       713472.000 151587600.000 f
  U2636/Y (NAND2X1)                    1357296.000
                                                  152944896.000 r
  U535/Y (INVX1)                       1122912.000
                                                  154067808.000 f
  U536/Y (INVX1)                       450304.000 154518112.000 r
  U2639/Y (NOR2X1)                     533952.000 155052064.000 f
  U2644/Y (NOR2X1)                     1190192.000
                                                  156242256.000 r
  U2648/Y (NAND2X1)                    834384.000 157076640.000 f
  U2650/Y (NAND2X1)                    1341888.000
                                                  158418528.000 r
  U2651/Y (INVX1)                      1107120.000
                                                  159525648.000 f
  U2652/Y (NAND2X1)                    1284272.000
                                                  160809920.000 r
  U2656/Y (NAND2X1)                    848064.000 161657984.000 f
  U2658/Y (NAND2X1)                    879584.000 162537568.000 r
  U2659/Y (NAND2X1)                    1156032.000
                                                  163693600.000 f
  U2663/Y (NAND2X1)                    1341744.000
                                                  165035344.000 r
  U2670/Y (INVX1)                      1116480.000
                                                  166151824.000 f
  U2671/Y (NAND2X1)                    1284240.000
                                                  167436064.000 r
  U2672/Y (NAND2X1)                    1126064.000
                                                  168562128.000 f
  U2673/Y (NAND2X1)                    1394672.000
                                                  169956800.000 r
  U2674/Y (NAND2X1)                    1155744.000
                                                  171112544.000 f
  U674/Y (NAND2X1)                     1752576.000
                                                  172865120.000 r
  U2771/Y (NAND2X1)                    864208.000 173729328.000 f
  U2772/Y (NAND2X1)                    1380464.000
                                                  175109792.000 r
  U2774/Y (NAND2X1)                    863664.000 175973456.000 f
  U2775/Y (NOR2X1)                     1200624.000
                                                  177174080.000 r
  U2782/Y (OR2X1)                      2136928.000
                                                  179311008.000 r
  U2783/Y (NAND2X1)                    1052736.000
                                                  180363744.000 f
  U2788/Y (OR2X1)                      2092384.000
                                                  182456128.000 f
  U2789/Y (NAND2X1)                    1425744.000
                                                  183881872.000 r
  U2799/Y (OR2X1)                      2657024.000
                                                  186538896.000 r
  U2800/Y (NAND2X1)                    1046992.000
                                                  187585888.000 f
  U2804/Y (OR2X1)                      2092656.000
                                                  189678544.000 f
  U2809/Y (NAND2X1)                    871936.000 190550480.000 r
  U2811/Y (NAND2X1)                    866000.000 191416480.000 f
  U2812/Y (NAND2X1)                    1400304.000
                                                  192816784.000 r
  U2814/Y (NAND2X1)                    866912.000 193683696.000 f
  U2815/Y (NAND2X1)                    1400288.000
                                                  195083984.000 r
  U370/Y (AND2X1)                      1794224.000
                                                  196878208.000 r
  U371/Y (INVX1)                       708320.000 197586528.000 f
  U2818/Y (NAND2X1)                    1285616.000
                                                  198872144.000 r
  U567/Y (AND2X1)                      1818784.000
                                                  200690928.000 r
  U568/Y (INVX1)                       732992.000 201423920.000 f
  U2820/Y (INVX1)                      445824.000 201869744.000 r
  U2826/Y (NAND2X1)                    1051808.000
                                                  202921552.000 f
  U2827/Y (NAND2X1)                    1380736.000
                                                  204302288.000 r
  U2832/Y (NAND2X1)                    862848.000 205165136.000 f
  out[0] (out)                            0.000   205165136.000 f
  data arrival time                               205165136.000

  clock clk (rise edge)                250000000.000
                                                  250000000.000
  clock network delay (ideal)             0.000   250000000.000
  clock reconvergence pessimism           0.000   250000000.000
  output external delay                   0.000   250000000.000
  data required time                              250000000.000
  ---------------------------------------------------------------
  data required time                              250000000.000
  data arrival time                               -205165136.000
  ---------------------------------------------------------------
  slack (MET)                                     44834864.000


1
