 
****************************************
Report : area
Design : top
Version: S-2021.06-SP2
Date   : Fri Dec 16 16:43:37 2022
****************************************

Library(s) Used:

    PPDK_Standard_Library_1.0V_25C_TYP_X1 (File: /home/akokkinis/synLibs/egfet/db/EGFET_1.0V.db)

Number of ports:                           52
Number of nets:                          2521
Number of cells:                         2473
Number of combinational cells:           2473
Number of sequential cells:                 0
Number of macros/black boxes:               0
Number of buf/inv:                        611
Number of references:                       7

Combinational area:          953726415.000000
Buf/Inv area:                139564620.000000
Noncombinational area:               0.000000
Macro/Black Box area:                0.000000
Net Interconnect area:      undefined  (No wire load specified)

Total cell area:             953726415.000000
Total area:                 undefined
1
