 
****************************************
Report : timing
        -path full
        -delay max
        -max_paths 1
Design : top
Version: S-2021.06-SP2
Date   : Fri Dec 16 16:43:37 2022
****************************************

Operating Conditions: TT   Library: PPDK_Standard_Library_1.0V_25C_TYP_X1
Wire Load Model Mode: top

  Startpoint: inp[19] (input port clocked by clk)
  Endpoint: out[0] (output port clocked by clk)
  Path Group: clk
  Path Type: max

  Point                                    Incr       Path
  -----------------------------------------------------------
  clock clk (rise edge)                   0.000      0.000
  clock network delay (ideal)             0.000      0.000
  input external delay                    0.000      0.000 r
  inp[19] (in)                            0.000      0.000 r
  U1237/Y (INVX1)                      54322.590  54322.590 f
  U1299/Y (XOR2X1)                     5579157.500
                                                  5633480.000 r
  U930/Y (XNOR2X1)                     6330556.000
                                                  11964036.000 r
  U931/Y (INVX1)                       823033.000 12787069.000 f
  U1721/Y (XOR2X1)                     5588083.000
                                                  18375152.000 r
  U800/Y (AND2X1)                      2174542.000
                                                  20549694.000 r
  U801/Y (INVX1)                       715576.000 21265270.000 f
  U1722/Y (NAND2X1)                    1297376.000
                                                  22562646.000 r
  U1730/Y (XOR2X1)                     4333774.000
                                                  26896420.000 f
  U1739/Y (XOR2X1)                     5742490.000
                                                  32638910.000 r
  U1755/Y (XOR2X1)                     4338130.000
                                                  36977040.000 f
  U1757/Y (NAND2X1)                    1312964.000
                                                  38290004.000 r
  U712/Y (INVX1)                       982600.000 39272604.000 f
  U713/Y (INVX1)                       445304.000 39717908.000 r
  U1758/Y (NAND2X1)                    1056044.000
                                                  40773952.000 f
  U1760/Y (XOR2X1)                     5382932.000
                                                  46156884.000 r
  U790/Y (AND2X1)                      1821920.000
                                                  47978804.000 r
  U791/Y (INVX1)                       716068.000 48694872.000 f
  U1773/Y (AND2X1)                     2243892.000
                                                  50938764.000 f
  U1777/Y (XOR2X1)                     5952016.000
                                                  56890780.000 r
  U782/Y (AND2X1)                      1782132.000
                                                  58672912.000 r
  U783/Y (INVX1)                       715232.000 59388144.000 f
  U1786/Y (NAND2X1)                    1291584.000
                                                  60679728.000 r
  U1794/Y (OR2X1)                      2320272.000
                                                  63000000.000 r
  U376/Y (AND2X1)                      2199268.000
                                                  65199268.000 r
  U377/Y (INVX1)                       707520.000 65906788.000 f
  U1798/Y (NAND2X1)                    1285644.000
                                                  67192432.000 r
  U1799/Y (NAND2X1)                    1229128.000
                                                  68421560.000 f
  U641/Y (INVX1)                       226416.000 68647976.000 r
  U642/Y (INVX1)                       646944.000 69294920.000 f
  U1814/Y (NOR2X1)                     1157712.000
                                                  70452632.000 r
  U1815/Y (NAND2X1)                    834104.000 71286736.000 f
  U366/Y (AND2X1)                      2044160.000
                                                  73330896.000 f
  U367/Y (INVX1)                       -114848.000
                                                  73216048.000 r
  U667/Y (INVX1)                       718536.000 73934584.000 f
  U668/Y (INVX1)                       973280.000 74907864.000 r
  U1033/Y (INVX1)                      647480.000 75555344.000 f
  U993/Y (XNOR2X1)                     6015256.000
                                                  81570600.000 f
  U994/Y (INVX1)                       -1201992.000
                                                  80368608.000 r
  U468/Y (AND2X1)                      1880864.000
                                                  82249472.000 r
  U469/Y (INVX1)                       713712.000 82963184.000 f
  U2360/Y (AND2X1)                     2243888.000
                                                  85207072.000 f
  U2362/Y (XOR2X1)                     5259464.000
                                                  90466536.000 r
  U860/Y (AND2X1)                      2173656.000
                                                  92640192.000 r
  U861/Y (INVX1)                       715864.000 93356056.000 f
  U2363/Y (AND2X1)                     2243896.000
                                                  95599952.000 f
  U2364/Y (XOR2X1)                     5259456.000
                                                  100859408.000 r
  U924/Y (XNOR2X1)                     6334544.000
                                                  107193952.000 r
  U925/Y (INVX1)                       834856.000 108028808.000 f
  U2404/Y (XOR2X1)                     2989928.000
                                                  111018736.000 f
  U2527/Y (XOR2X1)                     5085216.000
                                                  116103952.000 r
  U2549/Y (OR2X1)                      2341344.000
                                                  118445296.000 r
  U904/Y (AND2X1)                      2199744.000
                                                  120645040.000 r
  U905/Y (INVX1)                       707368.000 121352408.000 f
  U2552/Y (NAND2X1)                    918864.000 122271272.000 r
  U2553/Y (NAND2X1)                    1154752.000
                                                  123426024.000 f
  U2556/Y (NAND2X1)                    879360.000 124305384.000 r
  U1022/Y (AND2X1)                     2118104.000
                                                  126423488.000 r
  U702/Y (AND2X1)                      2179824.000
                                                  128603312.000 r
  U703/Y (INVX1)                       713856.000 129317168.000 f
  U2591/Y (NAND2X1)                    1357288.000
                                                  130674456.000 r
  U539/Y (INVX1)                       1123256.000
                                                  131797712.000 f
  U540/Y (INVX1)                       450280.000 132247992.000 r
  U2593/Y (NOR2X1)                     533968.000 132781960.000 f
  U2597/Y (NOR2X1)                     1185568.000
                                                  133967528.000 r
  U2600/Y (NAND2X1)                    834568.000 134802096.000 f
  U2602/Y (NAND2X1)                    879600.000 135681696.000 r
  U2603/Y (NAND2X1)                    1151024.000
                                                  136832720.000 f
  U2607/Y (NAND2X1)                    1341904.000
                                                  138174624.000 r
  U2608/Y (INVX1)                      1116480.000
                                                  139291104.000 f
  U2609/Y (NAND2X1)                    919344.000 140210448.000 r
  U2612/Y (NAND2X1)                    848352.000 141058800.000 f
  U2614/Y (NAND2X1)                    885504.000 141944304.000 r
  U2617/Y (NAND2X1)                    1153312.000
                                                  143097616.000 f
  U2622/Y (NAND2X1)                    879456.000 143977072.000 r
  U2623/Y (NAND2X1)                    1154736.000
                                                  145131808.000 f
  U2624/Y (NAND2X1)                    1404576.000
                                                  146536384.000 r
  U696/Y (AND2X1)                      2156800.000
                                                  148693184.000 r
  U368/Y (AND2X1)                      2180992.000
                                                  150874176.000 r
  U369/Y (INVX1)                       713472.000 151587648.000 f
  U2636/Y (NAND2X1)                    1357296.000
                                                  152944944.000 r
  U535/Y (INVX1)                       1122912.000
                                                  154067856.000 f
  U536/Y (INVX1)                       450304.000 154518160.000 r
  U2639/Y (NOR2X1)                     533952.000 155052112.000 f
  U2644/Y (NOR2X1)                     1190192.000
                                                  156242304.000 r
  U2648/Y (NAND2X1)                    834368.000 157076672.000 f
  U2650/Y (NAND2X1)                    1341888.000
                                                  158418560.000 r
  U2651/Y (INVX1)                      1107136.000
                                                  159525696.000 f
  U2652/Y (NAND2X1)                    1284256.000
                                                  160809952.000 r
  U2656/Y (NAND2X1)                    848064.000 161658016.000 f
  U2658/Y (NAND2X1)                    879584.000 162537600.000 r
  U2659/Y (NAND2X1)                    1156032.000
                                                  163693632.000 f
  U2663/Y (NAND2X1)                    1341744.000
                                                  165035376.000 r
  U2670/Y (INVX1)                      1116480.000
                                                  166151856.000 f
  U2671/Y (NAND2X1)                    1284240.000
                                                  167436096.000 r
  U2672/Y (NAND2X1)                    1126048.000
                                                  168562144.000 f
  U2673/Y (NAND2X1)                    1394688.000
                                                  169956832.000 r
  U2674/Y (NAND2X1)                    1155744.000
                                                  171112576.000 f
  U674/Y (NAND2X1)                     1752576.000
                                                  172865152.000 r
  U2771/Y (NAND2X1)                    864192.000 173729344.000 f
  U2772/Y (NAND2X1)                    1380464.000
                                                  175109808.000 r
  U2774/Y (NAND2X1)                    863680.000 175973488.000 f
  U2775/Y (NOR2X1)                     1200624.000
                                                  177174112.000 r
  U2782/Y (OR2X1)                      2136944.000
                                                  179311056.000 r
  U2783/Y (NAND2X1)                    1052736.000
                                                  180363792.000 f
  U2788/Y (OR2X1)                      2092384.000
                                                  182456176.000 f
  U2789/Y (NAND2X1)                    1425760.000
                                                  183881936.000 r
  U2799/Y (OR2X1)                      2657056.000
                                                  186538992.000 r
  U2800/Y (NAND2X1)                    1046992.000
                                                  187585984.000 f
  U2804/Y (OR2X1)                      2092640.000
                                                  189678624.000 f
  U2809/Y (NAND2X1)                    871936.000 190550560.000 r
  U2811/Y (NAND2X1)                    865984.000 191416544.000 f
  U2812/Y (NAND2X1)                    1400304.000
                                                  192816848.000 r
  U2814/Y (NAND2X1)                    866896.000 193683744.000 f
  U2815/Y (NAND2X1)                    1400304.000
                                                  195084048.000 r
  U370/Y (AND2X1)                      1794224.000
                                                  196878272.000 r
  U371/Y (INVX1)                       708304.000 197586576.000 f
  U2818/Y (NAND2X1)                    1285632.000
                                                  198872208.000 r
  U567/Y (AND2X1)                      1818784.000
                                                  200690992.000 r
  U568/Y (INVX1)                       732976.000 201423968.000 f
  U2820/Y (INVX1)                      445840.000 201869808.000 r
  U2826/Y (NAND2X1)                    1051808.000
                                                  202921616.000 f
  U2827/Y (NAND2X1)                    1380720.000
                                                  204302336.000 r
  U2832/Y (NAND2X1)                    862848.000 205165184.000 f
  out[0] (out)                            0.000   205165184.000 f
  data arrival time                               205165184.000

  clock clk (rise edge)                250000000.000
                                                  250000000.000
  clock network delay (ideal)             0.000   250000000.000
  output external delay                   0.000   250000000.000
  data required time                              250000000.000
  -----------------------------------------------------------
  data required time                              250000000.000
  data arrival time                               -205165184.000
  -----------------------------------------------------------
  slack (MET)                                     44834816.000


1
