****************************************
Report : timing
	-path_type full
	-delay_type max
	-max_paths 1
	-sort_by slack
Design : top
Version: S-2021.06-SP1
Date   : Sun Dec 18 18:45:01 2022
****************************************


  Startpoint: inp[13] (input port clocked by clk)
  Endpoint: out[0] (output port clocked by clk)
  Path Group: clk
  Path Type: max

  Point                                    Incr       Path
  ---------------------------------------------------------------
  clock clk (rise edge)                   0.000      0.000
  clock network delay (ideal)             0.000      0.000
  input external delay                    0.000      0.000 f
  inp[13] (in)                            0.000      0.000 f
  U672/Y (NAND2X1)                     1294032.000
                                                  1294032.000 r
  U676/Y (NAND2X1)                     848640.000 2142672.000 f
  U677/Y (NAND2X1)                     1384512.000
                                                  3527184.000 r
  U432/Y (XNOR2X1)                     6435424.000
                                                  9962608.000 r
  U538/Y (INVX1)                       821208.000 10783816.000 f
  U556/Y (XNOR2X1)                     6580824.000
                                                  17364640.000 f
  U555/Y (INVX1)                       -1204568.000
                                                  16160072.000 r
  U117/Y (AND2X1)                      2198888.000
                                                  18358960.000 r
  U118/Y (INVX1)                       708088.000 19067048.000 f
  U692/Y (NAND2X1)                     924416.000 19991464.000 r
  U115/Y (AND2X1)                      1798416.000
                                                  21789880.000 r
  U116/Y (INVX1)                       708088.000 22497968.000 f
  U694/Y (NAND2X1)                     918768.000 23416736.000 r
  U695/Y (NAND2X1)                     1229144.000
                                                  24645880.000 f
  U151/Y (INVX1)                       226440.000 24872320.000 r
  U152/Y (INVX1)                       646936.000 25519256.000 f
  U320/Y (XNOR2X1)                     6388072.000
                                                  31907328.000 f
  U313/Y (XNOR2X1)                     6034192.000
                                                  37941520.000 f
  U662/Y (XNOR2X1)                     4364352.000
                                                  42305872.000 r
  U661/Y (INVX1)                       899536.000 43205408.000 f
  U321/Y (XNOR2X1)                     6580792.000
                                                  49786200.000 f
  U322/Y (INVX1)                       -1268024.000
                                                  48518176.000 r
  U598/Y (XNOR2X1)                     5860256.000
                                                  54378432.000 r
  U599/Y (INVX1)                       824576.000 55203008.000 f
  U788/Y (NAND2X1)                     1285536.000
                                                  56488544.000 r
  U139/Y (AND2X1)                      2174568.000
                                                  58663112.000 r
  U140/Y (INVX1)                       716008.000 59379120.000 f
  U803/Y (NAND2X1)                     918760.000 60297880.000 r
  U137/Y (AND2X1)                      1796224.000
                                                  62094104.000 r
  U138/Y (INVX1)                       716016.000 62810120.000 f
  U815/Y (NAND2X1)                     918768.000 63728888.000 r
  U816/Y (NAND2X1)                     872448.000 64601336.000 f
  U325/Y (XNOR2X1)                     4361640.000
                                                  68962976.000 r
  U326/Y (INVX1)                       989808.000 69952784.000 f
  U269/Y (NAND2X1)                     1357472.000
                                                  71310256.000 r
  U195/Y (INVX1)                       1217728.000
                                                  72527984.000 f
  U196/Y (INVX1)                       469656.000 72997640.000 r
  U291/Y (AND2X1)                      2202712.000
                                                  75200352.000 r
  U292/Y (INVX1)                       718128.000 75918480.000 f
  U235/Y (XNOR2X1)                     6580968.000
                                                  82499448.000 f
  U236/Y (INVX1)                       -303976.000
                                                  82195472.000 r
  U233/Y (INVX1)                       665680.000 82861152.000 f
  U234/Y (INVX1)                       456256.000 83317408.000 r
  U1037/Y (NAND2X1)                    802008.000 84119416.000 f
  U1038/Y (NAND2X1)                    891000.000 85010416.000 r
  U1039/Y (NAND2X1)                    866000.000 85876416.000 f
  U1040/Y (NAND2X1)                    897640.000 86774056.000 r
  U607/Y (XNOR2X1)                     6494648.000
                                                  93268704.000 r
  U608/Y (INVX1)                       825680.000 94094384.000 f
  U575/Y (XNOR2X1)                     6583336.000
                                                  100677720.000 f
  U576/Y (INVX1)                       -1195576.000
                                                  99482144.000 r
  U316/Y (XNOR2X1)                     5942672.000
                                                  105424816.000 r
  U317/Y (INVX1)                       823256.000 106248072.000 f
  U318/Y (XNOR2X1)                     4364264.000
                                                  110612336.000 r
  U319/Y (INVX1)                       829584.000 111441920.000 f
  U1326/Y (NAND2X1)                    919000.000 112360920.000 r
  U1346/Y (NAND2X1)                    848368.000 113209288.000 f
  U1347/Y (NAND2X1)                    1400360.000
                                                  114609648.000 r
  U1348/Y (NAND2X1)                    866904.000 115476552.000 f
  U309/Y (AND2X1)                      2052632.000
                                                  117529184.000 f
  U1354/Y (NAND2X1)                    1472240.000
                                                  119001424.000 r
  U1355/Y (NAND2X1)                    1175648.000
                                                  120177072.000 f
  U1356/Y (NOR2X1)                     1198112.000
                                                  121375184.000 r
  U1360/Y (NOR2X1)                     97168.000  121472352.000 f
  U1361/Y (NAND2X1)                    880624.000 122352976.000 r
  U1363/Y (NAND2X1)                    849424.000 123202400.000 f
  U1365/Y (NAND2X1)                    881200.000 124083600.000 r
  U1369/Y (NAND2X1)                    848264.000 124931864.000 f
  U1371/Y (NAND2X1)                    1403928.000
                                                  126335792.000 r
  U314/Y (NOR2X1)                      1116416.000
                                                  127452208.000 f
  U315/Y (INVX1)                       -288200.000
                                                  127164008.000 r
  U1374/Y (NAND2X1)                    1050664.000
                                                  128214672.000 f
  U1375/Y (NAND2X1)                    1339544.000
                                                  129554216.000 r
  U1376/Y (INVX1)                      1096096.000
                                                  130650312.000 f
  U312/Y (NOR2X1)                      1157064.000
                                                  131807376.000 r
  U311/Y (NOR2X1)                      157528.000 131964904.000 f
  U1380/Y (AND2X1)                     1853824.000
                                                  133818728.000 f
  U1381/Y (AND2X1)                     2242504.000
                                                  136061232.000 f
  U1382/Y (NOR2X1)                     1208944.000
                                                  137270176.000 r
  out[0] (out)                            0.000   137270176.000 r
  data arrival time                               137270176.000

  clock clk (rise edge)                200000000.000
                                                  200000000.000
  clock network delay (ideal)             0.000   200000000.000
  clock reconvergence pessimism           0.000   200000000.000
  output external delay                   0.000   200000000.000
  data required time                              200000000.000
  ---------------------------------------------------------------
  data required time                              200000000.000
  data arrival time                               -137270176.000
  ---------------------------------------------------------------
  slack (MET)                                     62729824.000


1
