Information: Updating design information... (UID-85)
 
****************************************
Report : qor
Design : top
Version: S-2021.06-SP2
Date   : Fri Dec 16 10:53:24 2022
****************************************


  Timing Path Group 'clk'
  -----------------------------------
  Levels of Logic:              78.00
  Critical Path Length:  122122704.00
  Critical Path Slack:    77877296.00
  Critical Path Clk Period:
                         200000000.00
  Total Negative Slack:          0.00
  No. of Violating Paths:        0.00
  Worst Hold Violation:          0.00
  Total Hold Violation:          0.00
  No. of Hold Violations:        0.00
  -----------------------------------


  Cell Count
  -----------------------------------
  Hierarchical Cell Count:          0
  Hierarchical Port Count:          0
  Leaf Cell Count:               1339
  Buf/Inv Cell Count:             464
  Buf Cell Count:                   0
  Inv Cell Count:                 464
  CT Buf/Inv Cell Count:            0
  Combinational Cell Count:      1339
  Sequential Cell Count:            0
  Macro Count:                      0
  -----------------------------------


  Area
  -----------------------------------
  Combinational Area:
                     472144022.000000
  Noncombinational Area:     0.000000
  Buf/Inv Area:      105986880.000000
  Total Buffer Area:             0.00
  Total Inverter Area:   105986880.00
  Macro/Black Box Area:      0.000000
  Net Area:                  0.000000
  -----------------------------------
  Cell Area:         472144022.000000
  Design Area:       472144022.000000


  Design Rules
  -----------------------------------
  Total Number of Nets:          1379
  Nets With Violations:          1338
  Max Trans Violations:          1338
  Max Cap Violations:               0
  -----------------------------------


  Hostname: leoforos

  Compile CPU Statistics
  -----------------------------------------
  Resource Sharing:                    0.98
  Logic Optimization:                  0.08
  Mapping Optimization:                1.25
  -----------------------------------------
  Overall Compile Time:                5.21
  Overall Compile Wall Clock Time:     5.58

  --------------------------------------------------------------------

  Design  WNS: 0.00  TNS: 0.00  Number of Violating Paths: 0


  Design (Hold)  WNS: 0.00  TNS: 0.00  Number of Violating Paths: 0

  --------------------------------------------------------------------


1
