Information: Updating design information... (UID-85)
 
****************************************
Report : qor
Design : top
Version: S-2021.06-SP2
Date   : Fri Dec 16 13:39:30 2022
****************************************


  Timing Path Group 'clk'
  -----------------------------------
  Levels of Logic:             127.00
  Critical Path Length:  249024896.00
  Critical Path Slack:      975104.00
  Critical Path Clk Period:
                         250000000.00
  Total Negative Slack:          0.00
  No. of Violating Paths:        0.00
  Worst Hold Violation:          0.00
  Total Hold Violation:          0.00
  No. of Hold Violations:        0.00
  -----------------------------------


  Cell Count
  -----------------------------------
  Hierarchical Cell Count:          0
  Hierarchical Port Count:          0
  Leaf Cell Count:               3959
  Buf/Inv Cell Count:             851
  Buf Cell Count:                   0
  Inv Cell Count:                 851
  CT Buf/Inv Cell Count:            0
  Combinational Cell Count:      3959
  Sequential Cell Count:            0
  Macro Count:                      0
  -----------------------------------


  Area
  -----------------------------------
  Combinational Area:
                    1748164436.000000
  Noncombinational Area:     0.000000
  Buf/Inv Area:      194385420.000000
  Total Buffer Area:             0.00
  Total Inverter Area:   194385420.00
  Macro/Black Box Area:      0.000000
  Net Area:                  0.000000
  -----------------------------------
  Cell Area:        1748164436.000000
  Design Area:      1748164436.000000


  Design Rules
  -----------------------------------
  Total Number of Nets:          4023
  Nets With Violations:          3959
  Max Trans Violations:          3959
  Max Cap Violations:               0
  -----------------------------------


  Hostname: leoforos

  Compile CPU Statistics
  -----------------------------------------
  Resource Sharing:                    1.94
  Logic Optimization:                  1.80
  Mapping Optimization:                5.10
  -----------------------------------------
  Overall Compile Time:               14.90
  Overall Compile Wall Clock Time:    15.30

  --------------------------------------------------------------------

  Design  WNS: 0.00  TNS: 0.00  Number of Violating Paths: 0


  Design (Hold)  WNS: 0.00  TNS: 0.00  Number of Violating Paths: 0

  --------------------------------------------------------------------


1
