 
****************************************
Report : timing
        -path full
        -delay max
        -max_paths 1
Design : top
Version: S-2021.06-SP2
Date   : Tue Nov 29 17:01:24 2022
****************************************

Operating Conditions: TT   Library: PPDK_Standard_Library_0.8V_25C_TYP_X1
Wire Load Model Mode: top

  Startpoint: inp[52] (input port clocked by clk)
  Endpoint: out[0] (output port clocked by clk)
  Path Group: clk
  Path Type: max

  Point                                    Incr       Path
  -----------------------------------------------------------
  clock clk (rise edge)                   0.000      0.000
  clock network delay (ideal)             0.000      0.000
  input external delay                    0.000      0.000 f
  inp[52] (in)                            0.000      0.000 f
  U2090/Y (XOR2X1)                     5934665.000
                                                  5934665.000 r
  U2091/Y (AND2X1)                     1930448.000
                                                  7865113.000 r
  U2092/Y (OR2X1)                      7786443.000
                                                  15651556.000 r
  U2093/Y (XOR2X1)                     2443824.000
                                                  18095380.000 r
  U325/Y (XNOR2X1)                     7215328.000
                                                  25310708.000 r
  U326/Y (INVX1)                       1099994.000
                                                  26410702.000 f
  U521/Y (XNOR2X1)                     7361674.000
                                                  33772376.000 f
  U522/Y (INVX1)                       -1245272.000
                                                  32527104.000 r
  U2134/Y (AND2X1)                     2093136.000
                                                  34620240.000 r
  U2135/Y (OR2X1)                      4671036.000
                                                  39291276.000 r
  U2173/Y (XOR2X1)                     5689472.000
                                                  44980748.000 f
  U2189/Y (NAND2X1)                    1287308.000
                                                  46268056.000 r
  U2190/Y (INVX1)                      1242896.000
                                                  47510952.000 f
  U2191/Y (OR2X1)                      2437968.000
                                                  49948920.000 f
  U2254/Y (XOR2X1)                     4829296.000
                                                  54778216.000 r
  U872/Y (XNOR2X1)                     6631144.000
                                                  61409360.000 r
  U873/Y (INVX1)                       1045604.000
                                                  62454964.000 f
  U1273/Y (OR2X1)                      2434696.000
                                                  64889660.000 f
  U2389/Y (NAND2X1)                    1167112.000
                                                  66056772.000 r
  U2390/Y (NAND2X1)                    1461564.000
                                                  67518336.000 f
  U2430/Y (NAND2X1)                    840424.000 68358760.000 r
  U2431/Y (NAND2X1)                    2196720.000
                                                  70555480.000 f
  U2433/Y (XNOR2X1)                    6795696.000
                                                  77351176.000 f
  U2435/Y (NOR2X1)                     1080600.000
                                                  78431776.000 r
  U685/Y (OR2X1)                       3468920.000
                                                  81900696.000 r
  U897/Y (AND2X1)                      2618768.000
                                                  84519464.000 r
  U898/Y (INVX1)                       824816.000 85344280.000 f
  U605/Y (XNOR2X1)                     7362432.000
                                                  92706712.000 f
  U606/Y (INVX1)                       -66912.000 92639800.000 r
  U4443/Y (INVX1)                      831048.000 93470848.000 f
  U4706/Y (NAND2X1)                    1632848.000
                                                  95103696.000 r
  U4708/Y (INVX1)                      1255656.000
                                                  96359352.000 f
  U4709/Y (NAND2X1)                    1161952.000
                                                  97521304.000 r
  U4710/Y (NAND2X1)                    2206344.000
                                                  99727648.000 f
  U4711/Y (NAND2X1)                    1636104.000
                                                  101363752.000 r
  U4713/Y (INVX1)                      1252496.000
                                                  102616248.000 f
  U4714/Y (NAND2X1)                    807224.000 103423472.000 r
  U4715/Y (NAND2X1)                    1048544.000
                                                  104472016.000 f
  U4716/Y (NAND2X1)                    1183384.000
                                                  105655400.000 r
  U4718/Y (OR2X1)                      5216688.000
                                                  110872088.000 r
  U4719/Y (NAND2X1)                    1648264.000
                                                  112520352.000 f
  U4720/Y (NAND2X1)                    1635808.000
                                                  114156160.000 r
  U4722/Y (INVX1)                      1252768.000
                                                  115408928.000 f
  U4723/Y (NAND2X1)                    1161952.000
                                                  116570880.000 r
  U4724/Y (NAND2X1)                    2206336.000
                                                  118777216.000 f
  U4725/Y (NAND2X1)                    1636104.000
                                                  120413320.000 r
  U4727/Y (INVX1)                      1252496.000
                                                  121665816.000 f
  U4729/Y (NAND2X1)                    1161944.000
                                                  122827760.000 r
  U4730/Y (NAND2X1)                    1052232.000
                                                  123879992.000 f
  U4731/Y (NAND2X1)                    1636776.000
                                                  125516768.000 r
  U745/Y (XNOR2X1)                     7183864.000
                                                  132700632.000 r
  U1202/Y (INVX1)                      1044312.000
                                                  133744944.000 f
  U4781/Y (XOR2X1)                     5942544.000
                                                  139687488.000 r
  U4782/Y (XOR2X1)                     5480288.000
                                                  145167776.000 f
  U4843/Y (NAND2X1)                    883840.000 146051616.000 r
  U4844/Y (NAND2X1)                    2047888.000
                                                  148099504.000 f
  U4851/Y (NOR2X1)                     1074544.000
                                                  149174048.000 r
  U4855/Y (NOR2X1)                     957616.000 150131664.000 f
  U4856/Y (NAND2X1)                    1617920.000
                                                  151749584.000 r
  U4857/Y (INVX1)                      1239072.000
                                                  152988656.000 f
  U4858/Y (NAND2X1)                    1167840.000
                                                  154156496.000 r
  U648/Y (NAND2X1)                     1465696.000
                                                  155622192.000 f
  U651/Y (INVX1)                       281952.000 155904144.000 r
  U4893/Y (NAND2X1)                    1043536.000
                                                  156947680.000 f
  U4894/Y (NAND2X1)                    1624992.000
                                                  158572672.000 r
  U4895/Y (INVX1)                      1242256.000
                                                  159814928.000 f
  U4896/Y (NAND2X1)                    1161952.000
                                                  160976880.000 r
  U4897/Y (NAND2X1)                    2206352.000
                                                  163183232.000 f
  U4900/Y (NAND2X1)                    836304.000 164019536.000 r
  U4909/Y (NAND2X1)                    1049696.000
                                                  165069232.000 f
  U4912/Y (NAND2X1)                    836480.000 165905712.000 r
  U4913/Y (NAND2X1)                    2161328.000
                                                  168067040.000 f
  U4916/Y (NAND2X1)                    836304.000 168903344.000 r
  U4925/Y (NAND2X1)                    1049696.000
                                                  169953040.000 f
  U4928/Y (NAND2X1)                    836480.000 170789520.000 r
  U4929/Y (NAND2X1)                    2161328.000
                                                  172950848.000 f
  U4932/Y (NAND2X1)                    836304.000 173787152.000 r
  U4941/Y (NAND2X1)                    1049696.000
                                                  174836848.000 f
  U4944/Y (NAND2X1)                    836480.000 175673328.000 r
  U4945/Y (NAND2X1)                    2161328.000
                                                  177834656.000 f
  U4948/Y (NAND2X1)                    836304.000 178670960.000 r
  U4957/Y (NAND2X1)                    1049696.000
                                                  179720656.000 f
  U4960/Y (NAND2X1)                    836480.000 180557136.000 r
  U4968/Y (NAND2X1)                    1049696.000
                                                  181606832.000 f
  U726/Y (NAND2X1)                     1329296.000
                                                  182936128.000 r
  U4991/Y (NAND2X1)                    1073952.000
                                                  184010080.000 f
  U4993/Y (NAND2X1)                    1281136.000
                                                  185291216.000 r
  U4994/Y (NAND2X1)                    2553904.000
                                                  187845120.000 f
  U5003/Y (AND2X1)                     2061184.000
                                                  189906304.000 f
  U5004/Y (NAND2X1)                    1619744.000
                                                  191526048.000 r
  U5005/Y (INVX1)                      1236400.000
                                                  192762448.000 f
  U5009/Y (NOR2X1)                     1064592.000
                                                  193827040.000 r
  U5012/Y (NAND2X1)                    1039888.000
                                                  194866928.000 f
  U5021/Y (NAND2X1)                    834992.000 195701920.000 r
  U5024/Y (NAND2X1)                    1049696.000
                                                  196751616.000 f
  U5033/Y (NAND2X1)                    836480.000 197588096.000 r
  U5036/Y (NAND2X1)                    1049696.000
                                                  198637792.000 f
  U5045/Y (NAND2X1)                    836480.000 199474272.000 r
  U5048/Y (NAND2X1)                    1049696.000
                                                  200523968.000 f
  U5057/Y (NAND2X1)                    836480.000 201360448.000 r
  U5060/Y (NAND2X1)                    1049696.000
                                                  202410144.000 f
  U5074/Y (NAND2X1)                    1268304.000
                                                  203678448.000 r
  U5075/Y (INVX1)                      1237168.000
                                                  204915616.000 f
  U5083/Y (NAND2X1)                    807232.000 205722848.000 r
  U5086/Y (NAND2X1)                    1254864.000
                                                  206977712.000 f
  U5099/Y (NAND2X1)                    843184.000 207820896.000 r
  U5100/Y (NAND2X1)                    2141728.000
                                                  209962624.000 f
  U5101/Y (NOR2X1)                     1074688.000
                                                  211037312.000 r
  U5106/Y (NAND2X1)                    1037248.000
                                                  212074560.000 f
  U5108/Y (NAND2X1)                    1273072.000
                                                  213347632.000 r
  U5109/Y (INVX1)                      1242112.000
                                                  214589744.000 f
  U5114/Y (NAND2X1)                    807232.000 215396976.000 r
  U5118/Y (NAND2X1)                    1052224.000
                                                  216449200.000 f
  U5120/Y (NAND2X1)                    836864.000 217286064.000 r
  U5128/Y (NAND2X1)                    1048608.000
                                                  218334672.000 f
  U5130/Y (NAND2X1)                    841952.000 219176624.000 r
  U1274/Y (NOR2X1)                     959568.000 220136192.000 f
  U5138/Y (OR2X1)                      2420976.000
                                                  222557168.000 f
  U5140/Y (NAND2X1)                    845600.000 223402768.000 r
  U5148/Y (NAND2X1)                    1048976.000
                                                  224451744.000 f
  U5150/Y (NAND2X1)                    841984.000 225293728.000 r
  U1275/Y (OR2X1)                      5169840.000
                                                  230463568.000 r
  U5158/Y (NAND2X1)                    1004960.000
                                                  231468528.000 f
  U5159/Y (NAND2X1)                    1164960.000
                                                  232633488.000 r
  U5167/Y (NAND2X1)                    1049728.000
                                                  233683216.000 f
  U5169/Y (NAND2X1)                    1268304.000
                                                  234951520.000 r
  U5170/Y (INVX1)                      1237136.000
                                                  236188656.000 f
  U5171/Y (NAND2X1)                    1167856.000
                                                  237356512.000 r
  U1276/Y (OR2X1)                      5428112.000
                                                  242784624.000 r
  U5177/Y (NAND2X1)                    1604528.000
                                                  244389152.000 f
  U5178/Y (INVX1)                      -668672.000
                                                  243720480.000 r
  U5179/Y (NOR2X1)                     956336.000 244676816.000 f
  U5190/Y (NAND2X1)                    1164560.000
                                                  245841376.000 r
  U5191/Y (NAND2X1)                    2177088.000
                                                  248018464.000 f
  out[0] (out)                            0.000   248018464.000 f
  data arrival time                               248018464.000

  clock clk (rise edge)                250000000.000
                                                  250000000.000
  clock network delay (ideal)             0.000   250000000.000
  output external delay                   0.000   250000000.000
  data required time                              250000000.000
  -----------------------------------------------------------
  data required time                              250000000.000
  data arrival time                               -248018464.000
  -----------------------------------------------------------
  slack (MET)                                     1981536.000


1
