****************************************
Report : timing
	-path_type full
	-delay_type max
	-max_paths 1
	-sort_by slack
Design : top
Version: S-2021.06-SP1
Date   : Tue Nov 29 17:01:30 2022
****************************************


  Startpoint: inp[52] (input port clocked by clk)
  Endpoint: out[0] (output port clocked by clk)
  Path Group: clk
  Path Type: max

  Point                                    Incr       Path
  ---------------------------------------------------------------
  clock clk (rise edge)                   0.000      0.000
  clock network delay (ideal)             0.000      0.000
  input external delay                    0.000      0.000 f
  inp[52] (in)                            0.000      0.000 f
  U2090/Y (XOR2X1)                     5934672.000
                                                  5934672.000 r
  U2091/Y (AND2X1)                     1930448.000
                                                  7865120.000 r
  U2092/Y (OR2X1)                      7786576.000
                                                  15651696.000 r
  U2093/Y (XOR2X1)                     2443824.000
                                                  18095520.000 r
  U325/Y (XNOR2X1)                     7215360.000
                                                  25310880.000 r
  U326/Y (INVX1)                       1099984.000
                                                  26410864.000 f
  U521/Y (XNOR2X1)                     7361664.000
                                                  33772528.000 f
  U522/Y (INVX1)                       -1245280.000
                                                  32527248.000 r
  U2134/Y (AND2X1)                     2093136.000
                                                  34620384.000 r
  U2135/Y (OR2X1)                      4671088.000
                                                  39291472.000 r
  U2173/Y (XOR2X1)                     5689424.000
                                                  44980896.000 f
  U2189/Y (NAND2X1)                    1287296.000
                                                  46268192.000 r
  U2190/Y (INVX1)                      1242896.000
                                                  47511088.000 f
  U2191/Y (OR2X1)                      2437968.000
                                                  49949056.000 f
  U2254/Y (XOR2X1)                     4829360.000
                                                  54778416.000 r
  U872/Y (XNOR2X1)                     6631232.000
                                                  61409648.000 r
  U873/Y (INVX1)                       1045616.000
                                                  62455264.000 f
  U1273/Y (OR2X1)                      2434704.000
                                                  64889968.000 f
  U2389/Y (NAND2X1)                    1167120.000
                                                  66057088.000 r
  U2390/Y (NAND2X1)                    1461584.000
                                                  67518672.000 f
  U2430/Y (NAND2X1)                    840432.000 68359104.000 r
  U2431/Y (NAND2X1)                    2196672.000
                                                  70555776.000 f
  U2433/Y (XNOR2X1)                    6795744.000
                                                  77351520.000 f
  U2435/Y (NOR2X1)                     1080624.000
                                                  78432144.000 r
  U685/Y (OR2X1)                       3468976.000
                                                  81901120.000 r
  U897/Y (AND2X1)                      2618752.000
                                                  84519872.000 r
  U898/Y (INVX1)                       824816.000 85344688.000 f
  U605/Y (XNOR2X1)                     7362432.000
                                                  92707120.000 f
  U606/Y (INVX1)                       -66928.000 92640192.000 r
  U4443/Y (INVX1)                      831056.000 93471248.000 f
  U4706/Y (NAND2X1)                    1632848.000
                                                  95104096.000 r
  U4708/Y (INVX1)                      1255664.000
                                                  96359760.000 f
  U4709/Y (NAND2X1)                    1161952.000
                                                  97521712.000 r
  U4710/Y (NAND2X1)                    2206320.000
                                                  99728032.000 f
  U4711/Y (NAND2X1)                    1636112.000
                                                  101364144.000 r
  U4713/Y (INVX1)                      1252496.000
                                                  102616640.000 f
  U4714/Y (NAND2X1)                    807232.000 103423872.000 r
  U4715/Y (NAND2X1)                    1048528.000
                                                  104472400.000 f
  U4716/Y (NAND2X1)                    1183376.000
                                                  105655776.000 r
  U4718/Y (OR2X1)                      5216672.000
                                                  110872448.000 r
  U4719/Y (NAND2X1)                    1648256.000
                                                  112520704.000 f
  U4720/Y (NAND2X1)                    1635808.000
                                                  114156512.000 r
  U4722/Y (INVX1)                      1252776.000
                                                  115409288.000 f
  U4723/Y (NAND2X1)                    1161952.000
                                                  116571240.000 r
  U4724/Y (NAND2X1)                    2206320.000
                                                  118777560.000 f
  U4725/Y (NAND2X1)                    1636104.000
                                                  120413664.000 r
  U4727/Y (INVX1)                      1252504.000
                                                  121666168.000 f
  U4729/Y (NAND2X1)                    1161944.000
                                                  122828112.000 r
  U4730/Y (NAND2X1)                    1052216.000
                                                  123880328.000 f
  U4731/Y (NAND2X1)                    1636776.000
                                                  125517104.000 r
  U745/Y (XNOR2X1)                     7183896.000
                                                  132701000.000 r
  U1202/Y (INVX1)                      1044312.000
                                                  133745312.000 f
  U4781/Y (XOR2X1)                     5942544.000
                                                  139687856.000 r
  U4782/Y (XOR2X1)                     5480288.000
                                                  145168144.000 f
  U4843/Y (NAND2X1)                    883840.000 146051984.000 r
  U4844/Y (NAND2X1)                    2047920.000
                                                  148099904.000 f
  U4851/Y (NOR2X1)                     1074560.000
                                                  149174464.000 r
  U4855/Y (NOR2X1)                     957616.000 150132080.000 f
  U4856/Y (NAND2X1)                    1617936.000
                                                  151750016.000 r
  U4857/Y (INVX1)                      1239072.000
                                                  152989088.000 f
  U4858/Y (NAND2X1)                    1167840.000
                                                  154156928.000 r
  U648/Y (NAND2X1)                     1465696.000
                                                  155622624.000 f
  U651/Y (INVX1)                       281920.000 155904544.000 r
  U4893/Y (NAND2X1)                    1043520.000
                                                  156948064.000 f
  U4894/Y (NAND2X1)                    1624992.000
                                                  158573056.000 r
  U4895/Y (INVX1)                      1242272.000
                                                  159815328.000 f
  U4896/Y (NAND2X1)                    1161952.000
                                                  160977280.000 r
  U4897/Y (NAND2X1)                    2206352.000
                                                  163183632.000 f
  U4900/Y (NAND2X1)                    836304.000 164019936.000 r
  U4909/Y (NAND2X1)                    1049696.000
                                                  165069632.000 f
  U4912/Y (NAND2X1)                    836480.000 165906112.000 r
  U4913/Y (NAND2X1)                    2161312.000
                                                  168067424.000 f
  U4916/Y (NAND2X1)                    836304.000 168903728.000 r
  U4925/Y (NAND2X1)                    1049696.000
                                                  169953424.000 f
  U4928/Y (NAND2X1)                    836480.000 170789904.000 r
  U4929/Y (NAND2X1)                    2161328.000
                                                  172951232.000 f
  U4932/Y (NAND2X1)                    836288.000 173787520.000 r
  U4941/Y (NAND2X1)                    1049696.000
                                                  174837216.000 f
  U4944/Y (NAND2X1)                    836480.000 175673696.000 r
  U4945/Y (NAND2X1)                    2161328.000
                                                  177835024.000 f
  U4948/Y (NAND2X1)                    836304.000 178671328.000 r
  U4957/Y (NAND2X1)                    1049696.000
                                                  179721024.000 f
  U4960/Y (NAND2X1)                    836464.000 180557488.000 r
  U4968/Y (NAND2X1)                    1049696.000
                                                  181607184.000 f
  U726/Y (NAND2X1)                     1329296.000
                                                  182936480.000 r
  U4991/Y (NAND2X1)                    1073968.000
                                                  184010448.000 f
  U4993/Y (NAND2X1)                    1281152.000
                                                  185291600.000 r
  U4994/Y (NAND2X1)                    2553904.000
                                                  187845504.000 f
  U5003/Y (AND2X1)                     2061168.000
                                                  189906672.000 f
  U5004/Y (NAND2X1)                    1619728.000
                                                  191526400.000 r
  U5005/Y (INVX1)                      1236416.000
                                                  192762816.000 f
  U5009/Y (NOR2X1)                     1064592.000
                                                  193827408.000 r
  U5012/Y (NAND2X1)                    1039888.000
                                                  194867296.000 f
  U5021/Y (NAND2X1)                    834992.000 195702288.000 r
  U5024/Y (NAND2X1)                    1049696.000
                                                  196751984.000 f
  U5033/Y (NAND2X1)                    836464.000 197588448.000 r
  U5036/Y (NAND2X1)                    1049696.000
                                                  198638144.000 f
  U5045/Y (NAND2X1)                    836480.000 199474624.000 r
  U5048/Y (NAND2X1)                    1049696.000
                                                  200524320.000 f
  U5057/Y (NAND2X1)                    836480.000 201360800.000 r
  U5060/Y (NAND2X1)                    1049696.000
                                                  202410496.000 f
  U5074/Y (NAND2X1)                    1268288.000
                                                  203678784.000 r
  U5075/Y (INVX1)                      1237184.000
                                                  204915968.000 f
  U5083/Y (NAND2X1)                    807232.000 205723200.000 r
  U5086/Y (NAND2X1)                    1254848.000
                                                  206978048.000 f
  U5099/Y (NAND2X1)                    843184.000 207821232.000 r
  U5100/Y (NAND2X1)                    2141728.000
                                                  209962960.000 f
  U5101/Y (NOR2X1)                     1074688.000
                                                  211037648.000 r
  U5106/Y (NAND2X1)                    1037264.000
                                                  212074912.000 f
  U5108/Y (NAND2X1)                    1273088.000
                                                  213348000.000 r
  U5109/Y (INVX1)                      1242112.000
                                                  214590112.000 f
  U5114/Y (NAND2X1)                    807232.000 215397344.000 r
  U5118/Y (NAND2X1)                    1052224.000
                                                  216449568.000 f
  U5120/Y (NAND2X1)                    836864.000 217286432.000 r
  U5128/Y (NAND2X1)                    1048608.000
                                                  218335040.000 f
  U5130/Y (NAND2X1)                    841968.000 219177008.000 r
  U1274/Y (NOR2X1)                     959568.000 220136576.000 f
  U5138/Y (OR2X1)                      2420976.000
                                                  222557552.000 f
  U5140/Y (NAND2X1)                    845600.000 223403152.000 r
  U5148/Y (NAND2X1)                    1048976.000
                                                  224452128.000 f
  U5150/Y (NAND2X1)                    841984.000 225294112.000 r
  U1275/Y (OR2X1)                      5169824.000
                                                  230463936.000 r
  U5158/Y (NAND2X1)                    1004976.000
                                                  231468912.000 f
  U5159/Y (NAND2X1)                    1164944.000
                                                  232633856.000 r
  U5167/Y (NAND2X1)                    1049744.000
                                                  233683600.000 f
  U5169/Y (NAND2X1)                    1268304.000
                                                  234951904.000 r
  U5170/Y (INVX1)                      1237136.000
                                                  236189040.000 f
  U5171/Y (NAND2X1)                    1167856.000
                                                  237356896.000 r
  U1276/Y (OR2X1)                      5428128.000
                                                  242785024.000 r
  U5177/Y (NAND2X1)                    1604528.000
                                                  244389552.000 f
  U5178/Y (INVX1)                      -668656.000
                                                  243720896.000 r
  U5179/Y (NOR2X1)                     956336.000 244677232.000 f
  U5190/Y (NAND2X1)                    1164560.000
                                                  245841792.000 r
  U5191/Y (NAND2X1)                    2177088.000
                                                  248018880.000 f
  out[0] (out)                            0.000   248018880.000 f
  data arrival time                               248018880.000

  clock clk (rise edge)                250000000.000
                                                  250000000.000
  clock network delay (ideal)             0.000   250000000.000
  clock reconvergence pessimism           0.000   250000000.000
  output external delay                   0.000   250000000.000
  data required time                              250000000.000
  ---------------------------------------------------------------
  data required time                              250000000.000
  data arrival time                               -248018880.000
  ---------------------------------------------------------------
  slack (MET)                                     1981120.000


1
