****************************************
Report : Averaged Power
Design : top
Version: S-2021.06-SP1
Date   : Tue Nov 29 17:02:26 2022
****************************************



  Attributes
  ----------
      i  -  Including register clock pin internal power
      u  -  User defined power group

                        Internal  Switching  Leakage    Total
Power Group             Power     Power      Power      Power   (     %)  Attrs
--------------------------------------------------------------------------------
clock_network              0.0000    0.0000    0.0000    0.0000 ( 0.00%)  i
register                   0.0000    0.0000    0.0000    0.0000 ( 0.00%)  
combinational           1.796e-03 8.880e-06    0.0441    0.0459 (100.00%) 
sequential                 0.0000    0.0000    0.0000    0.0000 ( 0.00%)  
memory                     0.0000    0.0000    0.0000    0.0000 ( 0.00%)  
io_pad                     0.0000    0.0000    0.0000    0.0000 ( 0.00%)  
black_box                  0.0000    0.0000    0.0000    0.0000 ( 0.00%)  

  Net Switching Power  = 8.880e-06   ( 0.02%)
  Cell Internal Power  = 1.796e-03   ( 3.91%)
  Cell Leakage Power   =    0.0441   (96.07%)
                         ---------
Total Power            =    0.0459  (100.00%)

1
