****************************************
Report : timing
	-path_type full
	-delay_type max
	-max_paths 1
	-sort_by slack
Design : top
Version: S-2021.06-SP1
Date   : Thu Dec 15 11:43:18 2022
****************************************


  Startpoint: inp[13] (input port clocked by clk)
  Endpoint: out[0] (output port clocked by clk)
  Path Group: clk
  Path Type: max

  Point                                    Incr       Path
  ---------------------------------------------------------------
  clock clk (rise edge)                   0.000      0.000
  clock network delay (ideal)             0.000      0.000
  input external delay                    0.000      0.000 r
  inp[13] (in)                            0.000      0.000 r
  U682/Y (INVX1)                       53472.000  53472.000 f
  U683/Y (NAND2X1)                     1293824.000
                                                  1347296.000 r
  U616/Y (AND2X1)                      2168944.000
                                                  3516240.000 r
  U617/Y (INVX1)                       721616.000 4237856.000 f
  U564/Y (AND2X1)                      2460920.000
                                                  6698776.000 f
  U165/Y (AND2X1)                      2428960.000
                                                  9127736.000 f
  U166/Y (INVX1)                       -1375496.000
                                                  7752240.000 r
  U143/Y (AND2X1)                      2199120.000
                                                  9951360.000 r
  U144/Y (INVX1)                       707568.000 10658928.000 f
  U688/Y (AND2X1)                      2243888.000
                                                  12902816.000 f
  U666/Y (XNOR2X1)                     5978576.000
                                                  18881392.000 f
  U592/Y (AND2X1)                      2053072.000
                                                  20934464.000 f
  U593/Y (INVX1)                       -1172992.000
                                                  19761472.000 r
  U233/Y (AND2X1)                      2198880.000
                                                  21960352.000 r
  U234/Y (INVX1)                       725064.000 22685416.000 f
  U701/Y (INVX1)                       440496.000 23125912.000 r
  U702/Y (NAND2X1)                     1053360.000
                                                  24179272.000 f
  U225/Y (AND2X1)                      2441904.000
                                                  26621176.000 f
  U226/Y (INVX1)                       -1279320.000
                                                  25341856.000 r
  U299/Y (AND2X1)                      1881400.000
                                                  27223256.000 r
  U300/Y (INVX1)                       715808.000 27939064.000 f
  U45/Y (AND2X1)                       2034888.000
                                                  29973952.000 f
  U46/Y (INVX1)                        -1439744.000
                                                  28534208.000 r
  U544/Y (AND2X1)                      1881496.000
                                                  30415704.000 r
  U545/Y (INVX1)                       715664.000 31131368.000 f
  U898/Y (NAND2X1)                     1291592.000
                                                  32422960.000 r
  U199/Y (AND2X1)                      2174392.000
                                                  34597352.000 r
  U200/Y (INVX1)                       715840.000 35313192.000 f
  U905/Y (NAND2X1)                     918824.000 36232016.000 r
  U558/Y (AND2X1)                      2174592.000
                                                  38406608.000 r
  U559/Y (INVX1)                       715776.000 39122384.000 f
  U914/Y (OR2X1)                       2117896.000
                                                  41240280.000 f
  U522/Y (AND2X1)                      2434344.000
                                                  43674624.000 f
  U523/Y (INVX1)                       -1340648.000
                                                  42333976.000 r
  U337/Y (AND2X1)                      2199112.000
                                                  44533088.000 r
  U338/Y (INVX1)                       724984.000 45258072.000 f
  U919/Y (NAND2X1)                     920760.000 46178832.000 r
  U516/Y (AND2X1)                      2174376.000
                                                  48353208.000 r
  U517/Y (INVX1)                       715624.000 49068832.000 f
  U325/Y (AND2X1)                      2034872.000
                                                  51103704.000 f
  U326/Y (INVX1)                       -229952.000
                                                  50873752.000 r
  U926/Y (INVX1)                       651864.000 51525616.000 f
  U927/Y (NAND2X1)                     1291776.000
                                                  52817392.000 r
  U474/Y (AND2X1)                      1818320.000
                                                  54635712.000 r
  U475/Y (INVX1)                       710352.000 55346064.000 f
  U365/Y (NAND2X1)                     1291592.000
                                                  56637656.000 r
  U935/Y (NOR2X1)                      1075392.000
                                                  57713048.000 f
  U937/Y (INVX1)                       -295472.000
                                                  57417576.000 r
  U938/Y (NAND2X1)                     1050664.000
                                                  58468240.000 f
  U939/Y (NOR2X1)                      1633656.000
                                                  60101896.000 r
  U940/Y (INVX1)                       1005240.000
                                                  61107136.000 f
  U111/Y (AND2X1)                      2034824.000
                                                  63141960.000 f
  U112/Y (INVX1)                       -1291832.000
                                                  61850128.000 r
  U945/Y (NOR2X1)                      554496.000 62404624.000 f
  U946/Y (NOR2X1)                      1633632.000
                                                  64038256.000 r
  U976/Y (INVX1)                       1005064.000
                                                  65043320.000 f
  U978/Y (XOR2X1)                      5589592.000
                                                  70632912.000 r
  U77/Y (AND2X1)                       1818432.000
                                                  72451344.000 r
  U78/Y (INVX1)                        713168.000 73164512.000 f
  U241/Y (AND2X1)                      2034872.000
                                                  75199384.000 f
  U242/Y (INVX1)                       -1267216.000
                                                  73932168.000 r
  U506/Y (AND2X1)                      2198712.000
                                                  76130880.000 r
  U507/Y (INVX1)                       707696.000 76838576.000 f
  U622/Y (AND2X1)                      2037088.000
                                                  78875664.000 f
  U623/Y (INVX1)                       -1165064.000
                                                  77710600.000 r
  U996/Y (XOR2X1)                      4508752.000
                                                  82219352.000 f
  U606/Y (OR2X1)                       2346408.000
                                                  84565760.000 f
  U578/Y (AND2X1)                      2052384.000
                                                  86618144.000 f
  U579/Y (INVX1)                       -1189472.000
                                                  85428672.000 r
  U171/Y (AND2X1)                      2199072.000
                                                  87627744.000 r
  U172/Y (INVX1)                       707584.000 88335328.000 f
  U133/Y (AND2X1)                      2034880.000
                                                  90370208.000 f
  U134/Y (INVX1)                       -1291968.000
                                                  89078240.000 r
  U1005/Y (NOR2X1)                     559128.000 89637368.000 f
  U167/Y (AND2X1)                      2441224.000
                                                  92078592.000 f
  U168/Y (INVX1)                       -1296208.000
                                                  90782384.000 r
  U315/Y (AND2X1)                      1881904.000
                                                  92664288.000 r
  U316/Y (INVX1)                       707856.000 93372144.000 f
  U1007/Y (OR2X1)                      2115288.000
                                                  95487432.000 f
  U570/Y (AND2X1)                      2434376.000
                                                  97921808.000 f
  U571/Y (INVX1)                       -1327744.000
                                                  96594064.000 r
  U1008/Y (NOR2X1)                     549744.000 97143808.000 f
  U1010/Y (NOR2X1)                     1185632.000
                                                  98329440.000 r
  U145/Y (AND2X1)                      2182112.000
                                                  100511552.000 r
  U146/Y (INVX1)                       713104.000 101224656.000 f
  U157/Y (AND2X1)                      2034872.000
                                                  103259528.000 f
  U158/Y (INVX1)                       -1292040.000
                                                  101967488.000 r
  U472/Y (AND2X1)                      1881904.000
                                                  103849392.000 r
  U473/Y (INVX1)                       715568.000 104564960.000 f
  U1013/Y (NAND2X1)                    918880.000 105483840.000 r
  U87/Y (AND2X1)                       2174528.000
                                                  107658368.000 r
  U88/Y (INVX1)                        715576.000 108373944.000 f
  U412/Y (AND2X1)                      2034872.000
                                                  110408816.000 f
  U413/Y (INVX1)                       -1187296.000
                                                  109221520.000 r
  U646/Y (OR2X1)                       1781368.000
                                                  111002888.000 r
  U647/Y (INVX1)                       734048.000 111736936.000 f
  U1021/Y (NAND2X1)                    1285832.000
                                                  113022768.000 r
  U285/Y (AND2X1)                      1818736.000
                                                  114841504.000 r
  U286/Y (INVX1)                       732792.000 115574296.000 f
  U1027/Y (INVX1)                      447248.000 116021544.000 r
  U1028/Y (NAND2X1)                    1051800.000
                                                  117073344.000 f
  U213/Y (AND2X1)                      2441920.000
                                                  119515264.000 f
  U214/Y (INVX1)                       -1279248.000
                                                  118236016.000 r
  U379/Y (NAND2X1)                     800856.000 119036872.000 f
  U1030/Y (NAND2X1)                    885968.000 119922840.000 r
  U85/Y (AND2X1)                       2174528.000
                                                  122097368.000 r
  U86/Y (INVX1)                        715576.000 122812944.000 f
  U410/Y (AND2X1)                      2034872.000
                                                  124847816.000 f
  U411/Y (INVX1)                       -1291792.000
                                                  123556024.000 r
  U542/Y (AND2X1)                      1881904.000
                                                  125437928.000 r
  U543/Y (INVX1)                       715288.000 126153216.000 f
  U243/Y (AND2X1)                      2458080.000
                                                  128611296.000 f
  U244/Y (INVX1)                       -1175048.000
                                                  127436248.000 r
  U486/Y (AND2X1)                      1881344.000
                                                  129317592.000 r
  U487/Y (INVX1)                       715848.000 130033440.000 f
  U1037/Y (NAND2X1)                    918856.000 130952296.000 r
  U510/Y (AND2X1)                      1818792.000
                                                  132771088.000 r
  U511/Y (INVX1)                       708312.000 133479400.000 f
  U1039/Y (NAND2X1)                    1285640.000
                                                  134765040.000 r
  U494/Y (AND2X1)                      2174560.000
                                                  136939600.000 r
  U495/Y (INVX1)                       715568.000 137655168.000 f
  U211/Y (AND2X1)                      2034880.000
                                                  139690048.000 f
  U212/Y (INVX1)                       -1279200.000
                                                  138410848.000 r
  U1044/Y (AND2X1)                     1974688.000
                                                  140385536.000 r
  out[0] (out)                            0.000   140385536.000 r
  data arrival time                               140385536.000

  clock clk (rise edge)                200000000.000
                                                  200000000.000
  clock network delay (ideal)             0.000   200000000.000
  clock reconvergence pessimism           0.000   200000000.000
  output external delay                   0.000   200000000.000
  data required time                              200000000.000
  ---------------------------------------------------------------
  data required time                              200000000.000
  data arrival time                               -140385536.000
  ---------------------------------------------------------------
  slack (MET)                                     59614464.000


1
