****************************************
Report : timing
	-path_type full
	-delay_type max
	-max_paths 1
	-sort_by slack
Design : top
Version: S-2021.06-SP1
Date   : Sun Dec  4 23:11:11 2022
****************************************


  Startpoint: inp[7] (input port clocked by clk)
  Endpoint: out[0] (output port clocked by clk)
  Path Group: clk
  Path Type: max

  Point                                    Incr       Path
  ---------------------------------------------------------------
  clock clk (rise edge)                   0.000      0.000
  clock network delay (ideal)             0.000      0.000
  input external delay                    0.000      0.000 r
  inp[7] (in)                             0.000      0.000 r
  U329/Y (AND2X1)                      2212688.000
                                                  2212688.000 r
  U330/Y (INVX1)                       709776.000 2922464.000 f
  U381/Y (NAND2X1)                     918768.000 3841232.000 r
  U233/Y (AND2X1)                      2174720.000
                                                  6015952.000 r
  U234/Y (INVX1)                       715952.000 6731904.000 f
  U382/Y (NAND2X1)                     1285896.000
                                                  8017800.000 r
  U247/Y (AND2X1)                      2169480.000
                                                  10187280.000 r
  U248/Y (INVX1)                       721224.000 10908504.000 f
  U277/Y (AND2X1)                      2458080.000
                                                  13366584.000 f
  U278/Y (INVX1)                       -1175032.000
                                                  12191552.000 r
  U384/Y (NAND2X1)                     1052720.000
                                                  13244272.000 f
  U125/Y (XNOR2X1)                     6613344.000
                                                  19857616.000 f
  U126/Y (INVX1)                       -1219736.000
                                                  18637880.000 r
  U135/Y (AND2X1)                      2199080.000
                                                  20836960.000 r
  U136/Y (INVX1)                       707804.000 21544764.000 f
  U392/Y (NAND2X1)                     918800.000 22463564.000 r
  U72/Y (AND2X1)                       1818724.000
                                                  24282288.000 r
  U73/Y (INVX1)                        707872.000 24990160.000 f
  U393/Y (OR2X1)                       2117896.000
                                                  27108056.000 f
  U177/Y (AND2X1)                      2434348.000
                                                  29542404.000 f
  U178/Y (INVX1)                       -1340696.000
                                                  28201708.000 r
  U253/Y (AND2X1)                      1889100.000
                                                  30090808.000 r
  U54/Y (AND2X1)                       2181468.000
                                                  32272276.000 r
  U55/Y (INVX1)                        713316.000 32985592.000 f
  U331/Y (AND2X1)                      2037092.000
                                                  35022684.000 f
  U332/Y (INVX1)                       -1164748.000
                                                  33857936.000 r
  U169/Y (AND2X1)                      2198684.000
                                                  36056620.000 r
  U170/Y (INVX1)                       707708.000 36764328.000 f
  U100/Y (OR2X1)                       2316124.000
                                                  39080452.000 f
  U101/Y (INVX1)                       -960824.000
                                                  38119628.000 r
  U287/Y (AND2X1)                      2198452.000
                                                  40318080.000 r
  U288/Y (INVX1)                       708008.000 41026088.000 f
  U403/Y (NAND2X1)                     918800.000 41944888.000 r
  U207/Y (AND2X1)                      1818992.000
                                                  43763880.000 r
  U208/Y (INVX1)                       708168.000 44472048.000 f
  U94/Y (XNOR2X1)                      4354156.000
                                                  48826204.000 r
  U95/Y (INVX1)                        820428.000 49646632.000 f
  U82/Y (XNOR2X1)                      6004272.000
                                                  55650904.000 f
  U83/Y (INVX1)                        -1205252.000
                                                  54445652.000 r
  U173/Y (AND2X1)                      1881356.000
                                                  56327008.000 r
  U174/Y (INVX1)                       707708.000 57034716.000 f
  U119/Y (NAND2X1)                     1285628.000
                                                  58320344.000 r
  U307/Y (AND2X1)                      1818784.000
                                                  60139128.000 r
  U308/Y (INVX1)                       708540.000 60847668.000 f
  U422/Y (NAND2X1)                     918804.000 61766472.000 r
  U183/Y (AND2X1)                      1818720.000
                                                  63585192.000 r
  U184/Y (INVX1)                       715516.000 64300708.000 f
  U426/Y (NAND2X1)                     1285612.000
                                                  65586320.000 r
  U120/Y (NAND2X1)                     848288.000 66434608.000 f
  U325/Y (AND2X1)                      2046592.000
                                                  68481200.000 f
  U185/Y (AND2X1)                      2051600.000
                                                  70532800.000 f
  U186/Y (INVX1)                       -1187000.000
                                                  69345800.000 r
  U271/Y (AND2X1)                      2202000.000
                                                  71547800.000 r
  U48/Y (AND2X1)                       1836568.000
                                                  73384368.000 r
  U49/Y (INVX1)                        707720.000 74092088.000 f
  U241/Y (AND2X1)                      2458072.000
                                                  76550160.000 f
  U242/Y (INVX1)                       -1175072.000
                                                  75375088.000 r
  U171/Y (AND2X1)                      2198880.000
                                                  77573968.000 r
  U172/Y (INVX1)                       707648.000 78281616.000 f
  U237/Y (AND2X1)                      2458080.000
                                                  80739696.000 f
  U238/Y (INVX1)                       -1175040.000
                                                  79564656.000 r
  U50/Y (AND2X1)                       2198880.000
                                                  81763536.000 r
  U51/Y (INVX1)                        707648.000 82471184.000 f
  U147/Y (AND2X1)                      2458072.000
                                                  84929256.000 f
  U148/Y (INVX1)                       -1187312.000
                                                  83741944.000 r
  U311/Y (AND2X1)                      1881840.000
                                                  85623784.000 r
  U312/Y (INVX1)                       708320.000 86332104.000 f
  U434/Y (NOR2X1)                      1151512.000
                                                  87483616.000 r
  out[0] (out)                            0.000   87483616.000 r
  data arrival time                               87483616.000

  clock clk (rise edge)                200000000.000
                                                  200000000.000
  clock network delay (ideal)             0.000   200000000.000
  clock reconvergence pessimism           0.000   200000000.000
  output external delay                   0.000   200000000.000
  data required time                              200000000.000
  ---------------------------------------------------------------
  data required time                              200000000.000
  data arrival time                               -87483616.000
  ---------------------------------------------------------------
  slack (MET)                                     112516384.000


1
