 
****************************************
Report : timing
        -path full
        -delay max
        -max_paths 1
Design : top
Version: S-2021.06-SP2
Date   : Sun Dec  4 23:11:06 2022
****************************************

Operating Conditions: TT   Library: PPDK_Standard_Library_1.0V_25C_TYP_X1
Wire Load Model Mode: top

  Startpoint: inp[7] (input port clocked by clk)
  Endpoint: out[0] (output port clocked by clk)
  Path Group: clk
  Path Type: max

  Point                                    Incr       Path
  -----------------------------------------------------------
  clock clk (rise edge)                   0.000      0.000
  clock network delay (ideal)             0.000      0.000
  input external delay                    0.000      0.000 r
  inp[7] (in)                             0.000      0.000 r
  U329/Y (AND2X1)                      2212691.500
                                                  2212691.500 r
  U330/Y (INVX1)                       709773.000 2922464.500 f
  U381/Y (NAND2X1)                     918769.250 3841233.750 r
  U233/Y (AND2X1)                      2174743.250
                                                  6015977.000 r
  U234/Y (INVX1)                       715947.000 6731924.000 f
  U382/Y (NAND2X1)                     1285899.000
                                                  8017823.000 r
  U247/Y (AND2X1)                      2169419.000
                                                  10187242.000 r
  U248/Y (INVX1)                       721242.000 10908484.000 f
  U277/Y (AND2X1)                      2458084.000
                                                  13366568.000 f
  U278/Y (INVX1)                       -1175028.000
                                                  12191540.000 r
  U384/Y (NAND2X1)                     1052718.000
                                                  13244258.000 f
  U125/Y (XNOR2X1)                     6613322.000
                                                  19857580.000 f
  U126/Y (INVX1)                       -1219742.000
                                                  18637838.000 r
  U135/Y (AND2X1)                      2199086.000
                                                  20836924.000 r
  U136/Y (INVX1)                       707804.000 21544728.000 f
  U392/Y (NAND2X1)                     918802.000 22463530.000 r
  U72/Y (AND2X1)                       1818718.000
                                                  24282248.000 r
  U73/Y (INVX1)                        707868.000 24990116.000 f
  U393/Y (OR2X1)                       2117898.000
                                                  27108014.000 f
  U177/Y (AND2X1)                      2434342.000
                                                  29542356.000 f
  U178/Y (INVX1)                       -1340668.000
                                                  28201688.000 r
  U253/Y (AND2X1)                      1889100.000
                                                  30090788.000 r
  U54/Y (AND2X1)                       2181486.000
                                                  32272274.000 r
  U55/Y (INVX1)                        713312.000 32985586.000 f
  U331/Y (AND2X1)                      2037094.000
                                                  35022680.000 f
  U332/Y (INVX1)                       -1164756.000
                                                  33857924.000 r
  U169/Y (AND2X1)                      2198692.000
                                                  36056616.000 r
  U170/Y (INVX1)                       707708.000 36764324.000 f
  U100/Y (OR2X1)                       2316124.000
                                                  39080448.000 f
  U101/Y (INVX1)                       -960816.000
                                                  38119632.000 r
  U287/Y (AND2X1)                      2198456.000
                                                  40318088.000 r
  U288/Y (INVX1)                       708008.000 41026096.000 f
  U403/Y (NAND2X1)                     918800.000 41944896.000 r
  U207/Y (AND2X1)                      1818984.000
                                                  43763880.000 r
  U208/Y (INVX1)                       708168.000 44472048.000 f
  U94/Y (XNOR2X1)                      4354160.000
                                                  48826208.000 r
  U95/Y (INVX1)                        820428.000 49646636.000 f
  U82/Y (XNOR2X1)                      6004272.000
                                                  55650908.000 f
  U83/Y (INVX1)                        -1205240.000
                                                  54445668.000 r
  U173/Y (AND2X1)                      1881356.000
                                                  56327024.000 r
  U174/Y (INVX1)                       707708.000 57034732.000 f
  U119/Y (NAND2X1)                     1285632.000
                                                  58320364.000 r
  U307/Y (AND2X1)                      1818776.000
                                                  60139140.000 r
  U308/Y (INVX1)                       708540.000 60847680.000 f
  U422/Y (NAND2X1)                     918804.000 61766484.000 r
  U183/Y (AND2X1)                      1818716.000
                                                  63585200.000 r
  U184/Y (INVX1)                       715512.000 64300712.000 f
  U426/Y (NAND2X1)                     1285612.000
                                                  65586324.000 r
  U120/Y (NAND2X1)                     848284.000 66434608.000 f
  U325/Y (AND2X1)                      2046576.000
                                                  68481184.000 f
  U185/Y (AND2X1)                      2051608.000
                                                  70532792.000 f
  U186/Y (INVX1)                       -1187008.000
                                                  69345784.000 r
  U271/Y (AND2X1)                      2201984.000
                                                  71547768.000 r
  U48/Y (AND2X1)                       1836560.000
                                                  73384328.000 r
  U49/Y (INVX1)                        707720.000 74092048.000 f
  U241/Y (AND2X1)                      2458072.000
                                                  76550120.000 f
  U242/Y (INVX1)                       -1175064.000
                                                  75375056.000 r
  U171/Y (AND2X1)                      2198888.000
                                                  77573944.000 r
  U172/Y (INVX1)                       707648.000 78281592.000 f
  U237/Y (AND2X1)                      2458072.000
                                                  80739664.000 f
  U238/Y (INVX1)                       -1175032.000
                                                  79564632.000 r
  U50/Y (AND2X1)                       2198888.000
                                                  81763520.000 r
  U51/Y (INVX1)                        707648.000 82471168.000 f
  U147/Y (AND2X1)                      2458072.000
                                                  84929240.000 f
  U148/Y (INVX1)                       -1187296.000
                                                  83741944.000 r
  U311/Y (AND2X1)                      1881840.000
                                                  85623784.000 r
  U312/Y (INVX1)                       708312.000 86332096.000 f
  U434/Y (NOR2X1)                      1151512.000
                                                  87483608.000 r
  out[0] (out)                            0.000   87483608.000 r
  data arrival time                               87483608.000

  clock clk (rise edge)                200000000.000
                                                  200000000.000
  clock network delay (ideal)             0.000   200000000.000
  output external delay                   0.000   200000000.000
  data required time                              200000000.000
  -----------------------------------------------------------
  data required time                              200000000.000
  data arrival time                               -87483608.000
  -----------------------------------------------------------
  slack (MET)                                     112516392.000


1
