****************************************
Report : timing
	-path_type full
	-delay_type max
	-max_paths 1
	-sort_by slack
Design : top
Version: S-2021.06-SP1
Date   : Fri Dec 16 13:53:35 2022
****************************************


  Startpoint: inp[26] (input port clocked by clk)
  Endpoint: out[0] (output port clocked by clk)
  Path Group: clk
  Path Type: max

  Point                                    Incr       Path
  ---------------------------------------------------------------
  clock clk (rise edge)                   0.000      0.000
  clock network delay (ideal)             0.000      0.000
  input external delay                    0.000      0.000 r
  inp[26] (in)                            0.000      0.000 r
  U676/Y (INVX1)                       92656.000  92656.000 f
  U1242/Y (NOR2X1)                     1542480.000
                                                  1635136.000 r
  U1245/Y (INVX1)                      1058672.000
                                                  2693808.000 f
  U1260/Y (NAND2X1)                    1621200.000
                                                  4315008.000 r
  U1261/Y (INVX1)                      1247216.000
                                                  5562224.000 f
  U1262/Y (NAND2X1)                    1167840.000
                                                  6730064.000 r
  U1301/Y (NAND2X1)                    2201264.000
                                                  8931328.000 f
  U1302/Y (XOR2X1)                     4920640.000
                                                  13851968.000 r
  U1303/Y (OR2X1)                      5623248.000
                                                  19475216.000 r
  U1305/Y (NAND2X1)                    1007472.000
                                                  20482688.000 f
  U585/Y (XNOR2X1)                     6925136.000
                                                  27407824.000 f
  U586/Y (INVX1)                       -1272864.000
                                                  26134960.000 r
  U1316/Y (NAND2X1)                    1360992.000
                                                  27495952.000 f
  U1317/Y (NAND2X1)                    834208.000 28330160.000 r
  U1318/Y (NAND2X1)                    1456816.000
                                                  29786976.000 f
  U1327/Y (NAND2X1)                    845520.000 30632496.000 r
  U1328/Y (NAND2X1)                    2210752.000
                                                  32843248.000 f
  U1329/Y (NAND2X1)                    1624208.000
                                                  34467456.000 r
  U1331/Y (INVX1)                      1243296.000
                                                  35710752.000 f
  U1332/Y (NAND2X1)                    813040.000 36523792.000 r
  U1335/Y (NAND2X1)                    1044080.000
                                                  37567872.000 f
  U1336/Y (NAND2X1)                    1171680.000
                                                  38739552.000 r
  U1337/Y (OR2X1)                      5140704.000
                                                  43880256.000 r
  U1342/Y (NAND2X1)                    1360992.000
                                                  45241248.000 f
  U1343/Y (NAND2X1)                    837056.000 46078304.000 r
  U1344/Y (NAND2X1)                    2148736.000
                                                  48227040.000 f
  U427/Y (AND2X1)                      2312800.000
                                                  50539840.000 f
  U428/Y (INVX1)                       -1225584.000
                                                  49314256.000 r
  U1360/Y (NOR2X1)                     954160.000 50268416.000 f
  U1362/Y (NAND2X1)                    827280.000 51095696.000 r
  U1363/Y (NAND2X1)                    1455744.000
                                                  52551440.000 f
  U1394/Y (INVX1)                      284448.000 52835888.000 r
  U453/Y (INVX1)                       785232.000 53621120.000 f
  U1569/Y (NAND2X1)                    1621264.000
                                                  55242384.000 r
  U1570/Y (NAND2X1)                    2538208.000
                                                  57780592.000 f
  U1591/Y (NAND2X1)                    841552.000 58622144.000 r
  U612/Y (XNOR2X1)                     7043328.000
                                                  65665472.000 r
  U613/Y (INVX1)                       995840.000 66661312.000 f
  U1598/Y (NAND2X1)                    1167872.000
                                                  67829184.000 r
  U1599/Y (NAND2X1)                    2210384.000
                                                  70039568.000 f
  U1602/Y (NAND2X1)                    842720.000 70882288.000 r
  U1605/Y (OR2X1)                      5188704.000
                                                  76070992.000 r
  U1606/Y (NAND2X1)                    1717856.000
                                                  77788848.000 f
  U1613/Y (NOR2X1)                     1563088.000
                                                  79351936.000 r
  U1621/Y (INVX1)                      1049872.000
                                                  80401808.000 f
  U1688/Y (NAND2X1)                    1167696.000
                                                  81569504.000 r
  U1689/Y (XOR2X1)                     5910544.000
                                                  87480048.000 f
  U1713/Y (NAND2X1)                    1172192.000
                                                  88652240.000 r
  U1714/Y (NAND2X1)                    2055664.000
                                                  90707904.000 f
  U1715/Y (NAND2X1)                    1172128.000
                                                  91880032.000 r
  U1725/Y (OR2X1)                      5145712.000
                                                  97025744.000 r
  U1726/Y (NAND2X1)                    1715792.000
                                                  98741536.000 f
  U1727/Y (NAND2X1)                    1166336.000
                                                  99907872.000 r
  U1728/Y (NAND2X1)                    2142048.000
                                                  102049920.000 f
  U1732/Y (NAND2X1)                    1273520.000
                                                  103323440.000 r
  U1737/Y (INVX1)                      1243824.000
                                                  104567264.000 f
  U1738/Y (NAND2X1)                    1161952.000
                                                  105729216.000 r
  U1739/Y (NAND2X1)                    2206320.000
                                                  107935536.000 f
  U1740/Y (NAND2X1)                    1619440.000
                                                  109554976.000 r
  U466/Y (INVX1)                       1281504.000
                                                  110836480.000 f
  U467/Y (INVX1)                       479952.000 111316432.000 r
  U1741/Y (XOR2X1)                     5302208.000
                                                  116618640.000 f
  U1929/Y (NAND2X1)                    877416.000 117496056.000 r
  U1930/Y (NAND2X1)                    2206312.000
                                                  119702368.000 f
  U1931/Y (NAND2X1)                    1171824.000
                                                  120874192.000 r
  U1939/Y (OR2X1)                      5165984.000
                                                  126040176.000 r
  U1940/Y (NAND2X1)                    1361000.000
                                                  127401176.000 f
  U1941/Y (NAND2X1)                    1625560.000
                                                  129026736.000 r
  U1946/Y (INVX1)                      1241512.000
                                                  130268248.000 f
  U1948/Y (NAND2X1)                    807240.000 131075488.000 r
  U1949/Y (NAND2X1)                    2206216.000
                                                  133281704.000 f
  U1950/Y (NAND2X1)                    1171768.000
                                                  134453472.000 r
  U1958/Y (OR2X1)                      5169616.000
                                                  139623088.000 r
  U1959/Y (NAND2X1)                    1361008.000
                                                  140984096.000 f
  U1960/Y (NAND2X1)                    1625552.000
                                                  142609648.000 r
  U1965/Y (INVX1)                      1241520.000
                                                  143851168.000 f
  U1967/Y (NAND2X1)                    807232.000 144658400.000 r
  U1968/Y (NAND2X1)                    2206208.000
                                                  146864608.000 f
  U1969/Y (NAND2X1)                    1625120.000
                                                  148489728.000 r
  U1973/Y (INVX1)                      1242112.000
                                                  149731840.000 f
  U1974/Y (NAND2X1)                    1161936.000
                                                  150893776.000 r
  U1975/Y (NAND2X1)                    1052208.000
                                                  151945984.000 f
  U477/Y (NAND2X1)                     1619280.000
                                                  153565264.000 r
  U1977/Y (INVX1)                      1286704.000
                                                  154851968.000 f
  U1978/Y (NAND2X1)                    811248.000 155663216.000 r
  U1979/Y (NAND2X1)                    1468080.000
                                                  157131296.000 f
  U2344/Y (NAND2X1)                    839968.000 157971264.000 r
  U2345/Y (NAND2X1)                    2147840.000
                                                  160119104.000 f
  U2346/Y (NAND2X1)                    1625088.000
                                                  161744192.000 r
  U2352/Y (INVX1)                      1242128.000
                                                  162986320.000 f
  U2354/Y (NAND2X1)                    807248.000 163793568.000 r
  U2355/Y (NAND2X1)                    2206208.000
                                                  165999776.000 f
  U2356/Y (NAND2X1)                    1625104.000
                                                  167624880.000 r
  U2366/Y (INVX1)                      1242112.000
                                                  168866992.000 f
  U2367/Y (NAND2X1)                    1161952.000
                                                  170028944.000 r
  U2368/Y (NAND2X1)                    2206320.000
                                                  172235264.000 f
  U2369/Y (NAND2X1)                    1625120.000
                                                  173860384.000 r
  U2375/Y (INVX1)                      1242080.000
                                                  175102464.000 f
  U2377/Y (NAND2X1)                    807248.000 175909712.000 r
  U2378/Y (NAND2X1)                    2206224.000
                                                  178115936.000 f
  U2379/Y (NAND2X1)                    1171776.000
                                                  179287712.000 r
  U2381/Y (OR2X1)                      5169312.000
                                                  184457024.000 r
  U2384/Y (NAND2X1)                    1004976.000
                                                  185462000.000 f
  U2385/Y (NAND2X1)                    1170864.000
                                                  186632864.000 r
  U2389/Y (OR2X1)                      5229888.000
                                                  191862752.000 r
  U2390/Y (NAND2X1)                    1360992.000
                                                  193223744.000 f
  U458/Y (AND2X1)                      2832896.000
                                                  196056640.000 f
  U459/Y (INVX1)                       -45152.000 196011488.000 r
  U2391/Y (INVX1)                      851456.000 196862944.000 f
  U2392/Y (NOR2X1)                     1064768.000
                                                  197927712.000 r
  U2393/Y (NOR2X1)                     958400.000 198886112.000 f
  U2400/Y (NAND2X1)                    827104.000 199713216.000 r
  U2408/Y (OR2X1)                      5212160.000
                                                  204925376.000 r
  U2409/Y (NAND2X1)                    1360992.000
                                                  206286368.000 f
  U2410/Y (NAND2X1)                    1171776.000
                                                  207458144.000 r
  U2418/Y (OR2X1)                      5169696.000
                                                  212627840.000 r
  U2419/Y (NAND2X1)                    1361008.000
                                                  213988848.000 f
  U2420/Y (NAND2X1)                    1171760.000
                                                  215160608.000 r
  U2428/Y (OR2X1)                      5169696.000
                                                  220330304.000 r
  U2429/Y (NAND2X1)                    1361008.000
                                                  221691312.000 f
  U2430/Y (NAND2X1)                    1171792.000
                                                  222863104.000 r
  U2436/Y (OR2X1)                      5169728.000
                                                  228032832.000 r
  U2437/Y (NAND2X1)                    1361008.000
                                                  229393840.000 f
  U2438/Y (NAND2X1)                    1165872.000
                                                  230559712.000 r
  U2439/Y (NAND2X1)                    2140016.000
                                                  232699728.000 f
  U2443/Y (OR2X1)                      2404224.000
                                                  235103952.000 f
  U2444/Y (NAND2X1)                    1166992.000
                                                  236270944.000 r
  U446/Y (AND2X1)                      2765728.000
                                                  239036672.000 r
  U447/Y (INVX1)                       896912.000 239933584.000 f
  U2454/Y (INVX1)                      395936.000 240329520.000 r
  U2455/Y (NAND2X1)                    1561840.000
                                                  241891360.000 f
  U2457/Y (NAND2X1)                    836800.000 242728160.000 r
  U2458/Y (NAND2X1)                    2157696.000
                                                  244885856.000 f
  out[0] (out)                            0.000   244885856.000 f
  data arrival time                               244885856.000

  clock clk (rise edge)                250000000.000
                                                  250000000.000
  clock network delay (ideal)             0.000   250000000.000
  clock reconvergence pessimism           0.000   250000000.000
  output external delay                   0.000   250000000.000
  data required time                              250000000.000
  ---------------------------------------------------------------
  data required time                              250000000.000
  data arrival time                               -244885856.000
  ---------------------------------------------------------------
  slack (MET)                                     5114144.000


1
