 
****************************************
Report : timing
        -path full
        -delay max
        -max_paths 1
Design : top
Version: S-2021.06-SP2
Date   : Fri Dec 16 13:53:29 2022
****************************************

Operating Conditions: TT   Library: PPDK_Standard_Library_0.8V_25C_TYP_X1
Wire Load Model Mode: top

  Startpoint: inp[26] (input port clocked by clk)
  Endpoint: out[0] (output port clocked by clk)
  Path Group: clk
  Path Type: max

  Point                                    Incr       Path
  -----------------------------------------------------------
  clock clk (rise edge)                   0.000      0.000
  clock network delay (ideal)             0.000      0.000
  input external delay                    0.000      0.000 r
  inp[26] (in)                            0.000      0.000 r
  U676/Y (INVX1)                       92659.656  92659.656 f
  U1242/Y (NOR2X1)                     1542474.250
                                                  1635133.875 r
  U1245/Y (INVX1)                      1058671.625
                                                  2693805.500 f
  U1260/Y (NAND2X1)                    1621207.500
                                                  4315013.000 r
  U1261/Y (INVX1)                      1247209.000
                                                  5562222.000 f
  U1262/Y (NAND2X1)                    1167832.500
                                                  6730054.500 r
  U1301/Y (NAND2X1)                    2201313.500
                                                  8931368.000 f
  U1302/Y (XOR2X1)                     4920571.000
                                                  13851939.000 r
  U1303/Y (OR2X1)                      5623269.000
                                                  19475208.000 r
  U1305/Y (NAND2X1)                    1007478.000
                                                  20482686.000 f
  U585/Y (XNOR2X1)                     6925134.000
                                                  27407820.000 f
  U586/Y (INVX1)                       -1272866.000
                                                  26134954.000 r
  U1316/Y (NAND2X1)                    1360994.000
                                                  27495948.000 f
  U1317/Y (NAND2X1)                    834212.000 28330160.000 r
  U1318/Y (NAND2X1)                    1456820.000
                                                  29786980.000 f
  U1327/Y (NAND2X1)                    845518.000 30632498.000 r
  U1328/Y (NAND2X1)                    2210770.000
                                                  32843268.000 f
  U1329/Y (NAND2X1)                    1624200.000
                                                  34467468.000 r
  U1331/Y (INVX1)                      1243296.000
                                                  35710764.000 f
  U1332/Y (NAND2X1)                    813036.000 36523800.000 r
  U1335/Y (NAND2X1)                    1044092.000
                                                  37567892.000 f
  U1336/Y (NAND2X1)                    1171672.000
                                                  38739564.000 r
  U1337/Y (OR2X1)                      5140700.000
                                                  43880264.000 r
  U1342/Y (NAND2X1)                    1360996.000
                                                  45241260.000 f
  U1343/Y (NAND2X1)                    837060.000 46078320.000 r
  U1344/Y (NAND2X1)                    2148752.000
                                                  48227072.000 f
  U427/Y (AND2X1)                      2312784.000
                                                  50539856.000 f
  U428/Y (INVX1)                       -1225580.000
                                                  49314276.000 r
  U1360/Y (NOR2X1)                     954164.000 50268440.000 f
  U1362/Y (NAND2X1)                    827272.000 51095712.000 r
  U1363/Y (NAND2X1)                    1455744.000
                                                  52551456.000 f
  U1394/Y (INVX1)                      284436.000 52835892.000 r
  U453/Y (INVX1)                       785232.000 53621124.000 f
  U1569/Y (NAND2X1)                    1621260.000
                                                  55242384.000 r
  U1570/Y (NAND2X1)                    2538220.000
                                                  57780604.000 f
  U1591/Y (NAND2X1)                    841540.000 58622144.000 r
  U612/Y (XNOR2X1)                     7043340.000
                                                  65665484.000 r
  U613/Y (INVX1)                       995860.000 66661344.000 f
  U1598/Y (NAND2X1)                    1167872.000
                                                  67829216.000 r
  U1599/Y (NAND2X1)                    2210376.000
                                                  70039592.000 f
  U1602/Y (NAND2X1)                    842720.000 70882312.000 r
  U1605/Y (OR2X1)                      5188664.000
                                                  76070976.000 r
  U1606/Y (NAND2X1)                    1717856.000
                                                  77788832.000 f
  U1613/Y (NOR2X1)                     1563096.000
                                                  79351928.000 r
  U1621/Y (INVX1)                      1049888.000
                                                  80401816.000 f
  U1688/Y (NAND2X1)                    1167704.000
                                                  81569520.000 r
  U1689/Y (XOR2X1)                     5910576.000
                                                  87480096.000 f
  U1713/Y (NAND2X1)                    1172200.000
                                                  88652296.000 r
  U1714/Y (NAND2X1)                    2055696.000
                                                  90707992.000 f
  U1715/Y (NAND2X1)                    1172136.000
                                                  91880128.000 r
  U1725/Y (OR2X1)                      5145672.000
                                                  97025800.000 r
  U1726/Y (NAND2X1)                    1715800.000
                                                  98741600.000 f
  U1727/Y (NAND2X1)                    1166328.000
                                                  99907928.000 r
  U1728/Y (NAND2X1)                    2142056.000
                                                  102049984.000 f
  U1732/Y (NAND2X1)                    1273544.000
                                                  103323528.000 r
  U1737/Y (INVX1)                      1243808.000
                                                  104567336.000 f
  U1738/Y (NAND2X1)                    1161952.000
                                                  105729288.000 r
  U1739/Y (NAND2X1)                    2206336.000
                                                  107935624.000 f
  U1740/Y (NAND2X1)                    1619448.000
                                                  109555072.000 r
  U466/Y (INVX1)                       1281504.000
                                                  110836576.000 f
  U467/Y (INVX1)                       479952.000 111316528.000 r
  U1741/Y (XOR2X1)                     5302176.000
                                                  116618704.000 f
  U1929/Y (NAND2X1)                    877416.000 117496120.000 r
  U1930/Y (NAND2X1)                    2206328.000
                                                  119702448.000 f
  U1931/Y (NAND2X1)                    1171824.000
                                                  120874272.000 r
  U1939/Y (OR2X1)                      5165960.000
                                                  126040232.000 r
  U1940/Y (NAND2X1)                    1361000.000
                                                  127401232.000 f
  U1941/Y (NAND2X1)                    1625560.000
                                                  129026792.000 r
  U1946/Y (INVX1)                      1241520.000
                                                  130268312.000 f
  U1948/Y (NAND2X1)                    807240.000 131075552.000 r
  U1949/Y (NAND2X1)                    2206240.000
                                                  133281792.000 f
  U1950/Y (NAND2X1)                    1171776.000
                                                  134453568.000 r
  U1958/Y (OR2X1)                      5169584.000
                                                  139623152.000 r
  U1959/Y (NAND2X1)                    1361008.000
                                                  140984160.000 f
  U1960/Y (NAND2X1)                    1625568.000
                                                  142609728.000 r
  U1965/Y (INVX1)                      1241520.000
                                                  143851248.000 f
  U1967/Y (NAND2X1)                    807248.000 144658496.000 r
  U1968/Y (NAND2X1)                    2206240.000
                                                  146864736.000 f
  U1969/Y (NAND2X1)                    1625104.000
                                                  148489840.000 r
  U1973/Y (INVX1)                      1242096.000
                                                  149731936.000 f
  U1974/Y (NAND2X1)                    1161952.000
                                                  150893888.000 r
  U1975/Y (NAND2X1)                    1052224.000
                                                  151946112.000 f
  U477/Y (NAND2X1)                     1619280.000
                                                  153565392.000 r
  U1977/Y (INVX1)                      1286688.000
                                                  154852080.000 f
  U1978/Y (NAND2X1)                    811248.000 155663328.000 r
  U1979/Y (NAND2X1)                    1468080.000
                                                  157131408.000 f
  U2344/Y (NAND2X1)                    839984.000 157971392.000 r
  U2345/Y (NAND2X1)                    2147856.000
                                                  160119248.000 f
  U2346/Y (NAND2X1)                    1625104.000
                                                  161744352.000 r
  U2352/Y (INVX1)                      1242112.000
                                                  162986464.000 f
  U2354/Y (NAND2X1)                    807248.000 163793712.000 r
  U2355/Y (NAND2X1)                    2206240.000
                                                  165999952.000 f
  U2356/Y (NAND2X1)                    1625104.000
                                                  167625056.000 r
  U2366/Y (INVX1)                      1242096.000
                                                  168867152.000 f
  U2367/Y (NAND2X1)                    1161952.000
                                                  170029104.000 r
  U2368/Y (NAND2X1)                    2206336.000
                                                  172235440.000 f
  U2369/Y (NAND2X1)                    1625120.000
                                                  173860560.000 r
  U2375/Y (INVX1)                      1242096.000
                                                  175102656.000 f
  U2377/Y (NAND2X1)                    807248.000 175909904.000 r
  U2378/Y (NAND2X1)                    2206240.000
                                                  178116144.000 f
  U2379/Y (NAND2X1)                    1171792.000
                                                  179287936.000 r
  U2381/Y (OR2X1)                      5169328.000
                                                  184457264.000 r
  U2384/Y (NAND2X1)                    1004960.000
                                                  185462224.000 f
  U2385/Y (NAND2X1)                    1170864.000
                                                  186633088.000 r
  U2389/Y (OR2X1)                      5229856.000
                                                  191862944.000 r
  U2390/Y (NAND2X1)                    1361008.000
                                                  193223952.000 f
  U458/Y (AND2X1)                      2832880.000
                                                  196056832.000 f
  U459/Y (INVX1)                       -45152.000 196011680.000 r
  U2391/Y (INVX1)                      851472.000 196863152.000 f
  U2392/Y (NOR2X1)                     1064768.000
                                                  197927920.000 r
  U2393/Y (NOR2X1)                     958416.000 198886336.000 f
  U2400/Y (NAND2X1)                    827088.000 199713424.000 r
  U2408/Y (OR2X1)                      5212144.000
                                                  204925568.000 r
  U2409/Y (NAND2X1)                    1361008.000
                                                  206286576.000 f
  U2410/Y (NAND2X1)                    1171776.000
                                                  207458352.000 r
  U2418/Y (OR2X1)                      5169664.000
                                                  212628016.000 r
  U2419/Y (NAND2X1)                    1361008.000
                                                  213989024.000 f
  U2420/Y (NAND2X1)                    1171776.000
                                                  215160800.000 r
  U2428/Y (OR2X1)                      5169664.000
                                                  220330464.000 r
  U2429/Y (NAND2X1)                    1361008.000
                                                  221691472.000 f
  U2430/Y (NAND2X1)                    1171776.000
                                                  222863248.000 r
  U2436/Y (OR2X1)                      5169712.000
                                                  228032960.000 r
  U2437/Y (NAND2X1)                    1361008.000
                                                  229393968.000 f
  U2438/Y (NAND2X1)                    1165872.000
                                                  230559840.000 r
  U2439/Y (NAND2X1)                    2140032.000
                                                  232699872.000 f
  U2443/Y (OR2X1)                      2404224.000
                                                  235104096.000 f
  U2444/Y (NAND2X1)                    1166992.000
                                                  236271088.000 r
  U446/Y (AND2X1)                      2765792.000
                                                  239036880.000 r
  U447/Y (INVX1)                       896912.000 239933792.000 f
  U2454/Y (INVX1)                      395920.000 240329712.000 r
  U2455/Y (NAND2X1)                    1561840.000
                                                  241891552.000 f
  U2457/Y (NAND2X1)                    836800.000 242728352.000 r
  U2458/Y (NAND2X1)                    2157696.000
                                                  244886048.000 f
  out[0] (out)                            0.000   244886048.000 f
  data arrival time                               244886048.000

  clock clk (rise edge)                250000000.000
                                                  250000000.000
  clock network delay (ideal)             0.000   250000000.000
  output external delay                   0.000   250000000.000
  data required time                              250000000.000
  -----------------------------------------------------------
  data required time                              250000000.000
  data arrival time                               -244886048.000
  -----------------------------------------------------------
  slack (MET)                                     5113952.000


1
