 
****************************************
Report : area
Design : top
Version: S-2021.06-SP2
Date   : Tue Nov 29 16:38:39 2022
****************************************

Library(s) Used:

    PPDK_Standard_Library_1.0V_25C_TYP_X1 (File: /home/akokkinis/synLibs/egfet/db/EGFET_1.0V.db)

Number of ports:                           36
Number of nets:                          2425
Number of cells:                         2393
Number of combinational cells:           2393
Number of sequential cells:                 0
Number of macros/black boxes:               0
Number of buf/inv:                        589
Number of references:                       7

Combinational area:          823341516.000000
Buf/Inv area:                134539380.000000
Noncombinational area:               0.000000
Macro/Black Box area:                0.000000
Net Interconnect area:      undefined  (No wire load specified)

Total cell area:             823341516.000000
Total area:                 undefined

Hierarchical area distribution
------------------------------

                                  Global cell area                  Local cell area
                                  -----------------------  --------------------------------- 
Hierarchical cell                 Absolute        Percent  Combi-          Noncombi-  Black-
                                  Total           Total    national        national   boxes   Design
--------------------------------  --------------  -------  --------------  ---------  ------  ---------
top                               823341516.0000    100.0  823341516.0000     0.0000  0.0000  top
--------------------------------  --------------  -------  --------------  ---------  ------  ---------
Total                                                      823341516.0000     0.0000  0.0000

1
