****************************************
Report : timing
	-path_type full
	-delay_type max
	-max_paths 1
	-sort_by slack
Design : top
Version: S-2021.06-SP1
Date   : Fri Dec 16 16:00:47 2022
****************************************


  Startpoint: inp[1] (input port clocked by clk)
  Endpoint: out[0] (output port clocked by clk)
  Path Group: clk
  Path Type: max

  Point                                    Incr       Path
  ---------------------------------------------------------------
  clock clk (rise edge)                   0.000      0.000
  clock network delay (ideal)             0.000      0.000
  input external delay                    0.000      0.000 f
  inp[1] (in)                             0.000      0.000 f
  U1136/Y (INVX1)                      596672.000 596672.000 r
  U1707/Y (NAND2X1)                    1561696.000
                                                  2158368.000 f
  U1708/Y (NAND2X1)                    1637440.000
                                                  3795808.000 r
  U1008/Y (AND2X1)                     2934560.000
                                                  6730368.000 r
  U1009/Y (INVX1)                      783344.000 7513712.000 f
  U2039/Y (NAND2X1)                    1161984.000
                                                  8675696.000 r
  U2040/Y (NAND2X1)                    2186816.000
                                                  10862512.000 f
  U2042/Y (XOR2X1)                     3382512.000
                                                  14245024.000 f
  U2051/Y (XOR2X1)                     6276688.000
                                                  20521712.000 r
  U2054/Y (INVX1)                      1341024.000
                                                  21862736.000 f
  U2055/Y (XNOR2X1)                    7361520.000
                                                  29224256.000 f
  U2056/Y (INVX1)                      -1244032.000
                                                  27980224.000 r
  U2057/Y (OR2X1)                      1562704.000
                                                  29542928.000 r
  U2058/Y (NAND2X1)                    1711392.000
                                                  31254320.000 f
  U2059/Y (NAND2X1)                    1165760.000
                                                  32420080.000 r
  U2060/Y (NAND2X1)                    2132944.000
                                                  34553024.000 f
  U2066/Y (XOR2X1)                     6267152.000
                                                  40820176.000 r
  U774/Y (XNOR2X1)                     6630064.000
                                                  47450240.000 r
  U775/Y (INVX1)                       1048272.000
                                                  48498512.000 f
  U2078/Y (XOR2X1)                     5235840.000
                                                  53734352.000 r
  U891/Y (XNOR2X1)                     6630080.000
                                                  60364432.000 r
  U892/Y (INVX1)                       1043248.000
                                                  61407680.000 f
  U2088/Y (NAND2X1)                    818960.000 62226640.000 r
  U2151/Y (NAND2X1)                    1049632.000
                                                  63276272.000 f
  U2152/Y (NAND2X1)                    1171776.000
                                                  64448048.000 r
  U692/Y (OR2X1)                       5097184.000
                                                  69545232.000 r
  U2181/Y (NAND2X1)                    1724496.000
                                                  71269728.000 f
  U2182/Y (NAND2X1)                    1271136.000
                                                  72540864.000 r
  U2209/Y (NAND2X1)                    1071440.000
                                                  73612304.000 f
  U2210/Y (NAND2X1)                    1619680.000
                                                  75231984.000 r
  U2211/Y (INVX1)                      1237056.000
                                                  76469040.000 f
  U1054/Y (XNOR2X1)                    7121280.000
                                                  83590320.000 f
  U2212/Y (NAND2X1)                    1168176.000
                                                  84758496.000 r
  U2213/Y (NAND2X1)                    1056304.000
                                                  85814800.000 f
  U662/Y (AND2X1)                      2850496.000
                                                  88665296.000 f
  U663/Y (INVX1)                       -1255312.000
                                                  87409984.000 r
  U2235/Y (XOR2X1)                     5340096.000
                                                  92750080.000 f
  U2236/Y (NAND2X1)                    1171488.000
                                                  93921568.000 r
  U2238/Y (NAND2X1)                    1048928.000
                                                  94970496.000 f
  U2239/Y (NAND2X1)                    1165776.000
                                                  96136272.000 r
  U2240/Y (NAND2X1)                    2132768.000
                                                  98269040.000 f
  U2241/Y (NAND2X1)                    1165920.000
                                                  99434960.000 r
  U2242/Y (NAND2X1)                    2130640.000
                                                  101565600.000 f
  U2245/Y (XOR2X1)                     6268064.000
                                                  107833664.000 r
  U2247/Y (INVX1)                      1507504.000
                                                  109341168.000 f
  U2248/Y (XOR2X1)                     5943920.000
                                                  115285088.000 r
  U2273/Y (XOR2X1)                     5921712.000
                                                  121206800.000 f
  U2274/Y (INVX1)                      -2243240.000
                                                  118963560.000 r
  U2280/Y (XOR2X1)                     5458456.000
                                                  124422016.000 f
  U2281/Y (XOR2X1)                     6276632.000
                                                  130698648.000 r
  U2338/Y (INVX1)                      1398840.000
                                                  132097488.000 f
  U2396/Y (XOR2X1)                     5232080.000
                                                  137329568.000 r
  U2397/Y (XOR2X1)                     5417984.000
                                                  142747552.000 f
  U2402/Y (NAND2X1)                    1172256.000
                                                  143919808.000 r
  U2403/Y (NAND2X1)                    2054912.000
                                                  145974720.000 f
  U2409/Y (NAND2X1)                    836480.000 146811200.000 r
  U2412/Y (NAND2X1)                    1049712.000
                                                  147860912.000 f
  U2413/Y (NAND2X1)                    1165872.000
                                                  149026784.000 r
  U2414/Y (NAND2X1)                    2148592.000
                                                  151175376.000 f
  U2416/Y (NAND2X1)                    1318368.000
                                                  152493744.000 r
  U2687/Y (NAND2X1)                    1073488.000
                                                  153567232.000 f
  U2688/Y (NAND2X1)                    1625600.000
                                                  155192832.000 r
  U2689/Y (INVX1)                      1241456.000
                                                  156434288.000 f
  U2693/Y (NAND2X1)                    807248.000 157241536.000 r
  U2694/Y (NAND2X1)                    2147856.000
                                                  159389392.000 f
  U2697/Y (NAND2X1)                    836304.000 160225696.000 r
  U2698/Y (NAND2X1)                    2161344.000
                                                  162387040.000 f
  U2701/Y (NAND2X1)                    836864.000 163223904.000 r
  U2702/Y (NAND2X1)                    2142016.000
                                                  165365920.000 f
  U2705/Y (NAND2X1)                    836864.000 166202784.000 r
  U2706/Y (NAND2X1)                    2142016.000
                                                  168344800.000 f
  U2709/Y (NAND2X1)                    836864.000 169181664.000 r
  U2710/Y (NAND2X1)                    2141984.000
                                                  171323648.000 f
  U2713/Y (NAND2X1)                    836864.000 172160512.000 r
  U2714/Y (NAND2X1)                    2142016.000
                                                  174302528.000 f
  U2717/Y (NAND2X1)                    836864.000 175139392.000 r
  U2718/Y (NAND2X1)                    2133376.000
                                                  177272768.000 f
  U707/Y (NAND2X1)                     1268464.000
                                                  178541232.000 r
  U2722/Y (INVX1)                      1241728.000
                                                  179782960.000 f
  U3234/Y (NAND2X1)                    807664.000 180590624.000 r
  U3235/Y (NAND2X1)                    1459552.000
                                                  182050176.000 f
  U3251/Y (NAND2X1)                    1166400.000
                                                  183216576.000 r
  U3252/Y (NAND2X1)                    2140784.000
                                                  185357360.000 f
  U3253/Y (NAND2X1)                    1165872.000
                                                  186523232.000 r
  U3256/Y (NAND2X1)                    1048960.000
                                                  187572192.000 f
  U3257/Y (NAND2X1)                    1619216.000
                                                  189191408.000 r
  U3258/Y (INVX1)                      1237168.000
                                                  190428576.000 f
  U1058/Y (OR2X1)                      2431552.000
                                                  192860128.000 f
  U3268/Y (NAND2X1)                    845584.000 193705712.000 r
  U3271/Y (NAND2X1)                    1048608.000
                                                  194754320.000 f
  U3280/Y (NAND2X1)                    836304.000 195590624.000 r
  U3292/Y (NAND2X1)                    1048608.000
                                                  196639232.000 f
  U3307/Y (NAND2X1)                    836304.000 197475536.000 r
  U1043/Y (AND2X1)                     2145968.000
                                                  199621504.000 r
  U3570/Y (NAND2X1)                    2106000.000
                                                  201727504.000 f
  U3571/Y (NAND2X1)                    1165904.000
                                                  202893408.000 r
  U3572/Y (NOR2X1)                     959520.000 203852928.000 f
  U3573/Y (NAND2X1)                    824080.000 204677008.000 r
  U3574/Y (NAND2X1)                    2135872.000
                                                  206812880.000 f
  U3576/Y (NAND2X1)                    842000.000 207654880.000 r
  U3581/Y (NOR2X1)                     1183712.000
                                                  208838592.000 f
  U3582/Y (INVX1)                      -479840.000
                                                  208358752.000 r
  U3586/Y (NAND2X1)                    1008832.000
                                                  209367584.000 f
  U3587/Y (NAND2X1)                    835968.000 210203552.000 r
  U3591/Y (OR2X1)                      5171232.000
                                                  215374784.000 r
  U3595/Y (NAND2X1)                    1004960.000
                                                  216379744.000 f
  U3597/Y (NAND2X1)                    835328.000 217215072.000 r
  U3601/Y (OR2X1)                      5170512.000
                                                  222385584.000 r
  U3605/Y (NAND2X1)                    1004960.000
                                                  223390544.000 f
  U3607/Y (NAND2X1)                    835312.000 224225856.000 r
  U1082/Y (OR2X1)                      5170480.000
                                                  229396336.000 r
  U3615/Y (NAND2X1)                    1004960.000
                                                  230401296.000 f
  U3616/Y (NAND2X1)                    1624208.000
                                                  232025504.000 r
  U3618/Y (INVX1)                      1243296.000
                                                  233268800.000 f
  U3620/Y (NAND2X1)                    807232.000 234076032.000 r
  U3624/Y (NAND2X1)                    1052224.000
                                                  235128256.000 f
  U3625/Y (NAND2X1)                    842464.000 235970720.000 r
  U3626/Y (NAND2X1)                    2147280.000
                                                  238118000.000 f
  U3630/Y (NAND2X1)                    1268256.000
                                                  239386256.000 r
  U3631/Y (INVX1)                      1237168.000
                                                  240623424.000 f
  U1060/Y (OR2X1)                      2431552.000
                                                  243054976.000 f
  U3637/Y (NAND2X1)                    1277984.000
                                                  244332960.000 r
  U3638/Y (INVX1)                      1243280.000
                                                  245576240.000 f
  U3639/Y (NOR2X1)                     1070752.000
                                                  246646992.000 r
  U3650/Y (NAND2X1)                    1991520.000
                                                  248638512.000 f
  U3651/Y (NAND2X1)                    1159984.000
                                                  249798496.000 r
  out[0] (out)                            0.000   249798496.000 r
  data arrival time                               249798496.000

  clock clk (rise edge)                250000000.000
                                                  250000000.000
  clock network delay (ideal)             0.000   250000000.000
  clock reconvergence pessimism           0.000   250000000.000
  output external delay                   0.000   250000000.000
  data required time                              250000000.000
  ---------------------------------------------------------------
  data required time                              250000000.000
  data arrival time                               -249798496.000
  ---------------------------------------------------------------
  slack (MET)                                     201504.000


1
