 
****************************************
Report : area
Design : top
Version: S-2021.06-SP2
Date   : Fri Dec 16 16:00:42 2022
****************************************

Library(s) Used:

    PPDK_Standard_Library_0.8V_25C_TYP_X1 (File: /home/akokkinis/synLibs/egfet/db/EGFET_0.8V.db)

Number of ports:                           52
Number of nets:                          3163
Number of cells:                         3115
Number of combinational cells:           3115
Number of sequential cells:                 0
Number of macros/black boxes:               0
Number of buf/inv:                        657
Number of references:                       7

Combinational area:         1332439111.000000
Buf/Inv area:                150071940.000000
Noncombinational area:               0.000000
Macro/Black Box area:                0.000000
Net Interconnect area:      undefined  (No wire load specified)

Total cell area:            1332439111.000000
Total area:                 undefined
1
