 
****************************************
Report : timing
        -path full
        -delay max
        -max_paths 1
Design : top
Version: S-2021.06-SP2
Date   : Fri Dec 16 16:00:42 2022
****************************************

Operating Conditions: TT   Library: PPDK_Standard_Library_0.8V_25C_TYP_X1
Wire Load Model Mode: top

  Startpoint: inp[1] (input port clocked by clk)
  Endpoint: out[0] (output port clocked by clk)
  Path Group: clk
  Path Type: max

  Point                                    Incr       Path
  -----------------------------------------------------------
  clock clk (rise edge)                   0.000      0.000
  clock network delay (ideal)             0.000      0.000
  input external delay                    0.000      0.000 f
  inp[1] (in)                             0.000      0.000 f
  U1136/Y (INVX1)                      596674.812 596674.812 r
  U1707/Y (NAND2X1)                    1561701.250
                                                  2158376.000 f
  U1708/Y (NAND2X1)                    1637439.500
                                                  3795815.500 r
  U1008/Y (AND2X1)                     2934541.500
                                                  6730357.000 r
  U1009/Y (INVX1)                      783337.500 7513694.500 f
  U2039/Y (NAND2X1)                    1161987.500
                                                  8675682.000 r
  U2040/Y (NAND2X1)                    2186839.000
                                                  10862521.000 f
  U2042/Y (XOR2X1)                     3382477.000
                                                  14244998.000 f
  U2051/Y (XOR2X1)                     6276510.000
                                                  20521508.000 r
  U2054/Y (INVX1)                      1341028.000
                                                  21862536.000 f
  U2055/Y (XNOR2X1)                    7361516.000
                                                  29224052.000 f
  U2056/Y (INVX1)                      -1244048.000
                                                  27980004.000 r
  U2057/Y (OR2X1)                      1562704.000
                                                  29542708.000 r
  U2058/Y (NAND2X1)                    1711396.000
                                                  31254104.000 f
  U2059/Y (NAND2X1)                    1165764.000
                                                  32419868.000 r
  U2060/Y (NAND2X1)                    2132964.000
                                                  34552832.000 f
  U2066/Y (XOR2X1)                     6267136.000
                                                  40819968.000 r
  U774/Y (XNOR2X1)                     6629988.000
                                                  47449956.000 r
  U775/Y (INVX1)                       1048272.000
                                                  48498228.000 f
  U2078/Y (XOR2X1)                     5235848.000
                                                  53734076.000 r
  U891/Y (XNOR2X1)                     6629996.000
                                                  60364072.000 r
  U892/Y (INVX1)                       1043244.000
                                                  61407316.000 f
  U2088/Y (NAND2X1)                    818964.000 62226280.000 r
  U2151/Y (NAND2X1)                    1049644.000
                                                  63275924.000 f
  U2152/Y (NAND2X1)                    1171772.000
                                                  64447696.000 r
  U692/Y (OR2X1)                       5097200.000
                                                  69544896.000 r
  U2181/Y (NAND2X1)                    1724496.000
                                                  71269392.000 f
  U2182/Y (NAND2X1)                    1271160.000
                                                  72540552.000 r
  U2209/Y (NAND2X1)                    1071464.000
                                                  73612016.000 f
  U2210/Y (NAND2X1)                    1619672.000
                                                  75231688.000 r
  U2211/Y (INVX1)                      1237056.000
                                                  76468744.000 f
  U1054/Y (XNOR2X1)                    7121288.000
                                                  83590032.000 f
  U2212/Y (NAND2X1)                    1168176.000
                                                  84758208.000 r
  U2213/Y (NAND2X1)                    1056288.000
                                                  85814496.000 f
  U662/Y (AND2X1)                      2850512.000
                                                  88665008.000 f
  U663/Y (INVX1)                       -1255312.000
                                                  87409696.000 r
  U2235/Y (XOR2X1)                     5340088.000
                                                  92749784.000 f
  U2236/Y (NAND2X1)                    1171488.000
                                                  93921272.000 r
  U2238/Y (NAND2X1)                    1048912.000
                                                  94970184.000 f
  U2239/Y (NAND2X1)                    1165776.000
                                                  96135960.000 r
  U2240/Y (NAND2X1)                    2132792.000
                                                  98268752.000 f
  U2241/Y (NAND2X1)                    1165928.000
                                                  99434680.000 r
  U2242/Y (NAND2X1)                    2130672.000
                                                  101565352.000 f
  U2245/Y (XOR2X1)                     6267992.000
                                                  107833344.000 r
  U2247/Y (INVX1)                      1507488.000
                                                  109340832.000 f
  U2248/Y (XOR2X1)                     5943920.000
                                                  115284752.000 r
  U2273/Y (XOR2X1)                     5921744.000
                                                  121206496.000 f
  U2274/Y (INVX1)                      -2243288.000
                                                  118963208.000 r
  U2280/Y (XOR2X1)                     5458456.000
                                                  124421664.000 f
  U2281/Y (XOR2X1)                     6276464.000
                                                  130698128.000 r
  U2338/Y (INVX1)                      1398824.000
                                                  132096952.000 f
  U2396/Y (XOR2X1)                     5232072.000
                                                  137329024.000 r
  U2397/Y (XOR2X1)                     5417984.000
                                                  142747008.000 f
  U2402/Y (NAND2X1)                    1172256.000
                                                  143919264.000 r
  U2403/Y (NAND2X1)                    2054912.000
                                                  145974176.000 f
  U2409/Y (NAND2X1)                    836480.000 146810656.000 r
  U2412/Y (NAND2X1)                    1049744.000
                                                  147860400.000 f
  U2413/Y (NAND2X1)                    1165888.000
                                                  149026288.000 r
  U2414/Y (NAND2X1)                    2148592.000
                                                  151174880.000 f
  U2416/Y (NAND2X1)                    1318352.000
                                                  152493232.000 r
  U2687/Y (NAND2X1)                    1073504.000
                                                  153566736.000 f
  U2688/Y (NAND2X1)                    1625600.000
                                                  155192336.000 r
  U2689/Y (INVX1)                      1241472.000
                                                  156433808.000 f
  U2693/Y (NAND2X1)                    807248.000 157241056.000 r
  U2694/Y (NAND2X1)                    2147872.000
                                                  159388928.000 f
  U2697/Y (NAND2X1)                    836304.000 160225232.000 r
  U2698/Y (NAND2X1)                    2161328.000
                                                  162386560.000 f
  U2701/Y (NAND2X1)                    836864.000 163223424.000 r
  U2702/Y (NAND2X1)                    2142032.000
                                                  165365456.000 f
  U2705/Y (NAND2X1)                    836864.000 166202320.000 r
  U2706/Y (NAND2X1)                    2142032.000
                                                  168344352.000 f
  U2709/Y (NAND2X1)                    836864.000 169181216.000 r
  U2710/Y (NAND2X1)                    2142000.000
                                                  171323216.000 f
  U2713/Y (NAND2X1)                    836864.000 172160080.000 r
  U2714/Y (NAND2X1)                    2142032.000
                                                  174302112.000 f
  U2717/Y (NAND2X1)                    836864.000 175138976.000 r
  U2718/Y (NAND2X1)                    2133376.000
                                                  177272352.000 f
  U707/Y (NAND2X1)                     1268480.000
                                                  178540832.000 r
  U2722/Y (INVX1)                      1241728.000
                                                  179782560.000 f
  U3234/Y (NAND2X1)                    807680.000 180590240.000 r
  U3235/Y (NAND2X1)                    1459568.000
                                                  182049808.000 f
  U3251/Y (NAND2X1)                    1166416.000
                                                  183216224.000 r
  U3252/Y (NAND2X1)                    2140800.000
                                                  185357024.000 f
  U3253/Y (NAND2X1)                    1165872.000
                                                  186522896.000 r
  U3256/Y (NAND2X1)                    1048976.000
                                                  187571872.000 f
  U3257/Y (NAND2X1)                    1619216.000
                                                  189191088.000 r
  U3258/Y (INVX1)                      1237168.000
                                                  190428256.000 f
  U1058/Y (OR2X1)                      2431552.000
                                                  192859808.000 f
  U3268/Y (NAND2X1)                    845600.000 193705408.000 r
  U3271/Y (NAND2X1)                    1048608.000
                                                  194754016.000 f
  U3280/Y (NAND2X1)                    836304.000 195590320.000 r
  U3292/Y (NAND2X1)                    1048608.000
                                                  196638928.000 f
  U3307/Y (NAND2X1)                    836304.000 197475232.000 r
  U1043/Y (AND2X1)                     2146064.000
                                                  199621296.000 r
  U3570/Y (NAND2X1)                    2106032.000
                                                  201727328.000 f
  U3571/Y (NAND2X1)                    1165888.000
                                                  202893216.000 r
  U3572/Y (NOR2X1)                     959520.000 203852736.000 f
  U3573/Y (NAND2X1)                    824080.000 204676816.000 r
  U3574/Y (NAND2X1)                    2135872.000
                                                  206812688.000 f
  U3576/Y (NAND2X1)                    842000.000 207654688.000 r
  U3581/Y (NOR2X1)                     1183696.000
                                                  208838384.000 f
  U3582/Y (INVX1)                      -479856.000
                                                  208358528.000 r
  U3586/Y (NAND2X1)                    1008832.000
                                                  209367360.000 f
  U3587/Y (NAND2X1)                    835968.000 210203328.000 r
  U3591/Y (OR2X1)                      5171248.000
                                                  215374576.000 r
  U3595/Y (NAND2X1)                    1004960.000
                                                  216379536.000 f
  U3597/Y (NAND2X1)                    835328.000 217214864.000 r
  U3601/Y (OR2X1)                      5170528.000
                                                  222385392.000 r
  U3605/Y (NAND2X1)                    1004960.000
                                                  223390352.000 f
  U3607/Y (NAND2X1)                    835312.000 224225664.000 r
  U1082/Y (OR2X1)                      5170480.000
                                                  229396144.000 r
  U3615/Y (NAND2X1)                    1004960.000
                                                  230401104.000 f
  U3616/Y (NAND2X1)                    1624208.000
                                                  232025312.000 r
  U3618/Y (INVX1)                      1243296.000
                                                  233268608.000 f
  U3620/Y (NAND2X1)                    807232.000 234075840.000 r
  U3624/Y (NAND2X1)                    1052224.000
                                                  235128064.000 f
  U3625/Y (NAND2X1)                    842464.000 235970528.000 r
  U3626/Y (NAND2X1)                    2147296.000
                                                  238117824.000 f
  U3630/Y (NAND2X1)                    1268256.000
                                                  239386080.000 r
  U3631/Y (INVX1)                      1237168.000
                                                  240623248.000 f
  U1060/Y (OR2X1)                      2431552.000
                                                  243054800.000 f
  U3637/Y (NAND2X1)                    1277984.000
                                                  244332784.000 r
  U3638/Y (INVX1)                      1243280.000
                                                  245576064.000 f
  U3639/Y (NOR2X1)                     1070752.000
                                                  246646816.000 r
  U3650/Y (NAND2X1)                    1991536.000
                                                  248638352.000 f
  U3651/Y (NAND2X1)                    1159984.000
                                                  249798336.000 r
  out[0] (out)                            0.000   249798336.000 r
  data arrival time                               249798336.000

  clock clk (rise edge)                250000000.000
                                                  250000000.000
  clock network delay (ideal)             0.000   250000000.000
  output external delay                   0.000   250000000.000
  data required time                              250000000.000
  -----------------------------------------------------------
  data required time                              250000000.000
  data arrival time                               -249798336.000
  -----------------------------------------------------------
  slack (MET)                                     201664.000


1
