****************************************
Report : Averaged Power
Design : top
Version: S-2021.06-SP1
Date   : Wed Dec 14 22:44:16 2022
****************************************



  Attributes
  ----------
      i  -  Including register clock pin internal power
      u  -  User defined power group

                        Internal  Switching  Leakage    Total
Power Group             Power     Power      Power      Power   (     %)  Attrs
--------------------------------------------------------------------------------
clock_network              0.0000    0.0000    0.0000    0.0000 ( 0.00%)  i
register                   0.0000    0.0000    0.0000    0.0000 ( 0.00%)  
combinational           7.160e-04 4.418e-06    0.0112    0.0120 (100.00%) 
sequential                 0.0000    0.0000    0.0000    0.0000 ( 0.00%)  
memory                     0.0000    0.0000    0.0000    0.0000 ( 0.00%)  
io_pad                     0.0000    0.0000    0.0000    0.0000 ( 0.00%)  
black_box                  0.0000    0.0000    0.0000    0.0000 ( 0.00%)  

  Net Switching Power  = 4.418e-06   ( 0.04%)
  Cell Internal Power  = 7.160e-04   ( 5.99%)
  Cell Leakage Power   =    0.0112   (93.98%)
                         ---------
Total Power            =    0.0120  (100.00%)

1
