****************************************
Report : timing
	-path_type full
	-delay_type max
	-max_paths 1
	-sort_by slack
Design : top
Version: S-2021.06-SP1
Date   : Sun Dec 18 18:31:49 2022
****************************************


  Startpoint: inp[44] (input port clocked by clk)
  Endpoint: out[0] (output port clocked by clk)
  Path Group: clk
  Path Type: max

  Point                                    Incr       Path
  ---------------------------------------------------------------
  clock clk (rise edge)                   0.000      0.000
  clock network delay (ideal)             0.000      0.000
  input external delay                    0.000      0.000 f
  inp[44] (in)                            0.000      0.000 f
  U2638/Y (XOR2X1)                     5606288.000
                                                  5606288.000 r
  U2760/Y (XOR2X1)                     4769488.000
                                                  10375776.000 f
  U804/Y (AND2X1)                      2058528.000
                                                  12434304.000 f
  U805/Y (INVX1)                       -1285456.000
                                                  11148848.000 r
  U2762/Y (NAND2X1)                    803728.000 11952576.000 f
  U2866/Y (XOR2X1)                     5293328.000
                                                  17245904.000 r
  U514/Y (XNOR2X1)                     5491840.000
                                                  22737744.000 r
  U2904/Y (XOR2X1)                     4306256.000
                                                  27044000.000 f
  U2905/Y (XOR2X1)                     5104448.000
                                                  32148448.000 r
  U2914/Y (OR2X1)                      2369744.000
                                                  34518192.000 r
  U128/Y (AND2X1)                      1883648.000
                                                  36401840.000 r
  U129/Y (INVX1)                       715216.000 37117056.000 f
  U2918/Y (NAND2X1)                    930064.000 38047120.000 r
  U1135/Y (XOR2X1)                     4849600.000
                                                  42896720.000 f
  U1133/Y (XOR2X1)                     5106288.000
                                                  48003008.000 r
  U1132/Y (OR2X1)                      2311648.000
                                                  50314656.000 r
  U2991/Y (NAND2X1)                    799456.000 51114112.000 f
  U1066/Y (AND2X1)                     2048048.000
                                                  53162160.000 f
  U1107/Y (NAND2X1)                    859712.000 54021872.000 r
  U554/Y (AND2X1)                      1818752.000
                                                  55840624.000 r
  U555/Y (INVX1)                       715632.000 56556256.000 f
  U592/Y (AND2X1)                      2458080.000
                                                  59014336.000 f
  U593/Y (INVX1)                       -1150560.000
                                                  57863776.000 r
  U3002/Y (OR2X1)                      1651664.000
                                                  59515440.000 r
  U556/Y (AND2X1)                      1876176.000
                                                  61391616.000 r
  U557/Y (INVX1)                       715584.000 62107200.000 f
  U1070/Y (AND2X1)                     2037088.000
                                                  64144288.000 f
  U1071/Y (INVX1)                      -1269104.000
                                                  62875184.000 r
  U88/Y (AND2X1)                       2198704.000
                                                  65073888.000 r
  U89/Y (INVX1)                        707704.000 65781592.000 f
  U68/Y (NAND2X1)                      1297560.000
                                                  67079152.000 r
  U67/Y (NAND2X1)                      848936.000 67928088.000 f
  U594/Y (AND2X1)                      2044096.000
                                                  69972184.000 f
  U595/Y (INVX1)                       -1275096.000
                                                  68697088.000 r
  U3021/Y (OR2X1)                      1650840.000
                                                  70347928.000 r
  U3025/Y (NAND2X1)                    804824.000 71152752.000 f
  U1127/Y (NAND2X1)                    1348576.000
                                                  72501328.000 r
  U660/Y (AND2X1)                      1795704.000
                                                  74297032.000 r
  U661/Y (INVX1)                       707696.000 75004728.000 f
  U3031/Y (NAND2X1)                    1303544.000
                                                  76308272.000 r
  U3032/Y (OR2X1)                      2349464.000
                                                  78657736.000 r
  U3037/Y (NAND2X1)                    799200.000 79456936.000 f
  U1156/Y (NAND2X1)                    890936.000 80347872.000 r
  U509/Y (XNOR2X1)                     3815200.000
                                                  84163072.000 r
  U506/Y (AND2X1)                      1837136.000
                                                  86000208.000 r
  U507/Y (INVX1)                       710064.000 86710272.000 f
  U99/Y (NAND2X1)                      958416.000 87668688.000 r
  U109/Y (AND2X1)                      1839256.000
                                                  89507944.000 r
  U90/Y (AND2X1)                       2178512.000
                                                  91686456.000 r
  U91/Y (INVX1)                        714496.000 92400952.000 f
  U92/Y (AND2X1)                       2460904.000
                                                  94861856.000 f
  U100/Y (AND2X1)                      2051600.000
                                                  96913456.000 f
  U101/Y (INVX1)                       -1314840.000
                                                  95598616.000 r
  U704/Y (AND2X1)                      1881920.000
                                                  97480536.000 r
  U705/Y (INVX1)                       715864.000 98196400.000 f
  U668/Y (AND2X1)                      2037080.000
                                                  100233480.000 f
  U669/Y (INVX1)                       -1270176.000
                                                  98963304.000 r
  U886/Y (AND2X1)                      1880912.000
                                                  100844216.000 r
  U887/Y (INVX1)                       712672.000 101556888.000 f
  U4387/Y (NAND2X1)                    918864.000 102475752.000 r
  U4388/Y (NAND2X1)                    866520.000 103342272.000 f
  U4390/Y (NAND2X1)                    881176.000 104223448.000 r
  U706/Y (AND2X1)                      1798184.000
                                                  106021632.000 r
  U707/Y (INVX1)                       716120.000 106737752.000 f
  U1106/Y (NAND2X1)                    1297504.000
                                                  108035256.000 r
  U950/Y (AND2X1)                      1817928.000
                                                  109853184.000 r
  U951/Y (INVX1)                       712672.000 110565856.000 f
  U4394/Y (NAND2X1)                    918864.000 111484720.000 r
  U4395/Y (NAND2X1)                    866496.000 112351216.000 f
  U250/Y (AND2X1)                      2045536.000
                                                  114396752.000 f
  U251/Y (INVX1)                       -1448352.000
                                                  112948400.000 r
  U572/Y (AND2X1)                      1882000.000
                                                  114830400.000 r
  U573/Y (INVX1)                       715576.000 115545976.000 f
  U75/Y (NAND2X1)                      930048.000 116476024.000 r
  U1138/Y (NAND2X1)                    870064.000 117346088.000 f
  U4402/Y (NAND2X1)                    903696.000 118249784.000 r
  U105/Y (AND2X1)                      1794176.000
                                                  120043960.000 r
  U106/Y (INVX1)                       719184.000 120763144.000 f
  U132/Y (AND2X1)                      2034872.000
                                                  122798016.000 f
  U133/Y (INVX1)                       -1448032.000
                                                  121349984.000 r
  U4420/Y (NAND2X1)                    928768.000 122278752.000 f
  U512/Y (AND2X1)                      2439664.000
                                                  124718416.000 f
  U513/Y (INVX1)                       -1306280.000
                                                  123412136.000 r
  U4429/Y (NAND2X1)                    1218696.000
                                                  124630832.000 f
  U4430/Y (INVX1)                      -529464.000
                                                  124101368.000 r
  U1142/Y (NAND2X1)                    801560.000 124902928.000 f
  U1141/Y (NAND2X1)                    886144.000 125789072.000 r
  U1140/Y (NAND2X1)                    930880.000 126719952.000 f
  U122/Y (AND2X1)                      2045456.000
                                                  128765408.000 f
  U123/Y (INVX1)                       -1307456.000
                                                  127457952.000 r
  U130/Y (AND2X1)                      1881912.000
                                                  129339864.000 r
  U131/Y (INVX1)                       715232.000 130055096.000 f
  U76/Y (NAND2X1)                      930048.000 130985144.000 r
  U1143/Y (NAND2X1)                    863768.000 131848912.000 f
  U71/Y (NAND2X1)                      1357040.000
                                                  133205952.000 r
  U110/Y (AND2X1)                      1797920.000
                                                  135003872.000 r
  U111/Y (INVX1)                       717904.000 135721776.000 f
  U726/Y (AND2X1)                      2034880.000
                                                  137756656.000 f
  U727/Y (INVX1)                       -1453008.000
                                                  136303648.000 r
  U4459/Y (NAND2X1)                    930384.000 137234032.000 f
  U87/Y (XOR2X1)                       5293600.000
                                                  142527632.000 r
  U4682/Y (NAND2X1)                    848112.000 143375744.000 f
  U1152/Y (NAND2X1)                    886160.000 144261904.000 r
  U1151/Y (NAND2X1)                    848080.000 145109984.000 f
  U4685/Y (NAND2X1)                    1335872.000
                                                  146445856.000 r
  U599/Y (INVX1)                       1129600.000
                                                  147575456.000 f
  U4717/Y (NAND2X1)                    1304272.000
                                                  148879728.000 r
  U4718/Y (NAND2X1)                    850656.000 149730384.000 f
  U4719/Y (NAND2X1)                    881200.000 150611584.000 r
  U4721/Y (NAND2X1)                    848512.000 151460096.000 f
  U4722/Y (NOR2X1)                     1196832.000
                                                  152656928.000 r
  U4724/Y (NAND2X1)                    834560.000 153491488.000 f
  U4725/Y (NAND2X1)                    887072.000 154378560.000 r
  U551/Y (AND2X1)                      1818352.000
                                                  156196912.000 r
  U552/Y (INVX1)                       715536.000 156912448.000 f
  U73/Y (NAND2X1)                      918864.000 157831312.000 r
  U72/Y (NAND2X1)                      866000.000 158697312.000 f
  U1145/Y (NAND2X1)                    886272.000 159583584.000 r
  U4730/Y (NAND2X1)                    867584.000 160451168.000 f
  U1150/Y (OR2X1)                      2092512.000
                                                  162543680.000 f
  U1149/Y (NAND2X1)                    871952.000 163415632.000 r
  U1148/Y (NAND2X1)                    866000.000 164281632.000 f
  U1147/Y (NAND2X1)                    886144.000 165167776.000 r
  U114/Y (AND2X1)                      1807824.000
                                                  166975600.000 r
  U115/Y (INVX1)                       712016.000 167687616.000 f
  U86/Y (NAND2X1)                      1285632.000
                                                  168973248.000 r
  U666/Y (AND2X1)                      2169424.000
                                                  171142672.000 r
  U667/Y (INVX1)                       721280.000 171863952.000 f
  U1119/Y (OR2X1)                      2115312.000
                                                  173979264.000 f
  U553/Y (AND2X1)                      1853600.000
                                                  175832864.000 f
  U119/Y (OR2X1)                       2074432.000
                                                  177907296.000 f
  U4750/Y (NAND2X1)                    872000.000 178779296.000 r
  U4751/Y (NAND2X1)                    1154688.000
                                                  179933984.000 f
  U77/Y (NAND2X1)                      885232.000 180819216.000 r
  U4757/Y (NAND2X1)                    870160.000 181689376.000 f
  U4761/Y (NAND2X1)                    887984.000 182577360.000 r
  U1161/Y (NAND2X1)                    865968.000 183443328.000 f
  U728/Y (AND2X1)                      2044144.000
                                                  185487472.000 f
  U729/Y (INVX1)                       -1525088.000
                                                  183962384.000 r
  U1160/Y (NAND2X1)                    800368.000 184762752.000 f
  U107/Y (AND2X1)                      2045984.000
                                                  186808736.000 f
  U108/Y (INVX1)                       -1278896.000
                                                  185529840.000 r
  U4769/Y (OR2X1)                      1639856.000
                                                  187169696.000 r
  U120/Y (AND2X1)                      1876048.000
                                                  189045744.000 r
  U121/Y (INVX1)                       718144.000 189763888.000 f
  U1123/Y (NAND2X1)                    1362928.000
                                                  191126816.000 r
  U956/Y (AND2X1)                      1785584.000
                                                  192912400.000 r
  U957/Y (INVX1)                       720480.000 193632880.000 f
  U97/Y (NAND2X1)                      1357296.000
                                                  194990176.000 r
  U98/Y (INVX1)                        1116256.000
                                                  196106432.000 f
  U96/Y (NAND2X1)                      1290208.000
                                                  197396640.000 r
  U104/Y (AND2X1)                      913248.000 198309888.000 r
  U102/Y (NOR2X1)                       128.000   198310016.000 f
  U116/Y (NOR2X1)                      1192064.000
                                                  199502080.000 r
  U4800/Y (NOR2X1)                     88576.000  199590656.000 f
  out[0] (out)                            0.000   199590656.000 f
  data arrival time                               199590656.000

  clock clk (rise edge)                200000000.000
                                                  200000000.000
  clock network delay (ideal)             0.000   200000000.000
  clock reconvergence pessimism           0.000   200000000.000
  output external delay                   0.000   200000000.000
  data required time                              200000000.000
  ---------------------------------------------------------------
  data required time                              200000000.000
  data arrival time                               -199590656.000
  ---------------------------------------------------------------
  slack (MET)                                     409344.000


1
