 
****************************************
Report : timing
        -path full
        -delay max
        -max_paths 1
Design : top
Version: S-2021.06-SP2
Date   : Tue Nov 29 14:09:36 2022
****************************************

Operating Conditions: TT   Library: PPDK_Standard_Library_1.0V_25C_TYP_X1
Wire Load Model Mode: top

  Startpoint: inp[6] (input port clocked by clk)
  Endpoint: out[0] (output port clocked by clk)
  Path Group: clk
  Path Type: max

  Point                                    Incr       Path
  -----------------------------------------------------------
  clock clk (rise edge)                   0.000      0.000
  clock network delay (ideal)             0.000      0.000
  input external delay                    0.000      0.000 r
  inp[6] (in)                             0.000      0.000 r
  U782/Y (AND2X1)                      2212697.500
                                                  2212697.500 r
  U1007/Y (NAND2X1)                    835826.000 3048523.500 f
  U1008/Y (NAND2X1)                    1375213.500
                                                  4423737.000 r
  U403/Y (AND2X1)                      1799594.000
                                                  6223331.000 r
  U404/Y (INVX1)                       733119.000 6956450.000 f
  U1013/Y (INVX1)                      445809.000 7402259.000 r
  U1014/Y (NAND2X1)                    1053947.000
                                                  8456206.000 f
  U1093/Y (NAND2X1)                    1752613.000
                                                  10208819.000 r
  U1095/Y (INVX1)                      1116159.000
                                                  11324978.000 f
  U1096/Y (NAND2X1)                    919352.000 12244330.000 r
  U1097/Y (NAND2X1)                    1128405.000
                                                  13372735.000 f
  U1098/Y (OR2X1)                      2092049.000
                                                  15464784.000 f
  U1123/Y (NAND2X1)                    877864.000 16342648.000 r
  U1124/Y (XOR2X1)                     4261752.000
                                                  20604400.000 f
  U1130/Y (NAND2X1)                    1749496.000
                                                  22353896.000 r
  U587/Y (INVX1)                       980160.000 23334056.000 f
  U588/Y (INVX1)                       445338.000 23779394.000 r
  U1131/Y (NAND2X1)                    1053898.000
                                                  24833292.000 f
  U1142/Y (XOR2X1)                     5244760.000
                                                  30078052.000 r
  U591/Y (AND2X1)                      2174556.000
                                                  32252608.000 r
  U592/Y (INVX1)                       715792.000 32968400.000 f
  U1160/Y (NAND2X1)                    1285760.000
                                                  34254160.000 r
  U1161/Y (NAND2X1)                    1127780.000
                                                  35381940.000 f
  U1164/Y (OR2X1)                      2092088.000
                                                  37474028.000 f
  U263/Y (AND2X1)                      2435024.000
                                                  39909052.000 f
  U264/Y (INVX1)                       -1336256.000
                                                  38572796.000 r
  U395/Y (AND2X1)                      1881928.000
                                                  40454724.000 r
  U396/Y (INVX1)                       736100.000 41190824.000 f
  U1170/Y (INVX1)                      437496.000 41628320.000 r
  U1171/Y (NAND2X1)                    1051212.000
                                                  42679532.000 f
  U1172/Y (NAND2X1)                    1752612.000
                                                  44432144.000 r
  U1173/Y (INVX1)                      1116456.000
                                                  45548600.000 f
  U1174/Y (NAND2X1)                    919344.000 46467944.000 r
  U1175/Y (NAND2X1)                    865140.000 47333084.000 f
  U1177/Y (NAND2X1)                    1339428.000
                                                  48672512.000 r
  U515/Y (INVX1)                       1105356.000
                                                  49777868.000 f
  U516/Y (INVX1)                       464384.000 50242252.000 r
  U1180/Y (NOR2X1)                     524064.000 50766316.000 f
  U1182/Y (NAND2X1)                    1338728.000
                                                  52105044.000 r
  U487/Y (INVX1)                       1114656.000
                                                  53219700.000 f
  U488/Y (INVX1)                       457216.000 53676916.000 r
  U563/Y (AND2X1)                      1908756.000
                                                  55585672.000 r
  U564/Y (INVX1)                       745444.000 56331116.000 f
  U1866/Y (NAND2X1)                    1293160.000
                                                  57624276.000 r
  U1867/Y (NAND2X1)                    1127328.000
                                                  58751604.000 f
  U1868/Y (NAND2X1)                    1752600.000
                                                  60504204.000 r
  U1871/Y (NAND2X1)                    1153552.000
                                                  61657756.000 f
  U1872/Y (NAND2X1)                    1399612.000
                                                  63057368.000 r
  U1873/Y (NAND2X1)                    1157996.000
                                                  64215364.000 f
  U749/Y (XNOR2X1)                     5988220.000
                                                  70203584.000 f
  U347/Y (AND2X1)                      2427168.000
                                                  72630752.000 f
  U348/Y (INVX1)                       -1374112.000
                                                  71256640.000 r
  U1889/Y (NAND2X1)                    1052576.000
                                                  72309216.000 f
  U1890/Y (XOR2X1)                     5245160.000
                                                  77554376.000 r
  U261/Y (AND2X1)                      1818248.000
                                                  79372624.000 r
  U262/Y (INVX1)                       707152.000 80079776.000 f
  U1914/Y (NAND2X1)                    1291608.000
                                                  81371384.000 r
  U1917/Y (OR2X1)                      2330224.000
                                                  83701608.000 r
  U2025/Y (NAND2X1)                    801312.000 84502920.000 f
  U2026/Y (XOR2X1)                     5353744.000
                                                  89856664.000 r
  U685/Y (AND2X1)                      1781848.000
                                                  91638512.000 r
  U686/Y (INVX1)                       707368.000 92345880.000 f
  U2027/Y (NAND2X1)                    1291616.000
                                                  93637496.000 r
  U2028/Y (OR2X1)                      2340080.000
                                                  95977576.000 r
  U695/Y (AND2X1)                      2199728.000
                                                  98177304.000 r
  U696/Y (INVX1)                       707368.000 98884672.000 f
  U2030/Y (NAND2X1)                    918856.000 99803528.000 r
  U2031/Y (NAND2X1)                    866008.000 100669536.000 f
  U2033/Y (NAND2X1)                    886176.000 101555712.000 r
  U2034/Y (NAND2X1)                    1161248.000
                                                  102716960.000 f
  U2038/Y (OR2X1)                      2087464.000
                                                  104804424.000 f
  U543/Y (NAND2X1)                     1769208.000
                                                  106573632.000 r
  U527/Y (INVX1)                       1072280.000
                                                  107645912.000 f
  U528/Y (INVX1)                       976568.000 108622480.000 r
  U820/Y (INVX1)                       651296.000 109273776.000 f
  U2203/Y (NAND2X1)                    1286672.000
                                                  110560448.000 r
  U2204/Y (NAND2X1)                    1229176.000
                                                  111789624.000 f
  U387/Y (INVX1)                       226392.000 112016016.000 r
  U388/Y (INVX1)                       646696.000 112662712.000 f
  U2205/Y (NOR2X1)                     1157696.000
                                                  113820408.000 r
  U2207/Y (NOR2X1)                     151336.000 113971744.000 f
  U2211/Y (NAND2X1)                    883064.000 114854808.000 r
  U2213/Y (NAND2X1)                    867672.000 115722480.000 f
  U2218/Y (OR2X1)                      2088976.000
                                                  117811456.000 f
  U287/Y (AND2X1)                      2434368.000
                                                  120245824.000 f
  U288/Y (INVX1)                       -1327720.000
                                                  118918104.000 r
  U2219/Y (OR2X1)                      1639520.000
                                                  120557624.000 r
  U2221/Y (NAND2X1)                    804912.000 121362536.000 f
  U2223/Y (NAND2X1)                    888960.000 122251496.000 r
  U2227/Y (OR2X1)                      2561600.000
                                                  124813096.000 r
  U2230/Y (NAND2X1)                    804768.000 125617864.000 f
  U2232/Y (NAND2X1)                    1343768.000
                                                  126961632.000 r
  U2233/Y (INVX1)                      1116224.000
                                                  128077856.000 f
  U2234/Y (NAND2X1)                    1284232.000
                                                  129362088.000 r
  U2237/Y (NAND2X1)                    848064.000 130210152.000 f
  U2239/Y (NAND2X1)                    885504.000 131095656.000 r
  U2243/Y (OR2X1)                      2581912.000
                                                  133677568.000 r
  U2244/Y (NAND2X1)                    1218384.000
                                                  134895952.000 f
  U535/Y (INVX1)                       233936.000 135129888.000 r
  U536/Y (INVX1)                       666576.000 135796464.000 f
  U2245/Y (INVX1)                      474320.000 136270784.000 r
  U2583/Y (NAND2X1)                    1054720.000
                                                  137325504.000 f
  U2586/Y (NAND2X1)                    1339408.000
                                                  138664912.000 r
  U369/Y (INVX1)                       1123456.000
                                                  139788368.000 f
  U370/Y (INVX1)                       450288.000 140238656.000 r
  U2587/Y (NOR2X1)                     533952.000 140772608.000 f
  U2591/Y (NOR2X1)                     1190192.000
                                                  141962800.000 r
  U2595/Y (NAND2X1)                    834560.000 142797360.000 f
  U2597/Y (NAND2X1)                    885280.000 143682640.000 r
  U2598/Y (OR2X1)                      2582208.000
                                                  146264848.000 r
  U2602/Y (NAND2X1)                    804768.000 147069616.000 f
  U2604/Y (NAND2X1)                    885440.000 147955056.000 r
  U2609/Y (OR2X1)                      2606448.000
                                                  150561504.000 r
  U2613/Y (NAND2X1)                    804768.000 151366272.000 f
  U2615/Y (NAND2X1)                    885456.000 152251728.000 r
  U2616/Y (OR2X1)                      2562144.000
                                                  154813872.000 r
  U2620/Y (NAND2X1)                    804768.000 155618640.000 f
  U2622/Y (NAND2X1)                    1341872.000
                                                  156960512.000 r
  U2623/Y (INVX1)                      1096576.000
                                                  158057088.000 f
  U2624/Y (NAND2X1)                    919312.000 158976400.000 r
  U2628/Y (NAND2X1)                    848096.000 159824496.000 f
  U2630/Y (NAND2X1)                    885200.000 160709696.000 r
  U2631/Y (OR2X1)                      2605824.000
                                                  163315520.000 r
  U2633/Y (NAND2X1)                    804864.000 164120384.000 f
  U573/Y (AND2X1)                      2045136.000
                                                  166165520.000 f
  U507/Y (INVX1)                       -319856.000
                                                  165845664.000 r
  U833/Y (INVX1)                       667904.000 166513568.000 f
  U2666/Y (NAND2X1)                    1297424.000
                                                  167810992.000 r
  U2668/Y (NAND2X1)                    850208.000 168661200.000 f
  U2670/Y (NAND2X1)                    879280.000 169540480.000 r
  U2671/Y (NOR2X1)                     -273728.000
                                                  169266752.000 f
  U2674/Y (OR2X1)                      2088656.000
                                                  171355408.000 f
  U2679/Y (NAND2X1)                    872144.000 172227552.000 r
  U2681/Y (NAND2X1)                    866000.000 173093552.000 f
  U2682/Y (NAND2X1)                    1400112.000
                                                  174493664.000 r
  U2684/Y (NAND2X1)                    866864.000 175360528.000 f
  U2685/Y (NAND2X1)                    1400080.000
                                                  176760608.000 r
  U2687/Y (NAND2X1)                    866864.000 177627472.000 f
  U2688/Y (NAND2X1)                    1400080.000
                                                  179027552.000 r
  U2690/Y (NAND2X1)                    866864.000 179894416.000 f
  U2691/Y (NAND2X1)                    1400080.000
                                                  181294496.000 r
  U2692/Y (NAND2X1)                    1157120.000
                                                  182451616.000 f
  U2694/Y (NOR2X1)                     1196928.000
                                                  183648544.000 r
  U2695/Y (NOR2X1)                     98912.000  183747456.000 f
  U2696/Y (NAND2X1)                    885360.000 184632816.000 r
  U811/Y (AND2X1)                      1809744.000
                                                  186442560.000 r
  U349/Y (AND2X1)                      2181024.000
                                                  188623584.000 r
  U350/Y (INVX1)                       713456.000 189337040.000 f
  U2703/Y (NAND2X1)                    918864.000 190255904.000 r
  U2708/Y (NAND2X1)                    864352.000 191120256.000 f
  out[0] (out)                            0.000   191120256.000 f
  data arrival time                               191120256.000

  clock clk (rise edge)                250000000.000
                                                  250000000.000
  clock network delay (ideal)             0.000   250000000.000
  output external delay                   0.000   250000000.000
  data required time                              250000000.000
  -----------------------------------------------------------
  data required time                              250000000.000
  data arrival time                               -191120256.000
  -----------------------------------------------------------
  slack (MET)                                     58879744.000


1
