Information: Updating design information... (UID-85)
 
****************************************
Report : qor
Design : top
Version: S-2021.06-SP2
Date   : Tue Nov 29 14:09:35 2022
****************************************


  Timing Path Group 'clk'
  -----------------------------------
  Levels of Logic:             150.00
  Critical Path Length:  191120256.00
  Critical Path Slack:    58879744.00
  Critical Path Clk Period:
                         250000000.00
  Total Negative Slack:          0.00
  No. of Violating Paths:        0.00
  Worst Hold Violation:          0.00
  Total Hold Violation:          0.00
  No. of Hold Violations:        0.00
  -----------------------------------


  Cell Count
  -----------------------------------
  Hierarchical Cell Count:          0
  Hierarchical Port Count:          0
  Leaf Cell Count:               2476
  Buf/Inv Cell Count:             609
  Buf Cell Count:                   0
  Inv Cell Count:                 609
  CT Buf/Inv Cell Count:            0
  Combinational Cell Count:      2476
  Sequential Cell Count:            0
  Macro Count:                      0
  -----------------------------------


  Area
  -----------------------------------
  Combinational Area:
                     856466904.000000
  Noncombinational Area:     0.000000
  Buf/Inv Area:      139107780.000000
  Total Buffer Area:             0.00
  Total Inverter Area:   139107780.00
  Macro/Black Box Area:      0.000000
  Net Area:                  0.000000
  -----------------------------------
  Cell Area:         856466904.000000
  Design Area:       856466904.000000


  Design Rules
  -----------------------------------
  Total Number of Nets:          2508
  Nets With Violations:          2476
  Max Trans Violations:          2476
  Max Cap Violations:               0
  -----------------------------------


  Hostname: leoforos

  Compile CPU Statistics
  -----------------------------------------
  Resource Sharing:                    1.09
  Logic Optimization:                  0.14
  Mapping Optimization:                2.24
  -----------------------------------------
  Overall Compile Time:               14.70
  Overall Compile Wall Clock Time:    15.04

  --------------------------------------------------------------------

  Design  WNS: 0.00  TNS: 0.00  Number of Violating Paths: 0


  Design (Hold)  WNS: 0.00  TNS: 0.00  Number of Violating Paths: 0

  --------------------------------------------------------------------


1
