Information: Updating design information... (UID-85)
 
****************************************
Report : qor
Design : top
Version: S-2021.06-SP2
Date   : Wed Dec 14 22:53:06 2022
****************************************


  Timing Path Group 'clk'
  -----------------------------------
  Levels of Logic:             111.00
  Critical Path Length:  145463520.00
  Critical Path Slack:    54536480.00
  Critical Path Clk Period:
                         200000000.00
  Total Negative Slack:          0.00
  No. of Violating Paths:        0.00
  Worst Hold Violation:          0.00
  Total Hold Violation:          0.00
  No. of Hold Violations:        0.00
  -----------------------------------


  Cell Count
  -----------------------------------
  Hierarchical Cell Count:          0
  Hierarchical Port Count:          0
  Leaf Cell Count:                836
  Buf/Inv Cell Count:             329
  Buf Cell Count:                   0
  Inv Cell Count:                 329
  CT Buf/Inv Cell Count:            0
  Combinational Cell Count:       836
  Sequential Cell Count:            0
  Macro Count:                      0
  -----------------------------------


  Area
  -----------------------------------
  Combinational Area:
                     313261855.000000
  Noncombinational Area:     0.000000
  Buf/Inv Area:       75150180.000000
  Total Buffer Area:             0.00
  Total Inverter Area:    75150180.00
  Macro/Black Box Area:      0.000000
  Net Area:                  0.000000
  -----------------------------------
  Cell Area:         313261855.000000
  Design Area:       313261855.000000


  Design Rules
  -----------------------------------
  Total Number of Nets:           864
  Nets With Violations:           835
  Max Trans Violations:           835
  Max Cap Violations:               0
  -----------------------------------


  Hostname: leoforos

  Compile CPU Statistics
  -----------------------------------------
  Resource Sharing:                    0.54
  Logic Optimization:                  0.07
  Mapping Optimization:                1.16
  -----------------------------------------
  Overall Compile Time:                4.30
  Overall Compile Wall Clock Time:     4.65

  --------------------------------------------------------------------

  Design  WNS: 0.00  TNS: 0.00  Number of Violating Paths: 0


  Design (Hold)  WNS: 0.00  TNS: 0.00  Number of Violating Paths: 0

  --------------------------------------------------------------------


1
