****************************************
Report : timing
	-path_type full
	-delay_type max
	-max_paths 1
	-sort_by slack
Design : top
Version: S-2021.06-SP1
Date   : Tue Nov 29 16:28:20 2022
****************************************


  Startpoint: inp[13] (input port clocked by clk)
  Endpoint: out[0] (output port clocked by clk)
  Path Group: clk
  Path Type: max

  Point                                    Incr       Path
  ---------------------------------------------------------------
  clock clk (rise edge)                   0.000      0.000
  clock network delay (ideal)             0.000      0.000
  input external delay                    0.000      0.000 f
  inp[13] (in)                            0.000      0.000 f
  U1892/Y (INVX1)                      588928.000 588928.000 r
  U1893/Y (XOR2X1)                     4512976.000
                                                  5101904.000 f
  U1895/Y (NAND2X1)                    1324336.000
                                                  6426240.000 r
  U1896/Y (INVX1)                      1047856.000
                                                  7474096.000 f
  U1898/Y (NOR2X1)                     1168960.000
                                                  8643056.000 r
  U1900/Y (XOR2X1)                     4684816.000
                                                  13327872.000 f
  U2096/Y (XOR2X1)                     5739712.000
                                                  19067584.000 r
  U787/Y (XNOR2X1)                     6302720.000
                                                  25370304.000 r
  U788/Y (INVX1)                       990016.000 26360320.000 f
  U450/Y (XNOR2X1)                     6580656.000
                                                  32940976.000 f
  U451/Y (INVX1)                       -1193024.000
                                                  31747952.000 r
  U829/Y (XNOR2X1)                     5942672.000
                                                  37690624.000 r
  U830/Y (INVX1)                       942688.000 38633312.000 f
  U2209/Y (AND2X1)                     2238224.000
                                                  40871536.000 f
  U2210/Y (NOR2X1)                     1632160.000
                                                  42503696.000 r
  U2211/Y (INVX1)                      1002752.000
                                                  43506448.000 f
  U2216/Y (XOR2X1)                     2905136.000
                                                  46411584.000 f
  U2219/Y (NOR2X1)                     1642656.000
                                                  48054240.000 r
  U2220/Y (INVX1)                      1007152.000
                                                  49061392.000 f
  U2248/Y (AND2X1)                     1864848.000
                                                  50926240.000 f
  U2249/Y (NOR2X1)                     1643200.000
                                                  52569440.000 r
  U2250/Y (INVX1)                      1011472.000
                                                  53580912.000 f
  U2251/Y (NAND2X1)                    919232.000 54500144.000 r
  U2252/Y (NAND2X1)                    1164528.000
                                                  55664672.000 f
  U2253/Y (AND2X1)                     1853328.000
                                                  57518000.000 f
  U2254/Y (NOR2X1)                     1219264.000
                                                  58737264.000 r
  U2255/Y (XOR2X1)                     2846944.000
                                                  61584208.000 r
  U2256/Y (INVX1)                      1249248.000
                                                  62833456.000 f
  U2267/Y (NAND2X1)                    919504.000 63752960.000 r
  U2277/Y (NAND2X1)                    873168.000 64626128.000 f
  U664/Y (NAND2X1)                     1356880.000
                                                  65983008.000 r
  U615/Y (INVX1)                       1113648.000
                                                  67096656.000 f
  U616/Y (INVX1)                       1069248.000
                                                  68165904.000 r
  U4047/Y (INVX1)                      720176.000 68886080.000 f
  U4048/Y (NOR2X1)                     1627792.000
                                                  70513872.000 r
  U4049/Y (INVX1)                      1007072.000
                                                  71520944.000 f
  U5016/Y (NAND2X1)                    1302512.000
                                                  72823456.000 r
  U5083/Y (XOR2X1)                     4333024.000
                                                  77156480.000 f
  U5084/Y (XOR2X1)                     5742400.000
                                                  82898880.000 r
  U767/Y (NAND2X1)                     929216.000 83828096.000 f
  U1164/Y (INVX1)                      -547696.000
                                                  83280400.000 r
  U659/Y (OR2X1)                       1642816.000
                                                  84923216.000 r
  U438/Y (XNOR2X1)                     5820968.000
                                                  90744184.000 r
  U439/Y (INVX1)                       832280.000 91576464.000 f
  U683/Y (XNOR2X1)                     6394168.000
                                                  97970632.000 f
  U5136/Y (XOR2X1)                     5399432.000
                                                  103370064.000 r
  U1036/Y (XNOR2X1)                    5501424.000
                                                  108871488.000 r
  U1037/Y (INVX1)                      946968.000 109818456.000 f
  U5239/Y (NOR2X1)                     1157296.000
                                                  110975752.000 r
  U5240/Y (NOR2X1)                     1019912.000
                                                  111995664.000 f
  U5241/Y (INVX1)                      -293272.000
                                                  111702392.000 r
  U5242/Y (NAND2X1)                    800944.000 112503336.000 f
  U5248/Y (NAND2X1)                    886160.000 113389496.000 r
  U5250/Y (NAND2X1)                    865048.000 114254544.000 f
  U5251/Y (NOR2X1)                     1629440.000
                                                  115883984.000 r
  U843/Y (INVX1)                       1018584.000
                                                  116902568.000 f
  U5322/Y (NOR2X1)                     1161936.000
                                                  118064504.000 r
  U5324/Y (OR2X1)                      1644392.000
                                                  119708896.000 r
  U5325/Y (INVX1)                      713072.000 120421968.000 f
  U5326/Y (XOR2X1)                     5933920.000
                                                  126355888.000 r
  U848/Y (INVX1)                       1241384.000
                                                  127597272.000 f
  U847/Y (NOR2X1)                      1156896.000
                                                  128754168.000 r
  U5328/Y (OR2X1)                      2104584.000
                                                  130858752.000 r
  U5338/Y (NAND2X1)                    801896.000 131660648.000 f
  U5339/Y (NAND2X1)                    892616.000 132553264.000 r
  U5349/Y (AND2X1)                     728584.000 133281848.000 r
  U5351/Y (NOR2X1)                     1107416.000
                                                  134389264.000 f
  U945/Y (XOR2X1)                      5337376.000
                                                  139726640.000 r
  U946/Y (INVX1)                       1244640.000
                                                  140971280.000 f
  U5416/Y (XOR2X1)                     5591920.000
                                                  146563200.000 r
  U5424/Y (XOR2X1)                     4332672.000
                                                  150895872.000 f
  U1446/Y (OR2X1)                      2058144.000
                                                  152954016.000 f
  U5515/Y (NAND2X1)                    1419888.000
                                                  154373904.000 r
  U5516/Y (NOR2X1)                     -375360.000
                                                  153998544.000 f
  U5517/Y (NAND2X1)                    1399408.000
                                                  155397952.000 r
  U5519/Y (NAND2X1)                    866720.000 156264672.000 f
  U5520/Y (NOR2X1)                     1197376.000
                                                  157462048.000 r
  U5521/Y (NOR2X1)                     1017120.000
                                                  158479168.000 f
  U5522/Y (INVX1)                      -293152.000
                                                  158186016.000 r
  U5524/Y (NAND2X1)                    800944.000 158986960.000 f
  U5527/Y (AND2X1)                     1854000.000
                                                  160840960.000 f
  U156/Y (NOR2X1)                      1783168.000
                                                  162624128.000 r
  U5540/Y (INVX1)                      1101552.000
                                                  163725680.000 f
  U5776/Y (AND2X1)                     1864528.000
                                                  165590208.000 f
  U155/Y (NOR2X1)                      1648736.000
                                                  167238944.000 r
  U309/Y (XNOR2X1)                     6394960.000
                                                  173633904.000 r
  U310/Y (INVX1)                       820656.000 174454560.000 f
  U5795/Y (XOR2X1)                     4914224.000
                                                  179368784.000 r
  U5797/Y (NOR2X1)                     1064624.000
                                                  180433408.000 f
  U5798/Y (INVX1)                      -298880.000
                                                  180134528.000 r
  U5810/Y (NAND2X1)                    800944.000 180935472.000 f
  U5811/Y (NAND2X1)                    1748096.000
                                                  182683568.000 r
  U5812/Y (INVX1)                      1096960.000
                                                  183780528.000 f
  U5813/Y (NOR2X1)                     1621552.000
                                                  185402080.000 r
  U5814/Y (INVX1)                      1002496.000
                                                  186404576.000 f
  U5815/Y (NAND2X1)                    919200.000 187323776.000 r
  U5818/Y (AND2X1)                     780448.000 188104224.000 r
  U5819/Y (NOR2X1)                     -111408.000
                                                  187992816.000 f
  U638/Y (OR2X1)                       2090112.000
                                                  190082928.000 f
  U157/Y (NAND2X1)                     872080.000 190955008.000 r
  U1304/Y (NAND2X1)                    867120.000 191822128.000 f
  U654/Y (NAND2X1)                     1339520.000
                                                  193161648.000 r
  U844/Y (INVX1)                       1107264.000
                                                  194268912.000 f
  U6477/Y (AND2X1)                     1868928.000
                                                  196137840.000 f
  U1320/Y (NAND2X1)                    861728.000 196999568.000 r
  U1319/Y (NAND2X1)                    888192.000 197887760.000 f
  U1318/Y (XOR2X1)                     3046896.000
                                                  200934656.000 f
  U6501/Y (XOR2X1)                     5737472.000
                                                  206672128.000 r
  U6505/Y (NOR2X1)                     -52544.000 206619584.000 f
  U6506/Y (NOR2X1)                     1628480.000
                                                  208248064.000 r
  U6507/Y (INVX1)                      1000576.000
                                                  209248640.000 f
  U6509/Y (NAND2X1)                    919216.000 210167856.000 r
  U1300/Y (NAND2X1)                    1151120.000
                                                  211318976.000 f
  U1299/Y (AND2X1)                     1853536.000
                                                  213172512.000 f
  U1298/Y (NOR2X1)                     1213568.000
                                                  214386080.000 r
  U1297/Y (NOR2X1)                     74432.000  214460512.000 f
  U6514/Y (NOR2X1)                     1629040.000
                                                  216089552.000 r
  U6515/Y (INVX1)                      1000448.000
                                                  217090000.000 f
  U6516/Y (NAND2X1)                    1284624.000
                                                  218374624.000 r
  U6521/Y (AND2X1)                     915488.000 219290112.000 r
  U6522/Y (NOR2X1)                     1066416.000
                                                  220356528.000 f
  U6523/Y (NOR2X1)                     1191632.000
                                                  221548160.000 r
  U6539/Y (NAND2X1)                    834576.000 222382736.000 f
  U6540/Y (NAND2X1)                    1395488.000
                                                  223778224.000 r
  out[0] (out)                            0.000   223778224.000 r
  data arrival time                               223778224.000

  clock clk (rise edge)                250000000.000
                                                  250000000.000
  clock network delay (ideal)             0.000   250000000.000
  clock reconvergence pessimism           0.000   250000000.000
  output external delay                   0.000   250000000.000
  data required time                              250000000.000
  ---------------------------------------------------------------
  data required time                              250000000.000
  data arrival time                               -223778224.000
  ---------------------------------------------------------------
  slack (MET)                                     26221776.000


1
