****************************************
Report : timing
	-path_type full
	-delay_type max
	-max_paths 1
	-sort_by slack
Design : top
Version: S-2021.06-SP1
Date   : Sun Dec 18 18:43:08 2022
****************************************


  Startpoint: inp[28] (input port clocked by clk)
  Endpoint: out[0] (output port clocked by clk)
  Path Group: clk
  Path Type: max

  Point                                    Incr       Path
  ---------------------------------------------------------------
  clock clk (rise edge)                   0.000      0.000
  clock network delay (ideal)             0.000      0.000
  input external delay                    0.000      0.000 r
  inp[28] (in)                            0.000      0.000 r
  U848/Y (NAND2X1)                     2167696.000
                                                  2167696.000 f
  U850/Y (NAND2X1)                     615344.000 2783040.000 r
  U851/Y (NAND2X1)                     2644192.000
                                                  5427232.000 f
  U172/Y (AND2X1)                      3539520.000
                                                  8966752.000 f
  U173/Y (INVX1)                       -553520.000
                                                  8413232.000 r
  U872/Y (NAND2X1)                     2276032.000
                                                  10689264.000 f
  U873/Y (NAND2X1)                     860832.000 11550096.000 r
  U875/Y (NAND2X1)                     1469072.000
                                                  13019168.000 f
  U876/Y (NAND2X1)                     1302256.000
                                                  14321424.000 r
  U877/Y (INVX1)                       1439696.000
                                                  15761120.000 f
  U369/Y (XNOR2X1)                     8509792.000
                                                  24270912.000 f
  U370/Y (INVX1)                       -697888.000
                                                  23573024.000 r
  U317/Y (XNOR2X1)                     8144016.000
                                                  31717040.000 r
  U318/Y (INVX1)                       1497952.000
                                                  33214992.000 f
  U315/Y (INVX1)                       867424.000 34082416.000 r
  U316/Y (INVX1)                       915232.000 34997648.000 f
  U878/Y (INVX1)                       414496.000 35412144.000 r
  U594/Y (XNOR2X1)                     8158352.000
                                                  43570496.000 r
  U593/Y (INVX1)                       1498528.000
                                                  45069024.000 f
  U461/Y (XNOR2X1)                     8510720.000
                                                  53579744.000 f
  U462/Y (INVX1)                       -697744.000
                                                  52882000.000 r
  U309/Y (XNOR2X1)                     8144016.000
                                                  61026016.000 r
  U310/Y (INVX1)                       1518944.000
                                                  62544960.000 f
  U307/Y (INVX1)                       867568.000 63412528.000 r
  U308/Y (INVX1)                       823456.000 64235984.000 f
  U465/Y (XNOR2X1)                     8503904.000
                                                  72739888.000 f
  U466/Y (INVX1)                       -698816.000
                                                  72041072.000 r
  U649/Y (XNOR2X1)                     8144016.000
                                                  80185088.000 r
  U648/Y (INVX1)                       1460880.000
                                                  81645968.000 f
  U959/Y (OR2X1)                       3174528.000
                                                  84820496.000 f
  U960/Y (NAND2X1)                     835832.000 85656328.000 r
  U361/Y (AND2X1)                      2342344.000
                                                  87998672.000 r
  U362/Y (INVX1)                       1309064.000
                                                  89307736.000 f
  U982/Y (OR2X1)                       3173456.000
                                                  92481192.000 f
  U983/Y (NAND2X1)                     835816.000 93317008.000 r
  U363/Y (AND2X1)                      2342328.000
                                                  95659336.000 r
  U364/Y (INVX1)                       1308720.000
                                                  96968056.000 f
  U989/Y (NOR2X1)                      1413912.000
                                                  98381968.000 r
  U990/Y (INVX1)                       1204568.000
                                                  99586536.000 f
  U991/Y (NAND2X1)                     953024.000 100539560.000 r
  U992/Y (NAND2X1)                     2657936.000
                                                  103197496.000 f
  U491/Y (XNOR2X1)                     8786344.000
                                                  111983840.000 f
  U492/Y (INVX1)                       -676528.000
                                                  111307312.000 r
  U1000/Y (OR2X1)                      2638112.000
                                                  113945424.000 r
  U337/Y (AND2X1)                      3059888.000
                                                  117005312.000 r
  U338/Y (INVX1)                       1096744.000
                                                  118102056.000 f
  U1016/Y (NAND2X1)                    1355320.000
                                                  119457376.000 r
  U235/Y (INVX1)                       1435424.000
                                                  120892800.000 f
  U236/Y (INVX1)                       444136.000 121336936.000 r
  U365/Y (AND2X1)                      2912144.000
                                                  124249080.000 r
  U366/Y (INVX1)                       1108752.000
                                                  125357832.000 f
  U1017/Y (NOR2X1)                     960312.000 126318144.000 r
  U1018/Y (NAND2X1)                    1500280.000
                                                  127818424.000 f
  U1019/Y (NAND2X1)                    1289512.000
                                                  129107936.000 r
  U158/Y (INVX1)                       1504424.000
                                                  130612360.000 f
  U159/Y (INVX1)                       427144.000 131039504.000 r
  U1022/Y (OR2X1)                      2926656.000
                                                  133966160.000 r
  U1023/Y (NAND2X1)                    2556224.000
                                                  136522384.000 f
  U1024/Y (INVX1)                      -669856.000
                                                  135852528.000 r
  U433/Y (XNOR2X1)                     8160032.000
                                                  144012560.000 r
  U434/Y (INVX1)                       1457968.000
                                                  145470528.000 f
  U611/Y (XNOR2X1)                     5100400.000
                                                  150570928.000 r
  U612/Y (INVX1)                       1538560.000
                                                  152109488.000 f
  U1172/Y (NAND2X1)                    951888.000 153061376.000 r
  U1180/Y (NAND2X1)                    1483824.000
                                                  154545200.000 f
  U1181/Y (NAND2X1)                    877456.000 155422656.000 r
  U1182/Y (NAND2X1)                    2764816.000
                                                  158187472.000 f
  U1183/Y (NAND2X1)                    1294672.000
                                                  159482144.000 r
  U1184/Y (INVX1)                      1437504.000
                                                  160919648.000 f
  U1185/Y (AND2X1)                     3159904.000
                                                  164079552.000 f
  U298/Y (NAND2X1)                     1263088.000
                                                  165342640.000 r
  U299/Y (INVX1)                       1535216.000
                                                  166877856.000 f
  U589/Y (INVX1)                       430096.000 167307952.000 r
  U1201/Y (NAND2X1)                    2299488.000
                                                  169607440.000 f
  U1203/Y (NAND2X1)                    626128.000 170233568.000 r
  U1204/Y (NOR2X1)                     1301952.000
                                                  171535520.000 f
  U1207/Y (NOR2X1)                     969808.000 172505328.000 r
  U1208/Y (NAND2X1)                    1494816.000
                                                  174000144.000 f
  U1210/Y (NAND2X1)                    626352.000 174626496.000 r
  U1215/Y (OR2X1)                      7070896.000
                                                  181697392.000 r
  U1216/Y (NAND2X1)                    2166448.000
                                                  183863840.000 f
  U1217/Y (NAND2X1)                    844336.000 184708176.000 r
  U1219/Y (NAND2X1)                    1468592.000
                                                  186176768.000 f
  U1220/Y (NAND2X1)                    844256.000 187021024.000 r
  U1222/Y (NAND2X1)                    2811104.000
                                                  189832128.000 f
  U1223/Y (NAND2X1)                    866672.000 190698800.000 r
  U1224/Y (NAND2X1)                    1471728.000
                                                  192170528.000 f
  U1226/Y (NAND2X1)                    634064.000 192804592.000 r
  U1227/Y (NOR2X1)                     1296272.000
                                                  194100864.000 f
  out[0] (out)                            0.000   194100864.000 f
  data arrival time                               194100864.000

  clock clk (rise edge)                200000000.000
                                                  200000000.000
  clock network delay (ideal)             0.000   200000000.000
  clock reconvergence pessimism           0.000   200000000.000
  output external delay                   0.000   200000000.000
  data required time                              200000000.000
  ---------------------------------------------------------------
  data required time                              200000000.000
  data arrival time                               -194100864.000
  ---------------------------------------------------------------
  slack (MET)                                     5899136.000


1
