****************************************
Report : timing
	-path_type full
	-delay_type max
	-max_paths 1
	-sort_by slack
Design : top
Version: S-2021.06-SP1
Date   : Fri Dec 16 16:52:43 2022
****************************************


  Startpoint: inp[34] (input port clocked by clk)
  Endpoint: out[0] (output port clocked by clk)
  Path Group: clk
  Path Type: max

  Point                                    Incr       Path
  ---------------------------------------------------------------
  clock clk (rise edge)                   0.000      0.000
  clock network delay (ideal)             0.000      0.000
  input external delay                    0.000      0.000 f
  inp[34] (in)                            0.000      0.000 f
  U981/Y (INVX1)                       582656.000 582656.000 r
  U982/Y (NAND2X1)                     1054032.000
                                                  1636688.000 f
  U996/Y (NAND2X1)                     1385520.000
                                                  3022208.000 r
  U949/Y (XNOR2X1)                     5377200.000
                                                  8399408.000 r
  U950/Y (INVX1)                       999968.000 9399376.000 f
  U1007/Y (NAND2X1)                    924704.000 10324080.000 r
  U1008/Y (NAND2X1)                    1148256.000
                                                  11472336.000 f
  U1009/Y (NAND2X1)                    1752608.000
                                                  13224944.000 r
  U1016/Y (INVX1)                      1097152.000
                                                  14322096.000 f
  U1017/Y (NAND2X1)                    1290272.000
                                                  15612368.000 r
  U1018/Y (NAND2X1)                    1126608.000
                                                  16738976.000 f
  U1019/Y (NAND2X1)                    1752608.000
                                                  18491584.000 r
  U1022/Y (INVX1)                      1101456.000
                                                  19593040.000 f
  U1023/Y (NAND2X1)                    1290256.000
                                                  20883296.000 r
  U1153/Y (NAND2X1)                    1127888.000
                                                  22011184.000 f
  U901/Y (XNOR2X1)                     5989696.000
                                                  28000880.000 f
  U1976/Y (NAND2X1)                    862032.000 28862912.000 r
  U2017/Y (NAND2X1)                    1131072.000
                                                  29993984.000 f
  U2018/Y (XOR2X1)                     5295760.000
                                                  35289744.000 r
  U2021/Y (NAND2X1)                    848464.000 36138208.000 f
  U2022/Y (NAND2X1)                    1752608.000
                                                  37890816.000 r
  U2024/Y (INVX1)                      1101488.000
                                                  38992304.000 f
  U2025/Y (NAND2X1)                    924976.000 39917280.000 r
  U793/Y (AND2X1)                      1795392.000
                                                  41712672.000 r
  U794/Y (INVX1)                       715632.000 42428304.000 f
  U2032/Y (NAND2X1)                    1291584.000
                                                  43719888.000 r
  U2035/Y (OR2X1)                      2330144.000
                                                  46050032.000 r
  U453/Y (AND2X1)                      2199504.000
                                                  48249536.000 r
  U454/Y (INVX1)                       707440.000 48956976.000 f
  U2043/Y (NAND2X1)                    1285648.000
                                                  50242624.000 r
  U2044/Y (NAND2X1)                    1126432.000
                                                  51369056.000 f
  U2045/Y (NAND2X1)                    1748032.000
                                                  53117088.000 r
  U650/Y (INVX1)                       1109424.000
                                                  54226512.000 f
  U651/Y (INVX1)                       464320.000 54690832.000 r
  U2049/Y (NOR2X1)                     524064.000 55214896.000 f
  U2051/Y (NAND2X1)                    884616.000 56099512.000 r
  U2052/Y (NAND2X1)                    1233224.000
                                                  57332736.000 f
  U676/Y (INVX1)                       253872.000 57586608.000 r
  U677/Y (INVX1)                       662168.000 58248776.000 f
  U2053/Y (XOR2X1)                     5586744.000
                                                  63835520.000 r
  U817/Y (AND2X1)                      2173552.000
                                                  66009072.000 r
  U818/Y (INVX1)                       715896.000 66724968.000 f
  U2073/Y (NAND2X1)                    1357296.000
                                                  68082264.000 r
  U513/Y (INVX1)                       1122048.000
                                                  69204312.000 f
  U514/Y (INVX1)                       457008.000 69661320.000 r
  U2080/Y (XOR2X1)                     4835152.000
                                                  74496472.000 f
  U697/Y (NAND2X1)                     819392.000 75315864.000 r
  U2083/Y (AND2X1)                     2557976.000
                                                  77873840.000 r
  U595/Y (XNOR2X1)                     5551360.000
                                                  83425200.000 r
  U596/Y (INVX1)                       929624.000 84354824.000 f
  U2478/Y (XOR2X1)                     4914568.000
                                                  89269392.000 r
  U2479/Y (OR2X1)                      2349776.000
                                                  91619168.000 r
  U463/Y (AND2X1)                      2199584.000
                                                  93818752.000 r
  U464/Y (INVX1)                       707416.000 94526168.000 f
  U2481/Y (NAND2X1)                    1297400.000
                                                  95823568.000 r
  U905/Y (XNOR2X1)                     5491168.000
                                                  101314736.000 r
  U906/Y (INVX1)                       958344.000 102273080.000 f
  U705/Y (NAND2X1)                     1284928.000
                                                  103558008.000 r
  U2520/Y (NAND2X1)                    848184.000 104406192.000 f
  U2523/Y (NAND2X1)                    879608.000 105285800.000 r
  U2524/Y (NAND2X1)                    1150992.000
                                                  106436792.000 f
  U2525/Y (NAND2X1)                    1399368.000
                                                  107836160.000 r
  U716/Y (AND2X1)                      2132024.000
                                                  109968184.000 r
  U2539/Y (NAND2X1)                    837176.000 110805360.000 f
  U567/Y (AND2X1)                      2441992.000
                                                  113247352.000 f
  U568/Y (INVX1)                       -294480.000
                                                  112952872.000 r
  U2540/Y (NOR2X1)                     152120.000 113104992.000 f
  U2544/Y (NOR2X1)                     1190208.000
                                                  114295200.000 r
  U483/Y (AND2X1)                      1837168.000
                                                  116132368.000 r
  U484/Y (INVX1)                       714976.000 116847344.000 f
  U2546/Y (NAND2X1)                    924544.000 117771888.000 r
  U2548/Y (OR2X1)                      2582152.000
                                                  120354040.000 r
  U2553/Y (NAND2X1)                    799192.000 121153232.000 f
  U2555/Y (NAND2X1)                    879384.000 122032616.000 r
  U2556/Y (NAND2X1)                    1154760.000
                                                  123187376.000 f
  U2560/Y (NAND2X1)                    885264.000 124072640.000 r
  U2564/Y (OR2X1)                      2561576.000
                                                  126634216.000 r
  U2565/Y (NAND2X1)                    804776.000 127438992.000 f
  U2567/Y (NAND2X1)                    879392.000 128318384.000 r
  U2568/Y (NAND2X1)                    1151088.000
                                                  129469472.000 f
  U2569/Y (NAND2X1)                    879600.000 130349072.000 r
  U2572/Y (NAND2X1)                    863984.000 131213056.000 f
  U695/Y (NAND2X1)                     1781800.000
                                                  132994856.000 r
  U688/Y (INVX1)                       1127784.000
                                                  134122640.000 f
  U689/Y (INVX1)                       969136.000 135091776.000 r
  U2574/Y (INVX1)                      646288.000 135738064.000 f
  U2589/Y (NAND2X1)                    1286544.000
                                                  137024608.000 r
  U2591/Y (NAND2X1)                    930368.000 137954976.000 f
  U2592/Y (NAND2X1)                    1394992.000
                                                  139349968.000 r
  U2602/Y (NAND2X1)                    866032.000 140216000.000 f
  U2606/Y (NAND2X1)                    1341760.000
                                                  141557760.000 r
  U2607/Y (INVX1)                      1116480.000
                                                  142674240.000 f
  U2608/Y (NAND2X1)                    1284224.000
                                                  143958464.000 r
  U2611/Y (NAND2X1)                    848064.000 144806528.000 f
  U2613/Y (NAND2X1)                    885504.000 145692032.000 r
  U2617/Y (OR2X1)                      2606832.000
                                                  148298864.000 r
  U2620/Y (NAND2X1)                    804784.000 149103648.000 f
  U2622/Y (NAND2X1)                    1341792.000
                                                  150445440.000 r
  U2623/Y (INVX1)                      1116224.000
                                                  151561664.000 f
  U2624/Y (NAND2X1)                    1284224.000
                                                  152845888.000 r
  U2627/Y (NAND2X1)                    848064.000 153693952.000 f
  U2629/Y (NAND2X1)                    885504.000 154579456.000 r
  U2633/Y (NAND2X1)                    866816.000 155446272.000 f
  U2636/Y (NAND2X1)                    886000.000 156332272.000 r
  U2637/Y (NAND2X1)                    1154832.000
                                                  157487104.000 f
  U724/Y (AND2X1)                      2046064.000
                                                  159533168.000 f
  U643/Y (INVX1)                       -333680.000
                                                  159199488.000 r
  U961/Y (INVX1)                       667424.000 159866912.000 f
  U725/Y (INVX1)                       474272.000 160341184.000 r
  U2811/Y (NAND2X1)                    1054736.000
                                                  161395920.000 f
  U2812/Y (NAND2X1)                    1386016.000
                                                  162781936.000 r
  U2820/Y (OR2X1)                      2563136.000
                                                  165345072.000 r
  U415/Y (AND2X1)                      2199728.000
                                                  167544800.000 r
  U416/Y (INVX1)                       707600.000 168252400.000 f
  U2827/Y (OR2X1)                      2115280.000
                                                  170367680.000 f
  U413/Y (AND2X1)                      2434384.000
                                                  172802064.000 f
  U414/Y (INVX1)                       -1327728.000
                                                  171474336.000 r
  U2828/Y (OR2X1)                      1639536.000
                                                  173113872.000 r
  U2833/Y (NAND2X1)                    804912.000 173918784.000 f
  U2835/Y (NAND2X1)                    885504.000 174804288.000 r
  U2841/Y (OR2X1)                      2561280.000
                                                  177365568.000 r
  U407/Y (AND2X1)                      2200656.000
                                                  179566224.000 r
  U408/Y (INVX1)                       707072.000 180273296.000 f
  U2842/Y (NAND2X1)                    1285632.000
                                                  181558928.000 r
  U409/Y (AND2X1)                      1818784.000
                                                  183377712.000 r
  U410/Y (INVX1)                       707648.000 184085360.000 f
  U2846/Y (NAND2X1)                    1285632.000
                                                  185370992.000 r
  U2849/Y (NAND2X1)                    930368.000 186301360.000 f
  U2853/Y (NAND2X1)                    1394976.000
                                                  187696336.000 r
  U2855/Y (NAND2X1)                    866048.000 188562384.000 f
  U2860/Y (NAND2X1)                    875296.000 189437680.000 r
  out[0] (out)                            0.000   189437680.000 r
  data arrival time                               189437680.000

  clock clk (rise edge)                250000000.000
                                                  250000000.000
  clock network delay (ideal)             0.000   250000000.000
  clock reconvergence pessimism           0.000   250000000.000
  output external delay                   0.000   250000000.000
  data required time                              250000000.000
  ---------------------------------------------------------------
  data required time                              250000000.000
  data arrival time                               -189437680.000
  ---------------------------------------------------------------
  slack (MET)                                     60562320.000


1
