 
****************************************
Report : timing
        -path full
        -delay max
        -max_paths 1
Design : top
Version: S-2021.06-SP2
Date   : Sun Dec 18 18:43:26 2022
****************************************

Operating Conditions: TT   Library: PPDK_Standard_Library_1.0V_25C_TYP_X1
Wire Load Model Mode: top

  Startpoint: inp[10] (input port clocked by clk)
  Endpoint: out[0] (output port clocked by clk)
  Path Group: clk
  Path Type: max

  Point                                    Incr       Path
  -----------------------------------------------------------
  clock clk (rise edge)                   0.000      0.000
  clock network delay (ideal)             0.000      0.000
  input external delay                    0.000      0.000 r
  inp[10] (in)                            0.000      0.000 r
  U692/Y (AND2X1)                      2207109.000
                                                  2207109.000 r
  U693/Y (INVX1)                       705440.500 2912549.500 f
  U732/Y (NAND2X1)                     918764.250 3831313.750 r
  U270/Y (AND2X1)                      2174743.250
                                                  6006057.000 r
  U271/Y (INVX1)                       715947.000 6722004.000 f
  U738/Y (XOR2X1)                      5588262.000
                                                  12310266.000 r
  U739/Y (XOR2X1)                      4750546.000
                                                  17060812.000 f
  U748/Y (XOR2X1)                      5964040.000
                                                  23024852.000 r
  U751/Y (INVX1)                       1237296.000
                                                  24262148.000 f
  U753/Y (NAND2X1)                     925144.000 25187292.000 r
  U784/Y (NAND2X1)                     850012.000 26037304.000 f
  U785/Y (XOR2X1)                      5244760.000
                                                  31282064.000 r
  U794/Y (OR2X1)                       2326284.000
                                                  33608348.000 r
  U795/Y (NAND2X1)                     806836.000 34415184.000 f
  U799/Y (XOR2X1)                      5243868.000
                                                  39659052.000 r
  U813/Y (OR2X1)                       2326324.000
                                                  41985376.000 r
  U336/Y (AND2X1)                      2196640.000
                                                  44182016.000 r
  U337/Y (INVX1)                       725776.000 44907792.000 f
  U140/Y (AND2X1)                      2035948.000
                                                  46943740.000 f
  U141/Y (INVX1)                       -1362692.000
                                                  45581048.000 r
  U148/Y (AND2X1)                      2198928.000
                                                  47779976.000 r
  U149/Y (INVX1)                       707632.000 48487608.000 f
  U358/Y (AND2X1)                      2458076.000
                                                  50945684.000 f
  U359/Y (INVX1)                       -229860.000
                                                  50715824.000 r
  U820/Y (INVX1)                       651864.000 51367688.000 f
  U422/Y (NAND2X1)                     1291768.000
                                                  52659456.000 r
  U563/Y (AND2X1)                      1818316.000
                                                  54477772.000 r
  U564/Y (INVX1)                       715232.000 55193004.000 f
  U824/Y (NAND2X1)                     924520.000 56117524.000 r
  U451/Y (AND2X1)                      1818324.000
                                                  57935848.000 r
  U452/Y (INVX1)                       715200.000 58651048.000 f
  U952/Y (NAND2X1)                     1285904.000
                                                  59936952.000 r
  U368/Y (AND2X1)                      2174560.000
                                                  62111512.000 r
  U369/Y (INVX1)                       732792.000 62844304.000 f
  U953/Y (INVX1)                       467696.000 63312000.000 r
  U962/Y (XOR2X1)                      4518616.000
                                                  67830616.000 f
  U963/Y (XOR2X1)                      5077592.000
                                                  72908208.000 r
  U1086/Y (OR2X1)                      2329648.000
                                                  75237856.000 r
  U541/Y (AND2X1)                      2196664.000
                                                  77434520.000 r
  U542/Y (INVX1)                       708584.000 78143104.000 f
  U443/Y (XNOR2X1)                     4293104.000
                                                  82436208.000 r
  U444/Y (INVX1)                       830560.000 83266768.000 f
  U1088/Y (NAND2X1)                    919008.000 84185776.000 r
  U491/Y (AND2X1)                      2174576.000
                                                  86360352.000 r
  U492/Y (INVX1)                       715568.000 87075920.000 f
  U346/Y (AND2X1)                      2458080.000
                                                  89534000.000 f
  U347/Y (INVX1)                       -1175024.000
                                                  88358976.000 r
  U513/Y (AND2X1)                      1881336.000
                                                  90240312.000 r
  U514/Y (INVX1)                       715232.000 90955544.000 f
  U109/Y (AND2X1)                      2034872.000
                                                  92990416.000 f
  U110/Y (INVX1)                       -1360936.000
                                                  91629480.000 r
  U497/Y (AND2X1)                      2199120.000
                                                  93828600.000 r
  U498/Y (INVX1)                       707568.000 94536168.000 f
  U250/Y (AND2X1)                      2034872.000
                                                  96571040.000 f
  U251/Y (INVX1)                       -340496.000
                                                  96230544.000 r
  U1095/Y (INVX1)                      652296.000 96882840.000 f
  U1096/Y (NAND2X1)                    1285960.000
                                                  98168800.000 r
  U471/Y (AND2X1)                      1818704.000
                                                  99987504.000 r
  U472/Y (INVX1)                       715560.000 100703064.000 f
  U555/Y (AND2X1)                      2034872.000
                                                  102737936.000 f
  U556/Y (INVX1)                       -1360520.000
                                                  101377416.000 r
  U1100/Y (NOR2X1)                     554920.000 101932336.000 f
  U1101/Y (NOR2X1)                     1179632.000
                                                  103111968.000 r
  out[0] (out)                            0.000   103111968.000 r
  data arrival time                               103111968.000

  clock clk (rise edge)                200000000.000
                                                  200000000.000
  clock network delay (ideal)             0.000   200000000.000
  output external delay                   0.000   200000000.000
  data required time                              200000000.000
  -----------------------------------------------------------
  data required time                              200000000.000
  data arrival time                               -103111968.000
  -----------------------------------------------------------
  slack (MET)                                     96888032.000


1
