Information: Updating design information... (UID-85)
 
****************************************
Report : qor
Design : top
Version: S-2021.06-SP2
Date   : Sun Dec 18 18:43:26 2022
****************************************


  Timing Path Group 'clk'
  -----------------------------------
  Levels of Logic:              63.00
  Critical Path Length:  103111968.00
  Critical Path Slack:    96888032.00
  Critical Path Clk Period:
                         200000000.00
  Total Negative Slack:          0.00
  No. of Violating Paths:        0.00
  Worst Hold Violation:          0.00
  Total Hold Violation:          0.00
  No. of Hold Violations:        0.00
  -----------------------------------


  Cell Count
  -----------------------------------
  Hierarchical Cell Count:          0
  Hierarchical Port Count:          0
  Leaf Cell Count:                994
  Buf/Inv Cell Count:             394
  Buf Cell Count:                   0
  Inv Cell Count:                 394
  CT Buf/Inv Cell Count:            0
  Combinational Cell Count:       994
  Sequential Cell Count:            0
  Macro Count:                      0
  -----------------------------------


  Area
  -----------------------------------
  Combinational Area:
                     356146667.000000
  Noncombinational Area:     0.000000
  Buf/Inv Area:       89997480.000000
  Total Buffer Area:             0.00
  Total Inverter Area:    89997480.00
  Macro/Black Box Area:      0.000000
  Net Area:                  0.000000
  -----------------------------------
  Cell Area:         356146667.000000
  Design Area:       356146667.000000


  Design Rules
  -----------------------------------
  Total Number of Nets:          1048
  Nets With Violations:           994
  Max Trans Violations:           994
  Max Cap Violations:               0
  -----------------------------------


  Hostname: leoforos

  Compile CPU Statistics
  -----------------------------------------
  Resource Sharing:                    0.53
  Logic Optimization:                  0.06
  Mapping Optimization:                0.89
  -----------------------------------------
  Overall Compile Time:                3.29
  Overall Compile Wall Clock Time:     3.64

  --------------------------------------------------------------------

  Design  WNS: 0.00  TNS: 0.00  Number of Violating Paths: 0


  Design (Hold)  WNS: 0.00  TNS: 0.00  Number of Violating Paths: 0

  --------------------------------------------------------------------


1
