****************************************
Report : Averaged Power
Design : top
Version: S-2021.06-SP1
Date   : Tue Nov 29 14:32:51 2022
****************************************



  Attributes
  ----------
      i  -  Including register clock pin internal power
      u  -  User defined power group

                        Internal  Switching  Leakage    Total
Power Group             Power     Power      Power      Power   (     %)  Attrs
--------------------------------------------------------------------------------
clock_network              0.0000    0.0000    0.0000    0.0000 ( 0.00%)  i
register                   0.0000    0.0000    0.0000    0.0000 ( 0.00%)  
combinational           7.345e-05 3.668e-07    0.0352    0.0352 (100.00%) 
sequential                 0.0000    0.0000    0.0000    0.0000 ( 0.00%)  
memory                     0.0000    0.0000    0.0000    0.0000 ( 0.00%)  
io_pad                     0.0000    0.0000    0.0000    0.0000 ( 0.00%)  
black_box                  0.0000    0.0000    0.0000    0.0000 ( 0.00%)  

  Net Switching Power  = 3.668e-07   ( 0.00%)
  Cell Internal Power  = 7.345e-05   ( 0.21%)
  Cell Leakage Power   =    0.0352   (99.79%)
                         ---------
Total Power            =    0.0352  (100.00%)

1
