****************************************
Report : timing
	-path_type full
	-delay_type max
	-max_paths 1
	-sort_by slack
Design : top
Version: S-2021.06-SP1
Date   : Sun Dec 18 18:40:27 2022
****************************************


  Startpoint: inp[5] (input port clocked by clk)
  Endpoint: out[0] (output port clocked by clk)
  Path Group: clk
  Path Type: max

  Point                                    Incr       Path
  ---------------------------------------------------------------
  clock clk (rise edge)                   0.000      0.000
  clock network delay (ideal)             0.000      0.000
  input external delay                    0.000      0.000 f
  inp[5] (in)                             0.000      0.000 f
  U734/Y (AND2X1)                      2458432.000
                                                  2458432.000 f
  U735/Y (INVX1)                       -1160824.000
                                                  1297608.000 r
  U830/Y (NAND2X1)                     801288.000 2098896.000 f
  U831/Y (NAND2X1)                     1384480.000
                                                  3483376.000 r
  U303/Y (AND2X1)                      1799536.000
                                                  5282912.000 r
  U304/Y (INVX1)                       713384.000 5996296.000 f
  U832/Y (NAND2X1)                     930056.000 6926352.000 r
  U837/Y (XOR2X1)                      4758656.000
                                                  11685008.000 f
  U838/Y (XOR2X1)                      5089288.000
                                                  16774296.000 r
  U510/Y (XNOR2X1)                     6361744.000
                                                  23136040.000 r
  U463/Y (AND2X1)                      2177032.000
                                                  25313072.000 r
  U464/Y (INVX1)                       714984.000 26028056.000 f
  U901/Y (NAND2X1)                     1362920.000
                                                  27390976.000 r
  U902/Y (NAND2X1)                     865744.000 28256720.000 f
  U905/Y (NAND2X1)                     1346424.000
                                                  29603144.000 r
  U906/Y (INVX1)                       1116320.000
                                                  30719464.000 f
  U371/Y (AND2X1)                      2458312.000
                                                  33177776.000 f
  U372/Y (INVX1)                       -1173560.000
                                                  32004216.000 r
  U187/Y (AND2X1)                      1881336.000
                                                  33885552.000 r
  U188/Y (INVX1)                       715800.000 34601352.000 f
  U929/Y (XOR2X1)                      4914928.000
                                                  39516280.000 r
  U931/Y (OR2X1)                       2349784.000
                                                  41866064.000 r
  U964/Y (NAND2X1)                     806696.000 42672760.000 f
  U965/Y (XOR2X1)                      5383728.000
                                                  48056488.000 r
  U966/Y (OR2X1)                       2304776.000
                                                  50361264.000 r
  U610/Y (AND2X1)                      2199396.000
                                                  52560660.000 r
  U611/Y (INVX1)                       707480.000 53268140.000 f
  U423/Y (AND2X1)                      2458076.000
                                                  55726216.000 f
  U424/Y (INVX1)                       -229836.000
                                                  55496380.000 r
  U968/Y (INVX1)                       651868.000 56148248.000 f
  U357/Y (AND2X1)                      2458044.000
                                                  58606292.000 f
  U358/Y (INVX1)                       -1175316.000
                                                  57430976.000 r
  U588/Y (AND2X1)                      1881340.000
                                                  59312316.000 r
  U589/Y (INVX1)                       707700.000 60020016.000 f
  U445/Y (AND2X1)                      2458076.000
                                                  62478092.000 f
  U446/Y (INVX1)                       -229836.000
                                                  62248256.000 r
  U969/Y (NAND2X1)                     831492.000 63079748.000 f
  U975/Y (AND2X1)                      2243308.000
                                                  65323056.000 f
  U976/Y (XOR2X1)                      5479224.000
                                                  70802280.000 r
  U978/Y (NAND2X1)                     1228760.000
                                                  72031040.000 f
  U495/Y (INVX1)                       226704.000 72257744.000 r
  U496/Y (INVX1)                       646688.000 72904432.000 f
  U1153/Y (NOR2X1)                     1157680.000
                                                  74062112.000 r
  U279/Y (AND2X1)                      2181816.000
                                                  76243928.000 r
  U280/Y (INVX1)                       713208.000 76957136.000 f
  U762/Y (AND2X1)                      2043672.000
                                                  79000808.000 f
  U1166/Y (XOR2X1)                     5508736.000
                                                  84509544.000 r
  U1310/Y (XOR2X1)                     4770160.000
                                                  89279704.000 f
  U1314/Y (NAND2X1)                    1750080.000
                                                  91029784.000 r
  U493/Y (INVX1)                       928784.000 91958568.000 f
  U494/Y (INVX1)                       446008.000 92404576.000 r
  U133/Y (AND2X1)                      1880352.000
                                                  94284928.000 r
  U134/Y (INVX1)                       715792.000 95000720.000 f
  U1317/Y (XOR2X1)                     4914928.000
                                                  99915648.000 r
  U666/Y (AND2X1)                      1816576.000
                                                  101732224.000 r
  U667/Y (INVX1)                       715568.000 102447792.000 f
  U1326/Y (NAND2X1)                    1285608.000
                                                  103733400.000 r
  U702/Y (AND2X1)                      1818792.000
                                                  105552192.000 r
  U703/Y (INVX1)                       707592.000 106259784.000 f
  U1328/Y (NAND2X1)                    1285792.000
                                                  107545576.000 r
  U293/Y (AND2X1)                      2174544.000
                                                  109720120.000 r
  U294/Y (INVX1)                       715568.000 110435688.000 f
  U698/Y (AND2X1)                      2034872.000
                                                  112470560.000 f
  U699/Y (INVX1)                       -1327712.000
                                                  111142848.000 r
  U1333/Y (NAND2X1)                    1050488.000
                                                  112193336.000 f
  U1335/Y (NAND2X1)                    886128.000 113079464.000 r
  U1337/Y (NAND2X1)                    862792.000 113942256.000 f
  out[0] (out)                            0.000   113942256.000 f
  data arrival time                               113942256.000

  clock clk (rise edge)                200000000.000
                                                  200000000.000
  clock network delay (ideal)             0.000   200000000.000
  clock reconvergence pessimism           0.000   200000000.000
  output external delay                   0.000   200000000.000
  data required time                              200000000.000
  ---------------------------------------------------------------
  data required time                              200000000.000
  data arrival time                               -113942256.000
  ---------------------------------------------------------------
  slack (MET)                                     86057744.000


1
