 
****************************************
Report : area
Design : top
Version: S-2021.06-SP2
Date   : Fri Dec  9 15:01:17 2022
****************************************

Library(s) Used:

    PPDK_Standard_Library_0.6V_25C_TYP_X1 (File: /home/akokkinis/synLibs/egfet/db/EGFET_0.6V.db)

Number of ports:                           47
Number of nets:                           527
Number of cells:                          491
Number of combinational cells:            489
Number of sequential cells:                 0
Number of macros/black boxes:               0
Number of buf/inv:                        181
Number of references:                       6

Combinational area:          169148551.000000
Buf/Inv area:                 41344020.000000
Noncombinational area:               0.000000
Macro/Black Box area:                0.000000
Net Interconnect area:      undefined  (No wire load specified)

Total cell area:             169148551.000000
Total area:                 undefined

Hierarchical area distribution
------------------------------

                                  Global cell area                  Local cell area
                                  -----------------------  --------------------------------- 
Hierarchical cell                 Absolute        Percent  Combi-          Noncombi-  Black-
                                  Total           Total    national        national   boxes   Design
--------------------------------  --------------  -------  --------------  ---------  ------  ---------
top                               169148551.0000    100.0  169148551.0000     0.0000  0.0000  top
--------------------------------  --------------  -------  --------------  ---------  ------  ---------
Total                                                      169148551.0000     0.0000  0.0000

1
