****************************************
Report : Averaged Power
Design : top
Version: S-2021.06-SP1
Date   : Fri Dec  9 15:01:33 2022
****************************************



  Attributes
  ----------
      i  -  Including register clock pin internal power
      u  -  User defined power group

                        Internal  Switching  Leakage    Total
Power Group             Power     Power      Power      Power   (     %)  Attrs
--------------------------------------------------------------------------------
clock_network              0.0000    0.0000    0.0000    0.0000 ( 0.00%)  i
register                   0.0000    0.0000    0.0000    0.0000 ( 0.00%)  
combinational           1.033e-04 7.176e-07 1.880e-03 1.984e-03 (100.00%) 
sequential                 0.0000    0.0000    0.0000    0.0000 ( 0.00%)  
memory                     0.0000    0.0000    0.0000    0.0000 ( 0.00%)  
io_pad                     0.0000    0.0000    0.0000    0.0000 ( 0.00%)  
black_box                  0.0000    0.0000    0.0000    0.0000 ( 0.00%)  

  Net Switching Power  = 7.176e-07   ( 0.04%)
  Cell Internal Power  = 1.033e-04   ( 5.20%)
  Cell Leakage Power   = 1.880e-03   (94.76%)
                         ---------
Total Power            = 1.984e-03  (100.00%)

1
