Information: Updating design information... (UID-85)
 
****************************************
Report : qor
Design : top
Version: S-2021.06-SP2
Date   : Fri Dec  2 10:14:30 2022
****************************************


  Timing Path Group 'clk'
  -----------------------------------
  Levels of Logic:             123.00
  Critical Path Length:  249721824.00
  Critical Path Slack:      278176.00
  Critical Path Clk Period:
                         250000000.00
  Total Negative Slack:          0.00
  No. of Violating Paths:        0.00
  Worst Hold Violation:          0.00
  Total Hold Violation:          0.00
  No. of Hold Violations:        0.00
  -----------------------------------


  Cell Count
  -----------------------------------
  Hierarchical Cell Count:          0
  Hierarchical Port Count:          0
  Leaf Cell Count:              10691
  Buf/Inv Cell Count:            1584
  Buf Cell Count:                   0
  Inv Cell Count:                1584
  CT Buf/Inv Cell Count:            0
  Combinational Cell Count:     10691
  Sequential Cell Count:            0
  Macro Count:                      0
  -----------------------------------


  Area
  -----------------------------------
  Combinational Area:
                    5984890462.000000
  Noncombinational Area:     0.000000
  Buf/Inv Area:      361817280.000000
  Total Buffer Area:             0.00
  Total Inverter Area:   361817280.00
  Macro/Black Box Area:      0.000000
  Net Area:                  0.000000
  -----------------------------------
  Cell Area:        5984890462.000000
  Design Area:      5984890462.000000


  Design Rules
  -----------------------------------
  Total Number of Nets:         10755
  Nets With Violations:         10691
  Max Trans Violations:         10691
  Max Cap Violations:               7
  -----------------------------------


  Hostname: leoforos

  Compile CPU Statistics
  -----------------------------------------
  Resource Sharing:                   16.62
  Logic Optimization:                  2.74
  Mapping Optimization:               17.33
  -----------------------------------------
  Overall Compile Time:               81.35
  Overall Compile Wall Clock Time:    81.84

  --------------------------------------------------------------------

  Design  WNS: 0.00  TNS: 0.00  Number of Violating Paths: 0


  Design (Hold)  WNS: 0.00  TNS: 0.00  Number of Violating Paths: 0

  --------------------------------------------------------------------


1
