 
****************************************
Report : area
Design : top
Version: S-2021.06-SP2
Date   : Tue Nov 29 16:39:29 2022
****************************************

Library(s) Used:

    PPDK_Standard_Library_0.8V_25C_TYP_X1 (File: /home/akokkinis/synLibs/egfet/db/EGFET_0.8V.db)

Number of ports:                           36
Number of nets:                          2362
Number of cells:                         2330
Number of combinational cells:           2330
Number of sequential cells:                 0
Number of macros/black boxes:               0
Number of buf/inv:                        500
Number of references:                       7

Combinational area:          971605251.000000
Buf/Inv area:                114210000.000000
Noncombinational area:               0.000000
Macro/Black Box area:                0.000000
Net Interconnect area:      undefined  (No wire load specified)

Total cell area:             971605251.000000
Total area:                 undefined
1
