****************************************
Report : timing
	-path_type full
	-delay_type max
	-max_paths 1
	-sort_by slack
Design : top
Version: S-2021.06-SP1
Date   : Sun Dec 18 12:15:19 2022
****************************************


  Startpoint: inp[0] (input port clocked by clk)
  Endpoint: out[0] (output port clocked by clk)
  Path Group: clk
  Path Type: max

  Point                                    Incr       Path
  ---------------------------------------------------------------
  clock clk (rise edge)                   0.000      0.000
  clock network delay (ideal)             0.000      0.000
  input external delay                    0.000      0.000 r
  inp[0] (in)                             0.000      0.000 r
  U2228/Y (NAND2X1)                    1219680.000
                                                  1219680.000 f
  U2229/Y (NAND2X1)                    881424.000 2101104.000 r
  U2230/Y (NAND2X1)                    848784.000 2949888.000 f
  U2233/Y (NAND2X1)                    899568.000 3849456.000 r
  U2234/Y (NAND2X1)                    865440.000 4714896.000 f
  U2268/Y (XOR2X1)                     5228944.000
                                                  9943840.000 r
  U2434/Y (XOR2X1)                     4327312.000
                                                  14271152.000 f
  U2435/Y (XOR2X1)                     5985808.000
                                                  20256960.000 r
  U2542/Y (XOR2X1)                     4223472.000
                                                  24480432.000 f
  U2543/Y (XOR2X1)                     5723088.000
                                                  30203520.000 r
  U2612/Y (XOR2X1)                     4336240.000
                                                  34539760.000 f
  U2613/Y (XOR2X1)                     5963296.000
                                                  40503056.000 r
  U2614/Y (INVX1)                      1251056.000
                                                  41754112.000 f
  U2802/Y (XOR2X1)                     2903856.000
                                                  44657968.000 f
  U474/Y (XNOR2X1)                     6159248.000
                                                  50817216.000 f
  U2803/Y (XOR2X1)                     5399968.000
                                                  56217184.000 r
  U2804/Y (XOR2X1)                     4344560.000
                                                  60561744.000 f
  U2805/Y (OR2X1)                      2057984.000
                                                  62619728.000 f
  U2841/Y (NAND2X1)                    873792.000 63493520.000 r
  U2842/Y (NAND2X1)                    866312.000 64359832.000 f
  U2843/Y (OR2X1)                      2092336.000
                                                  66452168.000 f
  U2848/Y (NAND2X1)                    871944.000 67324112.000 r
  U74/Y (AND2X1)                       1794248.000
                                                  69118360.000 r
  U73/Y (INVX1)                        718808.000 69837168.000 f
  U2850/Y (OR2X1)                      2115216.000
                                                  71952384.000 f
  U2854/Y (NAND2X1)                    870720.000 72823104.000 r
  U76/Y (AND2X1)                       1794432.000
                                                  74617536.000 r
  U75/Y (INVX1)                        716240.000 75333776.000 f
  U2856/Y (OR2X1)                      2115208.000
                                                  77448984.000 f
  U471/Y (AND2X1)                      1851000.000
                                                  79299984.000 f
  U80/Y (OR2X1)                        2086256.000
                                                  81386240.000 f
  U2863/Y (OR2X1)                      2081544.000
                                                  83467784.000 f
  U2868/Y (NAND2X1)                    872520.000 84340304.000 r
  U78/Y (AND2X1)                       1795408.000
                                                  86135712.000 r
  U77/Y (INVX1)                        720024.000 86855736.000 f
  U2870/Y (OR2X1)                      2115216.000
                                                  88970952.000 f
  U472/Y (AND2X1)                      2048488.000
                                                  91019440.000 f
  U473/Y (INVX1)                       -1307096.000
                                                  89712344.000 r
  U2876/Y (NAND2X1)                    805384.000 90517728.000 f
  U2881/Y (XOR2X1)                     5292832.000
                                                  95810560.000 r
  U2882/Y (XOR2X1)                     4325496.000
                                                  100136056.000 f
  U2887/Y (NOR2X1)                     1238832.000
                                                  101374888.000 r
  U2893/Y (NAND2X1)                    839200.000 102214088.000 f
  U488/Y (NAND2X1)                     927096.000 103141184.000 r
  U3837/Y (NAND2X1)                    1232352.000
                                                  104373536.000 f
  U3845/Y (XOR2X1)                     5293640.000
                                                  109667176.000 r
  U3846/Y (XOR2X1)                     4342632.000
                                                  114009808.000 f
  U3864/Y (OR2X1)                      2057992.000
                                                  116067800.000 f
  U3912/Y (NAND2X1)                    872136.000 116939936.000 r
  U3914/Y (NAND2X1)                    865424.000 117805360.000 f
  U3934/Y (NAND2X1)                    879400.000 118684760.000 r
  U3936/Y (NAND2X1)                    872528.000 119557288.000 f
  U3941/Y (NAND2X1)                    879328.000 120436616.000 r
  U119/Y (AND2X1)                      1798136.000
                                                  122234752.000 r
  U120/Y (INVX1)                       715224.000 122949976.000 f
  U3947/Y (NAND2X1)                    935736.000 123885712.000 r
  U3948/Y (OR2X1)                      2653992.000
                                                  126539704.000 r
  U3952/Y (NAND2X1)                    799464.000 127339168.000 f
  U3954/Y (NAND2X1)                    896440.000 128235608.000 r
  U3955/Y (OR2X1)                      2608752.000
                                                  130844360.000 r
  U3959/Y (NAND2X1)                    799464.000 131643824.000 f
  U3961/Y (NAND2X1)                    897144.000 132540968.000 r
  U4075/Y (XOR2X1)                     4741848.000
                                                  137282816.000 f
  U887/Y (AND2X1)                      2064864.000
                                                  139347680.000 f
  U888/Y (INVX1)                       -1530192.000
                                                  137817488.000 r
  U4158/Y (NAND2X1)                    1049760.000
                                                  138867248.000 f
  U4163/Y (NAND2X1)                    1380304.000
                                                  140247552.000 r
  U456/Y (AND2X1)                      1798512.000
                                                  142046064.000 r
  U457/Y (INVX1)                       715536.000 142761600.000 f
  U4179/Y (NAND2X1)                    1357296.000
                                                  144118896.000 r
  U564/Y (INVX1)                       1110144.000
                                                  145229040.000 f
  U4249/Y (NOR2X1)                     1167840.000
                                                  146396880.000 r
  U4254/Y (NOR2X1)                     97616.000  146494496.000 f
  U4257/Y (NOR2X1)                     1193072.000
                                                  147687568.000 r
  U4258/Y (NAND2X1)                    834368.000 148521936.000 f
  U94/Y (NAND2X1)                      1385808.000
                                                  149907744.000 r
  U4263/Y (OR2X1)                      2562656.000
                                                  152470400.000 r
  U450/Y (AND2X1)                      1883120.000
                                                  154353520.000 r
  U451/Y (INVX1)                       718352.000 155071872.000 f
  U4265/Y (OR2X1)                      2115280.000
                                                  157187152.000 f
  U552/Y (AND2X1)                      2048496.000
                                                  159235648.000 f
  U553/Y (INVX1)                       -1450192.000
                                                  157785456.000 r
  U4269/Y (NAND2X1)                    802048.000 158587504.000 f
  U465/Y (AND2X1)                      1854000.000
                                                  160441504.000 f
  U98/Y (NOR2X1)                       1637936.000
                                                  162079440.000 r
  U95/Y (INVX1)                        1004304.000
                                                  163083744.000 f
  U4275/Y (NAND2X1)                    919216.000 164002960.000 r
  U4276/Y (NAND2X1)                    1155824.000
                                                  165158784.000 f
  U4280/Y (OR2X1)                      2087712.000
                                                  167246496.000 f
  U4281/Y (NAND2X1)                    872176.000 168118672.000 r
  U446/Y (AND2X1)                      1807760.000
                                                  169926432.000 r
  U458/Y (NOR2X1)                      95760.000  170022192.000 f
  U4283/Y (NAND2X1)                    1382752.000
                                                  171404944.000 r
  U476/Y (AND2X1)                      1797984.000
                                                  173202928.000 r
  U477/Y (INVX1)                       718144.000 173921072.000 f
  U4289/Y (NAND2X1)                    924528.000 174845600.000 r
  U466/Y (AND2X1)                      1798512.000
                                                  176644112.000 r
  U467/Y (INVX1)                       718128.000 177362240.000 f
  U558/Y (AND2X1)                      2034880.000
                                                  179397120.000 f
  U559/Y (INVX1)                       -1450496.000
                                                  177946624.000 r
  U4301/Y (NAND2X1)                    802048.000 178748672.000 f
  U4305/Y (OR2X1)                      2092640.000
                                                  180841312.000 f
  U81/Y (NAND2X1)                      871952.000 181713264.000 r
  U86/Y (NAND2X1)                      931664.000 182644928.000 f
  U4324/Y (NAND2X1)                    881024.000 183525952.000 r
  U4325/Y (NAND2X1)                    1155808.000
                                                  184681760.000 f
  U470/Y (AND2X1)                      1853472.000
                                                  186535232.000 f
  U72/Y (NOR2X1)                       1637936.000
                                                  188173168.000 r
  U468/Y (INVX1)                       1004208.000
                                                  189177376.000 f
  U4345/Y (NAND2X1)                    1284608.000
                                                  190461984.000 r
  U448/Y (AND2X1)                      2174656.000
                                                  192636640.000 r
  U449/Y (INVX1)                       715536.000 193352176.000 f
  U4346/Y (NAND2X1)                    924544.000 194276720.000 r
  U4347/Y (NAND2X1)                    866000.000 195142720.000 f
  U479/Y (AND2X1)                      1853488.000
                                                  196996208.000 f
  U478/Y (NOR2X1)                      1213504.000
                                                  198209712.000 r
  U4356/Y (NOR2X1)                     62160.000  198271872.000 f
  out[0] (out)                            0.000   198271872.000 f
  data arrival time                               198271872.000

  clock clk (rise edge)                200000000.000
                                                  200000000.000
  clock network delay (ideal)             0.000   200000000.000
  clock reconvergence pessimism           0.000   200000000.000
  output external delay                   0.000   200000000.000
  data required time                              200000000.000
  ---------------------------------------------------------------
  data required time                              200000000.000
  data arrival time                               -198271872.000
  ---------------------------------------------------------------
  slack (MET)                                     1728128.000


1
