 
****************************************
Report : timing
        -path full
        -delay max
        -max_paths 1
Design : top
Version: S-2021.06-SP2
Date   : Sun Dec 18 12:15:13 2022
****************************************

Operating Conditions: TT   Library: PPDK_Standard_Library_1.0V_25C_TYP_X1
Wire Load Model Mode: top

  Startpoint: inp[0] (input port clocked by clk)
  Endpoint: out[0] (output port clocked by clk)
  Path Group: clk
  Path Type: max

  Point                                    Incr       Path
  -----------------------------------------------------------
  clock clk (rise edge)                   0.000      0.000
  clock network delay (ideal)             0.000      0.000
  input external delay                    0.000      0.000 r
  inp[0] (in)                             0.000      0.000 r
  U2228/Y (NAND2X1)                    1219684.750
                                                  1219684.750 f
  U2229/Y (NAND2X1)                    881414.000 2101098.750 r
  U2230/Y (NAND2X1)                    848770.750 2949869.500 f
  U2233/Y (NAND2X1)                    899563.000 3849432.500 r
  U2234/Y (NAND2X1)                    865437.500 4714870.000 f
  U2268/Y (XOR2X1)                     5228912.000
                                                  9943782.000 r
  U2434/Y (XOR2X1)                     4327262.000
                                                  14271044.000 f
  U2435/Y (XOR2X1)                     5985716.000
                                                  20256760.000 r
  U2542/Y (XOR2X1)                     4223406.000
                                                  24480166.000 f
  U2543/Y (XOR2X1)                     5723190.000
                                                  30203356.000 r
  U2612/Y (XOR2X1)                     4336196.000
                                                  34539552.000 f
  U2613/Y (XOR2X1)                     5963272.000
                                                  40502824.000 r
  U2614/Y (INVX1)                      1251044.000
                                                  41753868.000 f
  U2802/Y (XOR2X1)                     2903852.000
                                                  44657720.000 f
  U474/Y (XNOR2X1)                     6159308.000
                                                  50817028.000 f
  U2803/Y (XOR2X1)                     5400068.000
                                                  56217096.000 r
  U2804/Y (XOR2X1)                     4344492.000
                                                  60561588.000 f
  U2805/Y (OR2X1)                      2057964.000
                                                  62619552.000 f
  U2841/Y (NAND2X1)                    873784.000 63493336.000 r
  U2842/Y (NAND2X1)                    866304.000 64359640.000 f
  U2843/Y (OR2X1)                      2092328.000
                                                  66451968.000 f
  U2848/Y (NAND2X1)                    871952.000 67323920.000 r
  U74/Y (AND2X1)                       1794240.000
                                                  69118160.000 r
  U73/Y (INVX1)                        718808.000 69836968.000 f
  U2850/Y (OR2X1)                      2115216.000
                                                  71952184.000 f
  U2854/Y (NAND2X1)                    870728.000 72822912.000 r
  U76/Y (AND2X1)                       1794424.000
                                                  74617336.000 r
  U75/Y (INVX1)                        716240.000 75333576.000 f
  U2856/Y (OR2X1)                      2115208.000
                                                  77448784.000 f
  U471/Y (AND2X1)                      1851008.000
                                                  79299792.000 f
  U80/Y (OR2X1)                        2086256.000
                                                  81386048.000 f
  U2863/Y (OR2X1)                      2081528.000
                                                  83467576.000 f
  U2868/Y (NAND2X1)                    872528.000 84340104.000 r
  U78/Y (AND2X1)                       1795400.000
                                                  86135504.000 r
  U77/Y (INVX1)                        720016.000 86855520.000 f
  U2870/Y (OR2X1)                      2115216.000
                                                  88970736.000 f
  U472/Y (AND2X1)                      2048496.000
                                                  91019232.000 f
  U473/Y (INVX1)                       -1307096.000
                                                  89712136.000 r
  U2876/Y (NAND2X1)                    805376.000 90517512.000 f
  U2881/Y (XOR2X1)                     5292912.000
                                                  95810424.000 r
  U2882/Y (XOR2X1)                     4325608.000
                                                  100136032.000 f
  U2887/Y (NOR2X1)                     1238840.000
                                                  101374872.000 r
  U2893/Y (NAND2X1)                    839192.000 102214064.000 f
  U488/Y (NAND2X1)                     927096.000 103141160.000 r
  U3837/Y (NAND2X1)                    1232328.000
                                                  104373488.000 f
  U3845/Y (XOR2X1)                     5293720.000
                                                  109667208.000 r
  U3846/Y (XOR2X1)                     4342568.000
                                                  114009776.000 f
  U3864/Y (OR2X1)                      2057968.000
                                                  116067744.000 f
  U3912/Y (NAND2X1)                    872136.000 116939880.000 r
  U3914/Y (NAND2X1)                    865416.000 117805296.000 f
  U3934/Y (NAND2X1)                    879392.000 118684688.000 r
  U3936/Y (NAND2X1)                    872552.000 119557240.000 f
  U3941/Y (NAND2X1)                    879336.000 120436576.000 r
  U119/Y (AND2X1)                      1798128.000
                                                  122234704.000 r
  U120/Y (INVX1)                       715216.000 122949920.000 f
  U3947/Y (NAND2X1)                    935736.000 123885656.000 r
  U3948/Y (OR2X1)                      2654040.000
                                                  126539696.000 r
  U3952/Y (NAND2X1)                    799464.000 127339160.000 f
  U3954/Y (NAND2X1)                    896440.000 128235600.000 r
  U3955/Y (OR2X1)                      2608792.000
                                                  130844392.000 r
  U3959/Y (NAND2X1)                    799464.000 131643856.000 f
  U3961/Y (NAND2X1)                    897152.000 132541008.000 r
  U4075/Y (XOR2X1)                     4742000.000
                                                  137283008.000 f
  U887/Y (AND2X1)                      2064880.000
                                                  139347888.000 f
  U888/Y (INVX1)                       -1530128.000
                                                  137817760.000 r
  U4158/Y (NAND2X1)                    1049744.000
                                                  138867504.000 f
  U4163/Y (NAND2X1)                    1380320.000
                                                  140247824.000 r
  U456/Y (AND2X1)                      1798496.000
                                                  142046320.000 r
  U457/Y (INVX1)                       715536.000 142761856.000 f
  U4179/Y (NAND2X1)                    1357296.000
                                                  144119152.000 r
  U564/Y (INVX1)                       1110160.000
                                                  145229312.000 f
  U4249/Y (NOR2X1)                     1167824.000
                                                  146397136.000 r
  U4254/Y (NOR2X1)                     97600.000  146494736.000 f
  U4257/Y (NOR2X1)                     1193072.000
                                                  147687808.000 r
  U4258/Y (NAND2X1)                    834368.000 148522176.000 f
  U94/Y (NAND2X1)                      1385792.000
                                                  149907968.000 r
  U4263/Y (OR2X1)                      2562672.000
                                                  152470640.000 r
  U450/Y (AND2X1)                      1883104.000
                                                  154353744.000 r
  U451/Y (INVX1)                       718352.000 155072096.000 f
  U4265/Y (OR2X1)                      2115280.000
                                                  157187376.000 f
  U552/Y (AND2X1)                      2048496.000
                                                  159235872.000 f
  U553/Y (INVX1)                       -1450176.000
                                                  157785696.000 r
  U4269/Y (NAND2X1)                    802048.000 158587744.000 f
  U465/Y (AND2X1)                      1854000.000
                                                  160441744.000 f
  U98/Y (NOR2X1)                       1637920.000
                                                  162079664.000 r
  U95/Y (INVX1)                        1004320.000
                                                  163083984.000 f
  U4275/Y (NAND2X1)                    919216.000 164003200.000 r
  U4276/Y (NAND2X1)                    1155808.000
                                                  165159008.000 f
  U4280/Y (OR2X1)                      2087696.000
                                                  167246704.000 f
  U4281/Y (NAND2X1)                    872192.000 168118896.000 r
  U446/Y (AND2X1)                      1807792.000
                                                  169926688.000 r
  U458/Y (NOR2X1)                      95776.000  170022464.000 f
  U4283/Y (NAND2X1)                    1382768.000
                                                  171405232.000 r
  U476/Y (AND2X1)                      1797984.000
                                                  173203216.000 r
  U477/Y (INVX1)                       718128.000 173921344.000 f
  U4289/Y (NAND2X1)                    924544.000 174845888.000 r
  U466/Y (AND2X1)                      1798496.000
                                                  176644384.000 r
  U467/Y (INVX1)                       718128.000 177362512.000 f
  U558/Y (AND2X1)                      2034864.000
                                                  179397376.000 f
  U559/Y (INVX1)                       -1450496.000
                                                  177946880.000 r
  U4301/Y (NAND2X1)                    802064.000 178748944.000 f
  U4305/Y (OR2X1)                      2092624.000
                                                  180841568.000 f
  U81/Y (NAND2X1)                      871936.000 181713504.000 r
  U86/Y (NAND2X1)                      931648.000 182645152.000 f
  U4324/Y (NAND2X1)                    881024.000 183526176.000 r
  U4325/Y (NAND2X1)                    1155808.000
                                                  184681984.000 f
  U470/Y (AND2X1)                      1853472.000
                                                  186535456.000 f
  U72/Y (NOR2X1)                       1637920.000
                                                  188173376.000 r
  U468/Y (INVX1)                       1004208.000
                                                  189177584.000 f
  U4345/Y (NAND2X1)                    1284624.000
                                                  190462208.000 r
  U448/Y (AND2X1)                      2174672.000
                                                  192636880.000 r
  U449/Y (INVX1)                       715536.000 193352416.000 f
  U4346/Y (NAND2X1)                    924544.000 194276960.000 r
  U4347/Y (NAND2X1)                    866000.000 195142960.000 f
  U479/Y (AND2X1)                      1853488.000
                                                  196996448.000 f
  U478/Y (NOR2X1)                      1213504.000
                                                  198209952.000 r
  U4356/Y (NOR2X1)                     62160.000  198272112.000 f
  out[0] (out)                            0.000   198272112.000 f
  data arrival time                               198272112.000

  clock clk (rise edge)                200000000.000
                                                  200000000.000
  clock network delay (ideal)             0.000   200000000.000
  output external delay                   0.000   200000000.000
  data required time                              200000000.000
  -----------------------------------------------------------
  data required time                              200000000.000
  data arrival time                               -198272112.000
  -----------------------------------------------------------
  slack (MET)                                     1727888.000


1
