 
****************************************
Report : timing
        -path full
        -delay max
        -max_paths 1
Design : top
Version: S-2021.06-SP2
Date   : Tue Nov 29 16:55:19 2022
****************************************

Operating Conditions: TT   Library: PPDK_Standard_Library_1.0V_25C_TYP_X1
Wire Load Model Mode: top

  Startpoint: inp[12] (input port clocked by clk)
  Endpoint: out[0] (output port clocked by clk)
  Path Group: clk
  Path Type: max

  Point                                    Incr       Path
  -----------------------------------------------------------
  clock clk (rise edge)                   0.000      0.000
  clock network delay (ideal)             0.000      0.000
  input external delay                    0.000      0.000 r
  inp[12] (in)                            0.000      0.000 r
  U1064/Y (INVX1)                      54751.289  54751.289 f
  U1319/Y (XOR2X1)                     5929874.000
                                                  5984625.500 r
  U817/Y (AND2X1)                      1783515.500
                                                  7768141.000 r
  U818/Y (INVX1)                       704992.000 8473133.000 f
  U1322/Y (AND2X1)                     2243896.000
                                                  10717029.000 f
  U1323/Y (XOR2X1)                     3134757.000
                                                  13851786.000 f
  U615/Y (XNOR2X1)                     6157514.000
                                                  20009300.000 f
  U1329/Y (XOR2X1)                     5218230.000
                                                  25227530.000 r
  U637/Y (AND2X1)                      1818738.000
                                                  27046268.000 r
  U638/Y (INVX1)                       707984.000 27754252.000 f
  U1330/Y (AND2X1)                     1869122.000
                                                  29623374.000 f
  U1331/Y (XOR2X1)                     5372766.000
                                                  34996140.000 r
  U1332/Y (INVX1)                      1264836.000
                                                  36260976.000 f
  U809/Y (AND2X1)                      2034688.000
                                                  38295664.000 f
  U810/Y (INVX1)                       -1449404.000
                                                  36846260.000 r
  U1351/Y (AND2X1)                     1341164.000
                                                  38187424.000 r
  U1361/Y (XOR2X1)                     4454520.000
                                                  42641944.000 f
  U749/Y (AND2X1)                      2417468.000
                                                  45059412.000 f
  U750/Y (INVX1)                       -1449688.000
                                                  43609724.000 r
  U1362/Y (NAND2X1)                    1054092.000
                                                  44663816.000 f
  U1366/Y (XOR2X1)                     5244080.000
                                                  49907896.000 r
  U641/Y (AND2X1)                      1818708.000
                                                  51726604.000 r
  U642/Y (INVX1)                       715380.000 52441984.000 f
  U1368/Y (NAND2X1)                    1368448.000
                                                  53810432.000 r
  U494/Y (XNOR2X1)                     6445616.000
                                                  60256048.000 r
  U495/Y (INVX1)                       948648.000 61204696.000 f
  U635/Y (AND2X1)                      2458136.000
                                                  63662832.000 f
  U636/Y (INVX1)                       -1174684.000
                                                  62488148.000 r
  U553/Y (AND2X1)                      2198884.000
                                                  64687032.000 r
  U554/Y (INVX1)                       725508.000 65412540.000 f
  U1387/Y (INVX1)                      505832.000 65918372.000 r
  U1388/Y (NAND2X1)                    808104.000 66726476.000 f
  U828/Y (AND2X1)                      2046660.000
                                                  68773136.000 f
  U1397/Y (NAND2X1)                    859728.000 69632864.000 r
  U1399/Y (NAND2X1)                    929392.000 70562256.000 f
  U590/Y (INVX1)                       226408.000 70788664.000 r
  U591/Y (INVX1)                       648864.000 71437528.000 f
  U1414/Y (XOR2X1)                     5929752.000
                                                  77367280.000 r
  U815/Y (AND2X1)                      1781928.000
                                                  79149208.000 r
  U816/Y (INVX1)                       712664.000 79861872.000 f
  U1415/Y (AND2X1)                     2243896.000
                                                  82105768.000 f
  U492/Y (XNOR2X1)                     6627208.000
                                                  88732976.000 f
  U493/Y (INVX1)                       -1287856.000
                                                  87445120.000 r
  U2173/Y (XOR2X1)                     4516456.000
                                                  91961576.000 f
  U2181/Y (NAND2X1)                    836968.000 92798544.000 r
  U2182/Y (AND2X1)                     2751496.000
                                                  95550040.000 r
  U325/Y (AND2X1)                      2190720.000
                                                  97740760.000 r
  U326/Y (INVX1)                       710304.000 98451064.000 f
  U2183/Y (NAND2X1)                    1752792.000
                                                  100203856.000 r
  U2184/Y (INVX1)                      1216872.000
                                                  101420728.000 f
  U2192/Y (NAND2X1)                    925136.000 102345864.000 r
  U2193/Y (OR2X1)                      2605352.000
                                                  104951216.000 r
  U2194/Y (NAND2X1)                    799184.000 105750400.000 f
  U2196/Y (NAND2X1)                    1345336.000
                                                  107095736.000 r
  U2509/Y (INVX1)                      1101296.000
                                                  108197032.000 f
  U2510/Y (NAND2X1)                    1776616.000
                                                  109973648.000 r
  U571/Y (INVX1)                       1239704.000
                                                  111213352.000 f
  U572/Y (INVX1)                       968016.000 112181368.000 r
  U870/Y (INVX1)                       646280.000 112827648.000 f
  U2526/Y (NAND2X1)                    1286552.000
                                                  114114200.000 r
  U2527/Y (NAND2X1)                    1127984.000
                                                  115242184.000 f
  U2528/Y (NAND2X1)                    1394800.000
                                                  116636984.000 r
  U2536/Y (NAND2X1)                    930944.000 117567928.000 f
  U2551/Y (NAND2X1)                    881000.000 118448928.000 r
  U2552/Y (NAND2X1)                    1155888.000
                                                  119604816.000 f
  U2557/Y (OR2X1)                      2087696.000
                                                  121692512.000 f
  U2567/Y (NAND2X1)                    870736.000 122563248.000 r
  U2569/Y (NAND2X1)                    866080.000 123429328.000 f
  U2570/Y (NAND2X1)                    1394784.000
                                                  124824112.000 r
  U2571/Y (NAND2X1)                    1154728.000
                                                  125978840.000 f
  U2576/Y (NAND2X1)                    879352.000 126858192.000 r
  U2577/Y (NAND2X1)                    866888.000 127725080.000 f
  U610/Y (NAND2X1)                     1371224.000
                                                  129096304.000 r
  U575/Y (INVX1)                       1101512.000
                                                  130197816.000 f
  U576/Y (INVX1)                       976280.000 131174096.000 r
  U2578/Y (INVX1)                      651296.000 131825392.000 f
  U2601/Y (NAND2X1)                    1286664.000
                                                  133112056.000 r
  U2603/Y (NAND2X1)                    849512.000 133961568.000 f
  U2604/Y (NAND2X1)                    1394800.000
                                                  135356368.000 r
  U2607/Y (NAND2X1)                    866832.000 136223200.000 f
  U2608/Y (NOR2X1)                     1195024.000
                                                  137418224.000 r
  U2614/Y (NAND2X1)                    834368.000 138252592.000 f
  U2616/Y (NAND2X1)                    1341904.000
                                                  139594496.000 r
  U2617/Y (INVX1)                      1116224.000
                                                  140710720.000 f
  U2622/Y (NAND2X1)                    919344.000 141630064.000 r
  U2626/Y (NAND2X1)                    848096.000 142478160.000 f
  U2628/Y (NAND2X1)                    1341744.000
                                                  143819904.000 r
  U2629/Y (INVX1)                      1095952.000
                                                  144915856.000 f
  U2630/Y (NAND2X1)                    1284304.000
                                                  146200160.000 r
  U2635/Y (NAND2X1)                    848080.000 147048240.000 f
  U2637/Y (NAND2X1)                    1341904.000
                                                  148390144.000 r
  U2646/Y (INVX1)                      1096448.000
                                                  149486592.000 f
  U2647/Y (NAND2X1)                    1284304.000
                                                  150770896.000 r
  U2648/Y (NAND2X1)                    1127408.000
                                                  151898304.000 f
  U2651/Y (NAND2X1)                    881216.000 152779520.000 r
  U2652/Y (NAND2X1)                    848368.000 153627888.000 f
  U2653/Y (NAND2X1)                    1399536.000
                                                  155027424.000 r
  U2654/Y (NAND2X1)                    1239072.000
                                                  156266496.000 f
  U588/Y (INVX1)                       225488.000 156491984.000 r
  U589/Y (INVX1)                       665616.000 157157600.000 f
  U953/Y (INVX1)                       479760.000 157637360.000 r
  U2702/Y (AND2X1)                     2010512.000
                                                  159647872.000 r
  U2708/Y (NOR2X1)                     -95472.000 159552400.000 f
  U2709/Y (OR2X1)                      2088320.000
                                                  161640720.000 f
  U2714/Y (NAND2X1)                    872128.000 162512848.000 r
  U2716/Y (NAND2X1)                    866832.000 163379680.000 f
  U2719/Y (OR2X1)                      2087680.000
                                                  165467360.000 f
  U2723/Y (NAND2X1)                    872128.000 166339488.000 r
  U2725/Y (NAND2X1)                    867728.000 167207216.000 f
  U2731/Y (OR2X1)                      2087712.000
                                                  169294928.000 f
  U2732/Y (NAND2X1)                    1420800.000
                                                  170715728.000 r
  U2733/Y (NAND2X1)                    1161488.000
                                                  171877216.000 f
  U2735/Y (NAND2X1)                    878928.000 172756144.000 r
  U2736/Y (NAND2X1)                    1155936.000
                                                  173912080.000 f
  U2738/Y (NAND2X1)                    879280.000 174791360.000 r
  U2741/Y (NAND2X1)                    866832.000 175658192.000 f
  U2742/Y (NAND2X1)                    1403248.000
                                                  177061440.000 r
  U907/Y (AND2X1)                      2156944.000
                                                  179218384.000 r
  U397/Y (AND2X1)                      2181008.000
                                                  181399392.000 r
  U398/Y (INVX1)                       713472.000 182112864.000 f
  U2746/Y (NAND2X1)                    918864.000 183031728.000 r
  U2751/Y (NAND2X1)                    866528.000 183898256.000 f
  out[0] (out)                            0.000   183898256.000 f
  data arrival time                               183898256.000

  clock clk (rise edge)                250000000.000
                                                  250000000.000
  clock network delay (ideal)             0.000   250000000.000
  output external delay                   0.000   250000000.000
  data required time                              250000000.000
  -----------------------------------------------------------
  data required time                              250000000.000
  data arrival time                               -183898256.000
  -----------------------------------------------------------
  slack (MET)                                     66101744.000


1
