 
****************************************
Report : timing
        -path full
        -delay max
        -max_paths 1
Design : top
Version: S-2021.06-SP2
Date   : Wed Dec 14 21:12:14 2022
****************************************

Operating Conditions: TT   Library: PPDK_Standard_Library_1.0V_25C_TYP_X1
Wire Load Model Mode: top

  Startpoint: inp[12] (input port clocked by clk)
  Endpoint: out[1] (output port clocked by clk)
  Path Group: clk
  Path Type: max

  Point                                    Incr       Path
  -----------------------------------------------------------
  clock clk (rise edge)                   0.000      0.000
  clock network delay (ideal)             0.000      0.000
  input external delay                    0.000      0.000 f
  inp[12] (in)                            0.000      0.000 f
  U604/Y (NAND2X1)                     1282054.500
                                                  1282054.500 r
  U605/Y (NAND2X1)                     1127240.500
                                                  2409295.000 f
  U620/Y (NAND2X1)                     886971.750 3296266.750 r
  U621/Y (XOR2X1)                      4830769.000
                                                  8127036.000 f
  U622/Y (XOR2X1)                      5963938.000
                                                  14090974.000 r
  U456/Y (AND2X1)                      1781924.000
                                                  15872898.000 r
  U457/Y (INVX1)                       717301.000 16590199.000 f
  U750/Y (NAND2X1)                     924353.000 17514552.000 r
  U525/Y (XNOR2X1)                     5372562.000
                                                  22887114.000 r
  U526/Y (INVX1)                       1009380.000
                                                  23896494.000 f
  U1328/Y (NAND2X1)                    924812.000 24821306.000 r
  U1377/Y (NAND2X1)                    849420.000 25670726.000 f
  U213/Y (XNOR2X1)                     5987674.000
                                                  31658400.000 f
  U214/Y (INVX1)                       -1255612.000
                                                  30402788.000 r
  U1380/Y (NAND2X1)                    801242.000 31204030.000 f
  U1381/Y (NAND2X1)                    1404610.000
                                                  32608640.000 r
  U1384/Y (OR2X1)                      2592800.000
                                                  35201440.000 r
  U111/Y (AND2X1)                      2200600.000
                                                  37402040.000 r
  U112/Y (INVX1)                       707088.000 38109128.000 f
  U1385/Y (NAND2X1)                    1291620.000
                                                  39400748.000 r
  U1388/Y (OR2X1)                      2330220.000
                                                  41730968.000 r
  U129/Y (AND2X1)                      2199508.000
                                                  43930476.000 r
  U130/Y (INVX1)                       707444.000 44637920.000 f
  U1389/Y (NAND2X1)                    1291620.000
                                                  45929540.000 r
  U1390/Y (OR2X1)                      2330216.000
                                                  48259756.000 r
  U434/Y (AND2X1)                      2199508.000
                                                  50459264.000 r
  U435/Y (INVX1)                       707444.000 51166708.000 f
  U1393/Y (NAND2X1)                    1291620.000
                                                  52458328.000 r
  U1395/Y (OR2X1)                      2330200.000
                                                  54788528.000 r
  U147/Y (AND2X1)                      2199508.000
                                                  56988036.000 r
  U148/Y (INVX1)                       707444.000 57695480.000 f
  U1401/Y (AND2X1)                     2238232.000
                                                  59933712.000 f
  U1402/Y (NAND2X1)                    864424.000 60798136.000 r
  U584/Y (AND2X1)                      2124684.000
                                                  62922820.000 r
  U585/Y (INVX1)                       749544.000 63672364.000 f
  U1404/Y (NAND2X1)                    1285952.000
                                                  64958316.000 r
  U556/Y (OR2X1)                       1527312.000
                                                  66485628.000 r
  U558/Y (AND2X1)                      2160436.000
                                                  68646064.000 r
  U596/Y (INVX1)                       747576.000 69393640.000 f
  U255/Y (XNOR2X1)                     4282936.000
                                                  73676576.000 r
  U256/Y (INVX1)                       909064.000 74585640.000 f
  U1466/Y (XOR2X1)                     4913744.000
                                                  79499384.000 r
  U1467/Y (NAND2X1)                    1229576.000
                                                  80728960.000 f
  U384/Y (INVX1)                       226112.000 80955072.000 r
  U385/Y (INVX1)                       646456.000 81601528.000 f
  U1468/Y (NAND2X1)                    1285984.000
                                                  82887512.000 r
  U145/Y (AND2X1)                      1818704.000
                                                  84706216.000 r
  U146/Y (INVX1)                       708592.000 85414808.000 f
  U1476/Y (NAND2X1)                    1291736.000
                                                  86706544.000 r
  U1477/Y (NAND2X1)                    1126960.000
                                                  87833504.000 f
  U1478/Y (NAND2X1)                    1752600.000
                                                  89586104.000 r
  U1480/Y (INVX1)                      1101392.000
                                                  90687496.000 f
  U1481/Y (NAND2X1)                    924992.000 91612488.000 r
  U1482/Y (NAND2X1)                    1154752.000
                                                  92767240.000 f
  U1483/Y (NAND2X1)                    1404592.000
                                                  94171832.000 r
  U1484/Y (OR2X1)                      2592744.000
                                                  96764576.000 r
  U155/Y (AND2X1)                      2196688.000
                                                  98961264.000 r
  U156/Y (INVX1)                       708584.000 99669848.000 f
  U286/Y (XNOR2X1)                     4282456.000
                                                  103952304.000 r
  U287/Y (INVX1)                       982776.000 104935080.000 f
  U1674/Y (XOR2X1)                     4913984.000
                                                  109849064.000 r
  U1675/Y (OR2X1)                      2349792.000
                                                  112198856.000 r
  U99/Y (AND2X1)                       2199584.000
                                                  114398440.000 r
  U100/Y (INVX1)                       707640.000 115106080.000 f
  U1678/Y (AND2X1)                     2238232.000
                                                  117344312.000 f
  U1679/Y (NAND2X1)                    870408.000 118214720.000 r
  U1697/Y (NAND2X1)                    1151304.000
                                                  119366024.000 f
  U101/Y (AND2X1)                      2045992.000
                                                  121412016.000 f
  U102/Y (INVX1)                       -1315560.000
                                                  120096456.000 r
  U123/Y (AND2X1)                      1880944.000
                                                  121977400.000 r
  U124/Y (INVX1)                       707456.000 122684856.000 f
  U1699/Y (NAND2X1)                    1291616.000
                                                  123976472.000 r
  U1701/Y (OR2X1)                      2330200.000
                                                  126306672.000 r
  U103/Y (AND2X1)                      2199504.000
                                                  128506176.000 r
  U104/Y (INVX1)                       707440.000 129213616.000 f
  U1902/Y (NAND2X1)                    1291616.000
                                                  130505232.000 r
  U1905/Y (OR2X1)                      2330232.000
                                                  132835464.000 r
  U1907/Y (NAND2X1)                    801312.000 133636776.000 f
  U1908/Y (XOR2X1)                     5353432.000
                                                  138990208.000 r
  U1909/Y (INVX1)                      1253600.000
                                                  140243808.000 f
  U1910/Y (NAND2X1)                    1283760.000
                                                  141527568.000 r
  U1911/Y (NAND2X1)                    1127264.000
                                                  142654832.000 f
  U1916/Y (OR2X1)                      2088992.000
                                                  144743824.000 f
  U1922/Y (NAND2X1)                    870736.000 145614560.000 r
  U363/Y (AND2X1)                      1795424.000
                                                  147409984.000 r
  U323/Y (INVX1)                       732576.000 148142560.000 f
  U1924/Y (INVX1)                      1047360.000
                                                  149189920.000 r
  U1950/Y (NAND2X1)                    1103104.000
                                                  150293024.000 f
  U1951/Y (NAND2X1)                    1395008.000
                                                  151688032.000 r
  U1952/Y (NOR2X1)                     -311408.000
                                                  151376624.000 f
  U1954/Y (NAND2X1)                    880368.000 152256992.000 r
  U442/Y (AND2X1)                      1798160.000
                                                  154055152.000 r
  U443/Y (INVX1)                       715792.000 154770944.000 f
  U1958/Y (NAND2X1)                    1291584.000
                                                  156062528.000 r
  U1959/Y (NAND2X1)                    1128256.000
                                                  157190784.000 f
  U1965/Y (NAND2X1)                    1394848.000
                                                  158585632.000 r
  U1966/Y (NAND2X1)                    1154752.000
                                                  159740384.000 f
  U1967/Y (NAND2X1)                    879360.000 160619744.000 r
  U1968/Y (NAND2X1)                    1126864.000
                                                  161746608.000 f
  U1969/Y (NOR2X1)                     1195056.000
                                                  162941664.000 r
  U1970/Y (NOR2X1)                     1028208.000
                                                  163969872.000 f
  U1975/Y (INVX1)                      -291376.000
                                                  163678496.000 r
  U458/Y (AND2X1)                      2198864.000
                                                  165877360.000 r
  U459/Y (INVX1)                       707872.000 166585232.000 f
  U1979/Y (NAND2X1)                    1285776.000
                                                  167871008.000 r
  U1981/Y (AND2X1)                     913808.000 168784816.000 r
  U1982/Y (NAND2X1)                    841936.000 169626752.000 f
  U1983/Y (NAND2X1)                    1381936.000
                                                  171008688.000 r
  U1984/Y (NAND2X1)                    1151392.000
                                                  172160080.000 f
  U1989/Y (NAND2X1)                    885488.000 173045568.000 r
  U1991/Y (NOR2X1)                     -320496.000
                                                  172725072.000 f
  U1995/Y (NOR2X1)                     1195936.000
                                                  173921008.000 r
  U1997/Y (NAND2X1)                    834464.000 174755472.000 f
  U1998/Y (NAND2X1)                    1394672.000
                                                  176150144.000 r
  U1999/Y (NAND2X1)                    1154704.000
                                                  177304848.000 f
  U2000/Y (NAND2X1)                    879360.000 178184208.000 r
  U2001/Y (NAND2X1)                    1126400.000
                                                  179310608.000 f
  U2002/Y (NAND2X1)                    887088.000 180197696.000 r
  U2008/Y (NOR2X1)                     -88640.000 180109056.000 f
  U2011/Y (NOR2X1)                     1195568.000
                                                  181304624.000 r
  U2012/Y (NAND2X1)                    1104224.000
                                                  182408848.000 f
  U2013/Y (NAND2X1)                    1395200.000
                                                  183804048.000 r
  U2018/Y (NOR2X1)                     -311776.000
                                                  183492272.000 f
  U2021/Y (NOR2X1)                     1195840.000
                                                  184688112.000 r
  U2022/Y (NAND2X1)                    1104272.000
                                                  185792384.000 f
  U2023/Y (NAND2X1)                    1395216.000
                                                  187187600.000 r
  U398/Y (AND2X1)                      1796304.000
                                                  188983904.000 r
  U399/Y (INVX1)                       715536.000 189699440.000 f
  U2028/Y (NAND2X1)                    918864.000 190618304.000 r
  U113/Y (AND2X1)                      1795392.000
                                                  192413696.000 r
  U114/Y (INVX1)                       707376.000 193121072.000 f
  U2033/Y (NAND2X1)                    1291616.000
                                                  194412688.000 r
  U2034/Y (NOR2X1)                     -88688.000 194324000.000 f
  U2035/Y (NOR2X1)                     1195936.000
                                                  195519936.000 r
  U2036/Y (NAND2X1)                    834464.000 196354400.000 f
  U2038/Y (NAND2X1)                    879616.000 197234016.000 r
  out[1] (out)                            0.000   197234016.000 r
  data arrival time                               197234016.000

  clock clk (rise edge)                200000000.000
                                                  200000000.000
  clock network delay (ideal)             0.000   200000000.000
  output external delay                   0.000   200000000.000
  data required time                              200000000.000
  -----------------------------------------------------------
  data required time                              200000000.000
  data arrival time                               -197234016.000
  -----------------------------------------------------------
  slack (MET)                                     2765984.000


1
