Information: Updating design information... (UID-85)
 
****************************************
Report : qor
Design : top
Version: S-2021.06-SP2
Date   : Wed Dec 14 21:12:14 2022
****************************************


  Timing Path Group 'clk'
  -----------------------------------
  Levels of Logic:             136.00
  Critical Path Length:  197234016.00
  Critical Path Slack:     2765984.00
  Critical Path Clk Period:
                         200000000.00
  Total Negative Slack:          0.00
  No. of Violating Paths:        0.00
  Worst Hold Violation:          0.00
  Total Hold Violation:          0.00
  No. of Hold Violations:        0.00
  -----------------------------------


  Cell Count
  -----------------------------------
  Hierarchical Cell Count:          0
  Hierarchical Port Count:          0
  Leaf Cell Count:               1973
  Buf/Inv Cell Count:             476
  Buf Cell Count:                   0
  Inv Cell Count:                 476
  CT Buf/Inv Cell Count:            0
  Combinational Cell Count:      1973
  Sequential Cell Count:            0
  Macro Count:                      0
  -----------------------------------


  Area
  -----------------------------------
  Combinational Area:
                     714336321.000000
  Noncombinational Area:     0.000000
  Buf/Inv Area:      108727920.000000
  Total Buffer Area:             0.00
  Total Inverter Area:   108727920.00
  Macro/Black Box Area:      0.000000
  Net Area:                  0.000000
  -----------------------------------
  Cell Area:         714336321.000000
  Design Area:       714336321.000000


  Design Rules
  -----------------------------------
  Total Number of Nets:          1997
  Nets With Violations:          1973
  Max Trans Violations:          1973
  Max Cap Violations:               0
  -----------------------------------


  Hostname: leoforos

  Compile CPU Statistics
  -----------------------------------------
  Resource Sharing:                    5.77
  Logic Optimization:                  0.11
  Mapping Optimization:                1.77
  -----------------------------------------
  Overall Compile Time:               43.12
  Overall Compile Wall Clock Time:    43.47

  --------------------------------------------------------------------

  Design  WNS: 0.00  TNS: 0.00  Number of Violating Paths: 0


  Design (Hold)  WNS: 0.00  TNS: 0.00  Number of Violating Paths: 0

  --------------------------------------------------------------------


1
