****************************************
Report : Averaged Power
Design : top
Version: S-2021.06-SP1
Date   : Wed Dec 14 21:12:30 2022
****************************************



  Attributes
  ----------
      i  -  Including register clock pin internal power
      u  -  User defined power group

                        Internal  Switching  Leakage    Total
Power Group             Power     Power      Power      Power   (     %)  Attrs
--------------------------------------------------------------------------------
clock_network              0.0000    0.0000    0.0000    0.0000 ( 0.00%)  i
register                   0.0000    0.0000    0.0000    0.0000 ( 0.00%)  
combinational           9.610e-04 6.332e-06    0.0228    0.0238 (100.00%) 
sequential                 0.0000    0.0000    0.0000    0.0000 ( 0.00%)  
memory                     0.0000    0.0000    0.0000    0.0000 ( 0.00%)  
io_pad                     0.0000    0.0000    0.0000    0.0000 ( 0.00%)  
black_box                  0.0000    0.0000    0.0000    0.0000 ( 0.00%)  

  Net Switching Power  = 6.332e-06   ( 0.03%)
  Cell Internal Power  = 9.610e-04   ( 4.04%)
  Cell Leakage Power   =    0.0228   (95.93%)
                         ---------
Total Power            =    0.0238  (100.00%)

1
