****************************************
Report : timing
	-path_type full
	-delay_type max
	-max_paths 1
	-sort_by slack
Design : top
Version: S-2021.06-SP1
Date   : Tue Nov 29 14:27:46 2022
****************************************


  Startpoint: inp[1] (input port clocked by clk)
  Endpoint: out[0] (output port clocked by clk)
  Path Group: clk
  Path Type: max

  Point                                    Incr       Path
  ---------------------------------------------------------------
  clock clk (rise edge)                   0.000      0.000
  clock network delay (ideal)             0.000      0.000
  input external delay                    0.000      0.000 f
  inp[1] (in)                             0.000      0.000 f
  U1941/Y (NAND2X1)                    1288064.000
                                                  1288064.000 r
  U1943/Y (NAND2X1)                    1129072.000
                                                  2417136.000 f
  U1944/Y (OR2X1)                      2088992.000
                                                  4506128.000 f
  U1945/Y (NAND2X1)                    877840.000 5383968.000 r
  U768/Y (AND2X1)                      2167072.000
                                                  7551040.000 r
  U769/Y (INVX1)                       718880.000 8269920.000 f
  U1947/Y (NAND2X1)                    918688.000 9188608.000 r
  U1948/Y (NAND2X1)                    1128560.000
                                                  10317168.000 f
  U1950/Y (XOR2X1)                     5361632.000
                                                  15678800.000 r
  U856/Y (AND2X1)                      1816416.000
                                                  17495216.000 r
  U857/Y (INVX1)                       718816.000 18214032.000 f
  U1956/Y (NAND2X1)                    1297520.000
                                                  19511552.000 r
  U1960/Y (XOR2X1)                     4333664.000
                                                  23845216.000 f
  U1961/Y (XOR2X1)                     3251472.000
                                                  27096688.000 f
  U1962/Y (XOR2X1)                     5737920.000
                                                  32834608.000 r
  U1963/Y (XOR2X1)                     4744704.000
                                                  37579312.000 f
  U1967/Y (XOR2X1)                     5741536.000
                                                  43320848.000 r
  U2062/Y (XOR2X1)                     4343792.000
                                                  47664640.000 f
  U2162/Y (XOR2X1)                     5406480.000
                                                  53071120.000 r
  U2294/Y (XOR2X1)                     4225824.000
                                                  57296944.000 f
  U2295/Y (NAND2X1)                    837408.000 58134352.000 r
  U2296/Y (AND2X1)                     1809600.000
                                                  59943952.000 r
  U2297/Y (INVX1)                      724768.000 60668720.000 f
  U893/Y (XNOR2X1)                     6385936.000
                                                  67054656.000 f
  U720/Y (AND2X1)                      2048416.000
                                                  69103072.000 f
  U721/Y (INVX1)                       -1449616.000
                                                  67653456.000 r
  U2302/Y (NAND2X1)                    1051984.000
                                                  68705440.000 f
  U2303/Y (OR2X1)                      2095440.000
                                                  70800880.000 f
  U2319/Y (NAND2X1)                    877808.000 71678688.000 r
  U922/Y (AND2X1)                      1801072.000
                                                  73479760.000 r
  U923/Y (INVX1)                       715856.000 74195616.000 f
  U2324/Y (NAND2X1)                    1752768.000
                                                  75948384.000 r
  U2325/Y (NAND2X1)                    873456.000 76821840.000 f
  U2326/Y (OR2X1)                      2098544.000
                                                  78920384.000 f
  U1204/Y (AND2X1)                     2055856.000
                                                  80976240.000 f
  U4227/Y (NAND2X1)                    1327872.000
                                                  82304112.000 r
  U4228/Y (INVX1)                      1116528.000
                                                  83420640.000 f
  U4649/Y (NOR2X1)                     1180832.000
                                                  84601472.000 r
  U653/Y (XNOR2X1)                     6213312.000
                                                  90814784.000 r
  U654/Y (INVX1)                       919712.000 91734496.000 f
  U4958/Y (XOR2X1)                     5564080.000
                                                  97298576.000 r
  U4980/Y (XOR2X1)                     4328784.000
                                                  101627360.000 f
  U4996/Y (XOR2X1)                     5406448.000
                                                  107033808.000 r
  U5003/Y (XOR2X1)                     4225824.000
                                                  111259632.000 f
  U5014/Y (XOR2X1)                     5098088.000
                                                  116357720.000 r
  U5035/Y (XOR2X1)                     4335456.000
                                                  120693176.000 f
  U5036/Y (NAND2X1)                    836968.000 121530144.000 r
  U5037/Y (AND2X1)                     2876440.000
                                                  124406584.000 r
  U307/Y (AND2X1)                      1861736.000
                                                  126268320.000 r
  U308/Y (INVX1)                       715232.000 126983552.000 f
  U5039/Y (AND2X1)                     2243896.000
                                                  129227448.000 f
  U5040/Y (NAND2X1)                    1443688.000
                                                  130671136.000 r
  U5041/Y (NAND2X1)                    1169184.000
                                                  131840320.000 f
  U5053/Y (XOR2X1)                     5355264.000
                                                  137195584.000 r
  U1090/Y (AND2X1)                     2160000.000
                                                  139355584.000 r
  U1091/Y (INVX1)                      720304.000 140075888.000 f
  U5147/Y (NAND2X1)                    1285584.000
                                                  141361472.000 r
  U5150/Y (NAND2X1)                    848288.000 142209760.000 f
  U5164/Y (AND2X1)                     1856512.000
                                                  144066272.000 f
  U5168/Y (NOR2X1)                     1213328.000
                                                  145279600.000 r
  U5171/Y (NAND2X1)                    836400.000 146116000.000 f
  U700/Y (NAND2X1)                     1786816.000
                                                  147902816.000 r
  U668/Y (INVX1)                       1107392.000
                                                  149010208.000 f
  U669/Y (INVX1)                       976224.000 149986432.000 r
  U5172/Y (INVX1)                      651776.000 150638208.000 f
  U5182/Y (NAND2X1)                    1286928.000
                                                  151925136.000 r
  U5183/Y (NAND2X1)                    931408.000 152856544.000 f
  U5186/Y (NOR2X1)                     1194832.000
                                                  154051376.000 r
  U5190/Y (NOR2X1)                     102016.000 154153392.000 f
  U5195/Y (NAND2X1)                    880112.000 155033504.000 r
  U880/Y (AND2X1)                      1808736.000
                                                  156842240.000 r
  U871/Y (AND2X1)                      1835360.000
                                                  158677600.000 r
  U872/Y (INVX1)                       707712.000 159385312.000 f
  U5203/Y (NAND2X1)                    1291600.000
                                                  160676912.000 r
  U5204/Y (OR2X1)                      2340048.000
                                                  163016960.000 r
  U5207/Y (NAND2X1)                    799232.000 163816192.000 f
  U5209/Y (NAND2X1)                    884496.000 164700688.000 r
  U5212/Y (NOR2X1)                     -330496.000
                                                  164370192.000 f
  U5215/Y (OR2X1)                      2088240.000
                                                  166458432.000 f
  U5217/Y (NAND2X1)                    878128.000 167336560.000 r
  U692/Y (AND2X1)                      753920.000 168090480.000 r
  U690/Y (OR2X1)                       2378672.000
                                                  170469152.000 r
  U5228/Y (OR2X1)                      1643744.000
                                                  172112896.000 r
  U5233/Y (NAND2X1)                    804880.000 172917776.000 f
  U5235/Y (NAND2X1)                    885264.000 173803040.000 r
  U873/Y (OR2X1)                       2605536.000
                                                  176408576.000 r
  U5236/Y (NAND2X1)                    797088.000 177205664.000 f
  U5237/Y (NAND2X1)                    881872.000 178087536.000 r
  U882/Y (AND2X1)                      1830448.000
                                                  179917984.000 r
  U867/Y (AND2X1)                      1835648.000
                                                  181753632.000 r
  U868/Y (INVX1)                       717120.000 182470752.000 f
  U5248/Y (NAND2X1)                    918864.000 183389616.000 r
  U5251/Y (NAND2X1)                    930368.000 184319984.000 f
  U1215/Y (INVX1)                      324704.000 184644688.000 r
  U667/Y (INVX1)                       696736.000 185341424.000 f
  U5283/Y (NAND2X1)                    918512.000 186259936.000 r
  U5284/Y (NAND2X1)                    1157200.000
                                                  187417136.000 f
  U5285/Y (NAND2X1)                    1400272.000
                                                  188817408.000 r
  U693/Y (AND2X1)                      1794224.000
                                                  190611632.000 r
  U694/Y (INVX1)                       718768.000 191330400.000 f
  U5287/Y (OR2X1)                      2115280.000
                                                  193445680.000 f
  U5291/Y (NAND2X1)                    870736.000 194316416.000 r
  U5293/Y (NAND2X1)                    866848.000 195183264.000 f
  U5298/Y (NOR2X1)                     1196848.000
                                                  196380112.000 r
  U5303/Y (OR2X1)                      2133984.000
                                                  198514096.000 r
  U5305/Y (NAND2X1)                    802544.000 199316640.000 f
  U5309/Y (OR2X1)                      2087728.000
                                                  201404368.000 f
  U5314/Y (NAND2X1)                    872208.000 202276576.000 r
  U5316/Y (NAND2X1)                    930960.000 203207536.000 f
  U5317/Y (INVX1)                      -563056.000
                                                  202644480.000 r
  U5318/Y (NAND2X1)                    1050448.000
                                                  203694928.000 f
  U5322/Y (NAND2X1)                    886128.000 204581056.000 r
  U5324/Y (NAND2X1)                    930992.000 205512048.000 f
  U5325/Y (INVX1)                      -562944.000
                                                  204949104.000 r
  U5326/Y (NAND2X1)                    1050448.000
                                                  205999552.000 f
  U5331/Y (NAND2X1)                    886128.000 206885680.000 r
  U5332/Y (NAND2X1)                    866000.000 207751680.000 f
  U5333/Y (NAND2X1)                    886160.000 208637840.000 r
  U5336/Y (NAND2X1)                    930992.000 209568832.000 f
  U5342/Y (INVX1)                      -559248.000
                                                  209009584.000 r
  U688/Y (AND2X1)                      1881456.000
                                                  210891040.000 r
  U689/Y (INVX1)                       719840.000 211610880.000 f
  U5343/Y (NAND2X1)                    1746816.000
                                                  213357696.000 r
  U1213/Y (INVX1)                      1219360.000
                                                  214577056.000 f
  U1214/Y (INVX1)                      491568.000 215068624.000 r
  U5633/Y (NAND2X1)                    1057072.000
                                                  216125696.000 f
  U5634/Y (NAND2X1)                    1381712.000
                                                  217507408.000 r
  U5636/Y (NAND2X1)                    863856.000 218371264.000 f
  U5637/Y (NOR2X1)                     1195024.000
                                                  219566288.000 r
  U889/Y (AND2X1)                      2181712.000
                                                  221748000.000 r
  U890/Y (INVX1)                       713232.000 222461232.000 f
  U5639/Y (NAND2X1)                    924560.000 223385792.000 r
  U5644/Y (OR2X1)                      2606464.000
                                                  225992256.000 r
  U5647/Y (NAND2X1)                    928672.000 226920928.000 f
  U5654/Y (INVX1)                      -562720.000
                                                  226358208.000 r
  U5657/Y (OR2X1)                      1639264.000
                                                  227997472.000 r
  U5660/Y (NAND2X1)                    806496.000 228803968.000 f
  U5661/Y (NAND2X1)                    1399808.000
                                                  230203776.000 r
  U5666/Y (NAND2X1)                    866832.000 231070608.000 f
  U5669/Y (NAND2X1)                    1403856.000
                                                  232474464.000 r
  U877/Y (NOR2X1)                      -330432.000
                                                  232144032.000 f
  U874/Y (NOR2X1)                      1629120.000
                                                  233773152.000 r
  U875/Y (INVX1)                       1002512.000
                                                  234775664.000 f
  U5674/Y (NAND2X1)                    924880.000 235700544.000 r
  U5677/Y (NOR2X1)                     -331456.000
                                                  235369088.000 f
  U5681/Y (OR2X1)                      2088224.000
                                                  237457312.000 f
  U5683/Y (NAND2X1)                    872176.000 238329488.000 r
  U891/Y (AND2X1)                      1794320.000
                                                  240123808.000 r
  U892/Y (INVX1)                       718144.000 240841952.000 f
  U5684/Y (NAND2X1)                    1291584.000
                                                  242133536.000 r
  U696/Y (NOR2X1)                      -88608.000 242044928.000 f
  U695/Y (OR2X1)                       2088592.000
                                                  244133520.000 f
  U5687/Y (NAND2X1)                    1349824.000
                                                  245483344.000 r
  U5694/Y (INVX1)                      1100944.000
                                                  246584288.000 f
  U5695/Y (NAND2X1)                    1284304.000
                                                  247868592.000 r
  U5696/Y (NAND2X1)                    1126032.000
                                                  248994624.000 f
  U5701/Y (NAND2X1)                    875344.000 249869968.000 r
  out[0] (out)                            0.000   249869968.000 r
  data arrival time                               249869968.000

  clock clk (rise edge)                250000000.000
                                                  250000000.000
  clock network delay (ideal)             0.000   250000000.000
  clock reconvergence pessimism           0.000   250000000.000
  output external delay                   0.000   250000000.000
  data required time                              250000000.000
  ---------------------------------------------------------------
  data required time                              250000000.000
  data arrival time                               -249869968.000
  ---------------------------------------------------------------
  slack (MET)                                     130032.000


1
