Information: Updating design information... (UID-85)
 
****************************************
Report : qor
Design : top
Version: S-2021.06-SP2
Date   : Fri Dec 16 14:54:07 2022
****************************************


  Timing Path Group 'clk'
  -----------------------------------
  Levels of Logic:             114.00
  Critical Path Length:  247704320.00
  Critical Path Slack:     2295680.00
  Critical Path Clk Period:
                         250000000.00
  Total Negative Slack:          0.00
  No. of Violating Paths:        0.00
  Worst Hold Violation:          0.00
  Total Hold Violation:          0.00
  No. of Hold Violations:        0.00
  -----------------------------------


  Cell Count
  -----------------------------------
  Hierarchical Cell Count:          0
  Hierarchical Port Count:          0
  Leaf Cell Count:               3611
  Buf/Inv Cell Count:             783
  Buf Cell Count:                   0
  Inv Cell Count:                 783
  CT Buf/Inv Cell Count:            0
  Combinational Cell Count:      3611
  Sequential Cell Count:            0
  Macro Count:                      0
  -----------------------------------


  Area
  -----------------------------------
  Combinational Area:
                    1571712512.000000
  Noncombinational Area:     0.000000
  Buf/Inv Area:      178852860.000000
  Total Buffer Area:             0.00
  Total Inverter Area:   178852860.00
  Macro/Black Box Area:      0.000000
  Net Area:                  0.000000
  -----------------------------------
  Cell Area:        1571712512.000000
  Design Area:      1571712512.000000


  Design Rules
  -----------------------------------
  Total Number of Nets:          3675
  Nets With Violations:          3611
  Max Trans Violations:          3611
  Max Cap Violations:               0
  -----------------------------------


  Hostname: leoforos

  Compile CPU Statistics
  -----------------------------------------
  Resource Sharing:                    1.77
  Logic Optimization:                  1.18
  Mapping Optimization:                5.00
  -----------------------------------------
  Overall Compile Time:               13.83
  Overall Compile Wall Clock Time:    14.20

  --------------------------------------------------------------------

  Design  WNS: 0.00  TNS: 0.00  Number of Violating Paths: 0


  Design (Hold)  WNS: 0.00  TNS: 0.00  Number of Violating Paths: 0

  --------------------------------------------------------------------


1
