 
****************************************
Report : timing
        -path full
        -delay max
        -max_paths 1
Design : top
Version: S-2021.06-SP2
Date   : Tue Nov 29 16:58:32 2022
****************************************

Operating Conditions: TT   Library: PPDK_Standard_Library_0.8V_25C_TYP_X1
Wire Load Model Mode: top

  Startpoint: inp[52] (input port clocked by clk)
  Endpoint: out[0] (output port clocked by clk)
  Path Group: clk
  Path Type: max

  Point                                    Incr       Path
  -----------------------------------------------------------
  clock clk (rise edge)                   0.000      0.000
  clock network delay (ideal)             0.000      0.000
  input external delay                    0.000      0.000 r
  inp[52] (in)                            0.000      0.000 r
  U1175/Y (XNOR2X1)                    6402237.500
                                                  6402237.500 r
  U1176/Y (AND2X1)                     2001152.500
                                                  8403390.000 r
  U1177/Y (OR2X1)                      7329940.000
                                                  15733330.000 r
  U1178/Y (XOR2X1)                     5299606.000
                                                  21032936.000 f
  U1180/Y (XOR2X1)                     5447672.000
                                                  26480608.000 r
  U429/Y (INVX1)                       1539360.000
                                                  28019968.000 f
  U430/Y (INVX1)                       963576.000 28983544.000 r
  U979/Y (INVX1)                       716576.000 29700120.000 f
  U1205/Y (XOR2X1)                     5946852.000
                                                  35646972.000 r
  U1216/Y (AND2X1)                     -1074492.000
                                                  34572480.000 r
  U1054/Y (OR2X1)                      7330088.000
                                                  41902568.000 r
  U1264/Y (XOR2X1)                     2535784.000
                                                  44438352.000 r
  U357/Y (XNOR2X1)                     7217320.000
                                                  51655672.000 r
  U358/Y (INVX1)                       1097448.000
                                                  52753120.000 f
  U1466/Y (XOR2X1)                     5236016.000
                                                  57989136.000 r
  U1467/Y (AND2X1)                     1874856.000
                                                  59863992.000 r
  U1468/Y (OR2X1)                      4728232.000
                                                  64592224.000 r
  U536/Y (OR2X1)                       2967792.000
                                                  67560016.000 r
  U1498/Y (NAND2X1)                    1025096.000
                                                  68585112.000 f
  U1499/Y (NAND2X1)                    1624608.000
                                                  70209720.000 r
  U1543/Y (NAND2X1)                    1071496.000
                                                  71281216.000 f
  U1544/Y (NAND2X1)                    1625584.000
                                                  72906800.000 r
  U1545/Y (INVX1)                      1242104.000
                                                  74148904.000 f
  U1020/Y (XNOR2X1)                    6581512.000
                                                  80730416.000 f
  U1550/Y (NAND2X1)                    1168008.000
                                                  81898424.000 r
  U393/Y (AND2X1)                      1875248.000
                                                  83773672.000 r
  U394/Y (INVX1)                       846000.000 84619672.000 f
  U492/Y (NAND2X1)                     1668320.000
                                                  86287992.000 r
  U448/Y (INVX1)                       1325720.000
                                                  87613712.000 f
  U449/Y (INVX1)                       951232.000 88564944.000 r
  U4095/Y (XOR2X1)                     5914824.000
                                                  94479768.000 f
  U529/Y (XOR2X1)                      6282848.000
                                                  100762616.000 r
  U415/Y (INVX1)                       1445336.000
                                                  102207952.000 f
  U416/Y (INVX1)                       414400.000 102622352.000 r
  U4124/Y (XOR2X1)                     5615272.000
                                                  108237624.000 f
  U395/Y (XNOR2X1)                     7449800.000
                                                  115687424.000 f
  U396/Y (INVX1)                       -116688.000
                                                  115570736.000 r
  U4125/Y (NAND2X1)                    2113184.000
                                                  117683920.000 f
  U4130/Y (NAND2X1)                    1265280.000
                                                  118949200.000 r
  U4131/Y (INVX1)                      1237072.000
                                                  120186272.000 f
  U4135/Y (OR2X1)                      2684336.000
                                                  122870608.000 f
  U4136/Y (INVX1)                      -991304.000
                                                  121879304.000 r
  U4138/Y (NAND2X1)                    1005504.000
                                                  122884808.000 f
  U4139/Y (NAND2X1)                    1618336.000
                                                  124503144.000 r
  U4140/Y (INVX1)                      1238464.000
                                                  125741608.000 f
  U4144/Y (OR2X1)                      2684336.000
                                                  128425944.000 f
  U4149/Y (NAND2X1)                    1167608.000
                                                  129593552.000 r
  U4150/Y (NAND2X1)                    2098232.000
                                                  131691784.000 f
  U4155/Y (OR2X1)                      2404136.000
                                                  134095920.000 f
  U4156/Y (NAND2X1)                    1167088.000
                                                  135263008.000 r
  U4158/Y (NAND2X1)                    1052512.000
                                                  136315520.000 f
  U4165/Y (XOR2X1)                     5551136.000
                                                  141866656.000 r
  U4167/Y (INVX1)                      1408592.000
                                                  143275248.000 f
  U4168/Y (NAND2X1)                    1161936.000
                                                  144437184.000 r
  U4223/Y (NAND2X1)                    1052224.000
                                                  145489408.000 f
  U4224/Y (NAND2X1)                    1165920.000
                                                  146655328.000 r
  U4238/Y (NAND2X1)                    1048928.000
                                                  147704256.000 f
  U513/Y (NAND2X1)                     1312896.000
                                                  149017152.000 r
  U452/Y (INVX1)                       1319568.000
                                                  150336720.000 f
  U453/Y (INVX1)                       937392.000 151274112.000 r
  U4241/Y (INVX1)                      700592.000 151974704.000 f
  U4242/Y (AND2X1)                     2085904.000
                                                  154060608.000 f
  U4243/Y (XOR2X1)                     4880576.000
                                                  158941184.000 r
  U4244/Y (NAND2X1)                    2225296.000
                                                  161166480.000 f
  U4253/Y (NAND2X1)                    830048.000 161996528.000 r
  U4256/Y (NAND2X1)                    1048608.000
                                                  163045136.000 f
  U4265/Y (NAND2X1)                    836304.000 163881440.000 r
  U4268/Y (NAND2X1)                    1048608.000
                                                  164930048.000 f
  U4277/Y (NAND2X1)                    836304.000 165766352.000 r
  U4280/Y (NAND2X1)                    1048608.000
                                                  166814960.000 f
  U4289/Y (NAND2X1)                    836304.000 167651264.000 r
  U4292/Y (NAND2X1)                    1048608.000
                                                  168699872.000 f
  U4301/Y (NAND2X1)                    836304.000 169536176.000 r
  U4304/Y (NAND2X1)                    1048608.000
                                                  170584784.000 f
  U4313/Y (NAND2X1)                    836304.000 171421088.000 r
  U4316/Y (NAND2X1)                    1048608.000
                                                  172469696.000 f
  U4325/Y (NAND2X1)                    836304.000 173306000.000 r
  U4328/Y (NAND2X1)                    1048608.000
                                                  174354608.000 f
  U4337/Y (NAND2X1)                    836304.000 175190912.000 r
  U4340/Y (NAND2X1)                    1227680.000
                                                  176418592.000 f
  U462/Y (INVX1)                       257888.000 176676480.000 r
  U463/Y (INVX1)                       810896.000 177487376.000 f
  U1008/Y (INVX1)                      459840.000 177947216.000 r
  U4346/Y (NAND2X1)                    1018960.000
                                                  178966176.000 f
  U4348/Y (NAND2X1)                    837456.000 179803632.000 r
  U4353/Y (NAND2X1)                    1049392.000
                                                  180853024.000 f
  U4354/Y (NAND2X1)                    1619232.000
                                                  182472256.000 r
  U4355/Y (INVX1)                      1237152.000
                                                  183709408.000 f
  U1016/Y (OR2X1)                      2431552.000
                                                  186140960.000 f
  U4367/Y (NAND2X1)                    845600.000 186986560.000 r
  U4370/Y (NAND2X1)                    1048608.000
                                                  188035168.000 f
  U4379/Y (NAND2X1)                    836304.000 188871472.000 r
  U4382/Y (NAND2X1)                    1048608.000
                                                  189920080.000 f
  U4391/Y (NAND2X1)                    836304.000 190756384.000 r
  U4394/Y (NAND2X1)                    1048608.000
                                                  191804992.000 f
  U4403/Y (NAND2X1)                    836304.000 192641296.000 r
  U4406/Y (NAND2X1)                    1048608.000
                                                  193689904.000 f
  U4415/Y (NAND2X1)                    836304.000 194526208.000 r
  U4418/Y (NAND2X1)                    1048608.000
                                                  195574816.000 f
  U4427/Y (NAND2X1)                    836304.000 196411120.000 r
  U4430/Y (NAND2X1)                    1227680.000
                                                  197638800.000 f
  U476/Y (INVX1)                       257888.000 197896688.000 r
  U477/Y (INVX1)                       811760.000 198708448.000 f
  U4432/Y (INVX1)                      452064.000 199160512.000 r
  U4439/Y (NAND2X1)                    1610080.000
                                                  200770592.000 f
  U4440/Y (NAND2X1)                    1172240.000
                                                  201942832.000 r
  U4444/Y (OR2X1)                      5139968.000
                                                  207082800.000 r
  U4452/Y (NAND2X1)                    1004960.000
                                                  208087760.000 f
  U4454/Y (NAND2X1)                    1270864.000
                                                  209358624.000 r
  U4455/Y (INVX1)                      1242080.000
                                                  210600704.000 f
  U4460/Y (NAND2X1)                    807232.000 211407936.000 r
  U4464/Y (NAND2X1)                    1052224.000
                                                  212460160.000 f
  U4466/Y (NAND2X1)                    1274080.000
                                                  213734240.000 r
  U4467/Y (INVX1)                      1241520.000
                                                  214975760.000 f
  U4472/Y (NAND2X1)                    807232.000 215782992.000 r
  U4476/Y (NAND2X1)                    1052224.000
                                                  216835216.000 f
  U4478/Y (NAND2X1)                    1274080.000
                                                  218109296.000 r
  U4479/Y (INVX1)                      1241504.000
                                                  219350800.000 f
  U4484/Y (NAND2X1)                    807248.000 220158048.000 r
  U4485/Y (NAND2X1)                    1466400.000
                                                  221624448.000 f
  U4486/Y (INVX1)                      -655456.000
                                                  220968992.000 r
  U1023/Y (OR2X1)                      1803792.000
                                                  222772784.000 r
  U1039/Y (OR2X1)                      2967088.000
                                                  225739872.000 r
  U4492/Y (NAND2X1)                    1007040.000
                                                  226746912.000 f
  U4494/Y (NAND2X1)                    1271040.000
                                                  228017952.000 r
  U4495/Y (INVX1)                      1242832.000
                                                  229260784.000 f
  U4500/Y (NAND2X1)                    807232.000 230068016.000 r
  U4504/Y (NAND2X1)                    1052224.000
                                                  231120240.000 f
  U4506/Y (NAND2X1)                    842480.000 231962720.000 r
  U4507/Y (NAND2X1)                    1475824.000
                                                  233438544.000 f
  U4508/Y (INVX1)                      -657888.000
                                                  232780656.000 r
  U1025/Y (OR2X1)                      1802224.000
                                                  234582880.000 r
  U1024/Y (OR2X1)                      2968672.000
                                                  237551552.000 r
  U4528/Y (NAND2X1)                    1007024.000
                                                  238558576.000 f
  U4530/Y (NAND2X1)                    1272112.000
                                                  239830688.000 r
  U4531/Y (INVX1)                      1244000.000
                                                  241074688.000 f
  U4532/Y (NOR2X1)                     1070752.000
                                                  242145440.000 r
  U4543/Y (NAND2X1)                    1991552.000
                                                  244136992.000 f
  U4544/Y (NAND2X1)                    1159968.000
                                                  245296960.000 r
  out[0] (out)                            0.000   245296960.000 r
  data arrival time                               245296960.000

  clock clk (rise edge)                250000000.000
                                                  250000000.000
  clock network delay (ideal)             0.000   250000000.000
  output external delay                   0.000   250000000.000
  data required time                              250000000.000
  -----------------------------------------------------------
  data required time                              250000000.000
  data arrival time                               -245296960.000
  -----------------------------------------------------------
  slack (MET)                                     4703040.000


1
