****************************************
Report : timing
	-path_type full
	-delay_type max
	-max_paths 1
	-sort_by slack
Design : top
Version: S-2021.06-SP1
Date   : Wed Dec 14 22:55:31 2022
****************************************


  Startpoint: inp[13] (input port clocked by clk)
  Endpoint: out[0] (output port clocked by clk)
  Path Group: clk
  Path Type: max

  Point                                    Incr       Path
  ---------------------------------------------------------------
  clock clk (rise edge)                   0.000      0.000
  clock network delay (ideal)             0.000      0.000
  input external delay                    0.000      0.000 f
  inp[13] (in)                            0.000      0.000 f
  U980/Y (NOR2X1)                      1627488.000
                                                  1627488.000 r
  U991/Y (INVX1)                       1007168.000
                                                  2634656.000 f
  U992/Y (NAND2X1)                     1290736.000
                                                  3925392.000 r
  U296/Y (AND2X1)                      2174464.000
                                                  6099856.000 r
  U297/Y (INVX1)                       732816.000 6832672.000 f
  U1039/Y (NAND2X1)                    915072.000 7747744.000 r
  U268/Y (AND2X1)                      2174336.000
                                                  9922080.000 r
  U269/Y (INVX1)                       732864.000 10654944.000 f
  U1040/Y (INVX1)                      440384.000 11095328.000 r
  U1041/Y (NAND2X1)                    1053360.000
                                                  12148688.000 f
  U1043/Y (NAND2X1)                    1345344.000
                                                  13494032.000 r
  U392/Y (AND2X1)                      1795744.000
                                                  15289776.000 r
  U393/Y (INVX1)                       713616.000 16003392.000 f
  U545/Y (AND2X1)                      2458056.000
                                                  18461448.000 f
  U546/Y (INVX1)                       -1187400.000
                                                  17274048.000 r
  U408/Y (AND2X1)                      2199072.000
                                                  19473120.000 r
  U409/Y (INVX1)                       725000.000 20198120.000 f
  U1046/Y (INVX1)                      440496.000 20638616.000 r
  U1047/Y (NAND2X1)                    1053360.000
                                                  21691976.000 f
  U134/Y (AND2X1)                      2441904.000
                                                  24133880.000 f
  U135/Y (INVX1)                       -1279584.000
                                                  22854296.000 r
  U665/Y (XNOR2X1)                     5950272.000
                                                  28804568.000 r
  U666/Y (INVX1)                       826400.000 29630968.000 f
  U1063/Y (NAND2X1)                    924664.000 30555632.000 r
  U76/Y (AND2X1)                       2174496.000
                                                  32730128.000 r
  U77/Y (INVX1)                        715584.000 33445712.000 f
  U1064/Y (NAND2X1)                    935736.000 34381448.000 r
  U1065/Y (OR2X1)                      2349648.000
                                                  36731096.000 r
  U645/Y (AND2X1)                      1876176.000
                                                  38607272.000 r
  U646/Y (INVX1)                       715632.000 39322904.000 f
  U410/Y (AND2X1)                      2458080.000
                                                  41780984.000 f
  U411/Y (INVX1)                       -229816.000
                                                  41551168.000 r
  U1075/Y (INVX1)                      651872.000 42203040.000 f
  U356/Y (AND2X1)                      2458040.000
                                                  44661080.000 f
  U357/Y (INVX1)                       -1175280.000
                                                  43485800.000 r
  U334/Y (AND2X1)                      2198880.000
                                                  45684680.000 r
  U335/Y (INVX1)                       725064.000 46409744.000 f
  U1082/Y (INVX1)                      440496.000 46850240.000 r
  U318/Y (AND2X1)                      2198688.000
                                                  49048928.000 r
  U319/Y (INVX1)                       707936.000 49756864.000 f
  U1084/Y (NAND2X1)                    918808.000 50675672.000 r
  U1086/Y (NAND2X1)                    851352.000 51527024.000 f
  U1087/Y (OR2X1)                      2092312.000
                                                  53619336.000 f
  U625/Y (AND2X1)                      2434976.000
                                                  56054312.000 f
  U626/Y (INVX1)                       -1336568.000
                                                  54717744.000 r
  U729/Y (AND2X1)                      2199112.000
                                                  56916856.000 r
  U730/Y (INVX1)                       708240.000 57625096.000 f
  U1102/Y (NAND2X1)                    1286064.000
                                                  58911160.000 r
  U581/Y (AND2X1)                      2174520.000
                                                  61085680.000 r
  U582/Y (INVX1)                       715576.000 61801256.000 f
  U1104/Y (NAND2X1)                    1362936.000
                                                  63164192.000 r
  U320/Y (AND2X1)                      1800472.000
                                                  64964664.000 r
  U321/Y (INVX1)                       707856.000 65672520.000 f
  U1109/Y (NAND2X1)                    1285784.000
                                                  66958304.000 r
  U1110/Y (AND2X1)                     2568280.000
                                                  69526584.000 r
  U641/Y (AND2X1)                      2177896.000
                                                  71704480.000 r
  U642/Y (INVX1)                       714480.000 72418960.000 f
  U499/Y (AND2X1)                      2458080.000
                                                  74877040.000 f
  U500/Y (INVX1)                       -1101808.000
                                                  73775232.000 r
  U597/Y (AND2X1)                      2197712.000
                                                  75972944.000 r
  U598/Y (INVX1)                       708024.000 76680968.000 f
  U1136/Y (NOR2X1)                     1169344.000
                                                  77850312.000 r
  U1141/Y (XOR2X1)                     4389432.000
                                                  82239744.000 f
  U206/Y (AND2X1)                      2058320.000
                                                  84298064.000 f
  U207/Y (INVX1)                       -1300544.000
                                                  82997520.000 r
  U210/Y (AND2X1)                      1881904.000
                                                  84879424.000 r
  U211/Y (INVX1)                       716016.000 85595440.000 f
  U579/Y (AND2X1)                      2458032.000
                                                  88053472.000 f
  U580/Y (INVX1)                       -1187552.000
                                                  86865920.000 r
  U1148/Y (NAND2X1)                    1054288.000
                                                  87920208.000 f
  U1154/Y (XOR2X1)                     5383600.000
                                                  93303808.000 r
  U489/Y (AND2X1)                      1822536.000
                                                  95126344.000 r
  U490/Y (INVX1)                       708440.000 95834784.000 f
  U1171/Y (NAND2X1)                    1292016.000
                                                  97126800.000 r
  U649/Y (AND2X1)                      1818272.000
                                                  98945072.000 r
  U650/Y (INVX1)                       715152.000 99660224.000 f
  U1174/Y (NAND2X1)                    1285640.000
                                                  100945864.000 r
  U1175/Y (NOR2X1)                     -69608.000 100876256.000 f
  U254/Y (AND2X1)                      2044952.000
                                                  102921208.000 f
  U255/Y (INVX1)                       -1394184.000
                                                  101527024.000 r
  U607/Y (AND2X1)                      1881960.000
                                                  103408984.000 r
  U608/Y (INVX1)                       707720.000 104116704.000 f
  U1177/Y (NAND2X1)                    1285776.000
                                                  105402480.000 r
  U637/Y (AND2X1)                      1818752.000
                                                  107221232.000 r
  U638/Y (INVX1)                       707704.000 107928936.000 f
  U1180/Y (NAND2X1)                    1291624.000
                                                  109220560.000 r
  U62/Y (AND2X1)                       2174384.000
                                                  111394944.000 r
  U63/Y (INVX1)                        715624.000 112110568.000 f
  U68/Y (AND2X1)                       2034872.000
                                                  114145440.000 f
  U69/Y (INVX1)                        -1291520.000
                                                  112853920.000 r
  U216/Y (AND2X1)                      1881904.000
                                                  114735824.000 r
  U217/Y (INVX1)                       715568.000 115451392.000 f
  U1190/Y (NAND2X1)                    918872.000 116370264.000 r
  U64/Y (AND2X1)                       2174584.000
                                                  118544848.000 r
  U65/Y (INVX1)                        715552.000 119260400.000 f
  U1193/Y (NAND2X1)                    918896.000 120179296.000 r
  U1199/Y (NOR2X1)                     -84368.000 120094928.000 f
  U766/Y (AND2X1)                      2445624.000
                                                  122540552.000 f
  U1207/Y (NAND2X1)                    855736.000 123396288.000 r
  U300/Y (AND2X1)                      1818928.000
                                                  125215216.000 r
  U301/Y (INVX1)                       732792.000 125948008.000 f
  U1214/Y (INVX1)                      447248.000 126395256.000 r
  U1215/Y (NAND2X1)                    1051808.000
                                                  127447064.000 f
  U124/Y (AND2X1)                      2441912.000
                                                  129888976.000 f
  U125/Y (INVX1)                       -1279248.000
                                                  128609728.000 r
  U474/Y (NAND2X1)                     800848.000 129410576.000 f
  U1216/Y (NAND2X1)                    885968.000 130296544.000 r
  U1217/Y (NAND2X1)                    848256.000 131144800.000 f
  U86/Y (AND2X1)                       2441912.000
                                                  133586712.000 f
  U87/Y (INVX1)                        -1291776.000
                                                  132294936.000 r
  U232/Y (AND2X1)                      1881904.000
                                                  134176840.000 r
  U233/Y (INVX1)                       715336.000 134892176.000 f
  U212/Y (AND2X1)                      2458080.000
                                                  137350256.000 f
  U213/Y (INVX1)                       -1175056.000
                                                  136175200.000 r
  U549/Y (AND2X1)                      1881344.000
                                                  138056544.000 r
  U550/Y (INVX1)                       715856.000 138772400.000 f
  U88/Y (AND2X1)                       2034864.000
                                                  140807264.000 f
  U89/Y (INVX1)                        -1291776.000
                                                  139515488.000 r
  U621/Y (AND2X1)                      1881904.000
                                                  141397392.000 r
  U622/Y (INVX1)                       708320.000 142105712.000 f
  U1224/Y (NAND2X1)                    1285616.000
                                                  143391328.000 r
  U82/Y (AND2X1)                       1818784.000
                                                  145210112.000 r
  U83/Y (INVX1)                        715584.000 145925696.000 f
  U629/Y (AND2X1)                      2034864.000
                                                  147960560.000 f
  U630/Y (INVX1)                       -1327760.000
                                                  146632800.000 r
  U1229/Y (AND2X1)                     1974384.000
                                                  148607184.000 r
  out[0] (out)                            0.000   148607184.000 r
  data arrival time                               148607184.000

  clock clk (rise edge)                200000000.000
                                                  200000000.000
  clock network delay (ideal)             0.000   200000000.000
  clock reconvergence pessimism           0.000   200000000.000
  output external delay                   0.000   200000000.000
  data required time                              200000000.000
  ---------------------------------------------------------------
  data required time                              200000000.000
  data arrival time                               -148607184.000
  ---------------------------------------------------------------
  slack (MET)                                     51392816.000


1
