****************************************
Report : Averaged Power
Design : top
Version: S-2021.06-SP1
Date   : Thu Dec 15 10:11:06 2022
****************************************



  Attributes
  ----------
      i  -  Including register clock pin internal power
      u  -  User defined power group

                        Internal  Switching  Leakage    Total
Power Group             Power     Power      Power      Power   (     %)  Attrs
--------------------------------------------------------------------------------
clock_network              0.0000    0.0000    0.0000    0.0000 ( 0.00%)  i
register                   0.0000    0.0000    0.0000    0.0000 ( 0.00%)  
combinational           8.185e-04 6.432e-06    0.0179    0.0187 (100.00%) 
sequential                 0.0000    0.0000    0.0000    0.0000 ( 0.00%)  
memory                     0.0000    0.0000    0.0000    0.0000 ( 0.00%)  
io_pad                     0.0000    0.0000    0.0000    0.0000 ( 0.00%)  
black_box                  0.0000    0.0000    0.0000    0.0000 ( 0.00%)  

  Net Switching Power  = 6.432e-06   ( 0.03%)
  Cell Internal Power  = 8.185e-04   ( 4.37%)
  Cell Leakage Power   =    0.0179   (95.59%)
                         ---------
Total Power            =    0.0187  (100.00%)

1
