 
****************************************
Report : timing
        -path full
        -delay max
        -max_paths 1
Design : top
Version: S-2021.06-SP2
Date   : Sun Dec  4 15:43:11 2022
****************************************

Operating Conditions: TT   Library: PPDK_Standard_Library_1.0V_25C_TYP_X1
Wire Load Model Mode: top

  Startpoint: inp[5] (input port clocked by clk)
  Endpoint: out[0] (output port clocked by clk)
  Path Group: clk
  Path Type: max

  Point                                    Incr       Path
  -----------------------------------------------------------
  clock clk (rise edge)                   0.000      0.000
  clock network delay (ideal)             0.000      0.000
  input external delay                    0.000      0.000 r
  inp[5] (in)                             0.000      0.000 r
  U93/Y (AND2X1)                       2207109.000
                                                  2207109.000 r
  U94/Y (INVX1)                        705440.500 2912549.500 f
  U246/Y (NAND2X1)                     918764.250 3831313.750 r
  U166/Y (AND2X1)                      2174743.250
                                                  6006057.000 r
  U167/Y (INVX1)                       715947.000 6722004.000 f
  U206/Y (XNOR2X1)                     4359237.000
                                                  11081241.000 r
  U154/Y (AND2X1)                      2177053.000
                                                  13258294.000 r
  U155/Y (INVX1)                       714978.000 13973272.000 f
  U247/Y (NAND2X1)                     1291570.000
                                                  15264842.000 r
  U81/Y (XNOR2X1)                      6321444.000
                                                  21586286.000 r
  U82/Y (INVX1)                        775254.000 22361540.000 f
  U248/Y (NAND2X1)                     918880.000 23280420.000 r
  U124/Y (AND2X1)                      1818748.000
                                                  25099168.000 r
  U125/Y (INVX1)                       715510.000 25814678.000 f
  U190/Y (AND2X1)                      2034872.000
                                                  27849550.000 f
  U191/Y (INVX1)                       -1327712.000
                                                  26521838.000 r
  U259/Y (NOR2X1)                      549724.000 27071562.000 f
  U262/Y (NOR2X1)                      1185396.000
                                                  28256958.000 r
  U118/Y (AND2X1)                      2182128.000
                                                  30439086.000 r
  U119/Y (INVX1)                       713104.000 31152190.000 f
  U156/Y (AND2X1)                      2460930.000
                                                  33613120.000 f
  U157/Y (INVX1)                       -1189012.000
                                                  32424108.000 r
  U87/Y (AND2X1)                       2199080.000
                                                  34623188.000 r
  U88/Y (INVX1)                        707804.000 35330992.000 f
  U267/Y (NAND2X1)                     924340.000 36255332.000 r
  U78/Y (XOR2X1)                       4758096.000
                                                  41013428.000 f
  U268/Y (NOR2X1)                      1239484.000
                                                  42252912.000 r
  U114/Y (AND2X1)                      2179212.000
                                                  44432124.000 r
  U115/Y (INVX1)                       714052.000 45146176.000 f
  U274/Y (NAND2X1)                     918864.000 46065040.000 r
  U275/Y (NAND2X1)                     847240.000 46912280.000 f
  out[0] (out)                            0.000   46912280.000 f
  data arrival time                               46912280.000

  clock clk (rise edge)                200000000.000
                                                  200000000.000
  clock network delay (ideal)             0.000   200000000.000
  output external delay                   0.000   200000000.000
  data required time                              200000000.000
  -----------------------------------------------------------
  data required time                              200000000.000
  data arrival time                               -46912280.000
  -----------------------------------------------------------
  slack (MET)                                     153087712.000


1
