****************************************
Report : timing
	-path_type full
	-delay_type max
	-max_paths 1
	-sort_by slack
Design : top
Version: S-2021.06-SP1
Date   : Tue Nov 29 16:51:05 2022
****************************************


  Startpoint: inp[13] (input port clocked by clk)
  Endpoint: out[0] (output port clocked by clk)
  Path Group: clk
  Path Type: max

  Point                                    Incr       Path
  ---------------------------------------------------------------
  clock clk (rise edge)                   0.000      0.000
  clock network delay (ideal)             0.000      0.000
  input external delay                    0.000      0.000 r
  inp[13] (in)                            0.000      0.000 r
  U778/Y (INVX1)                       89728.000  89728.000 f
  U779/Y (NAND2X1)                     1167904.000
                                                  1257632.000 r
  U786/Y (NAND2X1)                     2200512.000
                                                  3458144.000 f
  U457/Y (XNOR2X1)                     7398352.000
                                                  10856496.000 f
  U458/Y (INVX1)                       -1245376.000
                                                  9611120.000 r
  U499/Y (XNOR2X1)                     6763808.000
                                                  16374928.000 r
  U500/Y (INVX1)                       913152.000 17288080.000 f
  U447/Y (XOR2X1)                      5942624.000
                                                  23230704.000 r
  U846/Y (NAND2X1)                     2223696.000
                                                  25454400.000 f
  U847/Y (NAND2X1)                     1624480.000
                                                  27078880.000 r
  U853/Y (NAND2X1)                     2533856.000
                                                  29612736.000 f
  U854/Y (NAND2X1)                     1624272.000
                                                  31237008.000 r
  U855/Y (NAND2X1)                     2548992.000
                                                  33786000.000 f
  U858/Y (NAND2X1)                     1271808.000
                                                  35057808.000 r
  U861/Y (NAND2X1)                     2548192.000
                                                  37606000.000 f
  U862/Y (NAND2X1)                     1171760.000
                                                  38777760.000 r
  U880/Y (OR2X1)                       5134320.000
                                                  43912080.000 r
  U881/Y (NAND2X1)                     1361008.000
                                                  45273088.000 f
  U882/Y (NAND2X1)                     1171472.000
                                                  46444560.000 r
  U890/Y (OR2X1)                       5153120.000
                                                  51597680.000 r
  U891/Y (NAND2X1)                     1361008.000
                                                  52958688.000 f
  U443/Y (NAND2X1)                     1618928.000
                                                  54577616.000 r
  U545/Y (INVX1)                       1238752.000
                                                  55816368.000 f
  U906/Y (AND2X1)                      2083616.000
                                                  57899984.000 f
  U518/Y (AND2X1)                      2832640.000
                                                  60732624.000 f
  U519/Y (INVX1)                       -1315152.000
                                                  59417472.000 r
  U1060/Y (NAND2X1)                    1004976.000
                                                  60422448.000 f
  U1061/Y (NOR2X1)                     1072256.000
                                                  61494704.000 r
  U574/Y (OR2X1)                       2088560.000
                                                  63583264.000 r
  U575/Y (INVX1)                       805568.000 64388832.000 f
  U1342/Y (NAND2X1)                    813632.000 65202464.000 r
  U425/Y (AND2X1)                      2791632.000
                                                  67994096.000 r
  U426/Y (INVX1)                       848104.000 68842200.000 f
  U1431/Y (NAND2X1)                    1621240.000
                                                  70463440.000 r
  U1432/Y (NAND2X1)                    2538176.000
                                                  73001616.000 f
  U1435/Y (NAND2X1)                    835280.000 73836896.000 r
  U1437/Y (XOR2X1)                     5904648.000
                                                  79741544.000 f
  U1440/Y (NAND2X1)                    1178096.000
                                                  80919640.000 r
  U1448/Y (NAND2X1)                    1044048.000
                                                  81963688.000 f
  U1449/Y (NAND2X1)                    1625008.000
                                                  83588696.000 r
  U1450/Y (INVX1)                      1242248.000
                                                  84830944.000 f
  U1454/Y (NAND2X1)                    813032.000 85643976.000 r
  U1465/Y (NAND2X1)                    1048880.000
                                                  86692856.000 f
  U1468/Y (NAND2X1)                    847424.000 87540280.000 r
  U1474/Y (NAND2X1)                    1050240.000
                                                  88590520.000 f
  U1476/Y (NAND2X1)                    847624.000 89438144.000 r
  U368/Y (XNOR2X1)                     6626064.000
                                                  96064208.000 r
  U369/Y (INVX1)                       989032.000 97053240.000 f
  U1502/Y (NOR2X1)                     1064656.000
                                                  98117896.000 r
  U1504/Y (NAND2X1)                    1986640.000
                                                  100104536.000 f
  U1505/Y (NAND2X1)                    1630088.000
                                                  101734624.000 r
  U522/Y (AND2X1)                      2920424.000
                                                  104655048.000 r
  U1526/Y (NAND2X1)                    2132016.000
                                                  106787064.000 f
  U1527/Y (NAND2X1)                    1165792.000
                                                  107952856.000 r
  U1529/Y (NAND2X1)                    1049048.000
                                                  109001904.000 f
  U1541/Y (NAND2X1)                    836400.000 109838304.000 r
  U1542/Y (NOR2X1)                     962472.000 110800776.000 f
  U1544/Y (OR2X1)                      2420736.000
                                                  113221512.000 f
  U1545/Y (NAND2X1)                    1167064.000
                                                  114388576.000 r
  U398/Y (AND2X1)                      2765384.000
                                                  117153960.000 r
  U428/Y (INVX1)                       902640.000 118056600.000 f
  U1662/Y (NOR2X1)                     1065904.000
                                                  119122504.000 r
  U1664/Y (NAND2X1)                    1041360.000
                                                  120163864.000 f
  U1665/Y (NAND2X1)                    1171560.000
                                                  121335424.000 r
  U1668/Y (OR2X1)                      5183520.000
                                                  126518944.000 r
  U1669/Y (NAND2X1)                    1715792.000
                                                  128234736.000 f
  U1670/Y (NAND2X1)                    1166312.000
                                                  129401048.000 r
  U1674/Y (NAND2X1)                    1048592.000
                                                  130449640.000 f
  U1675/Y (NAND2X1)                    1171752.000
                                                  131621392.000 r
  U1688/Y (OR2X1)                      5170832.000
                                                  136792224.000 r
  U1689/Y (NAND2X1)                    1715776.000
                                                  138508000.000 f
  U1690/Y (NAND2X1)                    1166336.000
                                                  139674336.000 r
  U1691/Y (NAND2X1)                    2142080.000
                                                  141816416.000 f
  U1698/Y (NAND2X1)                    1274096.000
                                                  143090512.000 r
  U1704/Y (INVX1)                      1244688.000
                                                  144335200.000 f
  U1705/Y (NAND2X1)                    807232.000 145142432.000 r
  U1706/Y (NAND2X1)                    2151264.000
                                                  147293696.000 f
  U437/Y (AND2X1)                      2832928.000
                                                  150126624.000 f
  U438/Y (INVX1)                       -34112.000 150092512.000 r
  U1707/Y (NAND2X1)                    2139040.000
                                                  152231552.000 f
  U1710/Y (NAND2X1)                    835712.000 153067264.000 r
  U1740/Y (OR2X1)                      5189488.000
                                                  158256752.000 r
  U1741/Y (NAND2X1)                    1361008.000
                                                  159617760.000 f
  U1742/Y (NAND2X1)                    1171488.000
                                                  160789248.000 r
  U1751/Y (OR2X1)                      5187936.000
                                                  165977184.000 r
  U1752/Y (NAND2X1)                    1361008.000
                                                  167338192.000 f
  U1753/Y (NAND2X1)                    1171776.000
                                                  168509968.000 r
  U1759/Y (OR2X1)                      5169472.000
                                                  173679440.000 r
  U1760/Y (NAND2X1)                    1004960.000
                                                  174684400.000 f
  U1761/Y (NAND2X1)                    1171216.000
                                                  175855616.000 r
  U1772/Y (OR2X1)                      5205968.000
                                                  181061584.000 r
  U1773/Y (NAND2X1)                    1360992.000
                                                  182422576.000 f
  U1774/Y (NAND2X1)                    1171536.000
                                                  183594112.000 r
  U1786/Y (OR2X1)                      5185952.000
                                                  188780064.000 r
  U1787/Y (NAND2X1)                    1360992.000
                                                  190141056.000 f
  U1788/Y (NAND2X1)                    1171504.000
                                                  191312560.000 r
  U1789/Y (NOR2X1)                     959600.000 192272160.000 f
  U1790/Y (NOR2X1)                     1068448.000
                                                  193340608.000 r
  U1791/Y (NAND2X1)                    1037264.000
                                                  194377872.000 f
  U565/Y (AND2X1)                      2315072.000
                                                  196692944.000 f
  U566/Y (INVX1)                       -1280096.000
                                                  195412848.000 r
  U394/Y (OR2X1)                       1997296.000
                                                  197410144.000 r
  U395/Y (INVX1)                       762384.000 198172528.000 f
  U1794/Y (NAND2X1)                    807488.000 198980016.000 r
  U1795/Y (NAND2X1)                    2148736.000
                                                  201128752.000 f
  U1796/Y (NAND2X1)                    836848.000 201965600.000 r
  U1804/Y (NAND2X1)                    1045264.000
                                                  203010864.000 f
  out[0] (out)                            0.000   203010864.000 f
  data arrival time                               203010864.000

  clock clk (rise edge)                250000000.000
                                                  250000000.000
  clock network delay (ideal)             0.000   250000000.000
  clock reconvergence pessimism           0.000   250000000.000
  output external delay                   0.000   250000000.000
  data required time                              250000000.000
  ---------------------------------------------------------------
  data required time                              250000000.000
  data arrival time                               -203010864.000
  ---------------------------------------------------------------
  slack (MET)                                     46989136.000


1
