****************************************
Report : timing
	-path_type full
	-delay_type max
	-max_paths 1
	-sort_by slack
Design : top
Version: S-2021.06-SP1
Date   : Fri Dec 16 11:24:27 2022
****************************************


  Startpoint: inp[28] (input port clocked by clk)
  Endpoint: out[0] (output port clocked by clk)
  Path Group: clk
  Path Type: max

  Point                                    Incr       Path
  ---------------------------------------------------------------
  clock clk (rise edge)                   0.000      0.000
  clock network delay (ideal)             0.000      0.000
  input external delay                    0.000      0.000 f
  inp[28] (in)                            0.000      0.000 f
  U1160/Y (INVX1)                      589072.000 589072.000 r
  U1218/Y (NAND2X1)                    1056712.000
                                                  1645784.000 f
  U1227/Y (NAND2X1)                    1752616.000
                                                  3398400.000 r
  U378/Y (AND2X1)                      2165616.000
                                                  5564016.000 r
  U379/Y (INVX1)                       718696.000 6282712.000 f
  U609/Y (AND2X1)                      2458056.000
                                                  8740768.000 f
  U610/Y (INVX1)                       -1187376.000
                                                  7553392.000 r
  U492/Y (AND2X1)                      2199072.000
                                                  9752464.000 r
  U493/Y (INVX1)                       725000.000 10477464.000 f
  U1243/Y (NAND2X1)                    920760.000 11398224.000 r
  U354/Y (AND2X1)                      2174504.000
                                                  13572728.000 r
  U355/Y (INVX1)                       715800.000 14288528.000 f
  U1246/Y (XOR2X1)                     4914936.000
                                                  19203464.000 r
  U1247/Y (OR2X1)                      2349752.000
                                                  21553216.000 r
  U444/Y (AND2X1)                      2196632.000
                                                  23749848.000 r
  U445/Y (INVX1)                       708600.000 24458448.000 f
  U1262/Y (NAND2X1)                    1357264.000
                                                  25815712.000 r
  U538/Y (INVX1)                       980056.000 26795768.000 f
  U539/Y (INVX1)                       445320.000 27241088.000 r
  U685/Y (AND2X1)                      1880352.000
                                                  29121440.000 r
  U686/Y (INVX1)                       708600.000 29830040.000 f
  U508/Y (XNOR2X1)                     4282456.000
                                                  34112496.000 r
  U509/Y (INVX1)                       949312.000 35061808.000 f
  U1319/Y (OR2X1)                      2115408.000
                                                  37177216.000 f
  U1320/Y (NAND2X1)                    1752536.000
                                                  38929752.000 r
  U1353/Y (INVX1)                      1069448.000
                                                  39999200.000 f
  U1354/Y (NAND2X1)                    1290368.000
                                                  41289568.000 r
  U1355/Y (NAND2X1)                    1126624.000
                                                  42416192.000 f
  U1356/Y (NAND2X1)                    1752592.000
                                                  44168784.000 r
  U374/Y (AND2X1)                      2166184.000
                                                  46334968.000 r
  U375/Y (INVX1)                       718512.000 47053480.000 f
  U1379/Y (NAND2X1)                    918832.000 47972312.000 r
  U599/Y (AND2X1)                      2174576.000
                                                  50146888.000 r
  U600/Y (INVX1)                       715784.000 50862672.000 f
  U1387/Y (OR2X1)                      2117904.000
                                                  52980576.000 f
  U695/Y (AND2X1)                      2434344.000
                                                  55414920.000 f
  U696/Y (INVX1)                       -1340656.000
                                                  54074264.000 r
  U1388/Y (NAND2X1)                    928772.000 55003036.000 f
  U1393/Y (NAND2X1)                    887340.000 55890376.000 r
  U1394/Y (NAND2X1)                    1127920.000
                                                  57018296.000 f
  U868/Y (XNOR2X1)                     6239032.000
                                                  63257328.000 f
  U1395/Y (NOR2X1)                     1209732.000
                                                  64467060.000 r
  U1399/Y (NAND2X1)                    835988.000 65303048.000 f
  U1402/Y (NAND2X1)                    886024.000 66189072.000 r
  U809/Y (AND2X1)                      1824768.000
                                                  68013840.000 r
  U810/Y (INVX1)                       727168.000 68741008.000 f
  U846/Y (AND2X1)                      2045896.000
                                                  70786904.000 f
  U1450/Y (XOR2X1)                     5545720.000
                                                  76332624.000 r
  U1451/Y (OR2X1)                      2319728.000
                                                  78652352.000 r
  U653/Y (AND2X1)                      2196848.000
                                                  80849200.000 r
  U654/Y (INVX1)                       708752.000 81557952.000 f
  U1614/Y (NAND2X1)                    1285920.000
                                                  82843872.000 r
  U659/Y (AND2X1)                      2174528.000
                                                  85018400.000 r
  U660/Y (INVX1)                       716016.000 85734416.000 f
  U1615/Y (XOR2X1)                     5588256.000
                                                  91322672.000 r
  U1622/Y (XOR2X1)                     4343712.000
                                                  95666384.000 f
  U1623/Y (XOR2X1)                     5963336.000
                                                  101629720.000 r
  U1624/Y (INVX1)                      1237320.000
                                                  102867040.000 f
  U1625/Y (NAND2X1)                    1283976.000
                                                  104151016.000 r
  U683/Y (AND2X1)                      1819136.000
                                                  105970152.000 r
  U684/Y (INVX1)                       707608.000 106677760.000 f
  U1635/Y (OR2X1)                      2115280.000
                                                  108793040.000 f
  U1636/Y (NAND2X1)                    1752552.000
                                                  110545592.000 r
  U1637/Y (INVX1)                      1069488.000
                                                  111615080.000 f
  U1640/Y (NAND2X1)                    1284392.000
                                                  112899472.000 r
  U1642/Y (NAND2X1)                    848096.000 113747568.000 f
  U1643/Y (NAND2X1)                    1385368.000
                                                  115132936.000 r
  U1644/Y (OR2X1)                      2561576.000
                                                  117694512.000 r
  U1645/Y (NAND2X1)                    804960.000 118499472.000 f
  U1647/Y (NAND2X1)                    1339504.000
                                                  119838976.000 r
  U1648/Y (INVX1)                      1116232.000
                                                  120955208.000 f
  U1701/Y (NOR2X1)                     1151024.000
                                                  122106232.000 r
  out[0] (out)                            0.000   122106232.000 r
  data arrival time                               122106232.000

  clock clk (rise edge)                200000000.000
                                                  200000000.000
  clock network delay (ideal)             0.000   200000000.000
  clock reconvergence pessimism           0.000   200000000.000
  output external delay                   0.000   200000000.000
  data required time                              200000000.000
  ---------------------------------------------------------------
  data required time                              200000000.000
  data arrival time                               -122106232.000
  ---------------------------------------------------------------
  slack (MET)                                     77893768.000


1
