****************************************
Report : timing
	-path_type full
	-delay_type max
	-max_paths 1
	-sort_by slack
Design : top
Version: S-2021.06-SP1
Date   : Tue Nov 29 14:42:15 2022
****************************************


  Startpoint: inp[14] (input port clocked by clk)
  Endpoint: out[0] (output port clocked by clk)
  Path Group: clk
  Path Type: max

  Point                                    Incr       Path
  ---------------------------------------------------------------
  clock clk (rise edge)                   0.000      0.000
  clock network delay (ideal)             0.000      0.000
  input external delay                    0.000      0.000 f
  inp[14] (in)                            0.000      0.000 f
  U630/Y (NAND2X1)                     1168832.000
                                                  1168832.000 r
  U631/Y (NAND2X1)                     2212672.000
                                                  3381504.000 f
  U635/Y (NAND2X1)                     842896.000 4224400.000 r
  U380/Y (OR2X1)                       5196928.000
                                                  9421328.000 r
  U655/Y (NAND2X1)                     1007472.000
                                                  10428800.000 f
  U656/Y (XOR2X1)                      5572496.000
                                                  16001296.000 r
  U657/Y (INVX1)                       1399312.000
                                                  17400608.000 f
  U663/Y (NAND2X1)                     813056.000 18213664.000 r
  U697/Y (NAND2X1)                     2138416.000
                                                  20352080.000 f
  U698/Y (XOR2X1)                      6267568.000
                                                  26619648.000 r
  U701/Y (OR2X1)                       6872672.000
                                                  33492320.000 r
  U702/Y (NAND2X1)                     1361008.000
                                                  34853328.000 f
  U703/Y (NAND2X1)                     1171488.000
                                                  36024816.000 r
  U705/Y (OR2X1)                       5153120.000
                                                  41177936.000 r
  U706/Y (NAND2X1)                     1361008.000
                                                  42538944.000 f
  U707/Y (NAND2X1)                     1171472.000
                                                  43710416.000 r
  U710/Y (OR2X1)                       5153120.000
                                                  48863536.000 r
  U711/Y (NAND2X1)                     1360992.000
                                                  50224528.000 f
  U713/Y (NAND2X1)                     1278544.000
                                                  51503072.000 r
  U719/Y (NAND2X1)                     1071728.000
                                                  52574800.000 f
  U720/Y (NAND2X1)                     1166336.000
                                                  53741136.000 r
  U721/Y (NAND2X1)                     1450640.000
                                                  55191776.000 f
  U745/Y (NAND2X1)                     1166496.000
                                                  56358272.000 r
  U746/Y (NOR2X1)                      962400.000 57320672.000 f
  U747/Y (NOR2X1)                      1545296.000
                                                  58865968.000 r
  U1234/Y (INVX1)                      1057824.000
                                                  59923792.000 f
  U1235/Y (XOR2X1)                     5945264.000
                                                  65869056.000 r
  U1241/Y (OR2X1)                      5840064.000
                                                  71709120.000 r
  U1258/Y (NAND2X1)                    1364048.000
                                                  73073168.000 f
  U1259/Y (XOR2X1)                     4919904.000
                                                  77993072.000 r
  U1262/Y (OR2X1)                      5465344.000
                                                  83458416.000 r
  U2249/Y (NAND2X1)                    1007472.000
                                                  84465888.000 f
  U2250/Y (XOR2X1)                     5565056.000
                                                  90030944.000 r
  U2253/Y (NAND2X1)                    1080192.000
                                                  91111136.000 f
  U2254/Y (NAND2X1)                    1625728.000
                                                  92736864.000 r
  U2261/Y (INVX1)                      1241296.000
                                                  93978160.000 f
  U2262/Y (NAND2X1)                    807232.000 94785392.000 r
  U2263/Y (NAND2X1)                    1043712.000
                                                  95829104.000 f
  U2264/Y (NAND2X1)                    1624992.000
                                                  97454096.000 r
  U2269/Y (INVX1)                      1242256.000
                                                  98696352.000 f
  U2270/Y (NAND2X1)                    807248.000 99503600.000 r
  U2271/Y (NAND2X1)                    2055328.000
                                                  101558928.000 f
  U2272/Y (NAND2X1)                    1624208.000
                                                  103183136.000 r
  U2279/Y (INVX1)                      1243296.000
                                                  104426432.000 f
  U2280/Y (NAND2X1)                    807232.000 105233664.000 r
  U2281/Y (NAND2X1)                    1043712.000
                                                  106277376.000 f
  U2282/Y (NAND2X1)                    1624992.000
                                                  107902368.000 r
  U2286/Y (INVX1)                      1242256.000
                                                  109144624.000 f
  U2287/Y (NAND2X1)                    807248.000 109951872.000 r
  U2288/Y (NAND2X1)                    2055312.000
                                                  112007184.000 f
  U2289/Y (NAND2X1)                    1166096.000
                                                  113173280.000 r
  U2290/Y (NAND2X1)                    2145424.000
                                                  115318704.000 f
  U345/Y (AND2X1)                      2312816.000
                                                  117631520.000 f
  U346/Y (INVX1)                       -51272.000 117580248.000 r
  U2292/Y (INVX1)                      852112.000 118432360.000 f
  U2293/Y (NAND2X1)                    807624.000 119239984.000 r
  U2295/Y (NAND2X1)                    1227072.000
                                                  120467056.000 f
  U2298/Y (NAND2X1)                    1166416.000
                                                  121633472.000 r
  U2305/Y (NAND2X1)                    2140736.000
                                                  123774208.000 f
  U2306/Y (NAND2X1)                    1625160.000
                                                  125399368.000 r
  U2317/Y (INVX1)                      1242040.000
                                                  126641408.000 f
  U2318/Y (NAND2X1)                    1161952.000
                                                  127803360.000 r
  U2319/Y (NAND2X1)                    2206312.000
                                                  130009672.000 f
  U2320/Y (NAND2X1)                    1625128.000
                                                  131634800.000 r
  U2326/Y (INVX1)                      1242088.000
                                                  132876888.000 f
  U2328/Y (NAND2X1)                    807240.000 133684128.000 r
  U2329/Y (NAND2X1)                    2206208.000
                                                  135890336.000 f
  U2330/Y (NAND2X1)                    1171776.000
                                                  137062112.000 r
  U2338/Y (OR2X1)                      5169920.000
                                                  142232032.000 r
  U2339/Y (NAND2X1)                    1360992.000
                                                  143593024.000 f
  U2340/Y (NAND2X1)                    1625568.000
                                                  145218592.000 r
  U2350/Y (INVX1)                      1241520.000
                                                  146460112.000 f
  U2351/Y (NAND2X1)                    1161952.000
                                                  147622064.000 r
  U2352/Y (NAND2X1)                    2206320.000
                                                  149828384.000 f
  U2353/Y (NAND2X1)                    1625104.000
                                                  151453488.000 r
  U2355/Y (INVX1)                      1242096.000
                                                  152695584.000 f
  U2356/Y (NAND2X1)                    1161952.000
                                                  153857536.000 r
  U2357/Y (NAND2X1)                    2206368.000
                                                  156063904.000 f
  U389/Y (AND2X1)                      2856272.000
                                                  158920176.000 f
  U2365/Y (NAND2X1)                    1168944.000
                                                  160089120.000 r
  U2366/Y (NAND2X1)                    1474688.000
                                                  161563808.000 f
  U2367/Y (NAND2X1)                    840000.000 162403808.000 r
  U2368/Y (NAND2X1)                    2147824.000
                                                  164551632.000 f
  U2369/Y (NAND2X1)                    1625088.000
                                                  166176720.000 r
  U2379/Y (INVX1)                      1242128.000
                                                  167418848.000 f
  U2380/Y (NAND2X1)                    1161952.000
                                                  168580800.000 r
  U2381/Y (NAND2X1)                    2206320.000
                                                  170787120.000 f
  U2382/Y (NAND2X1)                    1625104.000
                                                  172412224.000 r
  U2387/Y (INVX1)                      1242112.000
                                                  173654336.000 f
  U2389/Y (NAND2X1)                    807232.000 174461568.000 r
  U2390/Y (NAND2X1)                    2206208.000
                                                  176667776.000 f
  U2391/Y (NAND2X1)                    1625120.000
                                                  178292896.000 r
  U2402/Y (INVX1)                      1242096.000
                                                  179534992.000 f
  U2403/Y (NAND2X1)                    1161952.000
                                                  180696944.000 r
  U2404/Y (NAND2X1)                    2206320.000
                                                  182903264.000 f
  U2405/Y (NAND2X1)                    1625104.000
                                                  184528368.000 r
  U2417/Y (INVX1)                      1242096.000
                                                  185770464.000 f
  U2418/Y (NAND2X1)                    1161952.000
                                                  186932416.000 r
  U2419/Y (NAND2X1)                    2206320.000
                                                  189138736.000 f
  U2420/Y (NAND2X1)                    1171792.000
                                                  190310528.000 r
  U2423/Y (OR2X1)                      5168992.000
                                                  195479520.000 r
  U2424/Y (NAND2X1)                    1361008.000
                                                  196840528.000 f
  U366/Y (AND2X1)                      2832880.000
                                                  199673408.000 f
  U367/Y (INVX1)                       -18768.000 199654640.000 r
  U2428/Y (NAND2X1)                    1049536.000
                                                  200704176.000 f
  U2429/Y (NAND2X1)                    836464.000 201540640.000 r
  U2430/Y (NOR2X1)                     959504.000 202500144.000 f
  U267/Y (AND2X1)                      2305168.000
                                                  204805312.000 f
  U268/Y (INVX1)                       -1258192.000
                                                  203547120.000 r
  U2439/Y (OR2X1)                      1562704.000
                                                  205109824.000 r
  U2440/Y (NAND2X1)                    1715792.000
                                                  206825616.000 f
  U2441/Y (NAND2X1)                    1171776.000
                                                  207997392.000 r
  U2449/Y (OR2X1)                      5169616.000
                                                  213167008.000 r
  U2450/Y (NAND2X1)                    1360992.000
                                                  214528000.000 f
  U2451/Y (NAND2X1)                    1171776.000
                                                  215699776.000 r
  U2459/Y (OR2X1)                      5169696.000
                                                  220869472.000 r
  U2460/Y (NAND2X1)                    1360992.000
                                                  222230464.000 f
  U2461/Y (NAND2X1)                    1171776.000
                                                  223402240.000 r
  U2469/Y (OR2X1)                      5169696.000
                                                  228571936.000 r
  U2470/Y (NAND2X1)                    1361008.000
                                                  229932944.000 f
  U2471/Y (NAND2X1)                    1171760.000
                                                  231104704.000 r
  U2479/Y (OR2X1)                      5170336.000
                                                  236275040.000 r
  U2480/Y (NAND2X1)                    1361008.000
                                                  237636048.000 f
  U2481/Y (NAND2X1)                    1165856.000
                                                  238801904.000 r
  U2483/Y (NAND2X1)                    1048976.000
                                                  239850880.000 f
  U2484/Y (NAND2X1)                    1165856.000
                                                  241016736.000 r
  U2485/Y (NAND2X1)                    1449216.000
                                                  242465952.000 f
  U2486/Y (NOR2X1)                     1082336.000
                                                  243548288.000 r
  U2490/Y (NAND2X1)                    1976240.000
                                                  245524528.000 f
  U2499/Y (NAND2X1)                    1159984.000
                                                  246684512.000 r
  out[0] (out)                            0.000   246684512.000 r
  data arrival time                               246684512.000

  clock clk (rise edge)                250000000.000
                                                  250000000.000
  clock network delay (ideal)             0.000   250000000.000
  clock reconvergence pessimism           0.000   250000000.000
  output external delay                   0.000   250000000.000
  data required time                              250000000.000
  ---------------------------------------------------------------
  data required time                              250000000.000
  data arrival time                               -246684512.000
  ---------------------------------------------------------------
  slack (MET)                                     3315488.000


1
