 
****************************************
Report : timing
        -path full
        -delay max
        -max_paths 1
Design : top
Version: S-2021.06-SP2
Date   : Tue Nov 29 14:42:10 2022
****************************************

Operating Conditions: TT   Library: PPDK_Standard_Library_0.8V_25C_TYP_X1
Wire Load Model Mode: top

  Startpoint: inp[14] (input port clocked by clk)
  Endpoint: out[0] (output port clocked by clk)
  Path Group: clk
  Path Type: max

  Point                                    Incr       Path
  -----------------------------------------------------------
  clock clk (rise edge)                   0.000      0.000
  clock network delay (ideal)             0.000      0.000
  input external delay                    0.000      0.000 f
  inp[14] (in)                            0.000      0.000 f
  U630/Y (NAND2X1)                     1168837.125
                                                  1168837.125 r
  U631/Y (NAND2X1)                     2212666.000
                                                  3381503.000 f
  U635/Y (NAND2X1)                     842898.500 4224401.500 r
  U380/Y (OR2X1)                       5196953.500
                                                  9421355.000 r
  U655/Y (NAND2X1)                     1007477.000
                                                  10428832.000 f
  U656/Y (XOR2X1)                      5572534.000
                                                  16001366.000 r
  U657/Y (INVX1)                       1399322.000
                                                  17400688.000 f
  U663/Y (NAND2X1)                     813056.000 18213744.000 r
  U697/Y (NAND2X1)                     2138432.000
                                                  20352176.000 f
  U698/Y (XOR2X1)                      6267608.000
                                                  26619784.000 r
  U701/Y (OR2X1)                       6872714.000
                                                  33492498.000 r
  U702/Y (NAND2X1)                     1361002.000
                                                  34853500.000 f
  U703/Y (NAND2X1)                     1171480.000
                                                  36024980.000 r
  U705/Y (OR2X1)                       5153084.000
                                                  41178064.000 r
  U706/Y (NAND2X1)                     1361004.000
                                                  42539068.000 f
  U707/Y (NAND2X1)                     1171468.000
                                                  43710536.000 r
  U710/Y (OR2X1)                       5153112.000
                                                  48863648.000 r
  U711/Y (NAND2X1)                     1360996.000
                                                  50224644.000 f
  U713/Y (NAND2X1)                     1278528.000
                                                  51503172.000 r
  U719/Y (NAND2X1)                     1071752.000
                                                  52574924.000 f
  U720/Y (NAND2X1)                     1166332.000
                                                  53741256.000 r
  U721/Y (NAND2X1)                     1450652.000
                                                  55191908.000 f
  U745/Y (NAND2X1)                     1166488.000
                                                  56358396.000 r
  U746/Y (NOR2X1)                      962404.000 57320800.000 f
  U747/Y (NOR2X1)                      1545304.000
                                                  58866104.000 r
  U1234/Y (INVX1)                      1057812.000
                                                  59923916.000 f
  U1235/Y (XOR2X1)                     5945264.000
                                                  65869180.000 r
  U1241/Y (OR2X1)                      5840044.000
                                                  71709224.000 r
  U1258/Y (NAND2X1)                    1364056.000
                                                  73073280.000 f
  U1259/Y (XOR2X1)                     4919944.000
                                                  77993224.000 r
  U1262/Y (OR2X1)                      5465368.000
                                                  83458592.000 r
  U2249/Y (NAND2X1)                    1007480.000
                                                  84466072.000 f
  U2250/Y (XOR2X1)                     5565072.000
                                                  90031144.000 r
  U2253/Y (NAND2X1)                    1080224.000
                                                  91111368.000 f
  U2254/Y (NAND2X1)                    1625728.000
                                                  92737096.000 r
  U2261/Y (INVX1)                      1241280.000
                                                  93978376.000 f
  U2262/Y (NAND2X1)                    807232.000 94785608.000 r
  U2263/Y (NAND2X1)                    1043728.000
                                                  95829336.000 f
  U2264/Y (NAND2X1)                    1625000.000
                                                  97454336.000 r
  U2269/Y (INVX1)                      1242256.000
                                                  98696592.000 f
  U2270/Y (NAND2X1)                    807240.000 99503832.000 r
  U2271/Y (NAND2X1)                    2055352.000
                                                  101559184.000 f
  U2272/Y (NAND2X1)                    1624200.000
                                                  103183384.000 r
  U2279/Y (INVX1)                      1243296.000
                                                  104426680.000 f
  U2280/Y (NAND2X1)                    807232.000 105233912.000 r
  U2281/Y (NAND2X1)                    1043728.000
                                                  106277640.000 f
  U2282/Y (NAND2X1)                    1625000.000
                                                  107902640.000 r
  U2286/Y (INVX1)                      1242256.000
                                                  109144896.000 f
  U2287/Y (NAND2X1)                    807240.000 109952136.000 r
  U2288/Y (NAND2X1)                    2055344.000
                                                  112007480.000 f
  U2289/Y (NAND2X1)                    1166096.000
                                                  113173576.000 r
  U2290/Y (NAND2X1)                    2145448.000
                                                  115319024.000 f
  U345/Y (AND2X1)                      2312808.000
                                                  117631832.000 f
  U346/Y (INVX1)                       -51288.000 117580544.000 r
  U2292/Y (INVX1)                      852112.000 118432656.000 f
  U2293/Y (NAND2X1)                    807624.000 119240280.000 r
  U2295/Y (NAND2X1)                    1227040.000
                                                  120467320.000 f
  U2298/Y (NAND2X1)                    1166416.000
                                                  121633736.000 r
  U2305/Y (NAND2X1)                    2140760.000
                                                  123774496.000 f
  U2306/Y (NAND2X1)                    1625160.000
                                                  125399656.000 r
  U2317/Y (INVX1)                      1242024.000
                                                  126641680.000 f
  U2318/Y (NAND2X1)                    1161952.000
                                                  127803632.000 r
  U2319/Y (NAND2X1)                    2206336.000
                                                  130009968.000 f
  U2320/Y (NAND2X1)                    1625128.000
                                                  131635096.000 r
  U2326/Y (INVX1)                      1242088.000
                                                  132877184.000 f
  U2328/Y (NAND2X1)                    807240.000 133684424.000 r
  U2329/Y (NAND2X1)                    2206232.000
                                                  135890656.000 f
  U2330/Y (NAND2X1)                    1171760.000
                                                  137062416.000 r
  U2338/Y (OR2X1)                      5169888.000
                                                  142232304.000 r
  U2339/Y (NAND2X1)                    1361008.000
                                                  143593312.000 f
  U2340/Y (NAND2X1)                    1625552.000
                                                  145218864.000 r
  U2350/Y (INVX1)                      1241504.000
                                                  146460368.000 f
  U2351/Y (NAND2X1)                    1161952.000
                                                  147622320.000 r
  U2352/Y (NAND2X1)                    2206336.000
                                                  149828656.000 f
  U2353/Y (NAND2X1)                    1625120.000
                                                  151453776.000 r
  U2355/Y (INVX1)                      1242080.000
                                                  152695856.000 f
  U2356/Y (NAND2X1)                    1161952.000
                                                  153857808.000 r
  U2357/Y (NAND2X1)                    2206336.000
                                                  156064144.000 f
  U389/Y (AND2X1)                      2856272.000
                                                  158920416.000 f
  U2365/Y (NAND2X1)                    1168928.000
                                                  160089344.000 r
  U2366/Y (NAND2X1)                    1474704.000
                                                  161564048.000 f
  U2367/Y (NAND2X1)                    840016.000 162404064.000 r
  U2368/Y (NAND2X1)                    2147840.000
                                                  164551904.000 f
  U2369/Y (NAND2X1)                    1625088.000
                                                  166176992.000 r
  U2379/Y (INVX1)                      1242112.000
                                                  167419104.000 f
  U2380/Y (NAND2X1)                    1161952.000
                                                  168581056.000 r
  U2381/Y (NAND2X1)                    2206336.000
                                                  170787392.000 f
  U2382/Y (NAND2X1)                    1625120.000
                                                  172412512.000 r
  U2387/Y (INVX1)                      1242080.000
                                                  173654592.000 f
  U2389/Y (NAND2X1)                    807248.000 174461840.000 r
  U2390/Y (NAND2X1)                    2206240.000
                                                  176668080.000 f
  U2391/Y (NAND2X1)                    1625120.000
                                                  178293200.000 r
  U2402/Y (INVX1)                      1242080.000
                                                  179535280.000 f
  U2403/Y (NAND2X1)                    1161952.000
                                                  180697232.000 r
  U2404/Y (NAND2X1)                    2206336.000
                                                  182903568.000 f
  U2405/Y (NAND2X1)                    1625120.000
                                                  184528688.000 r
  U2417/Y (INVX1)                      1242080.000
                                                  185770768.000 f
  U2418/Y (NAND2X1)                    1161952.000
                                                  186932720.000 r
  U2419/Y (NAND2X1)                    2206336.000
                                                  189139056.000 f
  U2420/Y (NAND2X1)                    1171792.000
                                                  190310848.000 r
  U2423/Y (OR2X1)                      5168976.000
                                                  195479824.000 r
  U2424/Y (NAND2X1)                    1361008.000
                                                  196840832.000 f
  U366/Y (AND2X1)                      2832880.000
                                                  199673712.000 f
  U367/Y (INVX1)                       -18752.000 199654960.000 r
  U2428/Y (NAND2X1)                    1049536.000
                                                  200704496.000 f
  U2429/Y (NAND2X1)                    836480.000 201540976.000 r
  U2430/Y (NOR2X1)                     959520.000 202500496.000 f
  U267/Y (AND2X1)                      2305152.000
                                                  204805648.000 f
  U268/Y (INVX1)                       -1258192.000
                                                  203547456.000 r
  U2439/Y (OR2X1)                      1562704.000
                                                  205110160.000 r
  U2440/Y (NAND2X1)                    1715792.000
                                                  206825952.000 f
  U2441/Y (NAND2X1)                    1171776.000
                                                  207997728.000 r
  U2449/Y (OR2X1)                      5169584.000
                                                  213167312.000 r
  U2450/Y (NAND2X1)                    1361008.000
                                                  214528320.000 f
  U2451/Y (NAND2X1)                    1171776.000
                                                  215700096.000 r
  U2459/Y (OR2X1)                      5169664.000
                                                  220869760.000 r
  U2460/Y (NAND2X1)                    1361008.000
                                                  222230768.000 f
  U2461/Y (NAND2X1)                    1171776.000
                                                  223402544.000 r
  U2469/Y (OR2X1)                      5169664.000
                                                  228572208.000 r
  U2470/Y (NAND2X1)                    1361008.000
                                                  229933216.000 f
  U2471/Y (NAND2X1)                    1171760.000
                                                  231104976.000 r
  U2479/Y (OR2X1)                      5170320.000
                                                  236275296.000 r
  U2480/Y (NAND2X1)                    1361008.000
                                                  237636304.000 f
  U2481/Y (NAND2X1)                    1165856.000
                                                  238802160.000 r
  U2483/Y (NAND2X1)                    1048992.000
                                                  239851152.000 f
  U2484/Y (NAND2X1)                    1165872.000
                                                  241017024.000 r
  U2485/Y (NAND2X1)                    1449216.000
                                                  242466240.000 f
  U2486/Y (NOR2X1)                     1082336.000
                                                  243548576.000 r
  U2490/Y (NAND2X1)                    1976240.000
                                                  245524816.000 f
  U2499/Y (NAND2X1)                    1159984.000
                                                  246684800.000 r
  out[0] (out)                            0.000   246684800.000 r
  data arrival time                               246684800.000

  clock clk (rise edge)                250000000.000
                                                  250000000.000
  clock network delay (ideal)             0.000   250000000.000
  output external delay                   0.000   250000000.000
  data required time                              250000000.000
  -----------------------------------------------------------
  data required time                              250000000.000
  data arrival time                               -246684800.000
  -----------------------------------------------------------
  slack (MET)                                     3315200.000


1
