Information: Updating design information... (UID-85)
 
****************************************
Report : qor
Design : top
Version: S-2021.06-SP2
Date   : Tue Nov 29 17:32:47 2022
****************************************


  Timing Path Group 'clk'
  -----------------------------------
  Levels of Logic:             128.00
  Critical Path Length:  243156496.00
  Critical Path Slack:     6843504.00
  Critical Path Clk Period:
                         250000000.00
  Total Negative Slack:          0.00
  No. of Violating Paths:        0.00
  Worst Hold Violation:          0.00
  Total Hold Violation:          0.00
  No. of Hold Violations:        0.00
  -----------------------------------


  Cell Count
  -----------------------------------
  Hierarchical Cell Count:          0
  Hierarchical Port Count:          0
  Leaf Cell Count:               3721
  Buf/Inv Cell Count:             843
  Buf Cell Count:                   0
  Inv Cell Count:                 843
  CT Buf/Inv Cell Count:            0
  Combinational Cell Count:      3721
  Sequential Cell Count:            0
  Macro Count:                      0
  -----------------------------------


  Area
  -----------------------------------
  Combinational Area:
                    1728186810.000000
  Noncombinational Area:     0.000000
  Buf/Inv Area:      192558060.000000
  Total Buffer Area:             0.00
  Total Inverter Area:   192558060.00
  Macro/Black Box Area:      0.000000
  Net Area:                  0.000000
  -----------------------------------
  Cell Area:        1728186810.000000
  Design Area:      1728186810.000000


  Design Rules
  -----------------------------------
  Total Number of Nets:          3769
  Nets With Violations:          3721
  Max Trans Violations:          3721
  Max Cap Violations:               0
  -----------------------------------


  Hostname: leoforos

  Compile CPU Statistics
  -----------------------------------------
  Resource Sharing:                    1.67
  Logic Optimization:                  1.62
  Mapping Optimization:                6.80
  -----------------------------------------
  Overall Compile Time:               15.59
  Overall Compile Wall Clock Time:    15.96

  --------------------------------------------------------------------

  Design  WNS: 0.00  TNS: 0.00  Number of Violating Paths: 0


  Design (Hold)  WNS: 0.00  TNS: 0.00  Number of Violating Paths: 0

  --------------------------------------------------------------------


1
