Information: Updating design information... (UID-85)
 
****************************************
Report : qor
Design : top
Version: S-2021.06-SP2
Date   : Thu Dec 15 12:56:52 2022
****************************************


  Timing Path Group 'clk'
  -----------------------------------
  Levels of Logic:             144.00
  Critical Path Length:  194233360.00
  Critical Path Slack:     5766640.00
  Critical Path Clk Period:
                         200000000.00
  Total Negative Slack:          0.00
  No. of Violating Paths:        0.00
  Worst Hold Violation:          0.00
  Total Hold Violation:          0.00
  No. of Hold Violations:        0.00
  -----------------------------------


  Cell Count
  -----------------------------------
  Hierarchical Cell Count:          0
  Hierarchical Port Count:          0
  Leaf Cell Count:               1728
  Buf/Inv Cell Count:             499
  Buf Cell Count:                   0
  Inv Cell Count:                 499
  CT Buf/Inv Cell Count:            0
  Combinational Cell Count:      1728
  Sequential Cell Count:            0
  Macro Count:                      0
  -----------------------------------


  Area
  -----------------------------------
  Combinational Area:
                     644227982.000000
  Noncombinational Area:     0.000000
  Buf/Inv Area:      113981580.000000
  Total Buffer Area:             0.00
  Total Inverter Area:   113981580.00
  Macro/Black Box Area:      0.000000
  Net Area:                  0.000000
  -----------------------------------
  Cell Area:         644227982.000000
  Design Area:       644227982.000000


  Design Rules
  -----------------------------------
  Total Number of Nets:          1756
  Nets With Violations:          1728
  Max Trans Violations:          1728
  Max Cap Violations:               0
  -----------------------------------


  Hostname: leoforos

  Compile CPU Statistics
  -----------------------------------------
  Resource Sharing:                    2.22
  Logic Optimization:                  0.10
  Mapping Optimization:                1.65
  -----------------------------------------
  Overall Compile Time:               40.43
  Overall Compile Wall Clock Time:    40.78

  --------------------------------------------------------------------

  Design  WNS: 0.00  TNS: 0.00  Number of Violating Paths: 0


  Design (Hold)  WNS: 0.00  TNS: 0.00  Number of Violating Paths: 0

  --------------------------------------------------------------------


1
