****************************************
Report : timing
	-path_type full
	-delay_type max
	-max_paths 1
	-sort_by slack
Design : top
Version: S-2021.06-SP1
Date   : Wed Dec 14 21:13:06 2022
****************************************


  Startpoint: inp[3] (input port clocked by clk)
  Endpoint: out[0] (output port clocked by clk)
  Path Group: clk
  Path Type: max

  Point                                    Incr       Path
  ---------------------------------------------------------------
  clock clk (rise edge)                   0.000      0.000
  clock network delay (ideal)             0.000      0.000
  input external delay                    0.000      0.000 f
  inp[3] (in)                             0.000      0.000 f
  U529/Y (INVX1)                       601904.000 601904.000 r
  U168/Y (AND2X1)                      2197904.000
                                                  2799808.000 r
  U169/Y (INVX1)                       708416.000 3508224.000 f
  U554/Y (NAND2X1)                     1362896.000
                                                  4871120.000 r
  U556/Y (INVX1)                       1101184.000
                                                  5972304.000 f
  U557/Y (NAND2X1)                     1290256.000
                                                  7262560.000 r
  U558/Y (NAND2X1)                     1126592.000
                                                  8389152.000 f
  U559/Y (NAND2X1)                     1399360.000
                                                  9788512.000 r
  U561/Y (OR2X1)                       2580624.000
                                                  12369136.000 r
  U562/Y (NAND2X1)                     1048704.000
                                                  13417840.000 f
  U563/Y (AND2X1)                      2245904.000
                                                  15663744.000 f
  U566/Y (NAND2X1)                     862720.000 16526464.000 r
  U567/Y (NAND2X1)                     1152176.000
                                                  17678640.000 f
  U568/Y (NAND2X1)                     1403840.000
                                                  19082480.000 r
  U292/Y (AND2X1)                      1794480.000
                                                  20876960.000 r
  U293/Y (INVX1)                       710304.000 21587264.000 f
  U577/Y (AND2X1)                      2238224.000
                                                  23825488.000 f
  U578/Y (NAND2X1)                     870400.000 24695888.000 r
  U634/Y (NAND2X1)                     849504.000 25545392.000 f
  U206/Y (XNOR2X1)                     6614000.000
                                                  32159392.000 f
  U207/Y (INVX1)                       -306208.000
                                                  31853184.000 r
  U635/Y (INVX1)                       657680.000 32510864.000 f
  U636/Y (NAND2X1)                     1292176.000
                                                  33803040.000 r
  U748/Y (AND2X1)                      2573280.000
                                                  36376320.000 r
  U119/Y (XNOR2X1)                     5547024.000
                                                  41923344.000 r
  U120/Y (INVX1)                       930720.000 42854064.000 f
  U750/Y (NAND2X1)                     919024.000 43773088.000 r
  U751/Y (NAND2X1)                     1127792.000
                                                  44900880.000 f
  U752/Y (OR2X1)                       2092112.000
                                                  46992992.000 f
  U328/Y (AND2X1)                      2435024.000
                                                  49428016.000 f
  U329/Y (INVX1)                       -1336256.000
                                                  48091760.000 r
  U755/Y (NAND2X1)                     1052064.000
                                                  49143824.000 f
  U757/Y (OR2X1)                       2095440.000
                                                  51239264.000 f
  U762/Y (NAND2X1)                     871872.000 52111136.000 r
  U765/Y (AND2X1)                      913648.000 53024784.000 r
  U766/Y (NAND2X1)                     841952.000 53866736.000 f
  U502/Y (AND2X1)                      2441312.000
                                                  56308048.000 f
  U503/Y (INVX1)                       -299440.000
                                                  56008608.000 r
  U767/Y (NAND2X1)                     1098704.000
                                                  57107312.000 f
  U262/Y (OR2X1)                       2333968.000
                                                  59441280.000 f
  U242/Y (NAND2X1)                     1364544.000
                                                  60805824.000 r
  U229/Y (INVX1)                       1108176.000
                                                  61914000.000 f
  U230/Y (INVX1)                       976224.000 62890224.000 r
  U1362/Y (INVX1)                      650816.000 63541040.000 f
  U1414/Y (NAND2X1)                    924272.000 64465312.000 r
  U1698/Y (NAND2X1)                    1129848.000
                                                  65595160.000 f
  U1699/Y (NAND2X1)                    1342664.000
                                                  66937824.000 r
  U1701/Y (INVX1)                      1096392.000
                                                  68034216.000 f
  U1702/Y (NAND2X1)                    924984.000 68959200.000 r
  U1703/Y (NAND2X1)                    1127136.000
                                                  70086336.000 f
  U1704/Y (NAND2X1)                    1752616.000
                                                  71838952.000 r
  U1707/Y (INVX1)                      1101352.000
                                                  72940304.000 f
  U1708/Y (NAND2X1)                    924984.000 73865288.000 r
  U1709/Y (NAND2X1)                    1129848.000
                                                  74995136.000 f
  U1710/Y (NAND2X1)                    1342656.000
                                                  76337792.000 r
  U1714/Y (INVX1)                      1096376.000
                                                  77434168.000 f
  U272/Y (AND2X1)                      2034744.000
                                                  79468912.000 f
  U273/Y (INVX1)                       -1293784.000
                                                  78175128.000 r
  U1715/Y (NAND2X1)                    1050520.000
                                                  79225648.000 f
  U1716/Y (NAND2X1)                    1385224.000
                                                  80610872.000 r
  U1718/Y (OR2X1)                      2547776.000
                                                  83158648.000 r
  U334/Y (AND2X1)                      1882856.000
                                                  85041504.000 r
  U335/Y (INVX1)                       715432.000 85756936.000 f
  U1721/Y (NAND2X1)                    1362944.000
                                                  87119880.000 r
  U1730/Y (INVX1)                      1096656.000
                                                  88216536.000 f
  U1731/Y (NAND2X1)                    1357536.000
                                                  89574072.000 r
  U408/Y (INVX1)                       895712.000 90469784.000 f
  U409/Y (INVX1)                       446472.000 90916256.000 r
  U1732/Y (NAND2X1)                    1051792.000
                                                  91968048.000 f
  U274/Y (AND2X1)                      2044160.000
                                                  94012208.000 f
  U275/Y (INVX1)                       -1278744.000
                                                  92733464.000 r
  U1747/Y (OR2X1)                      1641608.000
                                                  94375072.000 r
  U1748/Y (NAND2X1)                    1057608.000
                                                  95432680.000 f
  U1749/Y (NAND2X1)                    1386552.000
                                                  96819232.000 r
  U1762/Y (OR2X1)                      2550848.000
                                                  99370080.000 r
  U1763/Y (NAND2X1)                    1045856.000
                                                  100415936.000 f
  U276/Y (AND2X1)                      2442104.000
                                                  102858040.000 f
  U277/Y (INVX1)                       -1277960.000
                                                  101580080.000 r
  U1766/Y (OR2X1)                      1641608.000
                                                  103221688.000 r
  U1798/Y (NAND2X1)                    1059648.000
                                                  104281336.000 f
  U1799/Y (XOR2X1)                     5345456.000
                                                  109626792.000 r
  U1800/Y (INVX1)                      1251152.000
                                                  110877944.000 f
  U101/Y (AND2X1)                      2034712.000
                                                  112912656.000 f
  U102/Y (INVX1)                       -1394448.000
                                                  111518208.000 r
  U1850/Y (NAND2X1)                    1049840.000
                                                  112568048.000 f
  U1852/Y (NAND2X1)                    1345440.000
                                                  113913488.000 r
  U1853/Y (INVX1)                      1116592.000
                                                  115030080.000 f
  U1855/Y (NAND2X1)                    1284224.000
                                                  116314304.000 r
  U95/Y (AND2X1)                       1819088.000
                                                  118133392.000 r
  U96/Y (INVX1)                        717096.000 118850488.000 f
  U1858/Y (NAND2X1)                    1362936.000
                                                  120213424.000 r
  U83/Y (AND2X1)                       1797800.000
                                                  122011224.000 r
  U84/Y (INVX1)                        716992.000 122728216.000 f
  U386/Y (AND2X1)                      2458080.000
                                                  125186296.000 f
  U387/Y (INVX1)                       -1187240.000
                                                  123999056.000 r
  U1864/Y (NAND2X1)                    1218712.000
                                                  125217768.000 f
  U1865/Y (INVX1)                      -549440.000
                                                  124668328.000 r
  U1866/Y (NAND2X1)                    1050480.000
                                                  125718808.000 f
  U1867/Y (NAND2X1)                    1380472.000
                                                  127099280.000 r
  U1869/Y (NAND2X1)                    863680.000 127962960.000 f
  U1888/Y (NAND2X1)                    887104.000 128850064.000 r
  U249/Y (NAND2X1)                     848616.000 129698680.000 f
  U1900/Y (NAND2X1)                    886008.000 130584688.000 r
  U257/Y (AND2X1)                      2174672.000
                                                  132759360.000 r
  U225/Y (INVX1)                       732528.000 133491888.000 f
  U525/Y (INVX1)                       1073664.000
                                                  134565552.000 r
  U1932/Y (NAND2X1)                    835184.000 135400736.000 f
  U1933/Y (NAND2X1)                    1390560.000
                                                  136791296.000 r
  U1934/Y (NOR2X1)                     -293184.000
                                                  136498112.000 f
  U1940/Y (OR2X1)                      2088496.000
                                                  138586608.000 f
  U1941/Y (NAND2X1)                    1425152.000
                                                  140011760.000 r
  U1942/Y (OR2X1)                      2655680.000
                                                  142667440.000 r
  U358/Y (AND2X1)                      1886192.000
                                                  144553632.000 r
  U359/Y (INVX1)                       715776.000 145269408.000 f
  U1948/Y (NAND2X1)                    1291600.000
                                                  146561008.000 r
  U1949/Y (OR2X1)                      2340032.000
                                                  148901040.000 r
  U316/Y (AND2X1)                      1883552.000
                                                  150784592.000 r
  U317/Y (INVX1)                       715328.000 151499920.000 f
  U278/Y (AND2X1)                      2458080.000
                                                  153958000.000 f
  U279/Y (INVX1)                       -1174992.000
                                                  152783008.000 r
  U1956/Y (OR2X1)                      1642304.000
                                                  154425312.000 r
  U1957/Y (NAND2X1)                    1057600.000
                                                  155482912.000 f
  U1958/Y (AND2X1)                     2240768.000
                                                  157723680.000 f
  U1959/Y (NAND2X1)                    862832.000 158586512.000 r
  U266/Y (AND2X1)                      1818464.000
                                                  160404976.000 r
  U267/Y (INVX1)                       715888.000 161120864.000 f
  U250/Y (NAND2X1)                     1285616.000
                                                  162406480.000 r
  U1967/Y (NAND2X1)                    849328.000 163255808.000 f
  U1969/Y (NOR2X1)                     1196592.000
                                                  164452400.000 r
  U1972/Y (NOR2X1)                     99408.000  164551808.000 f
  U1973/Y (NAND2X1)                    1382656.000
                                                  165934464.000 r
  U1974/Y (NAND2X1)                    1152656.000
                                                  167087120.000 f
  U1980/Y (OR2X1)                      2087856.000
                                                  169174976.000 f
  U1981/Y (NAND2X1)                    1425056.000
                                                  170600032.000 r
  U1982/Y (NAND2X1)                    1162288.000
                                                  171762320.000 f
  U1989/Y (NAND2X1)                    878960.000 172641280.000 r
  U1991/Y (NAND2X1)                    848016.000 173489296.000 f
  U1992/Y (NAND2X1)                    881232.000 174370528.000 r
  U1993/Y (NAND2X1)                    1129584.000
                                                  175500112.000 f
  U1994/Y (NOR2X1)                     1195248.000
                                                  176695360.000 r
  U260/Y (OR2X1)                       1628192.000
                                                  178323552.000 r
  U1995/Y (NAND2X1)                    1106704.000
                                                  179430256.000 f
  U280/Y (AND2X1)                      2440208.000
                                                  181870464.000 f
  U281/Y (INVX1)                       -1302832.000
                                                  180567632.000 r
  U2003/Y (AND2X1)                     1972720.000
                                                  182540352.000 r
  U2004/Y (NAND2X1)                    841776.000 183382128.000 f
  U2005/Y (NAND2X1)                    1390800.000
                                                  184772928.000 r
  U264/Y (AND2X1)                      1796256.000
                                                  186569184.000 r
  U265/Y (INVX1)                       715520.000 187284704.000 f
  U2008/Y (NAND2X1)                    1752752.000
                                                  189037456.000 r
  U2009/Y (INVX1)                      1216880.000
                                                  190254336.000 f
  U251/Y (NAND2X1)                     1283872.000
                                                  191538208.000 r
  U2027/Y (NAND2X1)                    848016.000 192386224.000 f
  U2030/Y (NAND2X1)                    879568.000 193265792.000 r
  U2041/Y (NAND2X1)                    864480.000 194130272.000 f
  U2043/Y (NOR2X1)                     1196832.000
                                                  195327104.000 r
  U2044/Y (NOR2X1)                     99040.000  195426144.000 f
  U282/Y (AND2X1)                      2044352.000
                                                  197470496.000 f
  U283/Y (INVX1)                       -1307440.000
                                                  196163056.000 r
  U2046/Y (NAND2X1)                    800480.000 196963536.000 f
  U2047/Y (NOR2X1)                     1191328.000
                                                  198154864.000 r
  out[0] (out)                            0.000   198154864.000 r
  data arrival time                               198154864.000

  clock clk (rise edge)                200000000.000
                                                  200000000.000
  clock network delay (ideal)             0.000   200000000.000
  clock reconvergence pessimism           0.000   200000000.000
  output external delay                   0.000   200000000.000
  data required time                              200000000.000
  ---------------------------------------------------------------
  data required time                              200000000.000
  data arrival time                               -198154864.000
  ---------------------------------------------------------------
  slack (MET)                                     1845136.000


1
