 
****************************************
Report : timing
        -path full
        -delay max
        -max_paths 1
Design : top
Version: S-2021.06-SP2
Date   : Sun Dec 18 12:40:28 2022
****************************************

Operating Conditions: TT   Library: PPDK_Standard_Library_1.0V_25C_TYP_X1
Wire Load Model Mode: top

  Startpoint: inp[32] (input port clocked by clk)
  Endpoint: out[0] (output port clocked by clk)
  Path Group: clk
  Path Type: max

  Point                                    Incr       Path
  -----------------------------------------------------------
  clock clk (rise edge)                   0.000      0.000
  clock network delay (ideal)             0.000      0.000
  input external delay                    0.000      0.000 f
  inp[32] (in)                            0.000      0.000 f
  U874/Y (INVX1)                       601796.125 601796.125 r
  U875/Y (NOR2X1)                      528629.375 1130425.500 f
  U997/Y (NOR2X1)                      1196990.500
                                                  2327416.000 r
  U1117/Y (XOR2X1)                     4394640.500
                                                  6722056.500 f
  U1139/Y (XOR2X1)                     5747672.500
                                                  12469729.000 r
  U1140/Y (XOR2X1)                     4742421.000
                                                  17212150.000 f
  U1207/Y (XOR2X1)                     5077802.000
                                                  22289952.000 r
  U393/Y (XNOR2X1)                     6360436.000
                                                  28650388.000 r
  U663/Y (INVX1)                       952080.000 29602468.000 f
  U1290/Y (NAND2X1)                    1284952.000
                                                  30887420.000 r
  U1293/Y (NAND2X1)                    849214.000 31736634.000 f
  U85/Y (XOR2X1)                       5935826.000
                                                  37672460.000 r
  U84/Y (INVX1)                        1237680.000
                                                  38910140.000 f
  U713/Y (INVX1)                       453896.000 39364036.000 r
  U1862/Y (OR2X1)                      1662188.000
                                                  41026224.000 r
  U454/Y (AND2X1)                      1876284.000
                                                  42902508.000 r
  U455/Y (INVX1)                       715084.000 43617592.000 f
  U1866/Y (NAND2X1)                    930060.000 44547652.000 r
  U1867/Y (NAND2X1)                    1151220.000
                                                  45698872.000 f
  U261/Y (AND2X1)                      2438728.000
                                                  48137600.000 f
  U262/Y (INVX1)                       -297772.000
                                                  47839828.000 r
  U1868/Y (INVX1)                      661812.000 48501640.000 f
  U199/Y (AND2X1)                      2458048.000
                                                  50959688.000 f
  U200/Y (INVX1)                       -1187472.000
                                                  49772216.000 r
  U495/Y (AND2X1)                      1881836.000
                                                  51654052.000 r
  U496/Y (INVX1)                       715232.000 52369284.000 f
  U1872/Y (NAND2X1)                    1357292.000
                                                  53726576.000 r
  U233/Y (INVX1)                       1123152.000
                                                  54849728.000 f
  U234/Y (INVX1)                       456996.000 55306724.000 r
  U1875/Y (OR2X1)                      1662072.000
                                                  56968796.000 r
  U1876/Y (NAND2X1)                    804732.000 57773528.000 f
  U1877/Y (NAND2X1)                    1747884.000
                                                  59521412.000 r
  U249/Y (INVX1)                       1122920.000
                                                  60644332.000 f
  U250/Y (INVX1)                       457016.000 61101348.000 r
  U1878/Y (OR2X1)                      1662088.000
                                                  62763436.000 r
  U1879/Y (NAND2X1)                    804728.000 63568164.000 f
  U1881/Y (NAND2X1)                    897576.000 64465740.000 r
  U1882/Y (NAND2X1)                    1151220.000
                                                  65616960.000 f
  U1884/Y (NAND2X1)                    1336012.000
                                                  66952972.000 r
  U255/Y (INVX1)                       1114436.000
                                                  68067408.000 f
  U256/Y (INVX1)                       457128.000 68524536.000 r
  U1885/Y (OR2X1)                      1662088.000
                                                  70186624.000 r
  U440/Y (AND2X1)                      1876280.000
                                                  72062904.000 r
  U441/Y (INVX1)                       707816.000 72770720.000 f
  U1887/Y (NAND2X1)                    1357288.000
                                                  74128008.000 r
  U267/Y (INVX1)                       1123136.000
                                                  75251144.000 f
  U268/Y (INVX1)                       457000.000 75708144.000 r
  U1890/Y (OR2X1)                      1662072.000
                                                  77370216.000 r
  U173/Y (AND2X1)                      1876280.000
                                                  79246496.000 r
  U174/Y (INVX1)                       716056.000 79962552.000 f
  U1891/Y (NAND2X1)                    1303336.000
                                                  81265888.000 r
  U1893/Y (OR2X1)                      2349312.000
                                                  83615200.000 r
  U442/Y (AND2X1)                      1883616.000
                                                  85498816.000 r
  U443/Y (INVX1)                       707952.000 86206768.000 f
  U1894/Y (NAND2X1)                    1291456.000
                                                  87498224.000 r
  U1895/Y (XOR2X1)                     4758000.000
                                                  92256224.000 f
  U1896/Y (XOR2X1)                     3007656.000
                                                  95263880.000 f
  U396/Y (NOR2X1)                      1637456.000
                                                  96901336.000 r
  U375/Y (INVX1)                       1009512.000
                                                  97910848.000 f
  U376/Y (INVX1)                       486040.000 98396888.000 r
  U360/Y (AND2X1)                      1877456.000
                                                  100274344.000 r
  U361/Y (INVX1)                       730648.000 101004992.000 f
  U1901/Y (INVX1)                      490728.000 101495720.000 r
  U2287/Y (XOR2X1)                     4526128.000
                                                  106021848.000 f
  U2289/Y (AND2X1)                     1841248.000
                                                  107863096.000 f
  U2290/Y (OR2X1)                      2082304.000
                                                  109945400.000 f
  U2351/Y (XOR2X1)                     5304864.000
                                                  115250264.000 r
  U2353/Y (XOR2X1)                     4748776.000
                                                  119999040.000 f
  U2359/Y (AND2X1)                     1841104.000
                                                  121840144.000 f
  U2360/Y (OR2X1)                      2082352.000
                                                  123922496.000 f
  U2362/Y (XOR2X1)                     5310072.000
                                                  129232568.000 r
  U2363/Y (AND2X1)                     2548008.000
                                                  131780576.000 r
  U2364/Y (OR2X1)                      1700520.000
                                                  133481096.000 r
  U2384/Y (INVX1)                      718536.000 134199632.000 f
  U2385/Y (XOR2X1)                     5588272.000
                                                  139787904.000 r
  U2386/Y (AND2X1)                     2566192.000
                                                  142354096.000 r
  U2387/Y (OR2X1)                      2241792.000
                                                  144595888.000 r
  U2393/Y (XOR2X1)                     4512656.000
                                                  149108544.000 f
  U2395/Y (AND2X1)                     1841088.000
                                                  150949632.000 f
  U2396/Y (OR2X1)                      2077904.000
                                                  153027536.000 f
  U755/Y (OR2X1)                       2083056.000
                                                  155110592.000 f
  U2402/Y (NAND2X1)                    878432.000 155989024.000 r
  U2485/Y (OR2X1)                      2533376.000
                                                  158522400.000 r
  U115/Y (AND2X1)                      2198880.000
                                                  160721280.000 r
  U116/Y (INVX1)                       707648.000 161428928.000 f
  U390/Y (NOR2X1)                      1693856.000
                                                  163122784.000 r
  U380/Y (INVX1)                       1066480.000
                                                  164189264.000 f
  U381/Y (INVX1)                       964832.000 165154096.000 r
  U208/Y (INVX1)                       655056.000 165809152.000 f
  U2633/Y (AND2X1)                     1864192.000
                                                  167673344.000 f
  U2634/Y (OR2X1)                      2081184.000
                                                  169754528.000 f
  U2636/Y (XOR2X1)                     5305056.000
                                                  175059584.000 r
  U2642/Y (XOR2X1)                     4745888.000
                                                  179805472.000 f
  U2654/Y (NAND2X1)                    836384.000 180641856.000 r
  U2656/Y (OR2X1)                      2652960.000
                                                  183294816.000 r
  U125/Y (AND2X1)                      2199184.000
                                                  185494000.000 r
  U126/Y (INVX1)                       707552.000 186201552.000 f
  U2659/Y (AND2X1)                     2238240.000
                                                  188439792.000 f
  U2660/Y (NOR2X1)                     1211728.000
                                                  189651520.000 r
  U2661/Y (OR2X1)                      2158096.000
                                                  191809616.000 r
  U2662/Y (NAND2X1)                    1050288.000
                                                  192859904.000 f
  U2795/Y (NOR2X1)                     1190096.000
                                                  194050000.000 r
  U2796/Y (NOR2X1)                     64832.000  194114832.000 f
  out[0] (out)                            0.000   194114832.000 f
  data arrival time                               194114832.000

  clock clk (rise edge)                200000000.000
                                                  200000000.000
  clock network delay (ideal)             0.000   200000000.000
  output external delay                   0.000   200000000.000
  data required time                              200000000.000
  -----------------------------------------------------------
  data required time                              200000000.000
  data arrival time                               -194114832.000
  -----------------------------------------------------------
  slack (MET)                                     5885168.000


1
