 
****************************************
Report : timing
        -path full
        -delay max
        -max_paths 1
Design : top
Version: S-2021.06-SP2
Date   : Fri Dec 16 15:39:37 2022
****************************************

Operating Conditions: TT   Library: PPDK_Standard_Library_0.8V_25C_TYP_X1
Wire Load Model Mode: top

  Startpoint: inp[12] (input port clocked by clk)
  Endpoint: out[0] (output port clocked by clk)
  Path Group: clk
  Path Type: max

  Point                                    Incr       Path
  -----------------------------------------------------------
  clock clk (rise edge)                   0.000      0.000
  clock network delay (ideal)             0.000      0.000
  input external delay                    0.000      0.000 f
  inp[12] (in)                            0.000      0.000 f
  U849/Y (AND2X1)                      2573902.250
                                                  2573902.250 f
  U850/Y (NAND2X1)                     866602.250 3440504.500 r
  U852/Y (NAND2X1)                     1053085.000
                                                  4493589.500 f
  U853/Y (NAND2X1)                     1619300.000
                                                  6112889.500 r
  U854/Y (INVX1)                       1238191.000
                                                  7351080.500 f
  U855/Y (XOR2X1)                      5231533.500
                                                  12582614.000 r
  U856/Y (XOR2X1)                      5483390.000
                                                  18066004.000 f
  U950/Y (XOR2X1)                      5448804.000
                                                  23514808.000 r
  U953/Y (NAND2X1)                     2834856.000
                                                  26349664.000 f
  U954/Y (NAND2X1)                     1619680.000
                                                  27969344.000 r
  U955/Y (INVX1)                       1238214.000
                                                  29207558.000 f
  U966/Y (XOR2X1)                      5941862.000
                                                  35149420.000 r
  U470/Y (XNOR2X1)                     6627656.000
                                                  41777076.000 r
  U471/Y (INVX1)                       1045872.000
                                                  42822948.000 f
  U478/Y (XNOR2X1)                     4713572.000
                                                  47536520.000 r
  U479/Y (INVX1)                       985680.000 48522200.000 f
  U1014/Y (XOR2X1)                     6261836.000
                                                  54784036.000 r
  U1047/Y (INVX1)                      1394064.000
                                                  56178100.000 f
  U1048/Y (NAND2X1)                    1161960.000
                                                  57340060.000 r
  U1049/Y (AND2X1)                     1950288.000
                                                  59290348.000 r
  U1050/Y (NOR2X1)                     1242704.000
                                                  60533052.000 f
  U1051/Y (INVX1)                      -541920.000
                                                  59991132.000 r
  U1055/Y (NAND2X1)                    1009044.000
                                                  61000176.000 f
  U1056/Y (NAND2X1)                    1176664.000
                                                  62176840.000 r
  U1115/Y (NAND2X1)                    1050216.000
                                                  63227056.000 f
  U1116/Y (NAND2X1)                    1636748.000
                                                  64863804.000 r
  U1122/Y (INVX1)                      1251864.000
                                                  66115668.000 f
  U1123/Y (NAND2X1)                    807240.000 66922908.000 r
  U1124/Y (NAND2X1)                    2198932.000
                                                  69121840.000 f
  U1125/Y (NAND2X1)                    1165880.000
                                                  70287720.000 r
  U1126/Y (NAND2X1)                    2148656.000
                                                  72436376.000 f
  U1129/Y (NAND2X1)                    1274112.000
                                                  73710488.000 r
  U776/Y (OR2X1)                       6785048.000
                                                  80495536.000 r
  U1135/Y (NAND2X1)                    1542544.000
                                                  82038080.000 f
  U339/Y (INVX1)                       257320.000 82295400.000 r
  U340/Y (INVX1)                       816032.000 83111432.000 f
  U3011/Y (XOR2X1)                     6262640.000
                                                  89374072.000 r
  U3013/Y (NAND2X1)                    1077688.000
                                                  90451760.000 f
  U3016/Y (NAND2X1)                    1281360.000
                                                  91733120.000 r
  U3017/Y (INVX1)                      1252680.000
                                                  92985800.000 f
  U3300/Y (XOR2X1)                     5944544.000
                                                  98930344.000 r
  U298/Y (XNOR2X1)                     6627656.000
                                                  105558000.000 r
  U299/Y (INVX1)                       1093456.000
                                                  106651456.000 f
  U3842/Y (NAND2X1)                    1621696.000
                                                  108273152.000 r
  U3843/Y (INVX1)                      1247112.000
                                                  109520264.000 f
  U3844/Y (XNOR2X1)                    6855608.000
                                                  116375872.000 f
  U3848/Y (NAND2X1)                    856360.000 117232232.000 r
  U3849/Y (NAND2X1)                    2206336.000
                                                  119438568.000 f
  U3850/Y (NAND2X1)                    1182480.000
                                                  120621048.000 r
  U3853/Y (OR2X1)                      5273752.000
                                                  125894800.000 r
  U3854/Y (NAND2X1)                    1494744.000
                                                  127389544.000 f
  U3855/Y (NAND2X1)                    1182488.000
                                                  128572032.000 r
  U3859/Y (NOR2X1)                     959720.000 129531752.000 f
  U3860/Y (OR2X1)                      2421232.000
                                                  131952984.000 f
  U3861/Y (NAND2X1)                    1184632.000
                                                  133137616.000 r
  U3864/Y (OR2X1)                      5136352.000
                                                  138273968.000 r
  U3865/Y (NAND2X1)                    1472736.000
                                                  139746704.000 f
  U3866/Y (NAND2X1)                    1624816.000
                                                  141371520.000 r
  U3932/Y (NAND2X1)                    1071488.000
                                                  142443008.000 f
  U3933/Y (NAND2X1)                    1172208.000
                                                  143615216.000 r
  U318/Y (NAND2X1)                     1475824.000
                                                  145091040.000 f
  U306/Y (INVX1)                       268288.000 145359328.000 r
  U307/Y (INVX1)                       758752.000 146118080.000 f
  U3951/Y (NAND2X1)                    1255280.000
                                                  147373360.000 r
  U3952/Y (INVX1)                      1242896.000
                                                  148616256.000 f
  U408/Y (OR2X1)                       2438064.000
                                                  151054320.000 f
  U3954/Y (OR2X1)                      2395392.000
                                                  153449712.000 f
  U3965/Y (NAND2X1)                    1272432.000
                                                  154722144.000 r
  U3966/Y (INVX1)                      1237136.000
                                                  155959280.000 f
  U3969/Y (OR2X1)                      2431552.000
                                                  158390832.000 f
  U3978/Y (NAND2X1)                    845600.000 159236432.000 r
  U3981/Y (NAND2X1)                    1048608.000
                                                  160285040.000 f
  U3990/Y (NAND2X1)                    836304.000 161121344.000 r
  U3993/Y (NAND2X1)                    1048608.000
                                                  162169952.000 f
  U3994/Y (NAND2X1)                    1165856.000
                                                  163335808.000 r
  U3997/Y (NAND2X1)                    1048992.000
                                                  164384800.000 f
  U4006/Y (NAND2X1)                    836368.000 165221168.000 r
  U4009/Y (NAND2X1)                    1048592.000
                                                  166269760.000 f
  U4010/Y (NAND2X1)                    836304.000 167106064.000 r
  U4013/Y (NAND2X1)                    1048592.000
                                                  168154656.000 f
  U4022/Y (NAND2X1)                    1268224.000
                                                  169422880.000 r
  U4023/Y (INVX1)                      1237152.000
                                                  170660032.000 f
  U4029/Y (NAND2X1)                    813040.000 171473072.000 r
  U758/Y (NAND2X1)                     1068224.000
                                                  172541296.000 f
  U4050/Y (NAND2X1)                    836528.000 173377824.000 r
  U4052/Y (NAND2X1)                    1229120.000
                                                  174606944.000 f
  U4065/Y (NAND2X1)                    840416.000 175447360.000 r
  U4066/Y (NAND2X1)                    2206368.000
                                                  177653728.000 f
  U4075/Y (NAND2X1)                    836368.000 178490096.000 r
  U4078/Y (NAND2X1)                    1048592.000
                                                  179538688.000 f
  U4079/Y (NAND2X1)                    836304.000 180374992.000 r
  U4082/Y (NAND2X1)                    1048592.000
                                                  181423584.000 f
  U4091/Y (AND2X1)                     2054992.000
                                                  183478576.000 f
  U4093/Y (NOR2X1)                     1559216.000
                                                  185037792.000 r
  U4094/Y (INVX1)                      1053120.000
                                                  186090912.000 f
  U4103/Y (NAND2X1)                    807296.000 186898208.000 r
  U4106/Y (NAND2X1)                    1048592.000
                                                  187946800.000 f
  U4107/Y (NAND2X1)                    836304.000 188783104.000 r
  U4110/Y (NAND2X1)                    1048592.000
                                                  189831696.000 f
  U4118/Y (NAND2X1)                    836304.000 190668000.000 r
  U321/Y (NAND2X1)                     1225248.000
                                                  191893248.000 f
  U322/Y (INVX1)                       371552.000 192264800.000 r
  U4139/Y (NAND2X1)                    2115808.000
                                                  194380608.000 f
  U4140/Y (NAND2X1)                    1172240.000
                                                  195552848.000 r
  U778/Y (OR2X1)                       5139856.000
                                                  200692704.000 r
  U4151/Y (NAND2X1)                    1004960.000
                                                  201697664.000 f
  U4153/Y (NAND2X1)                    835312.000 202532976.000 r
  U4154/Y (NOR2X1)                     1185840.000
                                                  203718816.000 f
  U4155/Y (INVX1)                      -481136.000
                                                  203237680.000 r
  U4159/Y (NAND2X1)                    1008832.000
                                                  204246512.000 f
  U4161/Y (NAND2X1)                    835968.000 205082480.000 r
  U777/Y (OR2X1)                       5170032.000
                                                  210252512.000 r
  U4166/Y (NAND2X1)                    1004960.000
                                                  211257472.000 f
  U4167/Y (NAND2X1)                    1170864.000
                                                  212428336.000 r
  U4168/Y (OR2X1)                      5229824.000
                                                  217658160.000 r
  U4169/Y (NAND2X1)                    1360992.000
                                                  219019152.000 f
  U4171/Y (NAND2X1)                    842032.000 219861184.000 r
  U4175/Y (OR2X1)                      5168960.000
                                                  225030144.000 r
  U4176/Y (NAND2X1)                    1360992.000
                                                  226391136.000 f
  U4178/Y (NAND2X1)                    842032.000 227233168.000 r
  U4179/Y (OR2X1)                      5170416.000
                                                  232403584.000 r
  U4180/Y (NAND2X1)                    1360992.000
                                                  233764576.000 f
  U4182/Y (NAND2X1)                    842048.000 234606624.000 r
  U4192/Y (NAND2X1)                    1049280.000
                                                  235655904.000 f
  U4193/Y (NAND2X1)                    1171760.000
                                                  236827664.000 r
  U4199/Y (OR2X1)                      5169904.000
                                                  241997568.000 r
  U4200/Y (NAND2X1)                    1360992.000
                                                  243358560.000 f
  U4201/Y (NAND2X1)                    1273840.000
                                                  244632400.000 r
  U4202/Y (INVX1)                      1243280.000
                                                  245875680.000 f
  U4209/Y (NAND2X1)                    807344.000 246683024.000 r
  U4210/Y (NAND2X1)                    2198816.000
                                                  248881840.000 f
  U4215/Y (NAND2X1)                    830704.000 249712544.000 r
  out[0] (out)                            0.000   249712544.000 r
  data arrival time                               249712544.000

  clock clk (rise edge)                250000000.000
                                                  250000000.000
  clock network delay (ideal)             0.000   250000000.000
  output external delay                   0.000   250000000.000
  data required time                              250000000.000
  -----------------------------------------------------------
  data required time                              250000000.000
  data arrival time                               -249712544.000
  -----------------------------------------------------------
  slack (MET)                                     287456.000


1
