****************************************
Report : timing
	-path_type full
	-delay_type max
	-max_paths 1
	-sort_by slack
Design : top
Version: S-2021.06-SP1
Date   : Wed Dec 14 19:36:21 2022
****************************************


  Startpoint: inp[20] (input port clocked by clk)
  Endpoint: out[0] (output port clocked by clk)
  Path Group: clk
  Path Type: max

  Point                                    Incr       Path
  ---------------------------------------------------------------
  clock clk (rise edge)                   0.000      0.000
  clock network delay (ideal)             0.000      0.000
  input external delay                    0.000      0.000 f
  inp[20] (in)                            0.000      0.000 f
  U750/Y (NAND2X1)                     1282048.000
                                                  1282048.000 r
  U751/Y (AND2X1)                      2174720.000
                                                  3456768.000 r
  U752/Y (INVX1)                       715728.000 4172496.000 f
  U782/Y (NAND2X1)                     924352.000 5096848.000 r
  U598/Y (XNOR2X1)                     6501344.000
                                                  11598192.000 r
  U791/Y (NAND2X1)                     844064.000 12442256.000 f
  U792/Y (NAND2X1)                     1385488.000
                                                  13827744.000 r
  U591/Y (XNOR2X1)                     6475696.000
                                                  20303440.000 r
  U592/Y (INVX1)                       828968.000 21132408.000 f
  U871/Y (XOR2X1)                      5300944.000
                                                  26433352.000 r
  U872/Y (INVX1)                       1237208.000
                                                  27670560.000 f
  U875/Y (NAND2X1)                     919480.000 28590040.000 r
  U545/Y (AND2X1)                      1830400.000
                                                  30420440.000 r
  U151/Y (AND2X1)                      1835624.000
                                                  32256064.000 r
  U152/Y (INVX1)                       713312.000 32969376.000 f
  U131/Y (AND2X1)                      2458080.000
                                                  35427456.000 f
  U132/Y (INVX1)                       -229808.000
                                                  35197648.000 r
  U897/Y (INVX1)                       651888.000 35849536.000 f
  U898/Y (NAND2X1)                     1285832.000
                                                  37135368.000 r
  U900/Y (NAND2X1)                     929312.000 38064680.000 f
  U324/Y (INVX1)                       226112.000 38290792.000 r
  U325/Y (INVX1)                       646928.000 38937720.000 f
  U964/Y (XOR2X1)                      5583024.000
                                                  44520744.000 r
  U632/Y (XNOR2X1)                     6326104.000
                                                  50846848.000 r
  U418/Y (AND2X1)                      2176992.000
                                                  53023840.000 r
  U419/Y (INVX1)                       714776.000 53738616.000 f
  U1163/Y (NAND2X1)                    1285616.000
                                                  55024232.000 r
  U1166/Y (NAND2X1)                    850352.000 55874584.000 f
  U1167/Y (NAND2X1)                    1380704.000
                                                  57255288.000 r
  U543/Y (AND2X1)                      1798424.000
                                                  59053712.000 r
  U544/Y (INVX1)                       716248.000 59769960.000 f
  U1169/Y (OR2X1)                      2115216.000
                                                  61885176.000 f
  U381/Y (NAND2X1)                     870712.000 62755888.000 r
  U549/Y (AND2X1)                      1830488.000
                                                  64586376.000 r
  U550/Y (INVX1)                       721712.000 65308088.000 f
  U1171/Y (NAND2X1)                    918768.000 66226856.000 r
  U426/Y (AND2X1)                      1818600.000
                                                  68045456.000 r
  U427/Y (INVX1)                       715224.000 68760680.000 f
  U551/Y (AND2X1)                      2460944.000
                                                  71221624.000 f
  U163/Y (AND2X1)                      2428960.000
                                                  73650584.000 f
  U164/Y (INVX1)                       -1375528.000
                                                  72275056.000 r
  U557/Y (AND2X1)                      1889120.000
                                                  74164176.000 r
  U558/Y (INVX1)                       712464.000 74876640.000 f
  U1189/Y (NAND2X1)                    1752760.000
                                                  76629400.000 r
  U1190/Y (INVX1)                      1216704.000
                                                  77846104.000 f
  U1191/Y (NOR2X1)                     1156896.000
                                                  79003000.000 r
  U1194/Y (NAND2X1)                    830224.000 79833224.000 f
  U1197/Y (NAND2X1)                    1339552.000
                                                  81172776.000 r
  U1198/Y (INVX1)                      1115664.000
                                                  82288440.000 f
  U1199/Y (NAND2X1)                    1284224.000
                                                  83572664.000 r
  U328/Y (AND2X1)                      1819088.000
                                                  85391752.000 r
  U329/Y (INVX1)                       708800.000 86100552.000 f
  U368/Y (NAND2X1)                     1413760.000
                                                  87514312.000 r
  U356/Y (INVX1)                       1139880.000
                                                  88654192.000 f
  U357/Y (INVX1)                       969016.000 89623208.000 r
  U1203/Y (INVX1)                      645784.000 90268992.000 f
  U1204/Y (XOR2X1)                     5301288.000
                                                  95570280.000 r
  U1205/Y (INVX1)                      1237432.000
                                                  96807712.000 f
  U1207/Y (NAND2X1)                    919360.000 97727072.000 r
  U1216/Y (NAND2X1)                    848424.000 98575496.000 f
  U1218/Y (NAND2X1)                    1335848.000
                                                  99911344.000 r
  U314/Y (INVX1)                       1114864.000
                                                  101026208.000 f
  U315/Y (INVX1)                       457120.000 101483328.000 r
  U1223/Y (OR2X1)                      1662080.000
                                                  103145408.000 r
  U1224/Y (NAND2X1)                    1219752.000
                                                  104365160.000 f
  U1234/Y (NAND2X1)                    881416.000 105246576.000 r
  U448/Y (AND2X1)                      1819096.000
                                                  107065672.000 r
  U449/Y (INVX1)                       715848.000 107781520.000 f
  U1241/Y (AND2X1)                     2238240.000
                                                  110019760.000 f
  U145/Y (AND2X1)                      2431264.000
                                                  112451024.000 f
  U146/Y (INVX1)                       -1360576.000
                                                  111090448.000 r
  U1243/Y (NAND2X1)                    927120.000 112017568.000 f
  U1244/Y (INVX1)                      -548736.000
                                                  111468832.000 r
  U583/Y (AND2X1)                      1881456.000
                                                  113350288.000 r
  U584/Y (INVX1)                       708960.000 114059248.000 f
  U1251/Y (NAND2X1)                    1286048.000
                                                  115345296.000 r
  U428/Y (AND2X1)                      1818704.000
                                                  117164000.000 r
  U429/Y (INVX1)                       715216.000 117879216.000 f
  U581/Y (AND2X1)                      2034880.000
                                                  119914096.000 f
  U582/Y (INVX1)                       -1302648.000
                                                  118611448.000 r
  U1255/Y (NAND2X1)                    1051688.000
                                                  119663136.000 f
  U440/Y (AND2X1)                      2044160.000
                                                  121707296.000 f
  U441/Y (INVX1)                       -1439968.000
                                                  120267328.000 r
  U1270/Y (AND2X1)                     1976608.000
                                                  122243936.000 r
  U141/Y (AND2X1)                      2189928.000
                                                  124433864.000 r
  U142/Y (INVX1)                       710784.000 125144648.000 f
  U1271/Y (AND2X1)                     2238232.000
                                                  127382880.000 f
  U1275/Y (NAND2X1)                    864400.000 128247280.000 r
  U458/Y (AND2X1)                      1819104.000
                                                  130066384.000 r
  U459/Y (INVX1)                       715608.000 130781992.000 f
  U1279/Y (NAND2X1)                    1752752.000
                                                  132534744.000 r
  U412/Y (AND2X1)                      1785592.000
                                                  134320336.000 r
  U413/Y (INVX1)                       710352.000 135030688.000 f
  U1289/Y (NAND2X1)                    1285632.000
                                                  136316320.000 r
  U1290/Y (NAND2X1)                    1126416.000
                                                  137442736.000 f
  U1291/Y (AND2X1)                     1856432.000
                                                  139299168.000 f
  U1295/Y (XOR2X1)                     5477888.000
                                                  144777056.000 r
  U438/Y (AND2X1)                      1820224.000
                                                  146597280.000 r
  U439/Y (INVX1)                       715392.000 147312672.000 f
  U1444/Y (NAND2X1)                    1285616.000
                                                  148598288.000 r
  U97/Y (AND2X1)                       1818784.000
                                                  150417072.000 r
  U98/Y (INVX1)                        707392.000 151124464.000 f
  U1460/Y (NAND2X1)                    1285648.000
                                                  152410112.000 r
  U1462/Y (NAND2X1)                    848288.000 153258400.000 f
  U1467/Y (NAND2X1)                    886080.000 154144480.000 r
  U1470/Y (NAND2X1)                    930016.000 155074496.000 f
  U1471/Y (INVX1)                      -573648.000
                                                  154500848.000 r
  out[0] (out)                            0.000   154500848.000 r
  data arrival time                               154500848.000

  clock clk (rise edge)                200000000.000
                                                  200000000.000
  clock network delay (ideal)             0.000   200000000.000
  clock reconvergence pessimism           0.000   200000000.000
  output external delay                   0.000   200000000.000
  data required time                              200000000.000
  ---------------------------------------------------------------
  data required time                              200000000.000
  data arrival time                               -154500848.000
  ---------------------------------------------------------------
  slack (MET)                                     45499152.000


1
