 
****************************************
Report : timing
        -path full
        -delay max
        -max_paths 1
Design : top
Version: S-2021.06-SP2
Date   : Sun Dec  4 15:40:57 2022
****************************************

Operating Conditions: TT   Library: PPDK_Standard_Library_1.0V_25C_TYP_X1
Wire Load Model Mode: top

  Startpoint: inp[25] (input port clocked by clk)
  Endpoint: out[0] (output port clocked by clk)
  Path Group: clk
  Path Type: max

  Point                                    Incr       Path
  -----------------------------------------------------------
  clock clk (rise edge)                   0.000      0.000
  clock network delay (ideal)             0.000      0.000
  input external delay                    0.000      0.000 r
  inp[25] (in)                            0.000      0.000 r
  U821/Y (INVX1)                       54332.559  54332.559 f
  U914/Y (NAND2X1)                     1294021.375
                                                  1348353.875 r
  U350/Y (AND2X1)                      2174216.000
                                                  3522570.000 r
  U351/Y (INVX1)                       732900.000 4255470.000 f
  U936/Y (INVX1)                       440370.000 4695840.000 r
  U937/Y (NAND2X1)                     801284.000 5497124.000 f
  U330/Y (AND2X1)                      2441850.000
                                                  7938974.000 f
  U331/Y (INVX1)                       -307729.500
                                                  7631244.500 r
  U938/Y (INVX1)                       651994.000 8283238.500 f
  U939/Y (NAND2X1)                     1291781.500
                                                  9575020.000 r
  U443/Y (NAND2X1)                     849671.000 10424691.000 f
  U464/Y (XNOR2X1)                     6613327.000
                                                  17038018.000 f
  U985/Y (NAND2X1)                     858694.000 17896712.000 r
  U221/Y (AND2X1)                      2174594.000
                                                  20071306.000 r
  U222/Y (INVX1)                       715558.000 20786864.000 f
  U989/Y (NAND2X1)                     924536.000 21711400.000 r
  U85/Y (AND2X1)                       1818354.000
                                                  23529754.000 r
  U86/Y (INVX1)                        716062.000 24245816.000 f
  U992/Y (NAND2X1)                     918812.000 25164628.000 r
  U244/Y (AND2X1)                      1818800.000
                                                  26983428.000 r
  U245/Y (INVX1)                       707668.000 27691096.000 f
  U382/Y (AND2X1)                      2034890.000
                                                  29725986.000 f
  U383/Y (INVX1)                       -1434662.000
                                                  28291324.000 r
  U562/Y (AND2X1)                      2198946.000
                                                  30490270.000 r
  U563/Y (INVX1)                       707626.000 31197896.000 f
  U652/Y (AND2X1)                      2034876.000
                                                  33232772.000 f
  U653/Y (INVX1)                       -1327924.000
                                                  31904848.000 r
  U998/Y (OR2X1)                       1641260.000
                                                  33546108.000 r
  U598/Y (AND2X1)                      2196640.000
                                                  35742748.000 r
  U599/Y (INVX1)                       708376.000 36451124.000 f
  U999/Y (NAND2X1)                     924544.000 37375668.000 r
  U668/Y (AND2X1)                      2174408.000
                                                  39550076.000 r
  U669/Y (INVX1)                       715840.000 40265916.000 f
  U1022/Y (NAND2X1)                    1285760.000
                                                  41551676.000 r
  U670/Y (AND2X1)                      2174572.000
                                                  43726248.000 r
  U671/Y (INVX1)                       715788.000 44442036.000 f
  U1023/Y (OR2X1)                      2117896.000
                                                  46559932.000 f
  U600/Y (AND2X1)                      2434344.000
                                                  48994276.000 f
  U601/Y (INVX1)                       -1340636.000
                                                  47653640.000 r
  U406/Y (AND2X1)                      2199116.000
                                                  49852756.000 r
  U407/Y (INVX1)                       724988.000 50577744.000 f
  U1073/Y (INVX1)                      440492.000 51018236.000 r
  U366/Y (AND2X1)                      2198692.000
                                                  53216928.000 r
  U367/Y (INVX1)                       707932.000 53924860.000 f
  U560/Y (AND2X1)                      2034888.000
                                                  55959748.000 f
  U561/Y (INVX1)                       -1187016.000
                                                  54772732.000 r
  U460/Y (AND2X1)                      2201992.000
                                                  56974724.000 r
  U368/Y (AND2X1)                      2181488.000
                                                  59156212.000 r
  U369/Y (INVX1)                       713532.000 59869744.000 f
  U566/Y (AND2X1)                      2034888.000
                                                  61904632.000 f
  U567/Y (INVX1)                       -1279408.000
                                                  60625224.000 r
  U1079/Y (XOR2X1)                     4507852.000
                                                  65133076.000 f
  U1080/Y (NOR2X1)                     1240540.000
                                                  66373616.000 r
  U191/Y (AND2X1)                      2179152.000
                                                  68552768.000 r
  U192/Y (INVX1)                       714072.000 69266840.000 f
  U181/Y (AND2X1)                      2034872.000
                                                  71301712.000 f
  U182/Y (INVX1)                       -1291944.000
                                                  70009768.000 r
  U183/Y (AND2X1)                      1881904.000
                                                  71891672.000 r
  U184/Y (INVX1)                       716232.000 72607904.000 f
  U203/Y (AND2X1)                      2458008.000
                                                  75065912.000 f
  U204/Y (INVX1)                       -1139232.000
                                                  73926680.000 r
  U1107/Y (XOR2X1)                     4507672.000
                                                  78434352.000 f
  U610/Y (AND2X1)                      2416960.000
                                                  80851312.000 f
  U611/Y (INVX1)                       -1452968.000
                                                  79398344.000 r
  U482/Y (AND2X1)                      2199144.000
                                                  81597488.000 r
  U483/Y (INVX1)                       707560.000 82305048.000 f
  U574/Y (AND2X1)                      2034872.000
                                                  84339920.000 f
  U575/Y (INVX1)                       -1451040.000
                                                  82888880.000 r
  U640/Y (AND2X1)                      1882000.000
                                                  84770880.000 r
  U641/Y (INVX1)                       716008.000 85486888.000 f
  U760/Y (XNOR2X1)                     6386088.000
                                                  91872976.000 f
  U1129/Y (NAND2X1)                    870848.000 92743824.000 r
  U628/Y (AND2X1)                      2174584.000
                                                  94918408.000 r
  U629/Y (INVX1)                       715784.000 95634192.000 f
  U1136/Y (NAND2X1)                    1285744.000
                                                  96919936.000 r
  U608/Y (AND2X1)                      1818752.000
                                                  98738688.000 r
  U609/Y (INVX1)                       715080.000 99453768.000 f
  U1139/Y (NAND2X1)                    1285624.000
                                                  100739392.000 r
  U248/Y (AND2X1)                      2174584.000
                                                  102913976.000 r
  U249/Y (INVX1)                       715784.000 103629760.000 f
  U510/Y (AND2X1)                      2034888.000
                                                  105664648.000 f
  U511/Y (INVX1)                       -1187424.000
                                                  104477224.000 r
  U550/Y (AND2X1)                      2199080.000
                                                  106676304.000 r
  U551/Y (INVX1)                       707584.000 107383888.000 f
  U688/Y (AND2X1)                      2034872.000
                                                  109418760.000 f
  U689/Y (INVX1)                       -1340416.000
                                                  108078344.000 r
  U1143/Y (NOR2X1)                     550144.000 108628488.000 f
  out[0] (out)                            0.000   108628488.000 f
  data arrival time                               108628488.000

  clock clk (rise edge)                200000000.000
                                                  200000000.000
  clock network delay (ideal)             0.000   200000000.000
  output external delay                   0.000   200000000.000
  data required time                              200000000.000
  -----------------------------------------------------------
  data required time                              200000000.000
  data arrival time                               -108628488.000
  -----------------------------------------------------------
  slack (MET)                                     91371512.000


1
