 
****************************************
Report : area
Design : top
Version: S-2021.06-SP2
Date   : Sun Dec  4 15:40:57 2022
****************************************

Library(s) Used:

    PPDK_Standard_Library_1.0V_25C_TYP_X1 (File: /home/akokkinis/synLibs/egfet/db/EGFET_1.0V.db)

Number of ports:                           30
Number of nets:                          1099
Number of cells:                         1071
Number of combinational cells:           1071
Number of sequential cells:                 0
Number of macros/black boxes:               0
Number of buf/inv:                        426
Number of references:                       7

Combinational area:          378856525.000000
Buf/Inv area:                 97306920.000000
Noncombinational area:               0.000000
Macro/Black Box area:                0.000000
Net Interconnect area:      undefined  (No wire load specified)

Total cell area:             378856525.000000
Total area:                 undefined
1
