Information: Updating design information... (UID-85)
 
****************************************
Report : qor
Design : top
Version: S-2021.06-SP2
Date   : Sun Dec 18 18:33:35 2022
****************************************


  Timing Path Group 'clk'
  -----------------------------------
  Levels of Logic:             137.00
  Critical Path Length:  199969936.00
  Critical Path Slack:       30064.00
  Critical Path Clk Period:
                         200000000.00
  Total Negative Slack:          0.00
  No. of Violating Paths:        0.00
  Worst Hold Violation:          0.00
  Total Hold Violation:          0.00
  No. of Hold Violations:        0.00
  -----------------------------------


  Cell Count
  -----------------------------------
  Hierarchical Cell Count:          0
  Hierarchical Port Count:          0
  Leaf Cell Count:               4434
  Buf/Inv Cell Count:             812
  Buf Cell Count:                   0
  Inv Cell Count:                 812
  CT Buf/Inv Cell Count:            0
  Combinational Cell Count:      4434
  Sequential Cell Count:            0
  Macro Count:                      0
  -----------------------------------


  Area
  -----------------------------------
  Combinational Area:
                    2135802304.000000
  Noncombinational Area:     0.000000
  Buf/Inv Area:      185477040.000000
  Total Buffer Area:             0.00
  Total Inverter Area:   185477040.00
  Macro/Black Box Area:      0.000000
  Net Area:                  0.000000
  -----------------------------------
  Cell Area:        2135802304.000000
  Design Area:      2135802304.000000


  Design Rules
  -----------------------------------
  Total Number of Nets:          4518
  Nets With Violations:          4434
  Max Trans Violations:          4434
  Max Cap Violations:               0
  -----------------------------------


  Hostname: leoforos

  Compile CPU Statistics
  -----------------------------------------
  Resource Sharing:                    4.78
  Logic Optimization:                  0.67
  Mapping Optimization:                6.34
  -----------------------------------------
  Overall Compile Time:               21.44
  Overall Compile Wall Clock Time:    21.81

  --------------------------------------------------------------------

  Design  WNS: 0.00  TNS: 0.00  Number of Violating Paths: 0


  Design (Hold)  WNS: 0.00  TNS: 0.00  Number of Violating Paths: 0

  --------------------------------------------------------------------


1
