 
****************************************
Report : timing
        -path full
        -delay max
        -max_paths 1
Design : top
Version: S-2021.06-SP2
Date   : Sun Dec  4 23:11:26 2022
****************************************

Operating Conditions: TT   Library: PPDK_Standard_Library_0.6V_25C_TYP_X1
Wire Load Model Mode: top

  Startpoint: inp[7] (input port clocked by clk)
  Endpoint: out[0] (output port clocked by clk)
  Path Group: clk
  Path Type: max

  Point                                    Incr       Path
  -----------------------------------------------------------
  clock clk (rise edge)                   0.000      0.000
  clock network delay (ideal)             0.000      0.000
  input external delay                    0.000      0.000 r
  inp[7] (in)                             0.000      0.000 r
  U218/Y (AND2X1)                      3085988.000
                                                  3085988.000 r
  U219/Y (INVX1)                       1072523.000
                                                  4158511.000 f
  U280/Y (NAND2X1)                     674366.000 4832877.000 r
  U281/Y (NAND2X1)                     2596498.000
                                                  7429375.000 f
  U284/Y (INVX1)                       -659184.500
                                                  6770190.500 r
  U93/Y (AND2X1)                       2964513.500
                                                  9734704.000 r
  U94/Y (INVX1)                        1059772.000
                                                  10794476.000 f
  U285/Y (NAND2X1)                     958454.000 11752930.000 r
  U222/Y (XNOR2X1)                     8132392.000
                                                  19885322.000 r
  U221/Y (INVX1)                       1531262.000
                                                  21416584.000 f
  U87/Y (AND2X1)                       2865478.000
                                                  24282062.000 f
  U88/Y (INVX1)                        -561306.000
                                                  23720756.000 r
  U308/Y (NAND2X1)                     1523742.000
                                                  25244498.000 f
  U208/Y (AND2X1)                      3551802.000
                                                  28796300.000 f
  U320/Y (NAND2X1)                     825754.000 29622054.000 r
  U321/Y (NAND2X1)                     1465900.000
                                                  31087954.000 f
  U322/Y (NAND2X1)                     1277888.000
                                                  32365842.000 r
  U328/Y (INVX1)                       1464546.000
                                                  33830388.000 f
  U329/Y (NAND2X1)                     957444.000 34787832.000 r
  U177/Y (AND2X1)                      2213544.000
                                                  37001376.000 r
  U178/Y (INVX1)                       1308504.000
                                                  38309880.000 f
  U330/Y (NAND2X1)                     952584.000 39262464.000 r
  U149/Y (AND2X1)                      2215160.000
                                                  41477624.000 r
  U150/Y (INVX1)                       1308560.000
                                                  42786184.000 f
  U127/Y (AND2X1)                      2865740.000
                                                  45651924.000 f
  U128/Y (INVX1)                       21356.000  45673280.000 r
  U220/Y (INVX1)                       936532.000 46609812.000 f
  U131/Y (XNOR2X1)                     8732988.000
                                                  55342800.000 f
  U132/Y (INVX1)                       -117104.000
                                                  55225696.000 r
  U129/Y (INVX1)                       1005000.000
                                                  56230696.000 f
  U130/Y (INVX1)                       417520.000 56648216.000 r
  U347/Y (NAND2X1)                     2293152.000
                                                  58941368.000 f
  U113/Y (AND2X1)                      3544372.000
                                                  62485740.000 f
  U114/Y (INVX1)                       -556812.000
                                                  61928928.000 r
  U135/Y (XNOR2X1)                     8144216.000
                                                  70073144.000 r
  U136/Y (INVX1)                       1569608.000
                                                  71642752.000 f
  U133/Y (INVX1)                       867912.000 72510664.000 r
  U134/Y (INVX1)                       822208.000 73332872.000 f
  U234/Y (XNOR2X1)                     8509960.000
                                                  81842832.000 f
  U235/Y (INVX1)                       -698952.000
                                                  81143880.000 r
  U385/Y (NOR2X1)                      1347560.000
                                                  82491440.000 f
  U387/Y (NOR2X1)                      969816.000 83461256.000 r
  U389/Y (NAND2X1)                     1495000.000
                                                  84956256.000 f
  U145/Y (AND2X1)                      3539112.000
                                                  88495368.000 f
  U146/Y (INVX1)                       -567544.000
                                                  87927824.000 r
  U393/Y (NAND2X1)                     2263904.000
                                                  90191728.000 f
  U394/Y (NAND2X1)                     849848.000 91041576.000 r
  U239/Y (OR2X1)                       7059864.000
                                                  98101440.000 r
  U210/Y (AND2X1)                      2484720.000
                                                  100586160.000 r
  U396/Y (NAND2X1)                     2662056.000
                                                  103248216.000 f
  U167/Y (AND2X1)                      3539096.000
                                                  106787312.000 f
  U168/Y (INVX1)                       -560360.000
                                                  106226952.000 r
  U399/Y (OR2X1)                       2695880.000
                                                  108922832.000 r
  U400/Y (NAND2X1)                     1534952.000
                                                  110457784.000 f
  U185/Y (AND2X1)                      3544768.000
                                                  114002552.000 f
  U186/Y (INVX1)                       -564016.000
                                                  113438536.000 r
  U404/Y (NAND2X1)                     2267992.000
                                                  115706528.000 f
  U171/Y (AND2X1)                      3544728.000
                                                  119251256.000 f
  U172/Y (INVX1)                       -563968.000
                                                  118687288.000 r
  U406/Y (NAND2X1)                     2268000.000
                                                  120955288.000 f
  U408/Y (NAND2X1)                     619064.000 121574352.000 r
  U107/Y (AND2X1)                      2364744.000
                                                  123939096.000 r
  U108/Y (INVX1)                       1031064.000
                                                  124970160.000 f
  U409/Y (NOR2X1)                      954328.000 125924488.000 r
  out[0] (out)                            0.000   125924488.000 r
  data arrival time                               125924488.000

  clock clk (rise edge)                200000000.000
                                                  200000000.000
  clock network delay (ideal)             0.000   200000000.000
  output external delay                   0.000   200000000.000
  data required time                              200000000.000
  -----------------------------------------------------------
  data required time                              200000000.000
  data arrival time                               -125924488.000
  -----------------------------------------------------------
  slack (MET)                                     74075512.000


1
