****************************************
Report : timing
	-path_type full
	-delay_type max
	-max_paths 1
	-sort_by slack
Design : top
Version: S-2021.06-SP1
Date   : Fri Dec 16 16:48:17 2022
****************************************


  Startpoint: inp[16] (input port clocked by clk)
  Endpoint: out[0] (output port clocked by clk)
  Path Group: clk
  Path Type: max

  Point                                    Incr       Path
  ---------------------------------------------------------------
  clock clk (rise edge)                   0.000      0.000
  clock network delay (ideal)             0.000      0.000
  input external delay                    0.000      0.000 r
  inp[16] (in)                            0.000      0.000 r
  U1266/Y (INVX1)                      89728.000  89728.000 f
  U1267/Y (NAND2X1)                    1167888.000
                                                  1257616.000 r
  U1268/Y (NAND2X1)                    2209968.000
                                                  3467584.000 f
  U1270/Y (NAND2X1)                    1270880.000
                                                  4738464.000 r
  U1271/Y (INVX1)                      1243280.000
                                                  5981744.000 f
  U1274/Y (NAND2X1)                    813040.000 6794784.000 r
  U1391/Y (NAND2X1)                    1048864.000
                                                  7843648.000 f
  U1392/Y (NAND2X1)                    1171776.000
                                                  9015424.000 r
  U1394/Y (OR2X1)                      5134368.000
                                                  14149792.000 r
  U1395/Y (NAND2X1)                    1364048.000
                                                  15513840.000 f
  U1396/Y (XOR2X1)                     6276624.000
                                                  21790464.000 r
  U1401/Y (OR2X1)                      6912128.000
                                                  28702592.000 r
  U1402/Y (NAND2X1)                    1364048.000
                                                  30066640.000 f
  U1413/Y (XOR2X1)                     5550464.000
                                                  35617104.000 r
  U1416/Y (NAND2X1)                    2702576.000
                                                  38319680.000 f
  U1417/Y (NAND2X1)                    1172064.000
                                                  39491744.000 r
  U1420/Y (XOR2X1)                     5902336.000
                                                  45394080.000 f
  U1421/Y (INVX1)                      -2290048.000
                                                  43104032.000 r
  U1423/Y (NAND2X1)                    1004960.000
                                                  44108992.000 f
  U1424/Y (NAND2X1)                    1171472.000
                                                  45280464.000 r
  U1427/Y (OR2X1)                      5153120.000
                                                  50433584.000 r
  U1462/Y (NAND2X1)                    1360992.000
                                                  51794576.000 f
  U1463/Y (NAND2X1)                    1272864.000
                                                  53067440.000 r
  U1478/Y (INVX1)                      1242688.000
                                                  54310128.000 f
  U1480/Y (NOR2X1)                     1064624.000
                                                  55374752.000 r
  U1481/Y (NAND2X1)                    1986976.000
                                                  57361728.000 f
  U1482/Y (NAND2X1)                    1171760.000
                                                  58533488.000 r
  U511/Y (OR2X1)                       5170096.000
                                                  63703584.000 r
  U1484/Y (AND2X1)                     551040.000 64254624.000 r
  U273/Y (AND2X1)                      2757024.000
                                                  67011648.000 r
  U274/Y (INVX1)                       775600.000 67787248.000 f
  U347/Y (NAND2X1)                     1615344.000
                                                  69402592.000 r
  U1746/Y (INVX1)                      1293344.000
                                                  70695936.000 f
  U1847/Y (XOR2X1)                     5986688.000
                                                  76682624.000 r
  U1855/Y (OR2X1)                      5639552.000
                                                  82322176.000 r
  U1858/Y (NAND2X1)                    1004960.000
                                                  83327136.000 f
  U1860/Y (NAND2X1)                    835312.000 84162448.000 r
  U1869/Y (OR2X1)                      5125504.000
                                                  89287952.000 r
  U2257/Y (NAND2X1)                    1717888.000
                                                  91005840.000 f
  U2258/Y (XOR2X1)                     5549680.000
                                                  96555520.000 r
  U2261/Y (INVX1)                      1410176.000
                                                  97965696.000 f
  U2263/Y (NAND2X1)                    807232.000 98772928.000 r
  U2264/Y (NAND2X1)                    2206304.000
                                                  100979232.000 f
  U2265/Y (NAND2X1)                    1171856.000
                                                  102151088.000 r
  U2271/Y (OR2X1)                      5163856.000
                                                  107314944.000 r
  U2272/Y (NAND2X1)                    1361008.000
                                                  108675952.000 f
  U2273/Y (NAND2X1)                    1624816.000
                                                  110300768.000 r
  U2275/Y (INVX1)                      1242488.000
                                                  111543256.000 f
  U2276/Y (NAND2X1)                    807240.000 112350496.000 r
  U2277/Y (NAND2X1)                    2055112.000
                                                  114405608.000 f
  U2278/Y (NAND2X1)                    1171840.000
                                                  115577448.000 r
  U2279/Y (NAND2X1)                    2152672.000
                                                  117730120.000 f
  U2281/Y (NAND2X1)                    829640.000 118559760.000 r
  U2282/Y (NAND2X1)                    1048584.000
                                                  119608344.000 f
  U326/Y (AND2X1)                      2312560.000
                                                  121920904.000 f
  U327/Y (INVX1)                       -49144.000 121871760.000 r
  U2345/Y (NAND2X1)                    1047864.000
                                                  122919624.000 f
  U2346/Y (NAND2X1)                    1630992.000
                                                  124550616.000 r
  U2347/Y (NOR2X1)                     962280.000 125512896.000 f
  U2349/Y (NOR2X1)                     1068408.000
                                                  126581304.000 r
  U2351/Y (NAND2X1)                    1037296.000
                                                  127618600.000 f
  U2353/Y (NAND2X1)                    1273048.000
                                                  128891648.000 r
  U2362/Y (INVX1)                      1242112.000
                                                  130133760.000 f
  U2363/Y (NAND2X1)                    1161952.000
                                                  131295712.000 r
  U2364/Y (NAND2X1)                    2206312.000
                                                  133502024.000 f
  U2365/Y (NAND2X1)                    1171768.000
                                                  134673792.000 r
  U2373/Y (OR2X1)                      5169920.000
                                                  139843712.000 r
  U2374/Y (NAND2X1)                    1360992.000
                                                  141204704.000 f
  U2375/Y (NAND2X1)                    1172224.000
                                                  142376928.000 r
  U2383/Y (OR2X1)                      5140192.000
                                                  147517120.000 r
  U2384/Y (NAND2X1)                    1360992.000
                                                  148878112.000 f
  U2385/Y (NAND2X1)                    1625552.000
                                                  150503664.000 r
  U2392/Y (INVX1)                      1241520.000
                                                  151745184.000 f
  U2393/Y (NAND2X1)                    1161952.000
                                                  152907136.000 r
  U2394/Y (NAND2X1)                    2206320.000
                                                  155113456.000 f
  U2395/Y (NAND2X1)                    1171776.000
                                                  156285232.000 r
  U2398/Y (OR2X1)                      5169936.000
                                                  161455168.000 r
  U2399/Y (NAND2X1)                    1361008.000
                                                  162816176.000 f
  U349/Y (NAND2X1)                     1618928.000
                                                  164435104.000 r
  U2400/Y (INVX1)                      1285760.000
                                                  165720864.000 f
  U2588/Y (NAND2X1)                    1174256.000
                                                  166895120.000 r
  U2591/Y (NAND2X1)                    1052272.000
                                                  167947392.000 f
  U2592/Y (NAND2X1)                    1165952.000
                                                  169113344.000 r
  U2593/Y (NOR2X1)                     962480.000 170075824.000 f
  U2594/Y (NOR2X1)                     1069136.000
                                                  171144960.000 r
  U2599/Y (NAND2X1)                    1036800.000
                                                  172181760.000 f
  U2601/Y (NAND2X1)                    840160.000 173021920.000 r
  U2606/Y (OR2X1)                      5224832.000
                                                  178246752.000 r
  U2607/Y (NAND2X1)                    1360992.000
                                                  179607744.000 f
  U2608/Y (NAND2X1)                    1172224.000
                                                  180779968.000 r
  U2618/Y (OR2X1)                      5140160.000
                                                  185920128.000 r
  U2619/Y (NAND2X1)                    1360992.000
                                                  187281120.000 f
  U2620/Y (NAND2X1)                    1172240.000
                                                  188453360.000 r
  U2625/Y (OR2X1)                      5140192.000
                                                  193593552.000 r
  U2626/Y (NAND2X1)                    1361008.000
                                                  194954560.000 f
  U2627/Y (NAND2X1)                    1172208.000
                                                  196126768.000 r
  U2633/Y (OR2X1)                      5140208.000
                                                  201266976.000 r
  U2634/Y (NAND2X1)                    1361008.000
                                                  202627984.000 f
  U2635/Y (NAND2X1)                    1172224.000
                                                  203800208.000 r
  U2637/Y (OR2X1)                      5140192.000
                                                  208940400.000 r
  U2638/Y (NAND2X1)                    1361008.000
                                                  210301408.000 f
  U2639/Y (NAND2X1)                    1619456.000
                                                  211920864.000 r
  U2640/Y (INVX1)                      1285568.000
                                                  213206432.000 f
  U330/Y (INVX1)                       425888.000 213632320.000 r
  U2672/Y (AND2X1)                     2053712.000
                                                  215686032.000 r
  U2678/Y (NOR2X1)                     966160.000 216652192.000 f
  U2687/Y (OR2X1)                      2420752.000
                                                  219072944.000 f
  U2688/Y (NAND2X1)                    1167056.000
                                                  220240000.000 r
  U2689/Y (NAND2X1)                    2131264.000
                                                  222371264.000 f
  U2691/Y (NAND2X1)                    836384.000 223207648.000 r
  U2692/Y (NAND2X1)                    2132288.000
                                                  225339936.000 f
  U2694/Y (NAND2X1)                    836368.000 226176304.000 r
  U2695/Y (NAND2X1)                    2132336.000
                                                  228308640.000 f
  U2697/Y (NAND2X1)                    836368.000 229145008.000 r
  U2698/Y (NAND2X1)                    2132336.000
                                                  231277344.000 f
  U2700/Y (NAND2X1)                    836368.000 232113712.000 r
  U2701/Y (NAND2X1)                    2132336.000
                                                  234246048.000 f
  U2703/Y (NAND2X1)                    836368.000 235082416.000 r
  U269/Y (AND2X1)                      2765536.000
                                                  237847952.000 r
  U270/Y (INVX1)                       849456.000 238697408.000 f
  U2712/Y (NOR2X1)                     1542208.000
                                                  240239616.000 r
  U2713/Y (INVX1)                      1057648.000
                                                  241297264.000 f
  U2714/Y (NAND2X1)                    807296.000 242104560.000 r
  U2715/Y (NAND2X1)                    2151392.000
                                                  244255952.000 f
  U2716/Y (NAND2X1)                    1159984.000
                                                  245415936.000 r
  out[0] (out)                            0.000   245415936.000 r
  data arrival time                               245415936.000

  clock clk (rise edge)                250000000.000
                                                  250000000.000
  clock network delay (ideal)             0.000   250000000.000
  clock reconvergence pessimism           0.000   250000000.000
  output external delay                   0.000   250000000.000
  data required time                              250000000.000
  ---------------------------------------------------------------
  data required time                              250000000.000
  data arrival time                               -245415936.000
  ---------------------------------------------------------------
  slack (MET)                                     4584064.000


1
