****************************************
Report : timing
	-path_type full
	-delay_type max
	-max_paths 1
	-sort_by slack
Design : top
Version: S-2021.06-SP1
Date   : Fri Dec 16 13:42:04 2022
****************************************


  Startpoint: inp[17] (input port clocked by clk)
  Endpoint: out[0] (output port clocked by clk)
  Path Group: clk
  Path Type: max

  Point                                    Incr       Path
  ---------------------------------------------------------------
  clock clk (rise edge)                   0.000      0.000
  clock network delay (ideal)             0.000      0.000
  input external delay                    0.000      0.000 f
  inp[17] (in)                            0.000      0.000 f
  U1008/Y (INVX1)                      596656.000 596656.000 r
  U1009/Y (NAND2X1)                    1602256.000
                                                  2198912.000 f
  U1010/Y (NAND2X1)                    1618608.000
                                                  3817520.000 r
  U1011/Y (INVX1)                      1238640.000
                                                  5056160.000 f
  U1012/Y (NAND2X1)                    1173712.000
                                                  6229872.000 r
  U1060/Y (NAND2X1)                    2205344.000
                                                  8435216.000 f
  U1062/Y (NAND2X1)                    1165936.000
                                                  9601152.000 r
  U1064/Y (NAND2X1)                    1053440.000
                                                  10654592.000 f
  U733/Y (XNOR2X1)                     6777984.000
                                                  17432576.000 f
  U1281/Y (NAND2X1)                    854080.000 18286656.000 r
  U1282/Y (NAND2X1)                    1458240.000
                                                  19744896.000 f
  U1320/Y (AND2X1)                     2613152.000
                                                  22358048.000 f
  U1321/Y (XOR2X1)                     5533840.000
                                                  27891888.000 r
  U1322/Y (INVX1)                      1411824.000
                                                  29303712.000 f
  U1323/Y (XOR2X1)                     6270048.000
                                                  35573760.000 r
  U998/Y (XNOR2X1)                     7756576.000
                                                  43330336.000 r
  U1326/Y (XOR2X1)                     5272000.000
                                                  48602336.000 f
  U743/Y (XNOR2X1)                     7075824.000
                                                  55678160.000 f
  U1334/Y (NAND2X1)                    858608.000 56536768.000 r
  U1335/Y (NAND2X1)                    2132368.000
                                                  58669136.000 f
  U1336/Y (XOR2X1)                     6268080.000
                                                  64937216.000 r
  U1337/Y (INVX1)                      1409520.000
                                                  66346736.000 f
  U1359/Y (NAND2X1)                    1161968.000
                                                  67508704.000 r
  U1360/Y (NAND2X1)                    2206224.000
                                                  69714928.000 f
  U1361/Y (NAND2X1)                    1636736.000
                                                  71351664.000 r
  U1378/Y (XOR2X1)                     6322144.000
                                                  77673808.000 f
  U1379/Y (XOR2X1)                     4458176.000
                                                  82131984.000 r
  U1002/Y (OR2X1)                      5466336.000
                                                  87598320.000 r
  U1380/Y (NAND2X1)                    1034416.000
                                                  88632736.000 f
  U750/Y (AND2X1)                      2838928.000
                                                  91471664.000 f
  U1817/Y (NAND2X1)                    1168640.000
                                                  92640304.000 r
  U1818/Y (AND2X1)                     1977024.000
                                                  94617328.000 r
  U1819/Y (NAND2X1)                    2599024.000
                                                  97216352.000 f
  U1820/Y (NAND2X1)                    835936.000 98052288.000 r
  U1821/Y (NAND2X1)                    2129312.000
                                                  100181600.000 f
  U1822/Y (NAND2X1)                    1172208.000
                                                  101353808.000 r
  U2255/Y (NAND2X1)                    2147264.000
                                                  103501072.000 f
  U2257/Y (NAND2X1)                    1290432.000
                                                  104791504.000 r
  U2642/Y (XOR2X1)                     6320512.000
                                                  111112016.000 f
  U2652/Y (NAND2X1)                    878352.000 111990368.000 r
  U2653/Y (NAND2X1)                    2130528.000
                                                  114120896.000 f
  U2654/Y (NAND2X1)                    1165936.000
                                                  115286832.000 r
  U2655/Y (NAND2X1)                    2130528.000
                                                  117417360.000 f
  U2657/Y (XOR2X1)                     6268072.000
                                                  123685432.000 r
  U2658/Y (INVX1)                      1341928.000
                                                  125027360.000 f
  U3787/Y (XOR2X1)                     5940928.000
                                                  130968288.000 r
  U3788/Y (XOR2X1)                     5480096.000
                                                  136448384.000 f
  U3789/Y (NAND2X1)                    1172240.000
                                                  137620624.000 r
  U3833/Y (NAND2X1)                    1043712.000
                                                  138664336.000 f
  U3836/Y (NAND2X1)                    835568.000 139499904.000 r
  U3837/Y (NAND2X1)                    2162112.000
                                                  141662016.000 f
  U3840/Y (NAND2X1)                    835568.000 142497584.000 r
  U3841/Y (NAND2X1)                    2162096.000
                                                  144659680.000 f
  U3843/Y (AND2X1)                     2337696.000
                                                  146997376.000 f
  U3888/Y (NAND2X1)                    1168736.000
                                                  148166112.000 r
  U3889/Y (NAND2X1)                    1466000.000
                                                  149632112.000 f
  U3890/Y (NAND2X1)                    1166400.000
                                                  150798512.000 r
  U3892/Y (NAND2X1)                    1048528.000
                                                  151847040.000 f
  U3895/Y (NAND2X1)                    836320.000 152683360.000 r
  U3896/Y (NAND2X1)                    2161328.000
                                                  154844688.000 f
  U3899/Y (NAND2X1)                    836864.000 155681552.000 r
  U3900/Y (NAND2X1)                    2142000.000
                                                  157823552.000 f
  U3903/Y (NAND2X1)                    836864.000 158660416.000 r
  U3904/Y (NAND2X1)                    2142016.000
                                                  160802432.000 f
  U3907/Y (NAND2X1)                    836864.000 161639296.000 r
  U3908/Y (NAND2X1)                    2142016.000
                                                  163781312.000 f
  U3911/Y (NAND2X1)                    836864.000 164618176.000 r
  U3912/Y (NAND2X1)                    2142000.000
                                                  166760176.000 f
  U3915/Y (NAND2X1)                    836864.000 167597040.000 r
  U3916/Y (NAND2X1)                    2142000.000
                                                  169739040.000 f
  U3918/Y (NAND2X1)                    1318336.000
                                                  171057376.000 r
  U636/Y (INVX1)                       1322784.000
                                                  172380160.000 f
  U637/Y (INVX1)                       937360.000 173317520.000 r
  U747/Y (INVX1)                       700592.000 174018112.000 f
  U3965/Y (NAND2X1)                    807808.000 174825920.000 r
  U3966/Y (NAND2X1)                    2152160.000
                                                  176978080.000 f
  U3971/Y (NAND2X1)                    836864.000 177814944.000 r
  U3972/Y (NAND2X1)                    2206352.000
                                                  180021296.000 f
  U3975/Y (NAND2X1)                    836304.000 180857600.000 r
  U3976/Y (NAND2X1)                    2161328.000
                                                  183018928.000 f
  U3979/Y (NAND2X1)                    836880.000 183855808.000 r
  U3980/Y (NAND2X1)                    2142016.000
                                                  185997824.000 f
  U3983/Y (NAND2X1)                    836864.000 186834688.000 r
  U3984/Y (NAND2X1)                    2142016.000
                                                  188976704.000 f
  U3987/Y (NAND2X1)                    836864.000 189813568.000 r
  U3988/Y (NAND2X1)                    2142016.000
                                                  191955584.000 f
  U3991/Y (NAND2X1)                    836864.000 192792448.000 r
  U3992/Y (NAND2X1)                    2142016.000
                                                  194934464.000 f
  U3995/Y (NAND2X1)                    836864.000 195771328.000 r
  U3996/Y (NAND2X1)                    2142016.000
                                                  197913344.000 f
  U694/Y (NAND2X1)                     1323856.000
                                                  199237200.000 r
  U658/Y (INVX1)                       1326016.000
                                                  200563216.000 f
  U659/Y (INVX1)                       937328.000 201500544.000 r
  U3999/Y (INVX1)                      699952.000 202200496.000 f
  U4006/Y (NAND2X1)                    807760.000 203008256.000 r
  U4007/Y (NAND2X1)                    2132160.000
                                                  205140416.000 f
  U4301/Y (OR2X1)                      2404224.000
                                                  207544640.000 f
  U4311/Y (NAND2X1)                    850272.000 208394912.000 r
  U4319/Y (NOR2X1)                     1185904.000
                                                  209580816.000 f
  U4320/Y (INVX1)                      -481136.000
                                                  209099680.000 r
  U4321/Y (NAND2X1)                    1435744.000
                                                  210535424.000 f
  U4322/Y (NAND2X1)                    1171776.000
                                                  211707200.000 r
  U4327/Y (OR2X1)                      5169312.000
                                                  216876512.000 r
  U4328/Y (NAND2X1)                    1360992.000
                                                  218237504.000 f
  U4329/Y (NAND2X1)                    1625120.000
                                                  219862624.000 r
  U4338/Y (INVX1)                      1242096.000
                                                  221104720.000 f
  U4339/Y (NAND2X1)                    1161952.000
                                                  222266672.000 r
  U4340/Y (NAND2X1)                    2206352.000
                                                  224473024.000 f
  U4341/Y (NAND2X1)                    842144.000 225315168.000 r
  U4346/Y (NOR2X1)                     959520.000 226274688.000 f
  U4347/Y (OR2X1)                      2420912.000
                                                  228695600.000 f
  U4348/Y (NAND2X1)                    1172960.000
                                                  229868560.000 r
  U4356/Y (OR2X1)                      5091632.000
                                                  234960192.000 r
  U4357/Y (NAND2X1)                    1361008.000
                                                  236321200.000 f
  U4358/Y (NAND2X1)                    1171776.000
                                                  237492976.000 r
  U4379/Y (NOR2X1)                     1185856.000
                                                  238678832.000 f
  U4380/Y (INVX1)                      -481088.000
                                                  238197744.000 r
  U4381/Y (NAND2X1)                    1435728.000
                                                  239633472.000 f
  U4382/Y (NAND2X1)                    841328.000 240474800.000 r
  U4389/Y (NAND2X1)                    2153824.000
                                                  242628624.000 f
  U4390/Y (NAND2X1)                    1625168.000
                                                  244253792.000 r
  U4401/Y (NAND2X1)                    2547776.000
                                                  246801568.000 f
  U4403/Y (NAND2X1)                    836272.000 247637840.000 r
  U4404/Y (NAND2X1)                    2169936.000
                                                  249807776.000 f
  out[0] (out)                            0.000   249807776.000 f
  data arrival time                               249807776.000

  clock clk (rise edge)                250000000.000
                                                  250000000.000
  clock network delay (ideal)             0.000   250000000.000
  clock reconvergence pessimism           0.000   250000000.000
  output external delay                   0.000   250000000.000
  data required time                              250000000.000
  ---------------------------------------------------------------
  data required time                              250000000.000
  data arrival time                               -249807776.000
  ---------------------------------------------------------------
  slack (MET)                                     192224.000


1
