****************************************
Report : Averaged Power
Design : top
Version: S-2021.06-SP1
Date   : Sun Dec 18 12:20:47 2022
****************************************



  Attributes
  ----------
      i  -  Including register clock pin internal power
      u  -  User defined power group

                        Internal  Switching  Leakage    Total
Power Group             Power     Power      Power      Power   (     %)  Attrs
--------------------------------------------------------------------------------
clock_network              0.0000    0.0000    0.0000    0.0000 ( 0.00%)  i
register                   0.0000    0.0000    0.0000    0.0000 ( 0.00%)  
combinational           8.535e-04 6.075e-06    0.0221    0.0230 (100.00%) 
sequential                 0.0000    0.0000    0.0000    0.0000 ( 0.00%)  
memory                     0.0000    0.0000    0.0000    0.0000 ( 0.00%)  
io_pad                     0.0000    0.0000    0.0000    0.0000 ( 0.00%)  
black_box                  0.0000    0.0000    0.0000    0.0000 ( 0.00%)  

  Net Switching Power  = 6.075e-06   ( 0.03%)
  Cell Internal Power  = 8.535e-04   ( 3.72%)
  Cell Leakage Power   =    0.0221   (96.26%)
                         ---------
Total Power            =    0.0230  (100.00%)

1
