****************************************
Report : timing
	-path_type full
	-delay_type max
	-max_paths 1
	-sort_by slack
Design : top
Version: S-2021.06-SP1
Date   : Sun Dec 18 11:46:48 2022
****************************************


  Startpoint: inp[13] (input port clocked by clk)
  Endpoint: out[0] (output port clocked by clk)
  Path Group: clk
  Path Type: max

  Point                                    Incr       Path
  ---------------------------------------------------------------
  clock clk (rise edge)                   0.000      0.000
  clock network delay (ideal)             0.000      0.000
  input external delay                    0.000      0.000 f
  inp[13] (in)                            0.000      0.000 f
  U331/Y (AND2X1)                      2458432.000
                                                  2458432.000 f
  U332/Y (INVX1)                       -1160832.000
                                                  1297600.000 r
  U704/Y (NAND2X1)                     801280.000 2098880.000 f
  U705/Y (NAND2X1)                     1752640.000
                                                  3851520.000 r
  U707/Y (INVX1)                       1122400.000
                                                  4973920.000 f
  U708/Y (NAND2X1)                     1284224.000
                                                  6258144.000 r
  U709/Y (AND2X1)                      2560224.000
                                                  8818368.000 r
  U710/Y (XOR2X1)                      4768368.000
                                                  13586736.000 f
  U718/Y (XOR2X1)                      5412832.000
                                                  18999568.000 r
  U719/Y (INVX1)                       1272096.000
                                                  20271664.000 f
  U720/Y (NAND2X1)                     1289664.000
                                                  21561328.000 r
  U723/Y (NAND2X1)                     849360.000 22410688.000 f
  U726/Y (XOR2X1)                      5244784.000
                                                  27655472.000 r
  U745/Y (OR2X1)                       2326256.000
                                                  29981728.000 r
  U543/Y (AND2X1)                      1882896.000
                                                  31864624.000 r
  U544/Y (INVX1)                       715904.000 32580528.000 f
  U864/Y (NAND2X1)                     1362960.000
                                                  33943488.000 r
  U866/Y (INVX1)                       1095664.000
                                                  35039152.000 f
  U867/Y (NAND2X1)                     924992.000 35964144.000 r
  U868/Y (NAND2X1)                     1155856.000
                                                  37120000.000 f
  U886/Y (XOR2X1)                      5353808.000
                                                  42473808.000 r
  U887/Y (INVX1)                       1253696.000
                                                  43727504.000 f
  U913/Y (NAND2X1)                     1357632.000
                                                  45085136.000 r
  U598/Y (INVX1)                       898400.000 45983536.000 f
  U599/Y (INVX1)                       446424.000 46429960.000 r
  U916/Y (NAND2X1)                     803256.000 47233216.000 f
  U917/Y (XOR2X1)                      5344880.000
                                                  52578096.000 r
  U559/Y (AND2X1)                      1782144.000
                                                  54360240.000 r
  U560/Y (INVX1)                       707440.000 55067680.000 f
  U918/Y (NAND2X1)                     924536.000 55992216.000 r
  U965/Y (OR2X1)                       2593192.000
                                                  58585408.000 r
  U209/Y (AND2X1)                      2200408.000
                                                  60785816.000 r
  U210/Y (INVX1)                       707144.000 61492960.000 f
  U966/Y (NAND2X1)                     1362952.000
                                                  62855912.000 r
  U967/Y (INVX1)                       1096632.000
                                                  63952544.000 f
  U969/Y (NAND2X1)                     1290264.000
                                                  65242808.000 r
  U989/Y (NAND2X1)                     1126568.000
                                                  66369376.000 f
  U990/Y (NAND2X1)                     892808.000 67262184.000 r
  U189/Y (AND2X1)                      1794488.000
                                                  69056672.000 r
  U190/Y (INVX1)                       707456.000 69764128.000 f
  U1000/Y (AND2X1)                     2238240.000
                                                  72002368.000 f
  U1001/Y (NAND2X1)                    1748584.000
                                                  73750952.000 r
  U408/Y (INVX1)                       1061208.000
                                                  74812160.000 f
  U409/Y (INVX1)                       478560.000 75290720.000 r
  U143/Y (AND2X1)                      1877936.000
                                                  77168656.000 r
  U144/Y (INVX1)                       718664.000 77887320.000 f
  U1026/Y (NOR2X1)                     1157512.000
                                                  79044832.000 r
  U395/Y (OR2X1)                       1602160.000
                                                  80646992.000 r
  U432/Y (XNOR2X1)                     5585616.000
                                                  86232608.000 r
  U433/Y (INVX1)                       917176.000 87149784.000 f
  U1982/Y (NOR2X1)                     1157488.000
                                                  88307272.000 r
  U1983/Y (NOR2X1)                     156608.000 88463880.000 f
  U1984/Y (NAND2X1)                    1381400.000
                                                  89845280.000 r
  U1986/Y (NAND2X1)                    930896.000 90776176.000 f
  U1987/Y (NAND2X1)                    1394952.000
                                                  92171128.000 r
  U551/Y (AND2X1)                      1795376.000
                                                  93966504.000 r
  U552/Y (INVX1)                       715848.000 94682352.000 f
  U1991/Y (NAND2X1)                    1752752.000
                                                  96435104.000 r
  U263/Y (AND2X1)                      1785584.000
                                                  98220688.000 r
  U264/Y (INVX1)                       714816.000 98935504.000 f
  U561/Y (AND2X1)                      2458080.000
                                                  101393584.000 f
  U562/Y (INVX1)                       -1187240.000
                                                  100206344.000 r
  U453/Y (AND2X1)                      2201984.000
                                                  102408328.000 r
  U454/Y (INVX1)                       712264.000 103120592.000 f
  U1995/Y (NAND2X1)                    1285632.000
                                                  104406224.000 r
  U553/Y (AND2X1)                      2174560.000
                                                  106580784.000 r
  U554/Y (INVX1)                       715568.000 107296352.000 f
  U1997/Y (NAND2X1)                    1291576.000
                                                  108587928.000 r
  U1998/Y (OR2X1)                      2339984.000
                                                  110927912.000 r
  U557/Y (AND2X1)                      2196848.000
                                                  113124760.000 r
  U558/Y (INVX1)                       708312.000 113833072.000 f
  U2000/Y (NAND2X1)                    1362928.000
                                                  115196000.000 r
  U555/Y (AND2X1)                      1785584.000
                                                  116981584.000 r
  U556/Y (INVX1)                       720240.000 117701824.000 f
  U2005/Y (NAND2X1)                    918872.000 118620696.000 r
  U2009/Y (NAND2X1)                    848008.000 119468704.000 f
  U2010/Y (NAND2X1)                    1394672.000
                                                  120863376.000 r
  U2011/Y (NAND2X1)                    866832.000 121730208.000 f
  U2012/Y (OR2X1)                      2092384.000
                                                  123822592.000 f
  U515/Y (AND2X1)                      2048496.000
                                                  125871088.000 f
  U516/Y (INVX1)                       -1450768.000
                                                  124420320.000 r
  U2015/Y (NAND2X1)                    802056.000 125222376.000 f
  U2017/Y (NOR2X1)                     1190136.000
                                                  126412512.000 r
  U2019/Y (NOR2X1)                     108928.000 126521440.000 f
  U2020/Y (NAND2X1)                    1383520.000
                                                  127904960.000 r
  U2021/Y (NAND2X1)                    1151824.000
                                                  129056784.000 f
  U2022/Y (NAND2X1)                    1748096.000
                                                  130804880.000 r
  U2023/Y (INVX1)                      1096872.000
                                                  131901752.000 f
  U2024/Y (NAND2X1)                    1284288.000
                                                  133186040.000 r
  U438/Y (AND2X1)                      1819080.000
                                                  135005120.000 r
  U431/Y (INVX1)                       724976.000 135730096.000 f
  U2025/Y (INVX1)                      1039792.000
                                                  136769888.000 r
  U529/Y (AND2X1)                      1838512.000
                                                  138608400.000 r
  U530/Y (INVX1)                       715840.000 139324240.000 f
  U2036/Y (NAND2X1)                    924544.000 140248784.000 r
  U517/Y (AND2X1)                      1798192.000
                                                  142046976.000 r
  U518/Y (INVX1)                       715856.000 142762832.000 f
  U2058/Y (NAND2X1)                    1285600.000
                                                  144048432.000 r
  U147/Y (AND2X1)                      1818800.000
                                                  145867232.000 r
  U148/Y (INVX1)                       707552.000 146574784.000 f
  U2065/Y (NOR2X1)                     1157584.000
                                                  147732368.000 r
  U2068/Y (NOR2X1)                     101776.000 147834144.000 f
  U2069/Y (NAND2X1)                    1384928.000
                                                  149219072.000 r
  U2070/Y (NAND2X1)                    1153232.000
                                                  150372304.000 f
  U2076/Y (NOR2X1)                     1196672.000
                                                  151568976.000 r
  U2079/Y (NOR2X1)                     99296.000  151668272.000 f
  U2080/Y (NAND2X1)                    1383744.000
                                                  153052016.000 r
  U2081/Y (NAND2X1)                    1152928.000
                                                  154204944.000 f
  U2086/Y (NOR2X1)                     1196656.000
                                                  155401600.000 r
  U2089/Y (NOR2X1)                     99328.000  155500928.000 f
  U2090/Y (NAND2X1)                    1383520.000
                                                  156884448.000 r
  U2091/Y (NAND2X1)                    1151840.000
                                                  158036288.000 f
  U2092/Y (NAND2X1)                    1399552.000
                                                  159435840.000 r
  U2095/Y (NAND2X1)                    867616.000 160303456.000 f
  U2096/Y (OR2X1)                      2088992.000
                                                  162392448.000 f
  U2100/Y (NAND2X1)                    872144.000 163264592.000 r
  U2102/Y (NAND2X1)                    866816.000 164131408.000 f
  U2103/Y (NAND2X1)                    1399984.000
                                                  165531392.000 r
  U539/Y (AND2X1)                      1794304.000
                                                  167325696.000 r
  U540/Y (INVX1)                       715248.000 168040944.000 f
  U2109/Y (NAND2X1)                    1362944.000
                                                  169403888.000 r
  U2113/Y (NAND2X1)                    864576.000 170268464.000 f
  U269/Y (AND2X1)                      2044112.000
                                                  172312576.000 f
  U270/Y (INVX1)                       -1379536.000
                                                  170933040.000 r
  U2114/Y (NAND2X1)                    800432.000 171733472.000 f
  U2115/Y (NAND2X1)                    886080.000 172619552.000 r
  U2118/Y (NAND2X1)                    848512.000 173468064.000 f
  U2119/Y (NAND2X1)                    1394672.000
                                                  174862736.000 r
  U237/Y (AND2X1)                      1795440.000
                                                  176658176.000 r
  U238/Y (INVX1)                       707360.000 177365536.000 f
  U2121/Y (NOR2X1)                     1151520.000
                                                  178517056.000 r
  out[0] (out)                            0.000   178517056.000 r
  data arrival time                               178517056.000

  clock clk (rise edge)                200000000.000
                                                  200000000.000
  clock network delay (ideal)             0.000   200000000.000
  clock reconvergence pessimism           0.000   200000000.000
  output external delay                   0.000   200000000.000
  data required time                              200000000.000
  ---------------------------------------------------------------
  data required time                              200000000.000
  data arrival time                               -178517056.000
  ---------------------------------------------------------------
  slack (MET)                                     21482944.000


1
