 
****************************************
Report : timing
        -path full
        -delay max
        -max_paths 1
Design : top
Version: S-2021.06-SP2
Date   : Sun Dec 18 11:46:42 2022
****************************************

Operating Conditions: TT   Library: PPDK_Standard_Library_1.0V_25C_TYP_X1
Wire Load Model Mode: top

  Startpoint: inp[13] (input port clocked by clk)
  Endpoint: out[0] (output port clocked by clk)
  Path Group: clk
  Path Type: max

  Point                                    Incr       Path
  -----------------------------------------------------------
  clock clk (rise edge)                   0.000      0.000
  clock network delay (ideal)             0.000      0.000
  input external delay                    0.000      0.000 f
  inp[13] (in)                            0.000      0.000 f
  U331/Y (AND2X1)                      2458431.500
                                                  2458431.500 f
  U332/Y (INVX1)                       -1160837.125
                                                  1297594.375 r
  U704/Y (NAND2X1)                     801284.125 2098878.500 f
  U705/Y (NAND2X1)                     1752630.250
                                                  3851508.750 r
  U707/Y (INVX1)                       1122404.250
                                                  4973913.000 f
  U708/Y (NAND2X1)                     1284216.000
                                                  6258129.000 r
  U709/Y (AND2X1)                      2560197.000
                                                  8818326.000 r
  U710/Y (XOR2X1)                      4768344.000
                                                  13586670.000 f
  U718/Y (XOR2X1)                      5412718.000
                                                  18999388.000 r
  U719/Y (INVX1)                       1272112.000
                                                  20271500.000 f
  U720/Y (NAND2X1)                     1289662.000
                                                  21561162.000 r
  U723/Y (NAND2X1)                     849336.000 22410498.000 f
  U726/Y (XOR2X1)                      5244758.000
                                                  27655256.000 r
  U745/Y (OR2X1)                       2326286.000
                                                  29981542.000 r
  U543/Y (AND2X1)                      1882894.000
                                                  31864436.000 r
  U544/Y (INVX1)                       715898.000 32580334.000 f
  U864/Y (NAND2X1)                     1362954.000
                                                  33943288.000 r
  U866/Y (INVX1)                       1095676.000
                                                  35038964.000 f
  U867/Y (NAND2X1)                     924984.000 35963948.000 r
  U868/Y (NAND2X1)                     1155848.000
                                                  37119796.000 f
  U886/Y (XOR2X1)                      5353756.000
                                                  42473552.000 r
  U887/Y (INVX1)                       1253700.000
                                                  43727252.000 f
  U913/Y (NAND2X1)                     1357640.000
                                                  45084892.000 r
  U598/Y (INVX1)                       898392.000 45983284.000 f
  U599/Y (INVX1)                       446432.000 46429716.000 r
  U916/Y (NAND2X1)                     803248.000 47232964.000 f
  U917/Y (XOR2X1)                      5344920.000
                                                  52577884.000 r
  U559/Y (AND2X1)                      1782132.000
                                                  54360016.000 r
  U560/Y (INVX1)                       707444.000 55067460.000 f
  U918/Y (NAND2X1)                     924532.000 55991992.000 r
  U965/Y (OR2X1)                       2593220.000
                                                  58585212.000 r
  U209/Y (AND2X1)                      2200416.000
                                                  60785628.000 r
  U210/Y (INVX1)                       707148.000 61492776.000 f
  U966/Y (NAND2X1)                     1362948.000
                                                  62855724.000 r
  U967/Y (INVX1)                       1096644.000
                                                  63952368.000 f
  U969/Y (NAND2X1)                     1290264.000
                                                  65242632.000 r
  U989/Y (NAND2X1)                     1126580.000
                                                  66369212.000 f
  U990/Y (NAND2X1)                     892796.000 67262008.000 r
  U189/Y (AND2X1)                      1794480.000
                                                  69056488.000 r
  U190/Y (INVX1)                       707448.000 69763936.000 f
  U1000/Y (AND2X1)                     2238240.000
                                                  72002176.000 f
  U1001/Y (NAND2X1)                    1748584.000
                                                  73750760.000 r
  U408/Y (INVX1)                       1061216.000
                                                  74811976.000 f
  U409/Y (INVX1)                       478560.000 75290536.000 r
  U143/Y (AND2X1)                      1877936.000
                                                  77168472.000 r
  U144/Y (INVX1)                       718664.000 77887136.000 f
  U1026/Y (NOR2X1)                     1157512.000
                                                  79044648.000 r
  U395/Y (OR2X1)                       1602192.000
                                                  80646840.000 r
  U432/Y (XNOR2X1)                     5585616.000
                                                  86232456.000 r
  U433/Y (INVX1)                       917176.000 87149632.000 f
  U1982/Y (NOR2X1)                     1157488.000
                                                  88307120.000 r
  U1983/Y (NOR2X1)                     156616.000 88463736.000 f
  U1984/Y (NAND2X1)                    1381392.000
                                                  89845128.000 r
  U1986/Y (NAND2X1)                    930872.000 90776000.000 f
  U1987/Y (NAND2X1)                    1394960.000
                                                  92170960.000 r
  U551/Y (AND2X1)                      1795368.000
                                                  93966328.000 r
  U552/Y (INVX1)                       715840.000 94682168.000 f
  U1991/Y (NAND2X1)                    1752752.000
                                                  96434920.000 r
  U263/Y (AND2X1)                      1785576.000
                                                  98220496.000 r
  U264/Y (INVX1)                       714816.000 98935312.000 f
  U561/Y (AND2X1)                      2458080.000
                                                  101393392.000 f
  U562/Y (INVX1)                       -1187240.000
                                                  100206152.000 r
  U453/Y (AND2X1)                      2201992.000
                                                  102408144.000 r
  U454/Y (INVX1)                       712264.000 103120408.000 f
  U1995/Y (NAND2X1)                    1285632.000
                                                  104406040.000 r
  U553/Y (AND2X1)                      2174584.000
                                                  106580624.000 r
  U554/Y (INVX1)                       715560.000 107296184.000 f
  U1997/Y (NAND2X1)                    1291576.000
                                                  108587760.000 r
  U1998/Y (OR2X1)                      2340000.000
                                                  110927760.000 r
  U557/Y (AND2X1)                      2196856.000
                                                  113124616.000 r
  U558/Y (INVX1)                       708304.000 113832920.000 f
  U2000/Y (NAND2X1)                    1362936.000
                                                  115195856.000 r
  U555/Y (AND2X1)                      1785576.000
                                                  116981432.000 r
  U556/Y (INVX1)                       720232.000 117701664.000 f
  U2005/Y (NAND2X1)                    918872.000 118620536.000 r
  U2009/Y (NAND2X1)                    848000.000 119468536.000 f
  U2010/Y (NAND2X1)                    1394664.000
                                                  120863200.000 r
  U2011/Y (NAND2X1)                    866816.000 121730016.000 f
  U2012/Y (OR2X1)                      2092408.000
                                                  123822424.000 f
  U515/Y (AND2X1)                      2048496.000
                                                  125870920.000 f
  U516/Y (INVX1)                       -1450752.000
                                                  124420168.000 r
  U2015/Y (NAND2X1)                    802056.000 125222224.000 f
  U2017/Y (NOR2X1)                     1190144.000
                                                  126412368.000 r
  U2019/Y (NOR2X1)                     108928.000 126521296.000 f
  U2020/Y (NAND2X1)                    1383528.000
                                                  127904824.000 r
  U2021/Y (NAND2X1)                    1151816.000
                                                  129056640.000 f
  U2022/Y (NAND2X1)                    1748088.000
                                                  130804728.000 r
  U2023/Y (INVX1)                      1096872.000
                                                  131901600.000 f
  U2024/Y (NAND2X1)                    1284288.000
                                                  133185888.000 r
  U438/Y (AND2X1)                      1819072.000
                                                  135004960.000 r
  U431/Y (INVX1)                       724992.000 135729952.000 f
  U2025/Y (INVX1)                      1039792.000
                                                  136769744.000 r
  U529/Y (AND2X1)                      1838512.000
                                                  138608256.000 r
  U530/Y (INVX1)                       715840.000 139324096.000 f
  U2036/Y (NAND2X1)                    924544.000 140248640.000 r
  U517/Y (AND2X1)                      1798192.000
                                                  142046832.000 r
  U518/Y (INVX1)                       715840.000 142762672.000 f
  U2058/Y (NAND2X1)                    1285600.000
                                                  144048272.000 r
  U147/Y (AND2X1)                      1818784.000
                                                  145867056.000 r
  U148/Y (INVX1)                       707568.000 146574624.000 f
  U2065/Y (NOR2X1)                     1157584.000
                                                  147732208.000 r
  U2068/Y (NOR2X1)                     101776.000 147833984.000 f
  U2069/Y (NAND2X1)                    1384944.000
                                                  149218928.000 r
  U2070/Y (NAND2X1)                    1153232.000
                                                  150372160.000 f
  U2076/Y (NOR2X1)                     1196672.000
                                                  151568832.000 r
  U2079/Y (NOR2X1)                     99312.000  151668144.000 f
  U2080/Y (NAND2X1)                    1383744.000
                                                  153051888.000 r
  U2081/Y (NAND2X1)                    1152928.000
                                                  154204816.000 f
  U2086/Y (NOR2X1)                     1196656.000
                                                  155401472.000 r
  U2089/Y (NOR2X1)                     99344.000  155500816.000 f
  U2090/Y (NAND2X1)                    1383536.000
                                                  156884352.000 r
  U2091/Y (NAND2X1)                    1151824.000
                                                  158036176.000 f
  U2092/Y (NAND2X1)                    1399536.000
                                                  159435712.000 r
  U2095/Y (NAND2X1)                    867600.000 160303312.000 f
  U2096/Y (OR2X1)                      2088992.000
                                                  162392304.000 f
  U2100/Y (NAND2X1)                    872128.000 163264432.000 r
  U2102/Y (NAND2X1)                    866816.000 164131248.000 f
  U2103/Y (NAND2X1)                    1400016.000
                                                  165531264.000 r
  U539/Y (AND2X1)                      1794288.000
                                                  167325552.000 r
  U540/Y (INVX1)                       715248.000 168040800.000 f
  U2109/Y (NAND2X1)                    1362944.000
                                                  169403744.000 r
  U2113/Y (NAND2X1)                    864560.000 170268304.000 f
  U269/Y (AND2X1)                      2044112.000
                                                  172312416.000 f
  U270/Y (INVX1)                       -1379536.000
                                                  170932880.000 r
  U2114/Y (NAND2X1)                    800432.000 171733312.000 f
  U2115/Y (NAND2X1)                    886080.000 172619392.000 r
  U2118/Y (NAND2X1)                    848512.000 173467904.000 f
  U2119/Y (NAND2X1)                    1394688.000
                                                  174862592.000 r
  U237/Y (AND2X1)                      1795424.000
                                                  176658016.000 r
  U238/Y (INVX1)                       707360.000 177365376.000 f
  U2121/Y (NOR2X1)                     1151520.000
                                                  178516896.000 r
  out[0] (out)                            0.000   178516896.000 r
  data arrival time                               178516896.000

  clock clk (rise edge)                200000000.000
                                                  200000000.000
  clock network delay (ideal)             0.000   200000000.000
  output external delay                   0.000   200000000.000
  data required time                              200000000.000
  -----------------------------------------------------------
  data required time                              200000000.000
  data arrival time                               -178516896.000
  -----------------------------------------------------------
  slack (MET)                                     21483104.000


1
