 
****************************************
Report : timing
        -path full
        -delay max
        -max_paths 1
Design : top
Version: S-2021.06-SP2
Date   : Tue Nov 29 15:09:04 2022
****************************************

Operating Conditions: TT   Library: PPDK_Standard_Library_0.8V_25C_TYP_X1
Wire Load Model Mode: top

  Startpoint: inp[53] (input port clocked by clk)
  Endpoint: out[1] (output port clocked by clk)
  Path Group: clk
  Path Type: max

  Point                                    Incr       Path
  -----------------------------------------------------------
  clock clk (rise edge)                   0.000      0.000
  clock network delay (ideal)             0.000      0.000
  input external delay                    0.000      0.000 f
  inp[53] (in)                            0.000      0.000 f
  U1674/Y (XOR2X1)                     5934654.500
                                                  5934654.500 r
  U1676/Y (AND2X1)                     -1378270.000
                                                  4556384.500 r
  U1677/Y (OR2X1)                      7584211.500
                                                  12140596.000 r
  U1680/Y (XOR2X1)                     5463160.000
                                                  17603756.000 f
  U1777/Y (XOR2X1)                     4481654.000
                                                  22085410.000 r
  U1797/Y (XOR2X1)                     6385344.000
                                                  28470754.000 f
  U386/Y (NAND2X1)                     1287742.000
                                                  29758496.000 r
  U387/Y (INVX1)                       1235320.000
                                                  30993816.000 f
  U773/Y (OR2X1)                       2437964.000
                                                  33431780.000 f
  U1806/Y (XOR2X1)                     3471964.000
                                                  36903744.000 f
  U1808/Y (NAND2X1)                    1287308.000
                                                  38191052.000 r
  U1809/Y (INVX1)                      1228656.000
                                                  39419708.000 f
  U1810/Y (OR2X1)                      2437964.000
                                                  41857672.000 f
  U1814/Y (XOR2X1)                     4829320.000
                                                  46686992.000 r
  U459/Y (XNOR2X1)                     7348948.000
                                                  54035940.000 r
  U460/Y (INVX1)                       1096908.000
                                                  55132848.000 f
  U1898/Y (NOR2X1)                     1536012.000
                                                  56668860.000 r
  U1899/Y (INVX1)                      1054296.000
                                                  57723156.000 f
  U1923/Y (NAND2X1)                    1161976.000
                                                  58885132.000 r
  U1924/Y (NAND2X1)                    1447424.000
                                                  60332556.000 f
  U1925/Y (INVX1)                      -689508.000
                                                  59643048.000 r
  U1926/Y (NOR2X1)                     954484.000 60597532.000 f
  U1927/Y (NOR2X1)                     1077304.000
                                                  61674836.000 r
  U1508/Y (XNOR2X1)                    7036116.000
                                                  68710952.000 r
  U1929/Y (NOR2X1)                     1189088.000
                                                  69900040.000 f
  U1930/Y (INVX1)                      -471616.000
                                                  69428424.000 r
  U765/Y (AND2X1)                      2071128.000
                                                  71499552.000 r
  U766/Y (INVX1)                       832632.000 72332184.000 f
  U763/Y (INVX1)                       941536.000 73273720.000 r
  U764/Y (INVX1)                       754928.000 74028648.000 f
  U3928/Y (INVX1)                      477496.000 74506144.000 r
  U4139/Y (XOR2X1)                     5305720.000
                                                  79811864.000 f
  U4142/Y (NAND2X1)                    1287456.000
                                                  81099320.000 r
  U4143/Y (INVX1)                      1242848.000
                                                  82342168.000 f
  U4144/Y (OR2X1)                      2437968.000
                                                  84780136.000 f
  U4146/Y (XOR2X1)                     4829304.000
                                                  89609440.000 r
  U475/Y (NAND2X1)                     1239368.000
                                                  90848808.000 f
  U476/Y (INVX1)                       -690104.000
                                                  90158704.000 r
  U4151/Y (NOR2X1)                     1090112.000
                                                  91248816.000 f
  U4152/Y (XOR2X1)                     6267392.000
                                                  97516208.000 r
  U4153/Y (INVX1)                      1497824.000
                                                  99014032.000 f
  U4220/Y (AND2X1)                     2083712.000
                                                  101097744.000 f
  U4221/Y (OR2X1)                      2407128.000
                                                  103504872.000 f
  U4222/Y (XOR2X1)                     6269656.000
                                                  109774528.000 r
  U1149/Y (INVX1)                      1410048.000
                                                  111184576.000 f
  U1148/Y (XOR2X1)                     3450720.000
                                                  114635296.000 f
  U1151/Y (XOR2X1)                     6282952.000
                                                  120918248.000 r
  U1152/Y (INVX1)                      1337440.000
                                                  122255688.000 f
  U4300/Y (XOR2X1)                     3442784.000
                                                  125698472.000 f
  U1386/Y (NOR2X1)                     1088480.000
                                                  126786952.000 r
  U782/Y (OR2X1)                       3870080.000
                                                  130657032.000 r
  U1385/Y (NAND2X1)                    1004960.000
                                                  131661992.000 f
  U4418/Y (NAND2X1)                    829640.000 132491632.000 r
  U4420/Y (NAND2X1)                    1048736.000
                                                  133540368.000 f
  U302/Y (AND2X1)                      2054976.000
                                                  135595344.000 f
  U4494/Y (NOR2X1)                     1588064.000
                                                  137183408.000 r
  U4497/Y (INVX1)                      1088912.000
                                                  138272320.000 f
  U4636/Y (NOR2X1)                     1065184.000
                                                  139337504.000 r
  U4637/Y (OR2X1)                      4328784.000
                                                  143666288.000 r
  U1404/Y (XOR2X1)                     5691632.000
                                                  149357920.000 f
  U1403/Y (NAND2X1)                    878480.000 150236400.000 r
  U4641/Y (NAND2X1)                    2161168.000
                                                  152397568.000 f
  U4645/Y (XOR2X1)                     4929856.000
                                                  157327424.000 r
  U425/Y (XNOR2X1)                     7068944.000
                                                  164396368.000 r
  U426/Y (INVX1)                       1096368.000
                                                  165492736.000 f
  U1391/Y (NOR2X1)                     1536016.000
                                                  167028752.000 r
  U1390/Y (INVX1)                      1053088.000
                                                  168081840.000 f
  U1389/Y (NAND2X1)                    807296.000 168889136.000 r
  U1388/Y (NAND2X1)                    1048976.000
                                                  169938112.000 f
  U4698/Y (NAND2X1)                    836352.000 170774464.000 r
  U4700/Y (AND2X1)                     -913136.000
                                                  169861328.000 r
  U295/Y (NAND2X1)                     2602864.000
                                                  172464192.000 f
  U4707/Y (NAND2X1)                    829648.000 173293840.000 r
  U4708/Y (NAND2X1)                    2206352.000
                                                  175500192.000 f
  U4712/Y (NAND2X1)                    834992.000 176335184.000 r
  U1398/Y (NAND2X1)                    1233504.000
                                                  177568688.000 f
  U5911/Y (INVX1)                      290608.000 177859296.000 r
  U670/Y (INVX1)                       813264.000 178672560.000 f
  U4714/Y (AND2X1)                     2570864.000
                                                  181243424.000 f
  U4715/Y (OR2X1)                      2644992.000
                                                  183888416.000 f
  U5800/Y (INVX1)                      -984576.000
                                                  182903840.000 r
  U5801/Y (XOR2X1)                     5475504.000
                                                  188379344.000 f
  U5802/Y (AND2X1)                     2656880.000
                                                  191036224.000 f
  U5803/Y (OR2X1)                      2408352.000
                                                  193444576.000 f
  U5807/Y (XOR2X1)                     4835344.000
                                                  198279920.000 r
  U348/Y (XNOR2X1)                     7215232.000
                                                  205495152.000 r
  U349/Y (INVX1)                       1096864.000
                                                  206592016.000 f
  U5858/Y (NOR2X1)                     1070800.000
                                                  207662816.000 r
  U5859/Y (OR2X1)                      4434352.000
                                                  212097168.000 r
  U5860/Y (NAND2X1)                    1361008.000
                                                  213458176.000 f
  U1382/Y (NOR2X1)                     1074464.000
                                                  214532640.000 r
  U1379/Y (NAND2X1)                    1033152.000
                                                  215565792.000 f
  U1381/Y (NAND2X1)                    833968.000 216399760.000 r
  U6065/Y (NAND2X1)                    1245264.000
                                                  217645024.000 f
  U6634/Y (AND2X1)                     2832752.000
                                                  220477776.000 f
  U6635/Y (INVX1)                      -1328464.000
                                                  219149312.000 r
  U6638/Y (NAND2X1)                    1010048.000
                                                  220159360.000 f
  U6644/Y (XOR2X1)                     6228000.000
                                                  226387360.000 r
  U6659/Y (XOR2X1)                     6281904.000
                                                  232669264.000 f
  U6670/Y (NOR2X1)                     1089200.000
                                                  233758464.000 r
  U783/Y (OR2X1)                       3714560.000
                                                  237473024.000 r
  U288/Y (NAND2X1)                     1004960.000
                                                  238477984.000 f
  U287/Y (NAND2X1)                     829632.000 239307616.000 r
  U1370/Y (NAND2X1)                    1050576.000
                                                  240358192.000 f
  U1369/Y (NAND2X1)                    836624.000 241194816.000 r
  U6688/Y (AND2X1)                     1950272.000
                                                  243145088.000 r
  U6775/Y (NOR2X1)                     960560.000 244105648.000 f
  U6784/Y (NOR2X1)                     1562528.000
                                                  245668176.000 r
  U6785/Y (NOR2X1)                     964224.000 246632400.000 f
  U6789/Y (NAND2X1)                    822864.000 247455264.000 r
  U6790/Y (NAND2X1)                    2208240.000
                                                  249663504.000 f
  out[1] (out)                            0.000   249663504.000 f
  data arrival time                               249663504.000

  clock clk (rise edge)                250000000.000
                                                  250000000.000
  clock network delay (ideal)             0.000   250000000.000
  output external delay                   0.000   250000000.000
  data required time                              250000000.000
  -----------------------------------------------------------
  data required time                              250000000.000
  data arrival time                               -249663504.000
  -----------------------------------------------------------
  slack (MET)                                     336496.000


1
