****************************************
Report : timing
	-path_type full
	-delay_type max
	-max_paths 1
	-sort_by slack
Design : top
Version: S-2021.06-SP1
Date   : Fri Dec 16 13:15:42 2022
****************************************


  Startpoint: inp[5] (input port clocked by clk)
  Endpoint: out[0] (output port clocked by clk)
  Path Group: clk
  Path Type: max

  Point                                    Incr       Path
  ---------------------------------------------------------------
  clock clk (rise edge)                   0.000      0.000
  clock network delay (ideal)             0.000      0.000
  input external delay                    0.000      0.000 r
  inp[5] (in)                             0.000      0.000 r
  U1903/Y (INVX1)                      54768.000  54768.000 f
  U3131/Y (NAND2X1)                    1288192.000
                                                  1342960.000 r
  U3132/Y (NAND2X1)                    1129712.000
                                                  2472672.000 f
  U3133/Y (XOR2X1)                     5351344.000
                                                  7824016.000 r
  U859/Y (AND2X1)                      2160224.000
                                                  9984240.000 r
  U860/Y (INVX1)                       720448.000 10704688.000 f
  U3136/Y (NAND2X1)                    924352.000 11629040.000 r
  U3139/Y (XOR2X1)                     4278976.000
                                                  15908016.000 f
  U3140/Y (XOR2X1)                     5089120.000
                                                  20997136.000 r
  U3141/Y (XOR2X1)                     4329632.000
                                                  25326768.000 f
  U3143/Y (XOR2X1)                     5732880.000
                                                  31059648.000 r
  U3144/Y (XOR2X1)                     4744848.000
                                                  35804496.000 f
  U3145/Y (XOR2X1)                     5748896.000
                                                  41553392.000 r
  U3149/Y (XOR2X1)                     4343712.000
                                                  45897104.000 f
  U3151/Y (XOR2X1)                     5733168.000
                                                  51630272.000 r
  U270/Y (AND2X1)                      1821408.000
                                                  53451680.000 r
  U271/Y (INVX1)                       715232.000 54166912.000 f
  U3167/Y (NAND2X1)                    1368480.000
                                                  55535392.000 r
  U3170/Y (XOR2X1)                     4828496.000
                                                  60363888.000 f
  U264/Y (NOR2X1)                      1240000.000
                                                  61603888.000 r
  U262/Y (NOR2X1)                      61040.000  61664928.000 f
  U3212/Y (XOR2X1)                     5382848.000
                                                  67047776.000 r
  U799/Y (AND2X1)                      910624.000 67958400.000 r
  U797/Y (NOR2X1)                      24688.000  67983088.000 f
  U3262/Y (XOR2X1)                     5380176.000
                                                  73363264.000 r
  U702/Y (AND2X1)                      2174544.000
                                                  75537808.000 r
  U703/Y (INVX1)                       715568.000 76253376.000 f
  U3263/Y (NAND2X1)                    1291584.000
                                                  77544960.000 r
  U3269/Y (OR2X1)                      2339984.000
                                                  79884944.000 r
  U3272/Y (NAND2X1)                    928736.000 80813680.000 f
  U1165/Y (AND2X1)                     2439424.000
                                                  83253104.000 f
  U1166/Y (INVX1)                      -1257488.000
                                                  81995616.000 r
  U3385/Y (NAND2X1)                    1056624.000
                                                  83052240.000 f
  U639/Y (NAND2X1)                     1800592.000
                                                  84852832.000 r
  U470/Y (INVX1)                       1140240.000
                                                  85993072.000 f
  U471/Y (INVX1)                       969008.000 86962080.000 r
  U3475/Y (INVX1)                      646752.000 87608832.000 f
  U3476/Y (XOR2X1)                     5595232.000
                                                  93204064.000 r
  U3477/Y (XOR2X1)                     4759760.000
                                                  97963824.000 f
  U3497/Y (XOR2X1)                     5748752.000
                                                  103712576.000 r
  U3501/Y (XOR2X1)                     4744448.000
                                                  108457024.000 f
  U3507/Y (XOR2X1)                     5736864.000
                                                  114193888.000 r
  U402/Y (AND2X1)                      2175584.000
                                                  116369472.000 r
  U403/Y (INVX1)                       715232.000 117084704.000 f
  U3508/Y (AND2X1)                     2243888.000
                                                  119328592.000 f
  U3509/Y (XOR2X1)                     5259504.000
                                                  124588096.000 r
  U3510/Y (XOR2X1)                     4343704.000
                                                  128931800.000 f
  U3528/Y (XOR2X1)                     5733208.000
                                                  134665008.000 r
  U3590/Y (NAND2X1)                    846320.000 135511328.000 f
  U3591/Y (AND2X1)                     2246208.000
                                                  137757536.000 f
  U3690/Y (XOR2X1)                     5375024.000
                                                  143132560.000 r
  U3729/Y (NAND2X1)                    877200.000 144009760.000 f
  U3730/Y (NAND2X1)                    1384992.000
                                                  145394752.000 r
  U793/Y (AND2X1)                      2166672.000
                                                  147561424.000 r
  U794/Y (INVX1)                       718128.000 148279552.000 f
  U3731/Y (NAND2X1)                    1285600.000
                                                  149565152.000 r
  U3735/Y (NAND2X1)                    929312.000 150494464.000 f
  U612/Y (INVX1)                       324352.000 150818816.000 r
  U1127/Y (INVX1)                      691824.000 151510640.000 f
  U3751/Y (NAND2X1)                    1286688.000
                                                  152797328.000 r
  U3752/Y (NAND2X1)                    1231888.000
                                                  154029216.000 f
  U3755/Y (NOR2X1)                     1195104.000
                                                  155224320.000 r
  U3759/Y (NOR2X1)                     101616.000 155325936.000 f
  U3763/Y (NAND2X1)                    880112.000 156206048.000 r
  U3765/Y (NAND2X1)                    931008.000 157137056.000 f
  U3773/Y (NAND2X1)                    1395328.000
                                                  158532384.000 r
  U3774/Y (NAND2X1)                    1155904.000
                                                  159688288.000 f
  U3778/Y (OR2X1)                      2087712.000
                                                  161776000.000 f
  U3781/Y (NAND2X1)                    872144.000 162648144.000 r
  U3783/Y (NAND2X1)                    930960.000 163579104.000 f
  U3795/Y (NAND2X1)                    881008.000 164460112.000 r
  U3796/Y (NAND2X1)                    1234800.000
                                                  165694912.000 f
  U3806/Y (NAND2X1)                    880992.000 166575904.000 r
  U3807/Y (NAND2X1)                    1154560.000
                                                  167730464.000 f
  U3808/Y (NAND2X1)                    1400032.000
                                                  169130496.000 r
  U629/Y (AND2X1)                      1794272.000
                                                  170924768.000 r
  U630/Y (INVX1)                       715760.000 171640528.000 f
  U3814/Y (OR2X1)                      2115280.000
                                                  173755808.000 f
  U3815/Y (NAND2X1)                    870720.000 174626528.000 r
  U795/Y (AND2X1)                      1795584.000
                                                  176422112.000 r
  U796/Y (INVX1)                       718752.000 177140864.000 f
  U3822/Y (OR2X1)                      2115296.000
                                                  179256160.000 f
  U3823/Y (NAND2X1)                    1756704.000
                                                  181012864.000 r
  U721/Y (INVX1)                       1078432.000
                                                  182091296.000 f
  U4364/Y (NAND2X1)                    1298176.000
                                                  183389472.000 r
  U4366/Y (NAND2X1)                    852384.000 184241856.000 f
  U4367/Y (NOR2X1)                     1190192.000
                                                  185432048.000 r
  U4371/Y (NOR2X1)                     101456.000 185533504.000 f
  U4376/Y (NAND2X1)                    880160.000 186413664.000 r
  U4378/Y (NAND2X1)                    867744.000 187281408.000 f
  U4384/Y (OR2X1)                      2087872.000
                                                  189369280.000 f
  U4385/Y (NAND2X1)                    1752576.000
                                                  191121856.000 r
  U4386/Y (INVX1)                      1073760.000
                                                  192195616.000 f
  U4387/Y (NAND2X1)                    1284384.000
                                                  193480000.000 r
  U4392/Y (NAND2X1)                    848096.000 194328096.000 f
  U4394/Y (NAND2X1)                    1341728.000
                                                  195669824.000 r
  U4395/Y (INVX1)                      1096992.000
                                                  196766816.000 f
  U4400/Y (NAND2X1)                    919328.000 197686144.000 r
  U4404/Y (NAND2X1)                    848096.000 198534240.000 f
  U4406/Y (NAND2X1)                    885184.000 199419424.000 r
  U4407/Y (OR2X1)                      2606848.000
                                                  202026272.000 r
  U4411/Y (NAND2X1)                    797440.000 202823712.000 f
  U4413/Y (NAND2X1)                    1341792.000
                                                  204165504.000 r
  U4414/Y (INVX1)                      1095616.000
                                                  205261120.000 f
  U4418/Y (NAND2X1)                    919312.000 206180432.000 r
  U4422/Y (NAND2X1)                    866032.000 207046464.000 f
  U791/Y (AND2X1)                      2046048.000
                                                  209092512.000 f
  U792/Y (INVX1)                       -1279008.000
                                                  207813504.000 r
  U4425/Y (OR2X1)                      1639856.000
                                                  209453360.000 r
  U4429/Y (NAND2X1)                    804912.000 210258272.000 f
  U627/Y (AND2X1)                      2046032.000
                                                  212304304.000 f
  U628/Y (INVX1)                       -1278896.000
                                                  211025408.000 r
  U4431/Y (OR2X1)                      1639856.000
                                                  212665264.000 r
  U4433/Y (NAND2X1)                    804992.000 213470256.000 f
  U482/Y (AND2X1)                      2045792.000
                                                  215516048.000 f
  U483/Y (INVX1)                       -187904.000
                                                  215328144.000 r
  U4683/Y (NAND2X1)                    834032.000 216162176.000 f
  U4684/Y (NAND2X1)                    1385232.000
                                                  217547408.000 r
  U4694/Y (OR2X1)                      2561248.000
                                                  220108656.000 r
  U4695/Y (NAND2X1)                    1050128.000
                                                  221158784.000 f
  U4698/Y (OR2X1)                      2092496.000
                                                  223251280.000 f
  U4702/Y (NAND2X1)                    871952.000 224123232.000 r
  U4704/Y (NAND2X1)                    867712.000 224990944.000 f
  U4708/Y (OR2X1)                      2087712.000
                                                  227078656.000 f
  U4713/Y (NAND2X1)                    872144.000 227950800.000 r
  U4715/Y (NAND2X1)                    866832.000 228817632.000 f
  U4719/Y (OR2X1)                      2087712.000
                                                  230905344.000 f
  U4723/Y (NAND2X1)                    872144.000 231777488.000 r
  U4725/Y (NAND2X1)                    866912.000 232644400.000 f
  U4726/Y (NAND2X1)                    1400080.000
                                                  234044480.000 r
  U4728/Y (NAND2X1)                    867696.000 234912176.000 f
  U4733/Y (OR2X1)                      2087728.000
                                                  236999904.000 f
  U4738/Y (NAND2X1)                    872128.000 237872032.000 r
  U4740/Y (NAND2X1)                    866000.000 238738032.000 f
  U4741/Y (NAND2X1)                    1400080.000
                                                  240138112.000 r
  U4743/Y (NAND2X1)                    867664.000 241005776.000 f
  U4746/Y (NOR2X1)                     1196800.000
                                                  242202576.000 r
  U4748/Y (NAND2X1)                    834560.000 243037136.000 f
  U4751/Y (NAND2X1)                    879344.000 243916480.000 r
  U1160/Y (AND2X1)                     1807792.000
                                                  245724272.000 r
  U265/Y (AND2X1)                      2181024.000
                                                  247905296.000 r
  U266/Y (INVX1)                       713456.000 248618752.000 f
  U4763/Y (NAND2X1)                    913216.000 249531968.000 r
  out[0] (out)                            0.000   249531968.000 r
  data arrival time                               249531968.000

  clock clk (rise edge)                250000000.000
                                                  250000000.000
  clock network delay (ideal)             0.000   250000000.000
  clock reconvergence pessimism           0.000   250000000.000
  output external delay                   0.000   250000000.000
  data required time                              250000000.000
  ---------------------------------------------------------------
  data required time                              250000000.000
  data arrival time                               -249531968.000
  ---------------------------------------------------------------
  slack (MET)                                     468032.000


1
