 
****************************************
Report : timing
        -path full
        -delay max
        -max_paths 1
Design : top
Version: S-2021.06-SP2
Date   : Fri Dec 16 15:04:14 2022
****************************************

Operating Conditions: TT   Library: PPDK_Standard_Library_1.0V_25C_TYP_X1
Wire Load Model Mode: top

  Startpoint: inp[57] (input port clocked by clk)
  Endpoint: out[0] (output port clocked by clk)
  Path Group: clk
  Path Type: max

  Point                                    Incr       Path
  -----------------------------------------------------------
  clock clk (rise edge)                   0.000      0.000
  clock network delay (ideal)             0.000      0.000
  input external delay                    0.000      0.000 f
  inp[57] (in)                            0.000      0.000 f
  U1332/Y (INVX1)                      595341.875 595341.875 r
  U1531/Y (XOR2X1)                     4501838.500
                                                  5097180.500 f
  U1532/Y (XOR2X1)                     5975147.500
                                                  11072328.000 r
  U1533/Y (INVX1)                      1270781.000
                                                  12343109.000 f
  U1535/Y (XOR2X1)                     5562881.000
                                                  17905990.000 r
  U1551/Y (XOR2X1)                     4755948.000
                                                  22661938.000 f
  U1558/Y (XOR2X1)                     5741588.000
                                                  28403526.000 r
  U561/Y (AND2X1)                      1821450.000
                                                  30224976.000 r
  U562/Y (INVX1)                       715218.000 30940194.000 f
  U1584/Y (AND2X1)                     2243884.000
                                                  33184078.000 f
  U1585/Y (XOR2X1)                     3134754.000
                                                  36318832.000 f
  U1587/Y (XOR2X1)                     5414656.000
                                                  41733488.000 r
  U1588/Y (INVX1)                      1266144.000
                                                  42999632.000 f
  U1590/Y (XOR2X1)                     5592072.000
                                                  48591704.000 r
  U1591/Y (NAND2X1)                    848460.000 49440164.000 f
  U1592/Y (NAND2X1)                    1757016.000
                                                  51197180.000 r
  U1596/Y (XOR2X1)                     4838732.000
                                                  56035912.000 f
  U1598/Y (OR2X1)                      2057388.000
                                                  58093300.000 f
  U1599/Y (NAND2X1)                    1424688.000
                                                  59517988.000 r
  U1601/Y (XOR2X1)                     4258372.000
                                                  63776360.000 f
  U1609/Y (OR2X1)                      2057384.000
                                                  65833744.000 f
  U1610/Y (AND2X1)                     2246672.000
                                                  68080416.000 f
  U1614/Y (XOR2X1)                     5246120.000
                                                  73326536.000 r
  U580/Y (AND2X1)                      1818248.000
                                                  75144784.000 r
  U581/Y (INVX1)                       715224.000 75860008.000 f
  U1616/Y (NAND2X1)                    1291592.000
                                                  77151600.000 r
  U1620/Y (OR2X1)                      2340016.000
                                                  79491616.000 r
  U1621/Y (NAND2X1)                    1222792.000
                                                  80714408.000 f
  U1964/Y (INVX1)                      -522472.000
                                                  80191936.000 r
  U2170/Y (NAND2X1)                    1056560.000
                                                  81248496.000 f
  U2171/Y (NAND2X1)                    1757240.000
                                                  83005736.000 r
  U979/Y (INVX1)                       1124024.000
                                                  84129760.000 f
  U443/Y (INVX1)                       469344.000 84599104.000 r
  U2815/Y (NAND2X1)                    1056824.000
                                                  85655928.000 f
  U2816/Y (NAND2X1)                    1381432.000
                                                  87037360.000 r
  U2817/Y (AND2X1)                     2752984.000
                                                  89790344.000 r
  U622/Y (AND2X1)                      1827408.000
                                                  91617752.000 r
  U623/Y (INVX1)                       715896.000 92333648.000 f
  U2819/Y (NAND2X1)                    1752760.000
                                                  94086408.000 r
  U2822/Y (NAND2X1)                    874184.000 94960592.000 f
  U2823/Y (NAND2X1)                    1381112.000
                                                  96341704.000 r
  U2824/Y (NAND2X1)                    1234280.000
                                                  97575984.000 f
  U2827/Y (NAND2X1)                    1752600.000
                                                  99328584.000 r
  U226/Y (INVX1)                       1100944.000
                                                  100429528.000 f
  U225/Y (NOR2X1)                      1168888.000
                                                  101598416.000 r
  U2831/Y (XOR2X1)                     2165904.000
                                                  103764320.000 r
  U618/Y (AND2X1)                      2175128.000
                                                  105939448.000 r
  U619/Y (INVX1)                       715384.000 106654832.000 f
  U933/Y (AND2X1)                      2472248.000
                                                  109127080.000 f
  U2878/Y (XOR2X1)                     5509120.000
                                                  114636200.000 r
  U2912/Y (XOR2X1)                     4339408.000
                                                  118975608.000 f
  U3242/Y (XOR2X1)                     5963312.000
                                                  124938920.000 r
  U3243/Y (INVX1)                      1253632.000
                                                  126192552.000 f
  U3244/Y (NAND2X1)                    1283920.000
                                                  127476472.000 r
  U498/Y (AND2X1)                      1819144.000
                                                  129295616.000 r
  U499/Y (INVX1)                       718128.000 130013744.000 f
  U3276/Y (NAND2X1)                    924544.000 130938288.000 r
  U3281/Y (OR2X1)                      2340560.000
                                                  133278848.000 r
  U3282/Y (NAND2X1)                    1058896.000
                                                  134337744.000 f
  U3283/Y (NOR2X1)                     1190560.000
                                                  135528304.000 r
  U3285/Y (NAND2X1)                    833872.000 136362176.000 f
  U3286/Y (NAND2X1)                    886112.000 137248288.000 r
  U495/Y (AND2X1)                      1808752.000
                                                  139057040.000 r
  U3305/Y (NAND2X1)                    836688.000 139893728.000 f
  U3306/Y (XOR2X1)                     5246656.000
                                                  145140384.000 r
  U3307/Y (NOR2X1)                     -84992.000 145055392.000 f
  U3308/Y (NAND2X1)                    883120.000 145938512.000 r
  U3310/Y (NAND2X1)                    930944.000 146869456.000 f
  U3322/Y (NAND2X1)                    881120.000 147750576.000 r
  U3323/Y (NAND2X1)                    1154784.000
                                                  148905360.000 f
  U3324/Y (NAND2X1)                    1400096.000
                                                  150305456.000 r
  U3328/Y (NAND2X1)                    1235040.000
                                                  151540496.000 f
  U3335/Y (NAND2X1)                    1395344.000
                                                  152935840.000 r
  U504/Y (AND2X1)                      2165456.000
                                                  155101296.000 r
  U505/Y (INVX1)                       718752.000 155820048.000 f
  U3338/Y (OR2X1)                      2115280.000
                                                  157935328.000 f
  U3342/Y (NAND2X1)                    870736.000 158806064.000 r
  U3344/Y (NAND2X1)                    930944.000 159737008.000 f
  U3350/Y (NAND2X1)                    1395328.000
                                                  161132336.000 r
  U500/Y (AND2X1)                      2165456.000
                                                  163297792.000 r
  U501/Y (INVX1)                       718752.000 164016544.000 f
  U3354/Y (OR2X1)                      2115280.000
                                                  166131824.000 f
  U3358/Y (NAND2X1)                    870720.000 167002544.000 r
  U506/Y (AND2X1)                      1795360.000
                                                  168797904.000 r
  U507/Y (INVX1)                       718736.000 169516640.000 f
  U3362/Y (OR2X1)                      2115296.000
                                                  171631936.000 f
  U3363/Y (NAND2X1)                    1748384.000
                                                  173380320.000 r
  U415/Y (INVX1)                       1081280.000
                                                  174461600.000 f
  U985/Y (INVX1)                       486864.000 174948464.000 r
  U3449/Y (NAND2X1)                    1056464.000
                                                  176004928.000 f
  U320/Y (AND2X1)                      2044256.000
                                                  178049184.000 f
  U321/Y (INVX1)                       -302528.000
                                                  177746656.000 r
  U3454/Y (NOR2X1)                     152112.000 177898768.000 f
  U3458/Y (NOR2X1)                     1195808.000
                                                  179094576.000 r
  U3459/Y (NAND2X1)                    834560.000 179929136.000 f
  U3461/Y (NAND2X1)                    1341824.000
                                                  181270960.000 r
  U3462/Y (INVX1)                      1107136.000
                                                  182378096.000 f
  U3468/Y (NAND2X1)                    919328.000 183297424.000 r
  U3472/Y (NAND2X1)                    848096.000 184145520.000 f
  U3474/Y (NAND2X1)                    1341744.000
                                                  185487264.000 r
  U3475/Y (INVX1)                      1095952.000
                                                  186583216.000 f
  U3476/Y (NAND2X1)                    1284304.000
                                                  187867520.000 r
  U3480/Y (NAND2X1)                    848080.000 188715600.000 f
  U3482/Y (NAND2X1)                    1341888.000
                                                  190057488.000 r
  U3483/Y (INVX1)                      1096448.000
                                                  191153936.000 f
  U3489/Y (NAND2X1)                    919312.000 192073248.000 r
  U3493/Y (NAND2X1)                    848096.000 192921344.000 f
  U3495/Y (NAND2X1)                    1341904.000
                                                  194263248.000 r
  U3496/Y (INVX1)                      1095936.000
                                                  195359184.000 f
  U3497/Y (NAND2X1)                    1284304.000
                                                  196643488.000 r
  U3502/Y (NAND2X1)                    848080.000 197491568.000 f
  U3504/Y (NAND2X1)                    1341728.000
                                                  198833296.000 r
  U3505/Y (INVX1)                      1096448.000
                                                  199929744.000 f
  U3510/Y (NAND2X1)                    919312.000 200849056.000 r
  U3514/Y (NAND2X1)                    848096.000 201697152.000 f
  U3516/Y (NAND2X1)                    879600.000 202576752.000 r
  U3517/Y (NAND2X1)                    1156032.000
                                                  203732784.000 f
  U3521/Y (NAND2X1)                    879280.000 204612064.000 r
  U3522/Y (NAND2X1)                    1151056.000
                                                  205763120.000 f
  U502/Y (AND2X1)                      2045984.000
                                                  207809104.000 f
  U503/Y (INVX1)                       -1312288.000
                                                  206496816.000 r
  U475/Y (NAND2X1)                     927120.000 207423936.000 f
  U984/Y (INVX1)                       315424.000 207739360.000 r
  U450/Y (INVX1)                       692544.000 208431904.000 f
  U3533/Y (NAND2X1)                    1287104.000
                                                  209719008.000 r
  U3534/Y (NAND2X1)                    1128128.000
                                                  210847136.000 f
  U3540/Y (OR2X1)                      2088960.000
                                                  212936096.000 f
  U3541/Y (NAND2X1)                    1425232.000
                                                  214361328.000 r
  U3545/Y (OR2X1)                      2655840.000
                                                  217017168.000 r
  U3548/Y (NAND2X1)                    797424.000 217814592.000 f
  U3550/Y (NAND2X1)                    887088.000 218701680.000 r
  U3554/Y (OR2X1)                      2609968.000
                                                  221311648.000 r
  U3559/Y (NAND2X1)                    797424.000 222109072.000 f
  U3561/Y (NAND2X1)                    885520.000 222994592.000 r
  U3562/Y (OR2X1)                      2605456.000
                                                  225600048.000 r
  U3566/Y (NAND2X1)                    797072.000 226397120.000 f
  U3568/Y (NAND2X1)                    885504.000 227282624.000 r
  U3573/Y (OR2X1)                      2607568.000
                                                  229890192.000 r
  U3577/Y (NAND2X1)                    797440.000 230687632.000 f
  U3579/Y (NAND2X1)                    885504.000 231573136.000 r
  U3580/Y (OR2X1)                      2605424.000
                                                  234178560.000 r
  U3584/Y (NAND2X1)                    797440.000 234976000.000 f
  U3586/Y (NAND2X1)                    885504.000 235861504.000 r
  U3590/Y (OR2X1)                      2607568.000
                                                  238469072.000 r
  U3594/Y (NAND2X1)                    797072.000 239266144.000 f
  U3596/Y (NAND2X1)                    879584.000 240145728.000 r
  U3597/Y (NAND2X1)                    1156160.000
                                                  241301888.000 f
  U3599/Y (NAND2X1)                    885184.000 242187072.000 r
  U3603/Y (OR2X1)                      2655824.000
                                                  244842896.000 r
  U3604/Y (NAND2X1)                    1219808.000
                                                  246062704.000 f
  U3608/Y (INVX1)                      243168.000 246305872.000 r
  U410/Y (INVX1)                       651328.000 246957200.000 f
  U3610/Y (NAND2X1)                    918752.000 247875952.000 r
  U3611/Y (NAND2X1)                    1126784.000
                                                  249002736.000 f
  U3616/Y (NAND2X1)                    875296.000 249878032.000 r
  out[0] (out)                            0.000   249878032.000 r
  data arrival time                               249878032.000

  clock clk (rise edge)                250000000.000
                                                  250000000.000
  clock network delay (ideal)             0.000   250000000.000
  output external delay                   0.000   250000000.000
  data required time                              250000000.000
  -----------------------------------------------------------
  data required time                              250000000.000
  data arrival time                               -249878032.000
  -----------------------------------------------------------
  slack (MET)                                     121968.000


1
