Information: Updating design information... (UID-85)
 
****************************************
Report : qor
Design : top
Version: S-2021.06-SP2
Date   : Tue Nov 29 15:02:42 2022
****************************************


  Timing Path Group 'clk'
  -----------------------------------
  Levels of Logic:             164.00
  Critical Path Length:  249783744.00
  Critical Path Slack:      216256.00
  Critical Path Clk Period:
                         250000000.00
  Total Negative Slack:          0.00
  No. of Violating Paths:        0.00
  Worst Hold Violation:          0.00
  Total Hold Violation:          0.00
  No. of Hold Violations:        0.00
  -----------------------------------


  Cell Count
  -----------------------------------
  Hierarchical Cell Count:          0
  Hierarchical Port Count:          0
  Leaf Cell Count:               5034
  Buf/Inv Cell Count:             968
  Buf Cell Count:                   0
  Inv Cell Count:                 968
  CT Buf/Inv Cell Count:            0
  Combinational Cell Count:      5034
  Sequential Cell Count:            0
  Macro Count:                      0
  -----------------------------------


  Area
  -----------------------------------
  Combinational Area:
                    2053589065.000000
  Noncombinational Area:     0.000000
  Buf/Inv Area:      221110560.000000
  Total Buffer Area:             0.00
  Total Inverter Area:   221110560.00
  Macro/Black Box Area:      0.000000
  Net Area:                  0.000000
  -----------------------------------
  Cell Area:        2053589065.000000
  Design Area:      2053589065.000000


  Design Rules
  -----------------------------------
  Total Number of Nets:          5098
  Nets With Violations:          5034
  Max Trans Violations:          5034
  Max Cap Violations:               0
  -----------------------------------


  Hostname: leoforos

  Compile CPU Statistics
  -----------------------------------------
  Resource Sharing:                    2.37
  Logic Optimization:                  0.28
  Mapping Optimization:                4.09
  -----------------------------------------
  Overall Compile Time:               29.68
  Overall Compile Wall Clock Time:    31.32

  --------------------------------------------------------------------

  Design  WNS: 0.00  TNS: 0.00  Number of Violating Paths: 0


  Design (Hold)  WNS: 0.00  TNS: 0.00  Number of Violating Paths: 0

  --------------------------------------------------------------------


1
