****************************************
Report : timing
	-path_type full
	-delay_type max
	-max_paths 1
	-sort_by slack
Design : top
Version: S-2021.06-SP1
Date   : Fri Dec 16 13:55:35 2022
****************************************


  Startpoint: inp[17] (input port clocked by clk)
  Endpoint: out[0] (output port clocked by clk)
  Path Group: clk
  Path Type: max

  Point                                    Incr       Path
  ---------------------------------------------------------------
  clock clk (rise edge)                   0.000      0.000
  clock network delay (ideal)             0.000      0.000
  input external delay                    0.000      0.000 f
  inp[17] (in)                            0.000      0.000 f
  U1329/Y (NAND2X1)                    1174672.000
                                                  1174672.000 r
  U1331/Y (NAND2X1)                    1052816.000
                                                  2227488.000 f
  U1332/Y (NAND2X1)                    1171840.000
                                                  3399328.000 r
  U1333/Y (NAND2X1)                    2135168.000
                                                  5534496.000 f
  U1334/Y (NAND2X1)                    1171312.000
                                                  6705808.000 r
  U1335/Y (NAND2X1)                    2142560.000
                                                  8848368.000 f
  U1352/Y (NAND2X1)                    1172304.000
                                                  10020672.000 r
  U1353/Y (NAND2X1)                    2111184.000
                                                  12131856.000 f
  U1355/Y (NAND2X1)                    840320.000 12972176.000 r
  U1356/Y (NAND2X1)                    2115024.000
                                                  15087200.000 f
  U1357/Y (XOR2X1)                     6275856.000
                                                  21363056.000 r
  U525/Y (XNOR2X1)                     7180960.000
                                                  28544016.000 r
  U526/Y (INVX1)                       1095168.000
                                                  29639184.000 f
  U434/Y (XNOR2X1)                     4667760.000
                                                  34306944.000 r
  U435/Y (INVX1)                       1045536.000
                                                  35352480.000 f
  U1494/Y (XOR2X1)                     6261856.000
                                                  41614336.000 r
  U1497/Y (NAND2X1)                    2730448.000
                                                  44344784.000 f
  U1498/Y (NAND2X1)                    1625552.000
                                                  45970336.000 r
  U1499/Y (INVX1)                      1242080.000
                                                  47212416.000 f
  U1504/Y (XNOR2X1)                    6852096.000
                                                  54064512.000 f
  U1505/Y (INVX1)                      -1230176.000
                                                  52834336.000 r
  U1506/Y (OR2X1)                      1562704.000
                                                  54397040.000 r
  U1507/Y (NAND2X1)                    1715808.000
                                                  56112848.000 f
  U1509/Y (NAND2X1)                    853152.000 56966000.000 r
  U1535/Y (OR2X1)                      5274288.000
                                                  62240288.000 r
  U1536/Y (NAND2X1)                    1004960.000
                                                  63245248.000 f
  U1537/Y (NAND2X1)                    1183088.000
                                                  64428336.000 r
  U1544/Y (OR2X1)                      5234816.000
                                                  69663152.000 r
  U1545/Y (NAND2X1)                    1361008.000
                                                  71024160.000 f
  U1546/Y (AND2X1)                     2832800.000
                                                  73856960.000 f
  U1547/Y (INVX1)                      -1288048.000
                                                  72568912.000 r
  U1553/Y (XOR2X1)                     5333216.000
                                                  77902128.000 f
  U1556/Y (NOR2X1)                     1089200.000
                                                  78991328.000 r
  U757/Y (OR2X1)                       3020672.000
                                                  82012000.000 r
  U1810/Y (NAND2X1)                    1597232.000
                                                  83609232.000 f
  U353/Y (INVX1)                       244128.000 83853360.000 r
  U354/Y (INVX1)                       812928.000 84666288.000 f
  U737/Y (INVX1)                       479424.000 85145712.000 r
  U2686/Y (XOR2X1)                     5301504.000
                                                  90447216.000 f
  U377/Y (XNOR2X1)                     7076800.000
                                                  97524016.000 f
  U3063/Y (NOR2X1)                     1101072.000
                                                  98625088.000 r
  U3065/Y (OR2X1)                      4465248.000
                                                  103090336.000 r
  U3066/Y (NAND2X1)                    1649200.000
                                                  104739536.000 f
  U3067/Y (NAND2X1)                    1182512.000
                                                  105922048.000 r
  U3071/Y (NOR2X1)                     959712.000 106881760.000 f
  U3072/Y (OR2X1)                      2414992.000
                                                  109296752.000 f
  U3073/Y (NAND2X1)                    1184552.000
                                                  110481304.000 r
  U3082/Y (OR2X1)                      5140816.000
                                                  115622120.000 r
  U3083/Y (NAND2X1)                    1360992.000
                                                  116983112.000 f
  U3084/Y (NAND2X1)                    850952.000 117834064.000 r
  U3094/Y (OR2X1)                      5216224.000
                                                  123050288.000 r
  U3095/Y (NAND2X1)                    1009384.000
                                                  124059672.000 f
  U3096/Y (NAND2X1)                    1183088.000
                                                  125242760.000 r
  U3103/Y (OR2X1)                      5234824.000
                                                  130477584.000 r
  U3104/Y (NAND2X1)                    1361000.000
                                                  131838584.000 f
  U3105/Y (NAND2X1)                    1177872.000
                                                  133016456.000 r
  U3202/Y (XOR2X1)                     5902856.000
                                                  138919312.000 f
  U3205/Y (NAND2X1)                    883744.000 139803056.000 r
  U3261/Y (NAND2X1)                    1043696.000
                                                  140846752.000 f
  U3262/Y (NAND2X1)                    1165760.000
                                                  142012512.000 r
  U3263/Y (NAND2X1)                    2150400.000
                                                  144162912.000 f
  U380/Y (NAND2X1)                     1318304.000
                                                  145481216.000 r
  U340/Y (INVX1)                       1322784.000
                                                  146804000.000 f
  U341/Y (INVX1)                       937360.000 147741360.000 r
  U426/Y (INVX1)                       700592.000 148441952.000 f
  U3303/Y (NAND2X1)                    1162032.000
                                                  149603984.000 r
  U3304/Y (NAND2X1)                    2195600.000
                                                  151799584.000 f
  U3310/Y (NAND2X1)                    836848.000 152636432.000 r
  U3311/Y (NAND2X1)                    2206352.000
                                                  154842784.000 f
  U3314/Y (NAND2X1)                    836864.000 155679648.000 r
  U3315/Y (NAND2X1)                    2142000.000
                                                  157821648.000 f
  U3318/Y (NAND2X1)                    836848.000 158658496.000 r
  U3336/Y (NAND2X1)                    1048608.000
                                                  159707104.000 f
  U3341/Y (AND2X1)                     2055008.000
                                                  161762112.000 f
  U3344/Y (NAND2X1)                    839040.000 162601152.000 r
  U3345/Y (NAND2X1)                    1048608.000
                                                  163649760.000 f
  U3348/Y (NAND2X1)                    836320.000 164486080.000 r
  U3349/Y (NAND2X1)                    2141984.000
                                                  166628064.000 f
  U3352/Y (NAND2X1)                    836864.000 167464928.000 r
  U3360/Y (AND2X1)                     -801184.000
                                                  166663744.000 r
  U3361/Y (NAND2X1)                    2564896.000
                                                  169228640.000 f
  U3364/Y (NAND2X1)                    1318320.000
                                                  170546960.000 r
  U336/Y (INVX1)                       1322784.000
                                                  171869744.000 f
  U337/Y (INVX1)                       937360.000 172807104.000 r
  U427/Y (INVX1)                       700608.000 173507712.000 f
  U3381/Y (NAND2X1)                    1162016.000
                                                  174669728.000 r
  U3382/Y (NAND2X1)                    1447328.000
                                                  176117056.000 f
  U3395/Y (NAND2X1)                    840416.000 176957472.000 r
  U3396/Y (NAND2X1)                    2206352.000
                                                  179163824.000 f
  U3405/Y (NAND2X1)                    836304.000 180000128.000 r
  U3408/Y (NAND2X1)                    1048592.000
                                                  181048720.000 f
  U3409/Y (NAND2X1)                    1165856.000
                                                  182214576.000 r
  U3412/Y (NAND2X1)                    1048992.000
                                                  183263568.000 f
  U3421/Y (NAND2X1)                    836368.000 184099936.000 r
  U3442/Y (NAND2X1)                    1048608.000
                                                  185148544.000 f
  U3447/Y (AND2X1)                     2054976.000
                                                  187203520.000 f
  U3450/Y (NAND2X1)                    1269472.000
                                                  188472992.000 r
  U3451/Y (INVX1)                      1236480.000
                                                  189709472.000 f
  U3452/Y (NAND2X1)                    1161952.000
                                                  190871424.000 r
  U3455/Y (NAND2X1)                    1228992.000
                                                  192100416.000 f
  U355/Y (INVX1)                       257872.000 192358288.000 r
  U356/Y (INVX1)                       810016.000 193168304.000 f
  U738/Y (INVX1)                       453568.000 193621872.000 r
  U3465/Y (NAND2X1)                    1610288.000
                                                  195232160.000 f
  U3467/Y (NAND2X1)                    845408.000 196077568.000 r
  U743/Y (OR2X1)                       5179680.000
                                                  201257248.000 r
  U3479/Y (NAND2X1)                    1004960.000
                                                  202262208.000 f
  U3480/Y (NAND2X1)                    1170864.000
                                                  203433072.000 r
  U3481/Y (NOR2X1)                     959664.000 204392736.000 f
  U3482/Y (OR2X1)                      2420896.000
                                                  206813632.000 f
  U432/Y (AND2X1)                      2316768.000
                                                  209130400.000 f
  U433/Y (INVX1)                       -1288448.000
                                                  207841952.000 r
  U3484/Y (OR2X1)                      1562704.000
                                                  209404656.000 r
  U3485/Y (NAND2X1)                    1715808.000
                                                  211120464.000 f
  U3487/Y (NAND2X1)                    842064.000 211962528.000 r
  U3495/Y (OR2X1)                      5170432.000
                                                  217132960.000 r
  U3496/Y (NAND2X1)                    1361008.000
                                                  218493968.000 f
  U742/Y (NAND2X1)                     1171776.000
                                                  219665744.000 r
  U3500/Y (OR2X1)                      5169616.000
                                                  224835360.000 r
  U3501/Y (NAND2X1)                    1360992.000
                                                  226196352.000 f
  U3503/Y (NAND2X1)                    842080.000 227038432.000 r
  U3507/Y (OR2X1)                      5169984.000
                                                  232208416.000 r
  U3508/Y (NAND2X1)                    1360992.000
                                                  233569408.000 f
  U3510/Y (NAND2X1)                    842112.000 234411520.000 r
  U3514/Y (NOR2X1)                     959568.000 235371088.000 f
  U3518/Y (OR2X1)                      2420912.000
                                                  237792000.000 f
  U3520/Y (NAND2X1)                    1277840.000
                                                  239069840.000 r
  U3521/Y (INVX1)                      1243264.000
                                                  240313104.000 f
  U3522/Y (NOR2X1)                     1070752.000
                                                  241383856.000 r
  U3533/Y (NAND2X1)                    1991536.000
                                                  243375392.000 f
  U3534/Y (NAND2X1)                    1159984.000
                                                  244535376.000 r
  out[0] (out)                            0.000   244535376.000 r
  data arrival time                               244535376.000

  clock clk (rise edge)                250000000.000
                                                  250000000.000
  clock network delay (ideal)             0.000   250000000.000
  clock reconvergence pessimism           0.000   250000000.000
  output external delay                   0.000   250000000.000
  data required time                              250000000.000
  ---------------------------------------------------------------
  data required time                              250000000.000
  data arrival time                               -244535376.000
  ---------------------------------------------------------------
  slack (MET)                                     5464624.000


1
