 
****************************************
Report : timing
        -path full
        -delay max
        -max_paths 1
Design : top
Version: S-2021.06-SP2
Date   : Fri Dec 16 10:26:03 2022
****************************************

Operating Conditions: TT   Library: PPDK_Standard_Library_1.0V_25C_TYP_X1
Wire Load Model Mode: top

  Startpoint: inp[5] (input port clocked by clk)
  Endpoint: out[0] (output port clocked by clk)
  Path Group: clk
  Path Type: max

  Point                                    Incr       Path
  -----------------------------------------------------------
  clock clk (rise edge)                   0.000      0.000
  clock network delay (ideal)             0.000      0.000
  input external delay                    0.000      0.000 r
  inp[5] (in)                             0.000      0.000 r
  U868/Y (INVX1)                       54331.410  54331.410 f
  U869/Y (NAND2X1)                     1294012.625
                                                  1348344.000 r
  U212/Y (AND2X1)                      2174216.500
                                                  3522560.500 r
  U213/Y (INVX1)                       715897.500 4238458.000 f
  U777/Y (XNOR2X1)                     6585936.000
                                                  10824394.000 f
  U906/Y (NAND2X1)                     864628.000 11689022.000 r
  U208/Y (AND2X1)                      2174367.000
                                                  13863389.000 r
  U209/Y (INVX1)                       715848.000 14579237.000 f
  U969/Y (XOR2X1)                      4914943.000
                                                  19494180.000 r
  U970/Y (OR2X1)                       2349734.000
                                                  21843914.000 r
  U644/Y (AND2X1)                      2196644.000
                                                  24040558.000 r
  U645/Y (INVX1)                       708376.000 24748934.000 f
  U971/Y (NAND2X1)                     1291616.000
                                                  26040550.000 r
  U972/Y (OR2X1)                       2330218.000
                                                  28370768.000 r
  U292/Y (AND2X1)                      1882936.000
                                                  30253704.000 r
  U293/Y (INVX1)                       718354.000 30972058.000 f
  U976/Y (XOR2X1)                      5584230.000
                                                  36556288.000 r
  U1014/Y (OR2X1)                      2290548.000
                                                  38846836.000 r
  U652/Y (AND2X1)                      2196640.000
                                                  41043476.000 r
  U653/Y (INVX1)                       708376.000 41751852.000 f
  U460/Y (AND2X1)                      2458076.000
                                                  44209928.000 f
  U461/Y (INVX1)                       -229848.000
                                                  43980080.000 r
  U1021/Y (INVX1)                      651868.000 44631948.000 f
  U1022/Y (NAND2X1)                    1357252.000
                                                  45989200.000 r
  U731/Y (INVX1)                       914572.000 46903772.000 f
  U732/Y (INVX1)                       446224.000 47349996.000 r
  U1023/Y (NAND2X1)                    1051800.000
                                                  48401796.000 f
  U1024/Y (NAND2X1)                    1752608.000
                                                  50154404.000 r
  U396/Y (AND2X1)                      1795728.000
                                                  51950132.000 r
  U397/Y (INVX1)                       707932.000 52658064.000 f
  U594/Y (AND2X1)                      2034888.000
                                                  54692952.000 f
  U595/Y (INVX1)                       -1187172.000
                                                  53505780.000 r
  U556/Y (AND2X1)                      2199080.000
                                                  55704860.000 r
  U557/Y (INVX1)                       707808.000 56412668.000 f
  U1027/Y (OR2X1)                      2117896.000
                                                  58530564.000 f
  U640/Y (AND2X1)                      2434344.000
                                                  60964908.000 f
  U641/Y (INVX1)                       -1340636.000
                                                  59624272.000 r
  U1028/Y (NAND2X1)                    1052060.000
                                                  60676332.000 f
  U1029/Y (OR2X1)                      2095444.000
                                                  62771776.000 f
  U692/Y (AND2X1)                      2048512.000
                                                  64820288.000 f
  U693/Y (INVX1)                       -1449016.000
                                                  63371272.000 r
  U1043/Y (AND2X1)                     1971856.000
                                                  65343128.000 r
  U310/Y (AND2X1)                      1827328.000
                                                  67170456.000 r
  U311/Y (INVX1)                       718136.000 67888592.000 f
  U1044/Y (NAND2X1)                    1752752.000
                                                  69641344.000 r
  U1045/Y (INVX1)                      1217128.000
                                                  70858472.000 f
  U1273/Y (NOR2X1)                     1157128.000
                                                  72015600.000 r
  U326/Y (AND2X1)                      1837440.000
                                                  73853040.000 r
  U327/Y (INVX1)                       718144.000 74571184.000 f
  U1275/Y (NAND2X1)                    1321200.000
                                                  75892384.000 r
  U226/Y (AND2X1)                      2173600.000
                                                  78065984.000 r
  U227/Y (INVX1)                       715880.000 78781864.000 f
  U302/Y (AND2X1)                      2034872.000
                                                  80816736.000 f
  U303/Y (INVX1)                       -1294040.000
                                                  79522696.000 r
  U566/Y (AND2X1)                      1881904.000
                                                  81404600.000 r
  U567/Y (INVX1)                       718144.000 82122744.000 f
  U608/Y (AND2X1)                      2034872.000
                                                  84157616.000 f
  U609/Y (INVX1)                       -1291640.000
                                                  82865976.000 r
  U670/Y (AND2X1)                      1881904.000
                                                  84747880.000 r
  U671/Y (INVX1)                       714504.000 85462384.000 f
  U1303/Y (NAND2X1)                    1362936.000
                                                  86825320.000 r
  U336/Y (AND2X1)                      1785576.000
                                                  88610896.000 r
  U337/Y (INVX1)                       714824.000 89325720.000 f
  U332/Y (AND2X1)                      2034872.000
                                                  91360592.000 f
  U333/Y (INVX1)                       -1187280.000
                                                  90173312.000 r
  U1307/Y (NAND2X1)                    802176.000 90975488.000 f
  U1308/Y (NAND2X1)                    881232.000 91856720.000 r
  U338/Y (AND2X1)                      2174544.000
                                                  94031264.000 r
  U339/Y (INVX1)                       715576.000 94746840.000 f
  U781/Y (AND2X1)                      2039296.000
                                                  96786136.000 f
  U803/Y (INVX1)                       -1257080.000
                                                  95529056.000 r
  U228/Y (AND2X1)                      1878424.000
                                                  97407480.000 r
  U229/Y (INVX1)                       715880.000 98123360.000 f
  U306/Y (AND2X1)                      2034872.000
                                                  100158232.000 f
  U307/Y (INVX1)                       -1279096.000
                                                  98879136.000 r
  U1320/Y (OR2X1)                      1639840.000
                                                  100518976.000 r
  U704/Y (AND2X1)                      1876048.000
                                                  102395024.000 r
  U705/Y (INVX1)                       715512.000 103110536.000 f
  U1324/Y (NAND2X1)                    1291576.000
                                                  104402112.000 r
  U682/Y (AND2X1)                      1818360.000
                                                  106220472.000 r
  U683/Y (INVX1)                       715152.000 106935624.000 f
  U290/Y (AND2X1)                      2034872.000
                                                  108970496.000 f
  U291/Y (INVX1)                       -1307224.000
                                                  107663272.000 r
  U638/Y (AND2X1)                      1881912.000
                                                  109545184.000 r
  U639/Y (INVX1)                       707424.000 110252608.000 f
  U1329/Y (NAND2X1)                    1285632.000
                                                  111538240.000 r
  U628/Y (AND2X1)                      1818776.000
                                                  113357016.000 r
  U629/Y (INVX1)                       708312.000 114065328.000 f
  U1331/Y (NAND2X1)                    1285632.000
                                                  115350960.000 r
  U626/Y (AND2X1)                      1818776.000
                                                  117169736.000 r
  U627/Y (INVX1)                       708312.000 117878048.000 f
  U1334/Y (NAND2X1)                    1285640.000
                                                  119163688.000 r
  U751/Y (AND2X1)                      2174584.000
                                                  121338272.000 r
  U752/Y (INVX1)                       715560.000 122053832.000 f
  U1335/Y (NOR2X1)                     1151504.000
                                                  123205336.000 r
  out[0] (out)                            0.000   123205336.000 r
  data arrival time                               123205336.000

  clock clk (rise edge)                200000000.000
                                                  200000000.000
  clock network delay (ideal)             0.000   200000000.000
  output external delay                   0.000   200000000.000
  data required time                              200000000.000
  -----------------------------------------------------------
  data required time                              200000000.000
  data arrival time                               -123205336.000
  -----------------------------------------------------------
  slack (MET)                                     76794664.000


1
