 
****************************************
Report : area
Design : top
Version: S-2021.06-SP2
Date   : Tue Nov 29 17:03:33 2022
****************************************

Library(s) Used:

    PPDK_Standard_Library_0.8V_25C_TYP_X1 (File: /home/akokkinis/synLibs/egfet/db/EGFET_0.8V.db)

Number of ports:                           52
Number of nets:                          2754
Number of cells:                         2706
Number of combinational cells:           2706
Number of sequential cells:                 0
Number of macros/black boxes:               0
Number of buf/inv:                        573
Number of references:                       7

Combinational area:         1147276676.000000
Buf/Inv area:                130884660.000000
Noncombinational area:               0.000000
Macro/Black Box area:                0.000000
Net Interconnect area:      undefined  (No wire load specified)

Total cell area:            1147276676.000000
Total area:                 undefined
1
