****************************************
Report : timing
	-path_type full
	-delay_type max
	-max_paths 1
	-sort_by slack
Design : top
Version: S-2021.06-SP1
Date   : Tue Nov 29 14:57:33 2022
****************************************


  Startpoint: inp[55] (input port clocked by clk)
  Endpoint: out[0] (output port clocked by clk)
  Path Group: clk
  Path Type: max

  Point                                    Incr       Path
  ---------------------------------------------------------------
  clock clk (rise edge)                   0.000      0.000
  clock network delay (ideal)             0.000      0.000
  input external delay                    0.000      0.000 f
  inp[55] (in)                            0.000      0.000 f
  U1204/Y (INVX1)                      621200.000 621200.000 r
  U1205/Y (NAND2X1)                    1055392.000
                                                  1676592.000 f
  U1207/Y (NAND2X1)                    891536.000 2568128.000 r
  U1208/Y (XOR2X1)                     4766080.000
                                                  7334208.000 f
  U2877/Y (INVX1)                      -1332016.000
                                                  6002192.000 r
  U784/Y (INVX1)                       653952.000 6656144.000 f
  U2946/Y (XNOR2X1)                    6388480.000
                                                  13044624.000 f
  U2947/Y (XOR2X1)                     5970416.000
                                                  19015040.000 r
  U3135/Y (INVX1)                      1245744.000
                                                  20260784.000 f
  U3136/Y (AND2X1)                     2034688.000
                                                  22295472.000 f
  U3137/Y (INVX1)                      -1529952.000
                                                  20765520.000 r
  U3138/Y (NAND2X1)                    1051872.000
                                                  21817392.000 f
  U3139/Y (XOR2X1)                     5244752.000
                                                  27062144.000 r
  U1134/Y (OR2X1)                      2341392.000
                                                  29403536.000 r
  U3199/Y (NAND2X1)                    806448.000 30209984.000 f
  U3200/Y (XOR2X1)                     5356976.000
                                                  35566960.000 r
  U3257/Y (INVX1)                      1259392.000
                                                  36826352.000 f
  U1141/Y (NAND2X1)                    1283744.000
                                                  38110096.000 r
  U3258/Y (NAND2X1)                    1127232.000
                                                  39237328.000 f
  U3259/Y (XOR2X1)                     5960160.000
                                                  45197488.000 r
  U3260/Y (INVX1)                      1262224.000
                                                  46459712.000 f
  U3264/Y (NAND2X1)                    919520.000 47379232.000 r
  U3295/Y (NAND2X1)                    847984.000 48227216.000 f
  U3296/Y (AND2X1)                     2438448.000
                                                  50665664.000 f
  U3297/Y (INVX1)                      -1288848.000
                                                  49376816.000 r
  U3298/Y (NAND2X1)                    1051120.000
                                                  50427936.000 f
  U3300/Y (NAND2X1)                    903696.000 51331632.000 r
  U802/Y (AND2X1)                      2793808.000
                                                  54125440.000 r
  U800/Y (OR2X1)                       2212976.000
                                                  56338416.000 r
  U3314/Y (NAND2X1)                    801776.000 57140192.000 f
  U3316/Y (NAND2X1)                    903872.000 58044064.000 r
  U3328/Y (NOR2X1)                     -331536.000
                                                  57712528.000 f
  U1136/Y (OR2X1)                      2088240.000
                                                  59800768.000 f
  U3331/Y (NAND2X1)                    888432.000 60689200.000 r
  U3336/Y (XOR2X1)                     4261344.000
                                                  64950544.000 f
  U3337/Y (XOR2X1)                     5067376.000
                                                  70017920.000 r
  U1142/Y (OR2X1)                      2293296.000
                                                  72311216.000 r
  U3347/Y (NAND2X1)                    807888.000 73119104.000 f
  U1101/Y (AND2X1)                     2044272.000
                                                  75163376.000 f
  U599/Y (INVX1)                       -320256.000
                                                  74843120.000 r
  U600/Y (INVX1)                       665696.000 75508816.000 f
  U1130/Y (INVX1)                      1158256.000
                                                  76667072.000 r
  U3552/Y (XOR2X1)                     4367280.000
                                                  81034352.000 f
  U3598/Y (XOR2X1)                     5986736.000
                                                  87021088.000 r
  U4450/Y (INVX1)                      1246160.000
                                                  88267248.000 f
  U4451/Y (XOR2X1)                     5924880.000
                                                  94192128.000 r
  U544/Y (INVX1)                       1252368.000
                                                  95444496.000 f
  U545/Y (INVX1)                       1002128.000
                                                  96446624.000 r
  U4452/Y (INVX1)                      670304.000 97116928.000 f
  U4453/Y (NAND2X1)                    1286592.000
                                                  98403520.000 r
  U4468/Y (NAND2X1)                    848448.000 99251968.000 f
  U4470/Y (NAND2X1)                    1341568.000
                                                  100593536.000 r
  U4471/Y (INVX1)                      1106928.000
                                                  101700464.000 f
  U4478/Y (XOR2X1)                     5300448.000
                                                  107000912.000 r
  U4511/Y (INVX1)                      1237168.000
                                                  108238080.000 f
  U4600/Y (XOR2X1)                     4909280.000
                                                  113147360.000 r
  U4601/Y (XOR2X1)                     4657856.000
                                                  117805216.000 f
  U4647/Y (NAND2X1)                    1750312.000
                                                  119555528.000 r
  U941/Y (INVX1)                       908080.000 120463608.000 f
  U942/Y (INVX1)                       439440.000 120903048.000 r
  U4648/Y (NAND2X1)                    1051216.000
                                                  121954264.000 f
  U4649/Y (NAND2X1)                    1380616.000
                                                  123334880.000 r
  U4653/Y (NAND2X1)                    863712.000 124198592.000 f
  U4654/Y (NAND2X1)                    1394672.000
                                                  125593264.000 r
  U4657/Y (NAND2X1)                    865992.000 126459256.000 f
  U4658/Y (NAND2X1)                    1394672.000
                                                  127853928.000 r
  U4662/Y (NAND2X1)                    865992.000 128719920.000 f
  U4663/Y (NAND2X1)                    1394680.000
                                                  130114600.000 r
  U4670/Y (NAND2X1)                    865984.000 130980584.000 f
  U4672/Y (NAND2X1)                    886080.000 131866664.000 r
  U4679/Y (NAND2X1)                    848288.000 132714952.000 f
  U4682/Y (NAND2X1)                    881224.000 133596176.000 r
  U4687/Y (NAND2X1)                    863632.000 134459808.000 f
  U4691/Y (NAND2X1)                    886176.000 135345984.000 r
  U4692/Y (NAND2X1)                    863664.000 136209648.000 f
  U4693/Y (NAND2X1)                    1380336.000
                                                  137589984.000 r
  U4698/Y (NAND2X1)                    863680.000 138453664.000 f
  U4702/Y (NAND2X1)                    1341792.000
                                                  139795456.000 r
  U596/Y (INVX1)                       1129184.000
                                                  140924640.000 f
  U1099/Y (INVX1)                      504800.000 141429440.000 r
  U296/Y (AND2X1)                      1875056.000
                                                  143304496.000 r
  U297/Y (INVX1)                       720048.000 144024544.000 f
  U5463/Y (NAND2X1)                    1362944.000
                                                  145387488.000 r
  U5464/Y (INVX1)                      1105600.000
                                                  146493088.000 f
  U5468/Y (NAND2X1)                    919344.000 147412432.000 r
  U5469/Y (NAND2X1)                    1154704.000
                                                  148567136.000 f
  U5479/Y (NAND2X1)                    879344.000 149446480.000 r
  U5482/Y (AND2X1)                     685616.000 150132096.000 r
  U5485/Y (NAND2X1)                    856272.000 150988368.000 f
  U5486/Y (NAND2X1)                    1394672.000
                                                  152383040.000 r
  U5489/Y (NAND2X1)                    865984.000 153249024.000 f
  U5490/Y (NAND2X1)                    1400096.000
                                                  154649120.000 r
  U5493/Y (NAND2X1)                    866880.000 155516000.000 f
  U5494/Y (NAND2X1)                    1400064.000
                                                  156916064.000 r
  U5497/Y (NAND2X1)                    866864.000 157782928.000 f
  U5498/Y (NAND2X1)                    1394672.000
                                                  159177600.000 r
  U5501/Y (NAND2X1)                    865984.000 160043584.000 f
  U5502/Y (NAND2X1)                    879360.000 160922944.000 r
  U5505/Y (NAND2X1)                    863680.000 161786624.000 f
  U5506/Y (NAND2X1)                    1400064.000
                                                  163186688.000 r
  U5509/Y (NAND2X1)                    866864.000 164053552.000 f
  U5510/Y (NAND2X1)                    1400064.000
                                                  165453616.000 r
  U5513/Y (NAND2X1)                    866864.000 166320480.000 f
  U5514/Y (NAND2X1)                    1400096.000
                                                  167720576.000 r
  U5517/Y (NAND2X1)                    866880.000 168587456.000 f
  U5518/Y (NAND2X1)                    1400064.000
                                                  169987520.000 r
  U5521/Y (NAND2X1)                    866864.000 170854384.000 f
  U5522/Y (NAND2X1)                    1400064.000
                                                  172254448.000 r
  U5528/Y (NAND2X1)                    866864.000 173121312.000 f
  U645/Y (NAND2X1)                     1335872.000
                                                  174457184.000 r
  U515/Y (INVX1)                       1104448.000
                                                  175561632.000 f
  U516/Y (INVX1)                       1069984.000
                                                  176631616.000 r
  U6977/Y (NAND2X1)                    835184.000 177466800.000 f
  U6979/Y (NAND2X1)                    1347280.000
                                                  178814080.000 r
  U6994/Y (INVX1)                      1095488.000
                                                  179909568.000 f
  U6995/Y (NAND2X1)                    1284304.000
                                                  181193872.000 r
  U6996/Y (NAND2X1)                    1126048.000
                                                  182319920.000 f
  U7005/Y (NAND2X1)                    881216.000 183201136.000 r
  U7008/Y (NAND2X1)                    863696.000 184064832.000 f
  U638/Y (NAND2X1)                     879344.000 184944176.000 r
  U7019/Y (NAND2X1)                    863680.000 185807856.000 f
  U7037/Y (NAND2X1)                    881216.000 186689072.000 r
  U7046/Y (NAND2X1)                    874736.000 187563808.000 f
  U7055/Y (NAND2X1)                    886128.000 188449936.000 r
  U7058/Y (NAND2X1)                    863680.000 189313616.000 f
  U7061/Y (NAND2X1)                    879360.000 190192976.000 r
  U7062/Y (NAND2X1)                    1156064.000
                                                  191349040.000 f
  U7071/Y (NAND2X1)                    879264.000 192228304.000 r
  U7074/Y (NAND2X1)                    866848.000 193095152.000 f
  U7077/Y (NAND2X1)                    881216.000 193976368.000 r
  U7078/Y (NAND2X1)                    866848.000 194843216.000 f
  U7087/Y (NAND2X1)                    879360.000 195722576.000 r
  U7090/Y (NAND2X1)                    866848.000 196589424.000 f
  U7099/Y (NAND2X1)                    879328.000 197468752.000 r
  U7102/Y (AND2X1)                     1794304.000
                                                  199263056.000 r
  U7103/Y (INVX1)                      718528.000 199981584.000 f
  U7115/Y (NAND2X1)                    1285616.000
                                                  201267200.000 r
  U7116/Y (NAND2X1)                    1230464.000
                                                  202497664.000 f
  U7117/Y (INVX1)                      361696.000 202859360.000 r
  U517/Y (INVX1)                       717952.000 203577312.000 f
  U7862/Y (NAND2X1)                    918176.000 204495488.000 r
  U7864/Y (NAND2X1)                    930944.000 205426432.000 f
  U7865/Y (OR2X1)                      2088848.000
                                                  207515280.000 f
  U7866/Y (AND2X1)                     2241920.000
                                                  209757200.000 f
  U7871/Y (NAND2X1)                    868144.000 210625344.000 r
  U7877/Y (OR2X1)                      2561264.000
                                                  213186608.000 r
  U7878/Y (NAND2X1)                    1047920.000
                                                  214234528.000 f
  U7884/Y (NAND2X1)                    886304.000 215120832.000 r
  U7886/Y (NAND2X1)                    866816.000 215987648.000 f
  U7893/Y (NAND2X1)                    886304.000 216873952.000 r
  U7895/Y (NAND2X1)                    867680.000 217741632.000 f
  U7900/Y (OR2X1)                      2092640.000
                                                  219834272.000 f
  U7901/Y (NAND2X1)                    1425776.000
                                                  221260048.000 r
  U7902/Y (OR2X1)                      2657104.000
                                                  223917152.000 r
  U7905/Y (NAND2X1)                    797232.000 224714384.000 f
  U7907/Y (NAND2X1)                    885488.000 225599872.000 r
  U7908/Y (NOR2X1)                     -334672.000
                                                  225265200.000 f
  U7912/Y (OR2X1)                      2088208.000
                                                  227353408.000 f
  U7914/Y (NAND2X1)                    878144.000 228231552.000 r
  U1140/Y (OR2X1)                      2607728.000
                                                  230839280.000 r
  U7917/Y (NAND2X1)                    797248.000 231636528.000 f
  U7919/Y (NAND2X1)                    1342768.000
                                                  232979296.000 r
  U7920/Y (INVX1)                      1095584.000
                                                  234074880.000 f
  U7925/Y (NAND2X1)                    919328.000 234994208.000 r
  U7928/Y (NAND2X1)                    848064.000 235842272.000 f
  U7930/Y (NAND2X1)                    885488.000 236727760.000 r
  U7934/Y (OR2X1)                      2606256.000
                                                  239334016.000 r
  U7936/Y (NAND2X1)                    797248.000 240131264.000 f
  U7938/Y (NAND2X1)                    881200.000 241012464.000 r
  U7939/Y (NAND2X1)                    1235024.000
                                                  242247488.000 f
  U7943/Y (NAND2X1)                    880992.000 243128480.000 r
  U7947/Y (NAND2X1)                    866048.000 243994528.000 f
  U7951/Y (NAND2X1)                    1341744.000
                                                  245336272.000 r
  U7952/Y (INVX1)                      1116784.000
                                                  246453056.000 f
  U7953/Y (NOR2X1)                     1163120.000
                                                  247616176.000 r
  U7964/Y (NAND2X1)                    830656.000 248446832.000 f
  U7965/Y (NAND2X1)                    1394960.000
                                                  249841792.000 r
  out[0] (out)                            0.000   249841792.000 r
  data arrival time                               249841792.000

  clock clk (rise edge)                250000000.000
                                                  250000000.000
  clock network delay (ideal)             0.000   250000000.000
  clock reconvergence pessimism           0.000   250000000.000
  output external delay                   0.000   250000000.000
  data required time                              250000000.000
  ---------------------------------------------------------------
  data required time                              250000000.000
  data arrival time                               -249841792.000
  ---------------------------------------------------------------
  slack (MET)                                     158208.000


1
