 
****************************************
Report : timing
        -path full
        -delay max
        -max_paths 1
Design : top
Version: S-2021.06-SP2
Date   : Fri Dec 16 14:26:30 2022
****************************************

Operating Conditions: TT   Library: PPDK_Standard_Library_1.0V_25C_TYP_X1
Wire Load Model Mode: top

  Startpoint: inp[56] (input port clocked by clk)
  Endpoint: out[0] (output port clocked by clk)
  Path Group: clk
  Path Type: max

  Point                                    Incr       Path
  -----------------------------------------------------------
  clock clk (rise edge)                   0.000      0.000
  clock network delay (ideal)             0.000      0.000
  input external delay                    0.000      0.000 f
  inp[56] (in)                            0.000      0.000 f
  U2044/Y (NAND2X1)                    1753031.000
                                                  1753031.000 r
  U2045/Y (INVX1)                      1218826.500
                                                  2971857.500 f
  U2054/Y (XOR2X1)                     5591743.500
                                                  8563601.000 r
  U2067/Y (XOR2X1)                     4755950.000
                                                  13319551.000 f
  U2073/Y (XOR2X1)                     5750213.000
                                                  19069764.000 r
  U2086/Y (XOR2X1)                     4343798.000
                                                  23413562.000 f
  U2105/Y (XOR2X1)                     5733250.000
                                                  29146812.000 r
  U320/Y (XNOR2X1)                     5513728.000
                                                  34660540.000 r
  U321/Y (INVX1)                       943136.000 35603676.000 f
  U698/Y (AND2X1)                      2458084.000
                                                  38061760.000 f
  U699/Y (INVX1)                       -1187224.000
                                                  36874536.000 r
  U2410/Y (AND2X1)                     1979144.000
                                                  38853680.000 r
  U2411/Y (XOR2X1)                     4591720.000
                                                  43445400.000 f
  U2412/Y (XOR2X1)                     5094336.000
                                                  48539736.000 r
  U2414/Y (XOR2X1)                     4330408.000
                                                  52870144.000 f
  U712/Y (AND2X1)                      2058028.000
                                                  54928172.000 f
  U713/Y (INVX1)                       -1439716.000
                                                  53488456.000 r
  U2416/Y (NAND2X1)                    1220892.000
                                                  54709348.000 f
  U2421/Y (XOR2X1)                     5362668.000
                                                  60072016.000 r
  U2423/Y (OR2X1)                      2336420.000
                                                  62408436.000 r
  U2424/Y (NAND2X1)                    1052704.000
                                                  63461140.000 f
  U2427/Y (XOR2X1)                     5244460.000
                                                  68705600.000 r
  U2428/Y (OR2X1)                      2341312.000
                                                  71046912.000 r
  U2429/Y (NAND2X1)                    1052520.000
                                                  72099432.000 f
  U2431/Y (XOR2X1)                     5391552.000
                                                  77490984.000 r
  U924/Y (AND2X1)                      2174368.000
                                                  79665352.000 r
  U925/Y (INVX1)                       715632.000 80380984.000 f
  U2433/Y (NAND2X1)                    1297520.000
                                                  81678504.000 r
  U2435/Y (NAND2X1)                    1127432.000
                                                  82805936.000 f
  U2436/Y (NAND2X1)                    1394944.000
                                                  84200880.000 r
  U2437/Y (NAND2X1)                    866856.000 85067736.000 f
  U2441/Y (NAND2X1)                    1399352.000
                                                  86467088.000 r
  U2443/Y (NAND2X1)                    866744.000 87333832.000 f
  U2444/Y (NOR2X1)                     1640120.000
                                                  88973952.000 r
  U2452/Y (INVX1)                      1008136.000
                                                  89982088.000 f
  U2453/Y (NAND2X1)                    1290544.000
                                                  91272632.000 r
  U1075/Y (AND2X1)                     1853648.000
                                                  93126280.000 r
  U1076/Y (INVX1)                      739664.000 93865944.000 f
  U372/Y (XNOR2X1)                     4354192.000
                                                  98220136.000 r
  U373/Y (INVX1)                       824920.000 99045056.000 f
  U3608/Y (XOR2X1)                     5301160.000
                                                  104346216.000 r
  U920/Y (AND2X1)                      2160880.000
                                                  106507096.000 r
  U921/Y (INVX1)                       720024.000 107227120.000 f
  U3609/Y (AND2X1)                     2243888.000
                                                  109471008.000 f
  U3628/Y (XOR2X1)                     5461400.000
                                                  114932408.000 r
  U3631/Y (XOR2X1)                     4751704.000
                                                  119684112.000 f
  U3639/Y (NAND2X1)                    836976.000 120521088.000 r
  U3640/Y (NAND2X1)                    1153192.000
                                                  121674280.000 f
  U3641/Y (NAND2X1)                    1399296.000
                                                  123073576.000 r
  U3642/Y (NAND2X1)                    1157912.000
                                                  124231488.000 f
  U3644/Y (XOR2X1)                     5312168.000
                                                  129543656.000 r
  U666/Y (AND2X1)                      1818680.000
                                                  131362336.000 r
  U667/Y (INVX1)                       715232.000 132077568.000 f
  U3649/Y (AND2X1)                     2243888.000
                                                  134321456.000 f
  U3859/Y (XOR2X1)                     5952032.000
                                                  140273488.000 r
  U3860/Y (INVX1)                      1271424.000
                                                  141544912.000 f
  U3861/Y (NAND2X1)                    1283872.000
                                                  142828784.000 r
  U3862/Y (AND2X1)                     2564480.000
                                                  145393264.000 r
  U3863/Y (NAND2X1)                    1132064.000
                                                  146525328.000 f
  U3864/Y (NAND2X1)                    880816.000 147406144.000 r
  U426/Y (AND2X1)                      1795408.000
                                                  149201552.000 r
  U427/Y (INVX1)                       733184.000 149934736.000 f
  U1078/Y (INVX1)                      1004272.000
                                                  150939008.000 r
  U1079/Y (INVX1)                      669936.000 151608944.000 f
  U3940/Y (XOR2X1)                     5582992.000
                                                  157191936.000 r
  U826/Y (AND2X1)                      2173712.000
                                                  159365648.000 r
  U827/Y (INVX1)                       715840.000 160081488.000 f
  U3942/Y (NAND2X1)                    1285616.000
                                                  161367104.000 r
  U3943/Y (NAND2X1)                    1126400.000
                                                  162493504.000 f
  U3945/Y (NAND2X1)                    887088.000 163380592.000 r
  U3948/Y (OR2X1)                      2612288.000
                                                  165992880.000 r
  U3952/Y (NAND2X1)                    799184.000 166792064.000 f
  U3954/Y (NAND2X1)                    878592.000 167670656.000 r
  U3955/Y (NAND2X1)                    1154768.000
                                                  168825424.000 f
  U3957/Y (NAND2X1)                    885264.000 169710688.000 r
  U3958/Y (OR2X1)                      2606384.000
                                                  172317072.000 r
  U3962/Y (NAND2X1)                    797264.000 173114336.000 f
  U3964/Y (NAND2X1)                    879376.000 173993712.000 r
  U3972/Y (NAND2X1)                    867728.000 174861440.000 f
  U3975/Y (OR2X1)                      2087632.000
                                                  176949072.000 f
  U501/Y (NAND2X1)                     1778640.000
                                                  178727712.000 r
  U464/Y (INVX1)                       1072144.000
                                                  179799856.000 f
  U465/Y (INVX1)                       976576.000 180776432.000 r
  U1086/Y (INVX1)                      651536.000 181427968.000 f
  U4160/Y (NAND2X1)                    1286800.000
                                                  182714768.000 r
  U4162/Y (NAND2X1)                    931424.000 183646192.000 f
  U4167/Y (NOR2X1)                     1195104.000
                                                  184841296.000 r
  U4171/Y (NOR2X1)                     101600.000 184942896.000 f
  U4175/Y (NAND2X1)                    880128.000 185823024.000 r
  U4177/Y (NAND2X1)                    867712.000 186690736.000 f
  U4180/Y (OR2X1)                      2087712.000
                                                  188778448.000 f
  U4181/Y (NAND2X1)                    1429232.000
                                                  190207680.000 r
  U4186/Y (OR2X1)                      2665280.000
                                                  192872960.000 r
  U4191/Y (NAND2X1)                    797424.000 193670384.000 f
  U4193/Y (NAND2X1)                    885296.000 194555680.000 r
  U4194/Y (OR2X1)                      2605472.000
                                                  197161152.000 r
  U4198/Y (NAND2X1)                    797424.000 197958576.000 f
  U4200/Y (NAND2X1)                    885280.000 198843856.000 r
  U4205/Y (OR2X1)                      2607568.000
                                                  201451424.000 r
  U4210/Y (NAND2X1)                    797424.000 202248848.000 f
  U4212/Y (NAND2X1)                    885280.000 203134128.000 r
  U4216/Y (OR2X1)                      2605472.000
                                                  205739600.000 r
  U4219/Y (NAND2X1)                    797424.000 206537024.000 f
  U4221/Y (NAND2X1)                    879536.000 207416560.000 r
  U4222/Y (NAND2X1)                    1155936.000
                                                  208572496.000 f
  U488/Y (NAND2X1)                     1388960.000
                                                  209961456.000 r
  U473/Y (INVX1)                       1115504.000
                                                  211076960.000 f
  U474/Y (INVX1)                       976144.000 212053104.000 r
  U1089/Y (INVX1)                      651792.000 212704896.000 f
  U4229/Y (NAND2X1)                    1286928.000
                                                  213991824.000 r
  U4231/Y (NAND2X1)                    849552.000 214841376.000 f
  U4234/Y (OR2X1)                      2088976.000
                                                  216930352.000 f
  U4242/Y (NAND2X1)                    872128.000 217802480.000 r
  U4244/Y (NAND2X1)                    867328.000 218669808.000 f
  U4245/Y (OR2X1)                      2087696.000
                                                  220757504.000 f
  U4248/Y (NAND2X1)                    872128.000 221629632.000 r
  U4250/Y (NAND2X1)                    866832.000 222496464.000 f
  U4253/Y (OR2X1)                      2087648.000
                                                  224584112.000 f
  U4258/Y (NAND2X1)                    871952.000 225456064.000 r
  U4260/Y (NAND2X1)                    867680.000 226323744.000 f
  U4267/Y (OR2X1)                      2087872.000
                                                  228411616.000 f
  U4268/Y (NAND2X1)                    1425760.000
                                                  229837376.000 r
  U4273/Y (OR2X1)                      2657088.000
                                                  232494464.000 r
  U4277/Y (NAND2X1)                    797072.000 233291536.000 f
  U4279/Y (NAND2X1)                    885520.000 234177056.000 r
  U4280/Y (OR2X1)                      2607568.000
                                                  236784624.000 r
  U4285/Y (NAND2X1)                    799232.000 237583856.000 f
  U4287/Y (NAND2X1)                    879280.000 238463136.000 r
  U4288/Y (NAND2X1)                    1156176.000
                                                  239619312.000 f
  U4289/Y (NAND2X1)                    1400352.000
                                                  241019664.000 r
  U1056/Y (AND2X1)                     1807648.000
                                                  242827312.000 r
  U246/Y (AND2X1)                      2181488.000
                                                  245008800.000 r
  U247/Y (INVX1)                       713312.000 245722112.000 f
  U4301/Y (NAND2X1)                    913216.000 246635328.000 r
  out[0] (out)                            0.000   246635328.000 r
  data arrival time                               246635328.000

  clock clk (rise edge)                250000000.000
                                                  250000000.000
  clock network delay (ideal)             0.000   250000000.000
  output external delay                   0.000   250000000.000
  data required time                              250000000.000
  -----------------------------------------------------------
  data required time                              250000000.000
  data arrival time                               -246635328.000
  -----------------------------------------------------------
  slack (MET)                                     3364672.000


1
