 
****************************************
Report : area
Design : top
Version: S-2021.06-SP2
Date   : Sun Dec 18 18:39:08 2022
****************************************

Library(s) Used:

    PPDK_Standard_Library_0.6V_25C_TYP_X1 (File: /home/akokkinis/synLibs/egfet/db/EGFET_0.6V.db)

Number of ports:                           44
Number of nets:                           646
Number of cells:                          608
Number of combinational cells:            607
Number of sequential cells:                 0
Number of macros/black boxes:               0
Number of buf/inv:                        183
Number of references:                       6

Combinational area:          215349107.000000
Buf/Inv area:                 41800860.000000
Noncombinational area:               0.000000
Macro/Black Box area:                0.000000
Net Interconnect area:      undefined  (No wire load specified)

Total cell area:             215349107.000000
Total area:                 undefined
1
