 
****************************************
Report : timing
        -path full
        -delay max
        -max_paths 1
Design : top
Version: S-2021.06-SP2
Date   : Fri Dec 16 15:18:35 2022
****************************************

Operating Conditions: TT   Library: PPDK_Standard_Library_1.0V_25C_TYP_X1
Wire Load Model Mode: top

  Startpoint: inp[6] (input port clocked by clk)
  Endpoint: out[0] (output port clocked by clk)
  Path Group: clk
  Path Type: max

  Point                                    Incr       Path
  -----------------------------------------------------------
  clock clk (rise edge)                   0.000      0.000
  clock network delay (ideal)             0.000      0.000
  input external delay                    0.000      0.000 r
  inp[6] (in)                             0.000      0.000 r
  U1182/Y (INVX1)                      54322.590  54322.590 f
  U1183/Y (XOR2X1)                     5929860.000
                                                  5984182.500 r
  U939/Y (AND2X1)                      1783515.500
                                                  7767698.000 r
  U940/Y (INVX1)                       704992.000 8472690.000 f
  U1187/Y (NAND2X1)                    1297419.000
                                                  9770109.000 r
  U1189/Y (XOR2X1)                     4758404.000
                                                  14528513.000 f
  U1201/Y (NAND2X1)                    835943.000 15364456.000 r
  U1202/Y (NAND2X1)                    1158085.000
                                                  16522541.000 f
  U1204/Y (XOR2X1)                     5350071.000
                                                  21872612.000 r
  U425/Y (XNOR2X1)                     5497520.000
                                                  27370132.000 r
  U426/Y (INVX1)                       948956.000 28319088.000 f
  U1545/Y (XOR2X1)                     2989892.000
                                                  31308980.000 f
  U1549/Y (XOR2X1)                     5748668.000
                                                  37057648.000 r
  U1570/Y (XOR2X1)                     4338244.000
                                                  41395892.000 f
  U1571/Y (NAND2X1)                    843180.000 42239072.000 r
  U1572/Y (NAND2X1)                    1172876.000
                                                  43411948.000 f
  U1575/Y (XOR2X1)                     5344296.000
                                                  48756244.000 r
  U709/Y (AND2X1)                      2175596.000
                                                  50931840.000 r
  U710/Y (INVX1)                       715232.000 51647072.000 f
  U1576/Y (NAND2X1)                    1297388.000
                                                  52944460.000 r
  U1580/Y (XOR2X1)                     4767880.000
                                                  57712340.000 f
  U1581/Y (NAND2X1)                    1752284.000
                                                  59464624.000 r
  U1593/Y (NAND2X1)                    1127848.000
                                                  60592472.000 f
  U1598/Y (NAND2X1)                    1399340.000
                                                  61991812.000 r
  U1599/Y (NAND2X1)                    1154704.000
                                                  63146516.000 f
  U704/Y (AND2X1)                      2438616.000
                                                  65585132.000 f
  U705/Y (INVX1)                       -1313024.000
                                                  64272108.000 r
  U1602/Y (NAND2X1)                    800472.000 65072580.000 f
  U1603/Y (NOR2X1)                     1640436.000
                                                  66713016.000 r
  U1604/Y (NAND2X1)                    857456.000 67570472.000 f
  U1605/Y (NAND2X1)                    1342272.000
                                                  68912744.000 r
  U1609/Y (NAND2X1)                    1151840.000
                                                  70064584.000 f
  U1610/Y (NAND2X1)                    1748088.000
                                                  71812672.000 r
  U517/Y (INVX1)                       1104680.000
                                                  72917352.000 f
  U518/Y (INVX1)                       471144.000 73388496.000 r
  U765/Y (AND2X1)                      2197752.000
                                                  75586248.000 r
  U766/Y (INVX1)                       708240.000 76294488.000 f
  U602/Y (AND2X1)                      2469472.000
                                                  78763960.000 f
  U603/Y (INVX1)                       -1109528.000
                                                  77654432.000 r
  U3227/Y (NAND2X1)                    806384.000 78460816.000 f
  U3258/Y (NAND2X1)                    1752616.000
                                                  80213432.000 r
  U3259/Y (INVX1)                      1115488.000
                                                  81328920.000 f
  U3260/Y (XOR2X1)                     5591032.000
                                                  86919952.000 r
  U3261/Y (XOR2X1)                     4765384.000
                                                  91685336.000 f
  U3426/Y (XOR2X1)                     5963640.000
                                                  97648976.000 r
  U3427/Y (INVX1)                      1253000.000
                                                  98901976.000 f
  U3428/Y (NAND2X1)                    1283928.000
                                                  100185904.000 r
  U761/Y (AND2X1)                      1819144.000
                                                  102005048.000 r
  U762/Y (INVX1)                       715528.000 102720576.000 f
  U3431/Y (NAND2X1)                    1752760.000
                                                  104473336.000 r
  U3432/Y (INVX1)                      1216872.000
                                                  105690208.000 f
  U3435/Y (NAND2X1)                    919456.000 106609664.000 r
  U627/Y (AND2X1)                      1819160.000
                                                  108428824.000 r
  U628/Y (INVX1)                       715160.000 109143984.000 f
  U3438/Y (NAND2X1)                    924552.000 110068536.000 r
  U3439/Y (OR2X1)                      2340592.000
                                                  112409128.000 r
  U989/Y (AND2X1)                      1334808.000
                                                  113743936.000 r
  U706/Y (NOR2X1)                      965768.000 114709704.000 f
  U3441/Y (NAND2X1)                    1369040.000
                                                  116078744.000 r
  U767/Y (AND2X1)                      1800912.000
                                                  117879656.000 r
  U768/Y (INVX1)                       720464.000 118600120.000 f
  U3445/Y (NAND2X1)                    1752760.000
                                                  120352880.000 r
  U3446/Y (INVX1)                      1216888.000
                                                  121569768.000 f
  U965/Y (AND2X1)                      2034704.000
                                                  123604472.000 f
  U966/Y (INVX1)                       -1525448.000
                                                  122079024.000 r
  U996/Y (AND2X1)                      1882048.000
                                                  123961072.000 r
  U997/Y (INVX1)                       720464.000 124681536.000 f
  U3449/Y (NAND2X1)                    1752752.000
                                                  126434288.000 r
  U3450/Y (INVX1)                      1216880.000
                                                  127651168.000 f
  U3453/Y (NAND2X1)                    919456.000 128570624.000 r
  U757/Y (AND2X1)                      1819160.000
                                                  130389784.000 r
  U758/Y (INVX1)                       715376.000 131105160.000 f
  U3455/Y (NAND2X1)                    1752760.000
                                                  132857920.000 r
  U3456/Y (INVX1)                      1216872.000
                                                  134074792.000 f
  U969/Y (AND2X1)                      2034712.000
                                                  136109504.000 f
  U970/Y (INVX1)                       -1522960.000
                                                  134586544.000 r
  U992/Y (AND2X1)                      1882048.000
                                                  136468592.000 r
  U993/Y (INVX1)                       720464.000 137189056.000 f
  U3461/Y (NAND2X1)                    924528.000 138113584.000 r
  U3465/Y (NAND2X1)                    863680.000 138977264.000 f
  U3466/Y (NAND2X1)                    1394688.000
                                                  140371952.000 r
  U3467/Y (NAND2X1)                    1154704.000
                                                  141526656.000 f
  U560/Y (NAND2X1)                     1786848.000
                                                  143313504.000 r
  U553/Y (INVX1)                       1107856.000
                                                  144421360.000 f
  U554/Y (INVX1)                       976208.000 145397568.000 r
  U1119/Y (INVX1)                      651776.000 146049344.000 f
  U557/Y (NAND2X1)                     1286944.000
                                                  147336288.000 r
  U3553/Y (NAND2X1)                    849552.000 148185840.000 f
  U3554/Y (NOR2X1)                     1195024.000
                                                  149380864.000 r
  U3556/Y (NAND2X1)                    834384.000 150215248.000 f
  U3557/Y (NAND2X1)                    1752576.000
                                                  151967824.000 r
  U3563/Y (INVX1)                      1095776.000
                                                  153063600.000 f
  U688/Y (AND2X1)                      2458304.000
                                                  155521904.000 f
  U689/Y (INVX1)                       -1185792.000
                                                  154336112.000 r
  U3564/Y (NAND2X1)                    1052176.000
                                                  155388288.000 f
  U3568/Y (OR2X1)                      2092400.000
                                                  157480688.000 f
  U3572/Y (NAND2X1)                    871952.000 158352640.000 r
  U3574/Y (NAND2X1)                    930944.000 159283584.000 f
  U3582/Y (NAND2X1)                    1395328.000
                                                  160678912.000 r
  U3583/Y (NAND2X1)                    1155904.000
                                                  161834816.000 f
  U3587/Y (OR2X1)                      2087696.000
                                                  163922512.000 f
  U3592/Y (NAND2X1)                    872128.000 164794640.000 r
  U3594/Y (NAND2X1)                    866864.000 165661504.000 f
  U3595/Y (OR2X1)                      2087712.000
                                                  167749216.000 f
  U3596/Y (NAND2X1)                    872128.000 168621344.000 r
  U3598/Y (NAND2X1)                    930944.000 169552288.000 f
  U3599/Y (NAND2X1)                    880992.000 170433280.000 r
  U3602/Y (NAND2X1)                    866032.000 171299312.000 f
  U3606/Y (NAND2X1)                    1341360.000
                                                  172640672.000 r
  U3607/Y (INVX1)                      1116608.000
                                                  173757280.000 f
  U3612/Y (NAND2X1)                    919344.000 174676624.000 r
  U3617/Y (NAND2X1)                    848032.000 175524656.000 f
  U3619/Y (NAND2X1)                    887760.000 176412416.000 r
  U3622/Y (OR2X1)                      2612272.000
                                                  179024688.000 r
  U3623/Y (NAND2X1)                    1219760.000
                                                  180244448.000 f
  U1121/Y (INVX1)                      312640.000 180557088.000 r
  U1122/Y (INVX1)                      687360.000 181244448.000 f
  U3635/Y (NAND2X1)                    1286976.000
                                                  182531424.000 r
  U3636/Y (NAND2X1)                    931408.000 183462832.000 f
  U3637/Y (NOR2X1)                     1194816.000
                                                  184657648.000 r
  U3641/Y (NOR2X1)                     102016.000 184759664.000 f
  U3646/Y (NAND2X1)                    880544.000 185640208.000 r
  U3648/Y (NAND2X1)                    930944.000 186571152.000 f
  U3660/Y (NAND2X1)                    881120.000 187452272.000 r
  U3661/Y (NAND2X1)                    1234832.000
                                                  188687104.000 f
  U3662/Y (NAND2X1)                    880992.000 189568096.000 r
  U3666/Y (NAND2X1)                    866032.000 190434128.000 f
  U3670/Y (NAND2X1)                    885296.000 191319424.000 r
  U3675/Y (OR2X1)                      2561296.000
                                                  193880720.000 r
  U3680/Y (NAND2X1)                    804768.000 194685488.000 f
  U3682/Y (NAND2X1)                    885296.000 195570784.000 r
  U3683/Y (OR2X1)                      2605440.000
                                                  198176224.000 r
  U3684/Y (NAND2X1)                    804768.000 198980992.000 f
  U3686/Y (NAND2X1)                    885280.000 199866272.000 r
  U3691/Y (OR2X1)                      2607568.000
                                                  202473840.000 r
  U3695/Y (NAND2X1)                    797424.000 203271264.000 f
  U3697/Y (NAND2X1)                    1341792.000
                                                  204613056.000 r
  U692/Y (AND2X1)                      2166400.000
                                                  206779456.000 r
  U693/Y (INVX1)                       718224.000 207497680.000 f
  U3704/Y (NAND2X1)                    1285616.000
                                                  208783296.000 r
  U3705/Y (NAND2X1)                    1126400.000
                                                  209909696.000 f
  U566/Y (NAND2X1)                     1389904.000
                                                  211299600.000 r
  U549/Y (INVX1)                       1115632.000
                                                  212415232.000 f
  U550/Y (INVX1)                       976128.000 213391360.000 r
  U3708/Y (INVX1)                      652016.000 214043376.000 f
  U3717/Y (NOR2X1)                     1158016.000
                                                  215201392.000 r
  U3721/Y (NOR2X1)                     101392.000 215302784.000 f
  U3724/Y (NAND2X1)                    886512.000 216189296.000 r
  U3728/Y (OR2X1)                      2561296.000
                                                  218750592.000 r
  U3733/Y (NAND2X1)                    797424.000 219548016.000 f
  U3735/Y (NAND2X1)                    885504.000 220433520.000 r
  U700/Y (NOR2X1)                      -330624.000
                                                  220102896.000 f
  U698/Y (OR2X1)                       2088240.000
                                                  222191136.000 f
  U3743/Y (NAND2X1)                    876688.000 223067824.000 r
  U3744/Y (OR2X1)                      2605456.000
                                                  225673280.000 r
  U3748/Y (NAND2X1)                    797424.000 226470704.000 f
  U3750/Y (NAND2X1)                    885168.000 227355872.000 r
  U3755/Y (OR2X1)                      2607568.000
                                                  229963440.000 r
  U3759/Y (NAND2X1)                    797424.000 230760864.000 f
  U3761/Y (NAND2X1)                    881200.000 231642064.000 r
  U3762/Y (NAND2X1)                    1155936.000
                                                  232798000.000 f
  U3764/Y (NAND2X1)                    885184.000 233683184.000 r
  U697/Y (NOR2X1)                      -330560.000
                                                  233352624.000 f
  U695/Y (OR2X1)                       2088240.000
                                                  235440864.000 f
  U3774/Y (NAND2X1)                    876688.000 236317552.000 r
  U3775/Y (OR2X1)                      2605456.000
                                                  238923008.000 r
  U3779/Y (NAND2X1)                    797072.000 239720080.000 f
  U3781/Y (NAND2X1)                    879280.000 240599360.000 r
  U3782/Y (NAND2X1)                    1156160.000
                                                  241755520.000 f
  U3786/Y (NAND2X1)                    879248.000 242634768.000 r
  U1103/Y (AND2X1)                     1789568.000
                                                  244424336.000 r
  U1104/Y (INVX1)                      719312.000 245143648.000 f
  U690/Y (OR2X1)                       2115232.000
                                                  247258880.000 f
  U3793/Y (NAND2X1)                    1425040.000
                                                  248683920.000 r
  U3797/Y (NAND2X1)                    870128.000 249554048.000 f
  out[0] (out)                            0.000   249554048.000 f
  data arrival time                               249554048.000

  clock clk (rise edge)                250000000.000
                                                  250000000.000
  clock network delay (ideal)             0.000   250000000.000
  output external delay                   0.000   250000000.000
  data required time                              250000000.000
  -----------------------------------------------------------
  data required time                              250000000.000
  data arrival time                               -249554048.000
  -----------------------------------------------------------
  slack (MET)                                     445952.000


1
