Information: Updating design information... (UID-85)
 
****************************************
Report : qor
Design : top
Version: S-2021.06-SP2
Date   : Fri Dec 16 15:18:35 2022
****************************************


  Timing Path Group 'clk'
  -----------------------------------
  Levels of Logic:             175.00
  Critical Path Length:  249554048.00
  Critical Path Slack:      445952.00
  Critical Path Clk Period:
                         250000000.00
  Total Negative Slack:          0.00
  No. of Violating Paths:        0.00
  Worst Hold Violation:          0.00
  Total Hold Violation:          0.00
  No. of Hold Violations:        0.00
  -----------------------------------


  Cell Count
  -----------------------------------
  Hierarchical Cell Count:          0
  Hierarchical Port Count:          0
  Leaf Cell Count:               3518
  Buf/Inv Cell Count:             819
  Buf Cell Count:                   0
  Inv Cell Count:                 819
  CT Buf/Inv Cell Count:            0
  Combinational Cell Count:      3518
  Sequential Cell Count:            0
  Macro Count:                      0
  -----------------------------------


  Area
  -----------------------------------
  Combinational Area:
                    1413094038.000000
  Noncombinational Area:     0.000000
  Buf/Inv Area:      187075980.000000
  Total Buffer Area:             0.00
  Total Inverter Area:   187075980.00
  Macro/Black Box Area:      0.000000
  Net Area:                  0.000000
  -----------------------------------
  Cell Area:        1413094038.000000
  Design Area:      1413094038.000000


  Design Rules
  -----------------------------------
  Total Number of Nets:          3582
  Nets With Violations:          3518
  Max Trans Violations:          3518
  Max Cap Violations:               0
  -----------------------------------


  Hostname: leoforos

  Compile CPU Statistics
  -----------------------------------------
  Resource Sharing:                    1.53
  Logic Optimization:                  0.19
  Mapping Optimization:                3.17
  -----------------------------------------
  Overall Compile Time:               23.17
  Overall Compile Wall Clock Time:    24.37

  --------------------------------------------------------------------

  Design  WNS: 0.00  TNS: 0.00  Number of Violating Paths: 0


  Design (Hold)  WNS: 0.00  TNS: 0.00  Number of Violating Paths: 0

  --------------------------------------------------------------------


1
