 
****************************************
Report : timing
        -path full
        -delay max
        -max_paths 1
Design : top
Version: S-2021.06-SP2
Date   : Fri Dec 16 16:50:58 2022
****************************************

Operating Conditions: TT   Library: PPDK_Standard_Library_1.0V_25C_TYP_X1
Wire Load Model Mode: top

  Startpoint: inp[39] (input port clocked by clk)
  Endpoint: out[0] (output port clocked by clk)
  Path Group: clk
  Path Type: max

  Point                                    Incr       Path
  -----------------------------------------------------------
  clock clk (rise edge)                   0.000      0.000
  clock network delay (ideal)             0.000      0.000
  input external delay                    0.000      0.000 r
  inp[39] (in)                            0.000      0.000 r
  U933/Y (INVX1)                       53903.805  53903.805 f
  U934/Y (NAND2X1)                     1293913.500
                                                  1347817.250 r
  U376/Y (AND2X1)                      2174224.750
                                                  3522042.000 r
  U377/Y (INVX1)                       733335.000 4255377.000 f
  U1526/Y (INVX1)                      437536.000 4692913.000 r
  U1527/Y (NAND2X1)                    1053360.000
                                                  5746273.000 f
  U1611/Y (NAND2X1)                    891738.500 6638011.500 r
  U737/Y (XNOR2X1)                     5372144.500
                                                  12010156.000 r
  U738/Y (INVX1)                       1009532.000
                                                  13019688.000 f
  U1612/Y (NAND2X1)                    924811.000 13944499.000 r
  U1623/Y (NAND2X1)                    849417.000 14793916.000 f
  U1624/Y (XOR2X1)                     5312204.000
                                                  20106120.000 r
  U1634/Y (OR2X1)                      2341860.000
                                                  22447980.000 r
  U257/Y (AND2X1)                      1876284.000
                                                  24324264.000 r
  U258/Y (INVX1)                       713256.000 25037520.000 f
  U1637/Y (NAND2X1)                    924534.000 25962054.000 r
  U530/Y (AND2X1)                      1798336.000
                                                  27760390.000 r
  U531/Y (INVX1)                       715736.000 28476126.000 f
  U624/Y (AND2X1)                      2034886.000
                                                  30511012.000 f
  U625/Y (INVX1)                       -1452994.000
                                                  29058018.000 r
  U1641/Y (NAND2X1)                    1051978.000
                                                  30109996.000 f
  U1646/Y (OR2X1)                      2095462.000
                                                  32205458.000 f
  U1647/Y (NAND2X1)                    1421734.000
                                                  33627192.000 r
  U1648/Y (NAND2X1)                    1162680.000
                                                  34789872.000 f
  U1652/Y (OR2X1)                      2090536.000
                                                  36880408.000 f
  U1653/Y (NAND2X1)                    1420972.000
                                                  38301380.000 r
  U1654/Y (NAND2X1)                    1162484.000
                                                  39463864.000 f
  U1656/Y (OR2X1)                      2090540.000
                                                  41554404.000 f
  U1667/Y (AND2X1)                     2244268.000
                                                  43798672.000 f
  U1668/Y (XOR2X1)                     5485948.000
                                                  49284620.000 r
  U1671/Y (NAND2X1)                    846776.000 50131396.000 f
  U1672/Y (NAND2X1)                    1748036.000
                                                  51879432.000 r
  U417/Y (INVX1)                       1109496.000
                                                  52988928.000 f
  U418/Y (INVX1)                       457300.000 53446228.000 r
  U336/Y (AND2X1)                      1930572.000
                                                  55376800.000 r
  U337/Y (INVX1)                       760924.000 56137724.000 f
  U428/Y (INVX1)                       972848.000 57110572.000 r
  U780/Y (INVX1)                       646992.000 57757564.000 f
  U1675/Y (NAND2X1)                    1292884.000
                                                  59050448.000 r
  U1677/Y (NAND2X1)                    849848.000 59900296.000 f
  U396/Y (XNOR2X1)                     4362032.000
                                                  64262328.000 r
  U397/Y (INVX1)                       998384.000 65260712.000 f
  U1819/Y (XOR2X1)                     4918144.000
                                                  70178856.000 r
  U1824/Y (NAND2X1)                    850288.000 71029144.000 f
  U1827/Y (NAND2X1)                    1342744.000
                                                  72371888.000 r
  U1829/Y (INVX1)                      1095928.000
                                                  73467816.000 f
  U1831/Y (NAND2X1)                    924960.000 74392776.000 r
  U1977/Y (NAND2X1)                    849704.000 75242480.000 f
  U1978/Y (XOR2X1)                     5353760.000
                                                  80596240.000 r
  U1979/Y (INVX1)                      1253752.000
                                                  81849992.000 f
  U1980/Y (NAND2X1)                    1283920.000
                                                  83133912.000 r
  U562/Y (AND2X1)                      1819144.000
                                                  84953056.000 r
  U563/Y (INVX1)                       715512.000 85668568.000 f
  U1985/Y (NAND2X1)                    924552.000 86593120.000 r
  U1986/Y (OR2X1)                      2340568.000
                                                  88933688.000 r
  U666/Y (AND2X1)                      2199728.000
                                                  91133416.000 r
  U667/Y (INVX1)                       707368.000 91840784.000 f
  U1990/Y (NAND2X1)                    1752760.000
                                                  93593544.000 r
  U1991/Y (INVX1)                      1216840.000
                                                  94810384.000 f
  U1992/Y (NAND2X1)                    919456.000 95729840.000 r
  U594/Y (AND2X1)                      1819144.000
                                                  97548984.000 r
  U595/Y (INVX1)                       715568.000 98264552.000 f
  U2004/Y (NAND2X1)                    924536.000 99189088.000 r
  U2010/Y (OR2X1)                      2340568.000
                                                  101529656.000 r
  U2014/Y (NAND2X1)                    799240.000 102328896.000 f
  U2015/Y (NAND2X1)                    1384928.000
                                                  103713824.000 r
  U2019/Y (OR2X1)                      2560576.000
                                                  106274400.000 r
  U505/Y (AND2X1)                      2196896.000
                                                  108471296.000 r
  U426/Y (INVX1)                       725472.000 109196768.000 f
  U2020/Y (INVX1)                      1014352.000
                                                  110211120.000 r
  U259/Y (AND2X1)                      1840448.000
                                                  112051568.000 r
  U260/Y (INVX1)                       713264.000 112764832.000 f
  U2125/Y (NAND2X1)                    1746816.000
                                                  114511648.000 r
  U350/Y (INVX1)                       1217696.000
                                                  115729344.000 f
  U351/Y (INVX1)                       449016.000 116178360.000 r
  U2126/Y (NOR2X1)                     533968.000 116712328.000 f
  U2130/Y (NOR2X1)                     1185568.000
                                                  117897896.000 r
  U2134/Y (NAND2X1)                    834360.000 118732256.000 f
  U2136/Y (NAND2X1)                    1341816.000
                                                  120074072.000 r
  U2137/Y (INVX1)                      1116576.000
                                                  121190648.000 f
  U2142/Y (NAND2X1)                    919344.000 122109992.000 r
  U2145/Y (NAND2X1)                    848088.000 122958080.000 f
  U2147/Y (NAND2X1)                    885344.000 123843424.000 r
  U2148/Y (OR2X1)                      2606864.000
                                                  126450288.000 r
  U2150/Y (NAND2X1)                    804864.000 127255152.000 f
  U2152/Y (NAND2X1)                    1343768.000
                                                  128598920.000 r
  U2153/Y (INVX1)                      1116472.000
                                                  129715392.000 f
  U2157/Y (NAND2X1)                    919344.000 130634736.000 r
  U2158/Y (NAND2X1)                    848344.000 131483080.000 f
  U2160/Y (NAND2X1)                    885344.000 132368424.000 r
  U2161/Y (OR2X1)                      2581928.000
                                                  134950352.000 r
  U2165/Y (NAND2X1)                    804864.000 135755216.000 f
  U2167/Y (NAND2X1)                    1341792.000
                                                  137097008.000 r
  U2173/Y (INVX1)                      1116480.000
                                                  138213488.000 f
  U2174/Y (NAND2X1)                    1284240.000
                                                  139497728.000 r
  U495/Y (AND2X1)                      2174704.000
                                                  141672432.000 r
  U429/Y (INVX1)                       732528.000 142404960.000 f
  U2176/Y (INVX1)                      1027536.000
                                                  143432496.000 r
  U496/Y (INVX1)                       684736.000 144117232.000 f
  U2491/Y (NAND2X1)                    1286560.000
                                                  145403792.000 r
  U2493/Y (NAND2X1)                    849488.000 146253280.000 f
  U2498/Y (NAND2X1)                    885280.000 147138560.000 r
  U2499/Y (OR2X1)                      2583088.000
                                                  149721648.000 r
  U2501/Y (NAND2X1)                    804864.000 150526512.000 f
  U2503/Y (NAND2X1)                    1343776.000
                                                  151870288.000 r
  U2504/Y (INVX1)                      1096128.000
                                                  152966416.000 f
  U2505/Y (NAND2X1)                    1284304.000
                                                  154250720.000 r
  U2509/Y (NAND2X1)                    848080.000 155098800.000 f
  U2511/Y (NAND2X1)                    1341888.000
                                                  156440688.000 r
  U2512/Y (INVX1)                      1096448.000
                                                  157537136.000 f
  U2518/Y (NAND2X1)                    919312.000 158456448.000 r
  U2522/Y (NAND2X1)                    848096.000 159304544.000 f
  U2524/Y (NAND2X1)                    1341904.000
                                                  160646448.000 r
  U2525/Y (INVX1)                      1095952.000
                                                  161742400.000 f
  U2526/Y (NAND2X1)                    1284304.000
                                                  163026704.000 r
  U2530/Y (NAND2X1)                    848080.000 163874784.000 f
  U2532/Y (NAND2X1)                    1341904.000
                                                  165216688.000 r
  U2533/Y (INVX1)                      1096448.000
                                                  166313136.000 f
  U2539/Y (NAND2X1)                    919312.000 167232448.000 r
  U283/Y (AND2X1)                      1819040.000
                                                  169051488.000 r
  U284/Y (INVX1)                       714624.000 169766112.000 f
  U2545/Y (NAND2X1)                    1362944.000
                                                  171129056.000 r
  U2549/Y (INVX1)                      1095968.000
                                                  172225024.000 f
  U2551/Y (NAND2X1)                    919328.000 173144352.000 r
  U501/Y (AND2X1)                      2145024.000
                                                  175289376.000 r
  U435/Y (INVX1)                       770928.000 176060304.000 f
  U436/Y (INVX1)                       972752.000 177033056.000 r
  U502/Y (INVX1)                       646752.000 177679808.000 f
  U2552/Y (NOR2X1)                     1157936.000
                                                  178837744.000 r
  U2724/Y (NOR2X1)                     104208.000 178941952.000 f
  U2726/Y (NAND2X1)                    886288.000 179828240.000 r
  U2731/Y (OR2X1)                      2563424.000
                                                  182391664.000 r
  U2735/Y (NAND2X1)                    797408.000 183189072.000 f
  U2737/Y (NAND2X1)                    885504.000 184074576.000 r
  U2740/Y (OR2X1)                      2606496.000
                                                  186681072.000 r
  U2743/Y (NAND2X1)                    797424.000 187478496.000 f
  U2745/Y (NAND2X1)                    885504.000 188364000.000 r
  U2749/Y (OR2X1)                      2605520.000
                                                  190969520.000 r
  U2752/Y (NAND2X1)                    797440.000 191766960.000 f
  U2754/Y (NAND2X1)                    885504.000 192652464.000 r
  U2757/Y (OR2X1)                      2605424.000
                                                  195257888.000 r
  U2760/Y (NAND2X1)                    797440.000 196055328.000 f
  U2762/Y (NAND2X1)                    885504.000 196940832.000 r
  U2764/Y (OR2X1)                      2605424.000
                                                  199546256.000 r
  U2767/Y (NAND2X1)                    804912.000 200351168.000 f
  U2769/Y (NAND2X1)                    885504.000 201236672.000 r
  U2775/Y (OR2X1)                      2561264.000
                                                  203797936.000 r
  U791/Y (AND2X1)                      2202880.000
                                                  206000816.000 r
  U323/Y (AND2X1)                      2181504.000
                                                  208182320.000 r
  U324/Y (INVX1)                       713312.000 208895632.000 f
  U2779/Y (NAND2X1)                    918864.000 209814496.000 r
  U2784/Y (NAND2X1)                    862928.000 210677424.000 f
  out[0] (out)                            0.000   210677424.000 f
  data arrival time                               210677424.000

  clock clk (rise edge)                250000000.000
                                                  250000000.000
  clock network delay (ideal)             0.000   250000000.000
  output external delay                   0.000   250000000.000
  data required time                              250000000.000
  -----------------------------------------------------------
  data required time                              250000000.000
  data arrival time                               -210677424.000
  -----------------------------------------------------------
  slack (MET)                                     39322576.000


1
