Information: Updating design information... (UID-85)
 
****************************************
Report : qor
Design : top
Version: S-2021.06-SP2
Date   : Fri Dec 16 16:50:58 2022
****************************************


  Timing Path Group 'clk'
  -----------------------------------
  Levels of Logic:             152.00
  Critical Path Length:  210677424.00
  Critical Path Slack:    39322576.00
  Critical Path Clk Period:
                         250000000.00
  Total Negative Slack:          0.00
  No. of Violating Paths:        0.00
  Worst Hold Violation:          0.00
  Total Hold Violation:          0.00
  No. of Hold Violations:        0.00
  -----------------------------------


  Cell Count
  -----------------------------------
  Hierarchical Cell Count:          0
  Hierarchical Port Count:          0
  Leaf Cell Count:               2544
  Buf/Inv Cell Count:             628
  Buf Cell Count:                   0
  Inv Cell Count:                 628
  CT Buf/Inv Cell Count:            0
  Combinational Cell Count:      2544
  Sequential Cell Count:            0
  Macro Count:                      0
  -----------------------------------


  Area
  -----------------------------------
  Combinational Area:
                     873940608.000000
  Noncombinational Area:     0.000000
  Buf/Inv Area:      143447760.000000
  Total Buffer Area:             0.00
  Total Inverter Area:   143447760.00
  Macro/Black Box Area:      0.000000
  Net Area:                  0.000000
  -----------------------------------
  Cell Area:         873940608.000000
  Design Area:       873940608.000000


  Design Rules
  -----------------------------------
  Total Number of Nets:          2592
  Nets With Violations:          2544
  Max Trans Violations:          2544
  Max Cap Violations:               0
  -----------------------------------


  Hostname: leoforos

  Compile CPU Statistics
  -----------------------------------------
  Resource Sharing:                    1.14
  Logic Optimization:                  0.13
  Mapping Optimization:                2.15
  -----------------------------------------
  Overall Compile Time:               13.83
  Overall Compile Wall Clock Time:    14.18

  --------------------------------------------------------------------

  Design  WNS: 0.00  TNS: 0.00  Number of Violating Paths: 0


  Design (Hold)  WNS: 0.00  TNS: 0.00  Number of Violating Paths: 0

  --------------------------------------------------------------------


1
