 
****************************************
Report : timing
        -path full
        -delay max
        -max_paths 1
Design : top
Version: S-2021.06-SP2
Date   : Fri Dec 16 11:26:01 2022
****************************************

Operating Conditions: TT   Library: PPDK_Standard_Library_0.6V_25C_TYP_X1
Wire Load Model Mode: top

  Startpoint: inp[0] (input port clocked by clk)
  Endpoint: out[2] (output port clocked by clk)
  Path Group: clk
  Path Type: max

  Point                                    Incr       Path
  -----------------------------------------------------------
  clock clk (rise edge)                   0.000      0.000
  clock network delay (ideal)             0.000      0.000
  input external delay                    0.000      0.000 r
  inp[0] (in)                             0.000      0.000 r
  U935/Y (NAND2X1)                     2556218.750
                                                  2556218.750 f
  U936/Y (INVX1)                       -669692.250
                                                  1886526.500 r
  U937/Y (NOR2X1)                      1347841.250
                                                  3234367.750 f
  U941/Y (NOR2X1)                      975804.750 4210172.500 r
  U376/Y (OR2X1)                       5023093.500
                                                  9233266.000 r
  U944/Y (NAND2X1)                     2167570.000
                                                  11400836.000 f
  U539/Y (XNOR2X1)                     8879374.000
                                                  20280210.000 f
  U540/Y (INVX1)                       -669132.000
                                                  19611078.000 r
  U358/Y (XNOR2X1)                     8144026.000
                                                  27755104.000 r
  U359/Y (INVX1)                       1520384.000
                                                  29275488.000 f
  U356/Y (INVX1)                       867578.000 30143066.000 r
  U357/Y (INVX1)                       915218.000 31058284.000 f
  U1033/Y (INVX1)                      437954.000 31496238.000 r
  U460/Y (XNOR2X1)                     8145114.000
                                                  39641352.000 r
  U461/Y (INVX1)                       1458052.000
                                                  41099404.000 f
  U647/Y (XNOR2X1)                     8530096.000
                                                  49629500.000 f
  U537/Y (XNOR2X1)                     8105108.000
                                                  57734608.000 f
  U1058/Y (OR2X1)                      3621148.000
                                                  61355756.000 f
  U1059/Y (NAND2X1)                    826052.000 62181808.000 r
  U1061/Y (NAND2X1)                    1476980.000
                                                  63658788.000 f
  U1086/Y (NAND2X1)                    630056.000 64288844.000 r
  U1088/Y (NAND2X1)                    1478332.000
                                                  65767176.000 f
  U1102/Y (NAND2X1)                    630120.000 66397296.000 r
  U1104/Y (NAND2X1)                    1480472.000
                                                  67877768.000 f
  U1110/Y (NAND2X1)                    630440.000 68508208.000 r
  U1112/Y (NAND2X1)                    1477224.000
                                                  69985432.000 f
  U587/Y (XNOR2X1)                     8761648.000
                                                  78747080.000 f
  U588/Y (INVX1)                       -664432.000
                                                  78082648.000 r
  U619/Y (XNOR2X1)                     8144032.000
                                                  86226680.000 r
  U620/Y (INVX1)                       1458072.000
                                                  87684752.000 f
  U1116/Y (NOR2X1)                     1419824.000
                                                  89104576.000 r
  U370/Y (OR2X1)                       6598568.000
                                                  95703144.000 r
  U730/Y (AND2X1)                      2510056.000
                                                  98213200.000 r
  U731/Y (INVX1)                       1063920.000
                                                  99277120.000 f
  U660/Y (XNOR2X1)                     8738680.000
                                                  108015800.000 f
  U661/Y (INVX1)                       -670216.000
                                                  107345584.000 r
  U643/Y (XNOR2X1)                     8147296.000
                                                  115492880.000 r
  U644/Y (INVX1)                       1518904.000
                                                  117011784.000 f
  U327/Y (XNOR2X1)                     8510272.000
                                                  125522056.000 f
  U328/Y (INVX1)                       -142960.000
                                                  125379096.000 r
  U325/Y (INVX1)                       1007416.000
                                                  126386512.000 f
  U326/Y (INVX1)                       423240.000 126809752.000 r
  U834/Y (XNOR2X1)                     8144856.000
                                                  134954608.000 r
  U833/Y (INVX1)                       1558848.000
                                                  136513456.000 f
  U535/Y (XNOR2X1)                     7990592.000
                                                  144504048.000 f
  U1505/Y (NAND2X1)                    1093664.000
                                                  145597712.000 r
  U1506/Y (INVX1)                      1371344.000
                                                  146969056.000 f
  U1535/Y (NOR2X1)                     960448.000 147929504.000 r
  U1536/Y (NOR2X1)                     1553920.000
                                                  149483424.000 f
  U1537/Y (INVX1)                      -42304.000 149441120.000 r
  U1538/Y (NAND2X1)                    2277888.000
                                                  151719008.000 f
  U1539/Y (NAND2X1)                    619344.000 152338352.000 r
  U1541/Y (NAND2X1)                    1469328.000
                                                  153807680.000 f
  U1542/Y (NAND2X1)                    1289968.000
                                                  155097648.000 r
  U1543/Y (INVX1)                      1443504.000
                                                  156541152.000 f
  U1544/Y (NOR2X1)                     1413888.000
                                                  157955040.000 r
  U798/Y (INVX1)                       1216320.000
                                                  159171360.000 f
  U1553/Y (NOR2X1)                     960480.000 160131840.000 r
  U856/Y (OR2X1)                       4964864.000
                                                  165096704.000 r
  U847/Y (XNOR2X1)                     7804656.000
                                                  172901360.000 r
  U662/Y (XNOR2X1)                     8149760.000
                                                  181051120.000 r
  U871/Y (OR2X1)                       8320064.000
                                                  189371184.000 r
  U1560/Y (NAND2X1)                    1901888.000
                                                  191273072.000 f
  U1561/Y (INVX1)                      -630992.000
                                                  190642080.000 r
  U1562/Y (NAND2X1)                    2262208.000
                                                  192904288.000 f
  U1603/Y (NAND2X1)                    618880.000 193523168.000 r
  U1610/Y (NAND2X1)                    1476832.000
                                                  195000000.000 f
  U1619/Y (NAND2X1)                    633616.000 195633616.000 r
  U201/Y (AND2X1)                      4064880.000
                                                  199698496.000 r
  out[2] (out)                            0.000   199698496.000 r
  data arrival time                               199698496.000

  clock clk (rise edge)                200000000.000
                                                  200000000.000
  clock network delay (ideal)             0.000   200000000.000
  output external delay                   0.000   200000000.000
  data required time                              200000000.000
  -----------------------------------------------------------
  data required time                              200000000.000
  data arrival time                               -199698496.000
  -----------------------------------------------------------
  slack (MET)                                     301504.000


1
