Information: Updating design information... (UID-85)
 
****************************************
Report : qor
Design : top
Version: S-2021.06-SP2
Date   : Thu Dec 15 12:58:12 2022
****************************************


  Timing Path Group 'clk'
  -----------------------------------
  Levels of Logic:             155.00
  Critical Path Length:  199023632.00
  Critical Path Slack:      976368.00
  Critical Path Clk Period:
                         200000000.00
  Total Negative Slack:          0.00
  No. of Violating Paths:        0.00
  Worst Hold Violation:          0.00
  Total Hold Violation:          0.00
  No. of Hold Violations:        0.00
  -----------------------------------


  Cell Count
  -----------------------------------
  Hierarchical Cell Count:          0
  Hierarchical Port Count:          0
  Leaf Cell Count:               1752
  Buf/Inv Cell Count:             517
  Buf Cell Count:                   0
  Inv Cell Count:                 517
  CT Buf/Inv Cell Count:            0
  Combinational Cell Count:      1752
  Sequential Cell Count:            0
  Macro Count:                      0
  -----------------------------------


  Area
  -----------------------------------
  Combinational Area:
                     629520659.000000
  Noncombinational Area:     0.000000
  Buf/Inv Area:      118093140.000000
  Total Buffer Area:             0.00
  Total Inverter Area:   118093140.00
  Macro/Black Box Area:      0.000000
  Net Area:                  0.000000
  -----------------------------------
  Cell Area:         629520659.000000
  Design Area:       629520659.000000


  Design Rules
  -----------------------------------
  Total Number of Nets:          1780
  Nets With Violations:          1752
  Max Trans Violations:          1752
  Max Cap Violations:               0
  -----------------------------------


  Hostname: leoforos

  Compile CPU Statistics
  -----------------------------------------
  Resource Sharing:                    2.58
  Logic Optimization:                  0.09
  Mapping Optimization:                1.51
  -----------------------------------------
  Overall Compile Time:               34.68
  Overall Compile Wall Clock Time:    35.03

  --------------------------------------------------------------------

  Design  WNS: 0.00  TNS: 0.00  Number of Violating Paths: 0


  Design (Hold)  WNS: 0.00  TNS: 0.00  Number of Violating Paths: 0

  --------------------------------------------------------------------


1
