****************************************
Report : timing
	-path_type full
	-delay_type max
	-max_paths 1
	-sort_by slack
Design : top
Version: S-2021.06-SP1
Date   : Fri Dec 16 16:31:49 2022
****************************************


  Startpoint: inp[1] (input port clocked by clk)
  Endpoint: out[0] (output port clocked by clk)
  Path Group: clk
  Path Type: max

  Point                                    Incr       Path
  ---------------------------------------------------------------
  clock clk (rise edge)                   0.000      0.000
  clock network delay (ideal)             0.000      0.000
  input external delay                    0.000      0.000 f
  inp[1] (in)                             0.000      0.000 f
  U1105/Y (NAND2X1)                    1174704.000
                                                  1174704.000 r
  U1107/Y (AND2X1)                     1948464.000
                                                  3123168.000 r
  U1108/Y (NOR2X1)                     1170576.000
                                                  4293744.000 f
  U1109/Y (XOR2X1)                     6278352.000
                                                  10572096.000 r
  U544/Y (XNOR2X1)                     7176400.000
                                                  17748496.000 r
  U545/Y (INVX1)                       1106304.000
                                                  18854800.000 f
  U1111/Y (XOR2X1)                     5231088.000
                                                  24085888.000 r
  U417/Y (XNOR2X1)                     6630080.000
                                                  30715968.000 r
  U418/Y (INVX1)                       1043696.000
                                                  31759664.000 f
  U1143/Y (XOR2X1)                     6261840.000
                                                  38021504.000 r
  U1144/Y (INVX1)                      1340832.000
                                                  39362336.000 f
  U1169/Y (XOR2X1)                     5608320.000
                                                  44970656.000 r
  U1170/Y (INVX1)                      1337552.000
                                                  46308208.000 f
  U1208/Y (OR2X1)                      2431456.000
                                                  48739664.000 f
  U1209/Y (NAND2X1)                    1167104.000
                                                  49906768.000 r
  U1210/Y (NAND2X1)                    2113808.000
                                                  52020576.000 f
  U1244/Y (NAND2X1)                    836368.000 52856944.000 r
  U1245/Y (NAND2X1)                    2105296.000
                                                  54962240.000 f
  U1263/Y (OR2X1)                      2404144.000
                                                  57366384.000 f
  U1264/Y (NAND2X1)                    844736.000 58211120.000 r
  U1265/Y (NAND2X1)                    2187024.000
                                                  60398144.000 f
  U1278/Y (XOR2X1)                     6276208.000
                                                  66674352.000 r
  U1281/Y (OR2X1)                      6970128.000
                                                  73644480.000 r
  U1282/Y (NAND2X1)                    1373536.000
                                                  75018016.000 f
  U1315/Y (NAND2X1)                    1630592.000
                                                  76648608.000 r
  U1611/Y (XOR2X1)                     6318672.000
                                                  82967280.000 f
  U1612/Y (XOR2X1)                     6276832.000
                                                  89244112.000 r
  U1641/Y (INVX1)                      1349568.000
                                                  90593680.000 f
  U1643/Y (XOR2X1)                     5232432.000
                                                  95826112.000 r
  U1644/Y (XOR2X1)                     5473232.000
                                                  101299344.000 f
  U1645/Y (INVX1)                      -2220816.000
                                                  99078528.000 r
  U1651/Y (OR2X1)                      1562704.000
                                                  100641232.000 r
  U1652/Y (NAND2X1)                    1715792.000
                                                  102357024.000 f
  U1653/Y (NAND2X1)                    1176608.000
                                                  103533632.000 r
  U1654/Y (NAND2X1)                    2171440.000
                                                  105705072.000 f
  U1655/Y (NAND2X1)                    1176976.000
                                                  106882048.000 r
  U1657/Y (NAND2X1)                    1049936.000
                                                  107931984.000 f
  U1658/Y (NAND2X1)                    1183400.000
                                                  109115384.000 r
  U1670/Y (OR2X1)                      5214776.000
                                                  114330160.000 r
  U1671/Y (NAND2X1)                    1361000.000
                                                  115691160.000 f
  U1672/Y (AND2X1)                     2611976.000
                                                  118303136.000 f
  U2615/Y (XOR2X1)                     5539944.000
                                                  123843080.000 r
  U2616/Y (NAND2X1)                    2731816.000
                                                  126574896.000 f
  U2617/Y (NAND2X1)                    1165872.000
                                                  127740768.000 r
  U2619/Y (NAND2X1)                    1048984.000
                                                  128789752.000 f
  U2621/Y (NAND2X1)                    1312904.000
                                                  130102656.000 r
  U280/Y (INVX1)                       1318744.000
                                                  131421400.000 f
  U281/Y (INVX1)                       937392.000 132358792.000 r
  U614/Y (INVX1)                       699936.000 133058728.000 f
  U2652/Y (NAND2X1)                    1162024.000
                                                  134220752.000 r
  U2653/Y (NAND2X1)                    2195664.000
                                                  136416416.000 f
  U2656/Y (NAND2X1)                    836864.000 137253280.000 r
  U2657/Y (NAND2X1)                    2206352.000
                                                  139459632.000 f
  U629/Y (NAND2X1)                     836864.000 140296496.000 r
  U2660/Y (NAND2X1)                    2142000.000
                                                  142438496.000 f
  U2663/Y (NAND2X1)                    836848.000 143275344.000 r
  U2672/Y (NAND2X1)                    1048608.000
                                                  144323952.000 f
  U2675/Y (NAND2X1)                    836320.000 145160272.000 r
  U2676/Y (NAND2X1)                    2142000.000
                                                  147302272.000 f
  U2679/Y (NAND2X1)                    836848.000 148139120.000 r
  U2688/Y (NAND2X1)                    1048608.000
                                                  149187728.000 f
  U2691/Y (NAND2X1)                    836320.000 150024048.000 r
  U2692/Y (NAND2X1)                    2142000.000
                                                  152166048.000 f
  U2695/Y (NAND2X1)                    836848.000 153002896.000 r
  U2705/Y (NAND2X1)                    1048608.000
                                                  154051504.000 f
  U2708/Y (NAND2X1)                    836320.000 154887824.000 r
  U2709/Y (NAND2X1)                    2142000.000
                                                  157029824.000 f
  U361/Y (NAND2X1)                     1318304.000
                                                  158348128.000 r
  U310/Y (INVX1)                       1322784.000
                                                  159670912.000 f
  U311/Y (INVX1)                       937360.000 160608272.000 r
  U2712/Y (INVX1)                      700592.000 161308864.000 f
  U2729/Y (NAND2X1)                    1162048.000
                                                  162470912.000 r
  U2730/Y (NAND2X1)                    1447312.000
                                                  163918224.000 f
  U2743/Y (NAND2X1)                    840416.000 164758640.000 r
  U2744/Y (NAND2X1)                    2206352.000
                                                  166964992.000 f
  U2753/Y (NAND2X1)                    836368.000 167801360.000 r
  U2756/Y (NAND2X1)                    1048592.000
                                                  168849952.000 f
  U2757/Y (NAND2X1)                    1165856.000
                                                  170015808.000 r
  U2760/Y (NAND2X1)                    1048992.000
                                                  171064800.000 f
  U2769/Y (NAND2X1)                    836368.000 171901168.000 r
  U2772/Y (NAND2X1)                    1048592.000
                                                  172949760.000 f
  U2773/Y (NAND2X1)                    1619200.000
                                                  174568960.000 r
  U2774/Y (INVX1)                      1237184.000
                                                  175806144.000 f
  U2778/Y (OR2X1)                      2431552.000
                                                  178237696.000 f
  U2787/Y (NAND2X1)                    1272416.000
                                                  179510112.000 r
  U2788/Y (INVX1)                      1236496.000
                                                  180746608.000 f
  U2792/Y (NOR2X1)                     1064608.000
                                                  181811216.000 r
  U2794/Y (NAND2X1)                    1039888.000
                                                  182851104.000 f
  U2797/Y (NAND2X1)                    1312448.000
                                                  184163552.000 r
  U298/Y (INVX1)                       1319584.000
                                                  185483136.000 f
  U299/Y (INVX1)                       937392.000 186420528.000 r
  U396/Y (INVX1)                       700592.000 187121120.000 f
  U3101/Y (NAND2X1)                    807792.000 187928912.000 r
  U3103/Y (NAND2X1)                    1048992.000
                                                  188977904.000 f
  U3107/Y (NAND2X1)                    842000.000 189819904.000 r
  U3111/Y (OR2X1)                      5171424.000
                                                  194991328.000 r
  U3115/Y (NAND2X1)                    1004960.000
                                                  195996288.000 f
  U3117/Y (NAND2X1)                    835296.000 196831584.000 r
  U3118/Y (OR2X1)                      5170448.000
                                                  202002032.000 r
  U3119/Y (NAND2X1)                    1360992.000
                                                  203363024.000 f
  U3121/Y (NAND2X1)                    842096.000 204205120.000 r
  U3122/Y (NOR2X1)                     959568.000 205164688.000 f
  U3123/Y (OR2X1)                      2420912.000
                                                  207585600.000 f
  U3125/Y (NAND2X1)                    850816.000 208436416.000 r
  U3126/Y (OR2X1)                      5170512.000
                                                  213606928.000 r
  U3130/Y (NAND2X1)                    1004960.000
                                                  214611888.000 f
  U3132/Y (NAND2X1)                    835328.000 215447216.000 r
  U3136/Y (OR2X1)                      5170000.000
                                                  220617216.000 r
  U3140/Y (NAND2X1)                    1004960.000
                                                  221622176.000 f
  U3142/Y (NAND2X1)                    835312.000 222457488.000 r
  U3143/Y (OR2X1)                      5170480.000
                                                  227627968.000 r
  U3147/Y (NAND2X1)                    1004960.000
                                                  228632928.000 f
  U3149/Y (NAND2X1)                    835296.000 229468224.000 r
  U3167/Y (NAND2X1)                    2153776.000
                                                  231622000.000 f
  U3168/Y (NAND2X1)                    1171840.000
                                                  232793840.000 r
  U632/Y (NOR2X1)                      959568.000 233753408.000 f
  U3173/Y (OR2X1)                      2420976.000
                                                  236174384.000 f
  U3175/Y (NAND2X1)                    1277984.000
                                                  237452368.000 r
  U3176/Y (INVX1)                      1243184.000
                                                  238695552.000 f
  U3177/Y (NOR2X1)                     1070752.000
                                                  239766304.000 r
  U3188/Y (NAND2X1)                    1991536.000
                                                  241757840.000 f
  U3189/Y (NAND2X1)                    1159984.000
                                                  242917824.000 r
  out[0] (out)                            0.000   242917824.000 r
  data arrival time                               242917824.000

  clock clk (rise edge)                250000000.000
                                                  250000000.000
  clock network delay (ideal)             0.000   250000000.000
  clock reconvergence pessimism           0.000   250000000.000
  output external delay                   0.000   250000000.000
  data required time                              250000000.000
  ---------------------------------------------------------------
  data required time                              250000000.000
  data arrival time                               -242917824.000
  ---------------------------------------------------------------
  slack (MET)                                     7082176.000


1
