 
****************************************
Report : timing
        -path full
        -delay max
        -max_paths 1
Design : top
Version: S-2021.06-SP2
Date   : Wed Dec 14 19:37:47 2022
****************************************

Operating Conditions: TT   Library: PPDK_Standard_Library_1.0V_25C_TYP_X1
Wire Load Model Mode: top

  Startpoint: inp[17] (input port clocked by clk)
  Endpoint: out[0] (output port clocked by clk)
  Path Group: clk
  Path Type: max

  Point                                    Incr       Path
  -----------------------------------------------------------
  clock clk (rise edge)                   0.000      0.000
  clock network delay (ideal)             0.000      0.000
  input external delay                    0.000      0.000 r
  inp[17] (in)                            0.000      0.000 r
  U349/Y (AND2X1)                      2207109.000
                                                  2207109.000 r
  U350/Y (INVX1)                       705664.500 2912773.500 f
  U794/Y (NAND2X1)                     918715.750 3831489.250 r
  U244/Y (AND2X1)                      2174743.250
                                                  6006232.500 r
  U245/Y (INVX1)                       715729.000 6721961.500 f
  U129/Y (AND2X1)                      2034886.500
                                                  8756848.000 f
  U130/Y (INVX1)                       -1335348.000
                                                  7421500.000 r
  U416/Y (AND2X1)                      2198732.000
                                                  9620232.000 r
  U417/Y (INVX1)                       707696.000 10327928.000 f
  U118/Y (AND2X1)                      2243885.000
                                                  12571813.000 f
  U963/Y (XOR2X1)                      5259449.000
                                                  17831262.000 r
  U1001/Y (XOR2X1)                     4751636.000
                                                  22582898.000 f
  U1003/Y (XOR2X1)                     3013200.000
                                                  25596098.000 f
  U1020/Y (AND2X1)                     1841340.000
                                                  27437438.000 f
  U1021/Y (OR2X1)                      2082374.000
                                                  29519812.000 f
  U1023/Y (NAND2X1)                    1332274.000
                                                  30852086.000 r
  U1024/Y (INVX1)                      971440.000 31823526.000 f
  U1025/Y (OR2X1)                      2120698.000
                                                  33944224.000 f
  U1026/Y (NAND2X1)                    1748380.000
                                                  35692604.000 r
  U1027/Y (INVX1)                      1070556.000
                                                  36763160.000 f
  U1028/Y (OR2X1)                      2128528.000
                                                  38891688.000 f
  U1030/Y (XOR2X1)                     5296468.000
                                                  44188156.000 r
  U1040/Y (XOR2X1)                     4745884.000
                                                  48934040.000 f
  U1041/Y (NAND2X1)                    1752396.000
                                                  50686436.000 r
  U1042/Y (INVX1)                      964312.000 51650748.000 f
  U1066/Y (NOR2X1)                     1627608.000
                                                  53278356.000 r
  U1067/Y (NOR2X1)                     -205884.000
                                                  53072472.000 f
  U1068/Y (NOR2X1)                     1205644.000
                                                  54278116.000 r
  U1069/Y (OR2X1)                      2138788.000
                                                  56416904.000 r
  U105/Y (AND2X1)                      2032572.000
                                                  58449476.000 r
  U103/Y (AND2X1)                      2190740.000
                                                  60640216.000 r
  U104/Y (INVX1)                       710516.000 61350732.000 f
  U1070/Y (XOR2X1)                     2902724.000
                                                  64253456.000 f
  U1075/Y (NOR2X1)                     1240452.000
                                                  65493908.000 r
  U454/Y (AND2X1)                      1830548.000
                                                  67324456.000 r
  U455/Y (INVX1)                       714760.000 68039216.000 f
  U370/Y (NAND2X1)                     958400.000 68997616.000 r
  U388/Y (AND2X1)                      2140368.000
                                                  71137984.000 r
  U389/Y (INVX1)                       751872.000 71889856.000 f
  U1356/Y (XOR2X1)                     5586712.000
                                                  77476568.000 r
  U1357/Y (XOR2X1)                     4764480.000
                                                  82241048.000 f
  U520/Y (AND2X1)                      2417000.000
                                                  84658048.000 f
  U521/Y (INVX1)                       -1452760.000
                                                  83205288.000 r
  U248/Y (AND2X1)                      1882000.000
                                                  85087288.000 r
  U249/Y (INVX1)                       716320.000 85803608.000 f
  U522/Y (AND2X1)                      2034904.000
                                                  87838512.000 f
  U523/Y (INVX1)                       -1452992.000
                                                  86385520.000 r
  U287/Y (AND2X1)                      1882000.000
                                                  88267520.000 r
  U288/Y (INVX1)                       724976.000 88992496.000 f
  U1364/Y (INVX1)                      454056.000 89446552.000 r
  U534/Y (AND2X1)                      2198320.000
                                                  91644872.000 r
  U535/Y (INVX1)                       707832.000 92352704.000 f
  U1365/Y (NAND2X1)                    1297400.000
                                                  93650104.000 r
  U159/Y (AND2X1)                      1817944.000
                                                  95468048.000 r
  U160/Y (INVX1)                       715560.000 96183608.000 f
  U262/Y (AND2X1)                      2034872.000
                                                  98218480.000 f
  U263/Y (INVX1)                       -229808.000
                                                  97988672.000 r
  U1369/Y (INVX1)                      652352.000 98641024.000 f
  U1370/Y (NAND2X1)                    1286112.000
                                                  99927136.000 r
  U532/Y (AND2X1)                      2174544.000
                                                  102101680.000 r
  U533/Y (INVX1)                       715576.000 102817256.000 f
  U1371/Y (AND2X1)                     2460944.000
                                                  105278200.000 f
  U498/Y (AND2X1)                      2428952.000
                                                  107707152.000 f
  U499/Y (INVX1)                       -1375496.000
                                                  106331656.000 r
  U217/Y (AND2X1)                      1881952.000
                                                  108213608.000 r
  U218/Y (INVX1)                       716488.000 108930096.000 f
  U240/Y (AND2X1)                      2034872.000
                                                  110964968.000 f
  U241/Y (INVX1)                       -1266816.000
                                                  109698152.000 r
  U1379/Y (NAND2X1)                    1051112.000
                                                  110749264.000 f
  U242/Y (AND2X1)                      2044152.000
                                                  112793416.000 f
  U243/Y (INVX1)                       -1266816.000
                                                  111526600.000 r
  U450/Y (AND2X1)                      2198720.000
                                                  113725320.000 r
  U451/Y (INVX1)                       707696.000 114433016.000 f
  U1383/Y (NAND2X1)                    930048.000 115363064.000 r
  U167/Y (AND2X1)                      2174240.000
                                                  117537304.000 r
  U168/Y (INVX1)                       715672.000 118252976.000 f
  U254/Y (AND2X1)                      2034872.000
                                                  120287848.000 f
  U255/Y (INVX1)                       -1267064.000
                                                  119020784.000 r
  U412/Y (AND2X1)                      2198720.000
                                                  121219504.000 r
  U413/Y (INVX1)                       707696.000 121927200.000 f
  U266/Y (AND2X1)                      2458072.000
                                                  124385272.000 f
  U267/Y (INVX1)                       -1163184.000
                                                  123222088.000 r
  U161/Y (AND2X1)                      1880848.000
                                                  125102936.000 r
  U162/Y (INVX1)                       715560.000 125818496.000 f
  U163/Y (AND2X1)                      2034872.000
                                                  127853368.000 f
  U164/Y (INVX1)                       -1267096.000
                                                  126586272.000 r
  U1443/Y (AND2X1)                     1334232.000
                                                  127920504.000 r
  U1444/Y (XOR2X1)                     2209432.000
                                                  130129936.000 r
  U1445/Y (NOR2X1)                     1079872.000
                                                  131209808.000 f
  U1448/Y (NOR2X1)                     1185896.000
                                                  132395704.000 r
  U406/Y (AND2X1)                      2179240.000
                                                  134574944.000 r
  U407/Y (INVX1)                       714048.000 135288992.000 f
  U1449/Y (NAND2X1)                    918864.000 136207856.000 r
  U173/Y (AND2X1)                      1818784.000
                                                  138026640.000 r
  U174/Y (INVX1)                       715584.000 138742224.000 f
  U157/Y (AND2X1)                      2034880.000
                                                  140777104.000 f
  U158/Y (INVX1)                       -1291648.000
                                                  139485456.000 r
  U444/Y (AND2X1)                      1881904.000
                                                  141367360.000 r
  U445/Y (INVX1)                       707648.000 142075008.000 f
  U643/Y (NAND2X1)                     1279696.000
                                                  143354704.000 r
  out[0] (out)                            0.000   143354704.000 r
  data arrival time                               143354704.000

  clock clk (rise edge)                200000000.000
                                                  200000000.000
  clock network delay (ideal)             0.000   200000000.000
  output external delay                   0.000   200000000.000
  data required time                              200000000.000
  -----------------------------------------------------------
  data required time                              200000000.000
  data arrival time                               -143354704.000
  -----------------------------------------------------------
  slack (MET)                                     56645296.000


1
