****************************************
Report : timing
	-path_type full
	-delay_type max
	-max_paths 1
	-sort_by slack
Design : top
Version: S-2021.06-SP1
Date   : Tue Nov 29 16:54:49 2022
****************************************


  Startpoint: inp[9] (input port clocked by clk)
  Endpoint: out[1] (output port clocked by clk)
  Path Group: clk
  Path Type: max

  Point                                    Incr       Path
  ---------------------------------------------------------------
  clock clk (rise edge)                   0.000      0.000
  clock network delay (ideal)             0.000      0.000
  input external delay                    0.000      0.000 r
  inp[9] (in)                             0.000      0.000 r
  U426/Y (AND2X1)                      2505952.000
                                                  2505952.000 r
  U427/Y (INVX1)                       790240.000 3296192.000 f
  U661/Y (NAND2X1)                     1161984.000
                                                  4458176.000 r
  U663/Y (NAND2X1)                     1228944.000
                                                  5687120.000 f
  U667/Y (NAND2X1)                     1172240.000
                                                  6859360.000 r
  U668/Y (NAND2X1)                     1458608.000
                                                  8317968.000 f
  U669/Y (XOR2X1)                      4868384.000
                                                  13186352.000 r
  U671/Y (NAND2X1)                     1068256.000
                                                  14254608.000 f
  U672/Y (XOR2X1)                      6268448.000
                                                  20523056.000 r
  U675/Y (NAND2X1)                     2633936.000
                                                  23156992.000 f
  U676/Y (NAND2X1)                     1171136.000
                                                  24328128.000 r
  U677/Y (OR2X1)                       5211872.000
                                                  29540000.000 r
  U337/Y (AND2X1)                      1996368.000
                                                  31536368.000 r
  U338/Y (INVX1)                       807584.000 32343952.000 f
  U680/Y (NAND2X1)                     807472.000 33151424.000 r
  U317/Y (AND2X1)                      1973256.000
                                                  35124680.000 r
  U695/Y (OR2X1)                       7065760.000
                                                  42190440.000 r
  U696/Y (NAND2X1)                     1654976.000
                                                  43845416.000 f
  U697/Y (NAND2X1)                     836416.000 44681832.000 r
  U698/Y (NAND2X1)                     1455696.000
                                                  46137528.000 f
  U706/Y (INVX1)                       -678288.000
                                                  45459240.000 r
  U708/Y (NAND2X1)                     1007608.000
                                                  46466848.000 f
  U483/Y (OR2X1)                       2691224.000
                                                  49158072.000 f
  U741/Y (NAND2X1)                     1173520.000
                                                  50331592.000 r
  U471/Y (AND2X1)                      2785160.000
                                                  53116752.000 r
  U472/Y (INVX1)                       784608.000 53901360.000 f
  U750/Y (NAND2X1)                     813376.000 54714736.000 r
  U751/Y (NAND2X1)                     1052064.000
                                                  55766800.000 f
  U752/Y (NAND2X1)                     1625168.000
                                                  57391968.000 r
  U754/Y (INVX1)                       1242032.000
                                                  58634000.000 f
  U755/Y (NAND2X1)                     1167832.000
                                                  59801832.000 r
  U756/Y (NAND2X1)                     2201264.000
                                                  62003096.000 f
  U757/Y (XOR2X1)                      4928480.000
                                                  66931576.000 r
  U759/Y (NAND2X1)                     1053440.000
                                                  67985016.000 f
  U760/Y (NAND2X1)                     1625192.000
                                                  69610208.000 r
  U761/Y (INVX1)                       1241992.000
                                                  70852200.000 f
  U764/Y (NAND2X1)                     813048.000 71665248.000 r
  U765/Y (NAND2X1)                     1048880.000
                                                  72714128.000 f
  U768/Y (NAND2X1)                     841976.000 73556104.000 r
  U773/Y (OR2X1)                       5188720.000
                                                  78744824.000 r
  U774/Y (NAND2X1)                     1364056.000
                                                  80108880.000 f
  U444/Y (XNOR2X1)                     6943776.000
                                                  87052656.000 f
  U445/Y (INVX1)                       -1293752.000
                                                  85758904.000 r
  U777/Y (OR2X1)                       1562688.000
                                                  87321592.000 r
  U455/Y (AND2X1)                      1996368.000
                                                  89317960.000 r
  U456/Y (INVX1)                       808856.000 90126816.000 f
  U784/Y (NAND2X1)                     807560.000 90934376.000 r
  U333/Y (AND2X1)                      2743768.000
                                                  93678144.000 r
  U334/Y (INVX1)                       852952.000 94531096.000 f
  U1002/Y (NOR2X1)                     1064704.000
                                                  95595800.000 r
  U1006/Y (NOR2X1)                     958424.000 96554224.000 f
  U1009/Y (NAND2X1)                    826720.000 97380944.000 r
  U1010/Y (NAND2X1)                    2161288.000
                                                  99542232.000 f
  U1014/Y (NAND2X1)                    836312.000 100378544.000 r
  U1015/Y (NAND2X1)                    2157000.000
                                                  102535544.000 f
  U1016/Y (NOR2X1)                     1074520.000
                                                  103610064.000 r
  U1017/Y (NAND2X1)                    1515936.000
                                                  105126000.000 f
  U1019/Y (INVX1)                      -681008.000
                                                  104444992.000 r
  U1020/Y (NAND2X1)                    1007216.000
                                                  105452208.000 f
  U1021/Y (NAND2X1)                    1165576.000
                                                  106617784.000 r
  U477/Y (AND2X1)                      2825640.000
                                                  109443424.000 r
  U1202/Y (NOR2X1)                     959264.000 110402688.000 f
  U1203/Y (NAND2X1)                    1266208.000
                                                  111668896.000 r
  U1204/Y (NAND2X1)                    2547200.000
                                                  114216096.000 f
  U1205/Y (NAND2X1)                    1165600.000
                                                  115381696.000 r
  U1206/Y (NAND2X1)                    2152752.000
                                                  117534448.000 f
  U1210/Y (NAND2X1)                    836312.000 118370760.000 r
  U1211/Y (NAND2X1)                    2147368.000
                                                  120518128.000 f
  U1219/Y (OR2X1)                      2404232.000
                                                  122922360.000 f
  U1220/Y (NAND2X1)                    1167112.000
                                                  124089472.000 r
  U1221/Y (NAND2X1)                    2130584.000
                                                  126220056.000 f
  U1224/Y (NAND2X1)                    836864.000 127056920.000 r
  U1225/Y (NAND2X1)                    2161112.000
                                                  129218032.000 f
  U1226/Y (NOR2X1)                     1562672.000
                                                  130780704.000 r
  U1230/Y (INVX1)                      1049664.000
                                                  131830368.000 f
  U1232/Y (NAND2X1)                    807312.000 132637680.000 r
  U1233/Y (NAND2X1)                    2206272.000
                                                  134843952.000 f
  U360/Y (AND2X1)                      2832944.000
                                                  137676896.000 f
  U361/Y (INVX1)                       -34048.000 137642848.000 r
  U1236/Y (NAND2X1)                    1048416.000
                                                  138691264.000 f
  U1237/Y (NAND2X1)                    1171760.000
                                                  139863024.000 r
  U1292/Y (OR2X1)                      5171056.000
                                                  145034080.000 r
  U1293/Y (NAND2X1)                    1361008.000
                                                  146395088.000 f
  U1294/Y (NAND2X1)                    1171568.000
                                                  147566656.000 r
  U1304/Y (OR2X1)                      5182592.000
                                                  152749248.000 r
  U1305/Y (NAND2X1)                    1361008.000
                                                  154110256.000 f
  U1306/Y (NAND2X1)                    1171472.000
                                                  155281728.000 r
  U1317/Y (NOR2X1)                     959600.000 156241328.000 f
  U1324/Y (NOR2X1)                     1068432.000
                                                  157309760.000 r
  U1325/Y (NAND2X1)                    1941056.000
                                                  159250816.000 f
  U1326/Y (NOR2X1)                     1080784.000
                                                  160331600.000 r
  U1328/Y (NOR2X1)                     957696.000 161289296.000 f
  U1329/Y (NOR2X1)                     1069472.000
                                                  162358768.000 r
  U1330/Y (NAND2X1)                    1036560.000
                                                  163395328.000 f
  U357/Y (AND2X1)                      2311712.000
                                                  165707040.000 f
  U358/Y (INVX1)                       -1247408.000
                                                  164459632.000 r
  U1345/Y (NOR2X1)                     954112.000 165413744.000 f
  U1346/Y (NAND2X1)                    827296.000 166241040.000 r
  U1347/Y (NAND2X1)                    2215424.000
                                                  168456464.000 f
  out[1] (out)                            0.000   168456464.000 f
  data arrival time                               168456464.000

  clock clk (rise edge)                250000000.000
                                                  250000000.000
  clock network delay (ideal)             0.000   250000000.000
  clock reconvergence pessimism           0.000   250000000.000
  output external delay                   0.000   250000000.000
  data required time                              250000000.000
  ---------------------------------------------------------------
  data required time                              250000000.000
  data arrival time                               -168456464.000
  ---------------------------------------------------------------
  slack (MET)                                     81543536.000


1
