 
****************************************
Report : timing
        -path full
        -delay max
        -max_paths 1
Design : top
Version: S-2021.06-SP2
Date   : Fri Dec 16 15:24:56 2022
****************************************

Operating Conditions: TT   Library: PPDK_Standard_Library_0.8V_25C_TYP_X1
Wire Load Model Mode: top

  Startpoint: inp[12] (input port clocked by clk)
  Endpoint: out[0] (output port clocked by clk)
  Path Group: clk
  Path Type: max

  Point                                    Incr       Path
  -----------------------------------------------------------
  clock clk (rise edge)                   0.000      0.000
  clock network delay (ideal)             0.000      0.000
  input external delay                    0.000      0.000 f
  inp[12] (in)                            0.000      0.000 f
  U1444/Y (INVX1)                      639500.250 639500.250 r
  U824/Y (NOR2X1)                      960251.500 1599751.750 f
  U876/Y (NAND2X1)                     841488.500 2441240.250 r
  U878/Y (NAND2X1)                     1053084.500
                                                  3494324.750 f
  U296/Y (AND2X1)                      2832837.250
                                                  6327162.000 f
  U297/Y (INVX1)                       -97914.000 6229248.000 r
  U469/Y (OR2X1)                       4978025.000
                                                  11207273.000 r
  U880/Y (NAND2X1)                     1427464.000
                                                  12634737.000 f
  U881/Y (XOR2X1)                      6267825.000
                                                  18902562.000 r
  U882/Y (INVX1)                       1415440.000
                                                  20318002.000 f
  U883/Y (XOR2X1)                      5940094.000
                                                  26258096.000 r
  U259/Y (XNOR2X1)                     6627660.000
                                                  32885756.000 r
  U260/Y (INVX1)                       1046256.000
                                                  33932012.000 f
  U443/Y (XNOR2X1)                     4713572.000
                                                  38645584.000 r
  U696/Y (INVX1)                       1097568.000
                                                  39743152.000 f
  U947/Y (XOR2X1)                      5942480.000
                                                  45685632.000 r
  U395/Y (OR2X1)                       5486788.000
                                                  51172420.000 r
  U949/Y (NAND2X1)                     1205252.000
                                                  52377672.000 f
  U1051/Y (NAND2X1)                    839984.000 53217656.000 r
  U1052/Y (NAND2X1)                    2205736.000
                                                  55423392.000 f
  U1053/Y (NAND2X1)                    1625116.000
                                                  57048508.000 r
  U1070/Y (INVX1)                      1243248.000
                                                  58291756.000 f
  U1071/Y (NAND2X1)                    807336.000 59099092.000 r
  U1072/Y (NAND2X1)                    2055656.000
                                                  61154748.000 f
  U1073/Y (NAND2X1)                    1177580.000
                                                  62332328.000 r
  U1130/Y (NAND2X1)                    1049468.000
                                                  63381796.000 f
  U1132/Y (NAND2X1)                    1284964.000
                                                  64666760.000 r
  U1138/Y (INVX1)                      1251236.000
                                                  65917996.000 f
  U1139/Y (NAND2X1)                    807240.000 66725236.000 r
  U1140/Y (NAND2X1)                    2055652.000
                                                  68780888.000 f
  U1141/Y (NAND2X1)                    1177496.000
                                                  69958384.000 r
  U1150/Y (XNOR2X1)                    7206672.000
                                                  77165056.000 r
  U1151/Y (OR2X1)                      4004208.000
                                                  81169264.000 r
  U1152/Y (NAND2X1)                    1370400.000
                                                  82539664.000 f
  U385/Y (AND2X1)                      2832880.000
                                                  85372544.000 f
  U386/Y (INVX1)                       206584.000 85579128.000 r
  U745/Y (XNOR2X1)                     7101312.000
                                                  92680440.000 r
  U746/Y (INVX1)                       924880.000 93605320.000 f
  U3213/Y (XOR2X1)                     5229504.000
                                                  98834824.000 r
  U3214/Y (XOR2X1)                     6133608.000
                                                  104968432.000 f
  U3717/Y (XOR2X1)                     6283352.000
                                                  111251784.000 r
  U3718/Y (INVX1)                      1337808.000
                                                  112589592.000 f
  U766/Y (OR2X1)                       2431456.000
                                                  115021048.000 f
  U3726/Y (NAND2X1)                    1167104.000
                                                  116188152.000 r
  U3727/Y (NAND2X1)                    2105304.000
                                                  118293456.000 f
  U3728/Y (OR2X1)                      2403712.000
                                                  120697168.000 f
  U3729/Y (NAND2X1)                    845592.000 121542760.000 r
  U3731/Y (NAND2X1)                    1058952.000
                                                  122601712.000 f
  U3732/Y (OR2X1)                      2403728.000
                                                  125005440.000 f
  U3733/Y (NAND2X1)                    1167096.000
                                                  126172536.000 r
  U3735/Y (NAND2X1)                    1054800.000
                                                  127227336.000 f
  U3737/Y (OR2X1)                      2404304.000
                                                  129631640.000 f
  U3738/Y (NAND2X1)                    1620456.000
                                                  131252096.000 r
  U3739/Y (INVX1)                      1235344.000
                                                  132487440.000 f
  U394/Y (OR2X1)                       2441232.000
                                                  134928672.000 f
  U762/Y (OR2X1)                       2395360.000
                                                  137324032.000 f
  U3740/Y (NAND2X1)                    844448.000 138168480.000 r
  U3742/Y (NAND2X1)                    1058960.000
                                                  139227440.000 f
  U3751/Y (XOR2X1)                     5558048.000
                                                  144785488.000 r
  U3752/Y (NAND2X1)                    2727536.000
                                                  147513024.000 f
  U3811/Y (NAND2X1)                    841232.000 148354256.000 r
  U3815/Y (NAND2X1)                    1048976.000
                                                  149403232.000 f
  U3818/Y (NAND2X1)                    836384.000 150239616.000 r
  U749/Y (NAND2X1)                     1419984.000
                                                  151659600.000 f
  U3843/Y (NAND2X1)                    1166736.000
                                                  152826336.000 r
  U3844/Y (NAND2X1)                    2127584.000
                                                  154953920.000 f
  U3848/Y (NAND2X1)                    836864.000 155790784.000 r
  U3849/Y (NAND2X1)                    2155984.000
                                                  157946768.000 f
  U3852/Y (NAND2X1)                    836304.000 158783072.000 r
  U3861/Y (NAND2X1)                    1048592.000
                                                  159831664.000 f
  U3864/Y (NAND2X1)                    836320.000 160667984.000 r
  U3865/Y (NAND2X1)                    2142000.000
                                                  162809984.000 f
  U3868/Y (NAND2X1)                    836864.000 163646848.000 r
  U3877/Y (NAND2X1)                    1048592.000
                                                  164695440.000 f
  U3880/Y (NAND2X1)                    836320.000 165531760.000 r
  U3881/Y (NAND2X1)                    2142000.000
                                                  167673760.000 f
  U3893/Y (NAND2X1)                    836848.000 168510608.000 r
  U3896/Y (AND2X1)                     -798800.000
                                                  167711808.000 r
  U3905/Y (NAND2X1)                    1072368.000
                                                  168784176.000 f
  U3908/Y (NAND2X1)                    839904.000 169624080.000 r
  U3914/Y (NAND2X1)                    1050880.000
                                                  170674960.000 f
  U349/Y (AND2X1)                      2312560.000
                                                  172987520.000 f
  U350/Y (INVX1)                       -1156192.000
                                                  171831328.000 r
  U3935/Y (NAND2X1)                    1006816.000
                                                  172838144.000 f
  U3937/Y (NAND2X1)                    841296.000 173679440.000 r
  U393/Y (OR2X1)                       5163312.000
                                                  178842752.000 r
  U3947/Y (NAND2X1)                    1021296.000
                                                  179864048.000 f
  U3949/Y (NAND2X1)                    832176.000 180696224.000 r
  U3958/Y (NAND2X1)                    1048976.000
                                                  181745200.000 f
  U3961/Y (NAND2X1)                    836368.000 182581568.000 r
  U3970/Y (NAND2X1)                    1048608.000
                                                  183630176.000 f
  U3973/Y (NAND2X1)                    836320.000 184466496.000 r
  U3974/Y (NAND2X1)                    2142016.000
                                                  186608512.000 f
  U3977/Y (NAND2X1)                    836864.000 187445376.000 r
  U3986/Y (NAND2X1)                    1048592.000
                                                  188493968.000 f
  U3989/Y (NAND2X1)                    836320.000 189330288.000 r
  U3990/Y (NAND2X1)                    2142016.000
                                                  191472304.000 f
  U3993/Y (NAND2X1)                    836864.000 192309168.000 r
  U4001/Y (NAND2X1)                    1048608.000
                                                  193357776.000 f
  U4003/Y (NAND2X1)                    1273840.000
                                                  194631616.000 r
  U475/Y (INVX1)                       1292048.000
                                                  195923664.000 f
  U4012/Y (NAND2X1)                    811264.000 196734928.000 r
  U4013/Y (NAND2X1)                    2141696.000
                                                  198876624.000 f
  U4018/Y (AND2X1)                     2054944.000
                                                  200931568.000 f
  U4019/Y (OR2X1)                      2399584.000
                                                  203331152.000 f
  U4021/Y (NAND2X1)                    850816.000 204181968.000 r
  U4029/Y (OR2X1)                      5169584.000
                                                  209351552.000 r
  U4030/Y (NAND2X1)                    1361008.000
                                                  210712560.000 f
  U4031/Y (NAND2X1)                    1171776.000
                                                  211884336.000 r
  U4035/Y (OR2X1)                      5169712.000
                                                  217054048.000 r
  U4039/Y (NAND2X1)                    1004960.000
                                                  218059008.000 f
  U4041/Y (NAND2X1)                    835312.000 218894320.000 r
  U4049/Y (OR2X1)                      5169856.000
                                                  224064176.000 r
  U4050/Y (NAND2X1)                    1361008.000
                                                  225425184.000 f
  U4051/Y (NAND2X1)                    1171760.000
                                                  226596944.000 r
  U4055/Y (NOR2X1)                     959568.000 227556512.000 f
  U4056/Y (NOR2X1)                     1074656.000
                                                  228631168.000 r
  U4069/Y (NOR2X1)                     1158336.000
                                                  229789504.000 f
  U4070/Y (INVX1)                      -440672.000
                                                  229348832.000 r
  U4071/Y (NAND2X1)                    1009168.000
                                                  230358000.000 f
  U4072/Y (NAND2X1)                    1624288.000
                                                  231982288.000 r
  U4073/Y (INVX1)                      1243168.000
                                                  233225456.000 f
  U4074/Y (OR2X1)                      2431552.000
                                                  235657008.000 f
  U4086/Y (NAND2X1)                    851152.000 236508160.000 r
  U4087/Y (OR2X1)                      5140176.000
                                                  241648336.000 r
  U4089/Y (NAND2X1)                    1004960.000
                                                  242653296.000 f
  U4091/Y (NAND2X1)                    1270864.000
                                                  243924160.000 r
  U4092/Y (INVX1)                      1243280.000
                                                  245167440.000 f
  U4103/Y (NAND2X1)                    807344.000 245974784.000 r
  U4104/Y (NAND2X1)                    2135664.000
                                                  248110448.000 f
  U4105/Y (NAND2X1)                    1159984.000
                                                  249270432.000 r
  out[0] (out)                            0.000   249270432.000 r
  data arrival time                               249270432.000

  clock clk (rise edge)                250000000.000
                                                  250000000.000
  clock network delay (ideal)             0.000   250000000.000
  output external delay                   0.000   250000000.000
  data required time                              250000000.000
  -----------------------------------------------------------
  data required time                              250000000.000
  data arrival time                               -249270432.000
  -----------------------------------------------------------
  slack (MET)                                     729568.000


1
