 
****************************************
Report : timing
        -path full
        -delay max
        -max_paths 1
Design : top
Version: S-2021.06-SP2
Date   : Tue Nov 29 14:10:26 2022
****************************************

Operating Conditions: TT   Library: PPDK_Standard_Library_0.8V_25C_TYP_X1
Wire Load Model Mode: top

  Startpoint: inp[7] (input port clocked by clk)
  Endpoint: out[0] (output port clocked by clk)
  Path Group: clk
  Path Type: max

  Point                                    Incr       Path
  -----------------------------------------------------------
  clock clk (rise edge)                   0.000      0.000
  clock network delay (ideal)             0.000      0.000
  input external delay                    0.000      0.000 r
  inp[7] (in)                             0.000      0.000 r
  U1075/Y (AND2X1)                     2521904.750
                                                  2521904.750 r
  U1077/Y (NOR2X1)                     964761.250 3486666.000 f
  U1078/Y (XOR2X1)                     6268968.000
                                                  9755634.000 r
  U1079/Y (XOR2X1)                     6392313.000
                                                  16147947.000 f
  U480/Y (XNOR2X1)                     4871725.000
                                                  21019672.000 r
  U481/Y (INVX1)                       1048476.000
                                                  22068148.000 f
  U535/Y (XNOR2X1)                     7364814.000
                                                  29432962.000 f
  U536/Y (INVX1)                       -1328766.000
                                                  28104196.000 r
  U1080/Y (XNOR2X1)                    6763808.000
                                                  34868004.000 r
  U1081/Y (INVX1)                      998292.000 35866296.000 f
  U1082/Y (XOR2X1)                     5949980.000
                                                  41816276.000 r
  U1097/Y (OR2X1)                      5527100.000
                                                  47343376.000 r
  U1098/Y (NAND2X1)                    1361004.000
                                                  48704380.000 f
  U1099/Y (NAND2X1)                    1177184.000
                                                  49881564.000 r
  U1145/Y (NAND2X1)                    1049796.000
                                                  50931360.000 f
  U1146/Y (NAND2X1)                    1177492.000
                                                  52108852.000 r
  U1163/Y (XOR2X1)                     6034132.000
                                                  58142984.000 f
  U414/Y (XNOR2X1)                     7074852.000
                                                  65217836.000 f
  U415/Y (INVX1)                       -1357920.000
                                                  63859916.000 r
  U545/Y (AND2X1)                      2511324.000
                                                  66371240.000 r
  U546/Y (INVX1)                       794512.000 67165752.000 f
  U384/Y (NAND2X1)                     1656216.000
                                                  68821968.000 r
  U361/Y (INVX1)                       1324872.000
                                                  70146840.000 f
  U362/Y (INVX1)                       430840.000 70577680.000 r
  U392/Y (XNOR2X1)                     6271632.000
                                                  76849312.000 r
  U248/Y (XNOR2X1)                     6623416.000
                                                  83472728.000 r
  U249/Y (INVX1)                       989936.000 84462664.000 f
  U1300/Y (XOR2X1)                     5241096.000
                                                  89703760.000 r
  U1315/Y (OR2X1)                      6983680.000
                                                  96687440.000 r
  U1316/Y (NAND2X1)                    1361000.000
                                                  98048440.000 f
  U1317/Y (NAND2X1)                    1183240.000
                                                  99231680.000 r
  U1319/Y (OR2X1)                      5225952.000
                                                  104457632.000 r
  U1320/Y (NAND2X1)                    1361000.000
                                                  105818632.000 f
  U1321/Y (NAND2X1)                    1183088.000
                                                  107001720.000 r
  U1329/Y (OR2X1)                      5234776.000
                                                  112236496.000 r
  U1330/Y (NAND2X1)                    1361000.000
                                                  113597496.000 f
  U1331/Y (NAND2X1)                    1183488.000
                                                  114780984.000 r
  U1333/Y (NOR2X1)                     959624.000 115740608.000 f
  U1334/Y (OR2X1)                      2421088.000
                                                  118161696.000 f
  U1335/Y (NAND2X1)                    1178720.000
                                                  119340416.000 r
  U1336/Y (XOR2X1)                     2081176.000
                                                  121421592.000 r
  U1337/Y (NAND2X1)                    2551040.000
                                                  123972632.000 f
  U1339/Y (NAND2X1)                    836872.000 124809504.000 r
  U1401/Y (NAND2X1)                    1048536.000
                                                  125858040.000 f
  U383/Y (NAND2X1)                     1273824.000
                                                  127131864.000 r
  U325/Y (INVX1)                       1287832.000
                                                  128419696.000 f
  U326/Y (INVX1)                       986856.000 129406552.000 r
  U1404/Y (INVX1)                      736824.000 130143376.000 f
  U1765/Y (NAND2X1)                    1162024.000
                                                  131305400.000 r
  U1766/Y (NAND2X1)                    2195712.000
                                                  133501112.000 f
  U1769/Y (NAND2X1)                    835704.000 134336816.000 r
  U1770/Y (NAND2X1)                    2206352.000
                                                  136543168.000 f
  U1773/Y (NAND2X1)                    836864.000 137380032.000 r
  U1774/Y (NAND2X1)                    2142000.000
                                                  139522032.000 f
  U1777/Y (NAND2X1)                    836864.000 140358896.000 r
  U1778/Y (NAND2X1)                    2142000.000
                                                  142500896.000 f
  U1781/Y (NAND2X1)                    836864.000 143337760.000 r
  U1782/Y (NAND2X1)                    2142016.000
                                                  145479776.000 f
  U1785/Y (NAND2X1)                    836864.000 146316640.000 r
  U1786/Y (NAND2X1)                    2142000.000
                                                  148458640.000 f
  U1789/Y (NAND2X1)                    836864.000 149295504.000 r
  U1790/Y (NAND2X1)                    1476672.000
                                                  150772176.000 f
  U1791/Y (INVX1)                      -658144.000
                                                  150114032.000 r
  U1792/Y (NAND2X1)                    1410288.000
                                                  151524320.000 f
  U1795/Y (NAND2X1)                    1318544.000
                                                  152842864.000 r
  U338/Y (INVX1)                       1321504.000
                                                  154164368.000 f
  U339/Y (INVX1)                       937376.000 155101744.000 r
  U601/Y (INVX1)                       700592.000 155802336.000 f
  U2245/Y (NAND2X1)                    807808.000 156610144.000 r
  U2246/Y (NAND2X1)                    2133248.000
                                                  158743392.000 f
  U2251/Y (NAND2X1)                    836384.000 159579776.000 r
  U2252/Y (NAND2X1)                    2206352.000
                                                  161786128.000 f
  U2255/Y (NAND2X1)                    836864.000 162622992.000 r
  U2256/Y (NAND2X1)                    2142016.000
                                                  164765008.000 f
  U2259/Y (NAND2X1)                    836864.000 165601872.000 r
  U2260/Y (NAND2X1)                    2142016.000
                                                  167743888.000 f
  U2263/Y (NAND2X1)                    836864.000 168580752.000 r
  U2264/Y (NAND2X1)                    2142016.000
                                                  170722768.000 f
  U2267/Y (NAND2X1)                    836864.000 171559632.000 r
  U2268/Y (NAND2X1)                    2142016.000
                                                  173701648.000 f
  U2271/Y (NAND2X1)                    1274080.000
                                                  174975728.000 r
  U2272/Y (INVX1)                      1241504.000
                                                  176217232.000 f
  U2273/Y (NAND2X1)                    1161952.000
                                                  177379184.000 r
  U2277/Y (NAND2X1)                    1052224.000
                                                  178431408.000 f
  U2280/Y (NAND2X1)                    1324032.000
                                                  179755440.000 r
  U333/Y (INVX1)                       1324304.000
                                                  181079744.000 f
  U334/Y (INVX1)                       937344.000 182017088.000 r
  U404/Y (INVX1)                       699936.000 182717024.000 f
  U2578/Y (NAND2X1)                    807760.000 183524784.000 r
  U2579/Y (NAND2X1)                    2141664.000
                                                  185666448.000 f
  U2580/Y (NAND2X1)                    1165872.000
                                                  186832320.000 r
  U2581/Y (NAND2X1)                    2148800.000
                                                  188981120.000 f
  U2582/Y (NAND2X1)                    1170864.000
                                                  190151984.000 r
  U2590/Y (OR2X1)                      5229824.000
                                                  195381808.000 r
  U2591/Y (NAND2X1)                    1361008.000
                                                  196742816.000 f
  U2592/Y (NAND2X1)                    1171776.000
                                                  197914592.000 r
  U2597/Y (OR2X1)                      5169632.000
                                                  203084224.000 r
  U2598/Y (NAND2X1)                    1361008.000
                                                  204445232.000 f
  U2599/Y (NAND2X1)                    1171776.000
                                                  205617008.000 r
  U2607/Y (OR2X1)                      5169600.000
                                                  210786608.000 r
  U2608/Y (NAND2X1)                    1361008.000
                                                  212147616.000 f
  U2609/Y (NAND2X1)                    1171776.000
                                                  213319392.000 r
  U2617/Y (OR2X1)                      5169600.000
                                                  218488992.000 r
  U2618/Y (NAND2X1)                    1361008.000
                                                  219850000.000 f
  U2619/Y (NAND2X1)                    1171760.000
                                                  221021760.000 r
  U2624/Y (NAND2X1)                    2153760.000
                                                  223175520.000 f
  U2625/Y (NAND2X1)                    1171760.000
                                                  224347280.000 r
  U2630/Y (NOR2X1)                     959568.000 225306848.000 f
  U2634/Y (OR2X1)                      2420928.000
                                                  227727776.000 f
  U2635/Y (NAND2X1)                    1626304.000
                                                  229354080.000 r
  U2646/Y (NAND2X1)                    2546256.000
                                                  231900336.000 f
  U2648/Y (NAND2X1)                    836256.000 232736592.000 r
  U2649/Y (NAND2X1)                    2169984.000
                                                  234906576.000 f
  out[0] (out)                            0.000   234906576.000 f
  data arrival time                               234906576.000

  clock clk (rise edge)                250000000.000
                                                  250000000.000
  clock network delay (ideal)             0.000   250000000.000
  output external delay                   0.000   250000000.000
  data required time                              250000000.000
  -----------------------------------------------------------
  data required time                              250000000.000
  data arrival time                               -234906576.000
  -----------------------------------------------------------
  slack (MET)                                     15093424.000


1
