 
****************************************
Report : timing
        -path full
        -delay max
        -max_paths 1
Design : top
Version: S-2021.06-SP2
Date   : Fri Dec 16 10:04:30 2022
****************************************

Operating Conditions: TT   Library: PPDK_Standard_Library_0.6V_25C_TYP_X1
Wire Load Model Mode: top

  Startpoint: inp[1] (input port clocked by clk)
  Endpoint: out[0] (output port clocked by clk)
  Path Group: clk
  Path Type: max

  Point                                    Incr       Path
  -----------------------------------------------------------
  clock clk (rise edge)                   0.000      0.000
  clock network delay (ideal)             0.000      0.000
  input external delay                    0.000      0.000 r
  inp[1] (in)                             0.000      0.000 r
  U622/Y (INVX1)                       189008.906 189008.906 f
  U497/Y (XNOR2X1)                     8730950.000
                                                  8919959.000 f
  U498/Y (INVX1)                       -697415.000
                                                  8222544.000 r
  U625/Y (NAND2X1)                     1523674.000
                                                  9746218.000 f
  U627/Y (NAND2X1)                     640135.000 10386353.000 r
  U628/Y (NAND2X1)                     2803173.000
                                                  13189526.000 f
  U228/Y (AND2X1)                      2820626.000
                                                  16010152.000 f
  U229/Y (INVX1)                       -549590.000
                                                  15460562.000 r
  U293/Y (XNOR2X1)                     8159562.000
                                                  23620124.000 r
  U294/Y (INVX1)                       1521294.000
                                                  25141418.000 f
  U634/Y (INVX1)                       436300.000 25577718.000 r
  U605/Y (XNOR2X1)                     7937644.000
                                                  33515362.000 r
  U291/Y (XNOR2X1)                     8129534.000
                                                  41644896.000 r
  U292/Y (INVX1)                       1594452.000
                                                  43239348.000 f
  U289/Y (INVX1)                       868076.000 44107424.000 r
  U290/Y (INVX1)                       827000.000 44934424.000 f
  U348/Y (XNOR2X1)                     8505184.000
                                                  53439608.000 f
  U349/Y (INVX1)                       -698596.000
                                                  52741012.000 r
  U398/Y (XNOR2X1)                     7902196.000
                                                  60643208.000 r
  U788/Y (OR2X1)                       6272640.000
                                                  66915848.000 r
  U789/Y (NAND2X1)                     2157464.000
                                                  69073312.000 f
  U306/Y (AND2X1)                      3546304.000
                                                  72619616.000 f
  U307/Y (INVX1)                       -550888.000
                                                  72068728.000 r
  U798/Y (OR2X1)                       2762048.000
                                                  74830776.000 r
  U799/Y (NAND2X1)                     2157464.000
                                                  76988240.000 f
  U310/Y (AND2X1)                      3546304.000
                                                  80534544.000 f
  U311/Y (INVX1)                       -550872.000
                                                  79983672.000 r
  U195/Y (XNOR2X1)                     8159560.000
                                                  88143232.000 r
  U196/Y (INVX1)                       1459280.000
                                                  89602512.000 f
  U352/Y (XNOR2X1)                     5095592.000
                                                  94698104.000 r
  U353/Y (INVX1)                       1458512.000
                                                  96156616.000 f
  U810/Y (OR2X1)                       3173840.000
                                                  99330456.000 f
  U811/Y (NAND2X1)                     858008.000 100188464.000 r
  U478/Y (AND2X1)                      2273008.000
                                                  102461472.000 r
  U479/Y (INVX1)                       1371312.000
                                                  103832784.000 f
  U951/Y (NAND2X1)                     673880.000 104506664.000 r
  U952/Y (NAND2X1)                     2660312.000
                                                  107166976.000 f
  U953/Y (NAND2X1)                     877520.000 108044496.000 r
  U957/Y (NAND2X1)                     2771904.000
                                                  110816400.000 f
  U958/Y (NAND2X1)                     628144.000 111444544.000 r
  U959/Y (NAND2X1)                     2671336.000
                                                  114115880.000 f
  U961/Y (NAND2X1)                     631168.000 114747048.000 r
  U963/Y (NAND2X1)                     1469376.000
                                                  116216424.000 f
  U967/Y (NAND2X1)                     1094120.000
                                                  117310544.000 r
  U972/Y (INVX1)                       1439752.000
                                                  118750296.000 f
  U974/Y (NAND2X1)                     673872.000 119424168.000 r
  U975/Y (NAND2X1)                     2658336.000
                                                  122082504.000 f
  U976/Y (NAND2X1)                     871944.000 122954448.000 r
  U977/Y (NAND2X1)                     2772504.000
                                                  125726952.000 f
  U978/Y (NAND2X1)                     1295016.000
                                                  127021968.000 r
  U295/Y (INVX1)                       1502632.000
                                                  128524600.000 f
  U296/Y (INVX1)                       434864.000 128959464.000 r
  U992/Y (NAND2X1)                     2302616.000
                                                  131262080.000 f
  U994/Y (NAND2X1)                     1090240.000
                                                  132352320.000 r
  U995/Y (INVX1)                       1460272.000
                                                  133812592.000 f
  U996/Y (NAND2X1)                     957488.000 134770080.000 r
  U999/Y (OR2X1)                       5916736.000
                                                  140686816.000 r
  U1006/Y (NAND2X1)                    1540048.000
                                                  142226864.000 f
  U1012/Y (OR2X1)                      3397728.000
                                                  145624592.000 f
  U1013/Y (NAND2X1)                    830960.000 146455552.000 r
  U1014/Y (NAND2X1)                    2611776.000
                                                  149067328.000 f
  U1015/Y (NAND2X1)                    598656.000 149665984.000 r
  U1016/Y (NAND2X1)                    2660496.000
                                                  152326480.000 f
  U199/Y (AND2X1)                      2819248.000
                                                  155145728.000 f
  U200/Y (INVX1)                       -15200.000 155130528.000 r
  U1021/Y (INVX1)                      914704.000 156045232.000 f
  U1022/Y (NAND2X1)                    953936.000 156999168.000 r
  U1026/Y (NAND2X1)                    2658176.000
                                                  159657344.000 f
  U189/Y (AND2X1)                      3540496.000
                                                  163197840.000 f
  U190/Y (INVX1)                       -12688.000 163185152.000 r
  U1027/Y (NAND2X1)                    2588640.000
                                                  165773792.000 f
  U1028/Y (NAND2X1)                    868016.000 166641808.000 r
  U1032/Y (NAND2X1)                    1471888.000
                                                  168113696.000 f
  U462/Y (AND2X1)                      3539152.000
                                                  171652848.000 f
  U463/Y (INVX1)                       -567584.000
                                                  171085264.000 r
  U1033/Y (NAND2X1)                    1900960.000
                                                  172986224.000 f
  U1034/Y (INVX1)                      -663552.000
                                                  172322672.000 r
  out[0] (out)                            0.000   172322672.000 r
  data arrival time                               172322672.000

  clock clk (rise edge)                200000000.000
                                                  200000000.000
  clock network delay (ideal)             0.000   200000000.000
  output external delay                   0.000   200000000.000
  data required time                              200000000.000
  -----------------------------------------------------------
  data required time                              200000000.000
  data arrival time                               -172322672.000
  -----------------------------------------------------------
  slack (MET)                                     27677328.000


1
