 
****************************************
Report : timing
        -path full
        -delay max
        -max_paths 1
Design : top
Version: S-2021.06-SP2
Date   : Fri Dec  2 10:30:58 2022
****************************************

Operating Conditions: TT   Library: PPDK_Standard_Library_1.0V_25C_TYP_X1
Wire Load Model Mode: top

  Startpoint: inp[5] (input port clocked by clk)
  Endpoint: out[0] (output port clocked by clk)
  Path Group: clk
  Path Type: max

  Point                                    Incr       Path
  -----------------------------------------------------------
  clock clk (rise edge)                   0.000      0.000
  clock network delay (ideal)             0.000      0.000
  input external delay                    0.000      0.000 f
  inp[5] (in)                             0.000      0.000 f
  U3543/Y (XOR2X1)                     5588804.500
                                                  5588804.500 r
  U3544/Y (XOR2X1)                     4330651.500
                                                  9919456.000 f
  U634/Y (AND2X1)                      2058052.000
                                                  11977508.000 f
  U635/Y (INVX1)                       -1292016.000
                                                  10685492.000 r
  U3546/Y (NAND2X1)                    928774.000 11614266.000 f
  U3547/Y (NAND2X1)                    1394955.000
                                                  13009221.000 r
  U608/Y (AND2X1)                      1795366.000
                                                  14804587.000 r
  U609/Y (INVX1)                       715862.000 15520449.000 f
  U3552/Y (NAND2X1)                    935722.000 16456171.000 r
  U3590/Y (XOR2X1)                     4326857.000
                                                  20783028.000 f
  U3591/Y (XOR2X1)                     5737304.000
                                                  26520332.000 r
  U3592/Y (OR2X1)                      2311720.000
                                                  28832052.000 r
  U261/Y (AND2X1)                      1883244.000
                                                  30715296.000 r
  U262/Y (INVX1)                       715576.000 31430872.000 f
  U3595/Y (NAND2X1)                    1374136.000
                                                  32805008.000 r
  U3596/Y (INVX1)                      1225152.000
                                                  34030160.000 f
  U3597/Y (NAND2X1)                    1283848.000
                                                  35314008.000 r
  U273/Y (AND2X1)                      1819160.000
                                                  37133168.000 r
  U274/Y (INVX1)                       715896.000 37849064.000 f
  U3601/Y (NAND2X1)                    1303356.000
                                                  39152420.000 r
  U3602/Y (OR2X1)                      2349324.000
                                                  41501744.000 r
  U265/Y (AND2X1)                      1883248.000
                                                  43384992.000 r
  U266/Y (INVX1)                       715588.000 44100580.000 f
  U3606/Y (AND2X1)                     2034872.000
                                                  46135452.000 f
  U3607/Y (INVX1)                      -1282576.000
                                                  44852876.000 r
  U3608/Y (NAND2X1)                    1051104.000
                                                  45903980.000 f
  U3610/Y (NAND2X1)                    897660.000 46801640.000 r
  U3611/Y (NAND2X1)                    1154740.000
                                                  47956380.000 f
  U3613/Y (NAND2X1)                    891008.000 48847388.000 r
  U3614/Y (NAND2X1)                    1156296.000
                                                  50003684.000 f
  U206/Y (AND2X1)                      2046084.000
                                                  52049768.000 f
  U207/Y (INVX1)                       -1269968.000
                                                  50779800.000 r
  U3620/Y (OR2X1)                      1650724.000
                                                  52430524.000 r
  U267/Y (AND2X1)                      1876160.000
                                                  54306684.000 r
  U268/Y (INVX1)                       715628.000 55022312.000 f
  U208/Y (AND2X1)                      2458080.000
                                                  57480392.000 f
  U209/Y (INVX1)                       -1163124.000
                                                  56317268.000 r
  U3624/Y (XOR2X1)                     4506528.000
                                                  60823796.000 f
  U214/Y (AND2X1)                      2057996.000
                                                  62881792.000 f
  U550/Y (INVX1)                       -1103156.000
                                                  61778636.000 r
  U3664/Y (NAND2X1)                    933664.000 62712300.000 f
  U563/Y (INVX1)                       226324.000 62938624.000 r
  U564/Y (INVX1)                       667052.000 63605676.000 f
  U3826/Y (XOR2X1)                     5583340.000
                                                  69189016.000 r
  U3845/Y (XOR2X1)                     4323648.000
                                                  73512664.000 f
  U192/Y (XNOR2X1)                     5967432.000
                                                  79480096.000 f
  U3846/Y (AND2X1)                     2426072.000
                                                  81906168.000 f
  U3847/Y (INVX1)                      -1394120.000
                                                  80512048.000 r
  U3848/Y (NAND2X1)                    800424.000 81312472.000 f
  U3852/Y (NAND2X1)                    1345256.000
                                                  82657728.000 r
  U3853/Y (INVX1)                      1116672.000
                                                  83774400.000 f
  U3854/Y (NAND2X1)                    1284552.000
                                                  85058952.000 r
  U744/Y (AND2X1)                      1819008.000
                                                  86877960.000 r
  U745/Y (INVX1)                       715624.000 87593584.000 f
  U3859/Y (NAND2X1)                    935736.000 88529320.000 r
  U185/Y (AND2X1)                      2166648.000
                                                  90695968.000 r
  U186/Y (INVX1)                       718144.000 91414112.000 f
  U271/Y (AND2X1)                      2034872.000
                                                  93448984.000 f
  U272/Y (INVX1)                       -1452736.000
                                                  91996248.000 r
  U3864/Y (NAND2X1)                    1054088.000
                                                  93050336.000 f
  U3865/Y (NAND2X1)                    886048.000 93936384.000 r
  U3869/Y (NAND2X1)                    932440.000 94868824.000 f
  U3882/Y (INVX1)                      -559320.000
                                                  94309504.000 r
  U3884/Y (AND2X1)                     1881448.000
                                                  96190952.000 r
  U3885/Y (INVX1)                      707472.000 96898424.000 f
  U3886/Y (NAND2X1)                    1303376.000
                                                  98201800.000 r
  U3900/Y (NAND2X1)                    850288.000 99052088.000 f
  U3912/Y (AND2X1)                     1853960.000
                                                  100906048.000 f
  U3913/Y (NAND2X1)                    862552.000 101768600.000 r
  U3917/Y (AND2X1)                     765096.000 102533696.000 r
  U3919/Y (OR2X1)                      2400408.000
                                                  104934104.000 r
  U746/Y (AND2X1)                      1883448.000
                                                  106817552.000 r
  U747/Y (INVX1)                       715592.000 107533144.000 f
  U3931/Y (NAND2X1)                    930048.000 108463192.000 r
  U3945/Y (NAND2X1)                    866168.000 109329360.000 f
  U3947/Y (NAND2X1)                    897824.000 110227184.000 r
  U210/Y (AND2X1)                      1795392.000
                                                  112022576.000 r
  U211/Y (INVX1)                       707064.000 112729640.000 f
  U3965/Y (NAND2X1)                    1374120.000
                                                  114103760.000 r
  U3966/Y (INVX1)                      1095016.000
                                                  115198776.000 f
  U3971/Y (NAND2X1)                    919312.000 116118088.000 r
  U1002/Y (AND2X1)                     1819040.000
                                                  117937128.000 r
  U1003/Y (INVX1)                      720528.000 118657656.000 f
  U729/Y (AND2X1)                      2034872.000
                                                  120692528.000 f
  U730/Y (INVX1)                       -1163128.000
                                                  119529400.000 r
  U3994/Y (XOR2X1)                     2685592.000
                                                  122214992.000 r
  U4066/Y (INVX1)                      1237320.000
                                                  123452312.000 f
  U4067/Y (NAND2X1)                    1283984.000
                                                  124736296.000 r
  U4186/Y (NAND2X1)                    848024.000 125584320.000 f
  U4187/Y (NAND2X1)                    879344.000 126463664.000 r
  U259/Y (AND2X1)                      1798448.000
                                                  128262112.000 r
  U260/Y (INVX1)                       715456.000 128977568.000 f
  U601/Y (NAND2X1)                     1374248.000
                                                  130351816.000 r
  U788/Y (AND2X1)                      1784776.000
                                                  132136592.000 r
  U789/Y (INVX1)                       720080.000 132856672.000 f
  U4253/Y (NAND2X1)                    1758704.000
                                                  134615376.000 r
  U4261/Y (INVX1)                      1221072.000
                                                  135836448.000 f
  U4262/Y (AND2X1)                     2238192.000
                                                  138074640.000 f
  U4269/Y (NOR2X1)                     1211680.000
                                                  139286320.000 r
  U4270/Y (NAND2X1)                    1107376.000
                                                  140393696.000 f
  U4273/Y (NAND2X1)                    882432.000 141276128.000 r
  U187/Y (NAND2X1)                     863680.000 142139808.000 f
  U188/Y (AND2X1)                      1853888.000
                                                  143993696.000 f
  U4290/Y (NAND2X1)                    862128.000 144855824.000 r
  U4301/Y (NAND2X1)                    874608.000 145730432.000 f
  U4304/Y (NAND2X1)                    881872.000 146612304.000 r
  U4307/Y (NAND2X1)                    866848.000 147479152.000 f
  U4308/Y (NAND2X1)                    1400048.000
                                                  148879200.000 r
  U4311/Y (NAND2X1)                    866848.000 149746048.000 f
  U4312/Y (NAND2X1)                    879360.000 150625408.000 r
  U4315/Y (NAND2X1)                    863680.000 151489088.000 f
  U4316/Y (AND2X1)                     2439536.000
                                                  153928624.000 f
  U4317/Y (INVX1)                      -1307104.000
                                                  152621520.000 r
  U4323/Y (NAND2X1)                    800464.000 153421984.000 f
  U4326/Y (NAND2X1)                    879360.000 154301344.000 r
  U4329/Y (NAND2X1)                    867232.000 155168576.000 f
  U4330/Y (NAND2X1)                    1394688.000
                                                  156563264.000 r
  U4331/Y (NAND2X1)                    1154704.000
                                                  157717968.000 f
  U4333/Y (NAND2X1)                    1430464.000
                                                  159148432.000 r
  U659/Y (INVX1)                       1163008.000
                                                  160311440.000 f
  U4406/Y (NAND2X1)                    1286784.000
                                                  161598224.000 r
  U4407/Y (NAND2X1)                    1231840.000
                                                  162830064.000 f
  U4416/Y (NAND2X1)                    881120.000 163711184.000 r
  U4417/Y (NAND2X1)                    1126048.000
                                                  164837232.000 f
  U4418/Y (NAND2X1)                    1394688.000
                                                  166231920.000 r
  U4421/Y (NAND2X1)                    865984.000 167097904.000 f
  U4422/Y (NAND2X1)                    1394688.000
                                                  168492592.000 r
  U4425/Y (NAND2X1)                    865984.000 169358576.000 f
  U735/Y (AND2X1)                      2045536.000
                                                  171404112.000 f
  U736/Y (INVX1)                       -1291472.000
                                                  170112640.000 r
  U4428/Y (NAND2X1)                    800480.000 170913120.000 f
  U4429/Y (NAND2X1)                    1400096.000
                                                  172313216.000 r
  U4432/Y (NAND2X1)                    866864.000 173180080.000 f
  U4433/Y (NAND2X1)                    879344.000 174059424.000 r
  U4442/Y (NAND2X1)                    866832.000 174926256.000 f
  U4454/Y (NAND2X1)                    879344.000 175805600.000 r
  U4457/Y (AND2X1)                     687088.000 176492688.000 r
  U4460/Y (NAND2X1)                    856176.000 177348864.000 f
  U4461/Y (NAND2X1)                    1394688.000
                                                  178743552.000 r
  U731/Y (AND2X1)                      1795424.000
                                                  180538976.000 r
  U732/Y (INVX1)                       718528.000 181257504.000 f
  U4464/Y (NAND2X1)                    1285600.000
                                                  182543104.000 r
  U4467/Y (NAND2X1)                    848288.000 183391392.000 f
  U741/Y (AND2X1)                      2438608.000
                                                  185830000.000 f
  U742/Y (INVX1)                       -1313040.000
                                                  184516960.000 r
  U4470/Y (NAND2X1)                    800464.000 185317424.000 f
  U4471/Y (NAND2X1)                    881216.000 186198640.000 r
  U4480/Y (NAND2X1)                    1151024.000
                                                  187349664.000 f
  U4483/Y (NAND2X1)                    1336016.000
                                                  188685680.000 r
  U4484/Y (INVX1)                      1046816.000
                                                  189732496.000 f
  U1071/Y (OR2X1)                      2115600.000
                                                  191848096.000 f
  U4495/Y (NAND2X1)                    1349024.000
                                                  193197120.000 r
  U4496/Y (INVX1)                      1109488.000
                                                  194306608.000 f
  U737/Y (AND2X1)                      2036128.000
                                                  196342736.000 f
  U738/Y (INVX1)                       -1307408.000
                                                  195035328.000 r
  U5062/Y (NAND2X1)                    1052080.000
                                                  196087408.000 f
  U5073/Y (OR2X1)                      2092416.000
                                                  198179824.000 f
  U5074/Y (NAND2X1)                    1752560.000
                                                  199932384.000 r
  U5081/Y (INVX1)                      1073200.000
                                                  201005584.000 f
  U5082/Y (NAND2X1)                    919296.000 201924880.000 r
  U5083/Y (NAND2X1)                    1127296.000
                                                  203052176.000 f
  U5091/Y (OR2X1)                      2089008.000
                                                  205141184.000 f
  U5092/Y (NAND2X1)                    1752544.000
                                                  206893728.000 r
  U5102/Y (AND2X1)                     1800032.000
                                                  208693760.000 r
  U5103/Y (INVX1)                      718336.000 209412096.000 f
  U5104/Y (AND2X1)                     2458080.000
                                                  211870176.000 f
  U5105/Y (INVX1)                      -1174992.000
                                                  210695184.000 r
  U5106/Y (OR2X1)                      1640560.000
                                                  212335744.000 r
  U5109/Y (NAND2X1)                    804896.000 213140640.000 f
  U5111/Y (NAND2X1)                    885472.000 214026112.000 r
  U5115/Y (OR2X1)                      2561360.000
                                                  216587472.000 r
  U5117/Y (NAND2X1)                    799120.000 217386592.000 f
  U5119/Y (NAND2X1)                    881200.000 218267792.000 r
  U5120/Y (NAND2X1)                    1154864.000
                                                  219422656.000 f
  U5124/Y (NAND2X1)                    879344.000 220302000.000 r
  U5125/Y (NAND2X1)                    866928.000 221168928.000 f
  U5129/Y (OR2X1)                      2087776.000
                                                  223256704.000 f
  U5130/Y (NAND2X1)                    1425216.000
                                                  224681920.000 r
  U5131/Y (NOR2X1)                     -376400.000
                                                  224305520.000 f
  U5133/Y (OR2X1)                      2087840.000
                                                  226393360.000 f
  U5135/Y (NAND2X1)                    878144.000 227271504.000 r
  U5139/Y (OR2X1)                      2609968.000
                                                  229881472.000 r
  U5141/Y (NAND2X1)                    797232.000 230678704.000 f
  U5143/Y (NAND2X1)                    887088.000 231565792.000 r
  U5149/Y (OR2X1)                      2606624.000
                                                  234172416.000 r
  U5150/Y (NAND2X1)                    799232.000 234971648.000 f
  U5151/Y (NAND2X1)                    879344.000 235850992.000 r
  U5153/Y (NAND2X1)                    867648.000 236718640.000 f
  U734/Y (NOR2X1)                      1190016.000
                                                  237908656.000 r
  U590/Y (OR2X1)                       2131152.000
                                                  240039808.000 r
  U5157/Y (NAND2X1)                    806512.000 240846320.000 f
  U5163/Y (OR2X1)                      2087888.000
                                                  242934208.000 f
  U5164/Y (NAND2X1)                    1752560.000
                                                  244686768.000 r
  U183/Y (AND2X1)                      2167296.000
                                                  246854064.000 r
  U184/Y (INVX1)                       717936.000 247572000.000 f
  U5172/Y (NAND2X1)                    1285600.000
                                                  248857600.000 r
  U5177/Y (NAND2X1)                    847232.000 249704832.000 f
  out[0] (out)                            0.000   249704832.000 f
  data arrival time                               249704832.000

  clock clk (rise edge)                250000000.000
                                                  250000000.000
  clock network delay (ideal)             0.000   250000000.000
  output external delay                   0.000   250000000.000
  data required time                              250000000.000
  -----------------------------------------------------------
  data required time                              250000000.000
  data arrival time                               -249704832.000
  -----------------------------------------------------------
  slack (MET)                                     295168.000


1
