****************************************
Report : timing
	-path_type full
	-delay_type max
	-max_paths 1
	-sort_by slack
Design : top
Version: S-2021.06-SP1
Date   : Fri Dec 16 14:50:33 2022
****************************************


  Startpoint: inp[12] (input port clocked by clk)
  Endpoint: out[0] (output port clocked by clk)
  Path Group: clk
  Path Type: max

  Point                                    Incr       Path
  ---------------------------------------------------------------
  clock clk (rise edge)                   0.000      0.000
  clock network delay (ideal)             0.000      0.000
  input external delay                    0.000      0.000 r
  inp[12] (in)                            0.000      0.000 r
  U184/Y (AND2X1)                      2207104.000
                                                  2207104.000 r
  U370/Y (INVX1)                       705664.000 2912768.000 f
  U1513/Y (AND2X1)                     1873472.000
                                                  4786240.000 f
  U1514/Y (XOR2X1)                     5276032.000
                                                  10062272.000 r
  U1837/Y (XOR2X1)                     4326048.000
                                                  14388320.000 f
  U1838/Y (XOR2X1)                     5732864.000
                                                  20121184.000 r
  U1850/Y (XOR2X1)                     4343504.000
                                                  24464688.000 f
  U680/Y (AND2X1)                      2417728.000
                                                  26882416.000 f
  U681/Y (INVX1)                       -1448096.000
                                                  25434320.000 r
  U1851/Y (NAND2X1)                    1054096.000
                                                  26488416.000 f
  U1853/Y (XOR2X1)                     5383744.000
                                                  31872160.000 r
  U255/Y (AND2X1)                      1822032.000
                                                  33694192.000 r
  U256/Y (INVX1)                       715392.000 34409584.000 f
  U1860/Y (NAND2X1)                    1297520.000
                                                  35707104.000 r
  U1861/Y (XOR2X1)                     4758512.000
                                                  40465616.000 f
  U1862/Y (XOR2X1)                     5091840.000
                                                  45557456.000 r
  U1921/Y (XOR2X1)                     4343792.000
                                                  49901248.000 f
  U189/Y (AND2X1)                      2058048.000
                                                  51959296.000 f
  U190/Y (INVX1)                       -1394160.000
                                                  50565136.000 r
  U1929/Y (NAND2X1)                    1054144.000
                                                  51619280.000 f
  U1931/Y (XOR2X1)                     5942992.000
                                                  57562272.000 r
  U676/Y (AND2X1)                      1780096.000
                                                  59342368.000 r
  U677/Y (INVX1)                       715232.000 60057600.000 f
  U1938/Y (AND2X1)                     2243888.000
                                                  62301488.000 f
  U1945/Y (XOR2X1)                     5952048.000
                                                  68253536.000 r
  U1946/Y (NAND2X1)                    931264.000 69184800.000 f
  U1947/Y (AND2X1)                     2246240.000
                                                  71431040.000 f
  U1948/Y (XOR2X1)                     5248384.000
                                                  76679424.000 r
  U295/Y (AND2X1)                      1819760.000
                                                  78499184.000 r
  U296/Y (INVX1)                       720464.000 79219648.000 f
  U1977/Y (NAND2X1)                    924560.000 80144208.000 r
  U1991/Y (NAND2X1)                    1155920.000
                                                  81300128.000 f
  U1999/Y (NAND2X1)                    1400048.000
                                                  82700176.000 r
  U2000/Y (AND2X1)                     2806240.000
                                                  85506416.000 r
  U2001/Y (NAND2X1)                    1074064.000
                                                  86580480.000 f
  U366/Y (AND2X1)                      2044576.000
                                                  88625056.000 f
  U367/Y (INVX1)                       -1149600.000
                                                  87475456.000 r
  U598/Y (AND2X1)                      1938000.000
                                                  89413456.000 r
  U496/Y (INVX1)                       789168.000 90202624.000 f
  U497/Y (INVX1)                       979424.000 91182048.000 r
  U599/Y (INVX1)                       652496.000 91834544.000 f
  U425/Y (AND2X1)                      2457792.000
                                                  94292336.000 f
  U426/Y (INVX1)                       -219040.000
                                                  94073296.000 r
  U3849/Y (NAND2X1)                    928496.000 95001792.000 f
  U446/Y (INVX1)                       234928.000 95236720.000 r
  U447/Y (INVX1)                       647168.000 95883888.000 f
  U3855/Y (AND2X1)                     1869072.000
                                                  97752960.000 f
  U3857/Y (XOR2X1)                     5247920.000
                                                  103000880.000 r
  U3858/Y (NAND2X1)                    848448.000 103849328.000 f
  U3859/Y (AND2X1)                     2245936.000
                                                  106095264.000 f
  U3861/Y (XOR2X1)                     5249744.000
                                                  111345008.000 r
  U3871/Y (XOR2X1)                     4343632.000
                                                  115688640.000 f
  U3884/Y (XOR2X1)                     5733192.000
                                                  121421832.000 r
  U3904/Y (XOR2X1)                     4343424.000
                                                  125765256.000 f
  U3925/Y (XOR2X1)                     5094352.000
                                                  130859608.000 r
  U752/Y (AND2X1)                      2174352.000
                                                  133033960.000 r
  U753/Y (INVX1)                       715632.000 133749592.000 f
  U3926/Y (AND2X1)                     2243896.000
                                                  135993488.000 f
  U1063/Y (XNOR2X1)                    6633232.000
                                                  142626720.000 f
  U1064/Y (INVX1)                      -1350304.000
                                                  141276416.000 r
  U744/Y (AND2X1)                      1881456.000
                                                  143157872.000 r
  U745/Y (INVX1)                       715536.000 143873408.000 f
  U4060/Y (AND2X1)                     2241104.000
                                                  146114512.000 f
  U4063/Y (NOR2X1)                     1211760.000
                                                  147326272.000 r
  U4064/Y (NAND2X1)                    1107104.000
                                                  148433376.000 f
  U520/Y (NAND2X1)                     1775584.000
                                                  150208960.000 r
  U494/Y (INVX1)                       1112560.000
                                                  151321520.000 f
  U495/Y (INVX1)                       969296.000 152290816.000 r
  U4065/Y (INVX1)                      646528.000 152937344.000 f
  U4125/Y (XOR2X1)                     5301472.000
                                                  158238816.000 r
  U4126/Y (INVX1)                      1237376.000
                                                  159476192.000 f
  U4127/Y (NOR2X1)                     1156864.000
                                                  160633056.000 r
  U4131/Y (NAND2X1)                    833328.000 161466384.000 f
  U4133/Y (NAND2X1)                    1341888.000
                                                  162808272.000 r
  U4134/Y (INVX1)                      1116224.000
                                                  163924496.000 f
  U4138/Y (NAND2X1)                    919344.000 164843840.000 r
  U4142/Y (NAND2X1)                    848032.000 165691872.000 f
  U4144/Y (NAND2X1)                    885520.000 166577392.000 r
  U4145/Y (OR2X1)                      2612240.000
                                                  169189632.000 r
  U4149/Y (NAND2X1)                    804768.000 169994400.000 f
  U4151/Y (NAND2X1)                    1341808.000
                                                  171336208.000 r
  U4152/Y (INVX1)                      1095504.000
                                                  172431712.000 f
  U4155/Y (NAND2X1)                    919312.000 173351024.000 r
  U4159/Y (NAND2X1)                    865872.000 174216896.000 f
  U180/Y (AND2X1)                      2046272.000
                                                  176263168.000 f
  U181/Y (INVX1)                       -1279008.000
                                                  174984160.000 r
  U4162/Y (OR2X1)                      1639840.000
                                                  176624000.000 r
  U4166/Y (NAND2X1)                    804928.000 177428928.000 f
  U4168/Y (NAND2X1)                    879376.000 178308304.000 r
  U4170/Y (NAND2X1)                    864560.000 179172864.000 f
  U4173/Y (OR2X1)                      2087728.000
                                                  181260592.000 f
  U519/Y (NAND2X1)                     1778672.000
                                                  183039264.000 r
  U508/Y (INVX1)                       1072160.000
                                                  184111424.000 f
  U509/Y (INVX1)                       976560.000 185087984.000 r
  U1137/Y (INVX1)                      651536.000 185739520.000 f
  U176/Y (AND2X1)                      2457888.000
                                                  188197408.000 f
  U177/Y (INVX1)                       -1188544.000
                                                  187008864.000 r
  U4363/Y (NAND2X1)                    930432.000 187939296.000 f
  U4368/Y (NOR2X1)                     1195088.000
                                                  189134384.000 r
  U4372/Y (NOR2X1)                     101616.000 189236000.000 f
  U4376/Y (NAND2X1)                    880160.000 190116160.000 r
  U4378/Y (NAND2X1)                    867680.000 190983840.000 f
  U4384/Y (OR2X1)                      2087728.000
                                                  193071568.000 f
  U4385/Y (NAND2X1)                    1752528.000
                                                  194824096.000 r
  U4386/Y (INVX1)                      1069488.000
                                                  195893584.000 f
  U4392/Y (NAND2X1)                    919296.000 196812880.000 r
  U4396/Y (NAND2X1)                    848096.000 197660976.000 f
  U4398/Y (NAND2X1)                    885200.000 198546176.000 r
  U4399/Y (OR2X1)                      2606848.000
                                                  201153024.000 r
  U4404/Y (NAND2X1)                    804768.000 201957792.000 f
  U4406/Y (NAND2X1)                    885296.000 202843088.000 r
  U4410/Y (OR2X1)                      2607584.000
                                                  205450672.000 r
  U4415/Y (NAND2X1)                    797424.000 206248096.000 f
  U4417/Y (NAND2X1)                    1341792.000
                                                  207589888.000 r
  U4423/Y (INVX1)                      1096592.000
                                                  208686480.000 f
  U4424/Y (NAND2X1)                    919328.000 209605808.000 r
  U4425/Y (NAND2X1)                    1230416.000
                                                  210836224.000 f
  U4427/Y (NAND2X1)                    881120.000 211717344.000 r
  U4429/Y (NAND2X1)                    848128.000 212565472.000 f
  U518/Y (NAND2X1)                     1392336.000
                                                  213957808.000 r
  U501/Y (INVX1)                       1115488.000
                                                  215073296.000 f
  U502/Y (INVX1)                       976128.000 216049424.000 r
  U4432/Y (INVX1)                      651792.000 216701216.000 f
  U178/Y (AND2X1)                      2457856.000
                                                  219159072.000 f
  U179/Y (INVX1)                       -1188704.000
                                                  217970368.000 r
  U4497/Y (NAND2X1)                    800512.000 218770880.000 f
  U4499/Y (NAND2X1)                    879296.000 219650176.000 r
  U4500/Y (NOR2X1)                     -273520.000
                                                  219376656.000 f
  U4501/Y (OR2X1)                      2088656.000
                                                  221465312.000 f
  U4506/Y (NAND2X1)                    872144.000 222337456.000 r
  U4508/Y (NAND2X1)                    866864.000 223204320.000 f
  U4514/Y (OR2X1)                      2087712.000
                                                  225292032.000 f
  U4515/Y (NAND2X1)                    1425248.000
                                                  226717280.000 r
  U4519/Y (OR2X1)                      2655776.000
                                                  229373056.000 r
  U4523/Y (NAND2X1)                    797440.000 230170496.000 f
  U4525/Y (NAND2X1)                    885184.000 231055680.000 r
  U4530/Y (OR2X1)                      2605376.000
                                                  233661056.000 r
  U4534/Y (NAND2X1)                    797424.000 234458480.000 f
  U4536/Y (NAND2X1)                    885504.000 235343984.000 r
  U4537/Y (OR2X1)                      2605440.000
                                                  237949424.000 r
  U4540/Y (NAND2X1)                    797072.000 238746496.000 f
  U4542/Y (NAND2X1)                    879456.000 239625952.000 r
  U4543/Y (NAND2X1)                    1156144.000
                                                  240782096.000 f
  U4545/Y (NAND2X1)                    879264.000 241661360.000 r
  U4548/Y (NAND2X1)                    866752.000 242528112.000 f
  U4549/Y (NAND2X1)                    1394752.000
                                                  243922864.000 r
  U1118/Y (AND2X1)                     1808736.000
                                                  245731600.000 r
  U187/Y (AND2X1)                      2181472.000
                                                  247913072.000 r
  U188/Y (INVX1)                       713312.000 248626384.000 f
  U4561/Y (NAND2X1)                    913216.000 249539600.000 r
  out[0] (out)                            0.000   249539600.000 r
  data arrival time                               249539600.000

  clock clk (rise edge)                250000000.000
                                                  250000000.000
  clock network delay (ideal)             0.000   250000000.000
  clock reconvergence pessimism           0.000   250000000.000
  output external delay                   0.000   250000000.000
  data required time                              250000000.000
  ---------------------------------------------------------------
  data required time                              250000000.000
  data arrival time                               -249539600.000
  ---------------------------------------------------------------
  slack (MET)                                     460400.000


1
