 
****************************************
Report : timing
        -path full
        -delay max
        -max_paths 1
Design : top
Version: S-2021.06-SP2
Date   : Fri Dec 16 13:54:22 2022
****************************************

Operating Conditions: TT   Library: PPDK_Standard_Library_1.0V_25C_TYP_X1
Wire Load Model Mode: top

  Startpoint: inp[61] (input port clocked by clk)
  Endpoint: out[0] (output port clocked by clk)
  Path Group: clk
  Path Type: max

  Point                                    Incr       Path
  -----------------------------------------------------------
  clock clk (rise edge)                   0.000      0.000
  clock network delay (ideal)             0.000      0.000
  input external delay                    0.000      0.000 r
  inp[61] (in)                            0.000      0.000 r
  U1097/Y (NAND2X1)                    1212510.250
                                                  1212510.250 f
  U389/Y (INVX1)                       238319.500 1450829.750 r
  U390/Y (INVX1)                       646917.750 2097747.500 f
  U1099/Y (NAND2X1)                    918649.750 3016397.250 r
  U371/Y (AND2X1)                      2174743.250
                                                  5191140.500 r
  U372/Y (INVX1)                       732953.500 5924094.000 f
  U1100/Y (NAND2X1)                    1302578.000
                                                  7226672.000 r
  U1146/Y (NAND2X1)                    1132326.000
                                                  8358998.000 f
  U540/Y (XOR2X1)                      5428459.000
                                                  13787457.000 r
  U222/Y (AND2X1)                      2172081.000
                                                  15959538.000 r
  U223/Y (INVX1)                       716376.000 16675914.000 f
  U1192/Y (NAND2X1)                    930060.000 17605974.000 r
  U1193/Y (XOR2X1)                     4758378.000
                                                  22364352.000 f
  U1208/Y (XOR2X1)                     5748690.000
                                                  28113042.000 r
  U1218/Y (XOR2X1)                     4343750.000
                                                  32456792.000 f
  U1222/Y (XOR2X1)                     5733248.000
                                                  38190040.000 r
  U1223/Y (XOR2X1)                     4744812.000
                                                  42934852.000 f
  U1272/Y (NAND2X1)                    836424.000 43771276.000 r
  U1273/Y (NAND2X1)                    1128572.000
                                                  44899848.000 f
  U1297/Y (XOR2X1)                     5293288.000
                                                  50193136.000 r
  U750/Y (AND2X1)                      1818560.000
                                                  52011696.000 r
  U751/Y (INVX1)                       715436.000 52727132.000 f
  U1312/Y (NAND2X1)                    1368476.000
                                                  54095608.000 r
  U1329/Y (XOR2X1)                     4887312.000
                                                  58982920.000 f
  U1330/Y (OR2X1)                      2057452.000
                                                  61040372.000 f
  U1331/Y (NAND2X1)                    1752556.000
                                                  62792928.000 r
  U1332/Y (INVX1)                      1079016.000
                                                  63871944.000 f
  U1341/Y (NAND2X1)                    1284532.000
                                                  65156476.000 r
  U1342/Y (NAND2X1)                    1126124.000
                                                  66282600.000 f
  U1343/Y (NAND2X1)                    1394704.000
                                                  67677304.000 r
  U1344/Y (NAND2X1)                    1154712.000
                                                  68832016.000 f
  U1345/Y (NAND2X1)                    1748096.000
                                                  70580112.000 r
  U1026/Y (INVX1)                      1104144.000
                                                  71684256.000 f
  U1027/Y (INVX1)                      464288.000 72148544.000 r
  U1346/Y (NAND2X1)                    1053552.000
                                                  73202096.000 f
  U1351/Y (NAND2X1)                    1380312.000
                                                  74582408.000 r
  U522/Y (INVX1)                       1245296.000
                                                  75827704.000 f
  U523/Y (INVX1)                       988432.000 76816136.000 r
  U2323/Y (XOR2X1)                     2181456.000
                                                  78997592.000 r
  U2328/Y (OR2X1)                      2325600.000
                                                  81323192.000 r
  U2329/Y (NAND2X1)                    1052440.000
                                                  82375632.000 f
  U2336/Y (XOR2X1)                     5391392.000
                                                  87767024.000 r
  U854/Y (AND2X1)                      2173568.000
                                                  89940592.000 r
  U855/Y (INVX1)                       715896.000 90656488.000 f
  U2337/Y (AND2X1)                     2243896.000
                                                  92900384.000 f
  U2340/Y (XOR2X1)                     5259456.000
                                                  98159840.000 r
  U379/Y (XNOR2X1)                     5483856.000
                                                  103643696.000 r
  U380/Y (INVX1)                       953864.000 104597560.000 f
  U2952/Y (XOR2X1)                     5588928.000
                                                  110186488.000 r
  U2981/Y (XOR2X1)                     4744712.000
                                                  114931200.000 f
  U3007/Y (XOR2X1)                     5733248.000
                                                  120664448.000 r
  U690/Y (AND2X1)                      2175600.000
                                                  122840048.000 r
  U691/Y (INVX1)                       715232.000 123555280.000 f
  U3008/Y (NAND2X1)                    1297384.000
                                                  124852664.000 r
  U536/Y (XNOR2X1)                     6351880.000
                                                  131204544.000 r
  U976/Y (INVX1)                       957696.000 132162240.000 f
  U3024/Y (NAND2X1)                    1284936.000
                                                  133447176.000 r
  U3048/Y (NAND2X1)                    848184.000 134295360.000 f
  U3050/Y (NAND2X1)                    1752592.000
                                                  136047952.000 r
  U3051/Y (INVX1)                      1095872.000
                                                  137143824.000 f
  U3052/Y (NAND2X1)                    1284288.000
                                                  138428112.000 r
  U738/Y (AND2X1)                      1819072.000
                                                  140247184.000 r
  U739/Y (INVX1)                       715392.000 140962576.000 f
  U3054/Y (NAND2X1)                    1291584.000
                                                  142254160.000 r
  U3069/Y (NAND2X1)                    848608.000 143102768.000 f
  U3073/Y (NAND2X1)                    879584.000 143982352.000 r
  U556/Y (AND2X1)                      2165056.000
                                                  146147408.000 r
  U557/Y (INVX1)                       735584.000 146882992.000 f
  U1047/Y (INVX1)                      1027584.000
                                                  147910576.000 r
  U3205/Y (NAND2X1)                    1101328.000
                                                  149011904.000 f
  U431/Y (AND2X1)                      2045072.000
                                                  151056976.000 f
  U432/Y (INVX1)                       -217568.000
                                                  150839408.000 r
  U3206/Y (NOR2X1)                     152256.000 150991664.000 f
  U3210/Y (NOR2X1)                     1195568.000
                                                  152187232.000 r
  U3213/Y (NAND2X1)                    834560.000 153021792.000 f
  U3215/Y (NAND2X1)                    885488.000 153907280.000 r
  U3219/Y (OR2X1)                      2582192.000
                                                  156489472.000 r
  U3223/Y (NAND2X1)                    797264.000 157286736.000 f
  U3225/Y (NAND2X1)                    1341792.000
                                                  158628528.000 r
  U3226/Y (INVX1)                      1095648.000
                                                  159724176.000 f
  U3227/Y (NAND2X1)                    1284304.000
                                                  161008480.000 r
  U3231/Y (NAND2X1)                    848080.000 161856560.000 f
  U3233/Y (NAND2X1)                    1341824.000
                                                  163198384.000 r
  U3234/Y (INVX1)                      1096448.000
                                                  164294832.000 f
  U3239/Y (NAND2X1)                    919312.000 165214144.000 r
  U3243/Y (NAND2X1)                    848096.000 166062240.000 f
  U3245/Y (NAND2X1)                    1341824.000
                                                  167404064.000 r
  U3252/Y (INVX1)                      1096432.000
                                                  168500496.000 f
  U3253/Y (NAND2X1)                    1284304.000
                                                  169784800.000 r
  U3254/Y (NAND2X1)                    1126064.000
                                                  170910864.000 f
  U3255/Y (NOR2X1)                     1194976.000
                                                  172105840.000 r
  U3257/Y (NAND2X1)                    834352.000 172940192.000 f
  U564/Y (AND2X1)                      2046048.000
                                                  174986240.000 f
  U469/Y (INVX1)                       -319952.000
                                                  174666288.000 r
  U3262/Y (INVX1)                      667904.000 175334192.000 f
  U3275/Y (NAND2X1)                    1297424.000
                                                  176631616.000 r
  U3277/Y (NAND2X1)                    929392.000 177561008.000 f
  U367/Y (INVX1)                       223216.000 177784224.000 r
  U368/Y (INVX1)                       646704.000 178430928.000 f
  U3281/Y (NOR2X1)                     1157696.000
                                                  179588624.000 r
  U3285/Y (NOR2X1)                     151328.000 179739952.000 f
  U3289/Y (NAND2X1)                    880592.000 180620544.000 r
  U3291/Y (NAND2X1)                    930944.000 181551488.000 f
  U3292/Y (NAND2X1)                    1394960.000
                                                  182946448.000 r
  U3293/Y (NAND2X1)                    866032.000 183812480.000 f
  U3297/Y (NAND2X1)                    885456.000 184697936.000 r
  U3298/Y (OR2X1)                      2561296.000
                                                  187259232.000 r
  U3302/Y (NAND2X1)                    797424.000 188056656.000 f
  U3304/Y (NAND2X1)                    1341792.000
                                                  189398448.000 r
  U3305/Y (INVX1)                      1096608.000
                                                  190495056.000 f
  U3306/Y (NAND2X1)                    1284304.000
                                                  191779360.000 r
  U3310/Y (NAND2X1)                    848080.000 192627440.000 f
  U3312/Y (NAND2X1)                    1341904.000
                                                  193969344.000 r
  U3313/Y (INVX1)                      1096432.000
                                                  195065776.000 f
  U3319/Y (NAND2X1)                    919312.000 195985088.000 r
  U3323/Y (NAND2X1)                    848096.000 196833184.000 f
  U3325/Y (NAND2X1)                    1341904.000
                                                  198175088.000 r
  U3326/Y (INVX1)                      1095952.000
                                                  199271040.000 f
  U3327/Y (NAND2X1)                    1284288.000
                                                  200555328.000 r
  U236/Y (AND2X1)                      1819072.000
                                                  202374400.000 r
  U237/Y (INVX1)                       714640.000 203089040.000 f
  U3332/Y (NAND2X1)                    1362960.000
                                                  204452000.000 r
  U3337/Y (INVX1)                      1096448.000
                                                  205548448.000 f
  U3338/Y (NAND2X1)                    1284304.000
                                                  206832752.000 r
  U3339/Y (NAND2X1)                    1231744.000
                                                  208064496.000 f
  U508/Y (INVX1)                       226400.000 208290896.000 r
  U509/Y (INVX1)                       666096.000 208956992.000 f
  U3340/Y (INVX1)                      504592.000 209461584.000 r
  U3354/Y (NAND2X1)                    804944.000 210266528.000 f
  U3355/Y (NAND2X1)                    1385216.000
                                                  211651744.000 r
  U3360/Y (OR2X1)                      2561296.000
                                                  214213040.000 r
  U3365/Y (NAND2X1)                    797440.000 215010480.000 f
  U3367/Y (NAND2X1)                    879600.000 215890080.000 r
  U3368/Y (NAND2X1)                    1155920.000
                                                  217046000.000 f
  U3370/Y (NAND2X1)                    885184.000 217931184.000 r
  U3375/Y (OR2X1)                      2655856.000
                                                  220587040.000 r
  U3378/Y (NAND2X1)                    797424.000 221384464.000 f
  U3380/Y (NAND2X1)                    887104.000 222271568.000 r
  U3381/Y (OR2X1)                      2605456.000
                                                  224877024.000 r
  U3385/Y (NAND2X1)                    799232.000 225676256.000 f
  U3387/Y (NAND2X1)                    885504.000 226561760.000 r
  U3391/Y (OR2X1)                      2607568.000
                                                  229169328.000 r
  U3394/Y (NAND2X1)                    797424.000 229966752.000 f
  U3396/Y (NAND2X1)                    887088.000 230853840.000 r
  U3399/Y (OR2X1)                      2605456.000
                                                  233459296.000 r
  U3403/Y (NAND2X1)                    797408.000 234256704.000 f
  U3405/Y (NAND2X1)                    885504.000 235142208.000 r
  U3411/Y (OR2X1)                      2605536.000
                                                  237747744.000 r
  U1023/Y (AND2X1)                     2202864.000
                                                  239950608.000 r
  U330/Y (AND2X1)                      2181504.000
                                                  242132112.000 r
  U331/Y (INVX1)                       713312.000 242845424.000 f
  U3418/Y (NAND2X1)                    918864.000 243764288.000 r
  U3423/Y (NAND2X1)                    862960.000 244627248.000 f
  out[0] (out)                            0.000   244627248.000 f
  data arrival time                               244627248.000

  clock clk (rise edge)                250000000.000
                                                  250000000.000
  clock network delay (ideal)             0.000   250000000.000
  output external delay                   0.000   250000000.000
  data required time                              250000000.000
  -----------------------------------------------------------
  data required time                              250000000.000
  data arrival time                               -244627248.000
  -----------------------------------------------------------
  slack (MET)                                     5372752.000


1
