 
****************************************
Report : timing
        -path full
        -delay max
        -max_paths 1
Design : top
Version: S-2021.06-SP2
Date   : Fri Dec  9 17:02:27 2022
****************************************

Operating Conditions: TT   Library: PPDK_Standard_Library_1.0V_25C_TYP_X1
Wire Load Model Mode: top

  Startpoint: inp[9] (input port clocked by clk)
  Endpoint: out[0] (output port clocked by clk)
  Path Group: clk
  Path Type: max

  Point                                    Incr       Path
  -----------------------------------------------------------
  clock clk (rise edge)                   0.000      0.000
  clock network delay (ideal)             0.000      0.000
  input external delay                    0.000      0.000 r
  inp[9] (in)                             0.000      0.000 r
  U945/Y (AND2X1)                      2207109.000
                                                  2207109.000 r
  U946/Y (INVX1)                       705440.500 2912549.500 f
  U1054/Y (NAND2X1)                    918764.250 3831313.750 r
  U815/Y (AND2X1)                      2174743.250
                                                  6006057.000 r
  U816/Y (INVX1)                       715947.000 6722004.000 f
  U450/Y (XNOR2X1)                     6004222.000
                                                  12726226.000 f
  U451/Y (INVX1)                       -1193444.000
                                                  11532782.000 r
  U452/Y (XNOR2X1)                     5854072.000
                                                  17386854.000 r
  U453/Y (INVX1)                       820386.000 18207240.000 f
  U558/Y (XNOR2X1)                     6580824.000
                                                  24788064.000 f
  U559/Y (INVX1)                       -1193458.000
                                                  23594606.000 r
  U542/Y (XNOR2X1)                     5854068.000
                                                  29448674.000 r
  U543/Y (INVX1)                       820386.000 30269060.000 f
  U560/Y (XNOR2X1)                     6580824.000
                                                  36849884.000 f
  U561/Y (INVX1)                       -1193476.000
                                                  35656408.000 r
  U540/Y (XNOR2X1)                     5854072.000
                                                  41510480.000 r
  U541/Y (INVX1)                       820384.000 42330864.000 f
  U637/Y (NAND2X1)                     918884.000 43249748.000 r
  U855/Y (AND2X1)                      1818676.000
                                                  45068424.000 r
  U856/Y (INVX1)                       715948.000 45784372.000 f
  U494/Y (XNOR2X1)                     6580924.000
                                                  52365296.000 f
  U495/Y (INVX1)                       -1205240.000
                                                  51160056.000 r
  U679/Y (AND2X1)                      1881352.000
                                                  53041408.000 r
  U680/Y (INVX1)                       707856.000 53749264.000 f
  U636/Y (NAND2X1)                     1285772.000
                                                  55035036.000 r
  U843/Y (AND2X1)                      1830432.000
                                                  56865468.000 r
  U428/Y (AND2X1)                      2181452.000
                                                  59046920.000 r
  U429/Y (INVX1)                       713544.000 59760464.000 f
  U1092/Y (NAND2X1)                    918808.000 60679272.000 r
  U849/Y (AND2X1)                      1830476.000
                                                  62509748.000 r
  U430/Y (AND2X1)                      2181484.000
                                                  64691232.000 r
  U431/Y (INVX1)                       713536.000 65404768.000 f
  U1097/Y (NAND2X1)                    918808.000 66323576.000 r
  U847/Y (AND2X1)                      1830448.000
                                                  68154024.000 r
  U661/Y (AND2X1)                      1836552.000
                                                  69990576.000 r
  U662/Y (INVX1)                       708032.000 70698608.000 f
  U1102/Y (AND2X1)                     1866904.000
                                                  72565512.000 f
  U1103/Y (XOR2X1)                     5463080.000
                                                  78028592.000 r
  U681/Y (AND2X1)                      1820632.000
                                                  79849224.000 r
  U682/Y (INVX1)                       715568.000 80564792.000 f
  U1106/Y (NOR2X1)                     1157496.000
                                                  81722288.000 r
  U749/Y (AND2X1)                      2182264.000
                                                  83904552.000 r
  U750/Y (INVX1)                       713056.000 84617608.000 f
  U1108/Y (NOR2X1)                     1157504.000
                                                  85775112.000 r
  U731/Y (AND2X1)                      2182264.000
                                                  87957376.000 r
  U732/Y (INVX1)                       713504.000 88670880.000 f
  U1110/Y (NOR2X1)                     1157600.000
                                                  89828480.000 r
  U693/Y (AND2X1)                      2181872.000
                                                  92010352.000 r
  U694/Y (INVX1)                       713184.000 92723536.000 f
  U733/Y (AND2X1)                      2034872.000
                                                  94758408.000 f
  U734/Y (INVX1)                       -1138976.000
                                                  93619432.000 r
  U727/Y (AND2X1)                      2198304.000
                                                  95817736.000 r
  U728/Y (INVX1)                       707832.000 96525568.000 f
  U823/Y (AND2X1)                      2458072.000
                                                  98983640.000 f
  U824/Y (INVX1)                       -1175024.000
                                                  97808616.000 r
  U1121/Y (OR2X1)                      1640560.000
                                                  99449176.000 r
  U929/Y (AND2X1)                      2196832.000
                                                  101646008.000 r
  U930/Y (INVX1)                       708536.000 102354544.000 f
  U1122/Y (NAND2X1)                    1285768.000
                                                  103640312.000 r
  U729/Y (AND2X1)                      1818744.000
                                                  105459056.000 r
  U730/Y (INVX1)                       712544.000 106171600.000 f
  U1125/Y (NAND2X1)                    1279672.000
                                                  107451272.000 r
  out[0] (out)                            0.000   107451272.000 r
  data arrival time                               107451272.000

  clock clk (rise edge)                200000000.000
                                                  200000000.000
  clock network delay (ideal)             0.000   200000000.000
  output external delay                   0.000   200000000.000
  data required time                              200000000.000
  -----------------------------------------------------------
  data required time                              200000000.000
  data arrival time                               -107451272.000
  -----------------------------------------------------------
  slack (MET)                                     92548728.000


1
