****************************************
Report : timing
	-path_type full
	-delay_type max
	-max_paths 1
	-sort_by slack
Design : top
Version: S-2021.06-SP1
Date   : Fri Dec 16 14:31:39 2022
****************************************


  Startpoint: inp[8] (input port clocked by clk)
  Endpoint: out[0] (output port clocked by clk)
  Path Group: clk
  Path Type: max

  Point                                    Incr       Path
  ---------------------------------------------------------------
  clock clk (rise edge)                   0.000      0.000
  clock network delay (ideal)             0.000      0.000
  input external delay                    0.000      0.000 f
  inp[8] (in)                             0.000      0.000 f
  U1498/Y (INVX1)                      608352.000 608352.000 r
  U437/Y (AND2X1)                      2197712.000
                                                  2806064.000 r
  U438/Y (INVX1)                       725648.000 3531712.000 f
  U1827/Y (NAND2X1)                    926256.000 4457968.000 r
  U1828/Y (NAND2X1)                    1151376.000
                                                  5609344.000 f
  U1829/Y (AND2X1)                     2246320.000
                                                  7855664.000 f
  U1842/Y (XOR2X1)                     5247888.000
                                                  13103552.000 r
  U811/Y (AND2X1)                      2174480.000
                                                  15278032.000 r
  U812/Y (INVX1)                       715600.000 15993632.000 f
  U1843/Y (AND2X1)                     2243888.000
                                                  18237520.000 f
  U1846/Y (XOR2X1)                     5259504.000
                                                  23497024.000 r
  U889/Y (AND2X1)                      2175152.000
                                                  25672176.000 r
  U890/Y (INVX1)                       715376.000 26387552.000 f
  U1847/Y (NAND2X1)                    930080.000 27317632.000 r
  U1850/Y (XOR2X1)                     4847472.000
                                                  32165104.000 f
  U1925/Y (XOR2X1)                     5737248.000
                                                  37902352.000 r
  U1947/Y (NOR2X1)                     -52560.000 37849792.000 f
  U1949/Y (NOR2X1)                     1196480.000
                                                  39046272.000 r
  U1950/Y (NAND2X1)                    834528.000 39880800.000 f
  U1951/Y (NAND2X1)                    1389824.000
                                                  41270624.000 r
  U1953/Y (XOR2X1)                     4278816.000
                                                  45549440.000 f
  U705/Y (AND2X1)                      2058288.000
                                                  47607728.000 f
  U706/Y (INVX1)                       -1448080.000
                                                  46159648.000 r
  U1955/Y (NAND2X1)                    1054096.000
                                                  47213744.000 f
  U1957/Y (XOR2X1)                     5390752.000
                                                  52604496.000 r
  U681/Y (AND2X1)                      1819984.000
                                                  54424480.000 r
  U682/Y (INVX1)                       715232.000 55139712.000 f
  U1959/Y (NAND2X1)                    1297392.000
                                                  56437104.000 r
  U1961/Y (XOR2X1)                     4758400.000
                                                  61195504.000 f
  U1995/Y (NAND2X1)                    836144.000 62031648.000 r
  U1996/Y (NAND2X1)                    1231728.000
                                                  63263376.000 f
  U2001/Y (XOR2X1)                     5361040.000
                                                  68624416.000 r
  U2027/Y (OR2X1)                      2341232.000
                                                  70965648.000 r
  U2028/Y (NAND2X1)                    1218400.000
                                                  72184048.000 f
  U2050/Y (NAND2X1)                    1393984.000
                                                  73578032.000 r
  U2052/Y (NAND2X1)                    865872.000 74443904.000 f
  U2055/Y (NAND2X1)                    1341792.000
                                                  75785696.000 r
  U2056/Y (INVX1)                      1217920.000
                                                  77003616.000 f
  U2057/Y (NAND2X1)                    1746800.000
                                                  78750416.000 r
  U401/Y (INVX1)                       1219424.000
                                                  79969840.000 f
  U402/Y (INVX1)                       455856.000 80425696.000 r
  U2065/Y (NAND2X1)                    1052960.000
                                                  81478656.000 f
  U542/Y (NAND2X1)                     1409568.000
                                                  82888224.000 r
  U525/Y (INVX1)                       1266352.000
                                                  84154576.000 f
  U526/Y (INVX1)                       967744.000 85122320.000 r
  U2066/Y (INVX1)                      647728.000 85770048.000 f
  U1017/Y (AND2X1)                     2460640.000
                                                  88230688.000 f
  U1018/Y (INVX1)                      -1178768.000
                                                  87051920.000 r
  U2552/Y (NAND2X1)                    927152.000 87979072.000 f
  U508/Y (INVX1)                       229632.000 88208704.000 r
  U509/Y (INVX1)                       647888.000 88856592.000 f
  U3778/Y (XOR2X1)                     5586352.000
                                                  94442944.000 r
  U879/Y (AND2X1)                      2173552.000
                                                  96616496.000 r
  U880/Y (INVX1)                       715888.000 97332384.000 f
  U3779/Y (NAND2X1)                    930064.000 98262448.000 r
  U3789/Y (XOR2X1)                     4752320.000
                                                  103014768.000 f
  U3792/Y (XOR2X1)                     5990048.000
                                                  109004816.000 r
  U287/Y (AND2X1)                      2176216.000
                                                  111181032.000 r
  U288/Y (INVX1)                       715024.000 111896056.000 f
  U3793/Y (AND2X1)                     2243896.000
                                                  114139952.000 f
  U3795/Y (XOR2X1)                     5259496.000
                                                  119399448.000 r
  U3815/Y (XOR2X1)                     4343432.000
                                                  123742880.000 f
  U3831/Y (XOR2X1)                     5094328.000
                                                  128837208.000 r
  U771/Y (AND2X1)                      2174520.000
                                                  131011728.000 r
  U772/Y (INVX1)                       715576.000 131727304.000 f
  U3832/Y (NAND2X1)                    1297400.000
                                                  133024704.000 r
  U1077/Y (XNOR2X1)                    6352000.000
                                                  139376704.000 r
  U279/Y (AND2X1)                      2171872.000
                                                  141548576.000 r
  U280/Y (INVX1)                       716448.000 142265024.000 f
  U4323/Y (NAND2X1)                    1285600.000
                                                  143550624.000 r
  U4325/Y (NAND2X1)                    849344.000 144399968.000 f
  U631/Y (AND2X1)                      2046048.000
                                                  146446016.000 f
  U632/Y (INVX1)                       -307264.000
                                                  146138752.000 r
  U1159/Y (INVX1)                      672000.000 146810752.000 f
  U486/Y (INVX1)                       475520.000 147286272.000 r
  U4333/Y (NAND2X1)                    803472.000 148089744.000 f
  U333/Y (AND2X1)                      2044176.000
                                                  150133920.000 f
  U334/Y (INVX1)                       -306224.000
                                                  149827696.000 r
  U4341/Y (NOR2X1)                     152112.000 149979808.000 f
  U4345/Y (NOR2X1)                     1190208.000
                                                  151170016.000 r
  U4349/Y (NAND2X1)                    834368.000 152004384.000 f
  U4351/Y (NAND2X1)                    1341792.000
                                                  153346176.000 r
  U4352/Y (INVX1)                      1116224.000
                                                  154462400.000 f
  U4357/Y (NAND2X1)                    919360.000 155381760.000 r
  U4362/Y (NAND2X1)                    848096.000 156229856.000 f
  U4364/Y (NAND2X1)                    885488.000 157115344.000 r
  U4370/Y (OR2X1)                      2606864.000
                                                  159722208.000 r
  U4371/Y (NAND2X1)                    1217968.000
                                                  160940176.000 f
  U4372/Y (NAND2X1)                    1393936.000
                                                  162334112.000 r
  U4377/Y (NAND2X1)                    865888.000 163200000.000 f
  U4381/Y (NAND2X1)                    1341792.000
                                                  164541792.000 r
  U4382/Y (INVX1)                      1116608.000
                                                  165658400.000 f
  U4387/Y (NAND2X1)                    919328.000 166577728.000 r
  U4392/Y (NAND2X1)                    848048.000 167425776.000 f
  U4394/Y (NAND2X1)                    885520.000 168311296.000 r
  U4398/Y (OR2X1)                      2612224.000
                                                  170923520.000 r
  U4399/Y (NAND2X1)                    797408.000 171720928.000 f
  U4401/Y (NAND2X1)                    885376.000 172606304.000 r
  U4404/Y (OR2X1)                      2605504.000
                                                  175211808.000 r
  U626/Y (AND2X1)                      2196880.000
                                                  177408688.000 r
  U510/Y (INVX1)                       725472.000 178134160.000 f
  U4405/Y (INVX1)                      1027664.000
                                                  179161824.000 r
  U627/Y (INVX1)                       685216.000 179847040.000 f
  U4422/Y (NAND2X1)                    1286848.000
                                                  181133888.000 r
  U4424/Y (NAND2X1)                    929312.000 182063200.000 f
  U391/Y (INVX1)                       226432.000 182289632.000 r
  U392/Y (INVX1)                       646688.000 182936320.000 f
  U4425/Y (NOR2X1)                     1157696.000
                                                  184094016.000 r
  U4431/Y (NOR2X1)                     151360.000 184245376.000 f
  U4437/Y (NAND2X1)                    880624.000 185126000.000 r
  U4439/Y (NAND2X1)                    930960.000 186056960.000 f
  U4440/Y (NAND2X1)                    1394976.000
                                                  187451936.000 r
  U4444/Y (NAND2X1)                    866048.000 188317984.000 f
  U4448/Y (NAND2X1)                    885296.000 189203280.000 r
  U4453/Y (OR2X1)                      2561248.000
                                                  191764528.000 r
  U4457/Y (NAND2X1)                    804768.000 192569296.000 f
  U4459/Y (NAND2X1)                    1341904.000
                                                  193911200.000 r
  U4460/Y (INVX1)                      1116208.000
                                                  195027408.000 f
  U4461/Y (NAND2X1)                    1284240.000
                                                  196311648.000 r
  U4466/Y (NAND2X1)                    848064.000 197159712.000 f
  U4468/Y (NAND2X1)                    885504.000 198045216.000 r
  U4473/Y (OR2X1)                      2606816.000
                                                  200652032.000 r
  U4477/Y (NAND2X1)                    797440.000 201449472.000 f
  U4479/Y (NAND2X1)                    1341888.000
                                                  202791360.000 r
  U4480/Y (INVX1)                      1096592.000
                                                  203887952.000 f
  U4481/Y (NAND2X1)                    1284288.000
                                                  205172240.000 r
  U4482/Y (NAND2X1)                    848080.000 206020320.000 f
  U4484/Y (NAND2X1)                    879600.000 206899920.000 r
  U4485/Y (NAND2X1)                    1155984.000
                                                  208055904.000 f
  U637/Y (AND2X1)                      2066096.000
                                                  210122000.000 f
  U4557/Y (AND2X1)                     1846512.000
                                                  211968512.000 f
  U4561/Y (NOR2X1)                     1213472.000
                                                  213181984.000 r
  U4563/Y (NAND2X1)                    837600.000 214019584.000 f
  U4568/Y (OR2X1)                      2087728.000
                                                  216107312.000 f
  U4572/Y (NAND2X1)                    872144.000 216979456.000 r
  U4574/Y (NAND2X1)                    866848.000 217846304.000 f
  U4575/Y (OR2X1)                      2087728.000
                                                  219934032.000 f
  U4579/Y (NAND2X1)                    872128.000 220806160.000 r
  U4581/Y (NAND2X1)                    866096.000 221672256.000 f
  U4582/Y (NAND2X1)                    1400352.000
                                                  223072608.000 r
  U4584/Y (NAND2X1)                    867744.000 223940352.000 f
  U4588/Y (OR2X1)                      2087712.000
                                                  226028064.000 f
  U4592/Y (NAND2X1)                    872144.000 226900208.000 r
  U4594/Y (NAND2X1)                    866864.000 227767072.000 f
  U4595/Y (NAND2X1)                    1400096.000
                                                  229167168.000 r
  U4597/Y (NAND2X1)                    866864.000 230034032.000 f
  U4598/Y (NAND2X1)                    1400080.000
                                                  231434112.000 r
  U4600/Y (NAND2X1)                    866864.000 232300976.000 f
  U4602/Y (NAND2X1)                    879376.000 233180352.000 r
  U4603/Y (NAND2X1)                    1154816.000
                                                  234335168.000 f
  U1142/Y (AND2X1)                     2048576.000
                                                  236383744.000 f
  U267/Y (AND2X1)                      2426448.000
                                                  238810192.000 f
  U268/Y (INVX1)                       -1391680.000
                                                  237418512.000 r
  U4611/Y (NAND2X1)                    800432.000 238218944.000 f
  U4616/Y (NAND2X1)                    875120.000 239094064.000 r
  out[0] (out)                            0.000   239094064.000 r
  data arrival time                               239094064.000

  clock clk (rise edge)                250000000.000
                                                  250000000.000
  clock network delay (ideal)             0.000   250000000.000
  clock reconvergence pessimism           0.000   250000000.000
  output external delay                   0.000   250000000.000
  data required time                              250000000.000
  ---------------------------------------------------------------
  data required time                              250000000.000
  data arrival time                               -239094064.000
  ---------------------------------------------------------------
  slack (MET)                                     10905936.000


1
