****************************************
Report : timing
	-path_type full
	-delay_type max
	-max_paths 1
	-sort_by slack
Design : top
Version: S-2021.06-SP1
Date   : Fri Dec  9 15:05:19 2022
****************************************


  Startpoint: inp[31] (input port clocked by clk)
  Endpoint: out[0] (output port clocked by clk)
  Path Group: clk
  Path Type: max

  Point                                    Incr       Path
  ---------------------------------------------------------------
  clock clk (rise edge)                   0.000      0.000
  clock network delay (ideal)             0.000      0.000
  input external delay                    0.000      0.000 r
  inp[31] (in)                            0.000      0.000 r
  U116/Y (AND2X1)                      2207108.000
                                                  2207108.000 r
  U117/Y (INVX1)                       705440.000 2912548.000 f
  U326/Y (NAND2X1)                     918764.000 3831312.000 r
  U226/Y (AND2X1)                      2174720.000
                                                  6006032.000 r
  U227/Y (INVX1)                       715736.000 6721768.000 f
  U97/Y (AND2X1)                       2034888.000
                                                  8756656.000 f
  U98/Y (INVX1)                        -1173060.000
                                                  7583596.000 r
  U296/Y (AND2X1)                      1888532.000
                                                  9472128.000 r
  U188/Y (AND2X1)                      1836548.000
                                                  11308676.000 r
  U189/Y (INVX1)                       705216.000 12013892.000 f
  U260/Y (AND2X1)                      2037096.000
                                                  14050988.000 f
  U132/Y (AND2X1)                      2051604.000
                                                  16102592.000 f
  U133/Y (INVX1)                       -1189960.000
                                                  14912632.000 r
  U236/Y (AND2X1)                      2199072.000
                                                  17111704.000 r
  U237/Y (INVX1)                       708028.000 17819732.000 f
  U88/Y (XOR2X1)                       5588208.000
                                                  23407940.000 r
  U156/Y (AND2X1)                      2174350.000
                                                  25582290.000 r
  U157/Y (INVX1)                       715634.000 26297924.000 f
  U272/Y (AND2X1)                      2460932.000
                                                  28758856.000 f
  U273/Y (INVX1)                       -1189000.000
                                                  27569856.000 r
  U200/Y (AND2X1)                      2199074.000
                                                  29768930.000 r
  U201/Y (INVX1)                       707808.000 30476738.000 f
  U358/Y (NAND2X1)                     918802.000 31395540.000 r
  U130/Y (AND2X1)                      1818804.000
                                                  33214344.000 r
  U131/Y (INVX1)                       708096.000 33922440.000 f
  U360/Y (AND2X1)                      2238236.000
                                                  36160676.000 f
  U210/Y (AND2X1)                      2050276.000
                                                  38210952.000 f
  U211/Y (INVX1)                       -1175376.000
                                                  37035576.000 r
  U89/Y (AND2X1)                       2198880.000
                                                  39234456.000 r
  U90/Y (INVX1)                        707644.000 39942100.000 f
  U91/Y (OR2X1)                        2316124.000
                                                  42258224.000 f
  U92/Y (INVX1)                        -983712.000
                                                  41274512.000 r
  U390/Y (NOR2X1)                      547624.000 41822136.000 f
  U393/Y (NOR2X1)                      1185408.000
                                                  43007544.000 r
  U164/Y (AND2X1)                      2179172.000
                                                  45186716.000 r
  U165/Y (INVX1)                       714064.000 45900780.000 f
  U158/Y (AND2X1)                      2458080.000
                                                  48358860.000 f
  U159/Y (INVX1)                       -1187240.000
                                                  47171620.000 r
  U266/Y (AND2X1)                      2199072.000
                                                  49370692.000 r
  U267/Y (INVX1)                       707808.000 50078500.000 f
  U168/Y (AND2X1)                      2458052.000
                                                  52536552.000 f
  U169/Y (INVX1)                       -1187436.000
                                                  51349116.000 r
  U123/Y (NAND2X1)                     1049996.000
                                                  52399112.000 f
  U172/Y (AND2X1)                      2044128.000
                                                  54443240.000 f
  U173/Y (INVX1)                       -1340508.000
                                                  53102732.000 r
  U411/Y (AND2X1)                      1326576.000
                                                  54429308.000 r
  U178/Y (AND2X1)                      2191140.000
                                                  56620448.000 r
  U179/Y (INVX1)                       710164.000 57330612.000 f
  U413/Y (NAND2X1)                     1279684.000
                                                  58610296.000 r
  out[0] (out)                            0.000   58610296.000 r
  data arrival time                               58610296.000

  clock clk (rise edge)                200000000.000
                                                  200000000.000
  clock network delay (ideal)             0.000   200000000.000
  clock reconvergence pessimism           0.000   200000000.000
  output external delay                   0.000   200000000.000
  data required time                              200000000.000
  ---------------------------------------------------------------
  data required time                              200000000.000
  data arrival time                               -58610296.000
  ---------------------------------------------------------------
  slack (MET)                                     141389696.000


1
