 
****************************************
Report : area
Design : top
Version: S-2021.06-SP2
Date   : Tue Nov 29 14:33:56 2022
****************************************

Library(s) Used:

    PPDK_Standard_Library_1.0V_25C_TYP_X1 (File: /home/akokkinis/synLibs/egfet/db/EGFET_1.0V.db)

Number of ports:                           68
Number of nets:                          9431
Number of cells:                         9367
Number of combinational cells:           9367
Number of sequential cells:                 0
Number of macros/black boxes:               0
Number of buf/inv:                       1416
Number of references:                       7

Combinational area:         4383517329.000000
Buf/Inv area:                323442720.000000
Noncombinational area:               0.000000
Macro/Black Box area:                0.000000
Net Interconnect area:      undefined  (No wire load specified)

Total cell area:            4383517329.000000
Total area:                 undefined
1
