 
****************************************
Report : timing
        -path full
        -delay max
        -max_paths 1
Design : top
Version: S-2021.06-SP2
Date   : Sun Dec  4 23:03:59 2022
****************************************

Operating Conditions: TT   Library: PPDK_Standard_Library_0.6V_25C_TYP_X1
Wire Load Model Mode: top

  Startpoint: inp[0] (input port clocked by clk)
  Endpoint: out[0] (output port clocked by clk)
  Path Group: clk
  Path Type: max

  Point                                    Incr       Path
  -----------------------------------------------------------
  clock clk (rise edge)                   0.000      0.000
  clock network delay (ideal)             0.000      0.000
  input external delay                    0.000      0.000 f
  inp[0] (in)                             0.000      0.000 f
  U309/Y (XNOR2X1)                     8724056.000
                                                  8724056.000 f
  U310/Y (INVX1)                       -697402.500
                                                  8026653.500 r
  U670/Y (AND2X1)                      3052121.500
                                                  11078775.000 r
  U671/Y (OR2X1)                       4508517.000
                                                  15587292.000 r
  U311/Y (XNOR2X1)                     8167974.000
                                                  23755266.000 r
  U312/Y (INVX1)                       1437974.000
                                                  25193240.000 f
  U674/Y (AND2X1)                      3159622.000
                                                  28352862.000 f
  U675/Y (OR2X1)                       3446528.000
                                                  31799390.000 f
  U176/Y (XNOR2X1)                     8854010.000
                                                  40653400.000 f
  U177/Y (INVX1)                       -142940.000
                                                  40510460.000 r
  U174/Y (INVX1)                       1007416.000
                                                  41517876.000 f
  U175/Y (INVX1)                       423228.000 41941104.000 r
  U228/Y (XNOR2X1)                     8158152.000
                                                  50099256.000 r
  U229/Y (INVX1)                       1530132.000
                                                  51629388.000 f
  U226/Y (INVX1)                       867644.000 52497032.000 r
  U227/Y (INVX1)                       821056.000 53318088.000 f
  U689/Y (NOR2X1)                      1420044.000
                                                  54738132.000 r
  U708/Y (NOR2X1)                      1305384.000
                                                  56043516.000 f
  U709/Y (NOR2X1)                      1419852.000
                                                  57463368.000 r
  U794/Y (INVX1)                       1216216.000
                                                  58679584.000 f
  U795/Y (NAND2X1)                     952992.000 59632576.000 r
  U796/Y (NAND2X1)                     2597712.000
                                                  62230288.000 f
  U799/Y (NAND2X1)                     601944.000 62832232.000 r
  U291/Y (AND2X1)                      2523296.000
                                                  65355528.000 r
  U292/Y (INVX1)                       1094176.000
                                                  66449704.000 f
  U809/Y (AND2X1)                      2575232.000
                                                  69024936.000 f
  U810/Y (NOR2X1)                      985696.000 70010632.000 r
  U421/Y (XNOR2X1)                     8139664.000
                                                  78150296.000 r
  U811/Y (INVX1)                       1511256.000
                                                  79661552.000 f
  U812/Y (NAND2X1)                     1354456.000
                                                  81016008.000 r
  U164/Y (INVX1)                       1436312.000
                                                  82452320.000 f
  U165/Y (INVX1)                       438416.000 82890736.000 r
  U200/Y (AND2X1)                      2912664.000
                                                  85803400.000 r
  U322/Y (XNOR2X1)                     8160000.000
                                                  93963400.000 r
  U321/Y (INVX1)                       1543416.000
                                                  95506816.000 f
  U186/Y (XNOR2X1)                     8734864.000
                                                  104241680.000 f
  U187/Y (INVX1)                       -143032.000
                                                  104098648.000 r
  U184/Y (INVX1)                       1007424.000
                                                  105106072.000 f
  U185/Y (INVX1)                       423240.000 105529312.000 r
  U864/Y (NAND2X1)                     1520880.000
                                                  107050192.000 f
  U303/Y (AND2X1)                      3546520.000
                                                  110596712.000 f
  U870/Y (NAND2X1)                     826168.000 111422880.000 r
  U871/Y (NAND2X1)                     2836336.000
                                                  114259216.000 f
  U872/Y (NAND2X1)                     892608.000 115151824.000 r
  U245/Y (XNOR2X1)                     8157416.000
                                                  123309240.000 r
  U246/Y (INVX1)                       1506504.000
                                                  124815744.000 f
  U219/Y (XNOR2X1)                     8510144.000
                                                  133325888.000 f
  U220/Y (INVX1)                       -142976.000
                                                  133182912.000 r
  U217/Y (INVX1)                       1007424.000
                                                  134190336.000 f
  U218/Y (INVX1)                       423440.000 134613776.000 r
  U234/Y (OR2X1)                       2925936.000
                                                  137539712.000 r
  U899/Y (NAND2X1)                     2556208.000
                                                  140095920.000 f
  U900/Y (INVX1)                       -681920.000
                                                  139414000.000 r
  U903/Y (OR2X1)                       2636944.000
                                                  142050944.000 r
  U904/Y (NAND2X1)                     2552832.000
                                                  144603776.000 f
  U905/Y (INVX1)                       -657984.000
                                                  143945792.000 r
  U911/Y (NAND2X1)                     1524000.000
                                                  145469792.000 f
  U912/Y (AND2X1)                      2996928.000
                                                  148466720.000 f
  U913/Y (NAND2X1)                     1270400.000
                                                  149737120.000 r
  U225/Y (INVX1)                       1524432.000
                                                  151261552.000 f
  U402/Y (INVX1)                       908912.000 152170464.000 r
  U940/Y (NAND2X1)                     2554688.000
                                                  154725152.000 f
  U941/Y (AND2X1)                      2656624.000
                                                  157381776.000 f
  U942/Y (NOR2X1)                      978864.000 158360640.000 r
  U943/Y (NAND2X1)                     2554240.000
                                                  160914880.000 f
  U952/Y (NAND2X1)                     627664.000 161542544.000 r
  U953/Y (NAND2X1)                     2780768.000
                                                  164323312.000 f
  U954/Y (NAND2X1)                     884240.000 165207552.000 r
  U966/Y (OR2X1)                       6744576.000
                                                  171952128.000 r
  U967/Y (NAND2X1)                     2157472.000
                                                  174109600.000 f
  U968/Y (NAND2X1)                     843872.000 174953472.000 r
  U973/Y (AND2X1)                      3955216.000
                                                  178908688.000 r
  U980/Y (OR2X1)                       4900592.000
                                                  183809280.000 r
  U984/Y (NAND2X1)                     1535232.000
                                                  185344512.000 f
  U986/Y (NAND2X1)                     630112.000 185974624.000 r
  U987/Y (NOR2X1)                      1305264.000
                                                  187279888.000 f
  U989/Y (NAND2X1)                     645232.000 187925120.000 r
  U991/Y (NAND2X1)                     2780608.000
                                                  190705728.000 f
  U993/Y (NAND2X1)                     640384.000 191346112.000 r
  U995/Y (NOR2X1)                      1301888.000
                                                  192648000.000 f
  U996/Y (NOR2X1)                      968480.000 193616480.000 r
  U997/Y (NAND2X1)                     1494640.000
                                                  195111120.000 f
  U999/Y (AND2X1)                      2668688.000
                                                  197779808.000 f
  U1000/Y (NOR2X1)                     973744.000 198753552.000 r
  out[0] (out)                            0.000   198753552.000 r
  data arrival time                               198753552.000

  clock clk (rise edge)                200000000.000
                                                  200000000.000
  clock network delay (ideal)             0.000   200000000.000
  output external delay                   0.000   200000000.000
  data required time                              200000000.000
  -----------------------------------------------------------
  data required time                              200000000.000
  data arrival time                               -198753552.000
  -----------------------------------------------------------
  slack (MET)                                     1246448.000


1
