****************************************
Report : timing
	-path_type full
	-delay_type max
	-max_paths 1
	-sort_by slack
Design : top
Version: S-2021.06-SP1
Date   : Sun Dec  4 23:04:05 2022
****************************************


  Startpoint: inp[0] (input port clocked by clk)
  Endpoint: out[0] (output port clocked by clk)
  Path Group: clk
  Path Type: max

  Point                                    Incr       Path
  ---------------------------------------------------------------
  clock clk (rise edge)                   0.000      0.000
  clock network delay (ideal)             0.000      0.000
  input external delay                    0.000      0.000 f
  inp[0] (in)                             0.000      0.000 f
  U309/Y (XNOR2X1)                     8724048.000
                                                  8724048.000 f
  U310/Y (INVX1)                       -697440.000
                                                  8026608.000 r
  U670/Y (AND2X1)                      3052128.000
                                                  11078736.000 r
  U671/Y (OR2X1)                       4508480.000
                                                  15587216.000 r
  U311/Y (XNOR2X1)                     8167968.000
                                                  23755184.000 r
  U312/Y (INVX1)                       1437968.000
                                                  25193152.000 f
  U674/Y (AND2X1)                      3159616.000
                                                  28352768.000 f
  U675/Y (OR2X1)                       3446480.000
                                                  31799248.000 f
  U176/Y (XNOR2X1)                     8854016.000
                                                  40653264.000 f
  U177/Y (INVX1)                       -142928.000
                                                  40510336.000 r
  U174/Y (INVX1)                       1007408.000
                                                  41517744.000 f
  U175/Y (INVX1)                       423232.000 41940976.000 r
  U228/Y (XNOR2X1)                     8158128.000
                                                  50099104.000 r
  U229/Y (INVX1)                       1530144.000
                                                  51629248.000 f
  U226/Y (INVX1)                       867648.000 52496896.000 r
  U227/Y (INVX1)                       821056.000 53317952.000 f
  U689/Y (NOR2X1)                      1420048.000
                                                  54738000.000 r
  U708/Y (NOR2X1)                      1305424.000
                                                  56043424.000 f
  U709/Y (NOR2X1)                      1419840.000
                                                  57463264.000 r
  U794/Y (INVX1)                       1216224.000
                                                  58679488.000 f
  U795/Y (NAND2X1)                     952992.000 59632480.000 r
  U796/Y (NAND2X1)                     2597664.000
                                                  62230144.000 f
  U799/Y (NAND2X1)                     601936.000 62832080.000 r
  U291/Y (AND2X1)                      2523256.000
                                                  65355336.000 r
  U292/Y (INVX1)                       1094176.000
                                                  66449512.000 f
  U809/Y (AND2X1)                      2575232.000
                                                  69024744.000 f
  U810/Y (NOR2X1)                      985712.000 70010456.000 r
  U421/Y (XNOR2X1)                     8139576.000
                                                  78150032.000 r
  U811/Y (INVX1)                       1511264.000
                                                  79661296.000 f
  U812/Y (NAND2X1)                     1354456.000
                                                  81015752.000 r
  U164/Y (INVX1)                       1436328.000
                                                  82452080.000 f
  U165/Y (INVX1)                       438416.000 82890496.000 r
  U200/Y (AND2X1)                      2912680.000
                                                  85803176.000 r
  U322/Y (XNOR2X1)                     8160048.000
                                                  93963224.000 r
  U321/Y (INVX1)                       1543416.000
                                                  95506640.000 f
  U186/Y (XNOR2X1)                     8734872.000
                                                  104241512.000 f
  U187/Y (INVX1)                       -143024.000
                                                  104098488.000 r
  U184/Y (INVX1)                       1007424.000
                                                  105105912.000 f
  U185/Y (INVX1)                       423240.000 105529152.000 r
  U864/Y (NAND2X1)                     1520888.000
                                                  107050040.000 f
  U303/Y (AND2X1)                      3546536.000
                                                  110596576.000 f
  U870/Y (NAND2X1)                     826160.000 111422736.000 r
  U871/Y (NAND2X1)                     2836352.000
                                                  114259088.000 f
  U872/Y (NAND2X1)                     892624.000 115151712.000 r
  U245/Y (XNOR2X1)                     8157456.000
                                                  123309168.000 r
  U246/Y (INVX1)                       1506488.000
                                                  124815656.000 f
  U219/Y (XNOR2X1)                     8510176.000
                                                  133325832.000 f
  U220/Y (INVX1)                       -142968.000
                                                  133182864.000 r
  U217/Y (INVX1)                       1007424.000
                                                  134190288.000 f
  U218/Y (INVX1)                       423440.000 134613728.000 r
  U234/Y (OR2X1)                       2925952.000
                                                  137539680.000 r
  U899/Y (NAND2X1)                     2556192.000
                                                  140095872.000 f
  U900/Y (INVX1)                       -681936.000
                                                  139413936.000 r
  U903/Y (OR2X1)                       2636944.000
                                                  142050880.000 r
  U904/Y (NAND2X1)                     2552832.000
                                                  144603712.000 f
  U905/Y (INVX1)                       -657968.000
                                                  143945744.000 r
  U911/Y (NAND2X1)                     1524000.000
                                                  145469744.000 f
  U912/Y (AND2X1)                      2996944.000
                                                  148466688.000 f
  U913/Y (NAND2X1)                     1270416.000
                                                  149737104.000 r
  U225/Y (INVX1)                       1524432.000
                                                  151261536.000 f
  U402/Y (INVX1)                       908928.000 152170464.000 r
  U940/Y (NAND2X1)                     2554672.000
                                                  154725136.000 f
  U941/Y (AND2X1)                      2656656.000
                                                  157381792.000 f
  U942/Y (NOR2X1)                      978848.000 158360640.000 r
  U943/Y (NAND2X1)                     2554240.000
                                                  160914880.000 f
  U952/Y (NAND2X1)                     627664.000 161542544.000 r
  U953/Y (NAND2X1)                     2780784.000
                                                  164323328.000 f
  U954/Y (NAND2X1)                     884240.000 165207568.000 r
  U966/Y (OR2X1)                       6744576.000
                                                  171952144.000 r
  U967/Y (NAND2X1)                     2157456.000
                                                  174109600.000 f
  U968/Y (NAND2X1)                     843872.000 174953472.000 r
  U973/Y (AND2X1)                      3955232.000
                                                  178908704.000 r
  U980/Y (OR2X1)                       4900608.000
                                                  183809312.000 r
  U984/Y (NAND2X1)                     1535248.000
                                                  185344560.000 f
  U986/Y (NAND2X1)                     630096.000 185974656.000 r
  U987/Y (NOR2X1)                      1305312.000
                                                  187279968.000 f
  U989/Y (NAND2X1)                     645232.000 187925200.000 r
  U991/Y (NAND2X1)                     2780608.000
                                                  190705808.000 f
  U993/Y (NAND2X1)                     640384.000 191346192.000 r
  U995/Y (NOR2X1)                      1301936.000
                                                  192648128.000 f
  U996/Y (NOR2X1)                      968480.000 193616608.000 r
  U997/Y (NAND2X1)                     1494624.000
                                                  195111232.000 f
  U999/Y (AND2X1)                      2668720.000
                                                  197779952.000 f
  U1000/Y (NOR2X1)                     973744.000 198753696.000 r
  out[0] (out)                            0.000   198753696.000 r
  data arrival time                               198753696.000

  clock clk (rise edge)                200000000.000
                                                  200000000.000
  clock network delay (ideal)             0.000   200000000.000
  clock reconvergence pessimism           0.000   200000000.000
  output external delay                   0.000   200000000.000
  data required time                              200000000.000
  ---------------------------------------------------------------
  data required time                              200000000.000
  data arrival time                               -198753696.000
  ---------------------------------------------------------------
  slack (MET)                                     1246304.000


1
