 
****************************************
Report : timing
        -path full
        -delay max
        -max_paths 1
Design : top
Version: S-2021.06-SP2
Date   : Tue Nov 29 16:53:39 2022
****************************************

Operating Conditions: TT   Library: PPDK_Standard_Library_0.8V_25C_TYP_X1
Wire Load Model Mode: top

  Startpoint: inp[7] (input port clocked by clk)
  Endpoint: out[0] (output port clocked by clk)
  Path Group: clk
  Path Type: max

  Point                                    Incr       Path
  -----------------------------------------------------------
  clock clk (rise edge)                   0.000      0.000
  clock network delay (ideal)             0.000      0.000
  input external delay                    0.000      0.000 f
  inp[7] (in)                             0.000      0.000 f
  U612/Y (INVX1)                       584281.438 584281.438 r
  U552/Y (AND2X1)                      2584605.500
                                                  3168887.000 r
  U553/Y (INVX1)                       795970.000 3964857.000 f
  U613/Y (NAND2X1)                     1621218.000
                                                  5586075.000 r
  U614/Y (INVX1)                       1247191.500
                                                  6833266.500 f
  U364/Y (AND2X1)                      2298946.500
                                                  9132213.000 f
  U365/Y (INVX1)                       -1176003.500
                                                  7956209.500 r
  U462/Y (AND2X1)                      2505946.500
                                                  10462156.000 r
  U463/Y (INVX1)                       789588.000 11251744.000 f
  U568/Y (XNOR2X1)                     6852556.000
                                                  18104300.000 f
  U569/Y (INVX1)                       -1245360.000
                                                  16858940.000 r
  U581/Y (XNOR2X1)                     6763808.000
                                                  23622748.000 r
  U582/Y (INVX1)                       913188.000 24535936.000 f
  U621/Y (XOR2X1)                      6261858.000
                                                  30797794.000 r
  U622/Y (INVX1)                       1341668.000
                                                  32139462.000 f
  U597/Y (XNOR2X1)                     7361518.000
                                                  39500980.000 f
  U598/Y (INVX1)                       -1244960.000
                                                  38256020.000 r
  U380/Y (AND2X1)                      2102948.000
                                                  40358968.000 r
  U381/Y (INVX1)                       788964.000 41147932.000 f
  U343/Y (AND2X1)                      2572216.000
                                                  43720148.000 f
  U329/Y (OR2X1)                       2641240.000
                                                  46361388.000 f
  U330/Y (INVX1)                       -1002912.000
                                                  45358476.000 r
  U579/Y (AND2X1)                      2509316.000
                                                  47867792.000 r
  U580/Y (INVX1)                       789712.000 48657504.000 f
  U366/Y (AND2X1)                      2299060.000
                                                  50956564.000 f
  U367/Y (INVX1)                       -1174752.000
                                                  49781812.000 r
  U655/Y (NOR2X1)                      1083632.000
                                                  50865444.000 f
  U331/Y (AND2X1)                      2832880.000
                                                  53698324.000 f
  U332/Y (INVX1)                       -1278220.000
                                                  52420104.000 r
  U418/Y (AND2X1)                      2505948.000
                                                  54926052.000 r
  U419/Y (INVX1)                       788960.000 55715012.000 f
  U508/Y (AND2X1)                      2299020.000
                                                  58014032.000 f
  U509/Y (INVX1)                       -1302484.000
                                                  56711548.000 r
  U476/Y (AND2X1)                      2505948.000
                                                  59217496.000 r
  U477/Y (INVX1)                       789588.000 60007084.000 f
  U604/Y (XNOR2X1)                     7364868.000
                                                  67371952.000 f
  U605/Y (INVX1)                       -1261880.000
                                                  66110072.000 r
  U348/Y (AND2X1)                      2102952.000
                                                  68213024.000 r
  U349/Y (INVX1)                       774992.000 68988016.000 f
  U317/Y (AND2X1)                      2833280.000
                                                  71821296.000 f
  U318/Y (INVX1)                       -1174864.000
                                                  70646432.000 r
  U295/Y (AND2X1)                      2102952.000
                                                  72749384.000 r
  U296/Y (INVX1)                       788960.000 73538344.000 f
  U301/Y (AND2X1)                      2833280.000
                                                  76371624.000 f
  U302/Y (INVX1)                       -1174800.000
                                                  75196824.000 r
  U600/Y (AND2X1)                      2516672.000
                                                  77713496.000 r
  U601/Y (INVX1)                       798768.000 78512264.000 f
  U671/Y (NOR2X1)                      1064672.000
                                                  79576936.000 r
  U424/Y (AND2X1)                      1914744.000
                                                  81491680.000 r
  U425/Y (INVX1)                       831352.000 82323032.000 f
  U528/Y (AND2X1)                      2299008.000
                                                  84622040.000 f
  U529/Y (INVX1)                       -1160368.000
                                                  83461672.000 r
  U416/Y (AND2X1)                      2102952.000
                                                  85564624.000 r
  U417/Y (INVX1)                       788960.000 86353584.000 f
  U480/Y (AND2X1)                      2840184.000
                                                  89193768.000 f
  U481/Y (INVX1)                       -1164248.000
                                                  88029520.000 r
  U267/Y (AND2X1)                      2102952.000
                                                  90132472.000 r
  U268/Y (INVX1)                       773672.000 90906144.000 f
  U303/Y (AND2X1)                      2833280.000
                                                  93739424.000 f
  U304/Y (INVX1)                       -1174864.000
                                                  92564560.000 r
  U252/Y (AND2X1)                      2102952.000
                                                  94667512.000 r
  U253/Y (INVX1)                       788968.000 95456480.000 f
  U325/Y (OR2X1)                       2680936.000
                                                  98137416.000 f
  U326/Y (INVX1)                       -1002784.000
                                                  97134632.000 r
  U701/Y (NOR2X1)                      954224.000 98088856.000 f
  U704/Y (NOR2X1)                      1071376.000
                                                  99160232.000 r
  U315/Y (AND2X1)                      1914640.000
                                                  101074872.000 r
  U316/Y (INVX1)                       831384.000 101906256.000 f
  U498/Y (AND2X1)                      2833280.000
                                                  104739536.000 f
  U499/Y (INVX1)                       -1174688.000
                                                  103564848.000 r
  U706/Y (NOR2X1)                      952472.000 104517320.000 f
  out[0] (out)                            0.000   104517320.000 f
  data arrival time                               104517320.000

  clock clk (rise edge)                250000000.000
                                                  250000000.000
  clock network delay (ideal)             0.000   250000000.000
  output external delay                   0.000   250000000.000
  data required time                              250000000.000
  -----------------------------------------------------------
  data required time                              250000000.000
  data arrival time                               -104517320.000
  -----------------------------------------------------------
  slack (MET)                                     145482688.000


1
