****************************************
Report : Averaged Power
Design : top
Version: S-2021.06-SP1
Date   : Tue Nov 29 16:53:54 2022
****************************************



  Attributes
  ----------
      i  -  Including register clock pin internal power
      u  -  User defined power group

                        Internal  Switching  Leakage    Total
Power Group             Power     Power      Power      Power   (     %)  Attrs
--------------------------------------------------------------------------------
clock_network              0.0000    0.0000    0.0000    0.0000 ( 0.00%)  i
register                   0.0000    0.0000    0.0000    0.0000 ( 0.00%)  
combinational           2.156e-04 1.245e-06 3.819e-03 4.036e-03 (100.00%) 
sequential                 0.0000    0.0000    0.0000    0.0000 ( 0.00%)  
memory                     0.0000    0.0000    0.0000    0.0000 ( 0.00%)  
io_pad                     0.0000    0.0000    0.0000    0.0000 ( 0.00%)  
black_box                  0.0000    0.0000    0.0000    0.0000 ( 0.00%)  

  Net Switching Power  = 1.245e-06   ( 0.03%)
  Cell Internal Power  = 2.156e-04   ( 5.34%)
  Cell Leakage Power   = 3.819e-03   (94.63%)
                         ---------
Total Power            = 4.036e-03  (100.00%)

1
