****************************************
Report : timing
	-path_type full
	-delay_type max
	-max_paths 1
	-sort_by slack
Design : top
Version: S-2021.06-SP1
Date   : Fri Dec 16 14:29:06 2022
****************************************


  Startpoint: inp[29] (input port clocked by clk)
  Endpoint: out[0] (output port clocked by clk)
  Path Group: clk
  Path Type: max

  Point                                    Incr       Path
  ---------------------------------------------------------------
  clock clk (rise edge)                   0.000      0.000
  clock network delay (ideal)             0.000      0.000
  input external delay                    0.000      0.000 f
  inp[29] (in)                            0.000      0.000 f
  U1269/Y (INVX1)                      608336.000 608336.000 r
  U1270/Y (NAND2X1)                    1054240.000
                                                  1662576.000 f
  U1271/Y (NAND2X1)                    1385920.000
                                                  3048496.000 r
  U1272/Y (NAND2X1)                    1153344.000
                                                  4201840.000 f
  U1274/Y (NAND2X1)                    879632.000 5081472.000 r
  U1275/Y (NAND2X1)                    1128544.000
                                                  6210016.000 f
  U428/Y (XNOR2X1)                     6243968.000
                                                  12453984.000 f
  U1277/Y (XOR2X1)                     5951040.000
                                                  18405024.000 r
  U723/Y (AND2X1)                      1781936.000
                                                  20186960.000 r
  U724/Y (INVX1)                       715632.000 20902592.000 f
  U1286/Y (AND2X1)                     2243888.000
                                                  23146480.000 f
  U1305/Y (XOR2X1)                     5461360.000
                                                  28607840.000 r
  U631/Y (AND2X1)                      2174896.000
                                                  30782736.000 r
  U632/Y (INVX1)                       715456.000 31498192.000 f
  U1306/Y (NAND2X1)                    1297408.000
                                                  32795600.000 r
  U1366/Y (XOR2X1)                     4758400.000
                                                  37554000.000 f
  U1400/Y (XOR2X1)                     5406464.000
                                                  42960464.000 r
  U1403/Y (XOR2X1)                     4226240.000
                                                  47186704.000 f
  U1405/Y (OR2X1)                      2058256.000
                                                  49244960.000 f
  U1406/Y (NAND2X1)                    1424736.000
                                                  50669696.000 r
  U1424/Y (XOR2X1)                     4650512.000
                                                  55320208.000 f
  U619/Y (AND2X1)                      2066800.000
                                                  57387008.000 f
  U620/Y (INVX1)                       -1448096.000
                                                  55938912.000 r
  U1426/Y (NAND2X1)                    1054096.000
                                                  56993008.000 f
  U1428/Y (XOR2X1)                     5245312.000
                                                  62238320.000 r
  U443/Y (AND2X1)                      1818256.000
                                                  64056576.000 r
  U444/Y (INVX1)                       715040.000 64771616.000 f
  U1443/Y (AND2X1)                     2243888.000
                                                  67015504.000 f
  U1449/Y (XOR2X1)                     5952032.000
                                                  72967536.000 r
  U1459/Y (NAND2X1)                    931312.000 73898848.000 f
  U1460/Y (NAND2X1)                    1752608.000
                                                  75651456.000 r
  U1469/Y (NAND2X1)                    1153680.000
                                                  76805136.000 f
  U1474/Y (AND2X1)                     1853520.000
                                                  78658656.000 f
  U1475/Y (NOR2X1)                     1637600.000
                                                  80296256.000 r
  U1476/Y (INVX1)                      1004352.000
                                                  81300608.000 f
  U1484/Y (NOR2X1)                     1157248.000
                                                  82457856.000 r
  U349/Y (AND2X1)                      1837504.000
                                                  84295360.000 r
  U350/Y (INVX1)                       725200.000 85020560.000 f
  U415/Y (NAND2X1)                     1799520.000
                                                  86820080.000 r
  U391/Y (INVX1)                       1240848.000
                                                  88060928.000 f
  U392/Y (INVX1)                       968000.000 89028928.000 r
  U1030/Y (INVX1)                      646032.000 89674960.000 f
  U3672/Y (NAND2X1)                    929920.000 90604880.000 r
  U3680/Y (NAND2X1)                    853840.000 91458720.000 f
  U3682/Y (XOR2X1)                     5361312.000
                                                  96820032.000 r
  U965/Y (XNOR2X1)                     5474864.000
                                                  102294896.000 r
  U966/Y (INVX1)                       979600.000 103274496.000 f
  U3703/Y (XOR2X1)                     4917264.000
                                                  108191760.000 r
  U511/Y (AND2X1)                      1816144.000
                                                  110007904.000 r
  U512/Y (INVX1)                       715216.000 110723120.000 f
  U3715/Y (AND2X1)                     2243888.000
                                                  112967008.000 f
  U3719/Y (XOR2X1)                     5259496.000
                                                  118226504.000 r
  U804/Y (AND2X1)                      1816128.000
                                                  120042632.000 r
  U805/Y (INVX1)                       715904.000 120758536.000 f
  U3730/Y (NAND2X1)                    930056.000 121688592.000 r
  U3732/Y (XOR2X1)                     4835504.000
                                                  126524096.000 f
  U3757/Y (XOR2X1)                     5963504.000
                                                  132487600.000 r
  U3783/Y (INVX1)                      1271800.000
                                                  133759400.000 f
  U3784/Y (NAND2X1)                    919480.000 134678880.000 r
  U3785/Y (NAND2X1)                    1154544.000
                                                  135833424.000 f
  U3786/Y (NAND2X1)                    1400048.000
                                                  137233472.000 r
  U3788/Y (NAND2X1)                    931008.000 138164480.000 f
  U3789/Y (NAND2X1)                    1393984.000
                                                  139558464.000 r
  U870/Y (AND2X1)                      1795568.000
                                                  141354032.000 r
  U871/Y (INVX1)                       720240.000 142074272.000 f
  U3802/Y (NAND2X1)                    924544.000 142998816.000 r
  U3805/Y (NOR2X1)                     -290336.000
                                                  142708480.000 f
  U3812/Y (NAND2X1)                    880640.000 143589120.000 r
  U3815/Y (NAND2X1)                    866752.000 144455872.000 f
  U388/Y (AND2X1)                      2046048.000
                                                  146501920.000 f
  U389/Y (INVX1)                       -319872.000
                                                  146182048.000 r
  U3817/Y (INVX1)                      667408.000 146849456.000 f
  U390/Y (INVX1)                       481104.000 147330560.000 r
  U834/Y (AND2X1)                      2197376.000
                                                  149527936.000 r
  U835/Y (INVX1)                       708128.000 150236064.000 f
  U3837/Y (NAND2X1)                    924544.000 151160608.000 r
  U3838/Y (NOR2X1)                     -310448.000
                                                  150850160.000 f
  U3842/Y (NAND2X1)                    880384.000 151730544.000 r
  U3844/Y (NAND2X1)                    930992.000 152661536.000 f
  U3845/Y (NAND2X1)                    1395296.000
                                                  154056832.000 r
  U3849/Y (NAND2X1)                    866080.000 154922912.000 f
  U3853/Y (NAND2X1)                    1341792.000
                                                  156264704.000 r
  U3854/Y (INVX1)                      1116608.000
                                                  157381312.000 f
  U3859/Y (NAND2X1)                    919344.000 158300656.000 r
  U3863/Y (NAND2X1)                    848096.000 159148752.000 f
  U3865/Y (NAND2X1)                    1341936.000
                                                  160490688.000 r
  U3866/Y (INVX1)                      1095920.000
                                                  161586608.000 f
  U3867/Y (NAND2X1)                    1284304.000
                                                  162870912.000 r
  U3872/Y (NAND2X1)                    848064.000 163718976.000 f
  U3874/Y (NAND2X1)                    1341920.000
                                                  165060896.000 r
  U3875/Y (INVX1)                      1096448.000
                                                  166157344.000 f
  U3876/Y (NAND2X1)                    919328.000 167076672.000 r
  U3880/Y (NAND2X1)                    848096.000 167924768.000 f
  U3882/Y (NAND2X1)                    885504.000 168810272.000 r
  U3883/Y (OR2X1)                      2606848.000
                                                  171417120.000 r
  U3887/Y (NAND2X1)                    797440.000 172214560.000 f
  U3889/Y (NAND2X1)                    1341808.000
                                                  173556368.000 r
  U3893/Y (INVX1)                      1095600.000
                                                  174651968.000 f
  U3894/Y (NAND2X1)                    1284320.000
                                                  175936288.000 r
  U3895/Y (NAND2X1)                    1233120.000
                                                  177169408.000 f
  U409/Y (INVX1)                       226368.000 177395776.000 r
  U410/Y (INVX1)                       666096.000 178061872.000 f
  U3896/Y (INVX1)                      490800.000 178552672.000 r
  U3909/Y (NAND2X1)                    1055904.000
                                                  179608576.000 f
  U3912/Y (NAND2X1)                    1351104.000
                                                  180959680.000 r
  U3913/Y (NOR2X1)                     -318272.000
                                                  180641408.000 f
  U3917/Y (NOR2X1)                     1195888.000
                                                  181837296.000 r
  U3921/Y (NAND2X1)                    834464.000 182671760.000 f
  U3923/Y (NAND2X1)                    1341760.000
                                                  184013520.000 r
  U3924/Y (INVX1)                      1116208.000
                                                  185129728.000 f
  U3925/Y (NAND2X1)                    1284224.000
                                                  186413952.000 r
  U3929/Y (NAND2X1)                    848080.000 187262032.000 f
  U3931/Y (NAND2X1)                    1341776.000
                                                  188603808.000 r
  U3932/Y (INVX1)                      1095952.000
                                                  189699760.000 f
  U3937/Y (NAND2X1)                    919328.000 190619088.000 r
  U3941/Y (NAND2X1)                    848112.000 191467200.000 f
  U3943/Y (NAND2X1)                    1341776.000
                                                  192808976.000 r
  U3944/Y (INVX1)                      1096432.000
                                                  193905408.000 f
  U3949/Y (NAND2X1)                    919328.000 194824736.000 r
  U3953/Y (NAND2X1)                    848096.000 195672832.000 f
  U3955/Y (NAND2X1)                    1341760.000
                                                  197014592.000 r
  U3956/Y (INVX1)                      1096416.000
                                                  198111008.000 f
  U3957/Y (NAND2X1)                    1284304.000
                                                  199395312.000 r
  U3961/Y (NAND2X1)                    848080.000 200243392.000 f
  U3963/Y (NAND2X1)                    1341824.000
                                                  201585216.000 r
  U3964/Y (INVX1)                      1096432.000
                                                  202681648.000 f
  U3970/Y (NAND2X1)                    919328.000 203600976.000 r
  U3971/Y (NAND2X1)                    848112.000 204449088.000 f
  U3973/Y (NAND2X1)                    887760.000 205336848.000 r
  U3980/Y (OR2X1)                      2605776.000
                                                  207942624.000 r
  U3981/Y (NAND2X1)                    1218400.000
                                                  209161024.000 f
  U407/Y (INVX1)                       233920.000 209394944.000 r
  U408/Y (INVX1)                       667072.000 210062016.000 f
  U1036/Y (INVX1)                      494304.000 210556320.000 r
  U3985/Y (NOR2X1)                     499712.000 211056032.000 f
  U4165/Y (NOR2X1)                     1196048.000
                                                  212252080.000 r
  U4168/Y (NAND2X1)                    835712.000 213087792.000 f
  U4173/Y (OR2X1)                      2089008.000
                                                  215176800.000 f
  U4176/Y (NAND2X1)                    872128.000 216048928.000 r
  U566/Y (AND2X1)                      1795392.000
                                                  217844320.000 r
  U567/Y (INVX1)                       718752.000 218563072.000 f
  U4181/Y (OR2X1)                      2115280.000
                                                  220678352.000 f
  U4184/Y (NAND2X1)                    870736.000 221549088.000 r
  U4186/Y (NAND2X1)                    864544.000 222413632.000 f
  U4190/Y (OR2X1)                      2087712.000
                                                  224501344.000 f
  U4194/Y (NAND2X1)                    872144.000 225373488.000 r
  U4196/Y (NAND2X1)                    866832.000 226240320.000 f
  U4200/Y (OR2X1)                      2087728.000
                                                  228328048.000 f
  U4204/Y (NAND2X1)                    872128.000 229200176.000 r
  U4206/Y (NAND2X1)                    864544.000 230064720.000 f
  U4210/Y (OR2X1)                      2087712.000
                                                  232152432.000 f
  U4214/Y (NAND2X1)                    872144.000 233024576.000 r
  U4216/Y (NAND2X1)                    866848.000 233891424.000 f
  U4217/Y (OR2X1)                      2087712.000
                                                  235979136.000 f
  U4221/Y (NAND2X1)                    872128.000 236851264.000 r
  U570/Y (AND2X1)                      1795424.000
                                                  238646688.000 r
  U571/Y (INVX1)                       718672.000 239365360.000 f
  U4224/Y (NAND2X1)                    924544.000 240289904.000 r
  U4227/Y (OR2X1)                      2605760.000
                                                  242895664.000 r
  U4229/Y (NAND2X1)                    797136.000 243692800.000 f
  U1015/Y (AND2X1)                     2047616.000
                                                  245740416.000 f
  U244/Y (AND2X1)                      2426832.000
                                                  248167248.000 f
  U245/Y (INVX1)                       -1389184.000
                                                  246778064.000 r
  U4241/Y (NAND2X1)                    798784.000 247576848.000 f
  out[0] (out)                            0.000   247576848.000 f
  data arrival time                               247576848.000

  clock clk (rise edge)                250000000.000
                                                  250000000.000
  clock network delay (ideal)             0.000   250000000.000
  clock reconvergence pessimism           0.000   250000000.000
  output external delay                   0.000   250000000.000
  data required time                              250000000.000
  ---------------------------------------------------------------
  data required time                              250000000.000
  data arrival time                               -247576848.000
  ---------------------------------------------------------------
  slack (MET)                                     2423152.000


1
