 
****************************************
Report : timing
        -path full
        -delay max
        -max_paths 1
Design : top
Version: S-2021.06-SP2
Date   : Fri Dec 16 11:20:28 2022
****************************************

Operating Conditions: TT   Library: PPDK_Standard_Library_1.0V_25C_TYP_X1
Wire Load Model Mode: top

  Startpoint: inp[32] (input port clocked by clk)
  Endpoint: out[0] (output port clocked by clk)
  Path Group: clk
  Path Type: max

  Point                                    Incr       Path
  -----------------------------------------------------------
  clock clk (rise edge)                   0.000      0.000
  clock network delay (ideal)             0.000      0.000
  input external delay                    0.000      0.000 r
  inp[32] (in)                            0.000      0.000 r
  U1005/Y (NAND2X1)                    1027202.000
                                                  1027202.000 f
  U444/Y (AND2X1)                      2442884.750
                                                  3470086.750 f
  U445/Y (INVX1)                       -1272970.250
                                                  2197116.500 r
  U332/Y (AND2X1)                      1881397.750
                                                  4078514.250 r
  U333/Y (INVX1)                       715780.250 4794294.500 f
  U1008/Y (XOR2X1)                     4919793.500
                                                  9714088.000 r
  U837/Y (XNOR2X1)                     6363212.000
                                                  16077300.000 r
  U838/Y (INVX1)                       779162.000 16856462.000 f
  U452/Y (AND2X1)                      2458118.000
                                                  19314580.000 f
  U453/Y (INVX1)                       -1174854.000
                                                  18139726.000 r
  U805/Y (AND2X1)                      1881338.000
                                                  20021064.000 r
  U806/Y (INVX1)                       708004.000 20729068.000 f
  U438/Y (XNOR2X1)                     6580932.000
                                                  27310000.000 f
  U439/Y (INVX1)                       -1193320.000
                                                  26116680.000 r
  U1026/Y (XOR2X1)                     4506316.000
                                                  30622996.000 f
  U1028/Y (NAND2X1)                    1749520.000
                                                  32372516.000 r
  U284/Y (INVX1)                       977970.000 33350486.000 f
  U285/Y (INVX1)                       445366.000 33795852.000 r
  U1029/Y (NAND2X1)                    1053896.000
                                                  34849748.000 f
  U1030/Y (XOR2X1)                     5383292.000
                                                  40233040.000 r
  U1031/Y (OR2X1)                      2315220.000
                                                  42548260.000 r
  U376/Y (AND2X1)                      2196640.000
                                                  44744900.000 r
  U377/Y (INVX1)                       708596.000 45453496.000 f
  U574/Y (XNOR2X1)                     6588424.000
                                                  52041920.000 f
  U1033/Y (NAND2X1)                    860884.000 52902804.000 r
  U480/Y (AND2X1)                      2174400.000
                                                  55077204.000 r
  U481/Y (INVX1)                       715840.000 55793044.000 f
  U1066/Y (OR2X1)                      2117896.000
                                                  57910940.000 f
  U753/Y (AND2X1)                      2434344.000
                                                  60345284.000 f
  U754/Y (INVX1)                       -1340636.000
                                                  59004648.000 r
  U605/Y (AND2X1)                      2202040.000
                                                  61206688.000 r
  U306/Y (AND2X1)                      2181488.000
                                                  63388176.000 r
  U307/Y (INVX1)                       713532.000 64101708.000 f
  U310/Y (AND2X1)                      2458056.000
                                                  66559764.000 f
  U311/Y (INVX1)                       -1187400.000
                                                  65372364.000 r
  U1077/Y (AND2X1)                     1979140.000
                                                  67351504.000 r
  U763/Y (AND2X1)                      1860320.000
                                                  69211824.000 r
  U764/Y (INVX1)                       710272.000 69922096.000 f
  U609/Y (AND2X1)                      2460928.000
                                                  72383024.000 f
  U783/Y (AND2X1)                      2051608.000
                                                  74434632.000 f
  U784/Y (INVX1)                       -1452528.000
                                                  72982104.000 r
  U396/Y (AND2X1)                      1882000.000
                                                  74864104.000 r
  U397/Y (INVX1)                       715584.000 75579688.000 f
  U576/Y (NOR2X1)                      1175464.000
                                                  76755152.000 r
  U290/Y (AND2X1)                      2181392.000
                                                  78936544.000 r
  U291/Y (INVX1)                       713344.000 79649888.000 f
  U841/Y (AND2X1)                      2043664.000
                                                  81693552.000 f
  U1217/Y (XOR2X1)                     5508720.000
                                                  87202272.000 r
  U414/Y (AND2X1)                      1819952.000
                                                  89022224.000 r
  U415/Y (INVX1)                       713432.000 89735656.000 f
  U510/Y (AND2X1)                      2034872.000
                                                  91770528.000 f
  U511/Y (INVX1)                       -1267224.000
                                                  90503304.000 r
  U691/Y (AND2X1)                      1880912.000
                                                  92384216.000 r
  U692/Y (INVX1)                       714864.000 93099080.000 f
  U803/Y (AND2X1)                      2034872.000
                                                  95133952.000 f
  U804/Y (INVX1)                       -1163256.000
                                                  93970696.000 r
  U1218/Y (XOR2X1)                     4510992.000
                                                  98481688.000 f
  U1219/Y (XOR2X1)                     5094280.000
                                                  103575968.000 r
  U585/Y (AND2X1)                      1819640.000
                                                  105395608.000 r
  U586/Y (INVX1)                       712656.000 106108264.000 f
  U645/Y (AND2X1)                      2458080.000
                                                  108566344.000 f
  U646/Y (INVX1)                       -1163160.000
                                                  107403184.000 r
  U723/Y (AND2X1)                      1880848.000
                                                  109284032.000 r
  U724/Y (INVX1)                       715224.000 109999256.000 f
  U817/Y (AND2X1)                      2458080.000
                                                  112457336.000 f
  U818/Y (INVX1)                       -1163128.000
                                                  111294208.000 r
  U851/Y (XNOR2X1)                     5942784.000
                                                  117236992.000 r
  U852/Y (INVX1)                       953472.000 118190464.000 f
  U1245/Y (NAND2X1)                    1285112.000
                                                  119475576.000 r
  U667/Y (AND2X1)                      2174624.000
                                                  121650200.000 r
  U668/Y (INVX1)                       715544.000 122365744.000 f
  U747/Y (AND2X1)                      2034872.000
                                                  124400616.000 f
  U748/Y (INVX1)                       -1340480.000
                                                  123060136.000 r
  U1262/Y (NAND2X1)                    1049888.000
                                                  124110024.000 f
  U631/Y (AND2X1)                      2441968.000
                                                  126551992.000 f
  U632/Y (INVX1)                       -1253664.000
                                                  125298328.000 r
  U584/Y (NAND2X1)                     1051736.000
                                                  126350064.000 f
  U1265/Y (NAND2X1)                    886032.000 127236096.000 r
  U587/Y (AND2X1)                      1818688.000
                                                  129054784.000 r
  U588/Y (INVX1)                       715864.000 129770648.000 f
  U498/Y (AND2X1)                      2034872.000
                                                  131805520.000 f
  U499/Y (INVX1)                       -1279304.000
                                                  130526216.000 r
  U637/Y (AND2X1)                      1881400.000
                                                  132407616.000 r
  U638/Y (INVX1)                       707760.000 133115376.000 f
  U579/Y (NAND2X1)                     1285632.000
                                                  134401008.000 r
  U831/Y (AND2X1)                      1818784.000
                                                  136219792.000 r
  U832/Y (INVX1)                       708544.000 136928336.000 f
  U1269/Y (NOR2X1)                     1157568.000
                                                  138085904.000 r
  U1270/Y (NOR2X1)                     156656.000 138242560.000 f
  U639/Y (AND2X1)                      2044160.000
                                                  140286720.000 f
  U640/Y (INVX1)                       -1291760.000
                                                  138994960.000 r
  U512/Y (AND2X1)                      1881904.000
                                                  140876864.000 r
  U513/Y (INVX1)                       715792.000 141592656.000 f
  U1273/Y (NOR2X1)                     1157568.000
                                                  142750224.000 r
  U1276/Y (NOR2X1)                     77040.000  142827264.000 f
  U388/Y (AND2X1)                      2441200.000
                                                  145268464.000 f
  U389/Y (INVX1)                       -1296336.000
                                                  143972128.000 r
  U673/Y (AND2X1)                      1881904.000
                                                  145854032.000 r
  U674/Y (INVX1)                       707792.000 146561824.000 f
  U1279/Y (OR2X1)                      2115280.000
                                                  148677104.000 f
  U1280/Y (NAND2X1)                    870736.000 149547840.000 r
  U474/Y (AND2X1)                      2174720.000
                                                  151722560.000 r
  U475/Y (INVX1)                       715744.000 152438304.000 f
  U1281/Y (NOR2X1)                     1157568.000
                                                  153595872.000 r
  U1282/Y (NOR2X1)                     34592.000  153630464.000 f
  U1283/Y (NAND2X1)                    884592.000 154515056.000 r
  U811/Y (AND2X1)                      2174624.000
                                                  156689680.000 r
  U812/Y (INVX1)                       715776.000 157405456.000 f
  U1284/Y (NOR2X1)                     1157568.000
                                                  158563024.000 r
  U1286/Y (NOR2X1)                     156720.000 158719744.000 f
  U424/Y (AND2X1)                      2044992.000
                                                  160764736.000 f
  U425/Y (INVX1)                       -1375520.000
                                                  159389216.000 r
  U350/Y (AND2X1)                      1881952.000
                                                  161271168.000 r
  U351/Y (INVX1)                       715568.000 161986736.000 f
  U520/Y (AND2X1)                      2034880.000
                                                  164021616.000 f
  U521/Y (INVX1)                       -242016.000
                                                  163779600.000 r
  U1288/Y (INVX1)                      646928.000 164426528.000 f
  U1289/Y (NOR2X1)                     1151584.000
                                                  165578112.000 r
  out[0] (out)                            0.000   165578112.000 r
  data arrival time                               165578112.000

  clock clk (rise edge)                200000000.000
                                                  200000000.000
  clock network delay (ideal)             0.000   200000000.000
  output external delay                   0.000   200000000.000
  data required time                              200000000.000
  -----------------------------------------------------------
  data required time                              200000000.000
  data arrival time                               -165578112.000
  -----------------------------------------------------------
  slack (MET)                                     34421888.000


1
