Information: Updating design information... (UID-85)
 
****************************************
Report : qor
Design : top
Version: S-2021.06-SP2
Date   : Thu Dec 15 12:54:40 2022
****************************************


  Timing Path Group 'clk'
  -----------------------------------
  Levels of Logic:              77.00
  Critical Path Length:  101239160.00
  Critical Path Slack:    98760840.00
  Critical Path Clk Period:
                         200000000.00
  Total Negative Slack:          0.00
  No. of Violating Paths:        0.00
  Worst Hold Violation:          0.00
  Total Hold Violation:          0.00
  No. of Hold Violations:        0.00
  -----------------------------------


  Cell Count
  -----------------------------------
  Hierarchical Cell Count:          0
  Hierarchical Port Count:          0
  Leaf Cell Count:                566
  Buf/Inv Cell Count:             236
  Buf Cell Count:                   0
  Inv Cell Count:                 236
  CT Buf/Inv Cell Count:            0
  Combinational Cell Count:       566
  Sequential Cell Count:            0
  Macro Count:                      0
  -----------------------------------


  Area
  -----------------------------------
  Combinational Area:
                     213495530.000000
  Noncombinational Area:     0.000000
  Buf/Inv Area:       53907120.000000
  Total Buffer Area:             0.00
  Total Inverter Area:    53907120.00
  Macro/Black Box Area:      0.000000
  Net Area:                  0.000000
  -----------------------------------
  Cell Area:         213495530.000000
  Design Area:       213495530.000000


  Design Rules
  -----------------------------------
  Total Number of Nets:           594
  Nets With Violations:           565
  Max Trans Violations:           565
  Max Cap Violations:               0
  -----------------------------------


  Hostname: leoforos

  Compile CPU Statistics
  -----------------------------------------
  Resource Sharing:                    1.66
  Logic Optimization:                  0.05
  Mapping Optimization:                0.91
  -----------------------------------------
  Overall Compile Time:                4.92
  Overall Compile Wall Clock Time:     5.25

  --------------------------------------------------------------------

  Design  WNS: 0.00  TNS: 0.00  Number of Violating Paths: 0


  Design (Hold)  WNS: 0.00  TNS: 0.00  Number of Violating Paths: 0

  --------------------------------------------------------------------


1
