****************************************
Report : timing
	-path_type full
	-delay_type max
	-max_paths 1
	-sort_by slack
Design : top
Version: S-2021.06-SP1
Date   : Fri Dec 16 13:28:54 2022
****************************************


  Startpoint: inp[33] (input port clocked by clk)
  Endpoint: out[0] (output port clocked by clk)
  Path Group: clk
  Path Type: max

  Point                                    Incr       Path
  ---------------------------------------------------------------
  clock clk (rise edge)                   0.000      0.000
  clock network delay (ideal)             0.000      0.000
  input external delay                    0.000      0.000 f
  inp[33] (in)                            0.000      0.000 f
  U1583/Y (AND2X1)                     2573808.000
                                                  2573808.000 f
  U1594/Y (XOR2X1)                     4783040.000
                                                  7356848.000 r
  U1595/Y (AND2X1)                     1946240.000
                                                  9303088.000 r
  U1596/Y (OR2X1)                      4603216.000
                                                  13906304.000 r
  U399/Y (XNOR2X1)                     6880784.000
                                                  20787088.000 r
  U400/Y (INVX1)                       1048208.000
                                                  21835296.000 f
  U1603/Y (XOR2X1)                     5946144.000
                                                  27781440.000 r
  U703/Y (XNOR2X1)                     7068608.000
                                                  34850048.000 r
  U704/Y (INVX1)                       1099984.000
                                                  35950032.000 f
  U1655/Y (XOR2X1)                     5236016.000
                                                  41186048.000 r
  U325/Y (XNOR2X1)                     7217360.000
                                                  48403408.000 r
  U326/Y (INVX1)                       1094656.000
                                                  49498064.000 f
  U1888/Y (XOR2X1)                     5236000.000
                                                  54734064.000 r
  U859/Y (XNOR2X1)                     7217344.000
                                                  61951408.000 r
  U860/Y (INVX1)                       1094064.000
                                                  63045472.000 f
  U1164/Y (OR2X1)                      2434704.000
                                                  65480176.000 f
  U1942/Y (NAND2X1)                    1272448.000
                                                  66752624.000 r
  U1943/Y (INVX1)                      1237296.000
                                                  67989920.000 f
  U1944/Y (NOR2X1)                     1548016.000
                                                  69537936.000 r
  U1945/Y (INVX1)                      1062176.000
                                                  70600112.000 f
  U1946/Y (NAND2X1)                    807296.000 71407408.000 r
  U1947/Y (NAND2X1)                    1461536.000
                                                  72868944.000 f
  U2018/Y (NAND2X1)                    840432.000 73709376.000 r
  U2019/Y (NAND2X1)                    2124256.000
                                                  75833632.000 f
  U2021/Y (XNOR2X1)                    6769552.000
                                                  82603184.000 f
  U1174/Y (OR2X1)                      2387648.000
                                                  84990832.000 f
  U2024/Y (NAND2X1)                    1190464.000
                                                  86181296.000 r
  U2836/Y (NAND2X1)                    1457168.000
                                                  87638464.000 f
  U3627/Y (XOR2X1)                     6321760.000
                                                  93960224.000 r
  U3628/Y (NAND2X1)                    2594528.000
                                                  96554752.000 f
  U3630/Y (NAND2X1)                    846512.000 97401264.000 r
  U3632/Y (NAND2X1)                    1049632.000
                                                  98450896.000 f
  U3633/Y (NAND2X1)                    1177504.000
                                                  99628400.000 r
  U3634/Y (NAND2X1)                    2158720.000
                                                  101787120.000 f
  U3636/Y (NAND2X1)                    851584.000 102638704.000 r
  U3649/Y (XOR2X1)                     5237248.000
                                                  107875952.000 f
  U3650/Y (XOR2X1)                     6283312.000
                                                  114159264.000 r
  U463/Y (INVX1)                       1461336.000
                                                  115620600.000 f
  U464/Y (INVX1)                       414208.000 116034808.000 r
  U3694/Y (XOR2X1)                     5615280.000
                                                  121650088.000 f
  U3695/Y (XNOR2X1)                    7448536.000
                                                  129098624.000 f
  U3696/Y (INVX1)                      -1264352.000
                                                  127834272.000 r
  U3697/Y (OR2X1)                      1562704.000
                                                  129396976.000 r
  U3698/Y (NAND2X1)                    1715800.000
                                                  131112776.000 f
  U3700/Y (NAND2X1)                    853160.000 131965936.000 r
  U671/Y (OR2X1)                       5274224.000
                                                  137240160.000 r
  U3705/Y (NAND2X1)                    1715808.000
                                                  138955968.000 f
  U3707/Y (NAND2X1)                    1284976.000
                                                  140240944.000 r
  U3713/Y (INVX1)                      1252784.000
                                                  141493728.000 f
  U3714/Y (NAND2X1)                    807232.000 142300960.000 r
  U3715/Y (NAND2X1)                    2055616.000
                                                  144356576.000 f
  U3716/Y (NAND2X1)                    1630880.000
                                                  145987456.000 r
  U3939/Y (XOR2X1)                     6318240.000
                                                  152305696.000 f
  U3940/Y (NAND2X1)                    1171488.000
                                                  153477184.000 r
  U3946/Y (NAND2X1)                    1044336.000
                                                  154521520.000 f
  U415/Y (AND2X1)                      2832848.000
                                                  157354368.000 f
  U416/Y (INVX1)                        160.000   157354528.000 r
  U4175/Y (NAND2X1)                    2175440.000
                                                  159529968.000 f
  U4177/Y (NAND2X1)                    1275664.000
                                                  160805632.000 r
  U4178/Y (INVX1)                      1242912.000
                                                  162048544.000 f
  U4182/Y (NAND2X1)                    807232.000 162855776.000 r
  U4183/Y (NAND2X1)                    2150368.000
                                                  165006144.000 f
  U1180/Y (NAND2X1)                    836320.000 165842464.000 r
  U4186/Y (NAND2X1)                    2161312.000
                                                  168003776.000 f
  U4189/Y (NAND2X1)                    836304.000 168840080.000 r
  U4198/Y (NAND2X1)                    1049696.000
                                                  169889776.000 f
  U4201/Y (NAND2X1)                    836464.000 170726240.000 r
  U4219/Y (NAND2X1)                    1049696.000
                                                  171775936.000 f
  U4224/Y (AND2X1)                     2054832.000
                                                  173830768.000 f
  U4227/Y (NAND2X1)                    839040.000 174669808.000 r
  U4236/Y (NAND2X1)                    1049696.000
                                                  175719504.000 f
  U4239/Y (NAND2X1)                    836480.000 176555984.000 r
  U4240/Y (NAND2X1)                    2161328.000
                                                  178717312.000 f
  U4243/Y (NAND2X1)                    836288.000 179553600.000 r
  U4252/Y (NAND2X1)                    1049696.000
                                                  180603296.000 f
  U4255/Y (NAND2X1)                    836480.000 181439776.000 r
  U4256/Y (NAND2X1)                    2161328.000
                                                  183601104.000 f
  U579/Y (NAND2X1)                     1327744.000
                                                  184928848.000 r
  U505/Y (INVX1)                       1329200.000
                                                  186258048.000 f
  U506/Y (INVX1)                       937296.000 187195344.000 r
  U4259/Y (INVX1)                      701904.000 187897248.000 f
  U4923/Y (NAND2X1)                    1162032.000
                                                  189059280.000 r
  U4924/Y (NAND2X1)                    1457008.000
                                                  190516288.000 f
  U4925/Y (INVX1)                      -672736.000
                                                  189843552.000 r
  U4926/Y (NAND2X1)                    1408192.000
                                                  191251744.000 f
  U4935/Y (NAND2X1)                    836480.000 192088224.000 r
  U4938/Y (NAND2X1)                    1049696.000
                                                  193137920.000 f
  U4947/Y (NAND2X1)                    836464.000 193974384.000 r
  U4950/Y (NAND2X1)                    1049696.000
                                                  195024080.000 f
  U4959/Y (NAND2X1)                    836480.000 195860560.000 r
  U4962/Y (NAND2X1)                    1049696.000
                                                  196910256.000 f
  U4971/Y (NAND2X1)                    836464.000 197746720.000 r
  U4974/Y (NAND2X1)                    1049696.000
                                                  198796416.000 f
  U4983/Y (NAND2X1)                    836480.000 199632896.000 r
  U4986/Y (NAND2X1)                    1049696.000
                                                  200682592.000 f
  U4995/Y (NAND2X1)                    836464.000 201519056.000 r
  U4998/Y (NAND2X1)                    1049696.000
                                                  202568752.000 f
  U5007/Y (NAND2X1)                    836480.000 203405232.000 r
  U5010/Y (NAND2X1)                    1049680.000
                                                  204454912.000 f
  U5019/Y (AND2X1)                     2054848.000
                                                  206509760.000 f
  U5023/Y (OR2X1)                      2679232.000
                                                  209188992.000 f
  U5038/Y (NAND2X1)                    1167664.000
                                                  210356656.000 r
  U5042/Y (NAND2X1)                    1047504.000
                                                  211404160.000 f
  U5043/Y (NOR2X1)                     1074448.000
                                                  212478608.000 r
  U5045/Y (NAND2X1)                    1037296.000
                                                  213515904.000 f
  U5047/Y (NAND2X1)                    840224.000 214356128.000 r
  U5051/Y (NOR2X1)                     1185856.000
                                                  215541984.000 f
  U5052/Y (INVX1)                      -482912.000
                                                  215059072.000 r
  U5056/Y (NAND2X1)                    1008800.000
                                                  216067872.000 f
  U5058/Y (NAND2X1)                    830288.000 216898160.000 r
  U5066/Y (NAND2X1)                    1048976.000
                                                  217947136.000 f
  U5068/Y (NAND2X1)                    842016.000 218789152.000 r
  U5069/Y (OR2X1)                      5170512.000
                                                  223959664.000 r
  U5073/Y (NAND2X1)                    1202688.000
                                                  225162352.000 f
  U5074/Y (INVX1)                      -657344.000
                                                  224505008.000 r
  U672/Y (OR2X1)                       1799664.000
                                                  226304672.000 r
  U5084/Y (NAND2X1)                    1021648.000
                                                  227326320.000 f
  U5086/Y (NAND2X1)                    1272896.000
                                                  228599216.000 r
  U5087/Y (INVX1)                      1242112.000
                                                  229841328.000 f
  U5092/Y (NAND2X1)                    807248.000 230648576.000 r
  U5093/Y (NAND2X1)                    2206352.000
                                                  232854928.000 f
  U5095/Y (NAND2X1)                    836464.000 233691392.000 r
  U5103/Y (NAND2X1)                    1048608.000
                                                  234740000.000 f
  U5105/Y (NAND2X1)                    1268224.000
                                                  236008224.000 r
  U5106/Y (INVX1)                      1237152.000
                                                  237245376.000 f
  U5107/Y (NAND2X1)                    1167840.000
                                                  238413216.000 r
  U1149/Y (OR2X1)                      5428096.000
                                                  243841312.000 r
  U5113/Y (NAND2X1)                    1604512.000
                                                  245445824.000 f
  U5114/Y (INVX1)                      -668656.000
                                                  244777168.000 r
  U5115/Y (NOR2X1)                     956336.000 245733504.000 f
  U5126/Y (NAND2X1)                    1164560.000
                                                  246898064.000 r
  U5127/Y (NAND2X1)                    2177088.000
                                                  249075152.000 f
  out[0] (out)                            0.000   249075152.000 f
  data arrival time                               249075152.000

  clock clk (rise edge)                250000000.000
                                                  250000000.000
  clock network delay (ideal)             0.000   250000000.000
  clock reconvergence pessimism           0.000   250000000.000
  output external delay                   0.000   250000000.000
  data required time                              250000000.000
  ---------------------------------------------------------------
  data required time                              250000000.000
  data arrival time                               -249075152.000
  ---------------------------------------------------------------
  slack (MET)                                     924848.000


1
