Information: Updating design information... (UID-85)
 
****************************************
Report : qor
Design : top
Version: S-2021.06-SP2
Date   : Fri Dec 16 13:28:47 2022
****************************************


  Timing Path Group 'clk'
  -----------------------------------
  Levels of Logic:             132.00
  Critical Path Length:  249075104.00
  Critical Path Slack:      924896.00
  Critical Path Clk Period:
                         250000000.00
  Total Negative Slack:          0.00
  No. of Violating Paths:        0.00
  Worst Hold Violation:          0.00
  Total Hold Violation:          0.00
  No. of Hold Violations:        0.00
  -----------------------------------


  Cell Count
  -----------------------------------
  Hierarchical Cell Count:          0
  Hierarchical Port Count:          0
  Leaf Cell Count:               4939
  Buf/Inv Cell Count:            1150
  Buf Cell Count:                   0
  Inv Cell Count:                1150
  CT Buf/Inv Cell Count:            0
  Combinational Cell Count:      4939
  Sequential Cell Count:            0
  Macro Count:                      0
  -----------------------------------


  Area
  -----------------------------------
  Combinational Area:
                    2334075757.000000
  Noncombinational Area:     0.000000
  Buf/Inv Area:      262683000.000000
  Total Buffer Area:             0.00
  Total Inverter Area:   262683000.00
  Macro/Black Box Area:      0.000000
  Net Area:                  0.000000
  -----------------------------------
  Cell Area:        2334075757.000000
  Design Area:      2334075757.000000


  Design Rules
  -----------------------------------
  Total Number of Nets:          5003
  Nets With Violations:          4939
  Max Trans Violations:          4939
  Max Cap Violations:               0
  -----------------------------------


  Hostname: leoforos

  Compile CPU Statistics
  -----------------------------------------
  Resource Sharing:                    2.18
  Logic Optimization:                  1.26
  Mapping Optimization:                8.31
  -----------------------------------------
  Overall Compile Time:               18.93
  Overall Compile Wall Clock Time:    19.37

  --------------------------------------------------------------------

  Design  WNS: 0.00  TNS: 0.00  Number of Violating Paths: 0


  Design (Hold)  WNS: 0.00  TNS: 0.00  Number of Violating Paths: 0

  --------------------------------------------------------------------


1
