 
****************************************
Report : timing
        -path full
        -delay max
        -max_paths 1
Design : top
Version: S-2021.06-SP2
Date   : Fri Dec 16 13:28:48 2022
****************************************

Operating Conditions: TT   Library: PPDK_Standard_Library_0.8V_25C_TYP_X1
Wire Load Model Mode: top

  Startpoint: inp[33] (input port clocked by clk)
  Endpoint: out[0] (output port clocked by clk)
  Path Group: clk
  Path Type: max

  Point                                    Incr       Path
  -----------------------------------------------------------
  clock clk (rise edge)                   0.000      0.000
  clock network delay (ideal)             0.000      0.000
  input external delay                    0.000      0.000 f
  inp[33] (in)                            0.000      0.000 f
  U1583/Y (AND2X1)                     2573805.250
                                                  2573805.250 f
  U1594/Y (XOR2X1)                     4782983.000
                                                  7356788.000 r
  U1595/Y (AND2X1)                     1946241.000
                                                  9303029.000 r
  U1596/Y (OR2X1)                      4603199.000
                                                  13906228.000 r
  U399/Y (XNOR2X1)                     6880780.000
                                                  20787008.000 r
  U400/Y (INVX1)                       1048202.000
                                                  21835210.000 f
  U1603/Y (XOR2X1)                     5946150.000
                                                  27781360.000 r
  U703/Y (XNOR2X1)                     7068584.000
                                                  34849944.000 r
  U704/Y (INVX1)                       1099992.000
                                                  35949936.000 f
  U1655/Y (XOR2X1)                     5236016.000
                                                  41185952.000 r
  U325/Y (XNOR2X1)                     7217320.000
                                                  48403272.000 r
  U326/Y (INVX1)                       1094652.000
                                                  49497924.000 f
  U1888/Y (XOR2X1)                     5236008.000
                                                  54733932.000 r
  U859/Y (XNOR2X1)                     7217320.000
                                                  61951252.000 r
  U860/Y (INVX1)                       1094068.000
                                                  63045320.000 f
  U1164/Y (OR2X1)                      2434704.000
                                                  65480024.000 f
  U1942/Y (NAND2X1)                    1272456.000
                                                  66752480.000 r
  U1943/Y (INVX1)                      1237296.000
                                                  67989776.000 f
  U1944/Y (NOR2X1)                     1548024.000
                                                  69537800.000 r
  U1945/Y (INVX1)                      1062176.000
                                                  70599976.000 f
  U1946/Y (NAND2X1)                    807304.000 71407280.000 r
  U1947/Y (NAND2X1)                    1461552.000
                                                  72868832.000 f
  U2018/Y (NAND2X1)                    840432.000 73709264.000 r
  U2019/Y (NAND2X1)                    2124312.000
                                                  75833576.000 f
  U2021/Y (XNOR2X1)                    6769512.000
                                                  82603088.000 f
  U1174/Y (OR2X1)                      2387648.000
                                                  84990736.000 f
  U2024/Y (NAND2X1)                    1190464.000
                                                  86181200.000 r
  U2836/Y (NAND2X1)                    1457184.000
                                                  87638384.000 f
  U3627/Y (XOR2X1)                     6321864.000
                                                  93960248.000 r
  U3628/Y (NAND2X1)                    2594536.000
                                                  96554784.000 f
  U3630/Y (NAND2X1)                    846512.000 97401296.000 r
  U3632/Y (NAND2X1)                    1049640.000
                                                  98450936.000 f
  U3633/Y (NAND2X1)                    1177496.000
                                                  99628432.000 r
  U3634/Y (NAND2X1)                    2158720.000
                                                  101787152.000 f
  U3636/Y (NAND2X1)                    851576.000 102638728.000 r
  U3649/Y (XOR2X1)                     5237120.000
                                                  107875848.000 f
  U3650/Y (XOR2X1)                     6283312.000
                                                  114159160.000 r
  U463/Y (INVX1)                       1461344.000
                                                  115620504.000 f
  U464/Y (INVX1)                       414208.000 116034712.000 r
  U3694/Y (XOR2X1)                     5615256.000
                                                  121649968.000 f
  U3695/Y (XNOR2X1)                    7448640.000
                                                  129098608.000 f
  U3696/Y (INVX1)                      -1264376.000
                                                  127834232.000 r
  U3697/Y (OR2X1)                      1562704.000
                                                  129396936.000 r
  U3698/Y (NAND2X1)                    1715800.000
                                                  131112736.000 f
  U3700/Y (NAND2X1)                    853152.000 131965888.000 r
  U671/Y (OR2X1)                       5274240.000
                                                  137240128.000 r
  U3705/Y (NAND2X1)                    1715808.000
                                                  138955936.000 f
  U3707/Y (NAND2X1)                    1284976.000
                                                  140240912.000 r
  U3713/Y (INVX1)                      1252768.000
                                                  141493680.000 f
  U3714/Y (NAND2X1)                    807232.000 142300912.000 r
  U3715/Y (NAND2X1)                    2055648.000
                                                  144356560.000 f
  U3716/Y (NAND2X1)                    1630864.000
                                                  145987424.000 r
  U3939/Y (XOR2X1)                     6318192.000
                                                  152305616.000 f
  U3940/Y (NAND2X1)                    1171488.000
                                                  153477104.000 r
  U3946/Y (NAND2X1)                    1044336.000
                                                  154521440.000 f
  U415/Y (AND2X1)                      2832864.000
                                                  157354304.000 f
  U416/Y (INVX1)                        128.000   157354432.000 r
  U4175/Y (NAND2X1)                    2175440.000
                                                  159529872.000 f
  U4177/Y (NAND2X1)                    1275648.000
                                                  160805520.000 r
  U4178/Y (INVX1)                      1242912.000
                                                  162048432.000 f
  U4182/Y (NAND2X1)                    807248.000 162855680.000 r
  U4183/Y (NAND2X1)                    2150368.000
                                                  165006048.000 f
  U1180/Y (NAND2X1)                    836304.000 165842352.000 r
  U4186/Y (NAND2X1)                    2161328.000
                                                  168003680.000 f
  U4189/Y (NAND2X1)                    836304.000 168839984.000 r
  U4198/Y (NAND2X1)                    1049696.000
                                                  169889680.000 f
  U4201/Y (NAND2X1)                    836480.000 170726160.000 r
  U4219/Y (NAND2X1)                    1049680.000
                                                  171775840.000 f
  U4224/Y (AND2X1)                     2054816.000
                                                  173830656.000 f
  U4227/Y (NAND2X1)                    839040.000 174669696.000 r
  U4236/Y (NAND2X1)                    1049696.000
                                                  175719392.000 f
  U4239/Y (NAND2X1)                    836480.000 176555872.000 r
  U4240/Y (NAND2X1)                    2161328.000
                                                  178717200.000 f
  U4243/Y (NAND2X1)                    836304.000 179553504.000 r
  U4252/Y (NAND2X1)                    1049696.000
                                                  180603200.000 f
  U4255/Y (NAND2X1)                    836480.000 181439680.000 r
  U4256/Y (NAND2X1)                    2161328.000
                                                  183601008.000 f
  U579/Y (NAND2X1)                     1327744.000
                                                  184928752.000 r
  U505/Y (INVX1)                       1329216.000
                                                  186257968.000 f
  U506/Y (INVX1)                       937312.000 187195280.000 r
  U4259/Y (INVX1)                      701888.000 187897168.000 f
  U4923/Y (NAND2X1)                    1162048.000
                                                  189059216.000 r
  U4924/Y (NAND2X1)                    1457008.000
                                                  190516224.000 f
  U4925/Y (INVX1)                      -672720.000
                                                  189843504.000 r
  U4926/Y (NAND2X1)                    1408192.000
                                                  191251696.000 f
  U4935/Y (NAND2X1)                    836480.000 192088176.000 r
  U4938/Y (NAND2X1)                    1049696.000
                                                  193137872.000 f
  U4947/Y (NAND2X1)                    836480.000 193974352.000 r
  U4950/Y (NAND2X1)                    1049696.000
                                                  195024048.000 f
  U4959/Y (NAND2X1)                    836480.000 195860528.000 r
  U4962/Y (NAND2X1)                    1049696.000
                                                  196910224.000 f
  U4971/Y (NAND2X1)                    836480.000 197746704.000 r
  U4974/Y (NAND2X1)                    1049696.000
                                                  198796400.000 f
  U4983/Y (NAND2X1)                    836480.000 199632880.000 r
  U4986/Y (NAND2X1)                    1049696.000
                                                  200682576.000 f
  U4995/Y (NAND2X1)                    836480.000 201519056.000 r
  U4998/Y (NAND2X1)                    1049696.000
                                                  202568752.000 f
  U5007/Y (NAND2X1)                    836480.000 203405232.000 r
  U5010/Y (NAND2X1)                    1049680.000
                                                  204454912.000 f
  U5019/Y (AND2X1)                     2054832.000
                                                  206509744.000 f
  U5023/Y (OR2X1)                      2679232.000
                                                  209188976.000 f
  U5038/Y (NAND2X1)                    1167664.000
                                                  210356640.000 r
  U5042/Y (NAND2X1)                    1047504.000
                                                  211404144.000 f
  U5043/Y (NOR2X1)                     1074448.000
                                                  212478592.000 r
  U5045/Y (NAND2X1)                    1037280.000
                                                  213515872.000 f
  U5047/Y (NAND2X1)                    840240.000 214356112.000 r
  U5051/Y (NOR2X1)                     1185824.000
                                                  215541936.000 f
  U5052/Y (INVX1)                      -482928.000
                                                  215059008.000 r
  U5056/Y (NAND2X1)                    1008816.000
                                                  216067824.000 f
  U5058/Y (NAND2X1)                    830288.000 216898112.000 r
  U5066/Y (NAND2X1)                    1048976.000
                                                  217947088.000 f
  U5068/Y (NAND2X1)                    842000.000 218789088.000 r
  U5069/Y (OR2X1)                      5170528.000
                                                  223959616.000 r
  U5073/Y (NAND2X1)                    1202688.000
                                                  225162304.000 f
  U5074/Y (INVX1)                      -657328.000
                                                  224504976.000 r
  U672/Y (OR2X1)                       1799680.000
                                                  226304656.000 r
  U5084/Y (NAND2X1)                    1021632.000
                                                  227326288.000 f
  U5086/Y (NAND2X1)                    1272896.000
                                                  228599184.000 r
  U5087/Y (INVX1)                      1242112.000
                                                  229841296.000 f
  U5092/Y (NAND2X1)                    807248.000 230648544.000 r
  U5093/Y (NAND2X1)                    2206352.000
                                                  232854896.000 f
  U5095/Y (NAND2X1)                    836464.000 233691360.000 r
  U5103/Y (NAND2X1)                    1048608.000
                                                  234739968.000 f
  U5105/Y (NAND2X1)                    1268224.000
                                                  236008192.000 r
  U5106/Y (INVX1)                      1237136.000
                                                  237245328.000 f
  U5107/Y (NAND2X1)                    1167856.000
                                                  238413184.000 r
  U1149/Y (OR2X1)                      5428080.000
                                                  243841264.000 r
  U5113/Y (NAND2X1)                    1604528.000
                                                  245445792.000 f
  U5114/Y (INVX1)                      -668672.000
                                                  244777120.000 r
  U5115/Y (NOR2X1)                     956336.000 245733456.000 f
  U5126/Y (NAND2X1)                    1164560.000
                                                  246898016.000 r
  U5127/Y (NAND2X1)                    2177088.000
                                                  249075104.000 f
  out[0] (out)                            0.000   249075104.000 f
  data arrival time                               249075104.000

  clock clk (rise edge)                250000000.000
                                                  250000000.000
  clock network delay (ideal)             0.000   250000000.000
  output external delay                   0.000   250000000.000
  data required time                              250000000.000
  -----------------------------------------------------------
  data required time                              250000000.000
  data arrival time                               -249075104.000
  -----------------------------------------------------------
  slack (MET)                                     924896.000


1
