 
****************************************
Report : timing
        -path full
        -delay max
        -max_paths 1
Design : top
Version: S-2021.06-SP2
Date   : Thu Dec 15 10:12:48 2022
****************************************

Operating Conditions: TT   Library: PPDK_Standard_Library_1.0V_25C_TYP_X1
Wire Load Model Mode: top

  Startpoint: inp[0] (input port clocked by clk)
  Endpoint: out[0] (output port clocked by clk)
  Path Group: clk
  Path Type: max

  Point                                    Incr       Path
  -----------------------------------------------------------
  clock clk (rise edge)                   0.000      0.000
  clock network delay (ideal)             0.000      0.000
  input external delay                    0.000      0.000 f
  inp[0] (in)                             0.000      0.000 f
  U813/Y (INVX1)                       601914.062 601914.062 r
  U1290/Y (NAND2X1)                    1055770.000
                                                  1657684.000 f
  U1291/Y (NAND2X1)                    1385971.000
                                                  3043655.000 r
  U1497/Y (NAND2X1)                    1234289.000
                                                  4277944.000 f
  U1498/Y (INVX1)                      -562470.000
                                                  3715474.000 r
  U579/Y (AND2X1)                      2198930.000
                                                  5914404.000 r
  U580/Y (INVX1)                       708297.500 6622701.500 f
  U1553/Y (NAND2X1)                    1292032.500
                                                  7914734.000 r
  U1560/Y (OR2X1)                      2331178.000
                                                  10245912.000 r
  U477/Y (AND2X1)                      2199510.000
                                                  12445422.000 r
  U478/Y (INVX1)                       707442.000 13152864.000 f
  U1561/Y (NAND2X1)                    1362948.000
                                                  14515812.000 r
  U1564/Y (INVX1)                      1101377.000
                                                  15617189.000 f
  U1565/Y (NAND2X1)                    924977.000 16542166.000 r
  U137/Y (AND2X1)                      2165466.000
                                                  18707632.000 r
  U138/Y (INVX1)                       718532.000 19426164.000 f
  U1566/Y (NAND2X1)                    1752762.000
                                                  21178926.000 r
  U1568/Y (INVX1)                      1216880.000
                                                  22395806.000 f
  U1569/Y (NAND2X1)                    1289852.000
                                                  23685658.000 r
  U127/Y (AND2X1)                      1818722.000
                                                  25504380.000 r
  U128/Y (INVX1)                       715786.000 26220166.000 f
  U374/Y (XNOR2X1)                     4282436.000
                                                  30502602.000 r
  U375/Y (INVX1)                       953626.000 31456228.000 f
  U1607/Y (OR2X1)                      2115400.000
                                                  33571628.000 f
  U535/Y (AND2X1)                      2048496.000
                                                  35620124.000 f
  U536/Y (INVX1)                       -1453008.000
                                                  34167116.000 r
  U614/Y (AND2X1)                      1889148.000
                                                  36056264.000 r
  U267/Y (AND2X1)                      1835648.000
                                                  37891912.000 r
  U268/Y (INVX1)                       713424.000 38605336.000 f
  U533/Y (AND2X1)                      2034872.000
                                                  40640208.000 f
  U534/Y (INVX1)                       -1451004.000
                                                  39189204.000 r
  U435/Y (AND2X1)                      2199140.000
                                                  41388344.000 r
  U436/Y (INVX1)                       708228.000 42096572.000 f
  U693/Y (OR2X1)                       2115208.000
                                                  44211780.000 f
  U539/Y (AND2X1)                      2048496.000
                                                  46260276.000 f
  U540/Y (INVX1)                       -1450708.000
                                                  44809568.000 r
  U336/Y (AND2X1)                      2199144.000
                                                  47008712.000 r
  U337/Y (INVX1)                       724980.000 47733692.000 f
  U1623/Y (NAND2X1)                    920752.000 48654444.000 r
  U1624/Y (NAND2X1)                    1126580.000
                                                  49781024.000 f
  U1625/Y (NAND2X1)                    1752600.000
                                                  51533624.000 r
  U1627/Y (INVX1)                      1101468.000
                                                  52635092.000 f
  U1629/Y (NAND2X1)                    924964.000 53560056.000 r
  U545/Y (AND2X1)                      1818640.000
                                                  55378696.000 r
  U546/Y (INVX1)                       715896.000 56094592.000 f
  U1634/Y (NAND2X1)                    1362952.000
                                                  57457544.000 r
  U1645/Y (INVX1)                      1096372.000
                                                  58553916.000 f
  U1646/Y (NAND2X1)                    924972.000 59478888.000 r
  U1647/Y (NAND2X1)                    1154504.000
                                                  60633392.000 f
  U205/Y (AND2X1)                      2438624.000
                                                  63072016.000 f
  U206/Y (INVX1)                       -1300332.000
                                                  61771684.000 r
  U1648/Y (NAND2X1)                    804120.000 62575804.000 f
  U1656/Y (NAND2X1)                    1339492.000
                                                  63915296.000 r
  U1657/Y (INVX1)                      1070864.000
                                                  64986160.000 f
  U1658/Y (XOR2X1)                     5582320.000
                                                  70568480.000 r
  U1661/Y (NAND2X1)                    847744.000 71416224.000 f
  U1664/Y (NOR2X1)                     1194984.000
                                                  72611208.000 r
  U245/Y (AND2X1)                      2181728.000
                                                  74792936.000 r
  U246/Y (INVX1)                       713232.000 75506168.000 f
  U1665/Y (NAND2X1)                    1327288.000
                                                  76833456.000 r
  U667/Y (AND2X1)                      2167920.000
                                                  79001376.000 r
  U668/Y (INVX1)                       739384.000 79740760.000 f
  U356/Y (XNOR2X1)                     6584200.000
                                                  86324960.000 f
  U357/Y (INVX1)                       -252640.000
                                                  86072320.000 r
  U1788/Y (INVX1)                      652384.000 86724704.000 f
  U1789/Y (OR2X1)                      2117816.000
                                                  88842520.000 f
  U489/Y (AND2X1)                      2434344.000
                                                  91276864.000 f
  U490/Y (INVX1)                       -1340624.000
                                                  89936240.000 r
  U348/Y (AND2X1)                      2199112.000
                                                  92135352.000 r
  U349/Y (INVX1)                       725208.000 92860560.000 f
  U1791/Y (INVX1)                      439080.000 93299640.000 r
  U1795/Y (NAND2X1)                    802920.000 94102560.000 f
  U1806/Y (AND2X1)                     1853976.000
                                                  95956536.000 f
  U1807/Y (NAND2X1)                    868120.000 96824656.000 r
  U1808/Y (NAND2X1)                    1230552.000
                                                  98055208.000 f
  U1816/Y (NAND2X1)                    886992.000 98942200.000 r
  U499/Y (AND2X1)                      1795392.000
                                                  100737592.000 r
  U500/Y (INVX1)                       714472.000 101452064.000 f
  U338/Y (AND2X1)                      2458080.000
                                                  103910144.000 f
  U339/Y (INVX1)                       -229832.000
                                                  103680312.000 r
  U1827/Y (NAND2X1)                    831480.000 104511792.000 f
  U223/Y (AND2X1)                      2044160.000
                                                  106555952.000 f
  U224/Y (INVX1)                       -1187536.000
                                                  105368416.000 r
  U1830/Y (NAND2X1)                    1052176.000
                                                  106420592.000 f
  U294/Y (AND2X1)                      2441936.000
                                                  108862528.000 f
  U295/Y (INVX1)                       -1279008.000
                                                  107583520.000 r
  U1839/Y (NAND2X1)                    1050528.000
                                                  108634048.000 f
  U1840/Y (NAND2X1)                    1752624.000
                                                  110386672.000 r
  U1842/Y (INVX1)                      1116592.000
                                                  111503264.000 f
  U1843/Y (NAND2X1)                    924984.000 112428248.000 r
  U1849/Y (NAND2X1)                    866064.000 113294312.000 f
  U1850/Y (NAND2X1)                    1752624.000
                                                  115046936.000 r
  U1852/Y (INVX1)                      1116224.000
                                                  116163160.000 f
  U1853/Y (NAND2X1)                    924984.000 117088144.000 r
  U1859/Y (NAND2X1)                    866016.000 117954160.000 f
  U1860/Y (NAND2X1)                    1752592.000
                                                  119706752.000 r
  U1866/Y (INVX1)                      1096584.000
                                                  120803336.000 f
  U1867/Y (NAND2X1)                    924968.000 121728304.000 r
  U119/Y (AND2X1)                      1795320.000
                                                  123523624.000 r
  U120/Y (INVX1)                       718744.000 124242368.000 f
  U1878/Y (XOR2X1)                     3184400.000
                                                  127426768.000 f
  U1879/Y (NAND2X1)                    1749760.000
                                                  129176528.000 r
  U410/Y (INVX1)                       956584.000 130133112.000 f
  U411/Y (INVX1)                       445616.000 130578728.000 r
  U541/Y (AND2X1)                      1880352.000
                                                  132459080.000 r
  U542/Y (INVX1)                       715840.000 133174920.000 f
  U1883/Y (NAND2X1)                    1291560.000
                                                  134466480.000 r
  U1903/Y (NAND2X1)                    848608.000 135315088.000 f
  U1904/Y (NOR2X1)                     1195008.000
                                                  136510096.000 r
  U1943/Y (NAND2X1)                    834368.000 137344464.000 f
  U1944/Y (NAND2X1)                    1394752.000
                                                  138739216.000 r
  U1946/Y (NAND2X1)                    866832.000 139606048.000 f
  U1956/Y (NAND2X1)                    881184.000 140487232.000 r
  U551/Y (AND2X1)                      1818752.000
                                                  142305984.000 r
  U552/Y (INVX1)                       715792.000 143021776.000 f
  U1959/Y (NAND2X1)                    1362944.000
                                                  144384720.000 r
  U1960/Y (INVX1)                      1069472.000
                                                  145454192.000 f
  U1965/Y (NAND2X1)                    1284384.000
                                                  146738576.000 r
  U553/Y (AND2X1)                      1819040.000
                                                  148557616.000 r
  U554/Y (INVX1)                       715280.000 149272896.000 f
  U1968/Y (NAND2X1)                    918880.000 150191776.000 r
  U1969/Y (NAND2X1)                    1233184.000
                                                  151424960.000 f
  U1970/Y (INVX1)                      -562992.000
                                                  150861968.000 r
  U1971/Y (NAND2X1)                    927136.000 151789104.000 f
  U1972/Y (INVX1)                      -557824.000
                                                  151231280.000 r
  out[0] (out)                            0.000   151231280.000 r
  data arrival time                               151231280.000

  clock clk (rise edge)                200000000.000
                                                  200000000.000
  clock network delay (ideal)             0.000   200000000.000
  output external delay                   0.000   200000000.000
  data required time                              200000000.000
  -----------------------------------------------------------
  data required time                              200000000.000
  data arrival time                               -151231280.000
  -----------------------------------------------------------
  slack (MET)                                     48768720.000


1
