Information: Updating design information... (UID-85)
 
****************************************
Report : qor
Design : top
Version: S-2021.06-SP2
Date   : Thu Dec 15 10:12:48 2022
****************************************


  Timing Path Group 'clk'
  -----------------------------------
  Levels of Logic:             125.00
  Critical Path Length:  151231280.00
  Critical Path Slack:    48768720.00
  Critical Path Clk Period:
                         200000000.00
  Total Negative Slack:          0.00
  No. of Violating Paths:        0.00
  Worst Hold Violation:          0.00
  Total Hold Violation:          0.00
  No. of Hold Violations:        0.00
  -----------------------------------


  Cell Count
  -----------------------------------
  Hierarchical Cell Count:          0
  Hierarchical Port Count:          0
  Leaf Cell Count:               1869
  Buf/Inv Cell Count:             583
  Buf Cell Count:                   0
  Inv Cell Count:                 583
  CT Buf/Inv Cell Count:            0
  Combinational Cell Count:      1869
  Sequential Cell Count:            0
  Macro Count:                      0
  -----------------------------------


  Area
  -----------------------------------
  Combinational Area:
                     637478170.000000
  Noncombinational Area:     0.000000
  Buf/Inv Area:      133168860.000000
  Total Buffer Area:             0.00
  Total Inverter Area:   133168860.00
  Macro/Black Box Area:      0.000000
  Net Area:                  0.000000
  -----------------------------------
  Cell Area:         637478170.000000
  Design Area:       637478170.000000


  Design Rules
  -----------------------------------
  Total Number of Nets:          1915
  Nets With Violations:          1868
  Max Trans Violations:          1868
  Max Cap Violations:               0
  -----------------------------------


  Hostname: leoforos

  Compile CPU Statistics
  -----------------------------------------
  Resource Sharing:                    1.25
  Logic Optimization:                  1.23
  Mapping Optimization:                4.26
  -----------------------------------------
  Overall Compile Time:               11.56
  Overall Compile Wall Clock Time:    11.91

  --------------------------------------------------------------------

  Design  WNS: 0.00  TNS: 0.00  Number of Violating Paths: 0


  Design (Hold)  WNS: 0.00  TNS: 0.00  Number of Violating Paths: 0

  --------------------------------------------------------------------


1
