 
****************************************
Report : area
Design : top
Version: S-2021.06-SP2
Date   : Fri Dec 16 14:22:45 2022
****************************************

Library(s) Used:

    PPDK_Standard_Library_1.0V_25C_TYP_X1 (File: /home/akokkinis/synLibs/egfet/db/EGFET_1.0V.db)

Number of ports:                           36
Number of nets:                           297
Number of cells:                          277
Number of combinational cells:            276
Number of sequential cells:                 0
Number of macros/black boxes:               0
Number of buf/inv:                        109
Number of references:                       7

Combinational area:           94542088.000000
Buf/Inv area:                 24897780.000000
Noncombinational area:               0.000000
Macro/Black Box area:                0.000000
Net Interconnect area:      undefined  (No wire load specified)

Total cell area:              94542088.000000
Total area:                 undefined

Hierarchical area distribution
------------------------------

                                  Global cell area                Local cell area
                                  ----------------------  -------------------------------- 
Hierarchical cell                 Absolute       Percent  Combi-         Noncombi-  Black-
                                  Total          Total    national       national   boxes   Design
--------------------------------  -------------  -------  -------------  ---------  ------  ---------
top                               94542088.0000    100.0  94542088.0000     0.0000  0.0000  top
--------------------------------  -------------  -------  -------------  ---------  ------  ---------
Total                                                     94542088.0000     0.0000  0.0000

1
