****************************************
Report : timing
	-path_type full
	-delay_type max
	-max_paths 1
	-sort_by slack
Design : top
Version: S-2021.06-SP1
Date   : Tue Nov 29 17:06:47 2022
****************************************


  Startpoint: inp[40] (input port clocked by clk)
  Endpoint: out[0] (output port clocked by clk)
  Path Group: clk
  Path Type: max

  Point                                    Incr       Path
  ---------------------------------------------------------------
  clock clk (rise edge)                   0.000      0.000
  clock network delay (ideal)             0.000      0.000
  input external delay                    0.000      0.000 r
  inp[40] (in)                            0.000      0.000 r
  U2090/Y (AND2X1)                     2103696.000
                                                  2103696.000 r
  U2093/Y (XOR2X1)                     5928256.000
                                                  8031952.000 f
  U2095/Y (NAND2X1)                    1287344.000
                                                  9319296.000 r
  U2096/Y (INVX1)                      1233760.000
                                                  10553056.000 f
  U2097/Y (OR2X1)                      2437968.000
                                                  12991024.000 f
  U2098/Y (XOR2X1)                     6382096.000
                                                  19373120.000 r
  U730/Y (XNOR2X1)                     7217360.000
                                                  26590480.000 r
  U731/Y (INVX1)                       1099984.000
                                                  27690464.000 f
  U810/Y (XNOR2X1)                     6852384.000
                                                  34542848.000 f
  U811/Y (INVX1)                       -1245264.000
                                                  33297584.000 r
  U2133/Y (XOR2X1)                     5463152.000
                                                  38760736.000 f
  U808/Y (XNOR2X1)                     7072560.000
                                                  45833296.000 f
  U809/Y (INVX1)                       -1326720.000
                                                  44506576.000 r
  U2229/Y (AND2X1)                     2093136.000
                                                  46599712.000 r
  U2230/Y (OR2X1)                      4706432.000
                                                  51306144.000 r
  U920/Y (XNOR2X1)                     6873536.000
                                                  58179680.000 r
  U921/Y (INVX1)                       1048272.000
                                                  59227952.000 f
  U974/Y (XNOR2X1)                     7361696.000
                                                  66589648.000 f
  U975/Y (INVX1)                       -1344032.000
                                                  65245616.000 r
  U682/Y (OR2X1)                       1568336.000
                                                  66813952.000 r
  U2454/Y (NAND2X1)                    1720128.000
                                                  68534080.000 f
  U2455/Y (NAND2X1)                    1630160.000
                                                  70164240.000 r
  U1173/Y (NAND2X1)                    1071776.000
                                                  71236016.000 f
  U2533/Y (NAND2X1)                    1172064.000
                                                  72408080.000 r
  U2535/Y (XNOR2X1)                    7040256.000
                                                  79448336.000 r
  U2536/Y (INVX1)                      985472.000 80433808.000 f
  U2539/Y (NAND2X1)                    807328.000 81241136.000 r
  U1090/Y (AND2X1)                     2743584.000
                                                  83984720.000 r
  U1091/Y (INVX1)                      807536.000 84792256.000 f
  U603/Y (NAND2X1)                     1715600.000
                                                  86507856.000 r
  U570/Y (INVX1)                       1359280.000
                                                  87867136.000 f
  U571/Y (INVX1)                       937040.000 88804176.000 r
  U3485/Y (INVX1)                      705104.000 89509280.000 f
  U3486/Y (NAND2X1)                    1173840.000
                                                  90683120.000 r
  U4668/Y (NOR2X1)                     1196768.000
                                                  91879888.000 f
  U4669/Y (INVX1)                      -489728.000
                                                  91390160.000 r
  U4675/Y (NAND2X1)                    1592336.000
                                                  92982496.000 f
  U286/Y (NAND2X1)                     1270144.000
                                                  94252640.000 r
  U287/Y (INVX1)                       1239120.000
                                                  95491760.000 f
  U4677/Y (XOR2X1)                     5236480.000
                                                  100728240.000 r
  U256/Y (XNOR2X1)                     6627760.000
                                                  107356000.000 r
  U257/Y (INVX1)                       1043232.000
                                                  108399232.000 f
  U4714/Y (XOR2X1)                     6257688.000
                                                  114656920.000 r
  U483/Y (INVX1)                       1454920.000
                                                  116111840.000 f
  U484/Y (INVX1)                       414288.000 116526128.000 r
  U4759/Y (XOR2X1)                     5615288.000
                                                  122141416.000 f
  U280/Y (XNOR2X1)                     4866736.000
                                                  127008152.000 r
  U281/Y (INVX1)                       1043704.000
                                                  128051856.000 f
  U4766/Y (XOR2X1)                     5622752.000
                                                  133674608.000 r
  U1013/Y (XNOR2X1)                    6631280.000
                                                  140305888.000 r
  U1014/Y (INVX1)                      1057376.000
                                                  141363264.000 f
  U4941/Y (XOR2X1)                     6266016.000
                                                  147629280.000 r
  U4942/Y (NAND2X1)                    2727536.000
                                                  150356816.000 f
  U4991/Y (NAND2X1)                    840624.000 151197440.000 r
  U4995/Y (NAND2X1)                    1048992.000
                                                  152246432.000 f
  U4996/Y (NAND2X1)                    1165856.000
                                                  153412288.000 r
  U5000/Y (NAND2X1)                    1048960.000
                                                  154461248.000 f
  U5001/Y (NAND2X1)                    1165856.000
                                                  155627104.000 r
  U5005/Y (NAND2X1)                    1048992.000
                                                  156676096.000 f
  U5006/Y (NAND2X1)                    1165856.000
                                                  157841952.000 r
  U539/Y (NAND2X1)                     1225008.000
                                                  159066960.000 f
  U540/Y (INVX1)                       391600.000 159458560.000 r
  U5051/Y (NAND2X1)                    2129792.000
                                                  161588352.000 f
  U5052/Y (NAND2X1)                    1630096.000
                                                  163218448.000 r
  U5053/Y (NAND2X1)                    2554000.000
                                                  165772448.000 f
  U5054/Y (NAND2X1)                    1165008.000
                                                  166937456.000 r
  U5057/Y (NAND2X1)                    1049680.000
                                                  167987136.000 f
  U5058/Y (NAND2X1)                    1165872.000
                                                  169153008.000 r
  U5061/Y (NAND2X1)                    1048976.000
                                                  170201984.000 f
  U5070/Y (NAND2X1)                    836352.000 171038336.000 r
  U5073/Y (NAND2X1)                    1049696.000
                                                  172088032.000 f
  U5082/Y (NAND2X1)                    836480.000 172924512.000 r
  U5094/Y (NAND2X1)                    1049696.000
                                                  173974208.000 f
  U5097/Y (AND2X1)                     2054816.000
                                                  176029024.000 f
  U5098/Y (NAND2X1)                    1166752.000
                                                  177195776.000 r
  U1192/Y (NAND2X1)                    1048224.000
                                                  178244000.000 f
  U5101/Y (NAND2X1)                    1165840.000
                                                  179409840.000 r
  U5104/Y (NAND2X1)                    1049008.000
                                                  180458848.000 f
  U5113/Y (NAND2X1)                    836352.000 181295200.000 r
  U5116/Y (NAND2X1)                    1049680.000
                                                  182344880.000 f
  U5117/Y (NAND2X1)                    1171760.000
                                                  183516640.000 r
  U445/Y (NAND2X1)                     1072128.000
                                                  184588768.000 f
  U5140/Y (NAND2X1)                    1165888.000
                                                  185754656.000 r
  U5141/Y (NAND2X1)                    2139888.000
                                                  187894544.000 f
  U5142/Y (NAND2X1)                    1165872.000
                                                  189060416.000 r
  U5143/Y (NAND2X1)                    2148816.000
                                                  191209232.000 f
  U5146/Y (NAND2X1)                    836144.000 192045376.000 r
  U5155/Y (NAND2X1)                    1049744.000
                                                  193095120.000 f
  U5158/Y (NAND2X1)                    836480.000 193931600.000 r
  U5167/Y (NAND2X1)                    1049696.000
                                                  194981296.000 f
  U5170/Y (NAND2X1)                    836464.000 195817760.000 r
  U5179/Y (NAND2X1)                    1049696.000
                                                  196867456.000 f
  U5182/Y (NAND2X1)                    836480.000 197703936.000 r
  U5191/Y (NAND2X1)                    1049696.000
                                                  198753632.000 f
  U5194/Y (NAND2X1)                    836480.000 199590112.000 r
  U5203/Y (NAND2X1)                    1049696.000
                                                  200639808.000 f
  U5206/Y (NAND2X1)                    836464.000 201476272.000 r
  U5215/Y (NAND2X1)                    1049696.000
                                                  202525968.000 f
  U5218/Y (NAND2X1)                    836464.000 203362432.000 r
  U5227/Y (NAND2X1)                    1049696.000
                                                  204412128.000 f
  U5230/Y (NAND2X1)                    1268304.000
                                                  205680432.000 r
  U5231/Y (INVX1)                      1238432.000
                                                  206918864.000 f
  U5235/Y (NOR2X1)                     1064624.000
                                                  207983488.000 r
  U566/Y (NOR2X1)                      1186640.000
                                                  209170128.000 f
  U5640/Y (NAND2X1)                    834752.000 210004880.000 r
  U5641/Y (NAND2X1)                    2132144.000
                                                  212137024.000 f
  U5645/Y (NOR2X1)                     1074480.000
                                                  213211504.000 r
  U5649/Y (NOR2X1)                     957616.000 214169120.000 f
  U5654/Y (NAND2X1)                    821632.000 214990752.000 r
  U5656/Y (NAND2X1)                    1227360.000
                                                  216218112.000 f
  U5666/Y (INVX1)                      -674208.000
                                                  215543904.000 r
  U5668/Y (NAND2X1)                    1007264.000
                                                  216551168.000 f
  U5672/Y (NAND2X1)                    832512.000 217383680.000 r
  U5673/Y (NAND2X1)                    2148928.000
                                                  219532608.000 f
  U5675/Y (AND2X1)                     2054880.000
                                                  221587488.000 f
  U5679/Y (NOR2X1)                     1558384.000
                                                  223145872.000 r
  U5680/Y (INVX1)                      1043712.000
                                                  224189584.000 f
  U5681/Y (NAND2X1)                    1161952.000
                                                  225351536.000 r
  U5683/Y (NAND2X1)                    1052224.000
                                                  226403760.000 f
  U5691/Y (NAND2X1)                    836848.000 227240608.000 r
  U5693/Y (NAND2X1)                    1226880.000
                                                  228467488.000 f
  U5704/Y (NAND2X1)                    1166352.000
                                                  229633840.000 r
  U5705/Y (NAND2X1)                    2141696.000
                                                  231775536.000 f
  U5713/Y (NAND2X1)                    836368.000 232611904.000 r
  U5715/Y (NAND2X1)                    1226880.000
                                                  233838784.000 f
  U5726/Y (NAND2X1)                    1166352.000
                                                  235005136.000 r
  U5727/Y (NAND2X1)                    1476704.000
                                                  236481840.000 f
  U5728/Y (INVX1)                      -646176.000
                                                  235835664.000 r
  U5733/Y (NAND2X1)                    1007856.000
                                                  236843520.000 f
  U5738/Y (NAND2X1)                    832400.000 237675920.000 r
  U5739/Y (NAND2X1)                    1051984.000
                                                  238727904.000 f
  U5744/Y (NOR2X1)                     1556560.000
                                                  240284464.000 r
  U5745/Y (INVX1)                      1043408.000
                                                  241327872.000 f
  U5746/Y (NAND2X1)                    1621216.000
                                                  242949088.000 r
  U5747/Y (INVX1)                      1248368.000
                                                  244197456.000 f
  U5748/Y (NOR2X1)                     1070752.000
                                                  245268208.000 r
  U5759/Y (NAND2X1)                    1991536.000
                                                  247259744.000 f
  U5760/Y (NAND2X1)                    1159984.000
                                                  248419728.000 r
  out[0] (out)                            0.000   248419728.000 r
  data arrival time                               248419728.000

  clock clk (rise edge)                250000000.000
                                                  250000000.000
  clock network delay (ideal)             0.000   250000000.000
  clock reconvergence pessimism           0.000   250000000.000
  output external delay                   0.000   250000000.000
  data required time                              250000000.000
  ---------------------------------------------------------------
  data required time                              250000000.000
  data arrival time                               -248419728.000
  ---------------------------------------------------------------
  slack (MET)                                     1580272.000


1
