 
****************************************
Report : area
Design : top
Version: S-2021.06-SP2
Date   : Sun Dec  4 23:08:05 2022
****************************************

Library(s) Used:

    PPDK_Standard_Library_0.6V_25C_TYP_X1 (File: /home/akokkinis/synLibs/egfet/db/EGFET_0.6V.db)

Number of ports:                           30
Number of nets:                           231
Number of cells:                          207
Number of combinational cells:            206
Number of sequential cells:                 0
Number of macros/black boxes:               0
Number of buf/inv:                         76
Number of references:                       6

Combinational area:           73209871.000000
Buf/Inv area:                 17359920.000000
Noncombinational area:               0.000000
Macro/Black Box area:                0.000000
Net Interconnect area:      undefined  (No wire load specified)

Total cell area:              73209871.000000
Total area:                 undefined

Hierarchical area distribution
------------------------------

                                  Global cell area                Local cell area
                                  ----------------------  -------------------------------- 
Hierarchical cell                 Absolute       Percent  Combi-         Noncombi-  Black-
                                  Total          Total    national       national   boxes   Design
--------------------------------  -------------  -------  -------------  ---------  ------  ---------
top                               73209871.0000    100.0  73209871.0000     0.0000  0.0000  top
--------------------------------  -------------  -------  -------------  ---------  ------  ---------
Total                                                     73209871.0000     0.0000  0.0000

1
