 
****************************************
Report : timing
        -path full
        -delay max
        -max_paths 1
Design : top
Version: S-2021.06-SP2
Date   : Fri Dec 16 15:37:12 2022
****************************************

Operating Conditions: TT   Library: PPDK_Standard_Library_0.8V_25C_TYP_X1
Wire Load Model Mode: top

  Startpoint: inp[12] (input port clocked by clk)
  Endpoint: out[0] (output port clocked by clk)
  Path Group: clk
  Path Type: max

  Point                                    Incr       Path
  -----------------------------------------------------------
  clock clk (rise edge)                   0.000      0.000
  clock network delay (ideal)             0.000      0.000
  input external delay                    0.000      0.000 f
  inp[12] (in)                            0.000      0.000 f
  U925/Y (AND2X1)                      2573902.250
                                                  2573902.250 f
  U926/Y (NAND2X1)                     866602.250 3440504.500 r
  U986/Y (AND2X1)                      1947717.500
                                                  5388222.000 r
  U987/Y (NOR2X1)                      963885.500 6352107.500 f
  U988/Y (XOR2X1)                      6095850.500
                                                  12447958.000 r
  U456/Y (XNOR2X1)                     7119180.000
                                                  19567138.000 r
  U457/Y (INVX1)                       1095764.000
                                                  20662902.000 f
  U554/Y (XNOR2X1)                     6852536.000
                                                  27515438.000 f
  U555/Y (INVX1)                       -1230322.000
                                                  26285116.000 r
  U677/Y (XNOR2X1)                     6619356.000
                                                  32904472.000 r
  U678/Y (INVX1)                       987472.000 33891944.000 f
  U1000/Y (XOR2X1)                     6270040.000
                                                  40161984.000 r
  U689/Y (XNOR2X1)                     7245472.000
                                                  47407456.000 r
  U690/Y (INVX1)                       1110988.000
                                                  48518444.000 f
  U1032/Y (XOR2X1)                     5613000.000
                                                  54131444.000 r
  U1121/Y (INVX1)                      1341468.000
                                                  55472912.000 f
  U1122/Y (NAND2X1)                    1161964.000
                                                  56634876.000 r
  U1123/Y (AND2X1)                     1950292.000
                                                  58585168.000 r
  U384/Y (OR2X1)                       6999184.000
                                                  65584352.000 r
  U1182/Y (NAND2X1)                    1022068.000
                                                  66606420.000 f
  U1183/Y (NAND2X1)                    1636180.000
                                                  68242600.000 r
  U1199/Y (XOR2X1)                     6322432.000
                                                  74565032.000 f
  U738/Y (XNOR2X1)                     7449840.000
                                                  82014872.000 f
  U739/Y (INVX1)                       -1278992.000
                                                  80735880.000 r
  U1200/Y (NAND2X1)                    1370400.000
                                                  82106280.000 f
  U2282/Y (NAND2X1)                    1808824.000
                                                  83915104.000 r
  U366/Y (INVX1)                       1363928.000
                                                  85279032.000 f
  U367/Y (INVX1)                       937008.000 86216040.000 r
  U2283/Y (INVX1)                      701896.000 86917936.000 f
  U2313/Y (XOR2X1)                     6269992.000
                                                  93187928.000 r
  U3526/Y (NAND2X1)                    1078232.000
                                                  94266160.000 f
  U3528/Y (NAND2X1)                    1270256.000
                                                  95536416.000 r
  U3529/Y (INVX1)                      1238376.000
                                                  96774792.000 f
  U3530/Y (NAND2X1)                    1161960.000
                                                  97936752.000 r
  U3531/Y (NAND2X1)                    1231216.000
                                                  99167968.000 f
  U3557/Y (NAND2X1)                    1166408.000
                                                  100334376.000 r
  U3558/Y (NAND2X1)                    2132184.000
                                                  102466560.000 f
  U3559/Y (AND2X1)                     2062400.000
                                                  104528960.000 f
  U3583/Y (NOR2X1)                     1088032.000
                                                  105616992.000 r
  U428/Y (XNOR2X1)                     6995056.000
                                                  112612048.000 r
  U3589/Y (XNOR2X1)                    6977216.000
                                                  119589264.000 r
  U213/Y (XNOR2X1)                     6623856.000
                                                  126213120.000 r
  U214/Y (INVX1)                       995016.000 127208136.000 f
  U3717/Y (XOR2X1)                     6261832.000
                                                  133469968.000 r
  U3718/Y (INVX1)                      1410064.000
                                                  134880032.000 f
  U3719/Y (NAND2X1)                    1161936.000
                                                  136041968.000 r
  U3740/Y (NAND2X1)                    1052224.000
                                                  137094192.000 f
  U3742/Y (NAND2X1)                    836864.000 137931056.000 r
  U3743/Y (NAND2X1)                    2139184.000
                                                  140070240.000 f
  U3747/Y (NAND2X1)                    835584.000 140905824.000 r
  U3748/Y (NAND2X1)                    2153088.000
                                                  143058912.000 f
  U3751/Y (NAND2X1)                    835568.000 143894480.000 r
  U3757/Y (NAND2X1)                    1048448.000
                                                  144942928.000 f
  U3760/Y (NAND2X1)                    841920.000 145784848.000 r
  U3761/Y (NAND2X1)                    2167088.000
                                                  147951936.000 f
  U3763/Y (NAND2X1)                    831456.000 148783392.000 r
  U3769/Y (NAND2X1)                    1044336.000
                                                  149827728.000 f
  U378/Y (NAND2X1)                     1619120.000
                                                  151446848.000 r
  U333/Y (INVX1)                       1281968.000
                                                  152728816.000 f
  U334/Y (INVX1)                       999968.000 153728784.000 r
  U4008/Y (NAND2X1)                    1042352.000
                                                  154771136.000 f
  U4010/Y (NAND2X1)                    1273424.000
                                                  156044560.000 r
  U4011/Y (INVX1)                      1242928.000
                                                  157287488.000 f
  U4015/Y (NAND2X1)                    807248.000 158094736.000 r
  U4016/Y (NAND2X1)                    2147872.000
                                                  160242608.000 f
  U4019/Y (NAND2X1)                    836304.000 161078912.000 r
  U4020/Y (NAND2X1)                    2161328.000
                                                  163240240.000 f
  U4023/Y (NAND2X1)                    836304.000 164076544.000 r
  U4024/Y (NAND2X1)                    2161328.000
                                                  166237872.000 f
  U4027/Y (NAND2X1)                    836304.000 167074176.000 r
  U4028/Y (NAND2X1)                    2161328.000
                                                  169235504.000 f
  U4031/Y (NAND2X1)                    836304.000 170071808.000 r
  U4032/Y (NAND2X1)                    2161328.000
                                                  172233136.000 f
  U4035/Y (NAND2X1)                    836304.000 173069440.000 r
  U4036/Y (NAND2X1)                    2161328.000
                                                  175230768.000 f
  U4039/Y (NAND2X1)                    836304.000 176067072.000 r
  U4040/Y (NAND2X1)                    1473584.000
                                                  177540656.000 f
  U4041/Y (INVX1)                      -657344.000
                                                  176883312.000 r
  U4042/Y (NAND2X1)                    1410400.000
                                                  178293712.000 f
  U326/Y (AND2X1)                      2310736.000
                                                  180604448.000 f
  U327/Y (INVX1)                       14656.000  180619104.000 r
  U4096/Y (NAND2X1)                    1050368.000
                                                  181669472.000 f
  U4098/Y (NAND2X1)                    1273952.000
                                                  182943424.000 r
  U4099/Y (INVX1)                      1242928.000
                                                  184186352.000 f
  U476/Y (AND2X1)                      2298944.000
                                                  186485296.000 f
  U477/Y (INVX1)                       -1302608.000
                                                  185182688.000 r
  U4103/Y (NAND2X1)                    1360992.000
                                                  186543680.000 f
  U4106/Y (NAND2X1)                    836304.000 187379984.000 r
  U4107/Y (NAND2X1)                    2161328.000
                                                  189541312.000 f
  U4110/Y (NAND2X1)                    836304.000 190377616.000 r
  U4111/Y (NAND2X1)                    2161328.000
                                                  192538944.000 f
  U4114/Y (NAND2X1)                    836304.000 193375248.000 r
  U4115/Y (NAND2X1)                    2161328.000
                                                  195536576.000 f
  U4118/Y (NAND2X1)                    836304.000 196372880.000 r
  U4119/Y (NAND2X1)                    2161328.000
                                                  198534208.000 f
  U4122/Y (NAND2X1)                    836304.000 199370512.000 r
  U4123/Y (NAND2X1)                    2161328.000
                                                  201531840.000 f
  U4126/Y (NAND2X1)                    836304.000 202368144.000 r
  U4127/Y (NAND2X1)                    2161328.000
                                                  204529472.000 f
  U4130/Y (NAND2X1)                    1273824.000
                                                  205803296.000 r
  U4131/Y (INVX1)                      1292784.000
                                                  207096080.000 f
  U4157/Y (NAND2X1)                    811264.000 207907344.000 r
  U4158/Y (NAND2X1)                    2148896.000
                                                  210056240.000 f
  U4159/Y (NOR2X1)                     1074496.000
                                                  211130736.000 r
  U4163/Y (NAND2X1)                    1037264.000
                                                  212168000.000 f
  U4165/Y (NAND2X1)                    840240.000 213008240.000 r
  U4170/Y (OR2X1)                      5169904.000
                                                  218178144.000 r
  U4171/Y (NAND2X1)                    1361008.000
                                                  219539152.000 f
  U4172/Y (NAND2X1)                    1165856.000
                                                  220705008.000 r
  U4174/Y (NAND2X1)                    1048976.000
                                                  221753984.000 f
  U4175/Y (NAND2X1)                    842000.000 222595984.000 r
  U848/Y (OR2X1)                       5169264.000
                                                  227765248.000 r
  U4180/Y (NAND2X1)                    1360992.000
                                                  229126240.000 f
  U4181/Y (NAND2X1)                    836368.000 229962608.000 r
  U4183/Y (NAND2X1)                    1048976.000
                                                  231011584.000 f
  U4184/Y (NAND2X1)                    1171776.000
                                                  232183360.000 r
  U4189/Y (OR2X1)                      5170352.000
                                                  237353712.000 r
  U4190/Y (NAND2X1)                    1361008.000
                                                  238714720.000 f
  U4191/Y (NAND2X1)                    1619216.000
                                                  240333936.000 r
  U4192/Y (INVX1)                      1237168.000
                                                  241571104.000 f
  U478/Y (AND2X1)                      2298944.000
                                                  243870048.000 f
  U479/Y (INVX1)                       -1287696.000
                                                  242582352.000 r
  U4202/Y (NAND2X1)                    1360992.000
                                                  243943344.000 f
  U4204/Y (NAND2X1)                    836896.000 244780240.000 r
  U4205/Y (NAND2X1)                    1227152.000
                                                  246007392.000 f
  U4206/Y (INVX1)                      -660336.000
                                                  245347056.000 r
  U4217/Y (NAND2X1)                    1008128.000
                                                  246355184.000 f
  U4218/Y (NAND2X1)                    1165040.000
                                                  247520224.000 r
  U4219/Y (NAND2X1)                    2169968.000
                                                  249690192.000 f
  out[0] (out)                            0.000   249690192.000 f
  data arrival time                               249690192.000

  clock clk (rise edge)                250000000.000
                                                  250000000.000
  clock network delay (ideal)             0.000   250000000.000
  output external delay                   0.000   250000000.000
  data required time                              250000000.000
  -----------------------------------------------------------
  data required time                              250000000.000
  data arrival time                               -249690192.000
  -----------------------------------------------------------
  slack (MET)                                     309808.000


1
