****************************************
Report : timing
	-path_type full
	-delay_type max
	-max_paths 1
	-sort_by slack
Design : top
Version: S-2021.06-SP1
Date   : Fri Dec 16 15:37:17 2022
****************************************


  Startpoint: inp[12] (input port clocked by clk)
  Endpoint: out[0] (output port clocked by clk)
  Path Group: clk
  Path Type: max

  Point                                    Incr       Path
  ---------------------------------------------------------------
  clock clk (rise edge)                   0.000      0.000
  clock network delay (ideal)             0.000      0.000
  input external delay                    0.000      0.000 f
  inp[12] (in)                            0.000      0.000 f
  U925/Y (AND2X1)                      2573904.000
                                                  2573904.000 f
  U926/Y (NAND2X1)                     866592.000 3440496.000 r
  U986/Y (AND2X1)                      1947712.000
                                                  5388208.000 r
  U987/Y (NOR2X1)                      963888.000 6352096.000 f
  U988/Y (XOR2X1)                      6095808.000
                                                  12447904.000 r
  U456/Y (XNOR2X1)                     7119200.000
                                                  19567104.000 r
  U457/Y (INVX1)                       1095760.000
                                                  20662864.000 f
  U554/Y (XNOR2X1)                     6852544.000
                                                  27515408.000 f
  U555/Y (INVX1)                       -1230304.000
                                                  26285104.000 r
  U677/Y (XNOR2X1)                     6619360.000
                                                  32904464.000 r
  U678/Y (INVX1)                       987472.000 33891936.000 f
  U1000/Y (XOR2X1)                     6270032.000
                                                  40161968.000 r
  U689/Y (XNOR2X1)                     7245504.000
                                                  47407472.000 r
  U690/Y (INVX1)                       1110992.000
                                                  48518464.000 f
  U1032/Y (XOR2X1)                     5613008.000
                                                  54131472.000 r
  U1121/Y (INVX1)                      1341472.000
                                                  55472944.000 f
  U1122/Y (NAND2X1)                    1161968.000
                                                  56634912.000 r
  U1123/Y (AND2X1)                     1950288.000
                                                  58585200.000 r
  U384/Y (OR2X1)                       6999248.000
                                                  65584448.000 r
  U1182/Y (NAND2X1)                    1022064.000
                                                  66606512.000 f
  U1183/Y (NAND2X1)                    1636176.000
                                                  68242688.000 r
  U1199/Y (XOR2X1)                     6322544.000
                                                  74565232.000 f
  U738/Y (XNOR2X1)                     7449744.000
                                                  82014976.000 f
  U739/Y (INVX1)                       -1278992.000
                                                  80735984.000 r
  U1200/Y (NAND2X1)                    1370400.000
                                                  82106384.000 f
  U2282/Y (NAND2X1)                    1808800.000
                                                  83915184.000 r
  U366/Y (INVX1)                       1363920.000
                                                  85279104.000 f
  U367/Y (INVX1)                       937008.000 86216112.000 r
  U2283/Y (INVX1)                      701904.000 86918016.000 f
  U2313/Y (XOR2X1)                     6270000.000
                                                  93188016.000 r
  U3526/Y (NAND2X1)                    1078240.000
                                                  94266256.000 f
  U3528/Y (NAND2X1)                    1270256.000
                                                  95536512.000 r
  U3529/Y (INVX1)                      1238384.000
                                                  96774896.000 f
  U3530/Y (NAND2X1)                    1161952.000
                                                  97936848.000 r
  U3531/Y (NAND2X1)                    1231264.000
                                                  99168112.000 f
  U3557/Y (NAND2X1)                    1166416.000
                                                  100334528.000 r
  U3558/Y (NAND2X1)                    2132160.000
                                                  102466688.000 f
  U3559/Y (AND2X1)                     2062400.000
                                                  104529088.000 f
  U3583/Y (NOR2X1)                     1088032.000
                                                  105617120.000 r
  U428/Y (XNOR2X1)                     6995040.000
                                                  112612160.000 r
  U3589/Y (XNOR2X1)                    6977312.000
                                                  119589472.000 r
  U213/Y (XNOR2X1)                     6623896.000
                                                  126213368.000 r
  U214/Y (INVX1)                       995016.000 127208384.000 f
  U3717/Y (XOR2X1)                     6261840.000
                                                  133470224.000 r
  U3718/Y (INVX1)                      1410064.000
                                                  134880288.000 f
  U3719/Y (NAND2X1)                    1161952.000
                                                  136042240.000 r
  U3740/Y (NAND2X1)                    1052224.000
                                                  137094464.000 f
  U3742/Y (NAND2X1)                    836864.000 137931328.000 r
  U3743/Y (NAND2X1)                    2139200.000
                                                  140070528.000 f
  U3747/Y (NAND2X1)                    835584.000 140906112.000 r
  U3748/Y (NAND2X1)                    2153088.000
                                                  143059200.000 f
  U3751/Y (NAND2X1)                    835552.000 143894752.000 r
  U3757/Y (NAND2X1)                    1048448.000
                                                  144943200.000 f
  U3760/Y (NAND2X1)                    841952.000 145785152.000 r
  U3761/Y (NAND2X1)                    2167072.000
                                                  147952224.000 f
  U3763/Y (NAND2X1)                    831456.000 148783680.000 r
  U3769/Y (NAND2X1)                    1044304.000
                                                  149827984.000 f
  U378/Y (NAND2X1)                     1619120.000
                                                  151447104.000 r
  U333/Y (INVX1)                       1281968.000
                                                  152729072.000 f
  U334/Y (INVX1)                       999968.000 153729040.000 r
  U4008/Y (NAND2X1)                    1042352.000
                                                  154771392.000 f
  U4010/Y (NAND2X1)                    1273440.000
                                                  156044832.000 r
  U4011/Y (INVX1)                      1242912.000
                                                  157287744.000 f
  U4015/Y (NAND2X1)                    807232.000 158094976.000 r
  U4016/Y (NAND2X1)                    2147872.000
                                                  160242848.000 f
  U4019/Y (NAND2X1)                    836320.000 161079168.000 r
  U4020/Y (NAND2X1)                    2161312.000
                                                  163240480.000 f
  U4023/Y (NAND2X1)                    836320.000 164076800.000 r
  U4024/Y (NAND2X1)                    2161312.000
                                                  166238112.000 f
  U4027/Y (NAND2X1)                    836320.000 167074432.000 r
  U4028/Y (NAND2X1)                    2161328.000
                                                  169235760.000 f
  U4031/Y (NAND2X1)                    836304.000 170072064.000 r
  U4032/Y (NAND2X1)                    2161328.000
                                                  172233392.000 f
  U4035/Y (NAND2X1)                    836304.000 173069696.000 r
  U4036/Y (NAND2X1)                    2161328.000
                                                  175231024.000 f
  U4039/Y (NAND2X1)                    836304.000 176067328.000 r
  U4040/Y (NAND2X1)                    1473584.000
                                                  177540912.000 f
  U4041/Y (INVX1)                      -657376.000
                                                  176883536.000 r
  U4042/Y (NAND2X1)                    1410384.000
                                                  178293920.000 f
  U326/Y (AND2X1)                      2310752.000
                                                  180604672.000 f
  U327/Y (INVX1)                       14688.000  180619360.000 r
  U4096/Y (NAND2X1)                    1050368.000
                                                  181669728.000 f
  U4098/Y (NAND2X1)                    1273968.000
                                                  182943696.000 r
  U4099/Y (INVX1)                      1242912.000
                                                  184186608.000 f
  U476/Y (AND2X1)                      2298960.000
                                                  186485568.000 f
  U477/Y (INVX1)                       -1302624.000
                                                  185182944.000 r
  U4103/Y (NAND2X1)                    1360992.000
                                                  186543936.000 f
  U4106/Y (NAND2X1)                    836304.000 187380240.000 r
  U4107/Y (NAND2X1)                    2161328.000
                                                  189541568.000 f
  U4110/Y (NAND2X1)                    836304.000 190377872.000 r
  U4111/Y (NAND2X1)                    2161328.000
                                                  192539200.000 f
  U4114/Y (NAND2X1)                    836304.000 193375504.000 r
  U4115/Y (NAND2X1)                    2161328.000
                                                  195536832.000 f
  U4118/Y (NAND2X1)                    836304.000 196373136.000 r
  U4119/Y (NAND2X1)                    2161328.000
                                                  198534464.000 f
  U4122/Y (NAND2X1)                    836304.000 199370768.000 r
  U4123/Y (NAND2X1)                    2161328.000
                                                  201532096.000 f
  U4126/Y (NAND2X1)                    836304.000 202368400.000 r
  U4127/Y (NAND2X1)                    2161328.000
                                                  204529728.000 f
  U4130/Y (NAND2X1)                    1273808.000
                                                  205803536.000 r
  U4131/Y (INVX1)                      1292784.000
                                                  207096320.000 f
  U4157/Y (NAND2X1)                    811248.000 207907568.000 r
  U4158/Y (NAND2X1)                    2148896.000
                                                  210056464.000 f
  U4159/Y (NOR2X1)                     1074496.000
                                                  211130960.000 r
  U4163/Y (NAND2X1)                    1037280.000
                                                  212168240.000 f
  U4165/Y (NAND2X1)                    840240.000 213008480.000 r
  U4170/Y (OR2X1)                      5169920.000
                                                  218178400.000 r
  U4171/Y (NAND2X1)                    1360992.000
                                                  219539392.000 f
  U4172/Y (NAND2X1)                    1165872.000
                                                  220705264.000 r
  U4174/Y (NAND2X1)                    1048976.000
                                                  221754240.000 f
  U4175/Y (NAND2X1)                    842016.000 222596256.000 r
  U848/Y (OR2X1)                       5169280.000
                                                  227765536.000 r
  U4180/Y (NAND2X1)                    1360992.000
                                                  229126528.000 f
  U4181/Y (NAND2X1)                    836368.000 229962896.000 r
  U4183/Y (NAND2X1)                    1048960.000
                                                  231011856.000 f
  U4184/Y (NAND2X1)                    1171776.000
                                                  232183632.000 r
  U4189/Y (OR2X1)                      5170368.000
                                                  237354000.000 r
  U4190/Y (NAND2X1)                    1361008.000
                                                  238715008.000 f
  U4191/Y (NAND2X1)                    1619216.000
                                                  240334224.000 r
  U4192/Y (INVX1)                      1237152.000
                                                  241571376.000 f
  U478/Y (AND2X1)                      2298960.000
                                                  243870336.000 f
  U479/Y (INVX1)                       -1287728.000
                                                  242582608.000 r
  U4202/Y (NAND2X1)                    1360992.000
                                                  243943600.000 f
  U4204/Y (NAND2X1)                    836896.000 244780496.000 r
  U4205/Y (NAND2X1)                    1227152.000
                                                  246007648.000 f
  U4206/Y (INVX1)                      -660320.000
                                                  245347328.000 r
  U4217/Y (NAND2X1)                    1008112.000
                                                  246355440.000 f
  U4218/Y (NAND2X1)                    1165040.000
                                                  247520480.000 r
  U4219/Y (NAND2X1)                    2169968.000
                                                  249690448.000 f
  out[0] (out)                            0.000   249690448.000 f
  data arrival time                               249690448.000

  clock clk (rise edge)                250000000.000
                                                  250000000.000
  clock network delay (ideal)             0.000   250000000.000
  clock reconvergence pessimism           0.000   250000000.000
  output external delay                   0.000   250000000.000
  data required time                              250000000.000
  ---------------------------------------------------------------
  data required time                              250000000.000
  data arrival time                               -249690448.000
  ---------------------------------------------------------------
  slack (MET)                                     309552.000


1
