Information: Updating design information... (UID-85)
 
****************************************
Report : qor
Design : top
Version: S-2021.06-SP2
Date   : Fri Dec 16 15:37:12 2022
****************************************


  Timing Path Group 'clk'
  -----------------------------------
  Levels of Logic:             129.00
  Critical Path Length:  249690192.00
  Critical Path Slack:      309808.00
  Critical Path Clk Period:
                         250000000.00
  Total Negative Slack:          0.00
  No. of Violating Paths:        0.00
  Worst Hold Violation:          0.00
  Total Hold Violation:          0.00
  No. of Hold Violations:        0.00
  -----------------------------------


  Cell Count
  -----------------------------------
  Hierarchical Cell Count:          0
  Hierarchical Port Count:          0
  Leaf Cell Count:               4022
  Buf/Inv Cell Count:             851
  Buf Cell Count:                   0
  Inv Cell Count:                 851
  CT Buf/Inv Cell Count:            0
  Combinational Cell Count:      4022
  Sequential Cell Count:            0
  Macro Count:                      0
  -----------------------------------


  Area
  -----------------------------------
  Combinational Area:
                    1761606377.000000
  Noncombinational Area:     0.000000
  Buf/Inv Area:      194385420.000000
  Total Buffer Area:             0.00
  Total Inverter Area:   194385420.00
  Macro/Black Box Area:      0.000000
  Net Area:                  0.000000
  -----------------------------------
  Cell Area:        1761606377.000000
  Design Area:      1761606377.000000


  Design Rules
  -----------------------------------
  Total Number of Nets:          4070
  Nets With Violations:          4022
  Max Trans Violations:          4022
  Max Cap Violations:               0
  -----------------------------------


  Hostname: leoforos

  Compile CPU Statistics
  -----------------------------------------
  Resource Sharing:                    1.88
  Logic Optimization:                  0.62
  Mapping Optimization:                3.91
  -----------------------------------------
  Overall Compile Time:               12.40
  Overall Compile Wall Clock Time:    12.76

  --------------------------------------------------------------------

  Design  WNS: 0.00  TNS: 0.00  Number of Violating Paths: 0


  Design (Hold)  WNS: 0.00  TNS: 0.00  Number of Violating Paths: 0

  --------------------------------------------------------------------


1
