 
****************************************
Report : area
Design : top
Version: S-2021.06-SP2
Date   : Sat Dec  3 11:44:21 2022
****************************************

Library(s) Used:

    PPDK_Standard_Library_1.0V_25C_TYP_X1 (File: /home/akokkinis/synLibs/egfet/db/EGFET_1.0V.db)

Number of ports:                           26
Number of nets:                             8
Number of cells:                            4
Number of combinational cells:              4
Number of sequential cells:                 0
Number of macros/black boxes:               0
Number of buf/inv:                          1
Number of references:                       3

Combinational area:            1460920.000000
Buf/Inv area:                   228420.000000
Noncombinational area:               0.000000
Macro/Black Box area:                0.000000
Net Interconnect area:      undefined  (No wire load specified)

Total cell area:               1460920.000000
Total area:                 undefined
1
