****************************************
Report : Averaged Power
Design : top
Version: S-2021.06-SP1
Date   : Sat Dec  3 11:44:37 2022
****************************************



  Attributes
  ----------
      i  -  Including register clock pin internal power
      u  -  User defined power group

                        Internal  Switching  Leakage    Total
Power Group             Power     Power      Power      Power   (     %)  Attrs
--------------------------------------------------------------------------------
clock_network              0.0000    0.0000    0.0000    0.0000 ( 0.00%)  i
register                   0.0000    0.0000    0.0000    0.0000 ( 0.00%)  
combinational           2.056e-06 1.424e-08 4.003e-05 4.210e-05 (100.00%) 
sequential                 0.0000    0.0000    0.0000    0.0000 ( 0.00%)  
memory                     0.0000    0.0000    0.0000    0.0000 ( 0.00%)  
io_pad                     0.0000    0.0000    0.0000    0.0000 ( 0.00%)  
black_box                  0.0000    0.0000    0.0000    0.0000 ( 0.00%)  

  Net Switching Power  = 1.424e-08   ( 0.03%)
  Cell Internal Power  = 2.056e-06   ( 4.88%)
  Cell Leakage Power   = 4.003e-05   (95.08%)
                         ---------
Total Power            = 4.210e-05  (100.00%)

1
