Information: Updating design information... (UID-85)
 
****************************************
Report : qor
Design : top
Version: S-2021.06-SP2
Date   : Tue Nov 29 14:16:56 2022
****************************************


  Timing Path Group 'clk'
  -----------------------------------
  Levels of Logic:             134.00
  Critical Path Length:  193185072.00
  Critical Path Slack:    56814928.00
  Critical Path Clk Period:
                         250000000.00
  Total Negative Slack:          0.00
  No. of Violating Paths:        0.00
  Worst Hold Violation:          0.00
  Total Hold Violation:          0.00
  No. of Hold Violations:        0.00
  -----------------------------------


  Cell Count
  -----------------------------------
  Hierarchical Cell Count:          0
  Hierarchical Port Count:          0
  Leaf Cell Count:               2453
  Buf/Inv Cell Count:             571
  Buf Cell Count:                   0
  Inv Cell Count:                 571
  CT Buf/Inv Cell Count:            0
  Combinational Cell Count:      2453
  Sequential Cell Count:            0
  Macro Count:                      0
  -----------------------------------


  Area
  -----------------------------------
  Combinational Area:
                     854224239.000000
  Noncombinational Area:     0.000000
  Buf/Inv Area:      130427820.000000
  Total Buffer Area:             0.00
  Total Inverter Area:   130427820.00
  Macro/Black Box Area:      0.000000
  Net Area:                  0.000000
  -----------------------------------
  Cell Area:         854224239.000000
  Design Area:       854224239.000000


  Design Rules
  -----------------------------------
  Total Number of Nets:          2485
  Nets With Violations:          2453
  Max Trans Violations:          2453
  Max Cap Violations:               0
  -----------------------------------


  Hostname: leoforos

  Compile CPU Statistics
  -----------------------------------------
  Resource Sharing:                    1.07
  Logic Optimization:                  0.13
  Mapping Optimization:                2.23
  -----------------------------------------
  Overall Compile Time:               13.39
  Overall Compile Wall Clock Time:    13.74

  --------------------------------------------------------------------

  Design  WNS: 0.00  TNS: 0.00  Number of Violating Paths: 0


  Design (Hold)  WNS: 0.00  TNS: 0.00  Number of Violating Paths: 0

  --------------------------------------------------------------------


1
