 
****************************************
Report : timing
        -path full
        -delay max
        -max_paths 1
Design : top
Version: S-2021.06-SP2
Date   : Tue Nov 29 15:04:14 2022
****************************************

Operating Conditions: TT   Library: PPDK_Standard_Library_0.8V_25C_TYP_X1
Wire Load Model Mode: top

  Startpoint: inp[62] (input port clocked by clk)
  Endpoint: out[0] (output port clocked by clk)
  Path Group: clk
  Path Type: max

  Point                                    Incr       Path
  -----------------------------------------------------------
  clock clk (rise edge)                   0.000      0.000
  clock network delay (ideal)             0.000      0.000
  input external delay                    0.000      0.000 f
  inp[62] (in)                            0.000      0.000 f
  U1771/Y (NAND2X1)                    1168825.625
                                                  1168825.625 r
  U1832/Y (NAND2X1)                    2203149.500
                                                  3371975.000 f
  U652/Y (XNOR2X1)                     7195768.000
                                                  10567743.000 f
  U1836/Y (XOR2X1)                     5535773.000
                                                  16103516.000 r
  U1921/Y (XOR2X1)                     6478358.000
                                                  22581874.000 f
  U405/Y (XNOR2X1)                     7451402.000
                                                  30033276.000 f
  U406/Y (INVX1)                       -79232.000 29954044.000 r
  U969/Y (XNOR2X1)                     7027004.000
                                                  36981048.000 r
  U970/Y (INVX1)                       921724.000 37902772.000 f
  U2070/Y (XOR2X1)                     3450840.000
                                                  41353612.000 f
  U2155/Y (XOR2X1)                     6282624.000
                                                  47636236.000 r
  U2156/Y (INVX1)                      1423676.000
                                                  49059912.000 f
  U2157/Y (XNOR2X1)                    7361484.000
                                                  56421396.000 f
  U2158/Y (INVX1)                      -1269704.000
                                                  55151692.000 r
  U2159/Y (OR2X1)                      1562704.000
                                                  56714396.000 r
  U2160/Y (NAND2X1)                    1715804.000
                                                  58430200.000 f
  U2162/Y (NAND2X1)                    1286392.000
                                                  59716592.000 r
  U2163/Y (INVX1)                      1252164.000
                                                  60968756.000 f
  U2167/Y (NAND2X1)                    807240.000 61775996.000 r
  U2168/Y (NAND2X1)                    2206340.000
                                                  63982336.000 f
  U2170/Y (NAND2X1)                    847520.000 64829856.000 r
  U2174/Y (NAND2X1)                    1051468.000
                                                  65881324.000 f
  U2235/Y (NAND2X1)                    836392.000 66717716.000 r
  U2238/Y (AND2X1)                     -732944.000
                                                  65984772.000 r
  U2247/Y (XOR2X1)                     6319180.000
                                                  72303952.000 f
  U2248/Y (XOR2X1)                     5460872.000
                                                  77764824.000 r
  U2250/Y (NAND2X1)                    2745480.000
                                                  80510304.000 f
  U614/Y (NAND2X1)                     1747832.000
                                                  82258136.000 r
  U540/Y (INVX1)                       1347800.000
                                                  83605936.000 f
  U541/Y (INVX1)                       937152.000 84543088.000 r
  U2285/Y (INVX1)                      697328.000 85240416.000 f
  U3952/Y (NAND2X1)                    813424.000 86053840.000 r
  U3953/Y (NOR2X1)                     1195416.000
                                                  87249256.000 f
  U3954/Y (INVX1)                      -557408.000
                                                  86691848.000 r
  U3955/Y (NAND2X1)                    1008568.000
                                                  87700416.000 f
  U3957/Y (NAND2X1)                    1271136.000
                                                  88971552.000 r
  U4019/Y (INVX1)                      1242384.000
                                                  90213936.000 f
  U670/Y (XNOR2X1)                     7124328.000
                                                  97338264.000 f
  U4020/Y (XOR2X1)                     6459336.000
                                                  103797600.000 r
  U316/Y (XNOR2X1)                     6631912.000
                                                  110429512.000 r
  U317/Y (INVX1)                       1043424.000
                                                  111472936.000 f
  U640/Y (XOR2X1)                      6257680.000
                                                  117730616.000 r
  U481/Y (INVX1)                       1388088.000
                                                  119118704.000 f
  U482/Y (INVX1)                       415160.000 119533864.000 r
  U4129/Y (XOR2X1)                     5615352.000
                                                  125149216.000 f
  U4130/Y (XOR2X1)                     5475792.000
                                                  130625008.000 r
  U4135/Y (INVX1)                      1514136.000
                                                  132139144.000 f
  U4136/Y (NAND2X1)                    807144.000 132946288.000 r
  U4168/Y (NAND2X1)                    1043712.000
                                                  133990000.000 f
  U4169/Y (AND2X1)                     2604240.000
                                                  136594240.000 f
  U4170/Y (NAND2X1)                    1166544.000
                                                  137760784.000 r
  U1187/Y (NAND2X1)                    1048432.000
                                                  138809216.000 f
  U4173/Y (NAND2X1)                    1165840.000
                                                  139975056.000 r
  U4176/Y (NAND2X1)                    1048992.000
                                                  141024048.000 f
  U4213/Y (NAND2X1)                    836368.000 141860416.000 r
  U4216/Y (NAND2X1)                    1049728.000
                                                  142910144.000 f
  U4242/Y (NAND2X1)                    836480.000 143746624.000 r
  U4245/Y (NAND2X1)                    1048448.000
                                                  144795072.000 f
  U4256/Y (NAND2X1)                    836288.000 145631360.000 r
  U4259/Y (NAND2X1)                    1227376.000
                                                  146858736.000 f
  U1132/Y (INVX1)                      381168.000 147239904.000 r
  U4274/Y (NAND2X1)                    1048000.000
                                                  148287904.000 f
  U4276/Y (NAND2X1)                    1279392.000
                                                  149567296.000 r
  U4277/Y (INVX1)                      1246544.000
                                                  150813840.000 f
  U4278/Y (NAND2X1)                    1161952.000
                                                  151975792.000 r
  U4279/Y (NAND2X1)                    2206368.000
                                                  154182160.000 f
  U4282/Y (NAND2X1)                    836384.000 155018544.000 r
  U4283/Y (NAND2X1)                    2142016.000
                                                  157160560.000 f
  U4286/Y (NAND2X1)                    836864.000 157997424.000 r
  U4295/Y (NAND2X1)                    1048608.000
                                                  159046032.000 f
  U4298/Y (NAND2X1)                    836304.000 159882336.000 r
  U4307/Y (NAND2X1)                    1048608.000
                                                  160930944.000 f
  U4310/Y (NAND2X1)                    836304.000 161767248.000 r
  U4319/Y (NAND2X1)                    1048608.000
                                                  162815856.000 f
  U4322/Y (NAND2X1)                    836304.000 163652160.000 r
  U4331/Y (NAND2X1)                    1048608.000
                                                  164700768.000 f
  U4334/Y (NAND2X1)                    836304.000 165537072.000 r
  U4343/Y (NAND2X1)                    1048608.000
                                                  166585680.000 f
  U4346/Y (NAND2X1)                    836304.000 167421984.000 r
  U4355/Y (NAND2X1)                    1048608.000
                                                  168470592.000 f
  U4358/Y (NAND2X1)                    836304.000 169306896.000 r
  U4367/Y (NAND2X1)                    1048608.000
                                                  170355504.000 f
  U585/Y (NAND2X1)                     1329232.000
                                                  171684736.000 r
  U531/Y (INVX1)                       1329216.000
                                                  173013952.000 f
  U532/Y (INVX1)                       937312.000 173951264.000 r
  U4371/Y (INVX1)                      701904.000 174653168.000 f
  U4372/Y (NAND2X1)                    807888.000 175461056.000 r
  U4373/Y (NAND2X1)                    1459584.000
                                                  176920640.000 f
  U5044/Y (NAND2X1)                    840432.000 177761072.000 r
  U5045/Y (NAND2X1)                    2206048.000
                                                  179967120.000 f
  U5054/Y (NAND2X1)                    836368.000 180803488.000 r
  U5057/Y (NAND2X1)                    1048608.000
                                                  181852096.000 f
  U5066/Y (NAND2X1)                    836304.000 182688400.000 r
  U5069/Y (NAND2X1)                    1048608.000
                                                  183737008.000 f
  U5078/Y (NAND2X1)                    836304.000 184573312.000 r
  U5081/Y (NAND2X1)                    1048608.000
                                                  185621920.000 f
  U5090/Y (NAND2X1)                    1268224.000
                                                  186890144.000 r
  U5091/Y (INVX1)                      1236480.000
                                                  188126624.000 f
  U1172/Y (OR2X1)                      2431552.000
                                                  190558176.000 f
  U5112/Y (NAND2X1)                    845600.000 191403776.000 r
  U5121/Y (NAND2X1)                    infinity   192452352.000 f
  U5134/Y (NAND2X1)                    1268224.000
                                                  193720576.000 r
  U5135/Y (INVX1)                      1237152.000
                                                  194957728.000 f
  U5144/Y (AND2X1)                     2083728.000
                                                  197041456.000 f
  U5148/Y (OR2X1)                      2647424.000
                                                  199688880.000 f
  U5149/Y (INVX1)                      178896.000 199867776.000 r
  U5493/Y (NAND2X1)                    1049616.000
                                                  200917392.000 f
  U5494/Y (NAND2X1)                    1171792.000
                                                  202089184.000 r
  U1190/Y (OR2X1)                      5169552.000
                                                  207258736.000 r
  U5505/Y (NAND2X1)                    1004960.000
                                                  208263696.000 f
  U5507/Y (NAND2X1)                    835312.000 209099008.000 r
  U1189/Y (NOR2X1)                     959568.000 210058576.000 f
  U5512/Y (OR2X1)                      2420976.000
                                                  212479552.000 f
  U5514/Y (NAND2X1)                    1277984.000
                                                  213757536.000 r
  U5515/Y (INVX1)                      1242112.000
                                                  214999648.000 f
  U5520/Y (NAND2X1)                    807232.000 215806880.000 r
  U5524/Y (NAND2X1)                    1052224.000
                                                  216859104.000 f
  U5526/Y (NAND2X1)                    1274080.000
                                                  218133184.000 r
  U5527/Y (INVX1)                      1241504.000
                                                  219374688.000 f
  U5532/Y (NAND2X1)                    1255072.000
                                                  220629760.000 r
  U5533/Y (INVX1)                      1242928.000
                                                  221872688.000 f
  U1151/Y (OR2X1)                      2431552.000
                                                  224304240.000 f
  U5539/Y (NAND2X1)                    1277984.000
                                                  225582224.000 r
  U5540/Y (INVX1)                      1241520.000
                                                  226823744.000 f
  U5545/Y (NAND2X1)                    807248.000 227630992.000 r
  U5546/Y (NAND2X1)                    2206352.000
                                                  229837344.000 f
  U5548/Y (NAND2X1)                    842112.000 230679456.000 r
  U5553/Y (NOR2X1)                     1184976.000
                                                  231864432.000 f
  U5554/Y (INVX1)                      -481136.000
                                                  231383296.000 r
  U5558/Y (NAND2X1)                    1011392.000
                                                  232394688.000 f
  U5559/Y (NAND2X1)                    1165056.000
                                                  233559744.000 r
  U5560/Y (NAND2X1)                    2160688.000
                                                  235720432.000 f
  U5568/Y (NAND2X1)                    1273872.000
                                                  236994304.000 r
  U5569/Y (INVX1)                      1242096.000
                                                  238236400.000 f
  U5574/Y (NAND2X1)                    807232.000 239043632.000 r
  U5578/Y (NAND2X1)                    1052224.000
                                                  240095856.000 f
  U5580/Y (NAND2X1)                    842480.000 240938336.000 r
  U5584/Y (NOR2X1)                     1184976.000
                                                  242123312.000 f
  U5585/Y (INVX1)                      -479872.000
                                                  241643440.000 r
  U5590/Y (NAND2X1)                    1008832.000
                                                  242652272.000 f
  U5592/Y (NAND2X1)                    1272112.000
                                                  243924384.000 r
  U5593/Y (INVX1)                      1243280.000
                                                  245167664.000 f
  U5594/Y (NOR2X1)                     1070752.000
                                                  246238416.000 r
  U5605/Y (NAND2X1)                    1991536.000
                                                  248229952.000 f
  U5606/Y (NAND2X1)                    1159984.000
                                                  249389936.000 r
  out[0] (out)                            0.000   249389936.000 r
  data arrival time                               249389936.000

  clock clk (rise edge)                250000000.000
                                                  250000000.000
  clock network delay (ideal)             0.000   250000000.000
  output external delay                   0.000   250000000.000
  data required time                              250000000.000
  -----------------------------------------------------------
  data required time                              250000000.000
  data arrival time                               -249389936.000
  -----------------------------------------------------------
  slack (MET)                                     610064.000


1
