 
****************************************
Report : area
Design : top
Version: S-2021.06-SP2
Date   : Wed Dec 14 20:38:12 2022
****************************************

Library(s) Used:

    PPDK_Standard_Library_1.0V_25C_TYP_X1 (File: /home/akokkinis/synLibs/egfet/db/EGFET_1.0V.db)

Number of ports:                           30
Number of nets:                          1259
Number of cells:                         1231
Number of combinational cells:           1231
Number of sequential cells:                 0
Number of macros/black boxes:               0
Number of buf/inv:                        467
Number of references:                       7

Combinational area:          453771350.000000
Buf/Inv area:                106672140.000000
Noncombinational area:               0.000000
Macro/Black Box area:                0.000000
Net Interconnect area:      undefined  (No wire load specified)

Total cell area:             453771350.000000
Total area:                 undefined

Hierarchical area distribution
------------------------------

                                  Global cell area                  Local cell area
                                  -----------------------  --------------------------------- 
Hierarchical cell                 Absolute        Percent  Combi-          Noncombi-  Black-
                                  Total           Total    national        national   boxes   Design
--------------------------------  --------------  -------  --------------  ---------  ------  ---------
top                               453771350.0000    100.0  453771350.0000     0.0000  0.0000  top
--------------------------------  --------------  -------  --------------  ---------  ------  ---------
Total                                                      453771350.0000     0.0000  0.0000

1
