****************************************
Report : timing
	-path_type full
	-delay_type max
	-max_paths 1
	-sort_by slack
Design : top
Version: S-2021.06-SP1
Date   : Fri Dec 16 14:42:43 2022
****************************************


  Startpoint: inp[16] (input port clocked by clk)
  Endpoint: out[0] (output port clocked by clk)
  Path Group: clk
  Path Type: max

  Point                                    Incr       Path
  ---------------------------------------------------------------
  clock clk (rise edge)                   0.000      0.000
  clock network delay (ideal)             0.000      0.000
  input external delay                    0.000      0.000 r
  inp[16] (in)                            0.000      0.000 r
  U2114/Y (INVX1)                      55616.000  55616.000 f
  U2115/Y (NAND2X1)                    1300080.000
                                                  1355696.000 r
  U2116/Y (XOR2X1)                     4760656.000
                                                  6116352.000 f
  U2117/Y (XOR2X1)                     5085088.000
                                                  11201440.000 r
  U2118/Y (NAND2X1)                    847552.000 12048992.000 f
  U2119/Y (AND2X1)                     1860144.000
                                                  13909136.000 f
  U2121/Y (XOR2X1)                     5259504.000
                                                  19168640.000 r
  U2303/Y (XOR2X1)                     4764448.000
                                                  23933088.000 f
  U2310/Y (XOR2X1)                     5731424.000
                                                  29664512.000 r
  U704/Y (AND2X1)                      2175568.000
                                                  31840080.000 r
  U705/Y (INVX1)                       715232.000 32555312.000 f
  U2311/Y (NAND2X1)                    1297392.000
                                                  33852704.000 r
  U2390/Y (XOR2X1)                     4758400.000
                                                  38611104.000 f
  U2471/Y (XOR2X1)                     5733200.000
                                                  44344304.000 r
  U2508/Y (XOR2X1)                     4744624.000
                                                  49088928.000 f
  U2510/Y (XOR2X1)                     5089584.000
                                                  54178512.000 r
  U2512/Y (NAND2X1)                    929328.000 55107840.000 f
  U958/Y (INVX1)                       221152.000 55328992.000 r
  U959/Y (INVX1)                       646224.000 55975216.000 f
  U2513/Y (NAND2X1)                    1291824.000
                                                  57267040.000 r
  U2515/Y (OR2X1)                      2330752.000
                                                  59597792.000 r
  U904/Y (AND2X1)                      1882944.000
                                                  61480736.000 r
  U905/Y (INVX1)                       715904.000 62196640.000 f
  U2518/Y (NAND2X1)                    930064.000 63126704.000 r
  U2520/Y (XOR2X1)                     4743040.000
                                                  67869744.000 f
  U712/Y (AND2X1)                      2065504.000
                                                  69935248.000 f
  U713/Y (INVX1)                       -1449744.000
                                                  68485504.000 r
  U2522/Y (NAND2X1)                    1051984.000
                                                  69537488.000 f
  U2523/Y (NAND2X1)                    1385264.000
                                                  70922752.000 r
  U277/Y (AND2X1)                      1798432.000
                                                  72721184.000 r
  U278/Y (INVX1)                       715168.000 73436352.000 f
  U2549/Y (AND2X1)                     2238240.000
                                                  75674592.000 f
  U2550/Y (NAND2X1)                    1443328.000
                                                  77117920.000 r
  U364/Y (AND2X1)                      1785008.000
                                                  78902928.000 r
  U365/Y (INVX1)                       708320.000 79611248.000 f
  U508/Y (NAND2X1)                     1788320.000
                                                  81399568.000 r
  U472/Y (INVX1)                       1245728.000
                                                  82645296.000 f
  U473/Y (INVX1)                       967952.000 83613248.000 r
  U3400/Y (INVX1)                      647728.000 84260976.000 f
  U3576/Y (NAND2X1)                    918272.000 85179248.000 r
  U3577/Y (NAND2X1)                    1127824.000
                                                  86307072.000 f
  U3593/Y (NAND2X1)                    1399216.000
                                                  87706288.000 r
  U505/Y (XNOR2X1)                     5365152.000
                                                  93071440.000 r
  U1109/Y (INVX1)                      996880.000 94068320.000 f
  U3979/Y (XOR2X1)                     5588224.000
                                                  99656544.000 r
  U3987/Y (NAND2X1)                    848464.000 100505008.000 f
  U3988/Y (AND2X1)                     2246336.000
                                                  102751344.000 f
  U3990/Y (XOR2X1)                     5247840.000
                                                  107999184.000 r
  U571/Y (AND2X1)                      2175600.000
                                                  110174784.000 r
  U572/Y (INVX1)                       715224.000 110890008.000 f
  U3991/Y (NAND2X1)                    1291592.000
                                                  112181600.000 r
  U3994/Y (OR2X1)                      2330160.000
                                                  114511760.000 r
  U3997/Y (NAND2X1)                    801320.000 115313080.000 f
  U382/Y (XNOR2X1)                     5987808.000
                                                  121300888.000 f
  U383/Y (INVX1)                       -1218360.000
                                                  120082528.000 r
  U4027/Y (XOR2X1)                     4506416.000
                                                  124588944.000 f
  U1022/Y (XNOR2X1)                    6659648.000
                                                  131248592.000 f
  U1023/Y (INVX1)                      -1263960.000
                                                  129984632.000 r
  U956/Y (AND2X1)                      2198904.000
                                                  132183536.000 r
  U957/Y (INVX1)                       707640.000 132891176.000 f
  U4163/Y (NAND2X1)                    918856.000 133810032.000 r
  U4166/Y (NAND2X1)                    930992.000 134741024.000 f
  U4167/Y (NAND2X1)                    1394960.000
                                                  136135984.000 r
  U966/Y (AND2X1)                      2165456.000
                                                  138301440.000 r
  U967/Y (INVX1)                       718528.000 139019968.000 f
  U4170/Y (NAND2X1)                    924544.000 139944512.000 r
  U4174/Y (NAND2X1)                    863712.000 140808224.000 f
  U4176/Y (NAND2X1)                    886096.000 141694320.000 r
  U600/Y (AND2X1)                      2174672.000
                                                  143868992.000 r
  U458/Y (INVX1)                       732528.000 144601520.000 f
  U4177/Y (INVX1)                      1027568.000
                                                  145629088.000 r
  U601/Y (INVX1)                       684752.000 146313840.000 f
  U4195/Y (NAND2X1)                    918544.000 147232384.000 r
  U324/Y (AND2X1)                      1819072.000
                                                  149051456.000 r
  U325/Y (INVX1)                       732960.000 149784416.000 f
  U4197/Y (NOR2X1)                     1161360.000
                                                  150945776.000 r
  U4200/Y (NOR2X1)                     101696.000 151047472.000 f
  U4204/Y (NAND2X1)                    880608.000 151928080.000 r
  U4206/Y (NAND2X1)                    867696.000 152795776.000 f
  U4210/Y (OR2X1)                      2087712.000
                                                  154883488.000 f
  U4213/Y (NAND2X1)                    872144.000 155755632.000 r
  U4215/Y (NAND2X1)                    865872.000 156621504.000 f
  U4216/Y (NAND2X1)                    1400096.000
                                                  158021600.000 r
  U4218/Y (NAND2X1)                    867712.000 158889312.000 f
  U4222/Y (OR2X1)                      2088848.000
                                                  160978160.000 f
  U4225/Y (NAND2X1)                    872144.000 161850304.000 r
  U4227/Y (NAND2X1)                    930960.000 162781264.000 f
  U4234/Y (NAND2X1)                    1395328.000
                                                  164176592.000 r
  U4235/Y (NAND2X1)                    1154896.000
                                                  165331488.000 f
  U4236/Y (NAND2X1)                    1400128.000
                                                  166731616.000 r
  U4240/Y (NAND2X1)                    867712.000 167599328.000 f
  U4243/Y (OR2X1)                      2088992.000
                                                  169688320.000 f
  U507/Y (NAND2X1)                     1778656.000
                                                  171466976.000 r
  U486/Y (INVX1)                       1072160.000
                                                  172539136.000 f
  U487/Y (INVX1)                       983456.000 173522592.000 r
  U1135/Y (INVX1)                      656320.000 174178912.000 f
  U4246/Y (NAND2X1)                    918464.000 175097376.000 r
  U308/Y (AND2X1)                      2174544.000
                                                  177271920.000 r
  U309/Y (INVX1)                       733008.000 178004928.000 f
  U4247/Y (NOR2X1)                     1161360.000
                                                  179166288.000 r
  U4251/Y (NOR2X1)                     151344.000 179317632.000 f
  U4255/Y (NAND2X1)                    880544.000 180198176.000 r
  U4257/Y (NAND2X1)                    867744.000 181065920.000 f
  U4264/Y (OR2X1)                      2088976.000
                                                  183154896.000 f
  U4265/Y (NAND2X1)                    1752576.000
                                                  184907472.000 r
  U4266/Y (INVX1)                      1069472.000
                                                  185976944.000 f
  U4267/Y (NAND2X1)                    1284384.000
                                                  187261328.000 r
  U4271/Y (NAND2X1)                    848096.000 188109424.000 f
  U4273/Y (NAND2X1)                    1341920.000
                                                  189451344.000 r
  U4274/Y (INVX1)                      1097088.000
                                                  190548432.000 f
  U4280/Y (NAND2X1)                    919312.000 191467744.000 r
  U4285/Y (NAND2X1)                    848096.000 192315840.000 f
  U4287/Y (NAND2X1)                    1341760.000
                                                  193657600.000 r
  U4288/Y (INVX1)                      1095936.000
                                                  194753536.000 f
  U4293/Y (NAND2X1)                    919312.000 195672848.000 r
  U4297/Y (NAND2X1)                    848112.000 196520960.000 f
  U4299/Y (NAND2X1)                    1341920.000
                                                  197862880.000 r
  U4300/Y (INVX1)                      1096416.000
                                                  198959296.000 f
  U4301/Y (NAND2X1)                    1284304.000
                                                  200243600.000 r
  U4305/Y (NAND2X1)                    848080.000 201091680.000 f
  U4307/Y (NAND2X1)                    885184.000 201976864.000 r
  U4308/Y (NAND2X1)                    1155904.000
                                                  203132768.000 f
  U503/Y (NAND2X1)                     1388960.000
                                                  204521728.000 r
  U482/Y (INVX1)                       1136624.000
                                                  205658352.000 f
  U483/Y (INVX1)                       969056.000 206627408.000 r
  U4312/Y (INVX1)                      647008.000 207274416.000 f
  U4486/Y (NOR2X1)                     1157968.000
                                                  208432384.000 r
  U4492/Y (NOR2X1)                     110880.000 208543264.000 f
  U4503/Y (OR2X1)                      2088672.000
                                                  210631936.000 f
  U4504/Y (NAND2X1)                    1425216.000
                                                  212057152.000 r
  U4505/Y (OR2X1)                      2655808.000
                                                  214712960.000 r
  U4509/Y (NAND2X1)                    797440.000 215510400.000 f
  U4511/Y (NAND2X1)                    885168.000 216395568.000 r
  U4515/Y (OR2X1)                      2609920.000
                                                  219005488.000 r
  U4519/Y (NAND2X1)                    797440.000 219802928.000 f
  U4521/Y (NAND2X1)                    885184.000 220688112.000 r
  U4522/Y (OR2X1)                      2605408.000
                                                  223293520.000 r
  U4526/Y (NAND2X1)                    797424.000 224090944.000 f
  U4528/Y (NAND2X1)                    885168.000 224976112.000 r
  U4532/Y (OR2X1)                      2607504.000
                                                  227583616.000 r
  U4536/Y (NAND2X1)                    797440.000 228381056.000 f
  U4538/Y (NAND2X1)                    885184.000 229266240.000 r
  U4539/Y (OR2X1)                      2605392.000
                                                  231871632.000 r
  U4543/Y (NAND2X1)                    797072.000 232668704.000 f
  U4545/Y (NAND2X1)                    879440.000 233548144.000 r
  U4552/Y (NAND2X1)                    867744.000 234415888.000 f
  U4554/Y (OR2X1)                      2087648.000
                                                  236503536.000 f
  U4556/Y (NAND2X1)                    872048.000 237375584.000 r
  U1103/Y (AND2X1)                     1811536.000
                                                  239187120.000 r
  U219/Y (AND2X1)                      2180992.000
                                                  241368112.000 r
  U220/Y (INVX1)                       713472.000 242081584.000 f
  U4564/Y (NAND2X1)                    1285616.000
                                                  243367200.000 r
  U4569/Y (NAND2X1)                    847232.000 244214432.000 f
  out[0] (out)                            0.000   244214432.000 f
  data arrival time                               244214432.000

  clock clk (rise edge)                250000000.000
                                                  250000000.000
  clock network delay (ideal)             0.000   250000000.000
  clock reconvergence pessimism           0.000   250000000.000
  output external delay                   0.000   250000000.000
  data required time                              250000000.000
  ---------------------------------------------------------------
  data required time                              250000000.000
  data arrival time                               -244214432.000
  ---------------------------------------------------------------
  slack (MET)                                     5785568.000


1
