****************************************
Report : timing
	-path_type full
	-delay_type max
	-max_paths 1
	-sort_by slack
Design : top
Version: S-2021.06-SP1
Date   : Sun Dec  4 15:41:27 2022
****************************************


  Startpoint: inp[4] (input port clocked by clk)
  Endpoint: out[0] (output port clocked by clk)
  Path Group: clk
  Path Type: max

  Point                                    Incr       Path
  ---------------------------------------------------------------
  clock clk (rise edge)                   0.000      0.000
  clock network delay (ideal)             0.000      0.000
  input external delay                    0.000      0.000 f
  inp[4] (in)                             0.000      0.000 f
  U468/Y (INVX1)                       576232.000 576232.000 r
  U112/Y (AND2X1)                      2198656.000
                                                  2774888.000 r
  U113/Y (INVX1)                       707720.000 3482608.000 f
  U319/Y (AND2X1)                      2034872.000
                                                  5517480.000 f
  U320/Y (INVX1)                       -1163288.000
                                                  4354192.000 r
  U479/Y (OR2X1)                       1645968.000
                                                  6000160.000 r
  U381/Y (AND2X1)                      2196848.000
                                                  8197008.000 r
  U382/Y (INVX1)                       708752.000 8905760.000 f
  U201/Y (XNOR2X1)                     6007064.000
                                                  14912824.000 f
  U202/Y (INVX1)                       -1219736.000
                                                  13693088.000 r
  U205/Y (AND2X1)                      2199080.000
                                                  15892168.000 r
  U206/Y (INVX1)                       708024.000 16600192.000 f
  U375/Y (AND2X1)                      2037112.000
                                                  18637304.000 f
  U487/Y (NAND2X1)                     859740.000 19497044.000 r
  U357/Y (AND2X1)                      2169724.000
                                                  21666768.000 r
  U358/Y (INVX1)                       721160.000 22387928.000 f
  U182/Y (AND2X1)                      2458084.000
                                                  24846012.000 f
  U183/Y (INVX1)                       -1175052.000
                                                  23670960.000 r
  U255/Y (AND2X1)                      2198880.000
                                                  25869840.000 r
  U256/Y (INVX1)                       707864.000 26577704.000 f
  U158/Y (XNOR2X1)                     6004240.000
                                                  32581944.000 f
  U159/Y (INVX1)                       -1205344.000
                                                  31376600.000 r
  U215/Y (AND2X1)                      2198884.000
                                                  33575484.000 r
  U216/Y (INVX1)                       707868.000 34283352.000 f
  U490/Y (NAND2X1)                     1285772.000
                                                  35569124.000 r
  U297/Y (AND2X1)                      1830408.000
                                                  37399532.000 r
  U298/Y (INVX1)                       713140.000 38112672.000 f
  U315/Y (AND2X1)                      2460932.000
                                                  40573604.000 f
  U505/Y (NAND2X1)                     859716.000 41433320.000 r
  U305/Y (AND2X1)                      1818752.000
                                                  43252072.000 r
  U306/Y (INVX1)                       707856.000 43959928.000 f
  U431/Y (OR2X1)                       2115284.000
                                                  46075212.000 f
  U247/Y (AND2X1)                      2434376.000
                                                  48509588.000 f
  U248/Y (INVX1)                       -1340512.000
                                                  47169076.000 r
  U279/Y (AND2X1)                      1881932.000
                                                  49051008.000 r
  U280/Y (INVX1)                       715332.000 49766340.000 f
  U415/Y (AND2X1)                      2458080.000
                                                  52224420.000 f
  U416/Y (INVX1)                       -1138716.000
                                                  51085704.000 r
  U512/Y (XOR2X1)                      4512724.000
                                                  55598428.000 f
  U513/Y (NAND2X1)                     1755260.000
                                                  57353688.000 r
  U523/Y (XOR2X1)                      4304168.000
                                                  61657856.000 f
  U524/Y (NOR2X1)                      1239720.000
                                                  62897576.000 r
  U253/Y (AND2X1)                      2179176.000
                                                  65076752.000 r
  U254/Y (INVX1)                       714064.000 65790816.000 f
  U347/Y (AND2X1)                      2458080.000
                                                  68248896.000 f
  U348/Y (INVX1)                       -1175024.000
                                                  67073872.000 r
  U528/Y (OR2X1)                       1640552.000
                                                  68714424.000 r
  U379/Y (AND2X1)                      2196824.000
                                                  70911248.000 r
  U380/Y (INVX1)                       708544.000 71619792.000 f
  U529/Y (OR2X1)                       2115280.000
                                                  73735072.000 f
  U120/Y (AND2X1)                      2434376.000
                                                  76169448.000 f
  U121/Y (INVX1)                       -1340464.000
                                                  74828984.000 r
  U231/Y (AND2X1)                      2199112.000
                                                  77028096.000 r
  U232/Y (INVX1)                       707568.000 77735664.000 f
  U194/Y (NAND2X1)                     918848.000 78654512.000 r
  U307/Y (AND2X1)                      1818784.000
                                                  80473296.000 r
  U308/Y (INVX1)                       707808.000 81181104.000 f
  U191/Y (NAND2X1)                     1285776.000
                                                  82466880.000 r
  U277/Y (AND2X1)                      1818752.000
                                                  84285632.000 r
  U278/Y (INVX1)                       713512.000 84999144.000 f
  U363/Y (AND2X1)                      2034880.000
                                                  87034024.000 f
  U364/Y (INVX1)                       -1340432.000
                                                  85693592.000 r
  U537/Y (NOR2X1)                      550144.000 86243736.000 f
  out[0] (out)                            0.000   86243736.000 f
  data arrival time                               86243736.000

  clock clk (rise edge)                200000000.000
                                                  200000000.000
  clock network delay (ideal)             0.000   200000000.000
  clock reconvergence pessimism           0.000   200000000.000
  output external delay                   0.000   200000000.000
  data required time                              200000000.000
  ---------------------------------------------------------------
  data required time                              200000000.000
  data arrival time                               -86243736.000
  ---------------------------------------------------------------
  slack (MET)                                     113756264.000


1
