****************************************
Report : timing
	-path_type full
	-delay_type max
	-max_paths 1
	-sort_by slack
Design : top
Version: S-2021.06-SP1
Date   : Tue Nov 29 14:33:00 2022
****************************************


  Startpoint: inp[33] (input port clocked by clk)
  Endpoint: out[0] (output port clocked by clk)
  Path Group: clk
  Path Type: max

  Point                                    Incr       Path
  ---------------------------------------------------------------
  clock clk (rise edge)                   0.000      0.000
  clock network delay (ideal)             0.000      0.000
  input external delay                    0.000      0.000 f
  inp[33] (in)                            0.000      0.000 f
  U1067/Y (NAND2X1)                    1162976.000
                                                  1162976.000 r
  U1068/Y (NAND2X1)                    2198800.000
                                                  3361776.000 f
  U1069/Y (XOR2X1)                     6281408.000
                                                  9643184.000 r
  U509/Y (XNOR2X1)                     6630208.000
                                                  16273392.000 r
  U510/Y (INVX1)                       1043664.000
                                                  17317056.000 f
  U649/Y (XNOR2X1)                     6855808.000
                                                  24172864.000 f
  U650/Y (INVX1)                       -1232064.000
                                                  22940800.000 r
  U1395/Y (NAND2X1)                    1361008.000
                                                  24301808.000 f
  U1396/Y (NAND2X1)                    1165584.000
                                                  25467392.000 r
  U1397/Y (NAND2X1)                    2126800.000
                                                  27594192.000 f
  U1399/Y (NOR2X1)                     1074544.000
                                                  28668736.000 r
  U1400/Y (OR2X1)                      4411952.000
                                                  33080688.000 r
  U1401/Y (NAND2X1)                    1709168.000
                                                  34789856.000 f
  U1461/Y (OR2X1)                      2403712.000
                                                  37193568.000 f
  U1462/Y (NAND2X1)                    844736.000 38038304.000 r
  U1463/Y (NAND2X1)                    2177328.000
                                                  40215632.000 f
  U1469/Y (XOR2X1)                     5550784.000
                                                  45766416.000 r
  U1505/Y (NAND2X1)                    2719648.000
                                                  48486064.000 f
  U1506/Y (NAND2X1)                    830016.000 49316080.000 r
  U1507/Y (NAND2X1)                    2177408.000
                                                  51493488.000 f
  U1514/Y (OR2X1)                      2404240.000
                                                  53897728.000 f
  U1515/Y (NAND2X1)                    1166992.000
                                                  55064720.000 r
  U1516/Y (NAND2X1)                    2115488.000
                                                  57180208.000 f
  U1523/Y (XOR2X1)                     4920000.000
                                                  62100208.000 r
  U557/Y (XNOR2X1)                     7183104.000
                                                  69283312.000 r
  U558/Y (INVX1)                       1095472.000
                                                  70378784.000 f
  U1526/Y (NOR2X1)                     1064640.000
                                                  71443424.000 r
  U1527/Y (OR2X1)                      4331408.000
                                                  75774832.000 r
  U362/Y (AND2X1)                      2505952.000
                                                  78280784.000 r
  U363/Y (INVX1)                       905504.000 79186288.000 f
  U1830/Y (XOR2X1)                     6262640.000
                                                  85448928.000 r
  U1831/Y (INVX1)                      1343808.000
                                                  86792736.000 f
  U1832/Y (NAND2X1)                    1167840.000
                                                  87960576.000 r
  U1833/Y (NAND2X1)                    1052464.000
                                                  89013040.000 f
  U1835/Y (NAND2X1)                    1285152.000
                                                  90298192.000 r
  U449/Y (XNOR2X1)                     7184128.000
                                                  97482320.000 r
  U450/Y (INVX1)                       1045264.000
                                                  98527584.000 f
  U517/Y (XNOR2X1)                     6852304.000
                                                  105379888.000 f
  U518/Y (INVX1)                       -1245216.000
                                                  104134672.000 r
  U1862/Y (NAND2X1)                    1361008.000
                                                  105495680.000 f
  U1863/Y (NAND2X1)                    1183328.000
                                                  106679008.000 r
  U1864/Y (OR2X1)                      5219072.000
                                                  111898080.000 r
  U1865/Y (NAND2X1)                    1360992.000
                                                  113259072.000 f
  U1867/Y (NAND2X1)                    854352.000 114113424.000 r
  U1887/Y (OR2X1)                      5214864.000
                                                  119328288.000 r
  U1888/Y (NAND2X1)                    1361000.000
                                                  120689288.000 f
  U1889/Y (NAND2X1)                    1183576.000
                                                  121872864.000 r
  U1897/Y (OR2X1)                      5203648.000
                                                  127076512.000 r
  U1898/Y (NAND2X1)                    1004968.000
                                                  128081480.000 f
  U1899/Y (NAND2X1)                    1177192.000
                                                  129258672.000 r
  U1971/Y (XOR2X1)                     2931152.000
                                                  132189824.000 r
  U1972/Y (INVX1)                      1408992.000
                                                  133598816.000 f
  U1973/Y (NAND2X1)                    1161952.000
                                                  134760768.000 r
  U2020/Y (NAND2X1)                    1052224.000
                                                  135812992.000 f
  U2022/Y (NAND2X1)                    836864.000 136649856.000 r
  U2023/Y (NAND2X1)                    2130480.000
                                                  138780336.000 f
  U2026/Y (NAND2X1)                    1268224.000
                                                  140048560.000 r
  U445/Y (INVX1)                       1243056.000
                                                  141291616.000 f
  U2459/Y (NAND2X1)                    813280.000 142104896.000 r
  U2460/Y (XOR2X1)                     5226064.000
                                                  147330960.000 f
  U2464/Y (NAND2X1)                    877328.000 148208288.000 r
  U2465/Y (NAND2X1)                    2206336.000
                                                  150414624.000 f
  U2468/Y (NAND2X1)                    836864.000 151251488.000 r
  U2469/Y (NAND2X1)                    2142000.000
                                                  153393488.000 f
  U2472/Y (NAND2X1)                    836864.000 154230352.000 r
  U2473/Y (NAND2X1)                    2142000.000
                                                  156372352.000 f
  U2476/Y (NAND2X1)                    836848.000 157209200.000 r
  U2494/Y (NAND2X1)                    1048592.000
                                                  158257792.000 f
  U2499/Y (AND2X1)                     2055008.000
                                                  160312800.000 f
  U2502/Y (NAND2X1)                    839040.000 161151840.000 r
  U2511/Y (NAND2X1)                    1048608.000
                                                  162200448.000 f
  U2514/Y (NAND2X1)                    836320.000 163036768.000 r
  U2515/Y (NAND2X1)                    2142000.000
                                                  165178768.000 f
  U2518/Y (NAND2X1)                    1318544.000
                                                  166497312.000 r
  U371/Y (INVX1)                       1321472.000
                                                  167818784.000 f
  U372/Y (INVX1)                       937376.000 168756160.000 r
  U701/Y (INVX1)                       700592.000 169456752.000 f
  U2939/Y (NAND2X1)                    807808.000 170264560.000 r
  U2940/Y (NAND2X1)                    2133200.000
                                                  172397760.000 f
  U2945/Y (NAND2X1)                    835712.000 173233472.000 r
  U2946/Y (NAND2X1)                    2206352.000
                                                  175439824.000 f
  U2949/Y (NAND2X1)                    836864.000 176276688.000 r
  U2950/Y (NAND2X1)                    2142016.000
                                                  178418704.000 f
  U2953/Y (NAND2X1)                    836864.000 179255568.000 r
  U2954/Y (NAND2X1)                    2142016.000
                                                  181397584.000 f
  U2957/Y (NAND2X1)                    836864.000 182234448.000 r
  U2958/Y (NAND2X1)                    2142016.000
                                                  184376464.000 f
  U2961/Y (NAND2X1)                    836880.000 185213344.000 r
  U2962/Y (NAND2X1)                    2142016.000
                                                  187355360.000 f
  U2965/Y (NAND2X1)                    836864.000 188192224.000 r
  U2966/Y (NAND2X1)                    1467968.000
                                                  189660192.000 f
  U2968/Y (NAND2X1)                    1166336.000
                                                  190826528.000 r
  U2971/Y (NAND2X1)                    1048576.000
                                                  191875104.000 f
  U411/Y (NAND2X1)                     1323856.000
                                                  193198960.000 r
  U377/Y (INVX1)                       1325584.000
                                                  194524544.000 f
  U378/Y (INVX1)                       937328.000 195461872.000 r
  U2974/Y (INVX1)                      699952.000 196161824.000 f
  U2988/Y (NAND2X1)                    807760.000 196969584.000 r
  U2989/Y (NAND2X1)                    2141680.000
                                                  199111264.000 f
  U3247/Y (NAND2X1)                    842016.000 199953280.000 r
  U3252/Y (OR2X1)                      5166048.000
                                                  205119328.000 r
  U3253/Y (NAND2X1)                    1361008.000
                                                  206480336.000 f
  U3254/Y (NAND2X1)                    1171776.000
                                                  207652112.000 r
  U3262/Y (NOR2X1)                     959568.000 208611680.000 f
  U3263/Y (OR2X1)                      2420928.000
                                                  211032608.000 f
  U3264/Y (NAND2X1)                    1626304.000
                                                  212658912.000 r
  U3269/Y (INVX1)                      1240544.000
                                                  213899456.000 f
  U3271/Y (NAND2X1)                    807248.000 214706704.000 r
  U3272/Y (NAND2X1)                    2206304.000
                                                  216913008.000 f
  U3273/Y (NAND2X1)                    1171776.000
                                                  218084784.000 r
  U716/Y (OR2X1)                       5169616.000
                                                  223254400.000 r
  U3281/Y (NAND2X1)                    1361008.000
                                                  224615408.000 f
  U3282/Y (NAND2X1)                    1171792.000
                                                  225787200.000 r
  U3287/Y (NOR2X1)                     959552.000 226746752.000 f
  U3288/Y (OR2X1)                      2420928.000
                                                  229167680.000 f
  U3289/Y (NAND2X1)                    1172960.000
                                                  230340640.000 r
  U3294/Y (OR2X1)                      5091680.000
                                                  235432320.000 r
  U3295/Y (NAND2X1)                    1361008.000
                                                  236793328.000 f
  U3296/Y (NAND2X1)                    1171760.000
                                                  237965088.000 r
  U3301/Y (NOR2X1)                     959568.000 238924656.000 f
  U3305/Y (OR2X1)                      2420928.000
                                                  241345584.000 f
  U3306/Y (NAND2X1)                    1626304.000
                                                  242971888.000 r
  U3317/Y (NAND2X1)                    2546240.000
                                                  245518128.000 f
  U3319/Y (NAND2X1)                    836272.000 246354400.000 r
  U3320/Y (NAND2X1)                    2169984.000
                                                  248524384.000 f
  out[0] (out)                            0.000   248524384.000 f
  data arrival time                               248524384.000

  clock clk (rise edge)                250000000.000
                                                  250000000.000
  clock network delay (ideal)             0.000   250000000.000
  clock reconvergence pessimism           0.000   250000000.000
  output external delay                   0.000   250000000.000
  data required time                              250000000.000
  ---------------------------------------------------------------
  data required time                              250000000.000
  data arrival time                               -248524384.000
  ---------------------------------------------------------------
  slack (MET)                                     1475616.000


1
