****************************************
Report : timing
	-path_type full
	-delay_type max
	-max_paths 1
	-sort_by slack
Design : top
Version: S-2021.06-SP1
Date   : Wed Sep 14 11:04:03 2022
****************************************


  Startpoint: inp[20] (input port clocked by clk)
  Endpoint: out[0] (output port clocked by clk)
  Path Group: clk
  Path Type: max

  Point                                    Incr       Path
  ---------------------------------------------------------------
  clock clk (rise edge)                   0.000      0.000
  clock network delay (ideal)             0.000      0.000
  input external delay                    0.000      0.000 r
  inp[20] (in)                            0.000      0.000 r
  U429/Y (AND2X1)                      2207104.000
                                                  2207104.000 r
  U430/Y (INVX1)                       705440.000 2912544.000 f
  U1141/Y (NAND2X1)                    918768.000 3831312.000 r
  U301/Y (AND2X1)                      2174720.000
                                                  6006032.000 r
  U302/Y (INVX1)                       732736.000 6738768.000 f
  U1142/Y (NAND2X1)                    920752.000 7659520.000 r
  U311/Y (AND2X1)                      2174560.000
                                                  9834080.000 r
  U312/Y (INVX1)                       732784.000 10566864.000 f
  U1143/Y (INVX1)                      440368.000 11007232.000 r
  U179/Y (AND2X1)                      1880832.000
                                                  12888064.000 r
  U180/Y (INVX1)                       718704.000 13606768.000 f
  U1186/Y (NAND2X1)                    1291712.000
                                                  14898480.000 r
  U1187/Y (OR2X1)                      2330432.000
                                                  17228912.000 r
  U601/Y (AND2X1)                      2196656.000
                                                  19425568.000 r
  U602/Y (INVX1)                       708592.000 20134160.000 f
  U448/Y (XNOR2X1)                     6580896.000
                                                  26715056.000 f
  U449/Y (INVX1)                       -284576.000
                                                  26430480.000 r
  U1271/Y (NAND2X1)                    830592.000 27261072.000 f
  U153/Y (AND2X1)                      2044144.000
                                                  29305216.000 f
  U154/Y (INVX1)                       -1307200.000
                                                  27998016.000 r
  U1275/Y (NAND2X1)                    1218688.000
                                                  29216704.000 f
  U221/Y (AND2X1)                      2045456.000
                                                  31262160.000 f
  U222/Y (INVX1)                       -1373632.000
                                                  29888528.000 r
  U517/Y (AND2X1)                      1881456.000
                                                  31769984.000 r
  U518/Y (INVX1)                       707672.000 32477656.000 f
  U391/Y (AND2X1)                      2458072.000
                                                  34935728.000 f
  U392/Y (INVX1)                       -229872.000
                                                  34705856.000 r
  U697/Y (AND2X1)                      1852624.000
                                                  36558480.000 r
  U279/Y (AND2X1)                      2181464.000
                                                  38739944.000 r
  U280/Y (INVX1)                       713320.000 39453264.000 f
  U633/Y (AND2X1)                      2034872.000
                                                  41488136.000 f
  U634/Y (INVX1)                       -1453016.000
                                                  40035120.000 r
  U1283/Y (NAND2X1)                    1051968.000
                                                  41087088.000 f
  U117/Y (AND2X1)                      2044144.000
                                                  43131232.000 f
  U118/Y (INVX1)                       -1294664.000
                                                  41836568.000 r
  U243/Y (AND2X1)                      1881416.000
                                                  43717984.000 r
  U244/Y (INVX1)                       714760.000 44432744.000 f
  U1285/Y (NAND2X1)                    1362952.000
                                                  45795696.000 r
  U1286/Y (INVX1)                      1072976.000
                                                  46868672.000 f
  U1287/Y (NAND2X1)                    1290352.000
                                                  48159024.000 r
  U476/Y (NAND2X1)                     848424.000 49007448.000 f
  U357/Y (AND2X1)                      2441936.000
                                                  51449384.000 f
  U358/Y (INVX1)                       -1279064.000
                                                  50170320.000 r
  U361/Y (AND2X1)                      1881400.000
                                                  52051720.000 r
  U362/Y (INVX1)                       715792.000 52767512.000 f
  U1292/Y (NAND2X1)                    1285760.000
                                                  54053272.000 r
  U513/Y (AND2X1)                      2174544.000
                                                  56227816.000 r
  U514/Y (INVX1)                       715792.000 56943608.000 f
  U531/Y (AND2X1)                      2034888.000
                                                  58978496.000 f
  U532/Y (INVX1)                       -1279448.000
                                                  57699048.000 r
  U619/Y (AND2X1)                      1881400.000
                                                  59580448.000 r
  U620/Y (INVX1)                       715448.000 60295896.000 f
  U1296/Y (NAND2X1)                    1291592.000
                                                  61587488.000 r
  U1299/Y (OR2X1)                      2330152.000
                                                  63917640.000 r
  U595/Y (AND2X1)                      2199504.000
                                                  66117144.000 r
  U596/Y (INVX1)                       707440.000 66824584.000 f
  U1300/Y (NAND2X1)                    1291616.000
                                                  68116200.000 r
  U1301/Y (OR2X1)                      2330216.000
                                                  70446416.000 r
  U577/Y (AND2X1)                      2199504.000
                                                  72645920.000 r
  U578/Y (INVX1)                       707440.000 73353360.000 f
  U1328/Y (NAND2X1)                    1291616.000
                                                  74644976.000 r
  U1336/Y (OR2X1)                      2330224.000
                                                  76975200.000 r
  U571/Y (AND2X1)                      2199504.000
                                                  79174704.000 r
  U572/Y (INVX1)                       707664.000 79882368.000 f
  U1341/Y (XOR2X1)                     5579680.000
                                                  85462048.000 r
  U1344/Y (NAND2X1)                    844768.000 86306816.000 f
  U767/Y (AND2X1)                      2447296.000
                                                  88754112.000 f
  U768/Y (INVX1)                       -1264656.000
                                                  87489456.000 r
  U660/Y (AND2X1)                      2208936.000
                                                  89698392.000 r
  U761/Y (INVX1)                       727400.000 90425792.000 f
  U1399/Y (NAND2X1)                    1292104.000
                                                  91717896.000 r
  U1415/Y (OR2X1)                      2341216.000
                                                  94059112.000 r
  U583/Y (AND2X1)                      2196816.000
                                                  96255928.000 r
  U584/Y (INVX1)                       708320.000 96964248.000 f
  U1417/Y (NAND2X1)                    1297408.000
                                                  98261656.000 r
  U1418/Y (NAND2X1)                    1130040.000
                                                  99391696.000 f
  U141/Y (AND2X1)                      2045552.000
                                                  101437248.000 f
  U142/Y (INVX1)                       -1307736.000
                                                  100129512.000 r
  U641/Y (AND2X1)                      1881912.000
                                                  102011424.000 r
  U642/Y (INVX1)                       715896.000 102727320.000 f
  U1422/Y (NAND2X1)                    930056.000 103657376.000 r
  U137/Y (AND2X1)                      2166592.000
                                                  105823968.000 r
  U138/Y (INVX1)                       718384.000 106542352.000 f
  U1425/Y (NAND2X1)                    1357264.000
                                                  107899616.000 r
  U679/Y (INVX1)                       980064.000 108879680.000 f
  U680/Y (INVX1)                       445328.000 109325008.000 r
  U1426/Y (NAND2X1)                    1051792.000
                                                  110376800.000 f
  U1428/Y (NAND2X1)                    1345376.000
                                                  111722176.000 r
  U109/Y (AND2X1)                      2167440.000
                                                  113889616.000 r
  U110/Y (INVX1)                       718112.000 114607728.000 f
  U1435/Y (NAND2X1)                    918824.000 115526552.000 r
  U353/Y (AND2X1)                      2174720.000
                                                  117701272.000 r
  U354/Y (INVX1)                       715736.000 118417008.000 f
  U497/Y (AND2X1)                      2034888.000
                                                  120451896.000 f
  U498/Y (INVX1)                       -1436536.000
                                                  119015360.000 r
  U649/Y (AND2X1)                      1881504.000
                                                  120896864.000 r
  U650/Y (INVX1)                       715904.000 121612768.000 f
  U1446/Y (NAND2X1)                    1362944.000
                                                  122975712.000 r
  U111/Y (AND2X1)                      2167448.000
                                                  125143160.000 r
  U112/Y (INVX1)                       718104.000 125861264.000 f
  U251/Y (AND2X1)                      2458056.000
                                                  128319320.000 f
  U252/Y (INVX1)                       -1187384.000
                                                  127131936.000 r
  U501/Y (AND2X1)                      2199072.000
                                                  129331008.000 r
  U502/Y (INVX1)                       707808.000 130038816.000 f
  U1454/Y (OR2X1)                      2117896.000
                                                  132156712.000 f
  U1516/Y (NAND2X1)                    876488.000 133033200.000 r
  U478/Y (XNOR2X1)                     5493472.000
                                                  138526672.000 r
  U479/Y (INVX1)                       957328.000 139484000.000 f
  U1517/Y (NAND2X1)                    919136.000 140403136.000 r
  U1520/Y (AND2X1)                     926832.000 141329968.000 r
  U1556/Y (AND2X1)                     971312.000 142301280.000 r
  U607/Y (AND2X1)                      2179664.000
                                                  144480944.000 r
  U608/Y (INVX1)                       713904.000 145194848.000 f
  U1557/Y (NAND2X1)                    1285616.000
                                                  146480464.000 r
  U1558/Y (NAND2X1)                    848304.000 147328768.000 f
  U1559/Y (NAND2X1)                    1380336.000
                                                  148709104.000 r
  U1560/Y (NAND2X1)                    864544.000 149573648.000 f
  U1561/Y (NAND2X1)                    1380512.000
                                                  150954160.000 r
  U613/Y (AND2X1)                      1798464.000
                                                  152752624.000 r
  U614/Y (INVX1)                       715088.000 153467712.000 f
  U1564/Y (NAND2X1)                    1291568.000
                                                  154759280.000 r
  U643/Y (AND2X1)                      1818368.000
                                                  156577648.000 r
  U644/Y (INVX1)                       715856.000 157293504.000 f
  U1571/Y (NAND2X1)                    1285616.000
                                                  158579120.000 r
  U1572/Y (NAND2X1)                    1126384.000
                                                  159705504.000 f
  U1573/Y (NAND2X1)                    881200.000 160586704.000 r
  U273/Y (AND2X1)                      2174560.000
                                                  162761264.000 r
  U274/Y (INVX1)                       715568.000 163476832.000 f
  U1575/Y (NAND2X1)                    1279664.000
                                                  164756496.000 r
  out[0] (out)                            0.000   164756496.000 r
  data arrival time                               164756496.000

  clock clk (rise edge)                200000000.000
                                                  200000000.000
  clock network delay (ideal)             0.000   200000000.000
  clock reconvergence pessimism           0.000   200000000.000
  output external delay                   0.000   200000000.000
  data required time                              200000000.000
  ---------------------------------------------------------------
  data required time                              200000000.000
  data arrival time                               -164756496.000
  ---------------------------------------------------------------
  slack (MET)                                     35243504.000


1
