Information: Updating design information... (UID-85)
 
****************************************
Report : qor
Design : top
Version: S-2021.06-SP2
Date   : Fri Dec 16 16:05:19 2022
****************************************


  Timing Path Group 'clk'
  -----------------------------------
  Levels of Logic:             125.00
  Critical Path Length:  244847152.00
  Critical Path Slack:     5152848.00
  Critical Path Clk Period:
                         250000000.00
  Total Negative Slack:          0.00
  No. of Violating Paths:        0.00
  Worst Hold Violation:          0.00
  Total Hold Violation:          0.00
  No. of Hold Violations:        0.00
  -----------------------------------


  Cell Count
  -----------------------------------
  Hierarchical Cell Count:          0
  Hierarchical Port Count:          0
  Leaf Cell Count:               3692
  Buf/Inv Cell Count:             829
  Buf Cell Count:                   0
  Inv Cell Count:                 829
  CT Buf/Inv Cell Count:            0
  Combinational Cell Count:      3692
  Sequential Cell Count:            0
  Macro Count:                      0
  -----------------------------------


  Area
  -----------------------------------
  Combinational Area:
                    1709830373.000000
  Noncombinational Area:     0.000000
  Buf/Inv Area:      189360180.000000
  Total Buffer Area:             0.00
  Total Inverter Area:   189360180.00
  Macro/Black Box Area:      0.000000
  Net Area:                  0.000000
  -----------------------------------
  Cell Area:        1709830373.000000
  Design Area:      1709830373.000000


  Design Rules
  -----------------------------------
  Total Number of Nets:          3740
  Nets With Violations:          3692
  Max Trans Violations:          3692
  Max Cap Violations:               0
  -----------------------------------


  Hostname: leoforos

  Compile CPU Statistics
  -----------------------------------------
  Resource Sharing:                    1.67
  Logic Optimization:                  1.18
  Mapping Optimization:                6.51
  -----------------------------------------
  Overall Compile Time:               14.90
  Overall Compile Wall Clock Time:    15.24

  --------------------------------------------------------------------

  Design  WNS: 0.00  TNS: 0.00  Number of Violating Paths: 0


  Design (Hold)  WNS: 0.00  TNS: 0.00  Number of Violating Paths: 0

  --------------------------------------------------------------------


1
