Information: Updating design information... (UID-85)
 
****************************************
Report : qor
Design : top
Version: S-2021.06-SP2
Date   : Thu Dec 15 09:55:33 2022
****************************************


  Timing Path Group 'clk'
  -----------------------------------
  Levels of Logic:              37.00
  Critical Path Length:   59255556.00
  Critical Path Slack:   140744448.00
  Critical Path Clk Period:
                         200000000.00
  Total Negative Slack:          0.00
  No. of Violating Paths:        0.00
  Worst Hold Violation:          0.00
  Total Hold Violation:          0.00
  No. of Hold Violations:        0.00
  -----------------------------------


  Cell Count
  -----------------------------------
  Hierarchical Cell Count:          0
  Hierarchical Port Count:          0
  Leaf Cell Count:                367
  Buf/Inv Cell Count:             151
  Buf Cell Count:                   0
  Inv Cell Count:                 151
  CT Buf/Inv Cell Count:            0
  Combinational Cell Count:       367
  Sequential Cell Count:            0
  Macro Count:                      0
  -----------------------------------


  Area
  -----------------------------------
  Combinational Area:
                     136449242.000000
  Noncombinational Area:     0.000000
  Buf/Inv Area:       34491420.000000
  Total Buffer Area:             0.00
  Total Inverter Area:    34491420.00
  Macro/Black Box Area:      0.000000
  Net Area:                  0.000000
  -----------------------------------
  Cell Area:         136449242.000000
  Design Area:       136449242.000000


  Design Rules
  -----------------------------------
  Total Number of Nets:           392
  Nets With Violations:           366
  Max Trans Violations:           366
  Max Cap Violations:               0
  -----------------------------------


  Hostname: leoforos

  Compile CPU Statistics
  -----------------------------------------
  Resource Sharing:                    0.70
  Logic Optimization:                  0.04
  Mapping Optimization:                0.70
  -----------------------------------------
  Overall Compile Time:                3.02
  Overall Compile Wall Clock Time:     3.40

  --------------------------------------------------------------------

  Design  WNS: 0.00  TNS: 0.00  Number of Violating Paths: 0


  Design (Hold)  WNS: 0.00  TNS: 0.00  Number of Violating Paths: 0

  --------------------------------------------------------------------


1
