****************************************
Report : timing
	-path_type full
	-delay_type max
	-max_paths 1
	-sort_by slack
Design : top
Version: S-2021.06-SP1
Date   : Fri Dec  2 10:10:02 2022
****************************************


  Startpoint: inp[45] (input port clocked by clk)
  Endpoint: out[0] (output port clocked by clk)
  Path Group: clk
  Path Type: max

  Point                                    Incr       Path
  ---------------------------------------------------------------
  clock clk (rise edge)                   0.000      0.000
  clock network delay (ideal)             0.000      0.000
  input external delay                    0.000      0.000 f
  inp[45] (in)                            0.000      0.000 f
  U1128/Y (NAND2X1)                    1300032.000
                                                  1300032.000 r
  U1130/Y (NAND2X1)                    848960.000 2148992.000 f
  U1131/Y (NAND2X1)                    1379792.000
                                                  3528784.000 r
  U1133/Y (NAND2X1)                    864560.000 4393344.000 f
  U1277/Y (NAND2X1)                    880240.000 5273584.000 r
  U1278/Y (NAND2X1)                    1237072.000
                                                  6510656.000 f
  U1279/Y (XOR2X1)                     5294752.000
                                                  11805408.000 r
  U1280/Y (XOR2X1)                     4779760.000
                                                  16585168.000 f
  U1283/Y (XOR2X1)                     5817968.000
                                                  22403136.000 r
  U1288/Y (XOR2X1)                     4783856.000
                                                  27186992.000 f
  U1289/Y (XOR2X1)                     5822336.000
                                                  33009328.000 r
  U1618/Y (XOR2X1)                     4745680.000
                                                  37755008.000 f
  U1619/Y (XOR2X1)                     5094960.000
                                                  42849968.000 r
  U1655/Y (AND2X1)                     1818816.000
                                                  44668784.000 r
  U1656/Y (INVX1)                      707360.000 45376144.000 f
  U1658/Y (NAND2X1)                    935728.000 46311872.000 r
  U1659/Y (OR2X1)                      2606544.000
                                                  48918416.000 r
  U1660/Y (NAND2X1)                    1047888.000
                                                  49966304.000 f
  U1662/Y (AND2X1)                     2044096.000
                                                  52010400.000 f
  U1663/Y (INVX1)                      -1275712.000
                                                  50734688.000 r
  U1723/Y (OR2X1)                      1650688.000
                                                  52385376.000 r
  U1766/Y (NAND2X1)                    804816.000 53190192.000 f
  U1768/Y (NAND2X1)                    898704.000 54088896.000 r
  U1773/Y (NOR2X1)                     -319152.000
                                                  53769744.000 f
  U575/Y (OR2X1)                       2088240.000
                                                  55857984.000 f
  U1838/Y (NAND2X1)                    882448.000 56740432.000 r
  U1875/Y (NAND2X1)                    866832.000 57607264.000 f
  U1877/Y (NAND2X1)                    903696.000 58510960.000 r
  U1882/Y (OR2X1)                      2605504.000
                                                  61116464.000 r
  U252/Y (AND2X1)                      1886272.000
                                                  63002736.000 r
  U253/Y (INVX1)                       715568.000 63718304.000 f
  U1896/Y (NAND2X1)                    935728.000 64654032.000 r
  U1908/Y (XOR2X1)                     4853552.000
                                                  69507584.000 f
  U1114/Y (XNOR2X1)                    6159680.000
                                                  75667264.000 f
  U1909/Y (NAND2X1)                    866016.000 76533280.000 r
  U1910/Y (NAND2X1)                    878368.000 77411648.000 f
  U590/Y (NAND2X1)                     1350736.000
                                                  78762384.000 r
  U5747/Y (XOR2X1)                     4271424.000
                                                  83033808.000 f
  U5844/Y (XOR2X1)                     5089120.000
                                                  88122928.000 r
  U5897/Y (XOR2X1)                     4323888.000
                                                  92446816.000 f
  U772/Y (XOR2X1)                      5106640.000
                                                  97553456.000 r
  U5900/Y (XOR2X1)                     4336624.000
                                                  101890080.000 f
  U5901/Y (XOR2X1)                     5951984.000
                                                  107842064.000 r
  U5902/Y (INVX1)                      1233008.000
                                                  109075072.000 f
  U5926/Y (NAND2X1)                    919296.000 109994368.000 r
  U5960/Y (NAND2X1)                    886848.000 110881216.000 f
  U5961/Y (NAND2X1)                    1761472.000
                                                  112642688.000 r
  U5962/Y (INVX1)                      1095024.000
                                                  113737712.000 f
  U5963/Y (NAND2X1)                    1284296.000
                                                  115022008.000 r
  U5976/Y (NAND2X1)                    848080.000 115870088.000 f
  U5979/Y (NAND2X1)                    898928.000 116769016.000 r
  U5984/Y (OR2X1)                      2561920.000
                                                  119330936.000 r
  U5998/Y (NAND2X1)                    928672.000 120259608.000 f
  U761/Y (AND2X1)                      2439392.000
                                                  122699000.000 f
  U762/Y (INVX1)                       -1308032.000
                                                  121390968.000 r
  U763/Y (AND2X1)                      2199104.000
                                                  123590072.000 r
  U764/Y (INVX1)                       708240.000 124298312.000 f
  U6006/Y (OR2X1)                      2115208.000
                                                  126413520.000 f
  U775/Y (AND2X1)                      2048488.000
                                                  128462008.000 f
  U776/Y (INVX1)                       -1312168.000
                                                  127149840.000 r
  U6012/Y (NAND2X1)                    803728.000 127953568.000 f
  U6030/Y (NAND2X1)                    881184.000 128834752.000 r
  U6032/Y (NAND2X1)                    872536.000 129707288.000 f
  U578/Y (OR2X1)                       2087688.000
                                                  131794976.000 f
  U6037/Y (NAND2X1)                    872208.000 132667184.000 r
  U6039/Y (NAND2X1)                    930992.000 133598176.000 f
  U6192/Y (AND2X1)                     2045600.000
                                                  135643776.000 f
  U6193/Y (INVX1)                      -1526664.000
                                                  134117112.000 r
  U6194/Y (AND2X1)                     1977224.000
                                                  136094336.000 r
  U254/Y (XNOR2X1)                     5485952.000
                                                  141580288.000 r
  U925/Y (AND2X1)                      1811520.000
                                                  143391808.000 r
  U926/Y (INVX1)                       720320.000 144112128.000 f
  U6201/Y (NAND2X1)                    1285584.000
                                                  145397712.000 r
  U6220/Y (NAND2X1)                    848288.000 146246000.000 f
  U156/Y (NAND2X1)                     1430480.000
                                                  147676480.000 r
  U482/Y (AND2X1)                      1792512.000
                                                  149468992.000 r
  U483/Y (INVX1)                       720256.000 150189248.000 f
  U7371/Y (NAND2X1)                    1758720.000
                                                  151947968.000 r
  U7372/Y (INVX1)                      1221072.000
                                                  153169040.000 f
  U1105/Y (NAND2X1)                    1283872.000
                                                  154452912.000 r
  U7373/Y (AND2X1)                     2169616.000
                                                  156622528.000 r
  U779/Y (INVX1)                       721200.000 157343728.000 f
  U778/Y (OR2X1)                       2115312.000
                                                  159459040.000 f
  U759/Y (AND2X1)                      1851008.000
                                                  161310048.000 f
  U758/Y (NAND2X1)                     1451072.000
                                                  162761120.000 r
  U813/Y (AND2X1)                      1783360.000
                                                  164544480.000 r
  U814/Y (INVX1)                       715520.000 165260000.000 f
  U7399/Y (NAND2X1)                    918848.000 166178848.000 r
  U756/Y (NAND2X1)                     874720.000 167053568.000 f
  U7411/Y (NAND2X1)                    884320.000 167937888.000 r
  U7414/Y (NAND2X1)                    863680.000 168801568.000 f
  U7422/Y (NAND2X1)                    879344.000 169680912.000 r
  U815/Y (AND2X1)                      1794352.000
                                                  171475264.000 r
  U816/Y (INVX1)                       715520.000 172190784.000 f
  U7432/Y (NAND2X1)                    918864.000 173109648.000 r
  U7435/Y (NAND2X1)                    866848.000 173976496.000 f
  U159/Y (NAND2X1)                     879344.000 174855840.000 r
  U1077/Y (AND2X1)                     1824704.000
                                                  176680544.000 r
  U522/Y (INVX1)                       754080.000 177434624.000 f
  U523/Y (INVX1)                       522208.000 177956832.000 r
  U9658/Y (NAND2X1)                    806400.000 178763232.000 f
  U9659/Y (NAND2X1)                    1757024.000
                                                  180520256.000 r
  U9660/Y (INVX1)                      1092864.000
                                                  181613120.000 f
  U9661/Y (NAND2X1)                    1284320.000
                                                  182897440.000 r
  U9662/Y (NAND2X1)                    1126048.000
                                                  184023488.000 f
  U9665/Y (NAND2X1)                    881216.000 184904704.000 r
  U9674/Y (NAND2X1)                    866768.000 185771472.000 f
  U9677/Y (NAND2X1)                    881216.000 186652688.000 r
  U9686/Y (NAND2X1)                    863696.000 187516384.000 f
  U9689/Y (NAND2X1)                    879344.000 188395728.000 r
  U9698/Y (NAND2X1)                    863680.000 189259408.000 f
  U9701/Y (NAND2X1)                    881232.000 190140640.000 r
  U9710/Y (NAND2X1)                    863680.000 191004320.000 f
  U9713/Y (NAND2X1)                    881216.000 191885536.000 r
  U9722/Y (NAND2X1)                    866768.000 192752304.000 f
  U9743/Y (NAND2X1)                    881216.000 193633520.000 r
  U9760/Y (NAND2X1)                    875296.000 194508816.000 f
  U169/Y (AND2X1)                      2044144.000
                                                  196552960.000 f
  U168/Y (INVX1)                       -1312352.000
                                                  195240608.000 r
  U9771/Y (NAND2X1)                    800464.000 196041072.000 f
  U9774/Y (NAND2X1)                    881216.000 196922288.000 r
  U9783/Y (NAND2X1)                    866768.000 197789056.000 f
  U9795/Y (NAND2X1)                    879344.000 198668400.000 r
  U9819/Y (NAND2X1)                    874624.000 199543024.000 f
  U591/Y (NAND2X1)                     1443760.000
                                                  200986784.000 r
  U9823/Y (INVX1)                      1148592.000
                                                  202135376.000 f
  U784/Y (AND2X1)                      2034992.000
                                                  204170368.000 f
  U785/Y (INVX1)                       -1307744.000
                                                  202862624.000 r
  U10854/Y (NAND2X1)                   802112.000 203664736.000 f
  U10857/Y (NOR2X1)                    1196848.000
                                                  204861584.000 r
  U10863/Y (NOR2X1)                    99040.000  204960624.000 f
  U10865/Y (NAND2X1)                   886512.000 205847136.000 r
  U10874/Y (AND2X1)                    1794336.000
                                                  207641472.000 r
  U10875/Y (INVX1)                     716112.000 208357584.000 f
  U10876/Y (NAND2X1)                   1285600.000
                                                  209643184.000 r
  U10883/Y (NAND2X1)                   848304.000 210491488.000 f
  U10885/Y (NAND2X1)                   1341776.000
                                                  211833264.000 r
  U10886/Y (INVX1)                     1073776.000
                                                  212907040.000 f
  U10891/Y (NAND2X1)                   919296.000 213826336.000 r
  U10894/Y (NAND2X1)                   848064.000 214674400.000 f
  U10896/Y (NAND2X1)                   1341920.000
                                                  216016320.000 r
  U10902/Y (INVX1)                     1095984.000
                                                  217112304.000 f
  U10904/Y (NAND2X1)                   919328.000 218031632.000 r
  U10905/Y (NAND2X1)                   1127296.000
                                                  219158928.000 f
  U10906/Y (OR2X1)                     2089008.000
                                                  221247936.000 f
  U10910/Y (NAND2X1)                   877872.000 222125808.000 r
  U10915/Y (NAND2X1)                   866832.000 222992640.000 f
  U10921/Y (NAND2X1)                   881024.000 223873664.000 r
  U10925/Y (NOR2X1)                    1149040.000
                                                  225022704.000 f
  U10930/Y (NAND2X1)                   890368.000 225913072.000 r
  U10933/Y (NAND2X1)                   848064.000 226761136.000 f
  U10936/Y (NAND2X1)                   879568.000 227640704.000 r
  U10943/Y (NAND2X1)                   866848.000 228507552.000 f
  U10945/Y (NAND2X1)                   879600.000 229387152.000 r
  U10953/Y (NAND2X1)                   870336.000 230257488.000 f
  U10955/Y (NAND2X1)                   879360.000 231136848.000 r
  U10963/Y (NAND2X1)                   931104.000 232067952.000 f
  U10964/Y (INVX1)                     -562848.000
                                                  231505104.000 r
  U10971/Y (NOR2X1)                    549968.000 232055072.000 f
  U10973/Y (NOR2X1)                    1628544.000
                                                  233683616.000 r
  U10974/Y (INVX1)                     1000480.000
                                                  234684096.000 f
  U10977/Y (NAND2X1)                   924880.000 235608976.000 r
  U10978/Y (NOR2X1)                    -334704.000
                                                  235274272.000 f
  U1113/Y (OR2X1)                      2091312.000
                                                  237365584.000 f
  U10982/Y (NAND2X1)                   872112.000 238237696.000 r
  U10986/Y (NAND2X1)                   866752.000 239104448.000 f
  U10990/Y (NAND2X1)                   879392.000 239983840.000 r
  U10994/Y (NAND2X1)                   931024.000 240914864.000 f
  U10998/Y (NAND2X1)                   880976.000 241795840.000 r
  U11001/Y (NAND2X1)                   866032.000 242661872.000 f
  U11005/Y (NAND2X1)                   1341744.000
                                                  244003616.000 r
  U11006/Y (INVX1)                     1116800.000
                                                  245120416.000 f
  U11007/Y (NOR2X1)                    1163104.000
                                                  246283520.000 r
  U11018/Y (NAND2X1)                   835376.000 247118896.000 f
  U11019/Y (NAND2X1)                   1394960.000
                                                  248513856.000 r
  out[0] (out)                            0.000   248513856.000 r
  data arrival time                               248513856.000

  clock clk (rise edge)                250000000.000
                                                  250000000.000
  clock network delay (ideal)             0.000   250000000.000
  clock reconvergence pessimism           0.000   250000000.000
  output external delay                   0.000   250000000.000
  data required time                              250000000.000
  ---------------------------------------------------------------
  data required time                              250000000.000
  data arrival time                               -248513856.000
  ---------------------------------------------------------------
  slack (MET)                                     1486144.000


1
