Information: Updating design information... (UID-85)
 
****************************************
Report : qor
Design : top
Version: S-2021.06-SP2
Date   : Fri Dec 16 15:46:50 2022
****************************************


  Timing Path Group 'clk'
  -----------------------------------
  Levels of Logic:             128.00
  Critical Path Length:  245992096.00
  Critical Path Slack:     4007904.00
  Critical Path Clk Period:
                         250000000.00
  Total Negative Slack:          0.00
  No. of Violating Paths:        0.00
  Worst Hold Violation:          0.00
  Total Hold Violation:          0.00
  No. of Hold Violations:        0.00
  -----------------------------------


  Cell Count
  -----------------------------------
  Hierarchical Cell Count:          0
  Hierarchical Port Count:          0
  Leaf Cell Count:               3173
  Buf/Inv Cell Count:             640
  Buf Cell Count:                   0
  Inv Cell Count:                 640
  CT Buf/Inv Cell Count:            0
  Combinational Cell Count:      3173
  Sequential Cell Count:            0
  Macro Count:                      0
  -----------------------------------


  Area
  -----------------------------------
  Combinational Area:
                    1278706427.000000
  Noncombinational Area:     0.000000
  Buf/Inv Area:      146188800.000000
  Total Buffer Area:             0.00
  Total Inverter Area:   146188800.00
  Macro/Black Box Area:      0.000000
  Net Area:                  0.000000
  -----------------------------------
  Cell Area:        1278706427.000000
  Design Area:      1278706427.000000


  Design Rules
  -----------------------------------
  Total Number of Nets:          3221
  Nets With Violations:          3173
  Max Trans Violations:          3173
  Max Cap Violations:               0
  -----------------------------------


  Hostname: leoforos

  Compile CPU Statistics
  -----------------------------------------
  Resource Sharing:                    1.78
  Logic Optimization:                  1.04
  Mapping Optimization:                3.77
  -----------------------------------------
  Overall Compile Time:               12.36
  Overall Compile Wall Clock Time:    12.72

  --------------------------------------------------------------------

  Design  WNS: 0.00  TNS: 0.00  Number of Violating Paths: 0


  Design (Hold)  WNS: 0.00  TNS: 0.00  Number of Violating Paths: 0

  --------------------------------------------------------------------


1
