****************************************
Report : timing
	-path_type full
	-delay_type max
	-max_paths 1
	-sort_by slack
Design : top
Version: S-2021.06-SP1
Date   : Tue Nov 29 15:27:01 2022
****************************************


  Startpoint: inp[22] (input port clocked by clk)
  Endpoint: out[0] (output port clocked by clk)
  Path Group: clk
  Path Type: max

  Point                                    Incr       Path
  ---------------------------------------------------------------
  clock clk (rise edge)                   0.000      0.000
  clock network delay (ideal)             0.000      0.000
  input external delay                    0.000      0.000 f
  inp[22] (in)                            0.000      0.000 f
  U2130/Y (NAND2X1)                    1294032.000
                                                  1294032.000 r
  U2132/Y (NAND2X1)                    848640.000 2142672.000 f
  U2133/Y (NAND2X1)                    1384496.000
                                                  3527168.000 r
  U528/Y (XNOR2X1)                     5388624.000
                                                  8915792.000 r
  U529/Y (INVX1)                       998640.000 9914432.000 f
  U2827/Y (XOR2X1)                     4961040.000
                                                  14875472.000 r
  U2837/Y (XOR2X1)                     4764416.000
                                                  19639888.000 f
  U2852/Y (XOR2X1)                     5741520.000
                                                  25381408.000 r
  U2867/Y (XOR2X1)                     4744608.000
                                                  30126016.000 f
  U2884/Y (XOR2X1)                     5732864.000
                                                  35858880.000 r
  U305/Y (AND2X1)                      1821408.000
                                                  37680288.000 r
  U306/Y (INVX1)                       715024.000 38395312.000 f
  U2886/Y (NAND2X1)                    1297408.000
                                                  39692720.000 r
  U2889/Y (XOR2X1)                     2135440.000
                                                  41828160.000 r
  U2892/Y (NAND2X1)                    846272.000 42674432.000 f
  U2893/Y (AND2X1)                     2245904.000
                                                  44920336.000 f
  U2895/Y (XOR2X1)                     5477264.000
                                                  50397600.000 r
  U817/Y (AND2X1)                      2174928.000
                                                  52572528.000 r
  U818/Y (INVX1)                       715440.000 53287968.000 f
  U2897/Y (NAND2X1)                    930064.000 54218032.000 r
  U2899/Y (XOR2X1)                     4758384.000
                                                  58976416.000 f
  U772/Y (AND2X1)                      2058048.000
                                                  61034464.000 f
  U773/Y (INVX1)                       -1450624.000
                                                  59583840.000 r
  U263/Y (AND2X1)                      2202096.000
                                                  61785936.000 r
  U264/Y (INVX1)                       712448.000 62498384.000 f
  U2906/Y (XOR2X1)                     4914976.000
                                                  67413360.000 r
  U2916/Y (NOR2X1)                     -91520.000 67321840.000 f
  U261/Y (OR2X1)                       2093296.000
                                                  69415136.000 f
  U2909/Y (NOR2X1)                     1636464.000
                                                  71051600.000 r
  U2910/Y (INVX1)                      1004160.000
                                                  72055760.000 f
  U2911/Y (NAND2X1)                    1284608.000
                                                  73340368.000 r
  U2912/Y (AND2X1)                     915424.000 74255792.000 r
  U2913/Y (NAND2X1)                    841824.000 75097616.000 f
  U757/Y (AND2X1)                      2046064.000
                                                  77143680.000 f
  U1130/Y (INVX1)                      -1232304.000
                                                  75911376.000 r
  U2971/Y (NAND2X1)                    1055664.000
                                                  76967040.000 f
  U1048/Y (AND2X1)                     2460016.000
                                                  79427056.000 f
  U4030/Y (XOR2X1)                     5547648.000
                                                  84974704.000 r
  U4031/Y (XOR2X1)                     4749552.000
                                                  89724256.000 f
  U4052/Y (XOR2X1)                     5742544.000
                                                  95466800.000 r
  U604/Y (AND2X1)                      2175600.000
                                                  97642400.000 r
  U605/Y (INVX1)                       715232.000 98357632.000 f
  U758/Y (AND2X1)                      2037088.000
                                                  100394720.000 f
  U1020/Y (AND2X1)                     2426544.000
                                                  102821264.000 f
  U1021/Y (INVX1)                      -1378272.000
                                                  101442992.000 r
  U4179/Y (NAND2X1)                    800800.000 102243792.000 f
  U4180/Y (AND2X1)                     1860192.000
                                                  104103984.000 f
  U4181/Y (XOR2X1)                     5952704.000
                                                  110056688.000 r
  U4182/Y (INVX1)                      1250896.000
                                                  111307584.000 f
  U4183/Y (NAND2X1)                    1289744.000
                                                  112597328.000 r
  U4230/Y (NAND2X1)                    1126464.000
                                                  113723792.000 f
  U4231/Y (AND2X1)                     2246216.000
                                                  115970008.000 f
  U4232/Y (XOR2X1)                     5248352.000
                                                  121218360.000 r
  U815/Y (AND2X1)                      1819976.000
                                                  123038336.000 r
  U816/Y (INVX1)                       716064.000 123754400.000 f
  U4247/Y (AND2X1)                     2243896.000
                                                  125998296.000 f
  U4248/Y (XOR2X1)                     5951920.000
                                                  131950216.000 r
  U819/Y (AND2X1)                      1780072.000
                                                  133730288.000 r
  U820/Y (INVX1)                       713472.000 134443760.000 f
  U4266/Y (NAND2X1)                    1285616.000
                                                  135729376.000 r
  U4269/Y (NAND2X1)                    849360.000 136578736.000 f
  U748/Y (NAND2X1)                     1394656.000
                                                  137973392.000 r
  U749/Y (AND2X1)                      761472.000 138734864.000 r
  U671/Y (AND2X1)                      2172912.000
                                                  140907776.000 r
  U672/Y (INVX1)                       735136.000 141642912.000 f
  U4301/Y (NOR2X1)                     1167408.000
                                                  142810320.000 r
  U679/Y (XNOR2X1)                     4525456.000
                                                  147335776.000 r
  U807/Y (AND2X1)                      2183264.000
                                                  149519040.000 r
  U808/Y (INVX1)                       712736.000 150231776.000 f
  U4303/Y (NAND2X1)                    1362944.000
                                                  151594720.000 r
  U753/Y (AND2X1)                      1797792.000
                                                  153392512.000 r
  U754/Y (INVX1)                       718496.000 154111008.000 f
  U575/Y (NAND2X1)                     1291584.000
                                                  155402592.000 r
  U4318/Y (OR2X1)                      2339968.000
                                                  157742560.000 r
  U4322/Y (NAND2X1)                    799232.000 158541792.000 f
  U4324/Y (NAND2X1)                    885280.000 159427072.000 r
  U4325/Y (OR2X1)                      2594816.000
                                                  162021888.000 r
  U4330/Y (NAND2X1)                    799200.000 162821088.000 f
  U4332/Y (NAND2X1)                    885280.000 163706368.000 r
  U4335/Y (OR2X1)                      2607008.000
                                                  166313376.000 r
  U4338/Y (NAND2X1)                    797408.000 167110784.000 f
  U760/Y (AND2X1)                      2046272.000
                                                  169157056.000 f
  U761/Y (INVX1)                       -1299680.000
                                                  167857376.000 r
  U4343/Y (OR2X1)                      1639696.000
                                                  169497072.000 r
  U4346/Y (NAND2X1)                    804912.000 170301984.000 f
  U4348/Y (NAND2X1)                    885312.000 171187296.000 r
  U4353/Y (OR2X1)                      2606464.000
                                                  173793760.000 r
  U4354/Y (NAND2X1)                    797440.000 174591200.000 f
  U4356/Y (NAND2X1)                    1341376.000
                                                  175932576.000 r
  U4361/Y (INVX1)                      1096608.000
                                                  177029184.000 f
  U4362/Y (NAND2X1)                    1284288.000
                                                  178313472.000 r
  U4363/Y (NAND2X1)                    929312.000 179242784.000 f
  U4364/Y (INVX1)                      312416.000 179555200.000 r
  U4376/Y (NAND2X1)                    1102160.000
                                                  180657360.000 f
  U4378/Y (NAND2X1)                    1349504.000
                                                  182006864.000 r
  U4383/Y (NOR2X1)                     -297024.000
                                                  181709840.000 f
  U4387/Y (NOR2X1)                     1196064.000
                                                  182905904.000 r
  U4391/Y (NAND2X1)                    834480.000 183740384.000 f
  U4393/Y (NAND2X1)                    885408.000 184625792.000 r
  U4394/Y (OR2X1)                      2605760.000
                                                  187231552.000 r
  U4398/Y (NAND2X1)                    797072.000 188028624.000 f
  U4400/Y (NAND2X1)                    885456.000 188914080.000 r
  U4405/Y (OR2X1)                      2607520.000
                                                  191521600.000 r
  U4410/Y (NAND2X1)                    797072.000 192318672.000 f
  U4412/Y (NAND2X1)                    885456.000 193204128.000 r
  U4413/Y (OR2X1)                      2607536.000
                                                  195811664.000 r
  U4418/Y (NAND2X1)                    797424.000 196609088.000 f
  U4420/Y (NAND2X1)                    885424.000 197494512.000 r
  U4421/Y (OR2X1)                      2607616.000
                                                  200102128.000 r
  U4426/Y (NAND2X1)                    797424.000 200899552.000 f
  U4428/Y (NAND2X1)                    1341808.000
                                                  202241360.000 r
  U4429/Y (INVX1)                      1096592.000
                                                  203337952.000 f
  U4435/Y (NAND2X1)                    919312.000 204257264.000 r
  U4440/Y (NAND2X1)                    929296.000 205186560.000 f
  U259/Y (INVX1)                       -557616.000
                                                  204628944.000 r
  U257/Y (NOR2X1)                      917312.000 205546256.000 f
  U4442/Y (NAND2X1)                    1369392.000
                                                  206915648.000 r
  U4446/Y (NAND2X1)                    861888.000 207777536.000 f
  U4448/Y (NAND2X1)                    885504.000 208663040.000 r
  U4453/Y (OR2X1)                      2561344.000
                                                  211224384.000 r
  U1046/Y (AND2X1)                     2202928.000
                                                  213427312.000 r
  U4469/Y (NAND2X1)                    834800.000 214262112.000 f
  U4472/Y (NAND2X1)                    886160.000 215148272.000 r
  U4473/Y (NOR2X1)                     -290000.000
                                                  214858272.000 f
  U4475/Y (NAND2X1)                    886544.000 215744816.000 r
  U4480/Y (OR2X1)                      2563632.000
                                                  218308448.000 r
  U4485/Y (NAND2X1)                    797440.000 219105888.000 f
  U4487/Y (NAND2X1)                    885520.000 219991408.000 r
  U4492/Y (OR2X1)                      2605360.000
                                                  222596768.000 r
  U4497/Y (NAND2X1)                    797440.000 223394208.000 f
  U4499/Y (NAND2X1)                    879600.000 224273808.000 r
  U4500/Y (NAND2X1)                    1155920.000
                                                  225429728.000 f
  U4502/Y (NAND2X1)                    885184.000 226314912.000 r
  U4507/Y (OR2X1)                      2605392.000
                                                  228920304.000 r
  U4511/Y (NAND2X1)                    797440.000 229717744.000 f
  U4513/Y (NAND2X1)                    881200.000 230598944.000 r
  U4514/Y (NAND2X1)                    1155904.000
                                                  231754848.000 f
  U4516/Y (NAND2X1)                    885200.000 232640048.000 r
  U4519/Y (OR2X1)                      2605392.000
                                                  235245440.000 r
  U4523/Y (NAND2X1)                    797248.000 236042688.000 f
  U4525/Y (NAND2X1)                    885504.000 236928192.000 r
  U4534/Y (NAND2X1)                    866800.000 237794992.000 f
  U4538/Y (NAND2X1)                    879584.000 238674576.000 r
  U4539/Y (NAND2X1)                    866832.000 239541408.000 f
  U4541/Y (OR2X1)                      2089984.000
                                                  241631392.000 f
  U4543/Y (NAND2X1)                    872064.000 242503456.000 r
  U1095/Y (AND2X1)                     1809792.000
                                                  244313248.000 r
  U289/Y (AND2X1)                      2180992.000
                                                  246494240.000 r
  U290/Y (INVX1)                       713472.000 247207712.000 f
  U4550/Y (NAND2X1)                    918864.000 248126576.000 r
  U4555/Y (NAND2X1)                    864400.000 248990976.000 f
  out[0] (out)                            0.000   248990976.000 f
  data arrival time                               248990976.000

  clock clk (rise edge)                250000000.000
                                                  250000000.000
  clock network delay (ideal)             0.000   250000000.000
  clock reconvergence pessimism           0.000   250000000.000
  output external delay                   0.000   250000000.000
  data required time                              250000000.000
  ---------------------------------------------------------------
  data required time                              250000000.000
  data arrival time                               -248990976.000
  ---------------------------------------------------------------
  slack (MET)                                     1009024.000


1
