****************************************
Report : timing
	-path_type full
	-delay_type max
	-max_paths 1
	-sort_by slack
Design : top
Version: S-2021.06-SP1
Date   : Sun Dec 18 12:29:36 2022
****************************************


  Startpoint: inp[77] (input port clocked by clk)
  Endpoint: out[1] (output port clocked by clk)
  Path Group: clk
  Path Type: max

  Point                                    Incr       Path
  ---------------------------------------------------------------
  clock clk (rise edge)                   0.000      0.000
  clock network delay (ideal)             0.000      0.000
  input external delay                    0.000      0.000 r
  inp[77] (in)                            0.000      0.000 r
  U333/Y (AND2X1)                      2207104.000
                                                  2207104.000 r
  U334/Y (INVX1)                       705664.000 2912768.000 f
  U934/Y (NAND2X1)                     918720.000 3831488.000 r
  U565/Y (AND2X1)                      2164640.000
                                                  5996128.000 r
  U566/Y (INVX1)                       727248.000 6723376.000 f
  U198/Y (AND2X1)                      2034896.000
                                                  8758272.000 f
  U199/Y (INVX1)                       -1362464.000
                                                  7395808.000 r
  U935/Y (NAND2X1)                     802432.000 8198240.000 f
  U937/Y (XOR2X1)                      5243920.000
                                                  13442160.000 r
  U938/Y (OR2X1)                       2326384.000
                                                  15768544.000 r
  U940/Y (NAND2X1)                     801344.000 16569888.000 f
  U942/Y (XOR2X1)                      5353920.000
                                                  21923808.000 r
  U943/Y (NAND2X1)                     1236528.000
                                                  23160336.000 f
  U539/Y (INVX1)                       221392.000 23381728.000 r
  U540/Y (INVX1)                       646464.000 24028192.000 f
  U946/Y (AND2X1)                      1866896.000
                                                  25895088.000 f
  U949/Y (XOR2X1)                      5476560.000
                                                  31371648.000 r
  U390/Y (XNOR2X1)                     6368048.000
                                                  37739696.000 r
  U617/Y (INVX1)                       1017584.000
                                                  38757280.000 f
  U1316/Y (NAND2X1)                    1290688.000
                                                  40047968.000 r
  U1374/Y (NAND2X1)                    1128000.000
                                                  41175968.000 f
  U1375/Y (XOR2X1)                     5351392.000
                                                  46527360.000 r
  U1376/Y (INVX1)                      1253104.000
                                                  47780464.000 f
  U1378/Y (XOR2X1)                     5591624.000
                                                  53372088.000 r
  U501/Y (AND2X1)                      2173632.000
                                                  55545720.000 r
  U502/Y (INVX1)                       715864.000 56261584.000 f
  U1379/Y (NAND2X1)                    924552.000 57186136.000 r
  U1389/Y (OR2X1)                      2547920.000
                                                  59734056.000 r
  U106/Y (AND2X1)                      2199584.000
                                                  61933640.000 r
  U107/Y (INVX1)                       707640.000 62641280.000 f
  U289/Y (XNOR2X1)                     6580888.000
                                                  69222168.000 f
  U290/Y (INVX1)                       -1243416.000
                                                  67978752.000 r
  U505/Y (AND2X1)                      1880408.000
                                                  69859160.000 r
  U506/Y (INVX1)                       707768.000 70566928.000 f
  U1440/Y (NAND2X1)                    1285632.000
                                                  71852560.000 r
  U160/Y (AND2X1)                      1818784.000
                                                  73671344.000 r
  U161/Y (INVX1)                       708528.000 74379872.000 f
  U1443/Y (NAND2X1)                    1291720.000
                                                  75671592.000 r
  U467/Y (AND2X1)                      1818328.000
                                                  77489920.000 r
  U468/Y (INVX1)                       715440.000 78205360.000 f
  U1446/Y (NAND2X1)                    1362952.000
                                                  79568312.000 r
  U1450/Y (INVX1)                      1069288.000
                                                  80637600.000 f
  U1451/Y (NAND2X1)                    1290368.000
                                                  81927968.000 r
  U1452/Y (NAND2X1)                    1126624.000
                                                  83054592.000 f
  U1453/Y (NAND2X1)                    1752616.000
                                                  84807208.000 r
  U1461/Y (INVX1)                      1101456.000
                                                  85908664.000 f
  U1462/Y (NAND2X1)                    924984.000 86833648.000 r
  U1463/Y (NAND2X1)                    1154872.000
                                                  87988520.000 f
  U1464/Y (NAND2X1)                    1752608.000
                                                  89741128.000 r
  U1470/Y (NAND2X1)                    1152896.000
                                                  90894024.000 f
  U1471/Y (NAND2X1)                    1399472.000
                                                  92293496.000 r
  U1472/Y (NAND2X1)                    1235008.000
                                                  93528504.000 f
  U1475/Y (NAND2X1)                    880976.000 94409480.000 r
  U457/Y (AND2X1)                      1794440.000
                                                  96203920.000 r
  U458/Y (INVX1)                       715384.000 96919304.000 f
  U1477/Y (NAND2X1)                    1285608.000
                                                  98204912.000 r
  U1478/Y (NAND2X1)                    929312.000 99134224.000 f
  U652/Y (INVX1)                       234088.000 99368312.000 r
  U653/Y (INVX1)                       648144.000 100016456.000 f
  U1479/Y (NAND2X1)                    1746832.000
                                                  101763288.000 r
  U379/Y (INVX1)                       1216512.000
                                                  102979800.000 f
  U303/Y (OR2X1)                       2317448.000
                                                  105297248.000 f
  U304/Y (INVX1)                       -75296.000 105221952.000 r
  U1772/Y (INVX1)                      657032.000 105878984.000 f
  U1773/Y (NAND2X1)                    1292032.000
                                                  107171016.000 r
  U1775/Y (NAND2X1)                    849736.000 108020752.000 f
  U1776/Y (XOR2X1)                     5293152.000
                                                  113313904.000 r
  U1793/Y (OR2X1)                      2322832.000
                                                  115636736.000 r
  U148/Y (AND2X1)                      2198416.000
                                                  117835152.000 r
  U149/Y (INVX1)                       707800.000 118542952.000 f
  U1794/Y (NAND2X1)                    924536.000 119467488.000 r
  U1800/Y (OR2X1)                      2330480.000
                                                  121797968.000 r
  U128/Y (AND2X1)                      2199504.000
                                                  123997472.000 r
  U129/Y (INVX1)                       707440.000 124704912.000 f
  U1801/Y (NAND2X1)                    1291616.000
                                                  125996528.000 r
  U1803/Y (OR2X1)                      2330216.000
                                                  128326744.000 r
  U116/Y (AND2X1)                      2199496.000
                                                  130526240.000 r
  U117/Y (INVX1)                       707664.000 131233904.000 f
  U391/Y (XNOR2X1)                     6583424.000
                                                  137817328.000 f
  U212/Y (AND2X1)                      2426064.000
                                                  140243392.000 f
  U213/Y (INVX1)                       -1394240.000
                                                  138849152.000 r
  U511/Y (AND2X1)                      2199136.000
                                                  141048288.000 r
  U512/Y (INVX1)                       707552.000 141755840.000 f
  U1980/Y (NAND2X1)                    1752768.000
                                                  143508608.000 r
  U1981/Y (INVX1)                      1216832.000
                                                  144725440.000 f
  U1983/Y (NAND2X1)                    1283888.000
                                                  146009328.000 r
  U1986/Y (NAND2X1)                    848016.000 146857344.000 f
  U1989/Y (NAND2X1)                    886080.000 147743424.000 r
  U1990/Y (NAND2X1)                    1151072.000
                                                  148894496.000 f
  U1993/Y (NAND2X1)                    885488.000 149779984.000 r
  U1996/Y (NOR2X1)                     -289616.000
                                                  149490368.000 f
  U1997/Y (NOR2X1)                     1195568.000
                                                  150685936.000 r
  U130/Y (AND2X1)                      1837088.000
                                                  152523024.000 r
  U131/Y (INVX1)                       707440.000 153230464.000 f
  U1998/Y (NAND2X1)                    918864.000 154149328.000 r
  U2006/Y (NAND2X1)                    930368.000 155079696.000 f
  U2007/Y (NAND2X1)                    1395296.000
                                                  156474992.000 r
  U2008/Y (NAND2X1)                    866080.000 157341072.000 f
  U422/Y (AND2X1)                      2045136.000
                                                  159386208.000 f
  U226/Y (INVX1)                       -319776.000
                                                  159066432.000 r
  U654/Y (INVX1)                       667408.000 159733840.000 f
  U2037/Y (NOR2X1)                     1161536.000
                                                  160895376.000 r
  U515/Y (AND2X1)                      2183600.000
                                                  163078976.000 r
  U516/Y (INVX1)                       712624.000 163791600.000 f
  U2038/Y (NAND2X1)                    1285632.000
                                                  165077232.000 r
  U2039/Y (NAND2X1)                    1126416.000
                                                  166203648.000 f
  U2040/Y (NAND2X1)                    1399328.000
                                                  167602976.000 r
  U493/Y (AND2X1)                      1795440.000
                                                  169398416.000 r
  U494/Y (INVX1)                       715856.000 170114272.000 f
  U2045/Y (NAND2X1)                    1285600.000
                                                  171399872.000 r
  U96/Y (AND2X1)                       1818784.000
                                                  173218656.000 r
  U97/Y (INVX1)                        707568.000 173926224.000 f
  U2047/Y (NAND2X1)                    1285776.000
                                                  175212000.000 r
  U497/Y (AND2X1)                      1818752.000
                                                  177030752.000 r
  U498/Y (INVX1)                       715792.000 177746544.000 f
  U2050/Y (NAND2X1)                    1285616.000
                                                  179032160.000 r
  U2051/Y (NAND2X1)                    1126416.000
                                                  180158576.000 f
  U2052/Y (NAND2X1)                    1394752.000
                                                  181553328.000 r
  U2053/Y (NAND2X1)                    1155760.000
                                                  182709088.000 f
  U2056/Y (NAND2X1)                    879392.000 183588480.000 r
  U2064/Y (NAND2X1)                    866304.000 184454784.000 f
  U2065/Y (NAND2X1)                    1394784.000
                                                  185849568.000 r
  out[1] (out)                            0.000   185849568.000 r
  data arrival time                               185849568.000

  clock clk (rise edge)                200000000.000
                                                  200000000.000
  clock network delay (ideal)             0.000   200000000.000
  clock reconvergence pessimism           0.000   200000000.000
  output external delay                   0.000   200000000.000
  data required time                              200000000.000
  ---------------------------------------------------------------
  data required time                              200000000.000
  data arrival time                               -185849568.000
  ---------------------------------------------------------------
  slack (MET)                                     14150432.000


1
