****************************************
Report : timing
	-path_type full
	-delay_type max
	-max_paths 1
	-sort_by slack
Design : top
Version: S-2021.06-SP1
Date   : Sun Dec 18 12:43:57 2022
****************************************


  Startpoint: inp[44] (input port clocked by clk)
  Endpoint: out[1] (output port clocked by clk)
  Path Group: clk
  Path Type: max

  Point                                    Incr       Path
  ---------------------------------------------------------------
  clock clk (rise edge)                   0.000      0.000
  clock network delay (ideal)             0.000      0.000
  input external delay                    0.000      0.000 f
  inp[44] (in)                            0.000      0.000 f
  U1187/Y (INVX1)                      614736.000 614736.000 r
  U1022/Y (NAND2X1)                    1059040.000
                                                  1673776.000 f
  U1164/Y (NAND2X1)                    1757328.000
                                                  3431104.000 r
  U1453/Y (INVX1)                      1115984.000
                                                  4547088.000 f
  U78/Y (AND2X1)                       2238224.000
                                                  6785312.000 f
  U77/Y (NOR2X1)                       1222432.000
                                                  8007744.000 r
  U2889/Y (XOR2X1)                     4375472.000
                                                  12383216.000 f
  U2895/Y (XOR2X1)                     5088816.000
                                                  17472032.000 r
  U2896/Y (AND2X1)                     1818560.000
                                                  19290592.000 r
  U2897/Y (INVX1)                      718160.000 20008752.000 f
  U442/Y (AND2X1)                      2037072.000
                                                  22045824.000 f
  U443/Y (INVX1)                       -1177104.000
                                                  20868720.000 r
  U2899/Y (XOR2X1)                     4509040.000
                                                  25377760.000 f
  U2901/Y (NOR2X1)                     1239120.000
                                                  26616880.000 r
  U466/Y (OR2X1)                       2187360.000
                                                  28804240.000 r
  U2903/Y (XOR2X1)                     4508672.000
                                                  33312912.000 f
  U2966/Y (XOR2X1)                     5090336.000
                                                  38403248.000 r
  U2967/Y (XOR2X1)                     4343632.000
                                                  42746880.000 f
  U3016/Y (XOR2X1)                     5410544.000
                                                  48157424.000 r
  U3018/Y (NAND2X1)                    1237680.000
                                                  49395104.000 f
  U3019/Y (NAND2X1)                    892560.000 50287664.000 r
  U3021/Y (XOR2X1)                     4743024.000
                                                  55030688.000 f
  U3024/Y (NAND2X1)                    819680.000 55850368.000 r
  U3025/Y (NAND2X1)                    1127776.000
                                                  56978144.000 f
  U3027/Y (OR2X1)                      2092080.000
                                                  59070224.000 f
  U3028/Y (NAND2X1)                    1421216.000
                                                  60491440.000 r
  U3030/Y (NAND2X1)                    871808.000 61363248.000 f
  U3032/Y (XOR2X1)                     5311352.000
                                                  66674600.000 r
  U606/Y (AND2X1)                      1818680.000
                                                  68493280.000 r
  U607/Y (INVX1)                       715224.000 69208504.000 f
  U3034/Y (NAND2X1)                    1368600.000
                                                  70577104.000 r
  U3037/Y (NAND2X1)                    864144.000 71441248.000 f
  U3040/Y (NAND2X1)                    891944.000 72333192.000 r
  U487/Y (AND2X1)                      1798440.000
                                                  74131632.000 r
  U488/Y (INVX1)                       715392.000 74847024.000 f
  U3042/Y (NAND2X1)                    1368592.000
                                                  76215616.000 r
  U3045/Y (NAND2X1)                    865056.000 77080672.000 f
  U3048/Y (NAND2X1)                    1390088.000
                                                  78470760.000 r
  U688/Y (AND2X1)                      1798376.000
                                                  80269136.000 r
  U689/Y (INVX1)                       720688.000 80989824.000 f
  U437/Y (AND2X1)                      2034888.000
                                                  83024712.000 f
  U438/Y (INVX1)                       -1288608.000
                                                  81736104.000 r
  U669/Y (AND2X1)                      1881408.000
                                                  83617512.000 r
  U670/Y (INVX1)                       715240.000 84332752.000 f
  U3055/Y (NAND2X1)                    1297384.000
                                                  85630136.000 r
  U3058/Y (XOR2X1)                     4767728.000
                                                  90397864.000 f
  U686/Y (AND2X1)                      2061952.000
                                                  92459816.000 f
  U687/Y (INVX1)                       -1448024.000
                                                  91011792.000 r
  U3059/Y (NAND2X1)                    803664.000 91815456.000 f
  U3063/Y (XOR2X1)                     5307976.000
                                                  97123432.000 r
  U433/Y (NOR2X1)                      27104.000  97150536.000 f
  U383/Y (AND2X1)                      2243528.000
                                                  99394064.000 f
  U3081/Y (NOR2X1)                     1643352.000
                                                  101037416.000 r
  U3091/Y (INVX1)                      1011768.000
                                                  102049184.000 f
  U3092/Y (NAND2X1)                    1296872.000
                                                  103346056.000 r
  U3096/Y (NOR2X1)                     -91504.000 103254552.000 f
  U3099/Y (NAND2X1)                    882952.000 104137504.000 r
  U3100/Y (NAND2X1)                    850456.000 104987960.000 f
  U3101/Y (NAND2X1)                    897344.000 105885304.000 r
  U416/Y (AND2X1)                      1817968.000
                                                  107703272.000 r
  U417/Y (INVX1)                       714448.000 108417720.000 f
  U3102/Y (AND2X1)                     2039288.000
                                                  110457008.000 f
  U3104/Y (NAND2X1)                    859672.000 111316680.000 r
  U3107/Y (NAND2X1)                    852208.000 112168888.000 f
  U79/Y (AND2X1)                       2045536.000
                                                  114214424.000 f
  U80/Y (INVX1)                        -1186464.000
                                                  113027960.000 r
  U3109/Y (NAND2X1)                    1054288.000
                                                  114082248.000 f
  U3110/Y (NOR2X1)                     1201360.000
                                                  115283608.000 r
  U275/Y (XNOR2X1)                     5603584.000
                                                  120887192.000 r
  U276/Y (INVX1)                       910880.000 121798072.000 f
  U332/Y (XOR2X1)                      2909776.000
                                                  124707848.000 f
  U331/Y (XOR2X1)                      5410496.000
                                                  130118344.000 r
  U330/Y (INVX1)                       1271448.000
                                                  131389792.000 f
  U4212/Y (XOR2X1)                     4913344.000
                                                  136303136.000 r
  U83/Y (AND2X1)                       2173504.000
                                                  138476640.000 r
  U84/Y (INVX1)                        715904.000 139192544.000 f
  U353/Y (AND2X1)                      1871360.000
                                                  141063904.000 f
  U4215/Y (NAND2X1)                    1449664.000
                                                  142513568.000 r
  U4217/Y (AND2X1)                     1797808.000
                                                  144311376.000 r
  U631/Y (INVX1)                       713104.000 145024480.000 f
  U630/Y (NOR2X1)                      1169312.000
                                                  146193792.000 r
  U4274/Y (XOR2X1)                     4697232.000
                                                  150891024.000 f
  U4278/Y (XNOR2X1)                    5969936.000
                                                  156860960.000 f
  U4279/Y (INVX1)                      -1322848.000
                                                  155538112.000 r
  U4280/Y (NAND2X1)                    1051072.000
                                                  156589184.000 f
  U4340/Y (NAND2X1)                    886096.000 157475280.000 r
  U4342/Y (NAND2X1)                    930896.000 158406176.000 f
  U4350/Y (NAND2X1)                    1394080.000
                                                  159800256.000 r
  U4351/Y (NAND2X1)                    865904.000 160666160.000 f
  U377/Y (NAND2X1)                     1351232.000
                                                  162017392.000 r
  U375/Y (INVX1)                       1128336.000
                                                  163145728.000 f
  U4391/Y (NAND2X1)                    1746960.000
                                                  164892688.000 r
  U429/Y (INVX1)                       1199712.000
                                                  166092400.000 f
  U432/Y (NOR2X1)                      1156928.000
                                                  167249328.000 r
  U430/Y (NAND2X1)                     1099216.000
                                                  168348544.000 f
  U4392/Y (NAND2X1)                    883040.000 169231584.000 r
  U4399/Y (NAND2X1)                    848400.000 170079984.000 f
  U4400/Y (NAND2X1)                    1752608.000
                                                  171832592.000 r
  U4401/Y (NAND2X1)                    865776.000 172698368.000 f
  U341/Y (NAND2X1)                     879392.000 173577760.000 r
  U340/Y (NAND2X1)                     1230496.000
                                                  174808256.000 f
  U4402/Y (INVX1)                      -559296.000
                                                  174248960.000 r
  U4403/Y (NAND2X1)                    800800.000 175049760.000 f
  U4408/Y (NAND2X1)                    885968.000 175935728.000 r
  U4409/Y (NAND2X1)                    866000.000 176801728.000 f
  U4410/Y (NAND2X1)                    891984.000 177693712.000 r
  U4412/Y (AND2X1)                     1789072.000
                                                  179482784.000 r
  U4413/Y (INVX1)                      719776.000 180202560.000 f
  U4414/Y (NAND2X1)                    918864.000 181121424.000 r
  U4415/Y (NAND2X1)                    866016.000 181987440.000 f
  U4416/Y (NAND2X1)                    1380352.000
                                                  183367792.000 r
  U4417/Y (NAND2X1)                    863664.000 184231456.000 f
  U4418/Y (NAND2X1)                    1380352.000
                                                  185611808.000 r
  U369/Y (NAND2X1)                     864512.000 186476320.000 f
  U4422/Y (NOR2X1)                     1190128.000
                                                  187666448.000 r
  U371/Y (NOR2X1)                      101808.000 187768256.000 f
  U370/Y (NOR2X1)                      1190800.000
                                                  188959056.000 r
  U367/Y (NAND2X1)                     836624.000 189795680.000 f
  U4430/Y (AND2X1)                     2048576.000
                                                  191844256.000 f
  U4431/Y (INVX1)                      -1338880.000
                                                  190505376.000 r
  U690/Y (AND2X1)                      1881936.000
                                                  192387312.000 r
  U691/Y (INVX1)                       720208.000 193107520.000 f
  U4436/Y (NAND2X1)                    918864.000 194026384.000 r
  U4439/Y (NAND2X1)                    866016.000 194892400.000 f
  U4441/Y (NAND2X1)                    881232.000 195773632.000 r
  U359/Y (NAND2X1)                     867600.000 196641232.000 f
  U358/Y (NAND2X1)                     882608.000 197523840.000 r
  U357/Y (NAND2X1)                     931008.000 198454848.000 f
  U4444/Y (NAND2X1)                    1390048.000
                                                  199844896.000 r
  out[1] (out)                            0.000   199844896.000 r
  data arrival time                               199844896.000

  clock clk (rise edge)                200000000.000
                                                  200000000.000
  clock network delay (ideal)             0.000   200000000.000
  clock reconvergence pessimism           0.000   200000000.000
  output external delay                   0.000   200000000.000
  data required time                              200000000.000
  ---------------------------------------------------------------
  data required time                              200000000.000
  data arrival time                               -199844896.000
  ---------------------------------------------------------------
  slack (MET)                                     155104.000


1
