****************************************
Report : timing
	-path_type full
	-delay_type max
	-max_paths 1
	-sort_by slack
Design : top
Version: S-2021.06-SP1
Date   : Fri Dec 16 15:43:29 2022
****************************************


  Startpoint: inp[4] (input port clocked by clk)
  Endpoint: out[0] (output port clocked by clk)
  Path Group: clk
  Path Type: max

  Point                                    Incr       Path
  ---------------------------------------------------------------
  clock clk (rise edge)                   0.000      0.000
  clock network delay (ideal)             0.000      0.000
  input external delay                    0.000      0.000 r
  inp[4] (in)                             0.000      0.000 r
  U1075/Y (INVX1)                      56464.000  56464.000 f
  U1076/Y (NAND2X1)                    1288592.000
                                                  1345056.000 r
  U1077/Y (NAND2X1)                    1129808.000
                                                  2474864.000 f
  U1083/Y (XOR2X1)                     5294048.000
                                                  7768912.000 r
  U1084/Y (XOR2X1)                     4755968.000
                                                  12524880.000 f
  U1116/Y (XOR2X1)                     5412640.000
                                                  17937520.000 r
  U919/Y (AND2X1)                      1780000.000
                                                  19717520.000 r
  U920/Y (INVX1)                       707856.000 20425376.000 f
  U1231/Y (NAND2X1)                    1362912.000
                                                  21788288.000 r
  U1233/Y (INVX1)                      1116736.000
                                                  22905024.000 f
  U1234/Y (NAND2X1)                    919344.000 23824368.000 r
  U1235/Y (AND2X1)                     2559120.000
                                                  26383488.000 r
  U1236/Y (XOR2X1)                     4721520.000
                                                  31105008.000 f
  U1239/Y (XOR2X1)                     5406880.000
                                                  36511888.000 r
  U1319/Y (XOR2X1)                     4226112.000
                                                  40738000.000 f
  U1363/Y (XOR2X1)                     5731360.000
                                                  46469360.000 r
  U1390/Y (XOR2X1)                     4744896.000
                                                  51214256.000 f
  U1392/Y (XOR2X1)                     5733344.000
                                                  56947600.000 r
  U1422/Y (NAND2X1)                    846320.000 57793920.000 f
  U1423/Y (NAND2X1)                    1403952.000
                                                  59197872.000 r
  U1425/Y (XOR2X1)                     4270448.000
                                                  63468320.000 f
  U1427/Y (OR2X1)                      2057504.000
                                                  65525824.000 f
  U1428/Y (NAND2X1)                    1752576.000
                                                  67278400.000 r
  U1430/Y (INVX1)                      1078800.000
                                                  68357200.000 f
  U1431/Y (NAND2X1)                    924944.000 69282144.000 r
  U1434/Y (NAND2X1)                    865872.000 70148016.000 f
  U1008/Y (AND2X1)                     2444624.000
                                                  72592640.000 f
  U1009/Y (INVX1)                      -1268544.000
                                                  71324096.000 r
  U1442/Y (NOR2X1)                     544368.000 71868464.000 f
  U1443/Y (NAND2X1)                    882912.000 72751376.000 r
  U1444/Y (NAND2X1)                    848160.000 73599536.000 f
  U1446/Y (NAND2X1)                    1336016.000
                                                  74935552.000 r
  U382/Y (INVX1)                       1123472.000
                                                  76059024.000 f
  U383/Y (INVX1)                       457120.000 76516144.000 r
  U376/Y (AND2X1)                      1879392.000
                                                  78395536.000 r
  U377/Y (INVX1)                       733296.000 79128832.000 f
  U430/Y (AND2X1)                      2035968.000
                                                  81164800.000 f
  U431/Y (INVX1)                       -193776.000
                                                  80971024.000 r
  U1457/Y (INVX1)                      668336.000 81639360.000 f
  U1853/Y (XOR2X1)                     5586480.000
                                                  87225840.000 r
  U1855/Y (NAND2X1)                    850304.000 88076144.000 f
  U1856/Y (NAND2X1)                    1408960.000
                                                  89485104.000 r
  U1037/Y (XNOR2X1)                    6501280.000
                                                  95986384.000 r
  U1038/Y (INVX1)                      962528.000 96948912.000 f
  U2584/Y (XOR2X1)                     2989872.000
                                                  99938784.000 f
  U3457/Y (XOR2X1)                     5963792.000
                                                  105902576.000 r
  U3458/Y (INVX1)                      1239120.000
                                                  107141696.000 f
  U3459/Y (NAND2X1)                    1283976.000
                                                  108425672.000 r
  U3469/Y (NAND2X1)                    848032.000 109273704.000 f
  U3471/Y (NAND2X1)                    1341928.000
                                                  110615632.000 r
  U3472/Y (INVX1)                      1216848.000
                                                  111832480.000 f
  U3473/Y (NAND2X1)                    1283888.000
                                                  113116368.000 r
  U879/Y (AND2X1)                      2174704.000
                                                  115291072.000 r
  U880/Y (INVX1)                       715520.000 116006592.000 f
  U3477/Y (NAND2X1)                    1752752.000
                                                  117759344.000 r
  U3478/Y (INVX1)                      1216864.000
                                                  118976208.000 f
  U3479/Y (NAND2X1)                    919456.000 119895664.000 r
  U536/Y (AND2X1)                      1819160.000
                                                  121714824.000 r
  U537/Y (INVX1)                       715168.000 122429992.000 f
  U3481/Y (NAND2X1)                    1362936.000
                                                  123792928.000 r
  U3482/Y (INVX1)                      1216880.000
                                                  125009808.000 f
  U3485/Y (NAND2X1)                    919456.000 125929264.000 r
  U520/Y (AND2X1)                      1819160.000
                                                  127748424.000 r
  U521/Y (INVX1)                       715152.000 128463576.000 f
  U3487/Y (NAND2X1)                    1362936.000
                                                  129826512.000 r
  U875/Y (AND2X1)                      1785576.000
                                                  131612088.000 r
  U876/Y (INVX1)                       720208.000 132332296.000 f
  U3494/Y (NAND2X1)                    918872.000 133251168.000 r
  U3498/Y (NAND2X1)                    849064.000 134100232.000 f
  U3501/Y (OR2X1)                      2088952.000
                                                  136189184.000 f
  U506/Y (AND2X1)                      2048096.000
                                                  138237280.000 f
  U507/Y (INVX1)                       -1447312.000
                                                  136789968.000 r
  U3504/Y (NAND2X1)                    800400.000 137590368.000 f
  U3505/Y (NAND2X1)                    1400064.000
                                                  138990432.000 r
  U542/Y (AND2X1)                      1794272.000
                                                  140784704.000 r
  U421/Y (INVX1)                       735440.000 141520144.000 f
  U1063/Y (INVX1)                      1027568.000
                                                  142547712.000 r
  U543/Y (INVX1)                       684768.000 143232480.000 f
  U3513/Y (NAND2X1)                    1286544.000
                                                  144519024.000 r
  U296/Y (AND2X1)                      1818576.000
                                                  146337600.000 r
  U297/Y (INVX1)                       732992.000 147070592.000 f
  U3517/Y (NOR2X1)                     1161344.000
                                                  148231936.000 r
  U3522/Y (NOR2X1)                     108832.000 148340768.000 f
  U763/Y (AND2X1)                      2045696.000
                                                  150386464.000 f
  U764/Y (INVX1)                       -1450592.000
                                                  148935872.000 r
  U3526/Y (NAND2X1)                    928784.000 149864656.000 f
  U3527/Y (NAND2X1)                    1395280.000
                                                  151259936.000 r
  U3532/Y (NAND2X1)                    866096.000 152126032.000 f
  U3536/Y (NAND2X1)                    1341808.000
                                                  153467840.000 r
  U3537/Y (INVX1)                      1116592.000
                                                  154584432.000 f
  U3541/Y (NAND2X1)                    919344.000 155503776.000 r
  U3546/Y (NAND2X1)                    848032.000 156351808.000 f
  U3548/Y (NAND2X1)                    1341936.000
                                                  157693744.000 r
  U3549/Y (INVX1)                      1093488.000
                                                  158787232.000 f
  U3550/Y (NAND2X1)                    1284304.000
                                                  160071536.000 r
  U3554/Y (NAND2X1)                    848080.000 160919616.000 f
  U3556/Y (NAND2X1)                    1342752.000
                                                  162262368.000 r
  U3557/Y (INVX1)                      1096512.000
                                                  163358880.000 f
  U3561/Y (NAND2X1)                    919312.000 164278192.000 r
  U3565/Y (NAND2X1)                    848048.000 165126240.000 f
  U3567/Y (NAND2X1)                    1341904.000
                                                  166468144.000 r
  U3568/Y (INVX1)                      1093488.000
                                                  167561632.000 f
  U3569/Y (NAND2X1)                    919328.000 168480960.000 r
  U3572/Y (NAND2X1)                    865872.000 169346832.000 f
  U3574/Y (NAND2X1)                    884496.000 170231328.000 r
  U3577/Y (OR2X1)                      2561536.000
                                                  172792864.000 r
  U3578/Y (NAND2X1)                    1217664.000
                                                  174010528.000 f
  U434/Y (INVX1)                       323040.000 174333568.000 r
  U1070/Y (INVX1)                      691792.000 175025360.000 f
  U3736/Y (NAND2X1)                    1286672.000
                                                  176312032.000 r
  U3738/Y (NAND2X1)                    929328.000 177241360.000 f
  U292/Y (INVX1)                       223648.000 177465008.000 r
  U293/Y (INVX1)                       646704.000 178111712.000 f
  U3739/Y (NOR2X1)                     1157696.000
                                                  179269408.000 r
  U3742/Y (NOR2X1)                     151360.000 179420768.000 f
  U3745/Y (NAND2X1)                    880592.000 180301360.000 r
  U3747/Y (NAND2X1)                    930960.000 181232320.000 f
  U3760/Y (NAND2X1)                    881136.000 182113456.000 r
  U3761/Y (NAND2X1)                    1155904.000
                                                  183269360.000 f
  U3762/Y (OR2X1)                      2087712.000
                                                  185357072.000 f
  U3766/Y (NAND2X1)                    870736.000 186227808.000 r
  U3768/Y (NAND2X1)                    930976.000 187158784.000 f
  U3769/Y (NAND2X1)                    1395360.000
                                                  188554144.000 r
  U3773/Y (NAND2X1)                    866080.000 189420224.000 f
  U3777/Y (NAND2X1)                    1341888.000
                                                  190762112.000 r
  U3778/Y (INVX1)                      1116592.000
                                                  191878704.000 f
  U3779/Y (NAND2X1)                    1284224.000
                                                  193162928.000 r
  U3783/Y (NAND2X1)                    848064.000 194010992.000 f
  U3786/Y (NAND2X1)                    1341840.000
                                                  195352832.000 r
  U3787/Y (INVX1)                      1095952.000
                                                  196448784.000 f
  U3788/Y (NAND2X1)                    919312.000 197368096.000 r
  U3791/Y (NAND2X1)                    848096.000 198216192.000 f
  U3793/Y (NAND2X1)                    885504.000 199101696.000 r
  U3794/Y (OR2X1)                      2606848.000
                                                  201708544.000 r
  U3795/Y (NAND2X1)                    804352.000 202512896.000 f
  U472/Y (NAND2X1)                     1389440.000
                                                  203902336.000 r
  U454/Y (INVX1)                       1112096.000
                                                  205014432.000 f
  U455/Y (INVX1)                       976160.000 205990592.000 r
  U3798/Y (INVX1)                      651776.000 206642368.000 f
  U3982/Y (NAND2X1)                    1286944.000
                                                  207929312.000 r
  U3984/Y (NAND2X1)                    849568.000 208778880.000 f
  U3985/Y (OR2X1)                      2088992.000
                                                  210867872.000 f
  U3993/Y (NAND2X1)                    872128.000 211740000.000 r
  U3995/Y (NAND2X1)                    867360.000 212607360.000 f
  U3999/Y (OR2X1)                      2087712.000
                                                  214695072.000 f
  U4003/Y (NAND2X1)                    872208.000 215567280.000 r
  U4005/Y (NAND2X1)                    866832.000 216434112.000 f
  U4010/Y (OR2X1)                      2087648.000
                                                  218521760.000 f
  U4014/Y (NAND2X1)                    872144.000 219393904.000 r
  U4016/Y (NAND2X1)                    866848.000 220260752.000 f
  U4017/Y (OR2X1)                      2087712.000
                                                  222348464.000 f
  U4020/Y (NAND2X1)                    872144.000 223220608.000 r
  U4022/Y (NAND2X1)                    866848.000 224087456.000 f
  U4025/Y (OR2X1)                      2087648.000
                                                  226175104.000 f
  U4030/Y (NAND2X1)                    872144.000 227047248.000 r
  U4032/Y (NAND2X1)                    866848.000 227914096.000 f
  U4033/Y (OR2X1)                      2087712.000
                                                  230001808.000 f
  U4038/Y (NAND2X1)                    872208.000 230874016.000 r
  U4040/Y (NAND2X1)                    866800.000 231740816.000 f
  U4041/Y (NOR2X1)                     1196896.000
                                                  232937712.000 r
  U4044/Y (NAND2X1)                    834560.000 233772272.000 f
  U4047/Y (NAND2X1)                    880992.000 234653264.000 r
  U1034/Y (AND2X1)                     1811568.000
                                                  236464832.000 r
  U240/Y (AND2X1)                      2180976.000
                                                  238645808.000 r
  U241/Y (INVX1)                       713472.000 239359280.000 f
  U4059/Y (NAND2X1)                    913216.000 240272496.000 r
  out[0] (out)                            0.000   240272496.000 r
  data arrival time                               240272496.000

  clock clk (rise edge)                250000000.000
                                                  250000000.000
  clock network delay (ideal)             0.000   250000000.000
  clock reconvergence pessimism           0.000   250000000.000
  output external delay                   0.000   250000000.000
  data required time                              250000000.000
  ---------------------------------------------------------------
  data required time                              250000000.000
  data arrival time                               -240272496.000
  ---------------------------------------------------------------
  slack (MET)                                     9727504.000


1
