Information: Updating design information... (UID-85)
 
****************************************
Report : qor
Design : top
Version: S-2021.06-SP2
Date   : Sun Dec 18 12:34:18 2022
****************************************


  Timing Path Group 'clk'
  -----------------------------------
  Levels of Logic:             115.00
  Critical Path Length:  196751904.00
  Critical Path Slack:     3248096.00
  Critical Path Clk Period:
                         200000000.00
  Total Negative Slack:          0.00
  No. of Violating Paths:        0.00
  Worst Hold Violation:          0.00
  Total Hold Violation:          0.00
  No. of Hold Violations:        0.00
  -----------------------------------


  Cell Count
  -----------------------------------
  Hierarchical Cell Count:          0
  Hierarchical Port Count:          0
  Leaf Cell Count:               2969
  Buf/Inv Cell Count:             667
  Buf Cell Count:                   0
  Inv Cell Count:                 667
  CT Buf/Inv Cell Count:            0
  Combinational Cell Count:      2969
  Sequential Cell Count:            0
  Macro Count:                      0
  -----------------------------------


  Area
  -----------------------------------
  Combinational Area:
                    1224892217.000000
  Noncombinational Area:     0.000000
  Buf/Inv Area:      152356140.000000
  Total Buffer Area:             0.00
  Total Inverter Area:   152356140.00
  Macro/Black Box Area:      0.000000
  Net Area:                  0.000000
  -----------------------------------
  Cell Area:        1224892217.000000
  Design Area:      1224892217.000000


  Design Rules
  -----------------------------------
  Total Number of Nets:          3053
  Nets With Violations:          2969
  Max Trans Violations:          2969
  Max Cap Violations:               0
  -----------------------------------


  Hostname: leoforos

  Compile CPU Statistics
  -----------------------------------------
  Resource Sharing:                    1.39
  Logic Optimization:                  0.16
  Mapping Optimization:                1.97
  -----------------------------------------
  Overall Compile Time:               14.30
  Overall Compile Wall Clock Time:    15.49

  --------------------------------------------------------------------

  Design  WNS: 0.00  TNS: 0.00  Number of Violating Paths: 0


  Design (Hold)  WNS: 0.00  TNS: 0.00  Number of Violating Paths: 0

  --------------------------------------------------------------------


1
