****************************************
Report : timing
	-path_type full
	-delay_type max
	-max_paths 1
	-sort_by slack
Design : top
Version: S-2021.06-SP1
Date   : Sun Dec 18 18:38:30 2022
****************************************


  Startpoint: inp[5] (input port clocked by clk)
  Endpoint: out[1] (output port clocked by clk)
  Path Group: clk
  Path Type: max

  Point                                    Incr       Path
  ---------------------------------------------------------------
  clock clk (rise edge)                   0.000      0.000
  clock network delay (ideal)             0.000      0.000
  input external delay                    0.000      0.000 r
  inp[5] (in)                             0.000      0.000 r
  U1156/Y (NAND2X1)                    2167696.000
                                                  2167696.000 f
  U1160/Y (NAND2X1)                    615344.000 2783040.000 r
  U1161/Y (NAND2X1)                    2643536.000
                                                  5426576.000 f
  U1162/Y (NAND2X1)                    869824.000 6296400.000 r
  U1163/Y (NAND2X1)                    2771264.000
                                                  9067664.000 f
  U1239/Y (AND2X1)                     3040416.000
                                                  12108080.000 f
  U1240/Y (NOR2X1)                     1412448.000
                                                  13520528.000 r
  U590/Y (XNOR2X1)                     8133072.000
                                                  21653600.000 r
  U521/Y (XNOR2X1)                     8163184.000
                                                  29816784.000 r
  U522/Y (INVX1)                       1539928.000
                                                  31356712.000 f
  U1244/Y (NAND2X1)                    1081840.000
                                                  32438552.000 r
  U211/Y (INVX1)                       1508240.000
                                                  33946792.000 f
  U212/Y (INVX1)                       427144.000 34373936.000 r
  U1246/Y (NAND2X1)                    2296400.000
                                                  36670336.000 f
  U309/Y (AND2X1)                      3544336.000
                                                  40214672.000 f
  U310/Y (INVX1)                       6280.000   40220952.000 r
  U1247/Y (INVX1)                      938976.000 41159928.000 f
  U664/Y (XNOR2X1)                     8733112.000
                                                  49893040.000 f
  U665/Y (INVX1)                       -669168.000
                                                  49223872.000 r
  U330/Y (XNOR2X1)                     8144032.000
                                                  57367904.000 r
  U331/Y (INVX1)                       1518192.000
                                                  58886096.000 f
  U328/Y (INVX1)                       867568.000 59753664.000 r
  U329/Y (INVX1)                       822240.000 60575904.000 f
  U690/Y (XNOR2X1)                     8732648.000
                                                  69308552.000 f
  U691/Y (INVX1)                       -669200.000
                                                  68639352.000 r
  U368/Y (XNOR2X1)                     8160320.000
                                                  76799672.000 r
  U369/Y (INVX1)                       1516992.000
                                                  78316664.000 f
  U366/Y (INVX1)                       867560.000 79184224.000 r
  U367/Y (INVX1)                       822240.000 80006464.000 f
  U507/Y (XNOR2X1)                     8732656.000
                                                  88739120.000 f
  U508/Y (INVX1)                       -697840.000
                                                  88041280.000 r
  U763/Y (XNOR2X1)                     8144016.000
                                                  96185296.000 r
  U762/Y (INVX1)                       1461056.000
                                                  97646352.000 f
  U1282/Y (NAND2X1)                    673744.000 98320096.000 r
  U233/Y (AND2X1)                      2523456.000
                                                  100843552.000 r
  U234/Y (INVX1)                       1308688.000
                                                  102152240.000 f
  U1299/Y (OR2X1)                      3173440.000
                                                  105325680.000 f
  U1300/Y (NAND2X1)                    835840.000 106161520.000 r
  U261/Y (AND2X1)                      2342352.000
                                                  108503872.000 r
  U262/Y (INVX1)                       1308696.000
                                                  109812568.000 f
  U189/Y (XNOR2X1)                     8734184.000
                                                  118546752.000 f
  U190/Y (INVX1)                       -697768.000
                                                  117848984.000 r
  U622/Y (XNOR2X1)                     8144008.000
                                                  125992992.000 r
  U623/Y (INVX1)                       1458536.000
                                                  127451528.000 f
  U1323/Y (OR2X1)                      3173848.000
                                                  130625376.000 f
  U1324/Y (NAND2X1)                    846928.000 131472304.000 r
  U1513/Y (NAND2X1)                    2822656.000
                                                  134294960.000 f
  U1514/Y (NAND2X1)                    647168.000 134942128.000 r
  U1516/Y (NAND2X1)                    1483488.000
                                                  136425616.000 f
  U1517/Y (NAND2X1)                    886016.000 137311632.000 r
  U1518/Y (NAND2X1)                    2758224.000
                                                  140069856.000 f
  U1520/Y (NAND2X1)                    633104.000 140702960.000 r
  U1521/Y (NAND2X1)                    2612720.000
                                                  143315680.000 f
  U1522/Y (INVX1)                      -658864.000
                                                  142656816.000 r
  U688/Y (XNOR2X1)                     8160016.000
                                                  150816832.000 r
  U689/Y (INVX1)                       1522336.000
                                                  152339168.000 f
  U1541/Y (NAND2X1)                    673728.000 153012896.000 r
  U1542/Y (NAND2X1)                    2828464.000
                                                  155841360.000 f
  U1544/Y (NAND2X1)                    635904.000 156477264.000 r
  U1545/Y (NAND2X1)                    2828320.000
                                                  159305584.000 f
  U1547/Y (NAND2X1)                    1297552.000
                                                  160603136.000 r
  U1548/Y (INVX1)                      1434336.000
                                                  162037472.000 f
  U1549/Y (NAND2X1)                    1354656.000
                                                  163392128.000 r
  U1550/Y (INVX1)                      1370400.000
                                                  164762528.000 f
  out[1] (out)                            0.000   164762528.000 f
  data arrival time                               164762528.000

  clock clk (rise edge)                200000000.000
                                                  200000000.000
  clock network delay (ideal)             0.000   200000000.000
  clock reconvergence pessimism           0.000   200000000.000
  output external delay                   0.000   200000000.000
  data required time                              200000000.000
  ---------------------------------------------------------------
  data required time                              200000000.000
  data arrival time                               -164762528.000
  ---------------------------------------------------------------
  slack (MET)                                     35237472.000


1
