 
****************************************
Report : area
Design : top
Version: S-2021.06-SP2
Date   : Fri Dec 16 14:20:59 2022
****************************************

Library(s) Used:

    PPDK_Standard_Library_0.8V_25C_TYP_X1 (File: /home/akokkinis/synLibs/egfet/db/EGFET_0.8V.db)

Number of ports:                           36
Number of nets:                           746
Number of cells:                          720
Number of combinational cells:            720
Number of sequential cells:                 0
Number of macros/black boxes:               0
Number of buf/inv:                        214
Number of references:                       7

Combinational area:          246284303.000000
Buf/Inv area:                 48881880.000000
Noncombinational area:               0.000000
Macro/Black Box area:                0.000000
Net Interconnect area:      undefined  (No wire load specified)

Total cell area:             246284303.000000
Total area:                 undefined
1
