 
****************************************
Report : timing
        -path full
        -delay max
        -max_paths 1
Design : top
Version: S-2021.06-SP2
Date   : Fri Dec 16 14:20:59 2022
****************************************

Operating Conditions: TT   Library: PPDK_Standard_Library_0.8V_25C_TYP_X1
Wire Load Model Mode: top

  Startpoint: inp[29] (input port clocked by clk)
  Endpoint: out[0] (output port clocked by clk)
  Path Group: clk
  Path Type: max

  Point                                    Incr       Path
  -----------------------------------------------------------
  clock clk (rise edge)                   0.000      0.000
  clock network delay (ideal)             0.000      0.000
  input external delay                    0.000      0.000 f
  inp[29] (in)                            0.000      0.000 f
  U680/Y (AND2X1)                      2833320.000
                                                  2833320.000 f
  U681/Y (INVX1)                       -1154226.000
                                                  1679094.000 r
  U576/Y (AND2X1)                      2505946.500
                                                  4185040.500 r
  U577/Y (INVX1)                       852289.500 5037330.000 f
  U979/Y (OR2X1)                       2434647.000
                                                  7471977.000 f
  U652/Y (NAND2X1)                     1620462.000
                                                  9092439.000 r
  U724/Y (INVX1)                       1236479.000
                                                  10328918.000 f
  U628/Y (XNOR2X1)                     7361618.000
                                                  17690536.000 f
  U629/Y (INVX1)                       -1244111.000
                                                  16446425.000 r
  U624/Y (XNOR2X1)                     6763807.000
                                                  23210232.000 r
  U625/Y (INVX1)                       912582.000 24122814.000 f
  U1003/Y (OR2X1)                      2434666.000
                                                  26557480.000 f
  U1004/Y (NAND2X1)                    1626350.000
                                                  28183830.000 r
  U1005/Y (INVX1)                      1240488.000
                                                  29424318.000 f
  U1006/Y (NAND2X1)                    807232.000 30231550.000 r
  U1008/Y (NAND2X1)                    1228924.000
                                                  31460474.000 f
  U1009/Y (NAND2X1)                    1172230.000
                                                  32632704.000 r
  U1010/Y (NAND2X1)                    2146876.000
                                                  34779580.000 f
  U1013/Y (NAND2X1)                    1273940.000
                                                  36053520.000 r
  U1014/Y (INVX1)                      1244356.000
                                                  37297876.000 f
  U1020/Y (NAND2X1)                    807352.000 38105228.000 r
  U1021/Y (OR2X1)                      4947344.000
                                                  43052572.000 r
  U1022/Y (NAND2X1)                    1023680.000
                                                  44076252.000 f
  U1028/Y (NAND2X1)                    832548.000 44908800.000 r
  U742/Y (AND2X1)                      2771304.000
                                                  47680104.000 r
  U743/Y (INVX1)                       779428.000 48459532.000 f
  U1040/Y (NAND2X1)                    1627108.000
                                                  50086640.000 r
  U1050/Y (INVX1)                      1252624.000
                                                  51339264.000 f
  U616/Y (XNOR2X1)                     7361612.000
                                                  58700876.000 f
  U617/Y (INVX1)                       -1245364.000
                                                  57455512.000 r
  U618/Y (XNOR2X1)                     6763808.000
                                                  64219320.000 r
  U619/Y (INVX1)                       913188.000 65132508.000 f
  U696/Y (XNOR2X1)                     6852572.000
                                                  71985080.000 f
  U697/Y (INVX1)                       -1245320.000
                                                  70739760.000 r
  U1055/Y (NAND2X1)                    1361000.000
                                                  72100760.000 f
  U1056/Y (NAND2X1)                    1630544.000
                                                  73731304.000 r
  U718/Y (XNOR2X1)                     7182224.000
                                                  80913528.000 r
  U719/Y (INVX1)                       998112.000 81911640.000 f
  U513/Y (AND2X1)                      2299008.000
                                                  84210648.000 f
  U514/Y (INVX1)                       -1174688.000
                                                  83035960.000 r
  U1118/Y (AND2X1)                     2093120.000
                                                  85129080.000 r
  U1124/Y (NAND2X1)                    2458304.000
                                                  87587384.000 f
  U1125/Y (NOR2X1)                     1073792.000
                                                  88661176.000 r
  U1126/Y (NAND2X1)                    1039864.000
                                                  89701040.000 f
  U1127/Y (NAND2X1)                    1165664.000
                                                  90866704.000 r
  U777/Y (AND2X1)                      1970008.000
                                                  92836712.000 r
  U778/Y (INVX1)                       832112.000 93668824.000 f
  U1160/Y (NOR2X1)                     1064688.000
                                                  94733512.000 r
  U1161/Y (NAND2X1)                    1039840.000
                                                  95773352.000 f
  U1163/Y (NAND2X1)                    840616.000 96613968.000 r
  U1172/Y (OR2X1)                      5229816.000
                                                  101843784.000 r
  U1173/Y (NAND2X1)                    1715800.000
                                                  103559584.000 f
  U1174/Y (NAND2X1)                    1172232.000
                                                  104731816.000 r
  U1177/Y (OR2X1)                      5139848.000
                                                  109871664.000 r
  U1178/Y (NAND2X1)                    1715800.000
                                                  111587464.000 f
  U1179/Y (NAND2X1)                    1164968.000
                                                  112752432.000 r
  U1180/Y (NAND2X1)                    2162064.000
                                                  114914496.000 f
  U1181/Y (NOR2X1)                     1073272.000
                                                  115987768.000 r
  U1182/Y (NAND2X1)                    1037200.000
                                                  117024968.000 f
  U1183/Y (NAND2X1)                    1165624.000
                                                  118190592.000 r
  U765/Y (AND2X1)                      2825392.000
                                                  121015984.000 r
  U766/Y (INVX1)                       820840.000 121836824.000 f
  U1187/Y (NAND2X1)                    807504.000 122644328.000 r
  U1190/Y (NAND2X1)                    1052200.000
                                                  123696528.000 f
  U1200/Y (NAND2X1)                    836856.000 124533384.000 r
  U1204/Y (NAND2X1)                    1048584.000
                                                  125581968.000 f
  U1207/Y (NAND2X1)                    836336.000 126418304.000 r
  U1208/Y (NOR2X1)                     959600.000 127377904.000 f
  U1210/Y (NAND2X1)                    820336.000 128198240.000 r
  U1211/Y (NAND2X1)                    2162112.000
                                                  130360352.000 f
  U1212/Y (AND2X1)                     2054448.000
                                                  132414800.000 f
  U1213/Y (NAND2X1)                    1166224.000
                                                  133581024.000 r
  U1214/Y (NAND2X1)                    2134864.000
                                                  135715888.000 f
  U655/Y (NAND2X1)                     1268272.000
                                                  136984160.000 r
  U758/Y (INVX1)                       1239072.000
                                                  138223232.000 f
  U1216/Y (NOR2X1)                     1064624.000
                                                  139287856.000 r
  U1217/Y (NAND2X1)                    1987008.000
                                                  141274864.000 f
  U1224/Y (NAND2X1)                    824000.000 142098864.000 r
  out[0] (out)                            0.000   142098864.000 r
  data arrival time                               142098864.000

  clock clk (rise edge)                250000000.000
                                                  250000000.000
  clock network delay (ideal)             0.000   250000000.000
  output external delay                   0.000   250000000.000
  data required time                              250000000.000
  -----------------------------------------------------------
  data required time                              250000000.000
  data arrival time                               -142098864.000
  -----------------------------------------------------------
  slack (MET)                                     107901136.000


1
