 
****************************************
Report : timing
        -path full
        -delay max
        -max_paths 1
Design : top
Version: S-2021.06-SP2
Date   : Tue Nov 29 16:46:52 2022
****************************************

Operating Conditions: TT   Library: PPDK_Standard_Library_1.0V_25C_TYP_X1
Wire Load Model Mode: top

  Startpoint: inp[31] (input port clocked by clk)
  Endpoint: out[0] (output port clocked by clk)
  Path Group: clk
  Path Type: max

  Point                                    Incr       Path
  -----------------------------------------------------------
  clock clk (rise edge)                   0.000      0.000
  clock network delay (ideal)             0.000      0.000
  input external delay                    0.000      0.000 r
  inp[31] (in)                            0.000      0.000 r
  U632/Y (AND2X1)                      2207109.000
                                                  2207109.000 r
  U633/Y (INVX1)                       705439.500 2912548.500 f
  U582/Y (AND2X1)                      2034904.000
                                                  4947452.500 f
  U583/Y (INVX1)                       -343948.000
                                                  4603504.500 r
  U1097/Y (INVX1)                      652059.500 5255564.000 f
  U1098/Y (NAND2X1)                    918798.500 6174362.500 r
  U716/Y (AND2X1)                      2174376.500
                                                  8348739.000 r
  U717/Y (INVX1)                       716065.000 9064804.000 f
  U764/Y (AND2X1)                      2034900.000
                                                  11099704.000 f
  U765/Y (INVX1)                       -1187545.000
                                                  9912159.000 r
  U672/Y (AND2X1)                      2201993.000
                                                  12114152.000 r
  U673/Y (INVX1)                       712262.000 12826414.000 f
  U848/Y (AND2X1)                      2034874.000
                                                  14861288.000 f
  U849/Y (INVX1)                       -1362679.000
                                                  13498609.000 r
  U1102/Y (NAND2X1)                    1052580.000
                                                  14551189.000 f
  U1106/Y (XOR2X1)                     5383815.000
                                                  19935004.000 r
  U433/Y (AND2X1)                      1816568.000
                                                  21751572.000 r
  U434/Y (INVX1)                       707866.000 22459438.000 f
  U1107/Y (NAND2X1)                    1285772.000
                                                  23745210.000 r
  U922/Y (AND2X1)                      1830402.000
                                                  25575612.000 r
  U923/Y (INVX1)                       713366.000 26288978.000 f
  U1112/Y (NAND2X1)                    918814.000 27207792.000 r
  U1114/Y (NAND2X1)                    929304.000 28137096.000 f
  U1115/Y (INVX1)                      -560610.000
                                                  27576486.000 r
  U630/Y (AND2X1)                      2198930.000
                                                  29775416.000 r
  U631/Y (INVX1)                       708078.000 30483494.000 f
  U961/Y (AND2X1)                      2466584.000
                                                  32950078.000 f
  U971/Y (AND2X1)                      2054302.000
                                                  35004380.000 f
  U972/Y (INVX1)                       -1165944.000
                                                  33838436.000 r
  U1118/Y (NAND2X1)                    1053316.000
                                                  34891752.000 f
  U1121/Y (XOR2X1)                     5244380.000
                                                  40136132.000 r
  U1125/Y (OR2X1)                      2326328.000
                                                  42462460.000 r
  U1126/Y (NAND2X1)                    805244.000 43267704.000 f
  U740/Y (AND2X1)                      2441924.000
                                                  45709628.000 f
  U741/Y (INVX1)                       -1279056.000
                                                  44430572.000 r
  U1132/Y (OR2X1)                      1641600.000
                                                  46072172.000 r
  U786/Y (AND2X1)                      2196640.000
                                                  48268812.000 r
  U787/Y (INVX1)                       708596.000 48977408.000 f
  U888/Y (XNOR2X1)                     6583424.000
                                                  55560832.000 f
  U512/Y (AND2X1)                      2428440.000
                                                  57989272.000 f
  U513/Y (INVX1)                       -1378820.000
                                                  56610452.000 r
  U614/Y (AND2X1)                      1881956.000
                                                  58492408.000 r
  U615/Y (INVX1)                       708076.000 59200484.000 f
  U519/Y (AND2X1)                      1871364.000
                                                  61071848.000 f
  U1211/Y (NAND2X1)                    864224.000 61936072.000 r
  U602/Y (AND2X1)                      1818736.000
                                                  63754808.000 r
  U603/Y (INVX1)                       732788.000 64487596.000 f
  U778/Y (AND2X1)                      2456208.000
                                                  66943804.000 f
  U779/Y (INVX1)                       -1199368.000
                                                  65744436.000 r
  U500/Y (AND2X1)                      1881844.000
                                                  67626280.000 r
  U501/Y (INVX1)                       715624.000 68341904.000 f
  U1220/Y (NAND2X1)                    918856.000 69260760.000 r
  U874/Y (AND2X1)                      1818736.000
                                                  71079496.000 r
  U875/Y (INVX1)                       708528.000 71788024.000 f
  U1222/Y (NAND2X1)                    918800.000 72706824.000 r
  U774/Y (AND2X1)                      1818680.000
                                                  74525504.000 r
  U775/Y (INVX1)                       715624.000 75241128.000 f
  U967/Y (AND2X1)                      2039304.000
                                                  77280432.000 f
  U818/Y (AND2X1)                      2426320.000
                                                  79706752.000 f
  U819/Y (INVX1)                       -1392496.000
                                                  78314256.000 r
  U944/Y (AND2X1)                      1889120.000
                                                  80203376.000 r
  U945/Y (INVX1)                       721464.000 80924840.000 f
  U1225/Y (NAND2X1)                    1285728.000
                                                  82210568.000 r
  U580/Y (AND2X1)                      1818760.000
                                                  84029328.000 r
  U581/Y (INVX1)                       725704.000 84755032.000 f
  U1227/Y (INVX1)                      440472.000 85195504.000 r
  U1229/Y (NAND2X1)                    801288.000 85996792.000 f
  U484/Y (AND2X1)                      2441912.000
                                                  88438704.000 f
  U485/Y (INVX1)                       -1291736.000
                                                  87146968.000 r
  U748/Y (AND2X1)                      2199104.000
                                                  89346072.000 r
  U749/Y (INVX1)                       707576.000 90053648.000 f
  U784/Y (AND2X1)                      2034872.000
                                                  92088520.000 f
  U785/Y (INVX1)                       -1291520.000
                                                  90797000.000 r
  U520/Y (AND2X1)                      2213696.000
                                                  93010696.000 r
  U977/Y (INVX1)                       731808.000 93742504.000 f
  U1236/Y (NAND2X1)                    1286136.000
                                                  95028640.000 r
  U684/Y (AND2X1)                      2174536.000
                                                  97203176.000 r
  U685/Y (INVX1)                       715576.000 97918752.000 f
  U664/Y (NAND2X1)                     1285616.000
                                                  99204368.000 r
  U474/Y (AND2X1)                      2174584.000
                                                  101378952.000 r
  U475/Y (INVX1)                       715560.000 102094512.000 f
  U594/Y (AND2X1)                      2034872.000
                                                  104129384.000 f
  U595/Y (INVX1)                       -1279120.000
                                                  102850264.000 r
  U760/Y (AND2X1)                      1881400.000
                                                  104731664.000 r
  U761/Y (INVX1)                       715568.000 105447232.000 f
  U736/Y (AND2X1)                      2034872.000
                                                  107482104.000 f
  U737/Y (INVX1)                       -1278784.000
                                                  106203320.000 r
  U776/Y (AND2X1)                      2198912.000
                                                  108402232.000 r
  U777/Y (INVX1)                       707640.000 109109872.000 f
  U780/Y (AND2X1)                      2034872.000
                                                  111144744.000 f
  U781/Y (INVX1)                       -1291840.000
                                                  109852904.000 r
  U798/Y (AND2X1)                      1881904.000
                                                  111734808.000 r
  U799/Y (INVX1)                       708320.000 112443128.000 f
  U1245/Y (NAND2X1)                    1291616.000
                                                  113734744.000 r
  U802/Y (AND2X1)                      2174416.000
                                                  115909160.000 r
  U803/Y (INVX1)                       715616.000 116624776.000 f
  U742/Y (AND2X1)                      2034872.000
                                                  118659648.000 f
  U743/Y (INVX1)                       -1291504.000
                                                  117368144.000 r
  U454/Y (AND2X1)                      1881904.000
                                                  119250048.000 r
  U455/Y (INVX1)                       707816.000 119957864.000 f
  U531/Y (AND2X1)                      2034904.000
                                                  121992768.000 f
  U532/Y (INVX1)                       -1175704.000
                                                  120817064.000 r
  U692/Y (AND2X1)                      2198888.000
                                                  123015952.000 r
  U693/Y (INVX1)                       707648.000 123723600.000 f
  U752/Y (AND2X1)                      2034872.000
                                                  125758472.000 f
  U753/Y (INVX1)                       -1291488.000
                                                  124466984.000 r
  U1252/Y (NAND2X1)                    1047752.000
                                                  125514736.000 f
  out[0] (out)                            0.000   125514736.000 f
  data arrival time                               125514736.000

  clock clk (rise edge)                250000000.000
                                                  250000000.000
  clock network delay (ideal)             0.000   250000000.000
  output external delay                   0.000   250000000.000
  data required time                              250000000.000
  -----------------------------------------------------------
  data required time                              250000000.000
  data arrival time                               -125514736.000
  -----------------------------------------------------------
  slack (MET)                                     124485264.000


1
