****************************************
Report : timing
	-path_type full
	-delay_type max
	-max_paths 1
	-sort_by slack
Design : top
Version: S-2021.06-SP1
Date   : Thu Dec 15 09:57:18 2022
****************************************


  Startpoint: inp[8] (input port clocked by clk)
  Endpoint: out[0] (output port clocked by clk)
  Path Group: clk
  Path Type: max

  Point                                    Incr       Path
  ---------------------------------------------------------------
  clock clk (rise edge)                   0.000      0.000
  clock network delay (ideal)             0.000      0.000
  input external delay                    0.000      0.000 f
  inp[8] (in)                             0.000      0.000 f
  U730/Y (INVX1)                       595488.000 595488.000 r
  U894/Y (NAND2X1)                     1057280.000
                                                  1652768.000 f
  U895/Y (XOR2X1)                      5943152.000
                                                  7595920.000 r
  U898/Y (NAND2X1)                     875776.000 8471696.000 f
  U899/Y (NAND2X1)                     1381344.000
                                                  9853040.000 r
  U900/Y (NAND2X1)                     1234288.000
                                                  11087328.000 f
  U901/Y (NAND2X1)                     1399824.000
                                                  12487152.000 r
  U1044/Y (NAND2X1)                    1234832.000
                                                  13721984.000 f
  U1046/Y (INVX1)                      -562896.000
                                                  13159088.000 r
  U1047/Y (NAND2X1)                    800816.000 13959904.000 f
  U1048/Y (NAND2X1)                    1385696.000
                                                  15345600.000 r
  U1049/Y (OR2X1)                      2548928.000
                                                  17894528.000 r
  U112/Y (AND2X1)                      1885280.000
                                                  19779808.000 r
  U113/Y (INVX1)                       707856.000 20487664.000 f
  U1050/Y (XOR2X1)                     5584160.000
                                                  26071824.000 r
  U1051/Y (OR2X1)                      2304672.000
                                                  28376496.000 r
  U182/Y (AND2X1)                      2196640.000
                                                  30573136.000 r
  U183/Y (INVX1)                       708384.000 31281520.000 f
  U1053/Y (NAND2X1)                    1291616.000
                                                  32573136.000 r
  U1054/Y (OR2X1)                      2330256.000
                                                  34903392.000 r
  U1056/Y (NAND2X1)                    801392.000 35704784.000 f
  U571/Y (XNOR2X1)                     5988128.000
                                                  41692912.000 f
  U210/Y (AND2X1)                      2427312.000
                                                  44120224.000 f
  U211/Y (INVX1)                       -1386192.000
                                                  42734032.000 r
  U478/Y (AND2X1)                      1881968.000
                                                  44616000.000 r
  U479/Y (INVX1)                       715632.000 45331632.000 f
  U1139/Y (NAND2X1)                    1362944.000
                                                  46694576.000 r
  U1147/Y (INVX1)                      1216864.000
                                                  47911440.000 f
  U1148/Y (NAND2X1)                    925136.000 48836576.000 r
  U1149/Y (NAND2X1)                    1156864.000
                                                  49993440.000 f
  U1151/Y (NAND2X1)                    879392.000 50872832.000 r
  U1152/Y (NAND2X1)                    864544.000 51737376.000 f
  U1156/Y (NOR2X1)                     1634864.000
                                                  53372240.000 r
  U1157/Y (INVX1)                      1004160.000
                                                  54376400.000 f
  U1163/Y (NAND2X1)                    1284624.000
                                                  55661024.000 r
  U1164/Y (AND2X1)                     2571168.000
                                                  58232192.000 r
  U1168/Y (NAND2X1)                    929424.000 59161616.000 f
  U615/Y (INVX1)                       226384.000 59388000.000 r
  U616/Y (INVX1)                       647912.000 60035912.000 f
  U1402/Y (NAND2X1)                    1286800.000
                                                  61322712.000 r
  U516/Y (AND2X1)                      1888104.000
                                                  63210816.000 r
  U608/Y (INVX1)                       736912.000 63947728.000 f
  U1552/Y (XOR2X1)                     5301280.000
                                                  69249008.000 r
  U1553/Y (INVX1)                      1237424.000
                                                  70486432.000 f
  U1574/Y (NAND2X1)                    919376.000 71405808.000 r
  U1575/Y (AND2X1)                     2779632.000
                                                  74185440.000 r
  U1586/Y (NAND2X1)                    842760.000 75028200.000 f
  U1591/Y (OR2X1)                      2095392.000
                                                  77123592.000 f
  U382/Y (AND2X1)                      2434944.000
                                                  79558536.000 f
  U383/Y (INVX1)                       -1336800.000
                                                  78221736.000 r
  U1592/Y (AND2X1)                     1978296.000
                                                  80200032.000 r
  U1593/Y (NAND2X1)                    1230808.000
                                                  81430840.000 f
  U1594/Y (AND2X1)                     1853960.000
                                                  83284800.000 f
  U1597/Y (NAND2X1)                    870400.000 84155200.000 r
  U1607/Y (NAND2X1)                    849504.000 85004704.000 f
  U1608/Y (XOR2X1)                     5351376.000
                                                  90356080.000 r
  U1613/Y (NAND2X1)                    876936.000 91233016.000 f
  U1614/Y (NAND2X1)                    1380552.000
                                                  92613568.000 r
  U1615/Y (NAND2X1)                    1234264.000
                                                  93847832.000 f
  U1616/Y (NAND2X1)                    1399832.000
                                                  95247664.000 r
  U1621/Y (NAND2X1)                    866912.000 96114576.000 f
  U1632/Y (OR2X1)                      2095480.000
                                                  98210056.000 f
  U1633/Y (AND2X1)                     2241824.000
                                                  100451880.000 f
  U1634/Y (NAND2X1)                    874056.000 101325936.000 r
  U1635/Y (NAND2X1)                    1230648.000
                                                  102556584.000 f
  U1640/Y (NAND2X1)                    1399536.000
                                                  103956120.000 r
  U488/Y (AND2X1)                      1795392.000
                                                  105751512.000 r
  U489/Y (INVX1)                       715904.000 106467416.000 f
  U1642/Y (NAND2X1)                    1362952.000
                                                  107830368.000 r
  U1643/Y (INVX1)                      1116416.000
                                                  108946784.000 f
  U1647/Y (NAND2X1)                    924984.000 109871768.000 r
  U494/Y (AND2X1)                      1795400.000
                                                  111667168.000 r
  U495/Y (INVX1)                       715896.000 112383064.000 f
  U1797/Y (NAND2X1)                    1362952.000
                                                  113746016.000 r
  U1800/Y (INVX1)                      1096008.000
                                                  114842024.000 f
  U1801/Y (NAND2X1)                    1290272.000
                                                  116132296.000 r
  U1802/Y (NAND2X1)                    1126600.000
                                                  117258896.000 f
  U1803/Y (NAND2X1)                    1399352.000
                                                  118658248.000 r
  U1805/Y (OR2X1)                      2580624.000
                                                  121238872.000 r
  U174/Y (AND2X1)                      2199584.000
                                                  123438456.000 r
  U175/Y (INVX1)                       707416.000 124145872.000 f
  U1806/Y (AND2X1)                     2241088.000
                                                  126386960.000 f
  U1808/Y (NAND2X1)                    1333760.000
                                                  127720720.000 r
  U1811/Y (NAND2X1)                    865712.000 128586432.000 f
  U1814/Y (NAND2X1)                    1380824.000
                                                  129967256.000 r
  U1816/Y (NAND2X1)                    1151104.000
                                                  131118360.000 f
  U1817/Y (NOR2X1)                     1196584.000
                                                  132314944.000 r
  U1823/Y (NAND2X1)                    834544.000 133149488.000 f
  U367/Y (AND2X1)                      2045520.000
                                                  135195008.000 f
  U335/Y (INVX1)                       -242032.000
                                                  134952976.000 r
  U1825/Y (INVX1)                      669344.000 135622320.000 f
  U1854/Y (NOR2X1)                     1161616.000
                                                  136783936.000 r
  U406/Y (AND2X1)                      1836944.000
                                                  138620880.000 r
  U407/Y (INVX1)                       707776.000 139328656.000 f
  U1855/Y (NAND2X1)                    1285632.000
                                                  140614288.000 r
  U1859/Y (NAND2X1)                    848304.000 141462592.000 f
  U1860/Y (NAND2X1)                    1399408.000
                                                  142862000.000 r
  U1865/Y (NAND2X1)                    866752.000 143728752.000 f
  U1866/Y (NAND2X1)                    885232.000 144613984.000 r
  U1873/Y (OR2X1)                      2340000.000
                                                  146953984.000 r
  U162/Y (AND2X1)                      2199664.000
                                                  149153648.000 r
  U163/Y (INVX1)                       707616.000 149861264.000 f
  U1877/Y (OR2X1)                      2115280.000
                                                  151976544.000 f
  U462/Y (AND2X1)                      2048480.000
                                                  154025024.000 f
  U463/Y (INVX1)                       -1450192.000
                                                  152574832.000 r
  U1881/Y (NAND2X1)                    1049808.000
                                                  153624640.000 f
  U1882/Y (NAND2X1)                    1380352.000
                                                  155004992.000 r
  U1885/Y (NAND2X1)                    864544.000 155869536.000 f
  U1889/Y (OR2X1)                      2095392.000
                                                  157964928.000 f
  U480/Y (AND2X1)                      2048160.000
                                                  160013088.000 f
  U481/Y (INVX1)                       -1450816.000
                                                  158562272.000 r
  U1892/Y (AND2X1)                     1327024.000
                                                  159889296.000 r
  U410/Y (AND2X1)                      2191152.000
                                                  162080448.000 r
  U411/Y (INVX1)                       710160.000 162790608.000 f
  U1893/Y (NAND2X1)                    918864.000 163709472.000 r
  U1894/Y (NAND2X1)                    1151408.000
                                                  164860880.000 f
  U1899/Y (NAND2X1)                    885488.000 165746368.000 r
  U1900/Y (OR2X1)                      2594864.000
                                                  168341232.000 r
  U464/Y (AND2X1)                      1885952.000
                                                  170227184.000 r
  U465/Y (INVX1)                       715472.000 170942656.000 f
  U1904/Y (NAND2X1)                    924560.000 171867216.000 r
  U1905/Y (OR2X1)                      2607072.000
                                                  174474288.000 r
  U456/Y (AND2X1)                      1885952.000
                                                  176360240.000 r
  U457/Y (INVX1)                       715792.000 177076032.000 f
  U1907/Y (NAND2X1)                    1291584.000
                                                  178367616.000 r
  U1911/Y (OR2X1)                      2340032.000
                                                  180707648.000 r
  U442/Y (AND2X1)                      1883552.000
                                                  182591200.000 r
  U443/Y (INVX1)                       715456.000 183306656.000 f
  U1915/Y (NAND2X1)                    1291568.000
                                                  184598224.000 r
  U1918/Y (OR2X1)                      2339984.000
                                                  186938208.000 r
  U1925/Y (NAND2X1)                    799296.000 187737504.000 f
  U1926/Y (NAND2X1)                    879600.000 188617104.000 r
  U1929/Y (NAND2X1)                    849344.000 189466448.000 f
  U1930/Y (NOR2X1)                     1194992.000
                                                  190661440.000 r
  U1931/Y (NOR2X1)                     101760.000 190763200.000 f
  U1932/Y (NAND2X1)                    885408.000 191648608.000 r
  U1934/Y (NAND2X1)                    848288.000 192496896.000 f
  U1935/Y (NOR2X1)                     1191248.000
                                                  193688144.000 r
  out[0] (out)                            0.000   193688144.000 r
  data arrival time                               193688144.000

  clock clk (rise edge)                200000000.000
                                                  200000000.000
  clock network delay (ideal)             0.000   200000000.000
  clock reconvergence pessimism           0.000   200000000.000
  output external delay                   0.000   200000000.000
  data required time                              200000000.000
  ---------------------------------------------------------------
  data required time                              200000000.000
  data arrival time                               -193688144.000
  ---------------------------------------------------------------
  slack (MET)                                     6311856.000


1
