****************************************
Report : timing
	-path_type full
	-delay_type max
	-max_paths 1
	-sort_by slack
Design : top
Version: S-2021.06-SP1
Date   : Fri Dec 16 11:08:13 2022
****************************************


  Startpoint: inp[13] (input port clocked by clk)
  Endpoint: out[0] (output port clocked by clk)
  Path Group: clk
  Path Type: max

  Point                                    Incr       Path
  ---------------------------------------------------------------
  clock clk (rise edge)                   0.000      0.000
  clock network delay (ideal)             0.000      0.000
  input external delay                    0.000      0.000 f
  inp[13] (in)                            0.000      0.000 f
  U852/Y (INVX1)                       614760.000 614760.000 r
  U1217/Y (NAND2X1)                    1054824.000
                                                  1669584.000 f
  U1218/Y (NAND2X1)                    1752632.000
                                                  3422216.000 r
  U1219/Y (INVX1)                      1115736.000
                                                  4537952.000 f
  U1220/Y (NAND2X1)                    1290200.000
                                                  5828152.000 r
  U1221/Y (NAND2X1)                    1230496.000
                                                  7058648.000 f
  U1237/Y (NAND2X1)                    1399520.000
                                                  8458168.000 r
  U284/Y (AND2X1)                      2165464.000
                                                  10623632.000 r
  U285/Y (INVX1)                       718528.000 11342160.000 f
  U372/Y (AND2X1)                      2458080.000
                                                  13800240.000 f
  U373/Y (INVX1)                       -1175000.000
                                                  12625240.000 r
  U360/Y (AND2X1)                      2198880.000
                                                  14824120.000 r
  U361/Y (INVX1)                       707872.000 15531992.000 f
  U1322/Y (NAND2X1)                    1291600.000
                                                  16823592.000 r
  U1323/Y (XOR2X1)                     4768400.000
                                                  21591992.000 f
  U1351/Y (NAND2X1)                    1750424.000
                                                  23342416.000 r
  U754/Y (INVX1)                       898384.000 24240800.000 f
  U755/Y (INVX1)                       446424.000 24687224.000 r
  U1352/Y (NAND2X1)                    1053896.000
                                                  25741120.000 f
  U1355/Y (XOR2X1)                     5344968.000
                                                  31086088.000 r
  U1356/Y (NAND2X1)                    1236464.000
                                                  32322552.000 f
  U495/Y (INVX1)                       221424.000 32543976.000 r
  U496/Y (INVX1)                       646456.000 33190432.000 f
  U1359/Y (NAND2X1)                    924272.000 34114704.000 r
  U469/Y (XNOR2X1)                     5382480.000
                                                  39497184.000 r
  U470/Y (INVX1)                       989992.000 40487176.000 f
  U1411/Y (OR2X1)                      2115440.000
                                                  42602616.000 f
  U1412/Y (NAND2X1)                    1752536.000
                                                  44355152.000 r
  U1427/Y (NAND2X1)                    863056.000 45218208.000 f
  U1428/Y (NAND2X1)                    1380640.000
                                                  46598848.000 r
  U1429/Y (NAND2X1)                    1152136.000
                                                  47750984.000 f
  U1433/Y (OR2X1)                      2090984.000
                                                  49841968.000 f
  U598/Y (AND2X1)                      2435032.000
                                                  52277000.000 f
  U599/Y (INVX1)                       -1336248.000
                                                  50940752.000 r
  U1435/Y (NAND2X1)                    927128.000 51867880.000 f
  U491/Y (INVX1)                       223248.000 52091128.000 r
  U492/Y (INVX1)                       646936.000 52738064.000 f
  U1437/Y (NAND2X1)                    918632.000 53656696.000 r
  U684/Y (AND2X1)                      1818648.000
                                                  55475344.000 r
  U685/Y (INVX1)                       715896.000 56191240.000 f
  U1484/Y (NAND2X1)                    1357296.000
                                                  57548536.000 r
  U509/Y (INVX1)                       1079384.000
                                                  58627920.000 f
  U510/Y (INVX1)                       457584.000 59085504.000 r
  U1517/Y (XOR2X1)                     4514520.000
                                                  63600024.000 f
  U1518/Y (XOR2X1)                     5062616.000
                                                  68662640.000 r
  U1520/Y (NAND2X1)                    849648.000 69512288.000 f
  U522/Y (NOR2X1)                      1628928.000
                                                  71141216.000 r
  U485/Y (INVX1)                       1011024.000
                                                  72152240.000 f
  U486/Y (INVX1)                       458672.000 72610912.000 r
  U550/Y (AND2X1)                      2198112.000
                                                  74809024.000 r
  U551/Y (INVX1)                       707896.000 75516920.000 f
  U1837/Y (NOR2X1)                     1157528.000
                                                  76674448.000 r
  U848/Y (OR2X1)                       1622928.000
                                                  78297376.000 r
  U1839/Y (XOR2X1)                     4375088.000
                                                  82672464.000 f
  U1870/Y (XOR2X1)                     5742960.000
                                                  88415424.000 r
  U1874/Y (OR2X1)                      2290856.000
                                                  90706280.000 r
  U1875/Y (NAND2X1)                    800016.000 91506296.000 f
  U1876/Y (NAND2X1)                    1385464.000
                                                  92891760.000 r
  U1877/Y (OR2X1)                      2548352.000
                                                  95440112.000 r
  U628/Y (AND2X1)                      2196704.000
                                                  97636816.000 r
  U629/Y (INVX1)                       708352.000 98345168.000 f
  U1879/Y (NAND2X1)                    1291616.000
                                                  99636784.000 r
  U1882/Y (OR2X1)                      2330208.000
                                                  101966992.000 r
  U588/Y (AND2X1)                      2199504.000
                                                  104166496.000 r
  U589/Y (INVX1)                       707672.000 104874168.000 f
  U1885/Y (OR2X1)                      2117888.000
                                                  106992056.000 f
  U1944/Y (AND2X1)                     1853496.000
                                                  108845552.000 f
  U531/Y (XNOR2X1)                     5980760.000
                                                  114826312.000 f
  U532/Y (INVX1)                       -1281896.000
                                                  113544416.000 r
  U642/Y (AND2X1)                      2198712.000
                                                  115743128.000 r
  U643/Y (INVX1)                       707704.000 116450832.000 f
  U1950/Y (NAND2X1)                    1291600.000
                                                  117742432.000 r
  U1953/Y (OR2X1)                      2340048.000
                                                  120082480.000 r
  U616/Y (AND2X1)                      2199712.000
                                                  122282192.000 r
  U617/Y (INVX1)                       707376.000 122989568.000 f
  U1958/Y (NAND2X1)                    918864.000 123908432.000 r
  U1959/Y (NAND2X1)                    1126384.000
                                                  125034816.000 f
  U1961/Y (NAND2X1)                    1342768.000
                                                  126377584.000 r
  U1962/Y (INVX1)                      1069480.000
                                                  127447064.000 f
  U1963/Y (NAND2X1)                    1284400.000
                                                  128731464.000 r
  U1964/Y (NAND2X1)                    1126072.000
                                                  129857536.000 f
  U1999/Y (NAND2X1)                    881224.000 130738760.000 r
  U2000/Y (NAND2X1)                    1125080.000
                                                  131863840.000 f
  out[0] (out)                            0.000   131863840.000 f
  data arrival time                               131863840.000

  clock clk (rise edge)                200000000.000
                                                  200000000.000
  clock network delay (ideal)             0.000   200000000.000
  clock reconvergence pessimism           0.000   200000000.000
  output external delay                   0.000   200000000.000
  data required time                              200000000.000
  ---------------------------------------------------------------
  data required time                              200000000.000
  data arrival time                               -131863840.000
  ---------------------------------------------------------------
  slack (MET)                                     68136160.000


1
