Information: Updating design information... (UID-85)
 
****************************************
Report : qor
Design : top
Version: S-2021.06-SP2
Date   : Sun Dec 18 18:36:49 2022
****************************************


  Timing Path Group 'clk'
  -----------------------------------
  Levels of Logic:              35.00
  Critical Path Length:   71773888.00
  Critical Path Slack:   128226112.00
  Critical Path Clk Period:
                         200000000.00
  Total Negative Slack:          0.00
  No. of Violating Paths:        0.00
  Worst Hold Violation:          0.00
  Total Hold Violation:          0.00
  No. of Hold Violations:        0.00
  -----------------------------------


  Cell Count
  -----------------------------------
  Hierarchical Cell Count:          0
  Hierarchical Port Count:          0
  Leaf Cell Count:                240
  Buf/Inv Cell Count:              83
  Buf Cell Count:                   0
  Inv Cell Count:                  83
  CT Buf/Inv Cell Count:            0
  Combinational Cell Count:       240
  Sequential Cell Count:            0
  Macro Count:                      0
  -----------------------------------


  Area
  -----------------------------------
  Combinational Area: 84312614.000000
  Noncombinational Area:     0.000000
  Buf/Inv Area:       18958860.000000
  Total Buffer Area:             0.00
  Total Inverter Area:    18958860.00
  Macro/Black Box Area:      0.000000
  Net Area:                  0.000000
  -----------------------------------
  Cell Area:          84312614.000000
  Design Area:        84312614.000000


  Design Rules
  -----------------------------------
  Total Number of Nets:           269
  Nets With Violations:           240
  Max Trans Violations:           240
  Max Cap Violations:               0
  -----------------------------------


  Hostname: leoforos

  Compile CPU Statistics
  -----------------------------------------
  Resource Sharing:                    0.44
  Logic Optimization:                  0.04
  Mapping Optimization:                0.63
  -----------------------------------------
  Overall Compile Time:                2.47
  Overall Compile Wall Clock Time:     2.82

  --------------------------------------------------------------------

  Design  WNS: 0.00  TNS: 0.00  Number of Violating Paths: 0


  Design (Hold)  WNS: 0.00  TNS: 0.00  Number of Violating Paths: 0

  --------------------------------------------------------------------


1
