 
****************************************
Report : timing
        -path full
        -delay max
        -max_paths 1
Design : top
Version: S-2021.06-SP2
Date   : Fri Dec 16 13:14:09 2022
****************************************

Operating Conditions: TT   Library: PPDK_Standard_Library_0.8V_25C_TYP_X1
Wire Load Model Mode: top

  Startpoint: inp[53] (input port clocked by clk)
  Endpoint: out[0] (output port clocked by clk)
  Path Group: clk
  Path Type: max

  Point                                    Incr       Path
  -----------------------------------------------------------
  clock clk (rise edge)                   0.000      0.000
  clock network delay (ideal)             0.000      0.000
  input external delay                    0.000      0.000 f
  inp[53] (in)                            0.000      0.000 f
  U1683/Y (INVX1)                      620953.875 620953.875 r
  U1098/Y (NAND2X1)                    1621877.125
                                                  2242831.000 f
  U1100/Y (NAND2X1)                    1270885.500
                                                  3513716.500 r
  U1101/Y (INVX1)                      1244779.500
                                                  4758496.000 f
  U2877/Y (XOR2X1)                     3446808.000
                                                  8205304.000 f
  U758/Y (NAND2X1)                     1287222.000
                                                  9492526.000 r
  U759/Y (INVX1)                       1242878.000
                                                  10735404.000 f
  U2878/Y (OR2X1)                      2437965.000
                                                  13173369.000 f
  U2883/Y (XOR2X1)                     6382079.000
                                                  19555448.000 r
  U2884/Y (NAND2X1)                    1239368.000
                                                  20794816.000 f
  U2885/Y (INVX1)                      -635302.000
                                                  20159514.000 r
  U2886/Y (OR2X1)                      1819424.000
                                                  21978938.000 r
  U631/Y (XNOR2X1)                     6873442.000
                                                  28852380.000 r
  U632/Y (INVX1)                       1048148.000
                                                  29900528.000 f
  U3058/Y (NAND2X1)                    1255142.000
                                                  31155670.000 r
  U3059/Y (INVX1)                      1242896.000
                                                  32398566.000 f
  U3060/Y (OR2X1)                      2437966.000
                                                  34836532.000 f
  U748/Y (XNOR2X1)                     6974652.000
                                                  41811184.000 f
  U693/Y (NOR2X1)                      1081764.000
                                                  42892948.000 r
  U3217/Y (OR2X1)                      3441800.000
                                                  46334748.000 r
  U814/Y (XNOR2X1)                     6763808.000
                                                  53098556.000 r
  U815/Y (INVX1)                       1043836.000
                                                  54142392.000 f
  U818/Y (XNOR2X1)                     4667652.000
                                                  58810044.000 r
  U819/Y (INVX1)                       1047680.000
                                                  59857724.000 f
  U587/Y (OR2X1)                       2434696.000
                                                  62292420.000 f
  U3240/Y (NAND2X1)                    1167112.000
                                                  63459532.000 r
  U3241/Y (NAND2X1)                    1461552.000
                                                  64921084.000 f
  U3248/Y (NAND2X1)                    840428.000 65761512.000 r
  U3249/Y (NAND2X1)                    2124312.000
                                                  67885824.000 f
  U3251/Y (XNOR2X1)                    6769512.000
                                                  74655336.000 f
  U3252/Y (NAND2X1)                    1191768.000
                                                  75847104.000 r
  U545/Y (NAND2X1)                     1428136.000
                                                  77275240.000 f
  U501/Y (INVX1)                       190560.000 77465800.000 r
  U502/Y (INVX1)                       811904.000 78277704.000 f
  U256/Y (XOR2X1)                      5600296.000
                                                  83878000.000 r
  U257/Y (INVX1)                       1344480.000
                                                  85222480.000 f
  U1037/Y (XNOR2X1)                    7367760.000
                                                  92590240.000 f
  U1038/Y (INVX1)                      -1207192.000
                                                  91383048.000 r
  U3522/Y (XOR2X1)                     5333792.000
                                                  96716840.000 f
  U548/Y (XOR2X1)                      4542320.000
                                                  101259160.000 r
  U3539/Y (OR2X1)                      7159816.000
                                                  108418976.000 r
  U3540/Y (NAND2X1)                    1004968.000
                                                  109423944.000 f
  U524/Y (NAND2X1)                     1183088.000
                                                  110607032.000 r
  U3561/Y (OR2X1)                      5234768.000
                                                  115841800.000 r
  U3562/Y (NAND2X1)                    1494864.000
                                                  117336664.000 f
  U3563/Y (NAND2X1)                    1182480.000
                                                  118519144.000 r
  U3585/Y (OR2X1)                      5273784.000
                                                  123792928.000 r
  U3586/Y (NAND2X1)                    1494856.000
                                                  125287784.000 f
  U3587/Y (NAND2X1)                    1182488.000
                                                  126470272.000 r
  U3606/Y (OR2X1)                      5273408.000
                                                  131743680.000 r
  U3607/Y (NAND2X1)                    1494864.000
                                                  133238544.000 f
  U3608/Y (NAND2X1)                    1182480.000
                                                  134421024.000 r
  U3621/Y (OR2X1)                      5273744.000
                                                  139694768.000 r
  U3622/Y (NAND2X1)                    1361008.000
                                                  141055776.000 f
  U3623/Y (AND2X1)                     2832800.000
                                                  143888576.000 f
  U3624/Y (INVX1)                      -1272800.000
                                                  142615776.000 r
  U3636/Y (XOR2X1)                     2443968.000
                                                  145059744.000 r
  U1070/Y (OR2X1)                      5507264.000
                                                  150567008.000 r
  U3700/Y (NAND2X1)                    1024592.000
                                                  151591600.000 f
  U3702/Y (NAND2X1)                    832688.000 152424288.000 r
  U3703/Y (NAND2X1)                    2147488.000
                                                  154571776.000 f
  U3705/Y (NAND2X1)                    1318528.000
                                                  155890304.000 r
  U1046/Y (INVX1)                      1282416.000
                                                  157172720.000 f
  U3952/Y (NAND2X1)                    1255264.000
                                                  158427984.000 r
  U3953/Y (INVX1)                      1242944.000
                                                  159670928.000 f
  U3954/Y (NOR2X1)                     1542064.000
                                                  161212992.000 r
  U3955/Y (NAND2X1)                    2357344.000
                                                  163570336.000 f
  U3956/Y (NAND2X1)                    1165872.000
                                                  164736208.000 r
  U1091/Y (NAND2X1)                    1048976.000
                                                  165785184.000 f
  U3959/Y (NAND2X1)                    1165856.000
                                                  166951040.000 r
  U3962/Y (NAND2X1)                    1048992.000
                                                  168000032.000 f
  U3971/Y (NAND2X1)                    836368.000 168836400.000 r
  U3974/Y (NAND2X1)                    1048608.000
                                                  169885008.000 f
  U3992/Y (NAND2X1)                    836304.000 170721312.000 r
  U3997/Y (AND2X1)                     -799968.000
                                                  169921344.000 r
  U4000/Y (NAND2X1)                    1072400.000
                                                  170993744.000 f
  U4009/Y (NAND2X1)                    839904.000 171833648.000 r
  U4012/Y (NAND2X1)                    1048608.000
                                                  172882256.000 f
  U4013/Y (NAND2X1)                    1165856.000
                                                  174048112.000 r
  U4016/Y (NAND2X1)                    1048992.000
                                                  175097104.000 f
  U4025/Y (NAND2X1)                    836368.000 175933472.000 r
  U4030/Y (NAND2X1)                    1048992.000
                                                  176982464.000 f
  U4033/Y (NAND2X1)                    1329360.000
                                                  178311824.000 r
  U4036/Y (NAND2X1)                    2592208.000
                                                  180904032.000 f
  U4037/Y (NAND2X1)                    1631440.000
                                                  182535472.000 r
  U4038/Y (INVX1)                      1246528.000
                                                  183782000.000 f
  U4621/Y (NAND2X1)                    807232.000 184589232.000 r
  U4631/Y (NAND2X1)                    1048528.000
                                                  185637760.000 f
  U4634/Y (NAND2X1)                    836304.000 186474064.000 r
  U4643/Y (NAND2X1)                    1048608.000
                                                  187522672.000 f
  U4646/Y (NAND2X1)                    836304.000 188358976.000 r
  U4655/Y (NAND2X1)                    1048608.000
                                                  189407584.000 f
  U4658/Y (NAND2X1)                    836304.000 190243888.000 r
  U4667/Y (NAND2X1)                    1048608.000
                                                  191292496.000 f
  U4670/Y (NAND2X1)                    836304.000 192128800.000 r
  U4688/Y (AND2X1)                     -801088.000
                                                  191327712.000 r
  U4692/Y (NOR2X1)                     962336.000 192290048.000 f
  U4695/Y (NAND2X1)                    820320.000 193110368.000 r
  U4715/Y (NAND2X1)                    1048608.000
                                                  194158976.000 f
  U1093/Y (NAND2X1)                    836304.000 194995280.000 r
  U4724/Y (NAND2X1)                    1050896.000
                                                  196046176.000 f
  U4726/Y (NAND2X1)                    1268224.000
                                                  197314400.000 r
  U689/Y (INVX1)                       1241728.000
                                                  198556128.000 f
  U4748/Y (NAND2X1)                    807680.000 199363808.000 r
  U4749/Y (NAND2X1)                    2141680.000
                                                  201505488.000 f
  U4754/Y (NAND2X1)                    836384.000 202341872.000 r
  U4755/Y (NAND2X1)                    2149040.000
                                                  204490912.000 f
  U4758/Y (NAND2X1)                    841776.000 205332688.000 r
  U4759/Y (OR2X1)                      5140192.000
                                                  210472880.000 r
  U4763/Y (NAND2X1)                    1004960.000
                                                  211477840.000 f
  U4765/Y (NAND2X1)                    1270864.000
                                                  212748704.000 r
  U4766/Y (INVX1)                      1242112.000
                                                  213990816.000 f
  U4771/Y (NAND2X1)                    807232.000 214798048.000 r
  U4775/Y (NAND2X1)                    1052224.000
                                                  215850272.000 f
  U4777/Y (NAND2X1)                    842480.000 216692752.000 r
  U4778/Y (NOR2X1)                     1184976.000
                                                  217877728.000 f
  U4779/Y (INVX1)                      -479872.000
                                                  217397856.000 r
  U4782/Y (NAND2X1)                    1008832.000
                                                  218406688.000 f
  U4784/Y (NAND2X1)                    835968.000 219242656.000 r
  U4785/Y (NAND2X1)                    2153984.000
                                                  221396640.000 f
  U4792/Y (NAND2X1)                    841984.000 222238624.000 r
  U4793/Y (OR2X1)                      5224144.000
                                                  227462768.000 r
  U4797/Y (NAND2X1)                    1004960.000
                                                  228467728.000 f
  U4799/Y (NAND2X1)                    835328.000 229303056.000 r
  U4803/Y (OR2X1)                      5169120.000
                                                  234472176.000 r
  U4807/Y (NAND2X1)                    1004960.000
                                                  235477136.000 f
  U4809/Y (NAND2X1)                    1270864.000
                                                  236748000.000 r
  U4813/Y (INVX1)                      1242112.000
                                                  237990112.000 f
  U4816/Y (NOR2X1)                     1064624.000
                                                  239054736.000 r
  U4817/Y (NOR2X1)                     1163776.000
                                                  240218512.000 f
  U4818/Y (INVX1)                      -437600.000
                                                  239780912.000 r
  U1073/Y (OR2X1)                      1970464.000
                                                  241751376.000 r
  U4820/Y (NAND2X1)                    1019504.000
                                                  242770880.000 f
  U4822/Y (NAND2X1)                    1271872.000
                                                  244042752.000 r
  U4823/Y (INVX1)                      1244336.000
                                                  245287088.000 f
  U4824/Y (NOR2X1)                     1070752.000
                                                  246357840.000 r
  U4835/Y (NAND2X1)                    1991552.000
                                                  248349392.000 f
  U4836/Y (NAND2X1)                    1160000.000
                                                  249509392.000 r
  out[0] (out)                            0.000   249509392.000 r
  data arrival time                               249509392.000

  clock clk (rise edge)                250000000.000
                                                  250000000.000
  clock network delay (ideal)             0.000   250000000.000
  output external delay                   0.000   250000000.000
  data required time                              250000000.000
  -----------------------------------------------------------
  data required time                              250000000.000
  data arrival time                               -249509392.000
  -----------------------------------------------------------
  slack (MET)                                     490608.000


1
