 
****************************************
Report : area
Design : top
Version: S-2021.06-SP2
Date   : Sat Dec  3 11:25:52 2022
****************************************

Library(s) Used:

    PPDK_Standard_Library_1.0V_25C_TYP_X1 (File: /home/akokkinis/synLibs/egfet/db/EGFET_1.0V.db)

Number of ports:                           26
Number of nets:                          2552
Number of cells:                         2528
Number of combinational cells:           2528
Number of sequential cells:                 0
Number of macros/black boxes:               0
Number of buf/inv:                        566
Number of references:                       7

Combinational area:          882952872.000000
Buf/Inv area:                129285720.000000
Noncombinational area:               0.000000
Macro/Black Box area:                0.000000
Net Interconnect area:      undefined  (No wire load specified)

Total cell area:             882952872.000000
Total area:                 undefined
1
