****************************************
Report : timing
	-path_type full
	-delay_type max
	-max_paths 1
	-sort_by slack
Design : top
Version: S-2021.06-SP1
Date   : Sat Dec  3 11:25:58 2022
****************************************


  Startpoint: inp[4] (input port clocked by clk)
  Endpoint: out[0] (output port clocked by clk)
  Path Group: clk
  Path Type: max

  Point                                    Incr       Path
  ---------------------------------------------------------------
  clock clk (rise edge)                   0.000      0.000
  clock network delay (ideal)             0.000      0.000
  input external delay                    0.000      0.000 f
  inp[4] (in)                             0.000      0.000 f
  U1660/Y (NAND2X1)                    1294080.000
                                                  1294080.000 r
  U1661/Y (NAND2X1)                    1229232.000
                                                  2523312.000 f
  U1662/Y (INVX1)                      -559296.000
                                                  1964016.000 r
  U1663/Y (NAND2X1)                    802464.000 2766480.000 f
  U1673/Y (NAND2X1)                    1340528.000
                                                  4107008.000 r
  U1674/Y (INVX1)                      1121440.000
                                                  5228448.000 f
  U1677/Y (NAND2X1)                    1290352.000
                                                  6518800.000 r
  U1678/Y (NAND2X1)                    1127920.000
                                                  7646720.000 f
  U1686/Y (XOR2X1)                     5351376.000
                                                  12998096.000 r
  U1688/Y (INVX1)                      1252944.000
                                                  14251040.000 f
  U1689/Y (NAND2X1)                    1289744.000
                                                  15540784.000 r
  U1710/Y (NAND2X1)                    1127760.000
                                                  16668544.000 f
  U1711/Y (XOR2X1)                     5292896.000
                                                  21961440.000 r
  U1735/Y (OR2X1)                      2322848.000
                                                  24284288.000 r
  U380/Y (NAND2X1)                     801408.000 25085696.000 f
  U313/Y (AND2X1)                      2045520.000
                                                  27131216.000 f
  U314/Y (INVX1)                       -1437712.000
                                                  25693504.000 r
  U330/Y (AND2X1)                      1881504.000
                                                  27575008.000 r
  U331/Y (INVX1)                       714976.000 28289984.000 f
  U1762/Y (NAND2X1)                    1291600.000
                                                  29581584.000 r
  U1764/Y (OR2X1)                      2330160.000
                                                  31911744.000 r
  U1933/Y (NAND2X1)                    1218512.000
                                                  33130256.000 f
  U1959/Y (NAND2X1)                    881456.000 34011712.000 r
  U1962/Y (NAND2X1)                    930368.000 34942080.000 f
  U392/Y (INVX1)                       -562928.000
                                                  34379152.000 r
  U391/Y (NAND2X1)                     802464.000 35181616.000 f
  U390/Y (NAND2X1)                     886064.000 36067680.000 r
  U1976/Y (NAND2X1)                    849040.000 36916720.000 f
  U288/Y (NOR2X1)                      1627984.000
                                                  38544704.000 r
  U289/Y (INVX1)                       1000784.000
                                                  39545488.000 f
  U342/Y (AND2X1)                      2034800.000
                                                  41580288.000 f
  U343/Y (INVX1)                       -1544016.000
                                                  40036272.000 r
  U436/Y (AND2X1)                      1334576.000
                                                  41370848.000 r
  U428/Y (OR2X1)                       1861984.000
                                                  43232832.000 r
  U1982/Y (NAND2X1)                    803488.000 44036320.000 f
  U1984/Y (AND2X1)                     1858960.000
                                                  45895280.000 f
  U1988/Y (NAND2X1)                    862368.000 46757648.000 r
  U1989/Y (NAND2X1)                    848384.000 47606032.000 f
  U1990/Y (NAND2X1)                    1399584.000
                                                  49005616.000 r
  U355/Y (AND2X1)                      1794384.000
                                                  50800000.000 r
  U356/Y (INVX1)                       717696.000 51517696.000 f
  U2052/Y (NAND2X1)                    918448.000 52436144.000 r
  U2053/Y (NOR2X1)                     -84336.000 52351808.000 f
  U221/Y (OR2X1)                       2327728.000
                                                  54679536.000 f
  U222/Y (INVX1)                       -49280.000 54630256.000 r
  U2054/Y (INVX1)                      667440.000 55297696.000 f
  U2093/Y (NAND2X1)                    1292416.000
                                                  56590112.000 r
  U2098/Y (NAND2X1)                    1128448.000
                                                  57718560.000 f
  U2099/Y (XOR2X1)                     5293344.000
                                                  63011904.000 r
  U2105/Y (OR2X1)                      2322816.000
                                                  65334720.000 r
  U2108/Y (NAND2X1)                    1218528.000
                                                  66553248.000 f
  U2109/Y (NAND2X1)                    1398552.000
                                                  67951800.000 r
  U508/Y (AND2X1)                      1795600.000
                                                  69747400.000 r
  U509/Y (INVX1)                       715592.000 70462992.000 f
  U2114/Y (NAND2X1)                    1291584.000
                                                  71754576.000 r
  U2117/Y (NAND2X1)                    929328.000 72683904.000 f
  U462/Y (INVX1)                       226880.000 72910784.000 r
  U463/Y (INVX1)                       646448.000 73557232.000 f
  U2118/Y (NAND2X1)                    1285984.000
                                                  74843216.000 r
  U2120/Y (NAND2X1)                    849424.000 75692640.000 f
  U2121/Y (NAND2X1)                    1385144.000
                                                  77077784.000 r
  U535/Y (AND2X1)                      1798456.000
                                                  78876240.000 r
  U536/Y (INVX1)                       715896.000 79592136.000 f
  U2124/Y (NAND2X1)                    1291592.000
                                                  80883728.000 r
  U2127/Y (OR2X1)                      2330144.000
                                                  83213872.000 r
  U2160/Y (NAND2X1)                    1050848.000
                                                  84264720.000 f
  U2161/Y (XOR2X1)                     5344696.000
                                                  89609416.000 r
  U368/Y (INVX1)                       1250856.000
                                                  90860272.000 f
  U367/Y (NAND2X1)                     1289728.000
                                                  92150000.000 r
  U328/Y (AND2X1)                      1818752.000
                                                  93968752.000 r
  U329/Y (INVX1)                       715592.000 94684344.000 f
  U2223/Y (NAND2X1)                    1362944.000
                                                  96047288.000 r
  U2227/Y (INVX1)                      1116384.000
                                                  97163672.000 f
  U336/Y (AND2X1)                      2458312.000
                                                  99621984.000 f
  U337/Y (INVX1)                       -1173544.000
                                                  98448440.000 r
  U326/Y (AND2X1)                      1881336.000
                                                  100329776.000 r
  U327/Y (INVX1)                       715592.000 101045368.000 f
  U387/Y (NAND2X1)                     1362944.000
                                                  102408312.000 r
  U2231/Y (INVX1)                      1116664.000
                                                  103524976.000 f
  U307/Y (NAND2X1)                     1290184.000
                                                  104815160.000 r
  U324/Y (AND2X1)                      1818656.000
                                                  106633816.000 r
  U325/Y (INVX1)                       715576.000 107349392.000 f
  U2232/Y (AND2X1)                     2034872.000
                                                  109384264.000 f
  U2233/Y (INVX1)                      -1278792.000
                                                  108105472.000 r
  U2236/Y (OR2X1)                      1641584.000
                                                  109747056.000 r
  U377/Y (AND2X1)                      1292664.000
                                                  111039720.000 r
  U2254/Y (NOR2X1)                     310096.000 111349816.000 f
  U340/Y (AND2X1)                      2043624.000
                                                  113393440.000 f
  U341/Y (INVX1)                       -1512160.000
                                                  111881280.000 r
  U320/Y (AND2X1)                      1881544.000
                                                  113762824.000 r
  U321/Y (INVX1)                       715576.000 114478400.000 f
  U276/Y (AND2X1)                      2037088.000
                                                  116515488.000 f
  U451/Y (AND2X1)                      2427208.000
                                                  118942696.000 f
  U452/Y (INVX1)                       -1374008.000
                                                  117568688.000 r
  U2292/Y (NAND2X1)                    800808.000 118369496.000 f
  U2293/Y (NAND2X1)                    887400.000 119256896.000 r
  U2303/Y (OR2X1)                      2547576.000
                                                  121804472.000 r
  U2304/Y (NAND2X1)                    801376.000 122605848.000 f
  U2313/Y (XOR2X1)                     5346176.000
                                                  127952024.000 r
  U431/Y (OR2X1)                       2747672.000
                                                  130699696.000 r
  U445/Y (AND2X1)                      1885920.000
                                                  132585616.000 r
  U446/Y (INVX1)                       715552.000 133301168.000 f
  U2399/Y (NAND2X1)                    924528.000 134225696.000 r
  U510/Y (AND2X1)                      1794480.000
                                                  136020176.000 r
  U86/Y (INVX1)                        715584.000 136735760.000 f
  U88/Y (NAND2X1)                      1285616.000
                                                  138021376.000 r
  U2441/Y (NAND2X1)                    848288.000 138869664.000 f
  U2443/Y (NAND2X1)                    886160.000 139755824.000 r
  U2453/Y (NAND2X1)                    849360.000 140605184.000 f
  U2456/Y (NAND2X1)                    1342672.000
                                                  141947856.000 r
  U352/Y (INVX1)                       1127408.000
                                                  143075264.000 f
  U2486/Y (NOR2X1)                     1167808.000
                                                  144243072.000 r
  U2487/Y (NAND2X1)                    835680.000 145078752.000 f
  U2489/Y (NAND2X1)                    885968.000 145964720.000 r
  U2493/Y (NAND2X1)                    865776.000 146830496.000 f
  U2494/Y (NAND2X1)                    1385088.000
                                                  148215584.000 r
  U2495/Y (NOR2X1)                     -290016.000
                                                  147925568.000 f
  U2499/Y (NOR2X1)                     1195568.000
                                                  149121136.000 r
  U2501/Y (NAND2X1)                    834544.000 149955680.000 f
  U2503/Y (NAND2X1)                    881216.000 150836896.000 r
  U2510/Y (NAND2X1)                    866016.000 151702912.000 f
  U2511/Y (NAND2X1)                    892160.000 152595072.000 r
  U2512/Y (OR2X1)                      2330192.000
                                                  154925264.000 r
  U427/Y (AND2X1)                      1882896.000
                                                  156808160.000 r
  U564/Y (INVX1)                       720240.000 157528400.000 f
  U2513/Y (AND2X1)                     1864752.000
                                                  159393152.000 f
  U90/Y (AND2X1)                       2050272.000
                                                  161443424.000 f
  U91/Y (INVX1)                        -1190208.000
                                                  160253216.000 r
  U82/Y (NAND2X1)                      800512.000 161053728.000 f
  U2515/Y (NAND2X1)                    885760.000 161939488.000 r
  U2520/Y (NAND2X1)                    931792.000 162871280.000 f
  U2524/Y (NAND2X1)                    881040.000 163752320.000 r
  U2525/Y (NAND2X1)                    1229072.000
                                                  164981392.000 f
  U2526/Y (INVX1)                      -559104.000
                                                  164422288.000 r
  U2528/Y (NOR2X1)                     549936.000 164972224.000 f
  U2529/Y (NOR2X1)                     1192096.000
                                                  166164320.000 r
  U2538/Y (NOR2X1)                     117920.000 166282240.000 f
  U411/Y (OR2X1)                       2088544.000
                                                  168370784.000 f
  U338/Y (AND2X1)                      2048080.000
                                                  170418864.000 f
  U339/Y (INVX1)                       -1511856.000
                                                  168907008.000 r
  U322/Y (AND2X1)                      1881552.000
                                                  170788560.000 r
  U323/Y (INVX1)                       715584.000 171504144.000 f
  U2543/Y (NAND2X1)                    1285616.000
                                                  172789760.000 r
  U2544/Y (NAND2X1)                    1126400.000
                                                  173916160.000 f
  U2547/Y (NAND2X1)                    881184.000 174797344.000 r
  U2552/Y (NAND2X1)                    864512.000 175661856.000 f
  U311/Y (AND2X1)                      2045984.000
                                                  177707840.000 f
  U312/Y (INVX1)                       -1437344.000
                                                  176270496.000 r
  U389/Y (NAND2X1)                     800784.000 177071280.000 f
  U388/Y (NAND2X1)                     886144.000 177957424.000 r
  U263/Y (AND2X1)                      1818784.000
                                                  179776208.000 r
  U264/Y (INVX1)                       708880.000 180485088.000 f
  U2561/Y (NAND2X1)                    918880.000 181403968.000 r
  U2562/Y (NOR2X1)                     -357760.000
                                                  181046208.000 f
  U366/Y (NOR2X1)                      1196496.000
                                                  182242704.000 r
  U364/Y (NOR2X1)                      111520.000 182354224.000 f
  U310/Y (OR2X1)                       2091952.000
                                                  184446176.000 f
  U77/Y (NAND2X1)                      871984.000 185318160.000 r
  U2568/Y (NAND2X1)                    848016.000 186166176.000 f
  U371/Y (NAND2X1)                     881152.000 187047328.000 r
  U370/Y (NAND2X1)                     848288.000 187895616.000 f
  U369/Y (NAND2X1)                     879600.000 188775216.000 r
  U2582/Y (NAND2X1)                    870256.000 189645472.000 f
  U395/Y (NAND2X1)                     886176.000 190531648.000 r
  U394/Y (NAND2X1)                     848288.000 191379936.000 f
  U393/Y (NAND2X1)                     886288.000 192266224.000 r
  U2595/Y (NAND2X1)                    871088.000 193137312.000 f
  U2596/Y (NOR2X1)                     1190128.000
                                                  194327440.000 r
  U2597/Y (NOR2X1)                     74224.000  194401664.000 f
  U2598/Y (NAND2X1)                    885072.000 195286736.000 r
  U2600/Y (NAND2X1)                    850080.000 196136816.000 f
  U2601/Y (NOR2X1)                     1191008.000
                                                  197327824.000 r
  out[0] (out)                            0.000   197327824.000 r
  data arrival time                               197327824.000

  clock clk (rise edge)                200000000.000
                                                  200000000.000
  clock network delay (ideal)             0.000   200000000.000
  clock reconvergence pessimism           0.000   200000000.000
  output external delay                   0.000   200000000.000
  data required time                              200000000.000
  ---------------------------------------------------------------
  data required time                              200000000.000
  data arrival time                               -197327824.000
  ---------------------------------------------------------------
  slack (MET)                                     2672176.000


1
