Information: Updating design information... (UID-85)
 
****************************************
Report : qor
Design : top
Version: S-2021.06-SP2
Date   : Tue Nov 29 16:59:55 2022
****************************************


  Timing Path Group 'clk'
  -----------------------------------
  Levels of Logic:             155.00
  Critical Path Length:  249839360.00
  Critical Path Slack:      160640.00
  Critical Path Clk Period:
                         250000000.00
  Total Negative Slack:          0.00
  No. of Violating Paths:        0.00
  Worst Hold Violation:          0.00
  Total Hold Violation:          0.00
  No. of Hold Violations:        0.00
  -----------------------------------


  Cell Count
  -----------------------------------
  Hierarchical Cell Count:          0
  Hierarchical Port Count:          0
  Leaf Cell Count:               4793
  Buf/Inv Cell Count:            1006
  Buf Cell Count:                   0
  Inv Cell Count:                1006
  CT Buf/Inv Cell Count:            0
  Combinational Cell Count:      4793
  Sequential Cell Count:            0
  Macro Count:                      0
  -----------------------------------


  Area
  -----------------------------------
  Combinational Area:
                    1975671785.000000
  Noncombinational Area:     0.000000
  Buf/Inv Area:      229790520.000000
  Total Buffer Area:             0.00
  Total Inverter Area:   229790520.00
  Macro/Black Box Area:      0.000000
  Net Area:                  0.000000
  -----------------------------------
  Cell Area:        1975671785.000000
  Design Area:      1975671785.000000


  Design Rules
  -----------------------------------
  Total Number of Nets:          4857
  Nets With Violations:          4793
  Max Trans Violations:          4793
  Max Cap Violations:               0
  -----------------------------------


  Hostname: leoforos

  Compile CPU Statistics
  -----------------------------------------
  Resource Sharing:                    2.20
  Logic Optimization:                  0.30
  Mapping Optimization:                4.07
  -----------------------------------------
  Overall Compile Time:               25.93
  Overall Compile Wall Clock Time:    27.52

  --------------------------------------------------------------------

  Design  WNS: 0.00  TNS: 0.00  Number of Violating Paths: 0


  Design (Hold)  WNS: 0.00  TNS: 0.00  Number of Violating Paths: 0

  --------------------------------------------------------------------


1
