 
****************************************
Report : timing
        -path full
        -delay max
        -max_paths 1
Design : top
Version: S-2021.06-SP2
Date   : Tue Nov 29 14:43:09 2022
****************************************

Operating Conditions: TT   Library: PPDK_Standard_Library_1.0V_25C_TYP_X1
Wire Load Model Mode: top

  Startpoint: inp[9] (input port clocked by clk)
  Endpoint: out[0] (output port clocked by clk)
  Path Group: clk
  Path Type: max

  Point                                    Incr       Path
  -----------------------------------------------------------
  clock clk (rise edge)                   0.000      0.000
  clock network delay (ideal)             0.000      0.000
  input external delay                    0.000      0.000 r
  inp[9] (in)                             0.000      0.000 r
  U1287/Y (INVX1)                      54760.164  54760.164 f
  U1739/Y (NAND2X1)                    1288199.625
                                                  1342959.750 r
  U1740/Y (NAND2X1)                    1129707.250
                                                  2472667.000 f
  U1757/Y (XOR2X1)                     5945085.000
                                                  8417752.000 r
  U1026/Y (AND2X1)                     2160878.000
                                                  10578630.000 r
  U1027/Y (INVX1)                      720244.000 11298874.000 f
  U1764/Y (NAND2X1)                    918830.000 12217704.000 r
  U1765/Y (AND2X1)                     2564261.000
                                                  14781965.000 r
  U1767/Y (XOR2X1)                     4720087.000
                                                  19502052.000 f
  U604/Y (XNOR2X1)                     6162946.000
                                                  25664998.000 f
  U1869/Y (XOR2X1)                     5227834.000
                                                  30892832.000 r
  U1969/Y (XOR2X1)                     4334692.000
                                                  35227524.000 f
  U2010/Y (XOR2X1)                     5733056.000
                                                  40960580.000 r
  U2012/Y (XOR2X1)                     4744820.000
                                                  45705400.000 f
  U2050/Y (XOR2X1)                     5412508.000
                                                  51117908.000 r
  U2053/Y (INVX1)                      1272044.000
                                                  52389952.000 f
  U2054/Y (NAND2X1)                    1289672.000
                                                  53679624.000 r
  U2055/Y (NAND2X1)                    1126432.000
                                                  54806056.000 f
  U2056/Y (NAND2X1)                    1403784.000
                                                  56209840.000 r
  U2059/Y (XOR2X1)                     4846828.000
                                                  61056668.000 f
  U276/Y (AND2X1)                      2058056.000
                                                  63114724.000 f
  U277/Y (INVX1)                       -1377340.000
                                                  61737384.000 r
  U2060/Y (NAND2X1)                    1054152.000
                                                  62791536.000 f
  U2062/Y (XOR2X1)                     5245424.000
                                                  68036960.000 r
  U2064/Y (OR2X1)                      2341368.000
                                                  70378328.000 r
  U2065/Y (NAND2X1)                    1218464.000
                                                  71596792.000 f
  U2068/Y (INVX1)                      -549256.000
                                                  71047536.000 r
  U2069/Y (NAND2X1)                    802472.000 71850008.000 f
  U2070/Y (NAND2X1)                    1402240.000
                                                  73252248.000 r
  U2071/Y (NAND2X1)                    1157680.000
                                                  74409928.000 f
  U2074/Y (NAND2X1)                    1748104.000
                                                  76158032.000 r
  U461/Y (INVX1)                       1103848.000
                                                  77261880.000 f
  U462/Y (INVX1)                       450536.000 77712416.000 r
  U2084/Y (NAND2X1)                    1052376.000
                                                  78764792.000 f
  U1040/Y (AND2X1)                     2044176.000
                                                  80808968.000 f
  U1041/Y (INVX1)                      -1525384.000
                                                  79283584.000 r
  U1195/Y (AND2X1)                     1889208.000
                                                  81172792.000 r
  U324/Y (AND2X1)                      2181008.000
                                                  83353800.000 r
  U325/Y (INVX1)                       713472.000 84067272.000 f
  U689/Y (AND2X1)                      2056376.000
                                                  86123648.000 f
  U3412/Y (NAND2X1)                    1748752.000
                                                  87872400.000 r
  U449/Y (INVX1)                       1046128.000
                                                  88918528.000 f
  U450/Y (INVX1)                       451312.000 89369840.000 r
  U3458/Y (NAND2X1)                    1054480.000
                                                  90424320.000 f
  U3459/Y (XOR2X1)                     5344968.000
                                                  95769288.000 r
  U3460/Y (INVX1)                      1251112.000
                                                  97020400.000 f
  U3462/Y (XOR2X1)                     5591608.000
                                                  102612008.000 r
  U3465/Y (XOR2X1)                     4745960.000
                                                  107357968.000 f
  U3495/Y (OR2X1)                      2060712.000
                                                  109418680.000 f
  U3555/Y (AND2X1)                     1853832.000
                                                  111272512.000 f
  U3556/Y (XOR2X1)                     5480184.000
                                                  116752696.000 r
  U792/Y (AND2X1)                      2175152.000
                                                  118927848.000 r
  U793/Y (INVX1)                       715376.000 119643224.000 f
  U3558/Y (NAND2X1)                    1362952.000
                                                  121006176.000 r
  U3559/Y (INVX1)                      1073200.000
                                                  122079376.000 f
  U3560/Y (NAND2X1)                    1284368.000
                                                  123363744.000 r
  U1050/Y (AND2X1)                     1819048.000
                                                  125182792.000 r
  U1051/Y (INVX1)                      720328.000 125903120.000 f
  U3576/Y (NAND2X1)                    1752768.000
                                                  127655888.000 r
  U3577/Y (INVX1)                      1216896.000
                                                  128872784.000 f
  U3578/Y (NAND2X1)                    1283880.000
                                                  130156664.000 r
  U3592/Y (NAND2X1)                    848008.000 131004672.000 f
  U3595/Y (NAND2X1)                    892072.000 131896744.000 r
  U3611/Y (OR2X1)                      2612312.000
                                                  134509056.000 r
  U1022/Y (AND2X1)                     1883376.000
                                                  136392432.000 r
  U1023/Y (INVX1)                      720464.000 137112896.000 f
  U3612/Y (NAND2X1)                    924544.000 138037440.000 r
  U3621/Y (OR2X1)                      2340032.000
                                                  140377472.000 r
  U830/Y (AND2X1)                      1883120.000
                                                  142260592.000 r
  U831/Y (INVX1)                       715504.000 142976096.000 f
  U3633/Y (NAND2X1)                    1291584.000
                                                  144267680.000 r
  U3642/Y (NAND2X1)                    848608.000 145116288.000 f
  U3643/Y (NAND2X1)                    1389440.000
                                                  146505728.000 r
  U3644/Y (NAND2X1)                    1153344.000
                                                  147659072.000 f
  U3645/Y (NAND2X1)                    1399824.000
                                                  149058896.000 r
  U1204/Y (AND2X1)                     2165088.000
                                                  151223984.000 r
  U537/Y (INVX1)                       735584.000 151959568.000 f
  U3646/Y (INVX1)                      1027568.000
                                                  152987136.000 r
  U3859/Y (NAND2X1)                    1101328.000
                                                  154088464.000 f
  U3862/Y (NAND2X1)                    1343648.000
                                                  155432112.000 r
  U3863/Y (INVX1)                      1116976.000
                                                  156549088.000 f
  U3864/Y (NAND2X1)                    1284400.000
                                                  157833488.000 r
  U3865/Y (NAND2X1)                    1126080.000
                                                  158959568.000 f
  U3867/Y (NAND2X1)                    887120.000 159846688.000 r
  U3870/Y (OR2X1)                      2606912.000
                                                  162453600.000 r
  U3873/Y (NAND2X1)                    797408.000 163251008.000 f
  U3875/Y (NAND2X1)                    1341360.000
                                                  164592368.000 r
  U3876/Y (INVX1)                      1096560.000
                                                  165688928.000 f
  U3881/Y (NAND2X1)                    919312.000 166608240.000 r
  U3885/Y (NAND2X1)                    848096.000 167456336.000 f
  U3887/Y (NAND2X1)                    885504.000 168341840.000 r
  U3892/Y (OR2X1)                      2606864.000
                                                  170948704.000 r
  U3896/Y (NAND2X1)                    797440.000 171746144.000 f
  U3898/Y (NAND2X1)                    1341792.000
                                                  173087936.000 r
  U3899/Y (INVX1)                      1096608.000
                                                  174184544.000 f
  U3904/Y (NAND2X1)                    919312.000 175103856.000 r
  U3908/Y (NAND2X1)                    848096.000 175951952.000 f
  U3910/Y (NAND2X1)                    879584.000 176831536.000 r
  U3911/Y (NAND2X1)                    1156032.000
                                                  177987568.000 f
  U3914/Y (NAND2X1)                    1341744.000
                                                  179329312.000 r
  U3919/Y (INVX1)                      1116480.000
                                                  180445792.000 f
  U3920/Y (NAND2X1)                    1284240.000
                                                  181730032.000 r
  U599/Y (NAND2X1)                     1233088.000
                                                  182963120.000 f
  U582/Y (INVX1)                       226384.000 183189504.000 r
  U583/Y (INVX1)                       666096.000 183855600.000 f
  U3921/Y (INVX1)                      490768.000 184346368.000 r
  U4277/Y (NAND2X1)                    1055888.000
                                                  185402256.000 f
  U405/Y (AND2X1)                      2044240.000
                                                  187446496.000 f
  U406/Y (INVX1)                       -302128.000
                                                  187144368.000 r
  U4279/Y (NOR2X1)                     152112.000 187296480.000 f
  U4285/Y (NOR2X1)                     1195568.000
                                                  188492048.000 r
  U4289/Y (NAND2X1)                    834416.000 189326464.000 f
  U4291/Y (NAND2X1)                    1341824.000
                                                  190668288.000 r
  U4292/Y (INVX1)                      1107136.000
                                                  191775424.000 f
  U4293/Y (NAND2X1)                    1284256.000
                                                  193059680.000 r
  U4297/Y (NAND2X1)                    848064.000 193907744.000 f
  U4299/Y (NAND2X1)                    1341744.000
                                                  195249488.000 r
  U4306/Y (INVX1)                      1096176.000
                                                  196345664.000 f
  U4307/Y (NAND2X1)                    1284304.000
                                                  197629968.000 r
  U4308/Y (NAND2X1)                    1127408.000
                                                  198757376.000 f
  U4313/Y (OR2X1)                      2088992.000
                                                  200846368.000 f
  U4317/Y (NAND2X1)                    870736.000 201717104.000 r
  U4319/Y (NAND2X1)                    866864.000 202583968.000 f
  U4320/Y (OR2X1)                      2088976.000
                                                  204672944.000 f
  U4325/Y (NAND2X1)                    872128.000 205545072.000 r
  U4327/Y (NAND2X1)                    866912.000 206411984.000 f
  U4328/Y (OR2X1)                      2087696.000
                                                  208499680.000 f
  U4333/Y (NAND2X1)                    870736.000 209370416.000 r
  U4335/Y (NAND2X1)                    866864.000 210237280.000 f
  U4336/Y (OR2X1)                      2088976.000
                                                  212326256.000 f
  U4338/Y (NAND2X1)                    871952.000 213198208.000 r
  U696/Y (AND2X1)                      1800848.000
                                                  214999056.000 r
  U567/Y (INVX1)                       735456.000 215734512.000 f
  U1210/Y (INVX1)                      1034128.000
                                                  216768640.000 r
  U4366/Y (NAND2X1)                    832976.000 217601616.000 f
  U4367/Y (NAND2X1)                    1385216.000
                                                  218986832.000 r
  U4370/Y (OR2X1)                      2561296.000
                                                  221548128.000 r
  U4375/Y (NAND2X1)                    799232.000 222347360.000 f
  U4377/Y (NAND2X1)                    885504.000 223232864.000 r
  U4381/Y (OR2X1)                      2594848.000
                                                  225827712.000 r
  U4385/Y (NAND2X1)                    797424.000 226625136.000 f
  U4387/Y (NAND2X1)                    879600.000 227504736.000 r
  U4388/Y (NAND2X1)                    1155936.000
                                                  228660672.000 f
  U4390/Y (NAND2X1)                    879280.000 229539952.000 r
  U4391/Y (NAND2X1)                    1156048.000
                                                  230696000.000 f
  U4393/Y (NAND2X1)                    885184.000 231581184.000 r
  U4398/Y (OR2X1)                      2605456.000
                                                  234186640.000 r
  U4403/Y (NAND2X1)                    797408.000 234984048.000 f
  U4405/Y (NAND2X1)                    879616.000 235863664.000 r
  U4406/Y (NAND2X1)                    1155936.000
                                                  237019600.000 f
  U4408/Y (NAND2X1)                    879280.000 237898880.000 r
  U4409/Y (NAND2X1)                    1156944.000
                                                  239055824.000 f
  U4411/Y (OR2X1)                      2087648.000
                                                  241143472.000 f
  U4414/Y (NAND2X1)                    871952.000 242015424.000 r
  U1182/Y (AND2X1)                     1809840.000
                                                  243825264.000 r
  U314/Y (AND2X1)                      2181024.000
                                                  246006288.000 r
  U315/Y (INVX1)                       713456.000 246719744.000 f
  U4422/Y (NAND2X1)                    918864.000 247638608.000 r
  U4427/Y (NAND2X1)                    862976.000 248501584.000 f
  out[0] (out)                            0.000   248501584.000 f
  data arrival time                               248501584.000

  clock clk (rise edge)                250000000.000
                                                  250000000.000
  clock network delay (ideal)             0.000   250000000.000
  output external delay                   0.000   250000000.000
  data required time                              250000000.000
  -----------------------------------------------------------
  data required time                              250000000.000
  data arrival time                               -248501584.000
  -----------------------------------------------------------
  slack (MET)                                     1498416.000


1
