****************************************
Report : timing
	-path_type full
	-delay_type max
	-max_paths 1
	-sort_by slack
Design : top
Version: S-2021.06-SP1
Date   : Tue Nov 29 14:43:15 2022
****************************************


  Startpoint: inp[9] (input port clocked by clk)
  Endpoint: out[0] (output port clocked by clk)
  Path Group: clk
  Path Type: max

  Point                                    Incr       Path
  ---------------------------------------------------------------
  clock clk (rise edge)                   0.000      0.000
  clock network delay (ideal)             0.000      0.000
  input external delay                    0.000      0.000 r
  inp[9] (in)                             0.000      0.000 r
  U1287/Y (INVX1)                      54768.000  54768.000 f
  U1739/Y (NAND2X1)                    1288192.000
                                                  1342960.000 r
  U1740/Y (NAND2X1)                    1129712.000
                                                  2472672.000 f
  U1757/Y (XOR2X1)                     5945088.000
                                                  8417760.000 r
  U1026/Y (AND2X1)                     2160848.000
                                                  10578608.000 r
  U1027/Y (INVX1)                      720256.000 11298864.000 f
  U1764/Y (NAND2X1)                    918832.000 12217696.000 r
  U1765/Y (AND2X1)                     2564224.000
                                                  14781920.000 r
  U1767/Y (XOR2X1)                     4720096.000
                                                  19502016.000 f
  U604/Y (XNOR2X1)                     6162880.000
                                                  25664896.000 f
  U1869/Y (XOR2X1)                     5227888.000
                                                  30892784.000 r
  U1969/Y (XOR2X1)                     4334640.000
                                                  35227424.000 f
  U2010/Y (XOR2X1)                     5733040.000
                                                  40960464.000 r
  U2012/Y (XOR2X1)                     4744832.000
                                                  45705296.000 f
  U2050/Y (XOR2X1)                     5412608.000
                                                  51117904.000 r
  U2053/Y (INVX1)                      1272032.000
                                                  52389936.000 f
  U2054/Y (NAND2X1)                    1289664.000
                                                  53679600.000 r
  U2055/Y (NAND2X1)                    1126448.000
                                                  54806048.000 f
  U2056/Y (NAND2X1)                    1403792.000
                                                  56209840.000 r
  U2059/Y (XOR2X1)                     4846848.000
                                                  61056688.000 f
  U276/Y (AND2X1)                      2058048.000
                                                  63114736.000 f
  U277/Y (INVX1)                       -1377376.000
                                                  61737360.000 r
  U2060/Y (NAND2X1)                    1054144.000
                                                  62791504.000 f
  U2062/Y (XOR2X1)                     5245424.000
                                                  68036928.000 r
  U2064/Y (OR2X1)                      2341360.000
                                                  70378288.000 r
  U2065/Y (NAND2X1)                    1218464.000
                                                  71596752.000 f
  U2068/Y (INVX1)                      -549248.000
                                                  71047504.000 r
  U2069/Y (NAND2X1)                    802480.000 71849984.000 f
  U2070/Y (NAND2X1)                    1402224.000
                                                  73252208.000 r
  U2071/Y (NAND2X1)                    1157680.000
                                                  74409888.000 f
  U2074/Y (NAND2X1)                    1748096.000
                                                  76157984.000 r
  U461/Y (INVX1)                       1103840.000
                                                  77261824.000 f
  U462/Y (INVX1)                       450528.000 77712352.000 r
  U2084/Y (NAND2X1)                    1052384.000
                                                  78764736.000 f
  U1040/Y (AND2X1)                     2044176.000
                                                  80808912.000 f
  U1041/Y (INVX1)                      -1525424.000
                                                  79283488.000 r
  U1195/Y (AND2X1)                     1889200.000
                                                  81172688.000 r
  U324/Y (AND2X1)                      2180992.000
                                                  83353680.000 r
  U325/Y (INVX1)                       713472.000 84067152.000 f
  U689/Y (AND2X1)                      2056368.000
                                                  86123520.000 f
  U3412/Y (NAND2X1)                    1748752.000
                                                  87872272.000 r
  U449/Y (INVX1)                       1046128.000
                                                  88918400.000 f
  U450/Y (INVX1)                       451312.000 89369712.000 r
  U3458/Y (NAND2X1)                    1054480.000
                                                  90424192.000 f
  U3459/Y (XOR2X1)                     5345008.000
                                                  95769200.000 r
  U3460/Y (INVX1)                      1251120.000
                                                  97020320.000 f
  U3462/Y (XOR2X1)                     5591616.000
                                                  102611936.000 r
  U3465/Y (XOR2X1)                     4746048.000
                                                  107357984.000 f
  U3495/Y (OR2X1)                      2060768.000
                                                  109418752.000 f
  U3555/Y (AND2X1)                     1853840.000
                                                  111272592.000 f
  U3556/Y (XOR2X1)                     5480216.000
                                                  116752808.000 r
  U792/Y (AND2X1)                      2175128.000
                                                  118927936.000 r
  U793/Y (INVX1)                       715376.000 119643312.000 f
  U3558/Y (NAND2X1)                    1362952.000
                                                  121006264.000 r
  U3559/Y (INVX1)                      1073192.000
                                                  122079456.000 f
  U3560/Y (NAND2X1)                    1284368.000
                                                  123363824.000 r
  U1050/Y (AND2X1)                     1819056.000
                                                  125182880.000 r
  U1051/Y (INVX1)                      720328.000 125903208.000 f
  U3576/Y (NAND2X1)                    1752768.000
                                                  127655976.000 r
  U3577/Y (INVX1)                      1216888.000
                                                  128872864.000 f
  U3578/Y (NAND2X1)                    1283880.000
                                                  130156744.000 r
  U3592/Y (NAND2X1)                    848016.000 131004760.000 f
  U3595/Y (NAND2X1)                    892072.000 131896832.000 r
  U3611/Y (OR2X1)                      2612320.000
                                                  134509152.000 r
  U1022/Y (AND2X1)                     1883376.000
                                                  136392528.000 r
  U1023/Y (INVX1)                      720464.000 137112992.000 f
  U3612/Y (NAND2X1)                    924544.000 138037536.000 r
  U3621/Y (OR2X1)                      2340032.000
                                                  140377568.000 r
  U830/Y (AND2X1)                      1883120.000
                                                  142260688.000 r
  U831/Y (INVX1)                       715504.000 142976192.000 f
  U3633/Y (NAND2X1)                    1291584.000
                                                  144267776.000 r
  U3642/Y (NAND2X1)                    848624.000 145116400.000 f
  U3643/Y (NAND2X1)                    1389424.000
                                                  146505824.000 r
  U3644/Y (NAND2X1)                    1153376.000
                                                  147659200.000 f
  U3645/Y (NAND2X1)                    1399808.000
                                                  149059008.000 r
  U1204/Y (AND2X1)                     2165056.000
                                                  151224064.000 r
  U537/Y (INVX1)                       735584.000 151959648.000 f
  U3646/Y (INVX1)                      1027552.000
                                                  152987200.000 r
  U3859/Y (NAND2X1)                    1101328.000
                                                  154088528.000 f
  U3862/Y (NAND2X1)                    1343664.000
                                                  155432192.000 r
  U3863/Y (INVX1)                      1116960.000
                                                  156549152.000 f
  U3864/Y (NAND2X1)                    1284400.000
                                                  157833552.000 r
  U3865/Y (NAND2X1)                    1126064.000
                                                  158959616.000 f
  U3867/Y (NAND2X1)                    887136.000 159846752.000 r
  U3870/Y (OR2X1)                      2606848.000
                                                  162453600.000 r
  U3873/Y (NAND2X1)                    797424.000 163251024.000 f
  U3875/Y (NAND2X1)                    1341376.000
                                                  164592400.000 r
  U3876/Y (INVX1)                      1096560.000
                                                  165688960.000 f
  U3881/Y (NAND2X1)                    919312.000 166608272.000 r
  U3885/Y (NAND2X1)                    848096.000 167456368.000 f
  U3887/Y (NAND2X1)                    885520.000 168341888.000 r
  U3892/Y (OR2X1)                      2606800.000
                                                  170948688.000 r
  U3896/Y (NAND2X1)                    797424.000 171746112.000 f
  U3898/Y (NAND2X1)                    1341808.000
                                                  173087920.000 r
  U3899/Y (INVX1)                      1096608.000
                                                  174184528.000 f
  U3904/Y (NAND2X1)                    919312.000 175103840.000 r
  U3908/Y (NAND2X1)                    848112.000 175951952.000 f
  U3910/Y (NAND2X1)                    879600.000 176831552.000 r
  U3911/Y (NAND2X1)                    1156000.000
                                                  177987552.000 f
  U3914/Y (NAND2X1)                    1341760.000
                                                  179329312.000 r
  U3919/Y (INVX1)                      1116480.000
                                                  180445792.000 f
  U3920/Y (NAND2X1)                    1284224.000
                                                  181730016.000 r
  U599/Y (NAND2X1)                     1233120.000
                                                  182963136.000 f
  U582/Y (INVX1)                       226384.000 183189520.000 r
  U583/Y (INVX1)                       666096.000 183855616.000 f
  U3921/Y (INVX1)                      490768.000 184346384.000 r
  U4277/Y (NAND2X1)                    1055888.000
                                                  185402272.000 f
  U405/Y (AND2X1)                      2044240.000
                                                  187446512.000 f
  U406/Y (INVX1)                       -302160.000
                                                  187144352.000 r
  U4279/Y (NOR2X1)                     152112.000 187296464.000 f
  U4285/Y (NOR2X1)                     1195568.000
                                                  188492032.000 r
  U4289/Y (NAND2X1)                    834416.000 189326448.000 f
  U4291/Y (NAND2X1)                    1341840.000
                                                  190668288.000 r
  U4292/Y (INVX1)                      1107136.000
                                                  191775424.000 f
  U4293/Y (NAND2X1)                    1284256.000
                                                  193059680.000 r
  U4297/Y (NAND2X1)                    848064.000 193907744.000 f
  U4299/Y (NAND2X1)                    1341760.000
                                                  195249504.000 r
  U4306/Y (INVX1)                      1096160.000
                                                  196345664.000 f
  U4307/Y (NAND2X1)                    1284320.000
                                                  197629984.000 r
  U4308/Y (NAND2X1)                    1127392.000
                                                  198757376.000 f
  U4313/Y (OR2X1)                      2089008.000
                                                  200846384.000 f
  U4317/Y (NAND2X1)                    870752.000 201717136.000 r
  U4319/Y (NAND2X1)                    866880.000 202584016.000 f
  U4320/Y (OR2X1)                      2088976.000
                                                  204672992.000 f
  U4325/Y (NAND2X1)                    872144.000 205545136.000 r
  U4327/Y (NAND2X1)                    866944.000 206412080.000 f
  U4328/Y (OR2X1)                      2087712.000
                                                  208499792.000 f
  U4333/Y (NAND2X1)                    870752.000 209370544.000 r
  U4335/Y (NAND2X1)                    866880.000 210237424.000 f
  U4336/Y (OR2X1)                      2088976.000
                                                  212326400.000 f
  U4338/Y (NAND2X1)                    871952.000 213198352.000 r
  U696/Y (AND2X1)                      1800848.000
                                                  214999200.000 r
  U567/Y (INVX1)                       735456.000 215734656.000 f
  U1210/Y (INVX1)                      1034128.000
                                                  216768784.000 r
  U4366/Y (NAND2X1)                    832976.000 217601760.000 f
  U4367/Y (NAND2X1)                    1385232.000
                                                  218986992.000 r
  U4370/Y (OR2X1)                      2561248.000
                                                  221548240.000 r
  U4375/Y (NAND2X1)                    799232.000 222347472.000 f
  U4377/Y (NAND2X1)                    885504.000 223232976.000 r
  U4381/Y (OR2X1)                      2594800.000
                                                  225827776.000 r
  U4385/Y (NAND2X1)                    797440.000 226625216.000 f
  U4387/Y (NAND2X1)                    879600.000 227504816.000 r
  U4388/Y (NAND2X1)                    1155920.000
                                                  228660736.000 f
  U4390/Y (NAND2X1)                    879280.000 229540016.000 r
  U4391/Y (NAND2X1)                    1156032.000
                                                  230696048.000 f
  U4393/Y (NAND2X1)                    885184.000 231581232.000 r
  U4398/Y (OR2X1)                      2605392.000
                                                  234186624.000 r
  U4403/Y (NAND2X1)                    797424.000 234984048.000 f
  U4405/Y (NAND2X1)                    879600.000 235863648.000 r
  U4406/Y (NAND2X1)                    1155936.000
                                                  237019584.000 f
  U4408/Y (NAND2X1)                    879280.000 237898864.000 r
  U4409/Y (NAND2X1)                    1156960.000
                                                  239055824.000 f
  U4411/Y (OR2X1)                      2087664.000
                                                  241143488.000 f
  U4414/Y (NAND2X1)                    871936.000 242015424.000 r
  U1182/Y (AND2X1)                     1809824.000
                                                  243825248.000 r
  U314/Y (AND2X1)                      2181008.000
                                                  246006256.000 r
  U315/Y (INVX1)                       713472.000 246719728.000 f
  U4422/Y (NAND2X1)                    918864.000 247638592.000 r
  U4427/Y (NAND2X1)                    862976.000 248501568.000 f
  out[0] (out)                            0.000   248501568.000 f
  data arrival time                               248501568.000

  clock clk (rise edge)                250000000.000
                                                  250000000.000
  clock network delay (ideal)             0.000   250000000.000
  clock reconvergence pessimism           0.000   250000000.000
  output external delay                   0.000   250000000.000
  data required time                              250000000.000
  ---------------------------------------------------------------
  data required time                              250000000.000
  data arrival time                               -248501568.000
  ---------------------------------------------------------------
  slack (MET)                                     1498432.000


1
