 
****************************************
Report : timing
        -path full
        -delay max
        -max_paths 1
Design : top
Version: S-2021.06-SP2
Date   : Wed Sep 14 11:01:42 2022
****************************************

Operating Conditions: TT   Library: PPDK_Standard_Library_1.0V_25C_TYP_X1
Wire Load Model Mode: top

  Startpoint: inp[9] (input port clocked by clk)
  Endpoint: out[0] (output port clocked by clk)
  Path Group: clk
  Path Type: max

  Point                                    Incr       Path
  -----------------------------------------------------------
  clock clk (rise edge)                   0.000      0.000
  clock network delay (ideal)             0.000      0.000
  input external delay                    0.000      0.000 r
  inp[9] (in)                             0.000      0.000 r
  U838/Y (AND2X1)                      2212705.500
                                                  2212705.500 r
  U839/Y (INVX1)                       709783.250 2922488.750 f
  U1124/Y (NAND2X1)                    918769.500 3841258.250 r
  U118/Y (AND2X1)                      2174743.250
                                                  6016001.500 r
  U119/Y (INVX1)                       715946.500 6731948.000 f
  U1125/Y (NAND2X1)                    918777.500 7650725.500 r
  U412/Y (AND2X1)                      2174570.500
                                                  9825296.000 r
  U413/Y (INVX1)                       732787.000 10558083.000 f
  U577/Y (AND2X1)                      2035949.000
                                                  12594032.000 f
  U578/Y (INVX1)                       -1175207.000
                                                  11418825.000 r
  U306/Y (AND2X1)                      1881338.000
                                                  13300163.000 r
  U307/Y (INVX1)                       707699.000 14007862.000 f
  U342/Y (AND2X1)                      2034876.000
                                                  16042738.000 f
  U343/Y (INVX1)                       -307496.000
                                                  15735242.000 r
  U1131/Y (INVX1)                      651994.000 16387236.000 f
  U1132/Y (NAND2X1)                    1291774.000
                                                  17679010.000 r
  U308/Y (AND2X1)                      2174400.000
                                                  19853410.000 r
  U309/Y (INVX1)                       715620.000 20569030.000 f
  U593/Y (AND2X1)                      2034872.000
                                                  22603902.000 f
  U594/Y (INVX1)                       -1175162.000
                                                  21428740.000 r
  U591/Y (AND2X1)                      2198884.000
                                                  23627624.000 r
  U592/Y (INVX1)                       707870.000 24335494.000 f
  U1148/Y (NAND2X1)                    1362914.000
                                                  25698408.000 r
  U1150/Y (INVX1)                      1069300.000
                                                  26767708.000 f
  U1151/Y (NAND2X1)                    1284400.000
                                                  28052108.000 r
  U242/Y (AND2X1)                      2174684.000
                                                  30226792.000 r
  U243/Y (INVX1)                       716188.000 30942980.000 f
  U1173/Y (AND2X1)                     2238238.000
                                                  33181218.000 f
  U228/Y (AND2X1)                      2050286.000
                                                  35231504.000 f
  U229/Y (INVX1)                       -1279256.000
                                                  33952248.000 r
  U539/Y (AND2X1)                      2198908.000
                                                  36151156.000 r
  U540/Y (INVX1)                       707636.000 36858792.000 f
  U470/Y (AND2X1)                      2458076.000
                                                  39316868.000 f
  U471/Y (INVX1)                       -229848.000
                                                  39087020.000 r
  U1177/Y (INVX1)                      651868.000 39738888.000 f
  U442/Y (AND2X1)                      2458044.000
                                                  42196932.000 f
  U443/Y (INVX1)                       -1175304.000
                                                  41021628.000 r
  U619/Y (AND2X1)                      2198884.000
                                                  43220512.000 r
  U620/Y (INVX1)                       707868.000 43928380.000 f
  U623/Y (AND2X1)                      2034888.000
                                                  45963268.000 f
  U624/Y (INVX1)                       -1439468.000
                                                  44523800.000 r
  U653/Y (AND2X1)                      2198948.000
                                                  46722748.000 r
  U654/Y (INVX1)                       707624.000 47430372.000 f
  U647/Y (AND2X1)                      2034876.000
                                                  49465248.000 f
  U648/Y (INVX1)                       -1327912.000
                                                  48137336.000 r
  U1216/Y (NAND2X1)                    927140.000 49064476.000 f
  U496/Y (INVX1)                       226412.000 49290888.000 r
  U497/Y (INVX1)                       646452.000 49937340.000 f
  U1217/Y (NAND2X1)                    1285980.000
                                                  51223320.000 r
  U828/Y (AND2X1)                      1830392.000
                                                  53053712.000 r
  U829/Y (INVX1)                       713604.000 53767316.000 f
  U1219/Y (NAND2X1)                    1285896.000
                                                  55053212.000 r
  U705/Y (AND2X1)                      1818720.000
                                                  56871932.000 r
  U706/Y (INVX1)                       715896.000 57587828.000 f
  U1222/Y (NAND2X1)                    1297380.000
                                                  58885208.000 r
  U651/Y (AND2X1)                      2174256.000
                                                  61059464.000 r
  U652/Y (INVX1)                       715668.000 61775132.000 f
  U1223/Y (NAND2X1)                    1291588.000
                                                  63066720.000 r
  U1225/Y (OR2X1)                      2330136.000
                                                  65396856.000 r
  U657/Y (AND2X1)                      2196640.000
                                                  67593496.000 r
  U658/Y (INVX1)                       708376.000 68301872.000 f
  U354/Y (AND2X1)                      2034872.000
                                                  70336744.000 f
  U355/Y (INVX1)                       -229920.000
                                                  70106824.000 r
  U1231/Y (INVX1)                      651872.000 70758696.000 f
  U330/Y (AND2X1)                      2034896.000
                                                  72793592.000 f
  U331/Y (INVX1)                       -1175216.000
                                                  71618376.000 r
  U276/Y (AND2X1)                      2198888.000
                                                  73817264.000 r
  U277/Y (INVX1)                       707648.000 74524912.000 f
  U274/Y (AND2X1)                      2458072.000
                                                  76982984.000 f
  U275/Y (INVX1)                       -1187296.000
                                                  75795688.000 r
  U531/Y (AND2X1)                      1881840.000
                                                  77677528.000 r
  U532/Y (INVX1)                       708368.000 78385896.000 f
  U148/Y (AND2X1)                      2034920.000
                                                  80420816.000 f
  U149/Y (INVX1)                       -1291560.000
                                                  79129256.000 r
  U1241/Y (OR2X1)                      1634304.000
                                                  80763560.000 r
  U772/Y (AND2X1)                      2201128.000
                                                  82964688.000 r
  U112/Y (AND2X1)                      1835992.000
                                                  84800680.000 r
  U113/Y (INVX1)                       717080.000 85517760.000 f
  U597/Y (AND2X1)                      2458080.000
                                                  87975840.000 f
  U598/Y (INVX1)                       -1163120.000
                                                  86812720.000 r
  U533/Y (AND2X1)                      2198696.000
                                                  89011416.000 r
  U534/Y (INVX1)                       708600.000 89720016.000 f
  U1259/Y (OR2X1)                      2115184.000
                                                  91835200.000 f
  U669/Y (AND2X1)                      2434376.000
                                                  94269576.000 f
  U670/Y (INVX1)                       -1340464.000
                                                  92929112.000 r
  U555/Y (AND2X1)                      1881928.000
                                                  94811040.000 r
  U556/Y (INVX1)                       715848.000 95526888.000 f
  U1260/Y (XOR2X1)                     2989920.000
                                                  98516808.000 f
  U1261/Y (NAND2X1)                    1749520.000
                                                  100266328.000 r
  U498/Y (INVX1)                       977768.000 101244096.000 f
  U499/Y (INVX1)                       452072.000 101696168.000 r
  U746/Y (XNOR2X1)                     5959936.000
                                                  107656104.000 r
  U747/Y (INVX1)                       961976.000 108618080.000 f
  U326/Y (AND2X1)                      2034792.000
                                                  110652872.000 f
  U327/Y (INVX1)                       -1385160.000
                                                  109267712.000 r
  U1274/Y (AND2X1)                     1975152.000
                                                  111242864.000 r
  U1286/Y (NAND2X1)                    815456.000 112058320.000 f
  U1287/Y (NOR2X1)                     1190056.000
                                                  113248376.000 r
  U282/Y (AND2X1)                      2181848.000
                                                  115430224.000 r
  U283/Y (INVX1)                       713192.000 116143416.000 f
  U294/Y (AND2X1)                      2034872.000
                                                  118178288.000 f
  U295/Y (INVX1)                       -1296320.000
                                                  116881968.000 r
  U1288/Y (NAND2X1)                    802120.000 117684088.000 f
  U695/Y (AND2X1)                      2044144.000
                                                  119728232.000 f
  U696/Y (INVX1)                       -1450768.000
                                                  118277464.000 r
  U713/Y (AND2X1)                      1882000.000
                                                  120159464.000 r
  U714/Y (INVX1)                       715792.000 120875256.000 f
  U1293/Y (NAND2X1)                    1285616.000
                                                  122160872.000 r
  U136/Y (AND2X1)                      2174584.000
                                                  124335456.000 r
  U137/Y (INVX1)                       715560.000 125051016.000 f
  U1294/Y (NAND2X1)                    924536.000 125975552.000 r
  U683/Y (AND2X1)                      1818360.000
                                                  127793912.000 r
  U684/Y (INVX1)                       715368.000 128509280.000 f
  U687/Y (AND2X1)                      2458080.000
                                                  130967360.000 f
  U688/Y (INVX1)                       -1187240.000
                                                  129780120.000 r
  U1307/Y (NAND2X1)                    1050000.000
                                                  130830120.000 f
  U1308/Y (NAND2X1)                    892032.000 131722152.000 r
  U1309/Y (OR2X1)                      2340040.000
                                                  134062192.000 r
  U585/Y (AND2X1)                      1876048.000
                                                  135938240.000 r
  U586/Y (INVX1)                       713568.000 136651808.000 f
  U1311/Y (NAND2X1)                    913216.000 137565024.000 r
  out[0] (out)                            0.000   137565024.000 r
  data arrival time                               137565024.000

  clock clk (rise edge)                200000000.000
                                                  200000000.000
  clock network delay (ideal)             0.000   200000000.000
  output external delay                   0.000   200000000.000
  data required time                              200000000.000
  -----------------------------------------------------------
  data required time                              200000000.000
  data arrival time                               -137565024.000
  -----------------------------------------------------------
  slack (MET)                                     62434976.000


1
