 
****************************************
Report : timing
        -path full
        -delay max
        -max_paths 1
Design : top
Version: S-2021.06-SP2
Date   : Fri Dec 16 14:20:01 2022
****************************************

Operating Conditions: TT   Library: PPDK_Standard_Library_0.8V_25C_TYP_X1
Wire Load Model Mode: top

  Startpoint: inp[40] (input port clocked by clk)
  Endpoint: out[0] (output port clocked by clk)
  Path Group: clk
  Path Type: max

  Point                                    Incr       Path
  -----------------------------------------------------------
  clock clk (rise edge)                   0.000      0.000
  clock network delay (ideal)             0.000      0.000
  input external delay                    0.000      0.000 r
  inp[40] (in)                            0.000      0.000 r
  U672/Y (AND2X1)                      2511308.500
                                                  2511308.500 r
  U673/Y (INVX1)                       793861.500 3305170.000 f
  U713/Y (NAND2X1)                     1260974.000
                                                  4566144.000 r
  U719/Y (NAND2X1)                     2548670.000
                                                  7114814.000 f
  U720/Y (AND2X1)                      2832918.000
                                                  9947732.000 f
  U531/Y (INVX1)                       -128186.000
                                                  9819546.000 r
  U532/Y (INVX1)                       790774.000 10610320.000 f
  U723/Y (XOR2X1)                      5234983.000
                                                  15845303.000 r
  U627/Y (XNOR2X1)                     6627697.000
                                                  22473000.000 r
  U628/Y (INVX1)                       1045446.000
                                                  23518446.000 f
  U572/Y (XOR2X1)                      5942138.000
                                                  29460584.000 r
  U767/Y (OR2X1)                       5446892.000
                                                  34907476.000 r
  U776/Y (NAND2X1)                     1710656.000
                                                  36618132.000 f
  U777/Y (XOR2X1)                      3762304.000
                                                  40380436.000 f
  U815/Y (NAND2X1)                     1178100.000
                                                  41558536.000 r
  U831/Y (NAND2X1)                     2061508.000
                                                  43620044.000 f
  U832/Y (NAND2X1)                     1170856.000
                                                  44790900.000 r
  U836/Y (OR2X1)                       5193012.000
                                                  49983912.000 r
  U840/Y (NAND2X1)                     1361004.000
                                                  51344916.000 f
  U841/Y (NAND2X1)                     1171480.000
                                                  52516396.000 r
  U842/Y (OR2X1)                       5153228.000
                                                  57669624.000 r
  U846/Y (NAND2X1)                     1004960.000
                                                  58674584.000 f
  U847/Y (NAND2X1)                     835312.000 59509896.000 r
  U851/Y (NOR2X1)                      959548.000 60469444.000 f
  U652/Y (AND2X1)                      2304208.000
                                                  62773652.000 f
  U653/Y (INVX1)                       -1275356.000
                                                  61498296.000 r
  U880/Y (NAND2X1)                     1004972.000
                                                  62503268.000 f
  U881/Y (NOR2X1)                      1072256.000
                                                  63575524.000 r
  U684/Y (OR2X1)                       2230876.000
                                                  65806400.000 r
  U685/Y (INVX1)                       772072.000 66578472.000 f
  U1437/Y (XOR2X1)                     5234008.000
                                                  71812480.000 r
  U1438/Y (OR2X1)                      5909040.000
                                                  77721520.000 r
  U1439/Y (NAND2X1)                    1367184.000
                                                  79088704.000 f
  U1440/Y (NAND2X1)                    1165928.000
                                                  80254632.000 r
  U1441/Y (NAND2X1)                    2130664.000
                                                  82385296.000 f
  U1442/Y (XOR2X1)                     6267912.000
                                                  88653208.000 r
  U1445/Y (NAND2X1)                    2801640.000
                                                  91454848.000 f
  U1446/Y (NAND2X1)                    1171552.000
                                                  92626400.000 r
  U503/Y (XNOR2X1)                     7042816.000
                                                  99669216.000 r
  U504/Y (INVX1)                       989008.000 100658224.000 f
  U1471/Y (NOR2X1)                     1064640.000
                                                  101722864.000 r
  U1475/Y (NAND2X1)                    1039856.000
                                                  102762720.000 f
  U1476/Y (NAND2X1)                    1630800.000
                                                  104393520.000 r
  U1477/Y (INVX1)                      1249008.000
                                                  105642528.000 f
  U1480/Y (NOR2X1)                     1064648.000
                                                  106707176.000 r
  U1483/Y (NAND2X1)                    1039856.000
                                                  107747032.000 f
  U1484/Y (NAND2X1)                    1624920.000
                                                  109371952.000 r
  U1498/Y (INVX1)                      1242936.000
                                                  110614888.000 f
  U1499/Y (NAND2X1)                    1161960.000
                                                  111776848.000 r
  U1500/Y (NAND2X1)                    2206240.000
                                                  113983088.000 f
  U1501/Y (NAND2X1)                    1165864.000
                                                  115148952.000 r
  U1514/Y (NAND2X1)                    1048984.000
                                                  116197936.000 f
  U1515/Y (NOR2X1)                     1080792.000
                                                  117278728.000 r
  U1517/Y (OR2X1)                      3898280.000
                                                  121177008.000 r
  U1518/Y (NAND2X1)                    1715800.000
                                                  122892808.000 f
  U704/Y (AND2X1)                      2847696.000
                                                  125740504.000 f
  U705/Y (INVX1)                       -1263672.000
                                                  124476832.000 r
  U1628/Y (NAND2X1)                    1004696.000
                                                  125481528.000 f
  U1629/Y (NAND2X1)                    1171456.000
                                                  126652984.000 r
  U1630/Y (NAND2X1)                    2158128.000
                                                  128811112.000 f
  U1631/Y (NAND2X1)                    1630376.000
                                                  130441488.000 r
  U1637/Y (INVX1)                      1247752.000
                                                  131689240.000 f
  U1639/Y (NAND2X1)                    807232.000 132496472.000 r
  U1640/Y (NAND2X1)                    1052224.000
                                                  133548696.000 f
  U1641/Y (NAND2X1)                    1171832.000
                                                  134720528.000 r
  U1646/Y (OR2X1)                      5166000.000
                                                  139886528.000 r
  U1647/Y (NAND2X1)                    1715792.000
                                                  141602320.000 f
  U1648/Y (NAND2X1)                    1625568.000
                                                  143227888.000 r
  U1657/Y (INVX1)                      1241520.000
                                                  144469408.000 f
  U1658/Y (NAND2X1)                    1161952.000
                                                  145631360.000 r
  U1659/Y (NAND2X1)                    2206336.000
                                                  147837696.000 f
  U1660/Y (NAND2X1)                    1165888.000
                                                  149003584.000 r
  U1661/Y (NAND2X1)                    2148512.000
                                                  151152096.000 f
  U1668/Y (NAND2X1)                    1274080.000
                                                  152426176.000 r
  U1674/Y (INVX1)                      1244928.000
                                                  153671104.000 f
  U1675/Y (NAND2X1)                    807248.000 154478352.000 r
  U1676/Y (NAND2X1)                    2160192.000
                                                  156638544.000 f
  U567/Y (AND2X1)                      2832944.000
                                                  159471488.000 f
  U568/Y (INVX1)                       -33984.000 159437504.000 r
  U1695/Y (INVX1)                      849488.000 160286992.000 f
  U1700/Y (NAND2X1)                    1161984.000
                                                  161448976.000 r
  U1702/Y (NAND2X1)                    1054464.000
                                                  162503440.000 f
  U1703/Y (NAND2X1)                    836864.000 163340304.000 r
  U1704/Y (NAND2X1)                    2206016.000
                                                  165546320.000 f
  U1708/Y (NAND2X1)                    839600.000 166385920.000 r
  U1709/Y (NOR2X1)                     959456.000 167345376.000 f
  U1710/Y (NAND2X1)                    1163696.000
                                                  168509072.000 r
  U1715/Y (NAND2X1)                    1050768.000
                                                  169559840.000 f
  U1717/Y (NAND2X1)                    842256.000 170402096.000 r
  U1722/Y (OR2X1)                      5182224.000
                                                  175584320.000 r
  U1723/Y (NAND2X1)                    1004960.000
                                                  176589280.000 f
  U1724/Y (NAND2X1)                    1171248.000
                                                  177760528.000 r
  U1734/Y (OR2X1)                      5203680.000
                                                  182964208.000 r
  U1735/Y (NAND2X1)                    1361008.000
                                                  184325216.000 f
  U1736/Y (NAND2X1)                    1165584.000
                                                  185490800.000 r
  U1737/Y (NAND2X1)                    2152928.000
                                                  187643728.000 f
  U1739/Y (NAND2X1)                    842432.000 188486160.000 r
  U1740/Y (NOR2X1)                     959600.000 189445760.000 f
  U1741/Y (NOR2X1)                     1068448.000
                                                  190514208.000 r
  U1742/Y (NAND2X1)                    1037248.000
                                                  191551456.000 f
  U549/Y (AND2X1)                      2311760.000
                                                  193863216.000 f
  U550/Y (INVX1)                       -1272560.000
                                                  192590656.000 r
  U1744/Y (NOR2X1)                     955744.000 193546400.000 f
  U1756/Y (NAND2X1)                    827328.000 194373728.000 r
  U1757/Y (NAND2X1)                    2147840.000
                                                  196521568.000 f
  U1758/Y (NAND2X1)                    1165888.000
                                                  197687456.000 r
  U1759/Y (NAND2X1)                    2157184.000
                                                  199844640.000 f
  out[0] (out)                            0.000   199844640.000 f
  data arrival time                               199844640.000

  clock clk (rise edge)                250000000.000
                                                  250000000.000
  clock network delay (ideal)             0.000   250000000.000
  output external delay                   0.000   250000000.000
  data required time                              250000000.000
  -----------------------------------------------------------
  data required time                              250000000.000
  data arrival time                               -199844640.000
  -----------------------------------------------------------
  slack (MET)                                     50155360.000


1
