 
****************************************
Report : timing
        -path full
        -delay max
        -max_paths 1
Design : top
Version: S-2021.06-SP2
Date   : Fri Dec 16 16:46:21 2022
****************************************

Operating Conditions: TT   Library: PPDK_Standard_Library_0.8V_25C_TYP_X1
Wire Load Model Mode: top

  Startpoint: inp[27] (input port clocked by clk)
  Endpoint: out[1] (output port clocked by clk)
  Path Group: clk
  Path Type: max

  Point                                    Incr       Path
  -----------------------------------------------------------
  clock clk (rise edge)                   0.000      0.000
  clock network delay (ideal)             0.000      0.000
  input external delay                    0.000      0.000 f
  inp[27] (in)                            0.000      0.000 f
  U617/Y (NAND2X1)                     1632389.500
                                                  1632389.500 r
  U738/Y (NAND2X1)                     2562460.500
                                                  4194850.000 f
  U740/Y (NAND2X1)                     1276526.000
                                                  5471376.000 r
  U744/Y (INVX1)                       1247111.000
                                                  6718487.000 f
  U745/Y (NAND2X1)                     1167839.000
                                                  7886326.000 r
  U783/Y (NAND2X1)                     1054690.000
                                                  8941016.000 f
  U784/Y (XOR2X1)                      5549700.000
                                                  14490716.000 r
  U786/Y (INVX1)                       1409611.000
                                                  15900327.000 f
  U787/Y (NAND2X1)                     1167813.000
                                                  17068140.000 r
  U791/Y (NAND2X1)                     1052486.000
                                                  18120626.000 f
  U792/Y (NAND2X1)                     1625164.000
                                                  19745790.000 r
  U795/Y (INVX1)                       1242014.000
                                                  20987804.000 f
  U796/Y (NAND2X1)                     1167832.000
                                                  22155636.000 r
  U799/Y (NAND2X1)                     1052482.000
                                                  23208118.000 f
  U800/Y (NAND2X1)                     1625176.000
                                                  24833294.000 r
  U802/Y (INVX1)                       1242022.000
                                                  26075316.000 f
  U803/Y (NAND2X1)                     813048.000 26888364.000 r
  U804/Y (NAND2X1)                     2137522.000
                                                  29025886.000 f
  U806/Y (XOR2X1)                      6275886.000
                                                  35301772.000 r
  U840/Y (OR2X1)                       6909172.000
                                                  42210944.000 r
  U841/Y (NAND2X1)                     1604524.000
                                                  43815468.000 f
  U857/Y (NAND2X1)                     1172288.000
                                                  44987756.000 r
  U858/Y (NAND2X1)                     1048824.000
                                                  46036580.000 f
  U859/Y (NAND2X1)                     1171756.000
                                                  47208336.000 r
  U863/Y (OR2X1)                       5134464.000
                                                  52342800.000 r
  U868/Y (NAND2X1)                     1004960.000
                                                  53347760.000 f
  U869/Y (NAND2X1)                     829648.000 54177408.000 r
  U870/Y (NAND2X1)                     2148736.000
                                                  56326144.000 f
  U432/Y (AND2X1)                      2312592.000
                                                  58638736.000 f
  U433/Y (INVX1)                       -1225580.000
                                                  57413156.000 r
  U873/Y (NOR2X1)                      954164.000 58367320.000 f
  U875/Y (NAND2X1)                     1264136.000
                                                  59631456.000 r
  U398/Y (INVX1)                       1281828.000
                                                  60913284.000 f
  U399/Y (INVX1)                       416660.000 61329944.000 r
  U549/Y (AND2X1)                      2092108.000
                                                  63422052.000 r
  U1976/Y (NAND2X1)                    2083120.000
                                                  65505172.000 f
  U1977/Y (NAND2X1)                    1636692.000
                                                  67141864.000 r
  U1986/Y (INVX1)                      1253072.000
                                                  68394936.000 f
  U1987/Y (XOR2X1)                     5613104.000
                                                  74008040.000 r
  U1989/Y (INVX1)                      1341936.000
                                                  75349976.000 f
  U2342/Y (XOR2X1)                     5941616.000
                                                  81291592.000 r
  U2343/Y (OR2X1)                      5781120.000
                                                  87072712.000 r
  U2360/Y (NAND2X1)                    1004968.000
                                                  88077680.000 f
  U2361/Y (NAND2X1)                    1170856.000
                                                  89248536.000 r
  U2368/Y (NAND2X1)                    2167040.000
                                                  91415576.000 f
  U2369/Y (NAND2X1)                    1171712.000
                                                  92587288.000 r
  U2371/Y (OR2X1)                      5137144.000
                                                  97724432.000 r
  U2372/Y (NAND2X1)                    1717912.000
                                                  99442344.000 f
  U2373/Y (XOR2X1)                     4922736.000
                                                  104365080.000 r
  U2377/Y (NAND2X1)                    1053712.000
                                                  105418792.000 f
  U2378/Y (NAND2X1)                    1171856.000
                                                  106590648.000 r
  U2390/Y (OR2X1)                      5127848.000
                                                  111718496.000 r
  U2403/Y (NAND2X1)                    1364056.000
                                                  113082552.000 f
  U2404/Y (XOR2X1)                     5550744.000
                                                  118633296.000 r
  U2435/Y (INVX1)                      1409024.000
                                                  120042320.000 f
  U2436/Y (NAND2X1)                    1161952.000
                                                  121204272.000 r
  U2437/Y (NAND2X1)                    2206344.000
                                                  123410616.000 f
  U2438/Y (NAND2X1)                    1172216.000
                                                  124582832.000 r
  U2445/Y (OR2X1)                      5140192.000
                                                  129723024.000 r
  U2446/Y (NAND2X1)                    1004968.000
                                                  130727992.000 f
  U2447/Y (NAND2X1)                    1164968.000
                                                  131892960.000 r
  U2448/Y (NAND2X1)                    2153128.000
                                                  134046088.000 f
  U458/Y (AND2X1)                      2832840.000
                                                  136878928.000 f
  U459/Y (INVX1)                       -67392.000 136811536.000 r
  U2449/Y (INVX1)                      842048.000 137653584.000 f
  U2601/Y (NAND2X1)                    1167728.000
                                                  138821312.000 r
  U2602/Y (XOR2X1)                     5225856.000
                                                  144047168.000 f
  U2603/Y (NOR2X1)                     1088880.000
                                                  145136048.000 r
  U2607/Y (NAND2X1)                    1037296.000
                                                  146173344.000 f
  U2609/Y (NAND2X1)                    834592.000 147007936.000 r
  U2613/Y (NAND2X1)                    1048976.000
                                                  148056912.000 f
  U2614/Y (NAND2X1)                    1625088.000
                                                  149682000.000 r
  U2623/Y (INVX1)                      1242112.000
                                                  150924112.000 f
  U2624/Y (NAND2X1)                    1161952.000
                                                  152086064.000 r
  U2625/Y (NAND2X1)                    2206336.000
                                                  154292400.000 f
  U2626/Y (NAND2X1)                    1165872.000
                                                  155458272.000 r
  U2630/Y (NAND2X1)                    1048976.000
                                                  156507248.000 f
  U2631/Y (NAND2X1)                    1165872.000
                                                  157673120.000 r
  U2632/Y (NAND2X1)                    1466832.000
                                                  159139952.000 f
  U2637/Y (INVX1)                      -674096.000
                                                  158465856.000 r
  U2638/Y (NAND2X1)                    1407984.000
                                                  159873840.000 f
  U2639/Y (NAND2X1)                    832512.000 160706352.000 r
  U452/Y (AND2X1)                      2768768.000
                                                  163475120.000 r
  U453/Y (INVX1)                       898160.000 164373280.000 f
  U2641/Y (INVX1)                      440432.000 164813712.000 r
  U2642/Y (NAND2X1)                    1018048.000
                                                  165831760.000 f
  U2643/Y (NAND2X1)                    1630384.000
                                                  167462144.000 r
  U2644/Y (NOR2X1)                     962288.000 168424432.000 f
  U2645/Y (NOR2X1)                     1066912.000
                                                  169491344.000 r
  U2649/Y (NAND2X1)                    1038304.000
                                                  170529648.000 f
  U2651/Y (NAND2X1)                    1273136.000
                                                  171802784.000 r
  U2661/Y (INVX1)                      1241504.000
                                                  173044288.000 f
  U2662/Y (NAND2X1)                    1161952.000
                                                  174206240.000 r
  U2663/Y (NAND2X1)                    2206336.000
                                                  176412576.000 f
  U2664/Y (NAND2X1)                    1625120.000
                                                  178037696.000 r
  U2669/Y (INVX1)                      1242096.000
                                                  179279792.000 f
  U2671/Y (NAND2X1)                    807248.000 180087040.000 r
  U2672/Y (NAND2X1)                    2206240.000
                                                  182293280.000 f
  U2673/Y (NAND2X1)                    1625104.000
                                                  183918384.000 r
  U2682/Y (INVX1)                      1242080.000
                                                  185160464.000 f
  U2683/Y (NAND2X1)                    1161952.000
                                                  186322416.000 r
  U2684/Y (NAND2X1)                    2206336.000
                                                  188528752.000 f
  U2685/Y (NAND2X1)                    1625120.000
                                                  190153872.000 r
  U2692/Y (NAND2X1)                    2547840.000
                                                  192701712.000 f
  U2695/Y (NAND2X1)                    839792.000 193541504.000 r
  U2696/Y (NAND2X1)                    2151968.000
                                                  195693472.000 f
  U2700/Y (OR2X1)                      2403712.000
                                                  198097184.000 f
  U2701/Y (NAND2X1)                    1167008.000
                                                  199264192.000 r
  U466/Y (AND2X1)                      2765712.000
                                                  202029904.000 r
  U467/Y (INVX1)                       899376.000 202929280.000 f
  U2702/Y (NAND2X1)                    811056.000 203740336.000 r
  U2711/Y (NAND2X1)                    1048240.000
                                                  204788576.000 f
  U2712/Y (NAND2X1)                    1171744.000
                                                  205960320.000 r
  U2720/Y (OR2X1)                      5171296.000
                                                  211131616.000 r
  U2721/Y (NAND2X1)                    1361008.000
                                                  212492624.000 f
  U2722/Y (NAND2X1)                    1171776.000
                                                  213664400.000 r
  U2730/Y (OR2X1)                      5169584.000
                                                  218833984.000 r
  U2731/Y (NAND2X1)                    1361008.000
                                                  220194992.000 f
  U2732/Y (NAND2X1)                    1171776.000
                                                  221366768.000 r
  U2740/Y (OR2X1)                      5169584.000
                                                  226536352.000 r
  U2741/Y (NAND2X1)                    1361008.000
                                                  227897360.000 f
  U2742/Y (NAND2X1)                    1171776.000
                                                  229069136.000 r
  U2749/Y (OR2X1)                      5169632.000
                                                  234238768.000 r
  U2750/Y (NAND2X1)                    1361008.000
                                                  235599776.000 f
  U2751/Y (NAND2X1)                    1165888.000
                                                  236765664.000 r
  U2752/Y (NAND2X1)                    2139824.000
                                                  238905488.000 f
  U2756/Y (OR2X1)                      2404224.000
                                                  241309712.000 f
  U2757/Y (NAND2X1)                    1166992.000
                                                  242476704.000 r
  U450/Y (AND2X1)                      2765792.000
                                                  245242496.000 r
  U451/Y (INVX1)                       896912.000 246139408.000 f
  U2772/Y (NOR2X1)                     1065840.000
                                                  247205248.000 r
  U2773/Y (NAND2X1)                    1039792.000
                                                  248245040.000 f
  U2774/Y (NAND2X1)                    1159792.000
                                                  249404832.000 r
  out[1] (out)                            0.000   249404832.000 r
  data arrival time                               249404832.000

  clock clk (rise edge)                250000000.000
                                                  250000000.000
  clock network delay (ideal)             0.000   250000000.000
  output external delay                   0.000   250000000.000
  data required time                              250000000.000
  -----------------------------------------------------------
  data required time                              250000000.000
  data arrival time                               -249404832.000
  -----------------------------------------------------------
  slack (MET)                                     595168.000


1
