****************************************
Report : Averaged Power
Design : top
Version: S-2021.06-SP1
Date   : Wed Dec 14 22:53:45 2022
****************************************



  Attributes
  ----------
      i  -  Including register clock pin internal power
      u  -  User defined power group

                        Internal  Switching  Leakage    Total
Power Group             Power     Power      Power      Power   (     %)  Attrs
--------------------------------------------------------------------------------
clock_network              0.0000    0.0000    0.0000    0.0000 ( 0.00%)  i
register                   0.0000    0.0000    0.0000    0.0000 ( 0.00%)  
combinational           7.036e-04 4.181e-06    0.0110    0.0117 (100.00%) 
sequential                 0.0000    0.0000    0.0000    0.0000 ( 0.00%)  
memory                     0.0000    0.0000    0.0000    0.0000 ( 0.00%)  
io_pad                     0.0000    0.0000    0.0000    0.0000 ( 0.00%)  
black_box                  0.0000    0.0000    0.0000    0.0000 ( 0.00%)  

  Net Switching Power  = 4.181e-06   ( 0.04%)
  Cell Internal Power  = 7.036e-04   ( 6.02%)
  Cell Leakage Power   =    0.0110   (93.95%)
                         ---------
Total Power            =    0.0117  (100.00%)

1
