****************************************
Report : timing
	-path_type full
	-delay_type max
	-max_paths 1
	-sort_by slack
Design : top
Version: S-2021.06-SP1
Date   : Tue Nov 29 14:25:00 2022
****************************************


  Startpoint: inp[8] (input port clocked by clk)
  Endpoint: out[0] (output port clocked by clk)
  Path Group: clk
  Path Type: max

  Point                                    Incr       Path
  ---------------------------------------------------------------
  clock clk (rise edge)                   0.000      0.000
  clock network delay (ideal)             0.000      0.000
  input external delay                    0.000      0.000 r
  inp[8] (in)                             0.000      0.000 r
  U1394/Y (INVX1)                      54336.000  54336.000 f
  U1195/Y (AND2X1)                     2460512.000
                                                  2514848.000 f
  U1196/Y (INVX1)                      -1155392.000
                                                  1359456.000 r
  U502/Y (AND2X1)                      2198496.000
                                                  3557952.000 r
  U503/Y (INVX1)                       725408.000 4283360.000 f
  U2083/Y (INVX1)                      459488.000 4742848.000 r
  U1091/Y (AND2X1)                     2200720.000
                                                  6943568.000 r
  U281/Y (AND2X1)                      2181456.000
                                                  9125024.000 r
  U282/Y (INVX1)                       713536.000 9838560.000 f
  U2514/Y (NAND2X1)                    930032.000 10768592.000 r
  U2517/Y (OR2X1)                      2562768.000
                                                  13331360.000 r
  U2518/Y (NAND2X1)                    1049440.000
                                                  14380800.000 f
  U2520/Y (XOR2X1)                     5392608.000
                                                  19773408.000 r
  U2522/Y (OR2X1)                      2363920.000
                                                  22137328.000 r
  U2523/Y (NAND2X1)                    1051984.000
                                                  23189312.000 f
  U2548/Y (XOR2X1)                     5344624.000
                                                  28533936.000 r
  U2550/Y (INVX1)                      1250864.000
                                                  29784800.000 f
  U2551/Y (NAND2X1)                    1289744.000
                                                  31074544.000 r
  U2575/Y (NAND2X1)                    849376.000 31923920.000 f
  U2576/Y (XOR2X1)                     5244672.000
                                                  37168592.000 r
  U2581/Y (XOR2X1)                     4334560.000
                                                  41503152.000 f
  U2603/Y (NAND2X1)                    836976.000 42340128.000 r
  U2604/Y (AND2X1)                     2794864.000
                                                  45134992.000 r
  U2659/Y (XOR2X1)                     4762112.000
                                                  49897104.000 f
  U2678/Y (XOR2X1)                     5748880.000
                                                  55645984.000 r
  U2679/Y (XOR2X1)                     4660016.000
                                                  60306000.000 f
  U2766/Y (XOR2X1)                     5976864.000
                                                  66282864.000 r
  U385/Y (AND2X1)                      2176192.000
                                                  68459056.000 r
  U386/Y (INVX1)                       715040.000 69174096.000 f
  U2767/Y (NAND2X1)                    1362960.000
                                                  70537056.000 r
  U2769/Y (INVX1)                      1096368.000
                                                  71633424.000 f
  U2770/Y (NAND2X1)                    924976.000 72558400.000 r
  U745/Y (AND2X1)                      1795392.000
                                                  74353792.000 r
  U746/Y (INVX1)                       715232.000 75069024.000 f
  U515/Y (AND2X1)                      2458080.000
                                                  77527104.000 f
  U516/Y (INVX1)                       -217616.000
                                                  77309488.000 r
  U2775/Y (INVX1)                      657056.000 77966544.000 f
  U2787/Y (NAND2X1)                    1285952.000
                                                  79252496.000 r
  U2788/Y (AND2X1)                     2573888.000
                                                  81826384.000 r
  U2792/Y (NAND2X1)                    929408.000 82755792.000 f
  U552/Y (INVX1)                       226480.000 82982272.000 r
  U553/Y (INVX1)                       647184.000 83629456.000 f
  U2863/Y (NAND2X1)                    1752768.000
                                                  85382224.000 r
  U1222/Y (AND2X1)                     2133552.000
                                                  87515776.000 r
  U285/Y (AND2X1)                      2180448.000
                                                  89696224.000 r
  U286/Y (INVX1)                       713872.000 90410096.000 f
  U3849/Y (NAND2X1)                    935664.000 91345760.000 r
  U3924/Y (XOR2X1)                     4835488.000
                                                  96181248.000 f
  U3928/Y (XOR2X1)                     5089296.000
                                                  101270544.000 r
  U909/Y (AND2X1)                      2173536.000
                                                  103444080.000 r
  U910/Y (INVX1)                       715904.000 104159984.000 f
  U3929/Y (NAND2X1)                    1752768.000
                                                  105912752.000 r
  U3931/Y (INVX1)                      1216880.000
                                                  107129632.000 f
  U1019/Y (AND2X1)                     2458368.000
                                                  109588000.000 f
  U1020/Y (INVX1)                      -1173184.000
                                                  108414816.000 r
  U4079/Y (NAND2X1)                    802512.000 109217328.000 f
  U4080/Y (XOR2X1)                     5353680.000
                                                  114571008.000 r
  U4081/Y (INVX1)                      1253712.000
                                                  115824720.000 f
  U4082/Y (NAND2X1)                    1283920.000
                                                  117108640.000 r
  U643/Y (AND2X1)                      1819152.000
                                                  118927792.000 r
  U644/Y (INVX1)                       715168.000 119642960.000 f
  U4084/Y (NAND2X1)                    1291576.000
                                                  120934536.000 r
  U4086/Y (OR2X1)                      2339984.000
                                                  123274520.000 r
  U1049/Y (AND2X1)                     2199592.000
                                                  125474112.000 r
  U1050/Y (INVX1)                      707416.000 126181528.000 f
  U4088/Y (NAND2X1)                    1752760.000
                                                  127934288.000 r
  U4089/Y (INVX1)                      1216840.000
                                                  129151128.000 f
  U1055/Y (AND2X1)                     2034704.000
                                                  131185832.000 f
  U1056/Y (INVX1)                      -1527080.000
                                                  129658752.000 r
  U1071/Y (AND2X1)                     2199152.000
                                                  131857904.000 r
  U1072/Y (INVX1)                      707560.000 132565464.000 f
  U4094/Y (NAND2X1)                    1752760.000
                                                  134318224.000 r
  U4095/Y (INVX1)                      1216848.000
                                                  135535072.000 f
  U1043/Y (AND2X1)                     2034688.000
                                                  137569760.000 f
  U1044/Y (INVX1)                      -1523008.000
                                                  136046752.000 r
  U4098/Y (NAND2X1)                    800384.000 136847136.000 f
  U4101/Y (NAND2X1)                    1345440.000
                                                  138192576.000 r
  U4102/Y (INVX1)                      1116784.000
                                                  139309360.000 f
  U4103/Y (NAND2X1)                    1284224.000
                                                  140593584.000 r
  U651/Y (AND2X1)                      1819088.000
                                                  142412672.000 r
  U652/Y (INVX1)                       715168.000 143127840.000 f
  U4105/Y (NAND2X1)                    1285600.000
                                                  144413440.000 r
  U4106/Y (NAND2X1)                    848304.000 145261744.000 f
  U4108/Y (NAND2X1)                    892016.000 146153760.000 r
  U4113/Y (NAND2X1)                    869408.000 147023168.000 f
  U4114/Y (NAND2X1)                    1400176.000
                                                  148423344.000 r
  U4115/Y (NAND2X1)                    1156160.000
                                                  149579504.000 f
  U606/Y (NAND2X1)                     1775024.000
                                                  151354528.000 r
  U566/Y (INVX1)                       1101216.000
                                                  152455744.000 f
  U567/Y (INVX1)                       969408.000 153425152.000 r
  U4116/Y (INVX1)                      646752.000 154071904.000 f
  U4167/Y (NAND2X1)                    1286816.000
                                                  155358720.000 r
  U4169/Y (NAND2X1)                    850592.000 156209312.000 f
  U4172/Y (NOR2X1)                     1196816.000
                                                  157406128.000 r
  U4174/Y (NOR2X1)                     99088.000  157505216.000 f
  U4176/Y (NAND2X1)                    878608.000 158383824.000 r
  U4178/Y (NAND2X1)                    866736.000 159250560.000 f
  U4184/Y (OR2X1)                      2087744.000
                                                  161338304.000 f
  U4185/Y (NAND2X1)                    1752560.000
                                                  163090864.000 r
  U4186/Y (INVX1)                      1069488.000
                                                  164160352.000 f
  U4187/Y (NAND2X1)                    1284384.000
                                                  165444736.000 r
  U4191/Y (NAND2X1)                    848096.000 166292832.000 f
  U4193/Y (NAND2X1)                    1342752.000
                                                  167635584.000 r
  U4194/Y (INVX1)                      1097088.000
                                                  168732672.000 f
  U4198/Y (NAND2X1)                    919328.000 169652000.000 r
  U4203/Y (NAND2X1)                    848032.000 170500032.000 f
  U4205/Y (NAND2X1)                    879616.000 171379648.000 r
  U4206/Y (NAND2X1)                    1156672.000
                                                  172536320.000 f
  U4208/Y (NAND2X1)                    1341712.000
                                                  173878032.000 r
  U4209/Y (INVX1)                      1095952.000
                                                  174973984.000 f
  U4214/Y (NAND2X1)                    919312.000 175893296.000 r
  U4218/Y (NAND2X1)                    848112.000 176741408.000 f
  U4220/Y (NAND2X1)                    1343136.000
                                                  178084544.000 r
  U4224/Y (INVX1)                      1096416.000
                                                  179180960.000 f
  U4225/Y (NAND2X1)                    919328.000 180100288.000 r
  U687/Y (AND2X1)                      2167680.000
                                                  182267968.000 r
  U545/Y (INVX1)                       736800.000 183004768.000 f
  U4240/Y (NAND2X1)                    914752.000 183919520.000 r
  U4242/Y (NAND2X1)                    931408.000 184850928.000 f
  U4243/Y (NOR2X1)                     1195200.000
                                                  186046128.000 r
  U4249/Y (NOR2X1)                     101456.000 186147584.000 f
  U4253/Y (NAND2X1)                    880288.000 187027872.000 r
  U4255/Y (NAND2X1)                    866944.000 187894816.000 f
  U4261/Y (OR2X1)                      2087728.000
                                                  189982544.000 f
  U4262/Y (NAND2X1)                    1425200.000
                                                  191407744.000 r
  U4263/Y (OR2X1)                      2655744.000
                                                  194063488.000 r
  U4267/Y (NAND2X1)                    797424.000 194860912.000 f
  U4269/Y (NAND2X1)                    885424.000 195746336.000 r
  U4273/Y (OR2X1)                      2609920.000
                                                  198356256.000 r
  U4274/Y (NAND2X1)                    804768.000 199161024.000 f
  U4276/Y (NAND2X1)                    885440.000 200046464.000 r
  U4277/Y (OR2X1)                      2562112.000
                                                  202608576.000 r
  U4282/Y (NAND2X1)                    797424.000 203406000.000 f
  U4284/Y (NAND2X1)                    1341792.000
                                                  204747792.000 r
  U4285/Y (INVX1)                      1096592.000
                                                  205844384.000 f
  U4290/Y (NAND2X1)                    919312.000 206763696.000 r
  U4295/Y (NAND2X1)                    848096.000 207611792.000 f
  U4297/Y (NAND2X1)                    885264.000 208497056.000 r
  U4298/Y (OR2X1)                      2606848.000
                                                  211103904.000 r
  U4300/Y (NAND2X1)                    799216.000 211903120.000 f
  U598/Y (NAND2X1)                     1386432.000
                                                  213289552.000 r
  U583/Y (INVX1)                       1107568.000
                                                  214397120.000 f
  U584/Y (INVX1)                       976208.000 215373328.000 r
  U1229/Y (INVX1)                      651792.000 216025120.000 f
  U4306/Y (NOR2X1)                     1157968.000
                                                  217183088.000 r
  U4310/Y (NOR2X1)                     101424.000 217284512.000 f
  U4313/Y (NAND2X1)                    886304.000 218170816.000 r
  U4316/Y (OR2X1)                      2561248.000
                                                  220732064.000 r
  U4321/Y (NAND2X1)                    797424.000 221529488.000 f
  U4323/Y (NAND2X1)                    885520.000 222415008.000 r
  U4327/Y (OR2X1)                      2605504.000
                                                  225020512.000 r
  U4331/Y (NAND2X1)                    797440.000 225817952.000 f
  U4333/Y (NAND2X1)                    885168.000 226703120.000 r
  U4337/Y (OR2X1)                      2605392.000
                                                  229308512.000 r
  U4342/Y (NAND2X1)                    797248.000 230105760.000 f
  U4344/Y (NAND2X1)                    879296.000 230985056.000 r
  U4345/Y (NAND2X1)                    1156032.000
                                                  232141088.000 f
  U4347/Y (NAND2X1)                    885184.000 233026272.000 r
  U4352/Y (OR2X1)                      2605440.000
                                                  235631712.000 r
  U4355/Y (NAND2X1)                    797072.000 236428784.000 f
  U4357/Y (NAND2X1)                    887088.000 237315872.000 r
  U4365/Y (NAND2X1)                    866864.000 238182736.000 f
  U4369/Y (NAND2X1)                    879600.000 239062336.000 r
  U4370/Y (NAND2X1)                    1155744.000
                                                  240218080.000 f
  U4372/Y (OR2X1)                      2087728.000
                                                  242305808.000 f
  U4374/Y (NAND2X1)                    872176.000 243177984.000 r
  U1204/Y (AND2X1)                     1809824.000
                                                  244987808.000 r
  U349/Y (AND2X1)                      2180976.000
                                                  247168784.000 r
  U350/Y (INVX1)                       713488.000 247882272.000 f
  U4382/Y (NAND2X1)                    918864.000 248801136.000 r
  U4387/Y (NAND2X1)                    862976.000 249664112.000 f
  out[0] (out)                            0.000   249664112.000 f
  data arrival time                               249664112.000

  clock clk (rise edge)                250000000.000
                                                  250000000.000
  clock network delay (ideal)             0.000   250000000.000
  clock reconvergence pessimism           0.000   250000000.000
  output external delay                   0.000   250000000.000
  data required time                              250000000.000
  ---------------------------------------------------------------
  data required time                              250000000.000
  data arrival time                               -249664112.000
  ---------------------------------------------------------------
  slack (MET)                                     335888.000


1
