****************************************
Report : timing
	-path_type full
	-delay_type max
	-max_paths 1
	-sort_by slack
Design : top
Version: S-2021.06-SP1
Date   : Fri Dec 16 16:03:02 2022
****************************************


  Startpoint: inp[28] (input port clocked by clk)
  Endpoint: out[0] (output port clocked by clk)
  Path Group: clk
  Path Type: max

  Point                                    Incr       Path
  ---------------------------------------------------------------
  clock clk (rise edge)                   0.000      0.000
  clock network delay (ideal)             0.000      0.000
  input external delay                    0.000      0.000 f
  inp[28] (in)                            0.000      0.000 f
  U1876/Y (XOR2X1)                     5930368.000
                                                  5930368.000 r
  U444/Y (XNOR2X1)                     6627696.000
                                                  12558064.000 r
  U644/Y (INVX1)                       1046256.000
                                                  13604320.000 f
  U457/Y (XNOR2X1)                     7124688.000
                                                  20729008.000 f
  U263/Y (XNOR2X1)                     4812352.000
                                                  25541360.000 r
  U264/Y (INVX1)                       1000528.000
                                                  26541888.000 f
  U1903/Y (OR2X1)                      2431360.000
                                                  28973248.000 f
  U1904/Y (NAND2X1)                    1167104.000
                                                  30140352.000 r
  U1905/Y (NAND2X1)                    2113824.000
                                                  32254176.000 f
  U1919/Y (XNOR2X1)                    6771152.000
                                                  39025328.000 f
  U1920/Y (XOR2X1)                     6271696.000
                                                  45297024.000 r
  U1990/Y (INVX1)                      1341776.000
                                                  46638800.000 f
  U1991/Y (NAND2X1)                    1161968.000
                                                  47800768.000 r
  U1992/Y (NAND2X1)                    2206192.000
                                                  50006960.000 f
  U1993/Y (NAND2X1)                    1636736.000
                                                  51643696.000 r
  U2028/Y (INVX1)                      1251888.000
                                                  52895584.000 f
  U2029/Y (NAND2X1)                    807232.000 53702816.000 r
  U2030/Y (NAND2X1)                    2206224.000
                                                  55909040.000 f
  U2031/Y (NAND2X1)                    1177504.000
                                                  57086544.000 r
  U560/Y (XNOR2X1)                     7044352.000
                                                  64130896.000 r
  U561/Y (INVX1)                       1044672.000
                                                  65175568.000 f
  U2036/Y (NAND2X1)                    1185520.000
                                                  66361088.000 r
  U2053/Y (NAND2X1)                    1463584.000
                                                  67824672.000 f
  U406/Y (INVX1)                       372736.000 68197408.000 r
  U407/Y (INVX1)                       831248.000 69028656.000 f
  U3137/Y (NOR2X1)                     1542576.000
                                                  70571232.000 r
  U3138/Y (NAND2X1)                    2333280.000
                                                  72904512.000 f
  U3147/Y (NAND2X1)                    1624512.000
                                                  74529024.000 r
  U3158/Y (INVX1)                      1244032.000
                                                  75773056.000 f
  U3171/Y (XOR2X1)                     5941280.000
                                                  81714336.000 r
  U311/Y (XNOR2X1)                     6627568.000
                                                  88341904.000 r
  U312/Y (INVX1)                       1045952.000
                                                  89387856.000 f
  U251/Y (XNOR2X1)                     4667360.000
                                                  94055216.000 r
  U252/Y (INVX1)                       1047840.000
                                                  95103056.000 f
  U3172/Y (XOR2X1)                     6270048.000
                                                  101373104.000 r
  U590/Y (XNOR2X1)                     7265264.000
                                                  108638368.000 r
  U591/Y (INVX1)                       1110384.000
                                                  109748752.000 f
  U3268/Y (XOR2X1)                     6261832.000
                                                  116010584.000 r
  U3269/Y (INVX1)                      1341168.000
                                                  117351752.000 f
  U3272/Y (NAND2X1)                    1161944.000
                                                  118513696.000 r
  U3290/Y (NAND2X1)                    1052232.000
                                                  119565928.000 f
  U3292/Y (NAND2X1)                    836864.000 120402792.000 r
  U3293/Y (NAND2X1)                    2140376.000
                                                  122543168.000 f
  U3295/Y (NAND2X1)                    836864.000 123380032.000 r
  U3296/Y (NAND2X1)                    2149552.000
                                                  125529584.000 f
  U3298/Y (NAND2X1)                    836864.000 126366448.000 r
  U3299/Y (NAND2X1)                    2140376.000
                                                  128506824.000 f
  U3301/Y (NAND2X1)                    836864.000 129343688.000 r
  U3302/Y (NAND2X1)                    2140376.000
                                                  131484064.000 f
  U3305/Y (NAND2X1)                    835568.000 132319632.000 r
  U3316/Y (NAND2X1)                    1052000.000
                                                  133371632.000 f
  U429/Y (NAND2X1)                     1268304.000
                                                  134639936.000 r
  U465/Y (INVX1)                       1243632.000
                                                  135883568.000 f
  U3342/Y (NAND2X1)                    813328.000 136696896.000 r
  U3343/Y (XOR2X1)                     5226688.000
                                                  141923584.000 f
  U3344/Y (NAND2X1)                    1171344.000
                                                  143094928.000 r
  U3353/Y (NAND2X1)                    1044432.000
                                                  144139360.000 f
  U3356/Y (NAND2X1)                    835680.000 144975040.000 r
  U3365/Y (NAND2X1)                    1048608.000
                                                  146023648.000 f
  U3368/Y (NAND2X1)                    836320.000 146859968.000 r
  U3369/Y (NAND2X1)                    2142000.000
                                                  149001968.000 f
  U3372/Y (NAND2X1)                    836848.000 149838816.000 r
  U3381/Y (NAND2X1)                    1048608.000
                                                  150887424.000 f
  U3384/Y (NAND2X1)                    836320.000 151723744.000 r
  U3385/Y (NAND2X1)                    2142000.000
                                                  153865744.000 f
  U3388/Y (NAND2X1)                    836848.000 154702592.000 r
  U3397/Y (NAND2X1)                    1048608.000
                                                  155751200.000 f
  U3400/Y (NAND2X1)                    836320.000 156587520.000 r
  U3401/Y (NAND2X1)                    2142000.000
                                                  158729520.000 f
  U3404/Y (NAND2X1)                    836848.000 159566368.000 r
  U3413/Y (NAND2X1)                    1050880.000
                                                  160617248.000 f
  U383/Y (NAND2X1)                     1268224.000
                                                  161885472.000 r
  U344/Y (INVX1)                       1283072.000
                                                  163168544.000 f
  U345/Y (INVX1)                       458880.000 163627424.000 r
  U3449/Y (NAND2X1)                    1018688.000
                                                  164646112.000 f
  U3451/Y (NAND2X1)                    1277440.000
                                                  165923552.000 r
  U3452/Y (INVX1)                      1246528.000
                                                  167170080.000 f
  U3453/Y (NAND2X1)                    1161952.000
                                                  168332032.000 r
  U3462/Y (NAND2X1)                    1052224.000
                                                  169384256.000 f
  U3465/Y (NAND2X1)                    836864.000 170221120.000 r
  U3466/Y (NAND2X1)                    2142016.000
                                                  172363136.000 f
  U3469/Y (NAND2X1)                    836864.000 173200000.000 r
  U3478/Y (NAND2X1)                    1048608.000
                                                  174248608.000 f
  U3481/Y (NAND2X1)                    836320.000 175084928.000 r
  U3482/Y (NAND2X1)                    2142016.000
                                                  177226944.000 f
  U3485/Y (NAND2X1)                    836864.000 178063808.000 r
  U3494/Y (NAND2X1)                    1048608.000
                                                  179112416.000 f
  U3497/Y (NAND2X1)                    836320.000 179948736.000 r
  U3498/Y (NAND2X1)                    2142016.000
                                                  182090752.000 f
  U3501/Y (NAND2X1)                    836864.000 182927616.000 r
  U3502/Y (NAND2X1)                    2142016.000
                                                  185069632.000 f
  U392/Y (AND2X1)                      2312544.000
                                                  187382176.000 f
  U393/Y (INVX1)                       26336.000  187408512.000 r
  U3527/Y (NAND2X1)                    1050848.000
                                                  188459360.000 f
  U3529/Y (NAND2X1)                    842272.000 189301632.000 r
  U3533/Y (OR2X1)                      5139968.000
                                                  194441600.000 r
  U3541/Y (NAND2X1)                    1004960.000
                                                  195446560.000 f
  U3543/Y (NAND2X1)                    835312.000 196281872.000 r
  U685/Y (OR2X1)                       5168976.000
                                                  201450848.000 r
  U3547/Y (NAND2X1)                    1004960.000
                                                  202455808.000 f
  U3549/Y (NAND2X1)                    835328.000 203291136.000 r
  U3553/Y (OR2X1)                      5169984.000
                                                  208461120.000 r
  U3554/Y (NAND2X1)                    1360992.000
                                                  209822112.000 f
  U3556/Y (NAND2X1)                    842080.000 210664192.000 r
  U3557/Y (OR2X1)                      5170432.000
                                                  215834624.000 r
  U3558/Y (NAND2X1)                    1360992.000
                                                  217195616.000 f
  U3560/Y (NAND2X1)                    842064.000 218037680.000 r
  U3561/Y (OR2X1)                      5169936.000
                                                  223207616.000 r
  U3562/Y (NAND2X1)                    1360992.000
                                                  224568608.000 f
  U3564/Y (NAND2X1)                    842080.000 225410688.000 r
  U409/Y (OR2X1)                       5169968.000
                                                  230580656.000 r
  U3569/Y (NAND2X1)                    1361008.000
                                                  231941664.000 f
  U3570/Y (NAND2X1)                    1171760.000
                                                  233113424.000 r
  U3585/Y (NAND2X1)                    2153728.000
                                                  235267152.000 f
  U3586/Y (NAND2X1)                    1171760.000
                                                  236438912.000 r
  U689/Y (OR2X1)                       5170368.000
                                                  241609280.000 r
  U3595/Y (NAND2X1)                    1004960.000
                                                  242614240.000 f
  U3596/Y (NAND2X1)                    1624576.000
                                                  244238816.000 r
  U3597/Y (INVX1)                      1243968.000
                                                  245482784.000 f
  U3598/Y (NOR2X1)                     1070752.000
                                                  246553536.000 r
  U3609/Y (NAND2X1)                    1991536.000
                                                  248545072.000 f
  U3610/Y (NAND2X1)                    1159968.000
                                                  249705040.000 r
  out[0] (out)                            0.000   249705040.000 r
  data arrival time                               249705040.000

  clock clk (rise edge)                250000000.000
                                                  250000000.000
  clock network delay (ideal)             0.000   250000000.000
  clock reconvergence pessimism           0.000   250000000.000
  output external delay                   0.000   250000000.000
  data required time                              250000000.000
  ---------------------------------------------------------------
  data required time                              250000000.000
  data arrival time                               -249705040.000
  ---------------------------------------------------------------
  slack (MET)                                     294960.000


1
