 
****************************************
Report : timing
        -path full
        -delay max
        -max_paths 1
Design : top
Version: S-2021.06-SP2
Date   : Fri Dec 16 16:02:57 2022
****************************************

Operating Conditions: TT   Library: PPDK_Standard_Library_0.8V_25C_TYP_X1
Wire Load Model Mode: top

  Startpoint: inp[28] (input port clocked by clk)
  Endpoint: out[0] (output port clocked by clk)
  Path Group: clk
  Path Type: max

  Point                                    Incr       Path
  -----------------------------------------------------------
  clock clk (rise edge)                   0.000      0.000
  clock network delay (ideal)             0.000      0.000
  input external delay                    0.000      0.000 f
  inp[28] (in)                            0.000      0.000 f
  U1876/Y (XOR2X1)                     5930368.000
                                                  5930368.000 r
  U444/Y (XNOR2X1)                     6627638.000
                                                  12558006.000 r
  U644/Y (INVX1)                       1046255.000
                                                  13604261.000 f
  U457/Y (XNOR2X1)                     7124693.000
                                                  20728954.000 f
  U263/Y (XNOR2X1)                     4812434.000
                                                  25541388.000 r
  U264/Y (INVX1)                       1000536.000
                                                  26541924.000 f
  U1903/Y (OR2X1)                      2431356.000
                                                  28973280.000 f
  U1904/Y (NAND2X1)                    1167106.000
                                                  30140386.000 r
  U1905/Y (NAND2X1)                    2113818.000
                                                  32254204.000 f
  U1919/Y (XNOR2X1)                    6771204.000
                                                  39025408.000 f
  U1920/Y (XOR2X1)                     6271592.000
                                                  45297000.000 r
  U1990/Y (INVX1)                      1341768.000
                                                  46638768.000 f
  U1991/Y (NAND2X1)                    1161964.000
                                                  47800732.000 r
  U1992/Y (NAND2X1)                    2206208.000
                                                  50006940.000 f
  U1993/Y (NAND2X1)                    1636736.000
                                                  51643676.000 r
  U2028/Y (INVX1)                      1251880.000
                                                  52895556.000 f
  U2029/Y (NAND2X1)                    807240.000 53702796.000 r
  U2030/Y (NAND2X1)                    2206252.000
                                                  55909048.000 f
  U2031/Y (NAND2X1)                    1177496.000
                                                  57086544.000 r
  U560/Y (XNOR2X1)                     7044332.000
                                                  64130876.000 r
  U561/Y (INVX1)                       1044672.000
                                                  65175548.000 f
  U2036/Y (NAND2X1)                    1185516.000
                                                  66361064.000 r
  U2053/Y (NAND2X1)                    1463584.000
                                                  67824648.000 f
  U406/Y (INVX1)                       372752.000 68197400.000 r
  U407/Y (INVX1)                       831240.000 69028640.000 f
  U3137/Y (NOR2X1)                     1542568.000
                                                  70571208.000 r
  U3138/Y (NAND2X1)                    2333296.000
                                                  72904504.000 f
  U3147/Y (NAND2X1)                    1624512.000
                                                  74529016.000 r
  U3158/Y (INVX1)                      1244040.000
                                                  75773056.000 f
  U3171/Y (XOR2X1)                     5941288.000
                                                  81714344.000 r
  U311/Y (XNOR2X1)                     6627504.000
                                                  88341848.000 r
  U312/Y (INVX1)                       1045944.000
                                                  89387792.000 f
  U251/Y (XNOR2X1)                     4667360.000
                                                  94055152.000 r
  U252/Y (INVX1)                       1047840.000
                                                  95102992.000 f
  U3172/Y (XOR2X1)                     6270048.000
                                                  101373040.000 r
  U590/Y (XNOR2X1)                     7265232.000
                                                  108638272.000 r
  U591/Y (INVX1)                       1110392.000
                                                  109748664.000 f
  U3268/Y (XOR2X1)                     6261824.000
                                                  116010488.000 r
  U3269/Y (INVX1)                      1341168.000
                                                  117351656.000 f
  U3272/Y (NAND2X1)                    1161944.000
                                                  118513600.000 r
  U3290/Y (NAND2X1)                    1052224.000
                                                  119565824.000 f
  U3292/Y (NAND2X1)                    836864.000 120402688.000 r
  U3293/Y (NAND2X1)                    2140384.000
                                                  122543072.000 f
  U3295/Y (NAND2X1)                    836864.000 123379936.000 r
  U3296/Y (NAND2X1)                    2149560.000
                                                  125529496.000 f
  U3298/Y (NAND2X1)                    836864.000 126366360.000 r
  U3299/Y (NAND2X1)                    2140384.000
                                                  128506744.000 f
  U3301/Y (NAND2X1)                    836864.000 129343608.000 r
  U3302/Y (NAND2X1)                    2140384.000
                                                  131483992.000 f
  U3305/Y (NAND2X1)                    835568.000 132319560.000 r
  U3316/Y (NAND2X1)                    1052016.000
                                                  133371576.000 f
  U429/Y (NAND2X1)                     1268312.000
                                                  134639888.000 r
  U465/Y (INVX1)                       1243632.000
                                                  135883520.000 f
  U3342/Y (NAND2X1)                    813328.000 136696848.000 r
  U3343/Y (XOR2X1)                     5226784.000
                                                  141923632.000 f
  U3344/Y (NAND2X1)                    1171360.000
                                                  143094992.000 r
  U3353/Y (NAND2X1)                    1044432.000
                                                  144139424.000 f
  U3356/Y (NAND2X1)                    835680.000 144975104.000 r
  U3365/Y (NAND2X1)                    1048592.000
                                                  146023696.000 f
  U3368/Y (NAND2X1)                    836320.000 146860016.000 r
  U3369/Y (NAND2X1)                    2142016.000
                                                  149002032.000 f
  U3372/Y (NAND2X1)                    836864.000 149838896.000 r
  U3381/Y (NAND2X1)                    1048592.000
                                                  150887488.000 f
  U3384/Y (NAND2X1)                    836320.000 151723808.000 r
  U3385/Y (NAND2X1)                    2142000.000
                                                  153865808.000 f
  U3388/Y (NAND2X1)                    836864.000 154702672.000 r
  U3397/Y (NAND2X1)                    1048592.000
                                                  155751264.000 f
  U3400/Y (NAND2X1)                    836320.000 156587584.000 r
  U3401/Y (NAND2X1)                    2142000.000
                                                  158729584.000 f
  U3404/Y (NAND2X1)                    836864.000 159566448.000 r
  U3413/Y (NAND2X1)                    1050896.000
                                                  160617344.000 f
  U383/Y (NAND2X1)                     1268224.000
                                                  161885568.000 r
  U344/Y (INVX1)                       1283056.000
                                                  163168624.000 f
  U345/Y (INVX1)                       458880.000 163627504.000 r
  U3449/Y (NAND2X1)                    1018688.000
                                                  164646192.000 f
  U3451/Y (NAND2X1)                    1277456.000
                                                  165923648.000 r
  U3452/Y (INVX1)                      1246528.000
                                                  167170176.000 f
  U3453/Y (NAND2X1)                    1161952.000
                                                  168332128.000 r
  U3462/Y (NAND2X1)                    1052224.000
                                                  169384352.000 f
  U3465/Y (NAND2X1)                    836864.000 170221216.000 r
  U3466/Y (NAND2X1)                    2142016.000
                                                  172363232.000 f
  U3469/Y (NAND2X1)                    836864.000 173200096.000 r
  U3478/Y (NAND2X1)                    1048608.000
                                                  174248704.000 f
  U3481/Y (NAND2X1)                    836320.000 175085024.000 r
  U3482/Y (NAND2X1)                    2142016.000
                                                  177227040.000 f
  U3485/Y (NAND2X1)                    836864.000 178063904.000 r
  U3494/Y (NAND2X1)                    1048608.000
                                                  179112512.000 f
  U3497/Y (NAND2X1)                    836320.000 179948832.000 r
  U3498/Y (NAND2X1)                    2142016.000
                                                  182090848.000 f
  U3501/Y (NAND2X1)                    836864.000 182927712.000 r
  U3502/Y (NAND2X1)                    2142032.000
                                                  185069744.000 f
  U392/Y (AND2X1)                      2312544.000
                                                  187382288.000 f
  U393/Y (INVX1)                       26336.000  187408624.000 r
  U3527/Y (NAND2X1)                    1050832.000
                                                  188459456.000 f
  U3529/Y (NAND2X1)                    842272.000 189301728.000 r
  U3533/Y (OR2X1)                      5139968.000
                                                  194441696.000 r
  U3541/Y (NAND2X1)                    1004960.000
                                                  195446656.000 f
  U3543/Y (NAND2X1)                    835312.000 196281968.000 r
  U685/Y (OR2X1)                       5168976.000
                                                  201450944.000 r
  U3547/Y (NAND2X1)                    1004960.000
                                                  202455904.000 f
  U3549/Y (NAND2X1)                    835328.000 203291232.000 r
  U3553/Y (OR2X1)                      5169968.000
                                                  208461200.000 r
  U3554/Y (NAND2X1)                    1360992.000
                                                  209822192.000 f
  U3556/Y (NAND2X1)                    842064.000 210664256.000 r
  U3557/Y (OR2X1)                      5170416.000
                                                  215834672.000 r
  U3558/Y (NAND2X1)                    1360992.000
                                                  217195664.000 f
  U3560/Y (NAND2X1)                    842064.000 218037728.000 r
  U3561/Y (OR2X1)                      5169904.000
                                                  223207632.000 r
  U3562/Y (NAND2X1)                    1360992.000
                                                  224568624.000 f
  U3564/Y (NAND2X1)                    842080.000 225410704.000 r
  U409/Y (OR2X1)                       5169952.000
                                                  230580656.000 r
  U3569/Y (NAND2X1)                    1361008.000
                                                  231941664.000 f
  U3570/Y (NAND2X1)                    1171760.000
                                                  233113424.000 r
  U3585/Y (NAND2X1)                    2153760.000
                                                  235267184.000 f
  U3586/Y (NAND2X1)                    1171760.000
                                                  236438944.000 r
  U689/Y (OR2X1)                       5170368.000
                                                  241609312.000 r
  U3595/Y (NAND2X1)                    1004960.000
                                                  242614272.000 f
  U3596/Y (NAND2X1)                    1624576.000
                                                  244238848.000 r
  U3597/Y (INVX1)                      1243968.000
                                                  245482816.000 f
  U3598/Y (NOR2X1)                     1070752.000
                                                  246553568.000 r
  U3609/Y (NAND2X1)                    1991552.000
                                                  248545120.000 f
  U3610/Y (NAND2X1)                    1159968.000
                                                  249705088.000 r
  out[0] (out)                            0.000   249705088.000 r
  data arrival time                               249705088.000

  clock clk (rise edge)                250000000.000
                                                  250000000.000
  clock network delay (ideal)             0.000   250000000.000
  output external delay                   0.000   250000000.000
  data required time                              250000000.000
  -----------------------------------------------------------
  data required time                              250000000.000
  data arrival time                               -249705088.000
  -----------------------------------------------------------
  slack (MET)                                     294912.000


1
