****************************************
Report : timing
	-path_type full
	-delay_type max
	-max_paths 1
	-sort_by slack
Design : top
Version: S-2021.06-SP1
Date   : Tue Nov 29 17:20:23 2022
****************************************


  Startpoint: inp[17] (input port clocked by clk)
  Endpoint: out[1] (output port clocked by clk)
  Path Group: clk
  Path Type: max

  Point                                    Incr       Path
  ---------------------------------------------------------------
  clock clk (rise edge)                   0.000      0.000
  clock network delay (ideal)             0.000      0.000
  input external delay                    0.000      0.000 r
  inp[17] (in)                            0.000      0.000 r
  U902/Y (INVX1)                       91888.000  91888.000 f
  U2265/Y (XOR2X1)                     5950448.000
                                                  6042336.000 r
  U528/Y (XNOR2X1)                     6627744.000
                                                  12670080.000 r
  U529/Y (INVX1)                       1044240.000
                                                  13714320.000 f
  U2268/Y (NAND2X1)                    1161984.000
                                                  14876304.000 r
  U2269/Y (NAND2X1)                    2186976.000
                                                  17063280.000 f
  U2370/Y (XOR2X1)                     6275296.000
                                                  23338576.000 r
  U282/Y (XNOR2X1)                     7180944.000
                                                  30519520.000 r
  U283/Y (INVX1)                       1095088.000
                                                  31614608.000 f
  U2389/Y (XOR2X1)                     5612896.000
                                                  37227504.000 r
  U2392/Y (INVX1)                      1340480.000
                                                  38567984.000 f
  U2393/Y (NAND2X1)                    807216.000 39375200.000 r
  U2394/Y (NAND2X1)                    1456736.000
                                                  40831936.000 f
  U2428/Y (NAND2X1)                    1166352.000
                                                  41998288.000 r
  U2429/Y (NAND2X1)                    2141712.000
                                                  44140000.000 f
  U2430/Y (NAND2X1)                    1183568.000
                                                  45323568.000 r
  U2451/Y (OR2X1)                      5203680.000
                                                  50527248.000 r
  U2452/Y (NAND2X1)                    1361008.000
                                                  51888256.000 f
  U2453/Y (NAND2X1)                    1183840.000
                                                  53072096.000 r
  U2476/Y (OR2X1)                      5186288.000
                                                  58258384.000 r
  U2477/Y (NAND2X1)                    1004960.000
                                                  59263344.000 f
  U2478/Y (NAND2X1)                    1183088.000
                                                  60446432.000 r
  U2492/Y (XOR2X1)                     5231104.000
                                                  65677536.000 f
  U2493/Y (XOR2X1)                     4468720.000
                                                  70146256.000 r
  U2494/Y (NAND2X1)                    2491632.000
                                                  72637888.000 f
  U423/Y (NAND2X1)                     1764416.000
                                                  74402304.000 r
  U409/Y (INVX1)                       1354576.000
                                                  75756880.000 f
  U410/Y (INVX1)                       937088.000 76693968.000 r
  U2530/Y (INVX1)                      702528.000 77396496.000 f
  U3038/Y (NAND2X1)                    1627168.000
                                                  79023664.000 r
  U3039/Y (INVX1)                      1251424.000
                                                  80275088.000 f
  U3040/Y (NAND2X1)                    818880.000 81093968.000 r
  U3061/Y (NAND2X1)                    1447184.000
                                                  82541152.000 f
  U3062/Y (XOR2X1)                     6321744.000
                                                  88862896.000 r
  U3086/Y (XNOR2X1)                    6630624.000
                                                  95493520.000 r
  U3087/Y (INVX1)                      1043248.000
                                                  96536768.000 f
  U3088/Y (XOR2X1)                     5949824.000
                                                  102486592.000 r
  U3098/Y (OR2X1)                      5527152.000
                                                  108013744.000 r
  U3099/Y (NAND2X1)                    1360992.000
                                                  109374736.000 f
  U3101/Y (NAND2X1)                    1283984.000
                                                  110658720.000 r
  U3105/Y (INVX1)                      1251872.000
                                                  111910592.000 f
  U3106/Y (NAND2X1)                    1161952.000
                                                  113072544.000 r
  U3107/Y (NAND2X1)                    2206312.000
                                                  115278856.000 f
  U3108/Y (NAND2X1)                    1182752.000
                                                  116461608.000 r
  U3111/Y (NOR2X1)                     959696.000 117421304.000 f
  U795/Y (OR2X1)                       2415000.000
                                                  119836304.000 f
  U3112/Y (NAND2X1)                    1184600.000
                                                  121020904.000 r
  U806/Y (OR2X1)                       5137208.000
                                                  126158112.000 r
  U3113/Y (NAND2X1)                    1360992.000
                                                  127519104.000 f
  U3115/Y (NAND2X1)                    853744.000 128372848.000 r
  U3121/Y (OR2X1)                      5216240.000
                                                  133589088.000 r
  U3122/Y (NAND2X1)                    1360992.000
                                                  134950080.000 f
  U3124/Y (NAND2X1)                    849360.000 135799440.000 r
  U3125/Y (XOR2X1)                     2839184.000
                                                  138638624.000 r
  U3126/Y (INVX1)                      1404672.000
                                                  140043296.000 f
  U3127/Y (NAND2X1)                    1161952.000
                                                  141205248.000 r
  U3195/Y (NAND2X1)                    1052224.000
                                                  142257472.000 f
  U3197/Y (NAND2X1)                    836864.000 143094336.000 r
  U3203/Y (NAND2X1)                    1048448.000
                                                  144142784.000 f
  U433/Y (NAND2X1)                     1318304.000
                                                  145461088.000 r
  U373/Y (INVX1)                       1321504.000
                                                  146782592.000 f
  U374/Y (INVX1)                       937376.000 147719968.000 r
  U473/Y (INVX1)                       700576.000 148420544.000 f
  U3237/Y (NAND2X1)                    807808.000 149228352.000 r
  U3238/Y (NAND2X1)                    2194464.000
                                                  151422816.000 f
  U3243/Y (NAND2X1)                    836864.000 152259680.000 r
  U3244/Y (NAND2X1)                    2206240.000
                                                  154465920.000 f
  U3247/Y (NAND2X1)                    836288.000 155302208.000 r
  U3256/Y (NAND2X1)                    1049696.000
                                                  156351904.000 f
  U3259/Y (NAND2X1)                    836480.000 157188384.000 r
  U3260/Y (NAND2X1)                    2141984.000
                                                  159330368.000 f
  U3263/Y (NAND2X1)                    836864.000 160167232.000 r
  U3272/Y (NAND2X1)                    1048608.000
                                                  161215840.000 f
  U3275/Y (NAND2X1)                    836320.000 162052160.000 r
  U3276/Y (NAND2X1)                    2141984.000
                                                  164194144.000 f
  U3279/Y (NAND2X1)                    836864.000 165031008.000 r
  U3288/Y (NAND2X1)                    1048608.000
                                                  166079616.000 f
  U3291/Y (NAND2X1)                    836320.000 166915936.000 r
  U3292/Y (NAND2X1)                    2141984.000
                                                  169057920.000 f
  U3295/Y (NAND2X1)                    836864.000 169894784.000 r
  U3304/Y (NAND2X1)                    1048608.000
                                                  170943392.000 f
  U3307/Y (NAND2X1)                    1323776.000
                                                  172267168.000 r
  U386/Y (INVX1)                       1326016.000
                                                  173593184.000 f
  U387/Y (INVX1)                       937312.000 174530496.000 r
  U474/Y (INVX1)                       700608.000 175231104.000 f
  U3863/Y (NAND2X1)                    807808.000 176038912.000 r
  U3864/Y (NAND2X1)                    2142752.000
                                                  178181664.000 f
  U3868/Y (NAND2X1)                    836384.000 179018048.000 r
  U3869/Y (NAND2X1)                    2206208.000
                                                  181224256.000 f
  U3870/Y (NAND2X1)                    1165856.000
                                                  182390112.000 r
  U3879/Y (NAND2X1)                    1048992.000
                                                  183439104.000 f
  U3882/Y (NAND2X1)                    836368.000 184275472.000 r
  U3891/Y (NAND2X1)                    1048608.000
                                                  185324080.000 f
  U3894/Y (NAND2X1)                    836304.000 186160384.000 r
  U3903/Y (NAND2X1)                    1048608.000
                                                  187208992.000 f
  U3906/Y (NAND2X1)                    836304.000 188045296.000 r
  U3915/Y (NAND2X1)                    1048608.000
                                                  189093904.000 f
  U3918/Y (NAND2X1)                    836304.000 189930208.000 r
  U3927/Y (AND2X1)                     -801184.000
                                                  189129024.000 r
  U812/Y (OR2X1)                       7033504.000
                                                  196162528.000 r
  U3939/Y (NAND2X1)                    1021888.000
                                                  197184416.000 f
  U471/Y (AND2X1)                      2335360.000
                                                  199519776.000 f
  U775/Y (INVX1)                       -1140848.000
                                                  198378928.000 r
  U462/Y (OR2X1)                       1909760.000
                                                  200288688.000 r
  U3952/Y (NAND2X1)                    1021008.000
                                                  201309696.000 f
  U3956/Y (NAND2X1)                    832144.000 202141840.000 r
  U3957/Y (NAND2X1)                    2141664.000
                                                  204283504.000 f
  U3961/Y (NAND2X1)                    842000.000 205125504.000 r
  U3962/Y (OR2X1)                      5169952.000
                                                  210295456.000 r
  U3966/Y (NAND2X1)                    1004960.000
                                                  211300416.000 f
  U3968/Y (NAND2X1)                    1270880.000
                                                  212571296.000 r
  U3969/Y (INVX1)                      1242112.000
                                                  213813408.000 f
  U3974/Y (NAND2X1)                    807232.000 214620640.000 r
  U3978/Y (NAND2X1)                    1052224.000
                                                  215672864.000 f
  U3980/Y (NAND2X1)                    1274048.000
                                                  216946912.000 r
  U3981/Y (INVX1)                      1241536.000
                                                  218188448.000 f
  U3986/Y (NAND2X1)                    807232.000 218995680.000 r
  U3990/Y (NAND2X1)                    1052224.000
                                                  220047904.000 f
  U3992/Y (NAND2X1)                    1274096.000
                                                  221322000.000 r
  U3993/Y (INVX1)                      1241520.000
                                                  222563520.000 f
  U3998/Y (NAND2X1)                    807232.000 223370752.000 r
  U4002/Y (NAND2X1)                    1052224.000
                                                  224422976.000 f
  U4004/Y (NAND2X1)                    1274048.000
                                                  225697024.000 r
  U4005/Y (INVX1)                      1241536.000
                                                  226938560.000 f
  U4010/Y (NAND2X1)                    807248.000 227745808.000 r
  U4011/Y (NAND2X1)                    2206352.000
                                                  229952160.000 f
  U4013/Y (NAND2X1)                    1273904.000
                                                  231226064.000 r
  U4014/Y (INVX1)                      1241520.000
                                                  232467584.000 f
  U4015/Y (OR2X1)                      2431552.000
                                                  234899136.000 f
  U4026/Y (NAND2X1)                    851168.000 235750304.000 r
  U800/Y (OR2X1)                       5170320.000
                                                  240920624.000 r
  U4035/Y (NAND2X1)                    1202672.000
                                                  242123296.000 f
  U4036/Y (INVX1)                      -688272.000
                                                  241435024.000 r
  U802/Y (OR2X1)                       2023728.000
                                                  243458752.000 r
  U4037/Y (INVX1)                      762848.000 244221600.000 f
  U4052/Y (NOR2X1)                     1064704.000
                                                  245286304.000 r
  U4053/Y (NAND2X1)                    1986160.000
                                                  247272464.000 f
  U4054/Y (NAND2X1)                    1159360.000
                                                  248431824.000 r
  out[1] (out)                            0.000   248431824.000 r
  data arrival time                               248431824.000

  clock clk (rise edge)                250000000.000
                                                  250000000.000
  clock network delay (ideal)             0.000   250000000.000
  clock reconvergence pessimism           0.000   250000000.000
  output external delay                   0.000   250000000.000
  data required time                              250000000.000
  ---------------------------------------------------------------
  data required time                              250000000.000
  data arrival time                               -248431824.000
  ---------------------------------------------------------------
  slack (MET)                                     1568176.000


1
