Information: Updating design information... (UID-85)
 
****************************************
Report : qor
Design : top
Version: S-2021.06-SP2
Date   : Fri Dec  2 17:48:41 2022
****************************************


  Timing Path Group 'clk'
  -----------------------------------
  Levels of Logic:              99.00
  Critical Path Length:  127818744.00
  Critical Path Slack:    72181256.00
  Critical Path Clk Period:
                         200000000.00
  Total Negative Slack:          0.00
  No. of Violating Paths:        0.00
  Worst Hold Violation:          0.00
  Total Hold Violation:          0.00
  No. of Hold Violations:        0.00
  -----------------------------------


  Cell Count
  -----------------------------------
  Hierarchical Cell Count:          0
  Hierarchical Port Count:          0
  Leaf Cell Count:               1080
  Buf/Inv Cell Count:             422
  Buf Cell Count:                   0
  Inv Cell Count:                 422
  CT Buf/Inv Cell Count:            0
  Combinational Cell Count:      1080
  Sequential Cell Count:            0
  Macro Count:                      0
  -----------------------------------


  Area
  -----------------------------------
  Combinational Area:
                     409945270.000000
  Noncombinational Area:     0.000000
  Buf/Inv Area:       96393240.000000
  Total Buffer Area:             0.00
  Total Inverter Area:    96393240.00
  Macro/Black Box Area:      0.000000
  Net Area:                  0.000000
  -----------------------------------
  Cell Area:         409945270.000000
  Design Area:       409945270.000000


  Design Rules
  -----------------------------------
  Total Number of Nets:          1104
  Nets With Violations:          1080
  Max Trans Violations:          1080
  Max Cap Violations:               0
  -----------------------------------


  Hostname: leoforos

  Compile CPU Statistics
  -----------------------------------------
  Resource Sharing:                    0.63
  Logic Optimization:                  0.06
  Mapping Optimization:                1.13
  -----------------------------------------
  Overall Compile Time:                5.52
  Overall Compile Wall Clock Time:     5.86

  --------------------------------------------------------------------

  Design  WNS: 0.00  TNS: 0.00  Number of Violating Paths: 0


  Design (Hold)  WNS: 0.00  TNS: 0.00  Number of Violating Paths: 0

  --------------------------------------------------------------------


1
