Information: Updating design information... (UID-85)
 
****************************************
Report : qor
Design : top
Version: S-2021.06-SP2
Date   : Fri Dec 16 15:51:20 2022
****************************************


  Timing Path Group 'clk'
  -----------------------------------
  Levels of Logic:             126.00
  Critical Path Length:  247942016.00
  Critical Path Slack:     2057984.00
  Critical Path Clk Period:
                         250000000.00
  Total Negative Slack:          0.00
  No. of Violating Paths:        0.00
  Worst Hold Violation:          0.00
  Total Hold Violation:          0.00
  No. of Hold Violations:        0.00
  -----------------------------------


  Cell Count
  -----------------------------------
  Hierarchical Cell Count:          0
  Hierarchical Port Count:          0
  Leaf Cell Count:               3619
  Buf/Inv Cell Count:             752
  Buf Cell Count:                   0
  Inv Cell Count:                 752
  CT Buf/Inv Cell Count:            0
  Combinational Cell Count:      3619
  Sequential Cell Count:            0
  Macro Count:                      0
  -----------------------------------


  Area
  -----------------------------------
  Combinational Area:
                    1572259613.000000
  Noncombinational Area:     0.000000
  Buf/Inv Area:      171771840.000000
  Total Buffer Area:             0.00
  Total Inverter Area:   171771840.00
  Macro/Black Box Area:      0.000000
  Net Area:                  0.000000
  -----------------------------------
  Cell Area:        1572259613.000000
  Design Area:      1572259613.000000


  Design Rules
  -----------------------------------
  Total Number of Nets:          3667
  Nets With Violations:          3619
  Max Trans Violations:          3619
  Max Cap Violations:               0
  -----------------------------------


  Hostname: leoforos

  Compile CPU Statistics
  -----------------------------------------
  Resource Sharing:                    1.65
  Logic Optimization:                  1.48
  Mapping Optimization:                7.01
  -----------------------------------------
  Overall Compile Time:               15.63
  Overall Compile Wall Clock Time:    16.00

  --------------------------------------------------------------------

  Design  WNS: 0.00  TNS: 0.00  Number of Violating Paths: 0


  Design (Hold)  WNS: 0.00  TNS: 0.00  Number of Violating Paths: 0

  --------------------------------------------------------------------


1
