 
****************************************
Report : timing
        -path full
        -delay max
        -max_paths 1
Design : top
Version: S-2021.06-SP2
Date   : Fri Dec 16 14:55:23 2022
****************************************

Operating Conditions: TT   Library: PPDK_Standard_Library_1.0V_25C_TYP_X1
Wire Load Model Mode: top

  Startpoint: inp[13] (input port clocked by clk)
  Endpoint: out[0] (output port clocked by clk)
  Path Group: clk
  Path Type: max

  Point                                    Incr       Path
  -----------------------------------------------------------
  clock clk (rise edge)                   0.000      0.000
  clock network delay (ideal)             0.000      0.000
  input external delay                    0.000      0.000 f
  inp[13] (in)                            0.000      0.000 f
  U1057/Y (INVX1)                      614447.812 614447.812 r
  U2317/Y (XOR2X1)                     4497772.500
                                                  5112220.500 f
  U2318/Y (XOR2X1)                     5085526.500
                                                  10197747.000 r
  U2320/Y (XOR2X1)                     4765219.000
                                                  14962966.000 f
  U2343/Y (XOR2X1)                     5089230.000
                                                  20052196.000 r
  U2347/Y (XOR2X1)                     4328648.000
                                                  24380844.000 f
  U2348/Y (NAND2X1)                    836972.000 25217816.000 r
  U2349/Y (NAND2X1)                    1129242.000
                                                  26347058.000 f
  U2351/Y (XOR2X1)                     5361352.000
                                                  31708410.000 r
  U2359/Y (XOR2X1)                     4343466.000
                                                  36051876.000 f
  U2376/Y (XOR2X1)                     5733240.000
                                                  41785116.000 r
  U299/Y (AND2X1)                      2175596.000
                                                  43960712.000 r
  U300/Y (INVX1)                       715232.000 44675944.000 f
  U2377/Y (NAND2X1)                    1297384.000
                                                  45973328.000 r
  U2379/Y (XOR2X1)                     4758376.000
                                                  50731704.000 f
  U2382/Y (NAND2X1)                    836932.000 51568636.000 r
  U2383/Y (NAND2X1)                    930348.000 52498984.000 f
  U2384/Y (NAND2X1)                    1395280.000
                                                  53894264.000 r
  U2385/Y (NAND2X1)                    867728.000 54761992.000 f
  U2386/Y (XOR2X1)                     5354376.000
                                                  60116368.000 r
  U2391/Y (INVX1)                      1258496.000
                                                  61374864.000 f
  U268/Y (AND2X1)                      2034688.000
                                                  63409552.000 f
  U269/Y (INVX1)                       -1291728.000
                                                  62117824.000 r
  U2392/Y (NAND2X1)                    928772.000 63046596.000 f
  U2405/Y (NAND2X1)                    1395348.000
                                                  64441944.000 r
  U2406/Y (NAND2X1)                    1155908.000
                                                  65597852.000 f
  U968/Y (AND2X1)                      2438620.000
                                                  68036472.000 f
  U969/Y (INVX1)                       -1250016.000
                                                  66786456.000 r
  U2444/Y (NAND2X1)                    928832.000 67715288.000 f
  U505/Y (AND2X1)                      2444648.000
                                                  70159936.000 f
  U3140/Y (NAND2X1)                    1756080.000
                                                  71916016.000 r
  U3147/Y (NAND2X1)                    860192.000 72776208.000 f
  U3149/Y (XOR2X1)                     5361528.000
                                                  78137736.000 r
  U3226/Y (XOR2X1)                     4346592.000
                                                  82484328.000 f
  U3228/Y (XOR2X1)                     5736032.000
                                                  88220360.000 r
  U3238/Y (NAND2X1)                    846296.000 89066656.000 f
  U3239/Y (NAND2X1)                    897712.000 89964368.000 r
  U3244/Y (XOR2X1)                     4758376.000
                                                  94722744.000 f
  U3595/Y (XOR2X1)                     5094632.000
                                                  99817376.000 r
  U3596/Y (OR2X1)                      2305616.000
                                                  102122992.000 r
  U915/Y (AND2X1)                      1883176.000
                                                  104006168.000 r
  U916/Y (INVX1)                       720464.000 104726632.000 f
  U3598/Y (NAND2X1)                    1285600.000
                                                  106012232.000 r
  U3599/Y (NAND2X1)                    1126400.000
                                                  107138632.000 f
  U3601/Y (NAND2X1)                    1342768.000
                                                  108481400.000 r
  U3602/Y (INVX1)                      1216896.000
                                                  109698296.000 f
  U3603/Y (NAND2X1)                    1283872.000
                                                  110982168.000 r
  U297/Y (AND2X1)                      1819152.000
                                                  112801320.000 r
  U298/Y (INVX1)                       715168.000 113516488.000 f
  U3607/Y (NAND2X1)                    1291592.000
                                                  114808080.000 r
  U3608/Y (OR2X1)                      2340040.000
                                                  117148120.000 r
  U777/Y (AND2X1)                      1883184.000
                                                  119031304.000 r
  U778/Y (INVX1)                       720464.000 119751768.000 f
  U717/Y (AND2X1)                      2034872.000
                                                  121786640.000 f
  U718/Y (INVX1)                       -1294632.000
                                                  120492008.000 r
  U3611/Y (OR2X1)                      1639752.000
                                                  122131760.000 r
  U779/Y (AND2X1)                      1876048.000
                                                  124007808.000 r
  U780/Y (INVX1)                       720464.000 124728272.000 f
  U3614/Y (NAND2X1)                    1362944.000
                                                  126091216.000 r
  U3615/Y (INVX1)                      1116592.000
                                                  127207808.000 f
  U903/Y (AND2X1)                      2458312.000
                                                  129666120.000 f
  U904/Y (INVX1)                       -1185720.000
                                                  128480400.000 r
  U3617/Y (NAND2X1)                    1049992.000
                                                  129530392.000 f
  U719/Y (AND2X1)                      2044128.000
                                                  131574520.000 f
  U720/Y (INVX1)                       -1278560.000
                                                  130295960.000 r
  U3625/Y (OR2X1)                      1639864.000
                                                  131935824.000 r
  U3626/Y (NAND2X1)                    1057016.000
                                                  132992840.000 f
  U3627/Y (NAND2X1)                    1381704.000
                                                  134374544.000 r
  U3629/Y (NAND2X1)                    863872.000 135238416.000 f
  U984/Y (AND2X1)                      2045936.000
                                                  137284352.000 f
  U511/Y (INVX1)                       -212384.000
                                                  137071968.000 r
  U3631/Y (INVX1)                      698608.000 137770576.000 f
  U3653/Y (NAND2X1)                    1286800.000
                                                  139057376.000 r
  U3654/Y (NAND2X1)                    930368.000 139987744.000 f
  U3655/Y (NOR2X1)                     1195088.000
                                                  141182832.000 r
  U3659/Y (NAND2X1)                    834608.000 142017440.000 f
  U3661/Y (NAND2X1)                    1345456.000
                                                  143362896.000 r
  U3667/Y (INVX1)                      1093392.000
                                                  144456288.000 f
  U3668/Y (NAND2X1)                    1284320.000
                                                  145740608.000 r
  U3669/Y (NAND2X1)                    1127408.000
                                                  146868016.000 f
  U3674/Y (OR2X1)                      2088992.000
                                                  148957008.000 f
  U3679/Y (NAND2X1)                    872128.000 149829136.000 r
  U3681/Y (NAND2X1)                    866864.000 150696000.000 f
  U3684/Y (OR2X1)                      2087712.000
                                                  152783712.000 f
  U3688/Y (NAND2X1)                    872128.000 153655840.000 r
  U3690/Y (NAND2X1)                    866032.000 154521872.000 f
  U3691/Y (NAND2X1)                    879344.000 155401216.000 r
  U3693/Y (NAND2X1)                    864560.000 156265776.000 f
  U3696/Y (OR2X1)                      2087696.000
                                                  158353472.000 f
  U3700/Y (NAND2X1)                    872128.000 159225600.000 r
  U3702/Y (NAND2X1)                    866704.000 160092304.000 f
  U3703/Y (OR2X1)                      2087696.000
                                                  162180000.000 f
  U3707/Y (NAND2X1)                    872128.000 163052128.000 r
  U3709/Y (NAND2X1)                    866864.000 163918992.000 f
  U3710/Y (OR2X1)                      2087648.000
                                                  166006640.000 f
  U3714/Y (NAND2X1)                    872144.000 166878784.000 r
  U3716/Y (NAND2X1)                    930944.000 167809728.000 f
  U3717/Y (NAND2X1)                    880992.000 168690720.000 r
  U3719/Y (NAND2X1)                    865872.000 169556592.000 f
  U500/Y (NAND2X1)                     1800912.000
                                                  171357504.000 r
  U501/Y (INVX1)                       1135232.000
                                                  172492736.000 f
  U3739/Y (NAND2X1)                    1285856.000
                                                  173778592.000 r
  U3740/Y (NAND2X1)                    1129136.000
                                                  174907728.000 f
  U3741/Y (NOR2X1)                     1195024.000
                                                  176102752.000 r
  U3745/Y (NOR2X1)                     101472.000 176204224.000 f
  U3750/Y (NAND2X1)                    880272.000 177084496.000 r
  U721/Y (AND2X1)                      1795424.000
                                                  178879920.000 r
  U722/Y (INVX1)                       718736.000 179598656.000 f
  U3752/Y (OR2X1)                      2115280.000
                                                  181713936.000 f
  U3756/Y (NAND2X1)                    870736.000 182584672.000 r
  U3758/Y (NAND2X1)                    866912.000 183451584.000 f
  U3763/Y (OR2X1)                      2088976.000
                                                  185540560.000 f
  U3767/Y (NAND2X1)                    872128.000 186412688.000 r
  U3769/Y (NAND2X1)                    930944.000 187343632.000 f
  U3770/Y (INVX1)                      -563120.000
                                                  186780512.000 r
  U3771/Y (NAND2X1)                    800816.000 187581328.000 f
  U3776/Y (NAND2X1)                    1339536.000
                                                  188920864.000 r
  U231/Y (INVX1)                       1096176.000
                                                  190017040.000 f
  U232/Y (OR2X1)                       2118256.000
                                                  192135296.000 f
  U3777/Y (OR2X1)                      2081616.000
                                                  194216912.000 f
  U3781/Y (NAND2X1)                    872128.000 195089040.000 r
  U3783/Y (NAND2X1)                    866864.000 195955904.000 f
  U3788/Y (OR2X1)                      2087344.000
                                                  198043248.000 f
  U3792/Y (NAND2X1)                    872208.000 198915456.000 r
  U3794/Y (NAND2X1)                    866928.000 199782384.000 f
  U3799/Y (OR2X1)                      2087648.000
                                                  201870032.000 f
  U3803/Y (NAND2X1)                    872208.000 202742240.000 r
  U3805/Y (NAND2X1)                    930944.000 203673184.000 f
  U3806/Y (NAND2X1)                    880992.000 204554176.000 r
  U3811/Y (NAND2X1)                    848096.000 205402272.000 f
  U226/Y (NAND2X1)                     1399392.000
                                                  206801664.000 r
  U247/Y (NAND2X1)                     866752.000 207668416.000 f
  U3816/Y (NAND2X1)                    1341776.000
                                                  209010192.000 r
  U4119/Y (NAND2X1)                    865776.000 209875968.000 f
  U214/Y (NAND2X1)                     1752592.000
                                                  211628560.000 r
  U213/Y (INVX1)                       1096544.000
                                                  212725104.000 f
  U211/Y (NAND2X1)                     919312.000 213644416.000 r
  U4130/Y (NAND2X1)                    848064.000 214492480.000 f
  U4132/Y (NAND2X1)                    888528.000 215381008.000 r
  U545/Y (NOR2X1)                      -330848.000
                                                  215050160.000 f
  U544/Y (NOR2X1)                      1629136.000
                                                  216679296.000 r
  U716/Y (INVX1)                       1000320.000
                                                  217679616.000 f
  U4135/Y (NAND2X1)                    924880.000 218604496.000 r
  U4138/Y (OR2X1)                      2607584.000
                                                  221212080.000 r
  U4143/Y (NAND2X1)                    797248.000 222009328.000 f
  U4145/Y (NAND2X1)                    885488.000 222894816.000 r
  U4146/Y (OR2X1)                      2606544.000
                                                  225501360.000 r
  U4150/Y (NAND2X1)                    797248.000 226298608.000 f
  U4152/Y (NAND2X1)                    885168.000 227183776.000 r
  U4157/Y (OR2X1)                      2607616.000
                                                  229791392.000 r
  U221/Y (NAND2X1)                     797072.000 230588464.000 f
  U252/Y (NAND2X1)                     879600.000 231468064.000 r
  U4163/Y (NAND2X1)                    866896.000 232334960.000 f
  U723/Y (AND2X1)                      2046480.000
                                                  234381440.000 f
  U249/Y (NAND2X1)                     855424.000 235236864.000 r
  U4171/Y (NAND2X1)                    848064.000 236084928.000 f
  U4173/Y (NAND2X1)                    879264.000 236964192.000 r
  U4174/Y (NAND2X1)                    863664.000 237827856.000 f
  U4175/Y (NAND2X1)                    885280.000 238713136.000 r
  U4177/Y (OR2X1)                      2566416.000
                                                  241279552.000 r
  U4179/Y (NAND2X1)                    797392.000 242076944.000 f
  U4181/Y (NAND2X1)                    1355328.000
                                                  243432272.000 r
  U4188/Y (INVX1)                      1095648.000
                                                  244527920.000 f
  U218/Y (NAND2X1)                     919312.000 245447232.000 r
  U217/Y (NAND2X1)                     866752.000 246313984.000 f
  U4193/Y (NAND2X1)                    875120.000 247189104.000 r
  out[0] (out)                            0.000   247189104.000 r
  data arrival time                               247189104.000

  clock clk (rise edge)                250000000.000
                                                  250000000.000
  clock network delay (ideal)             0.000   250000000.000
  output external delay                   0.000   250000000.000
  data required time                              250000000.000
  -----------------------------------------------------------
  data required time                              250000000.000
  data arrival time                               -247189104.000
  -----------------------------------------------------------
  slack (MET)                                     2810896.000


1
