****************************************
Report : timing
	-path_type full
	-delay_type max
	-max_paths 1
	-sort_by slack
Design : top
Version: S-2021.06-SP1
Date   : Fri Dec 16 14:55:29 2022
****************************************


  Startpoint: inp[13] (input port clocked by clk)
  Endpoint: out[0] (output port clocked by clk)
  Path Group: clk
  Path Type: max

  Point                                    Incr       Path
  ---------------------------------------------------------------
  clock clk (rise edge)                   0.000      0.000
  clock network delay (ideal)             0.000      0.000
  input external delay                    0.000      0.000 f
  inp[13] (in)                            0.000      0.000 f
  U1057/Y (INVX1)                      614448.000 614448.000 r
  U2317/Y (XOR2X1)                     4497792.000
                                                  5112240.000 f
  U2318/Y (XOR2X1)                     5085552.000
                                                  10197792.000 r
  U2320/Y (XOR2X1)                     4765232.000
                                                  14963024.000 f
  U2343/Y (XOR2X1)                     5089280.000
                                                  20052304.000 r
  U2347/Y (XOR2X1)                     4328816.000
                                                  24381120.000 f
  U2348/Y (NAND2X1)                    836976.000 25218096.000 r
  U2349/Y (NAND2X1)                    1129232.000
                                                  26347328.000 f
  U2351/Y (XOR2X1)                     5361376.000
                                                  31708704.000 r
  U2359/Y (XOR2X1)                     4343632.000
                                                  36052336.000 f
  U2376/Y (XOR2X1)                     5733376.000
                                                  41785712.000 r
  U299/Y (AND2X1)                      2175568.000
                                                  43961280.000 r
  U300/Y (INVX1)                       715232.000 44676512.000 f
  U2377/Y (NAND2X1)                    1297392.000
                                                  45973904.000 r
  U2379/Y (XOR2X1)                     4758400.000
                                                  50732304.000 f
  U2382/Y (NAND2X1)                    836944.000 51569248.000 r
  U2383/Y (NAND2X1)                    930368.000 52499616.000 f
  U2384/Y (NAND2X1)                    1395296.000
                                                  53894912.000 r
  U2385/Y (NAND2X1)                    867696.000 54762608.000 f
  U2386/Y (XOR2X1)                     5354400.000
                                                  60117008.000 r
  U2391/Y (INVX1)                      1258512.000
                                                  61375520.000 f
  U268/Y (AND2X1)                      2034688.000
                                                  63410208.000 f
  U269/Y (INVX1)                       -1291728.000
                                                  62118480.000 r
  U2392/Y (NAND2X1)                    928784.000 63047264.000 f
  U2405/Y (NAND2X1)                    1395344.000
                                                  64442608.000 r
  U2406/Y (NAND2X1)                    1155920.000
                                                  65598528.000 f
  U968/Y (AND2X1)                      2438624.000
                                                  68037152.000 f
  U969/Y (INVX1)                       -1250032.000
                                                  66787120.000 r
  U2444/Y (NAND2X1)                    928832.000 67715952.000 f
  U505/Y (AND2X1)                      2444656.000
                                                  70160608.000 f
  U3140/Y (NAND2X1)                    1756080.000
                                                  71916688.000 r
  U3147/Y (NAND2X1)                    860208.000 72776896.000 f
  U3149/Y (XOR2X1)                     5361536.000
                                                  78138432.000 r
  U3226/Y (XOR2X1)                     4346480.000
                                                  82484912.000 f
  U3228/Y (XOR2X1)                     5735936.000
                                                  88220848.000 r
  U3238/Y (NAND2X1)                    846304.000 89067152.000 f
  U3239/Y (NAND2X1)                    897712.000 89964864.000 r
  U3244/Y (XOR2X1)                     4758400.000
                                                  94723264.000 f
  U3595/Y (XOR2X1)                     5094688.000
                                                  99817952.000 r
  U3596/Y (OR2X1)                      2305616.000
                                                  102123568.000 r
  U915/Y (AND2X1)                      1883184.000
                                                  104006752.000 r
  U916/Y (INVX1)                       720464.000 104727216.000 f
  U3598/Y (NAND2X1)                    1285600.000
                                                  106012816.000 r
  U3599/Y (NAND2X1)                    1126384.000
                                                  107139200.000 f
  U3601/Y (NAND2X1)                    1342784.000
                                                  108481984.000 r
  U3602/Y (INVX1)                      1216896.000
                                                  109698880.000 f
  U3603/Y (NAND2X1)                    1283872.000
                                                  110982752.000 r
  U297/Y (AND2X1)                      1819168.000
                                                  112801920.000 r
  U298/Y (INVX1)                       715168.000 113517088.000 f
  U3607/Y (NAND2X1)                    1291592.000
                                                  114808680.000 r
  U3608/Y (OR2X1)                      2340040.000
                                                  117148720.000 r
  U777/Y (AND2X1)                      1883192.000
                                                  119031912.000 r
  U778/Y (INVX1)                       720472.000 119752384.000 f
  U717/Y (AND2X1)                      2034872.000
                                                  121787256.000 f
  U718/Y (INVX1)                       -1294632.000
                                                  120492624.000 r
  U3611/Y (OR2X1)                      1639752.000
                                                  122132376.000 r
  U779/Y (AND2X1)                      1876048.000
                                                  124008424.000 r
  U780/Y (INVX1)                       720464.000 124728888.000 f
  U3614/Y (NAND2X1)                    1362944.000
                                                  126091832.000 r
  U3615/Y (INVX1)                      1116592.000
                                                  127208424.000 f
  U903/Y (AND2X1)                      2458312.000
                                                  129666736.000 f
  U904/Y (INVX1)                       -1185728.000
                                                  128481008.000 r
  U3617/Y (NAND2X1)                    1050000.000
                                                  129531008.000 f
  U719/Y (AND2X1)                      2044128.000
                                                  131575136.000 f
  U720/Y (INVX1)                       -1278568.000
                                                  130296568.000 r
  U3625/Y (OR2X1)                      1639864.000
                                                  131936432.000 r
  U3626/Y (NAND2X1)                    1057024.000
                                                  132993456.000 f
  U3627/Y (NAND2X1)                    1381712.000
                                                  134375168.000 r
  U3629/Y (NAND2X1)                    863872.000 135239040.000 f
  U984/Y (AND2X1)                      2045920.000
                                                  137284960.000 f
  U511/Y (INVX1)                       -212368.000
                                                  137072592.000 r
  U3631/Y (INVX1)                      698608.000 137771200.000 f
  U3653/Y (NAND2X1)                    1286784.000
                                                  139057984.000 r
  U3654/Y (NAND2X1)                    930400.000 139988384.000 f
  U3655/Y (NOR2X1)                     1195072.000
                                                  141183456.000 r
  U3659/Y (NAND2X1)                    834608.000 142018064.000 f
  U3661/Y (NAND2X1)                    1345456.000
                                                  143363520.000 r
  U3667/Y (INVX1)                      1093408.000
                                                  144456928.000 f
  U3668/Y (NAND2X1)                    1284320.000
                                                  145741248.000 r
  U3669/Y (NAND2X1)                    1127392.000
                                                  146868640.000 f
  U3674/Y (OR2X1)                      2089008.000
                                                  148957648.000 f
  U3679/Y (NAND2X1)                    872144.000 149829792.000 r
  U3681/Y (NAND2X1)                    866880.000 150696672.000 f
  U3684/Y (OR2X1)                      2087712.000
                                                  152784384.000 f
  U3688/Y (NAND2X1)                    872160.000 153656544.000 r
  U3690/Y (NAND2X1)                    866016.000 154522560.000 f
  U3691/Y (NAND2X1)                    879360.000 155401920.000 r
  U3693/Y (NAND2X1)                    864576.000 156266496.000 f
  U3696/Y (OR2X1)                      2087712.000
                                                  158354208.000 f
  U3700/Y (NAND2X1)                    872160.000 159226368.000 r
  U3702/Y (NAND2X1)                    866720.000 160093088.000 f
  U3703/Y (OR2X1)                      2087712.000
                                                  162180800.000 f
  U3707/Y (NAND2X1)                    872128.000 163052928.000 r
  U3709/Y (NAND2X1)                    866912.000 163919840.000 f
  U3710/Y (OR2X1)                      2087648.000
                                                  166007488.000 f
  U3714/Y (NAND2X1)                    872144.000 166879632.000 r
  U3716/Y (NAND2X1)                    930960.000 167810592.000 f
  U3717/Y (NAND2X1)                    880992.000 168691584.000 r
  U3719/Y (NAND2X1)                    865888.000 169557472.000 f
  U500/Y (NAND2X1)                     1800912.000
                                                  171358384.000 r
  U501/Y (INVX1)                       1135248.000
                                                  172493632.000 f
  U3739/Y (NAND2X1)                    1285840.000
                                                  173779472.000 r
  U3740/Y (NAND2X1)                    1129136.000
                                                  174908608.000 f
  U3741/Y (NOR2X1)                     1195024.000
                                                  176103632.000 r
  U3745/Y (NOR2X1)                     101488.000 176205120.000 f
  U3750/Y (NAND2X1)                    880256.000 177085376.000 r
  U721/Y (AND2X1)                      1795440.000
                                                  178880816.000 r
  U722/Y (INVX1)                       718736.000 179599552.000 f
  U3752/Y (OR2X1)                      2115296.000
                                                  181714848.000 f
  U3756/Y (NAND2X1)                    870736.000 182585584.000 r
  U3758/Y (NAND2X1)                    866928.000 183452512.000 f
  U3763/Y (OR2X1)                      2088992.000
                                                  185541504.000 f
  U3767/Y (NAND2X1)                    872128.000 186413632.000 r
  U3769/Y (NAND2X1)                    930960.000 187344592.000 f
  U3770/Y (INVX1)                      -563104.000
                                                  186781488.000 r
  U3771/Y (NAND2X1)                    800816.000 187582304.000 f
  U3776/Y (NAND2X1)                    1339536.000
                                                  188921840.000 r
  U231/Y (INVX1)                       1096176.000
                                                  190018016.000 f
  U232/Y (OR2X1)                       2118240.000
                                                  192136256.000 f
  U3777/Y (OR2X1)                      2081632.000
                                                  194217888.000 f
  U3781/Y (NAND2X1)                    872128.000 195090016.000 r
  U3783/Y (NAND2X1)                    866880.000 195956896.000 f
  U3788/Y (OR2X1)                      2087376.000
                                                  198044272.000 f
  U3792/Y (NAND2X1)                    872208.000 198916480.000 r
  U3794/Y (NAND2X1)                    866944.000 199783424.000 f
  U3799/Y (OR2X1)                      2087648.000
                                                  201871072.000 f
  U3803/Y (NAND2X1)                    872208.000 202743280.000 r
  U3805/Y (NAND2X1)                    930960.000 203674240.000 f
  U3806/Y (NAND2X1)                    880992.000 204555232.000 r
  U3811/Y (NAND2X1)                    848112.000 205403344.000 f
  U226/Y (NAND2X1)                     1399408.000
                                                  206802752.000 r
  U247/Y (NAND2X1)                     866752.000 207669504.000 f
  U3816/Y (NAND2X1)                    1341792.000
                                                  209011296.000 r
  U4119/Y (NAND2X1)                    865776.000 209877072.000 f
  U214/Y (NAND2X1)                     1752608.000
                                                  211629680.000 r
  U213/Y (INVX1)                       1096528.000
                                                  212726208.000 f
  U211/Y (NAND2X1)                     919328.000 213645536.000 r
  U4130/Y (NAND2X1)                    848064.000 214493600.000 f
  U4132/Y (NAND2X1)                    888528.000 215382128.000 r
  U545/Y (NOR2X1)                      -330832.000
                                                  215051296.000 f
  U544/Y (NOR2X1)                      1629136.000
                                                  216680432.000 r
  U716/Y (INVX1)                       1000304.000
                                                  217680736.000 f
  U4135/Y (NAND2X1)                    924880.000 218605616.000 r
  U4138/Y (OR2X1)                      2607536.000
                                                  221213152.000 r
  U4143/Y (NAND2X1)                    797248.000 222010400.000 f
  U4145/Y (NAND2X1)                    885488.000 222895888.000 r
  U4146/Y (OR2X1)                      2606496.000
                                                  225502384.000 r
  U4150/Y (NAND2X1)                    797248.000 226299632.000 f
  U4152/Y (NAND2X1)                    885184.000 227184816.000 r
  U4157/Y (OR2X1)                      2607552.000
                                                  229792368.000 r
  U221/Y (NAND2X1)                     797072.000 230589440.000 f
  U252/Y (NAND2X1)                     879616.000 231469056.000 r
  U4163/Y (NAND2X1)                    866896.000 232335952.000 f
  U723/Y (AND2X1)                      2046496.000
                                                  234382448.000 f
  U249/Y (NAND2X1)                     855424.000 235237872.000 r
  U4171/Y (NAND2X1)                    848064.000 236085936.000 f
  U4173/Y (NAND2X1)                    879264.000 236965200.000 r
  U4174/Y (NAND2X1)                    863664.000 237828864.000 f
  U4175/Y (NAND2X1)                    885280.000 238714144.000 r
  U4177/Y (OR2X1)                      2566368.000
                                                  241280512.000 r
  U4179/Y (NAND2X1)                    797376.000 242077888.000 f
  U4181/Y (NAND2X1)                    1355328.000
                                                  243433216.000 r
  U4188/Y (INVX1)                      1095664.000
                                                  244528880.000 f
  U218/Y (NAND2X1)                     919312.000 245448192.000 r
  U217/Y (NAND2X1)                     866752.000 246314944.000 f
  U4193/Y (NAND2X1)                    875120.000 247190064.000 r
  out[0] (out)                            0.000   247190064.000 r
  data arrival time                               247190064.000

  clock clk (rise edge)                250000000.000
                                                  250000000.000
  clock network delay (ideal)             0.000   250000000.000
  clock reconvergence pessimism           0.000   250000000.000
  output external delay                   0.000   250000000.000
  data required time                              250000000.000
  ---------------------------------------------------------------
  data required time                              250000000.000
  data arrival time                               -247190064.000
  ---------------------------------------------------------------
  slack (MET)                                     2809936.000


1
