****************************************
Report : timing
	-path_type full
	-delay_type max
	-max_paths 1
	-sort_by slack
Design : top
Version: S-2021.06-SP1
Date   : Fri Dec  2 17:49:03 2022
****************************************


  Startpoint: inp[20] (input port clocked by clk)
  Endpoint: out[1] (output port clocked by clk)
  Path Group: clk
  Path Type: max

  Point                                    Incr       Path
  ---------------------------------------------------------------
  clock clk (rise edge)                   0.000      0.000
  clock network delay (ideal)             0.000      0.000
  input external delay                    0.000      0.000 r
  inp[20] (in)                            0.000      0.000 r
  U861/Y (INVX1)                       55616.000  55616.000 f
  U868/Y (NOR2X1)                      1627792.000
                                                  1683408.000 r
  U869/Y (INVX1)                       1007040.000
                                                  2690448.000 f
  U457/Y (AND2X1)                      2458248.000
                                                  5148696.000 f
  U458/Y (INVX1)                       -229032.000
                                                  4919664.000 r
  U872/Y (INVX1)                       652112.000 5571776.000 f
  U1000/Y (NAND2X1)                    1291912.000
                                                  6863688.000 r
  U263/Y (AND2X1)                      2174368.000
                                                  9038056.000 r
  U264/Y (INVX1)                       715848.000 9753904.000 f
  U703/Y (XNOR2X1)                     6583416.000
                                                  16337320.000 f
  U1002/Y (NAND2X1)                    1748928.000
                                                  18086248.000 r
  U473/Y (INVX1)                       1030648.000
                                                  19116896.000 f
  U474/Y (INVX1)                       444632.000 19561528.000 r
  U1031/Y (NAND2X1)                    1051800.000
                                                  20613328.000 f
  U227/Y (AND2X1)                      2441912.000
                                                  23055240.000 f
  U228/Y (INVX1)                       -1279208.000
                                                  21776032.000 r
  U1034/Y (OR2X1)                      1641584.000
                                                  23417616.000 r
  U651/Y (AND2X1)                      2196632.000
                                                  25614248.000 r
  U652/Y (INVX1)                       708376.000 26322624.000 f
  U453/Y (AND2X1)                      2034872.000
                                                  28357496.000 f
  U454/Y (INVX1)                       -229952.000
                                                  28127544.000 r
  U1036/Y (INVX1)                      651864.000 28779408.000 f
  U1037/Y (NAND2X1)                    1291776.000
                                                  30071184.000 r
  U185/Y (AND2X1)                      2174376.000
                                                  32245560.000 r
  U186/Y (INVX1)                       715624.000 32961184.000 f
  U417/Y (AND2X1)                      2034872.000
                                                  34996056.000 f
  U418/Y (INVX1)                       -1279272.000
                                                  33716784.000 r
  U1041/Y (OR2X1)                      1641584.000
                                                  35358368.000 r
  U631/Y (AND2X1)                      2196632.000
                                                  37555000.000 r
  U632/Y (INVX1)                       708376.000 38263376.000 f
  U1042/Y (NAND2X1)                    1291616.000
                                                  39554992.000 r
  U1043/Y (OR2X1)                      2330208.000
                                                  41885200.000 r
  U309/Y (AND2X1)                      1875568.000
                                                  43760768.000 r
  U310/Y (INVX1)                       707856.000 44468624.000 f
  U1047/Y (XOR2X1)                     5584136.000
                                                  50052760.000 r
  U1048/Y (NAND2X1)                    846800.000 50899560.000 f
  U1049/Y (NAND2X1)                    886176.000 51785736.000 r
  U157/Y (AND2X1)                      2174560.000
                                                  53960296.000 r
  U158/Y (INVX1)                       715568.000 54675864.000 f
  U299/Y (AND2X1)                      2034872.000
                                                  56710736.000 f
  U300/Y (INVX1)                       -1150648.000
                                                  55560088.000 r
  U795/Y (AND2X1)                      2203944.000
                                                  57764032.000 r
  U796/Y (INVX1)                       718064.000 58482096.000 f
  U516/Y (XOR2X1)                      5601088.000
                                                  64083184.000 r
  U663/Y (AND2X1)                      2173128.000
                                                  66256312.000 r
  U664/Y (INVX1)                       716252.000 66972564.000 f
  U1104/Y (NAND2X1)                    918828.000 67891392.000 r
  U161/Y (AND2X1)                      2174640.000
                                                  70066032.000 r
  U162/Y (INVX1)                       715760.000 70781792.000 f
  U409/Y (AND2X1)                      2034896.000
                                                  72816688.000 f
  U410/Y (INVX1)                       -1436528.000
                                                  71380160.000 r
  U567/Y (AND2X1)                      1881496.000
                                                  73261656.000 r
  U568/Y (INVX1)                       707896.000 73969552.000 f
  U1107/Y (NAND2X1)                    1362928.000
                                                  75332480.000 r
  U387/Y (AND2X1)                      1800488.000
                                                  77132968.000 r
  U388/Y (INVX1)                       712824.000 77845792.000 f
  U577/Y (AND2X1)                      2034896.000
                                                  79880688.000 f
  U578/Y (INVX1)                       -1448096.000
                                                  78432592.000 r
  U601/Y (AND2X1)                      1882000.000
                                                  80314592.000 r
  U602/Y (INVX1)                       715856.000 81030448.000 f
  U435/Y (AND2X1)                      2458048.000
                                                  83488496.000 f
  U436/Y (INVX1)                       -1175224.000
                                                  82313272.000 r
  U565/Y (AND2X1)                      2198880.000
                                                  84512152.000 r
  U566/Y (INVX1)                       707648.000 85219800.000 f
  U1121/Y (NAND2X1)                    1362936.000
                                                  86582736.000 r
  U1127/Y (INVX1)                      1069296.000
                                                  87652032.000 f
  U443/Y (AND2X1)                      2458288.000
                                                  90110320.000 f
  U444/Y (INVX1)                       -1161808.000
                                                  88948512.000 r
  U1131/Y (XOR2X1)                     4508752.000
                                                  93457264.000 f
  U1172/Y (NOR2X1)                     1240464.000
                                                  94697728.000 r
  U301/Y (AND2X1)                      2179136.000
                                                  96876864.000 r
  U302/Y (INVX1)                       714072.000 97590936.000 f
  U1173/Y (NAND2X1)                    918872.000 98509808.000 r
  U737/Y (AND2X1)                      2153888.000
                                                  100663696.000 r
  U806/Y (INVX1)                       739160.000 101402856.000 f
  U1179/Y (NAND2X1)                    1291920.000
                                                  102694776.000 r
  U1180/Y (XOR2X1)                     4759696.000
                                                  107454472.000 f
  U1181/Y (NOR2X1)                     1240440.000
                                                  108694912.000 r
  U1182/Y (NAND2X1)                    839376.000 109534288.000 f
  U553/Y (AND2X1)                      2044144.000
                                                  111578432.000 f
  U554/Y (INVX1)                       -1278912.000
                                                  110299520.000 r
  U325/Y (AND2X1)                      2198904.000
                                                  112498424.000 r
  U326/Y (INVX1)                       707640.000 113206064.000 f
  U697/Y (AND2X1)                      2034880.000
                                                  115240944.000 f
  U698/Y (INVX1)                       -1452544.000
                                                  113788400.000 r
  U1188/Y (NAND2X1)                    928768.000 114717168.000 f
  U1189/Y (INVX1)                      -550352.000
                                                  114166816.000 r
  U1190/Y (NAND2X1)                    1050480.000
                                                  115217296.000 f
  U541/Y (AND2X1)                      2441960.000
                                                  117659256.000 f
  U542/Y (INVX1)                       -1291472.000
                                                  116367784.000 r
  U545/Y (AND2X1)                      2199096.000
                                                  118566880.000 r
  U546/Y (INVX1)                       707576.000 119274456.000 f
  U520/Y (NAND2X1)                     1285632.000
                                                  120560088.000 r
  U621/Y (AND2X1)                      1818784.000
                                                  122378872.000 r
  U622/Y (INVX1)                       708320.000 123087192.000 f
  U1194/Y (NAND2X1)                    918848.000 124006040.000 r
  U619/Y (AND2X1)                      1818792.000
                                                  125824832.000 r
  U620/Y (INVX1)                       707992.000 126532824.000 f
  U1199/Y (NAND2X1)                    1285664.000
                                                  127818488.000 r
  out[1] (out)                            0.000   127818488.000 r
  data arrival time                               127818488.000

  clock clk (rise edge)                200000000.000
                                                  200000000.000
  clock network delay (ideal)             0.000   200000000.000
  clock reconvergence pessimism           0.000   200000000.000
  output external delay                   0.000   200000000.000
  data required time                              200000000.000
  ---------------------------------------------------------------
  data required time                              200000000.000
  data arrival time                               -127818488.000
  ---------------------------------------------------------------
  slack (MET)                                     72181512.000


1
