****************************************
Report : timing
	-path_type full
	-delay_type max
	-max_paths 1
	-sort_by slack
Design : top
Version: S-2021.06-SP1
Date   : Sun Dec 18 11:48:09 2022
****************************************


  Startpoint: inp[41] (input port clocked by clk)
  Endpoint: out[1] (output port clocked by clk)
  Path Group: clk
  Path Type: max

  Point                                    Incr       Path
  ---------------------------------------------------------------
  clock clk (rise edge)                   0.000      0.000
  clock network delay (ideal)             0.000      0.000
  input external delay                    0.000      0.000 r
  inp[41] (in)                            0.000      0.000 r
  U1145/Y (INVX1)                      56896.000  56896.000 f
  U3789/Y (NOR2X1)                     1158544.000
                                                  1215440.000 r
  U3790/Y (NAND2X1)                    831632.000 2047072.000 f
  U94/Y (NAND2X1)                      1346384.000
                                                  3393456.000 r
  U93/Y (INVX1)                        1122400.000
                                                  4515856.000 f
  U3902/Y (NAND2X1)                    919344.000 5435200.000 r
  U3904/Y (NAND2X1)                    850064.000 6285264.000 f
  U3908/Y (XOR2X1)                     5294048.000
                                                  11579312.000 r
  U4079/Y (XOR2X1)                     4335472.000
                                                  15914784.000 f
  U145/Y (XNOR2X1)                     6658208.000
                                                  22572992.000 f
  U146/Y (INVX1)                       -1284928.000
                                                  21288064.000 r
  U790/Y (AND2X1)                      2199104.000
                                                  23487168.000 r
  U791/Y (INVX1)                       707792.000 24194960.000 f
  U4164/Y (NAND2X1)                    930000.000 25124960.000 r
  U4290/Y (XOR2X1)                     4278832.000
                                                  29403792.000 f
  U4292/Y (XOR2X1)                     5963696.000
                                                  35367488.000 r
  U127/Y (AND2X1)                      2160224.000
                                                  37527712.000 r
  U128/Y (INVX1)                       720672.000 38248384.000 f
  U4360/Y (NAND2X1)                    924304.000 39172688.000 r
  U4361/Y (XOR2X1)                     4329072.000
                                                  43501760.000 f
  U4362/Y (NOR2X1)                     1642832.000
                                                  45144592.000 r
  U4363/Y (INVX1)                      1000880.000
                                                  46145472.000 f
  U117/Y (NAND2X1)                     924880.000 47070352.000 r
  U4366/Y (OR2X1)                      1485456.000
                                                  48555808.000 r
  U4367/Y (INVX1)                      731072.000 49286880.000 f
  U4368/Y (OR2X1)                      2117904.000
                                                  51404784.000 f
  U4370/Y (NAND2X1)                    870672.000 52275456.000 r
  U4374/Y (NAND2X1)                    850368.000 53125824.000 f
  U601/Y (AND2X1)                      1855376.000
                                                  54981200.000 f
  U519/Y (NOR2X1)                      1638320.000
                                                  56619520.000 r
  U4381/Y (INVX1)                      1002800.000
                                                  57622320.000 f
  U4386/Y (NAND2X1)                    919152.000 58541472.000 r
  U118/Y (NAND2X1)                     849360.000 59390832.000 f
  U160/Y (AND2X1)                      2045584.000
                                                  61436416.000 f
  U161/Y (INVX1)                       -1433184.000
                                                  60003232.000 r
  U415/Y (AND2X1)                      1881488.000
                                                  61884720.000 r
  U416/Y (INVX1)                       709184.000 62593904.000 f
  U4389/Y (XOR2X1)                     4911520.000
                                                  67505424.000 r
  U525/Y (NOR2X1)                      -102352.000
                                                  67403072.000 f
  U523/Y (NOR2X1)                      1204392.000
                                                  68607464.000 r
  U4391/Y (XOR2X1)                     4665368.000
                                                  73272832.000 f
  U4400/Y (NAND2X1)                    1308064.000
                                                  74580896.000 r
  U4402/Y (NAND2X1)                    931216.000 75512112.000 f
  U4403/Y (INVX1)                      -562456.000
                                                  74949656.000 r
  U4406/Y (NAND2X1)                    802464.000 75752120.000 f
  U4407/Y (NAND2X1)                    1402248.000
                                                  77154368.000 r
  U4409/Y (NAND2X1)                    868048.000 78022416.000 f
  U4413/Y (NAND2X1)                    891904.000 78914320.000 r
  U167/Y (AND2X1)                      1798432.000
                                                  80712752.000 r
  U168/Y (INVX1)                       716368.000 81429120.000 f
  U4420/Y (NAND2X1)                    1362944.000
                                                  82792064.000 r
  U4421/Y (INVX1)                      1072984.000
                                                  83865048.000 f
  U4424/Y (NAND2X1)                    924944.000 84789992.000 r
  U4428/Y (NAND2X1)                    865864.000 85655856.000 f
  U4432/Y (NAND2X1)                    1380144.000
                                                  87036000.000 r
  U633/Y (AND2X1)                      1811664.000
                                                  88847664.000 r
  U634/Y (INVX1)                       726272.000 89573936.000 f
  U463/Y (AND2X1)                      2034968.000
                                                  91608904.000 f
  U464/Y (INVX1)                       -1261656.000
                                                  90347248.000 r
  U625/Y (AND2X1)                      2208936.000
                                                  92556184.000 r
  U626/Y (INVX1)                       727176.000 93283360.000 f
  U4628/Y (XOR2X1)                     5588040.000
                                                  98871400.000 r
  U4629/Y (XOR2X1)                     4340400.000
                                                  103211800.000 f
  U4632/Y (XOR2X1)                     5733136.000
                                                  108944936.000 r
  U487/Y (XOR2X1)                      4343432.000
                                                  113288368.000 f
  U486/Y (XOR2X1)                      5733352.000
                                                  119021720.000 r
  U219/Y (AND2X1)                      2175576.000
                                                  121197296.000 r
  U220/Y (INVX1)                       715232.000 121912528.000 f
  U4642/Y (AND2X1)                     2037080.000
                                                  123949608.000 f
  U4651/Y (INVX1)                      -1339408.000
                                                  122610200.000 r
  U517/Y (AND2X1)                      2199112.000
                                                  124809312.000 r
  U518/Y (INVX1)                       707792.000 125517104.000 f
  U4751/Y (NAND2X1)                    1297544.000
                                                  126814648.000 r
  U4752/Y (XOR2X1)                     4758528.000
                                                  131573176.000 f
  U4753/Y (XOR2X1)                     5974872.000
                                                  137548048.000 r
  U4754/Y (INVX1)                      1258832.000
                                                  138806880.000 f
  U158/Y (AND2X1)                      2458400.000
                                                  141265280.000 f
  U159/Y (INVX1)                       -1185184.000
                                                  140080096.000 r
  U4762/Y (NAND2X1)                    800512.000 140880608.000 f
  U4791/Y (NAND2X1)                    886176.000 141766784.000 r
  U4793/Y (NAND2X1)                    870912.000 142637696.000 f
  U4807/Y (NAND2X1)                    881200.000 143518896.000 r
  U4814/Y (NAND2X1)                    866000.000 144384896.000 f
  U113/Y (NAND2X1)                     1431392.000
                                                  145816288.000 r
  U4818/Y (INVX1)                      1162816.000
                                                  146979104.000 f
  U495/Y (NAND2X1)                     918640.000 147897744.000 r
  U492/Y (NAND2X1)                     848336.000 148746080.000 f
  U491/Y (NAND2X1)                     886160.000 149632240.000 r
  U786/Y (AND2X1)                      1796272.000
                                                  151428512.000 r
  U787/Y (INVX1)                       715760.000 152144272.000 f
  U485/Y (NAND2X1)                     924544.000 153068816.000 r
  U221/Y (AND2X1)                      1789904.000
                                                  154858720.000 r
  U222/Y (INVX1)                       715840.000 155574560.000 f
  U484/Y (NAND2X1)                     918880.000 156493440.000 r
  U4833/Y (NAND2X1)                    1157280.000
                                                  157650720.000 f
  U531/Y (NOR2X1)                      1196960.000
                                                  158847680.000 r
  U475/Y (OR2X1)                       2194544.000
                                                  161042224.000 r
  U4848/Y (NAND2X1)                    800800.000 161843024.000 f
  U4849/Y (NAND2X1)                    1752608.000
                                                  163595632.000 r
  U4850/Y (INVX1)                      1095584.000
                                                  164691216.000 f
  U4851/Y (OR2X1)                      2115648.000
                                                  166806864.000 f
  U4852/Y (OR2X1)                      2081664.000
                                                  168888528.000 f
  U4856/Y (NAND2X1)                    876640.000 169765168.000 r
  U553/Y (AND2X1)                      761728.000 170526896.000 r
  U4859/Y (NOR2X1)                     1084912.000
                                                  171611808.000 f
  U4860/Y (NOR2X1)                     1186272.000
                                                  172798080.000 r
  U4865/Y (NAND2X1)                    839216.000 173637296.000 f
  U4869/Y (AND2X1)                     2044128.000
                                                  175681424.000 f
  U4870/Y (INVX1)                      -1307088.000
                                                  174374336.000 r
  U4873/Y (NAND2X1)                    800480.000 175174816.000 f
  U4880/Y (NAND2X1)                    886160.000 176060976.000 r
  U4883/Y (NAND2X1)                    864560.000 176925536.000 f
  U726/Y (AND2X1)                      2048576.000
                                                  178974112.000 f
  U4886/Y (NOR2X1)                     1220432.000
                                                  180194544.000 r
  U4887/Y (NAND2X1)                    839216.000 181033760.000 f
  U140/Y (AND2X1)                      2044128.000
                                                  183077888.000 f
  U141/Y (INVX1)                       -1307120.000
                                                  181770768.000 r
  U4892/Y (NAND2X1)                    802112.000 182572880.000 f
  U4896/Y (OR2X1)                      2092432.000
                                                  184665312.000 f
  U4900/Y (NAND2X1)                    877872.000 185543184.000 r
  U4906/Y (NAND2X1)                    866000.000 186409184.000 f
  U4907/Y (NAND2X1)                    1396544.000
                                                  187805728.000 r
  U4908/Y (NAND2X1)                    1234896.000
                                                  189040624.000 f
  U4909/Y (INVX1)                      -562976.000
                                                  188477648.000 r
  U982/Y (AND2X1)                      1881456.000
                                                  190359104.000 r
  U983/Y (INVX1)                       720224.000 191079328.000 f
  U4914/Y (NAND2X1)                    918880.000 191998208.000 r
  U4917/Y (NAND2X1)                    930992.000 192929200.000 f
  U483/Y (INVX1)                       -559216.000
                                                  192369984.000 r
  U223/Y (AND2X1)                      1881456.000
                                                  194251440.000 r
  U224/Y (INVX1)                       720240.000 194971680.000 f
  U482/Y (NAND2X1)                     918864.000 195890544.000 r
  U480/Y (NAND2X1)                     866976.000 196757520.000 f
  U4934/Y (NAND2X1)                    1342784.000
                                                  198100304.000 r
  U162/Y (AND2X1)                      1797808.000
                                                  199898112.000 r
  U163/Y (INVX1)                       718224.000 200616336.000 f
  U476/Y (NAND2X1)                     1285632.000
                                                  201901968.000 r
  out[1] (out)                            0.000   201901968.000 r
  data arrival time                               201901968.000

  clock clk (rise edge)                200000000.000
                                                  200000000.000
  clock network delay (ideal)             0.000   200000000.000
  clock reconvergence pessimism           0.000   200000000.000
  output external delay                   0.000   200000000.000
  data required time                              200000000.000
  ---------------------------------------------------------------
  data required time                              200000000.000
  data arrival time                               -201901968.000
  ---------------------------------------------------------------
  slack (VIOLATED)                                -1901968.000


1
