 
****************************************
Report : timing
        -path full
        -delay max
        -max_paths 1
Design : top
Version: S-2021.06-SP2
Date   : Sun Dec 18 18:42:15 2022
****************************************

Operating Conditions: TT   Library: PPDK_Standard_Library_0.6V_25C_TYP_X1
Wire Load Model Mode: top

  Startpoint: inp[13] (input port clocked by clk)
  Endpoint: out[0] (output port clocked by clk)
  Path Group: clk
  Path Type: max

  Point                                    Incr       Path
  -----------------------------------------------------------
  clock clk (rise edge)                   0.000      0.000
  clock network delay (ideal)             0.000      0.000
  input external delay                    0.000      0.000 r
  inp[13] (in)                            0.000      0.000 r
  U1140/Y (NAND2X1)                    2167689.000
                                                  2167689.000 f
  U1144/Y (NAND2X1)                    615342.750 2783031.750 r
  U1145/Y (NAND2X1)                    2643568.250
                                                  5426600.000 f
  U1146/Y (NAND2X1)                    629663.000 6056263.000 r
  U1147/Y (NAND2X1)                    2658819.000
                                                  8715082.000 f
  U488/Y (XNOR2X1)                     8814058.000
                                                  17529140.000 f
  U489/Y (INVX1)                       -656886.000
                                                  16872254.000 r
  U840/Y (XNOR2X1)                     8144146.000
                                                  25016400.000 r
  U839/Y (INVX1)                       1437194.000
                                                  26453594.000 f
  U1157/Y (NAND2X1)                    952206.000 27405800.000 r
  U269/Y (AND2X1)                      2522228.000
                                                  29928028.000 r
  U270/Y (INVX1)                       1370248.000
                                                  31298276.000 f
  U591/Y (XNOR2X1)                     8509392.000
                                                  39807668.000 f
  U592/Y (INVX1)                       -697936.000
                                                  39109732.000 r
  U771/Y (XNOR2X1)                     8150472.000
                                                  47260204.000 r
  U856/Y (XNOR2X1)                     8657444.000
                                                  55917648.000 r
  U490/Y (XNOR2X1)                     8157984.000
                                                  64075632.000 r
  U491/Y (INVX1)                       1509828.000
                                                  65585460.000 f
  U482/Y (XNOR2X1)                     7999940.000
                                                  73585400.000 f
  U1228/Y (OR2X1)                      3536456.000
                                                  77121856.000 f
  U1229/Y (NAND2X1)                    827896.000 77949752.000 r
  U249/Y (AND2X1)                      2125664.000
                                                  80075416.000 r
  U250/Y (INVX1)                       1403592.000
                                                  81479008.000 f
  U467/Y (NOR2X1)                      960512.000 82439520.000 r
  U466/Y (OR2X1)                       4969792.000
                                                  87409312.000 r
  U305/Y (AND2X1)                      3081096.000
                                                  90490408.000 r
  U306/Y (INVX1)                       1308696.000
                                                  91799104.000 f
  U465/Y (NOR2X1)                      960464.000 92759568.000 r
  U463/Y (NOR2X1)                      1553888.000
                                                  94313456.000 f
  U464/Y (INVX1)                       -42576.000 94270880.000 r
  U1235/Y (NAND2X1)                    2285192.000
                                                  96556072.000 f
  U736/Y (XNOR2X1)                     8151128.000
                                                  104707200.000 f
  U461/Y (NOR2X1)                      1396824.000
                                                  106104024.000 r
  U462/Y (INVX1)                       1216216.000
                                                  107320240.000 f
  U1274/Y (NAND2X1)                    1354856.000
                                                  108675096.000 r
  U379/Y (INVX1)                       1436736.000
                                                  110111832.000 f
  U380/Y (INVX1)                       437392.000 110549224.000 r
  U575/Y (XNOR2X1)                     8145032.000
                                                  118694256.000 r
  U576/Y (INVX1)                       1461608.000
                                                  120155864.000 f
  U484/Y (XNOR2X1)                     8516904.000
                                                  128672768.000 f
  U485/Y (INVX1)                       -705136.000
                                                  127967632.000 r
  U1459/Y (NAND2X1)                    1524520.000
                                                  129492152.000 f
  U1460/Y (NAND2X1)                    1096416.000
                                                  130588568.000 r
  U1462/Y (INVX1)                      1376128.000
                                                  131964696.000 f
  U1464/Y (NAND2X1)                    673928.000 132638624.000 r
  U1465/Y (NAND2X1)                    2660496.000
                                                  135299120.000 f
  U1466/Y (NAND2X1)                    873600.000 136172720.000 r
  U1471/Y (OR2X1)                      6864832.000
                                                  143037552.000 r
  U1472/Y (NAND2X1)                    2157456.000
                                                  145195008.000 f
  U1473/Y (NAND2X1)                    849424.000 146044432.000 r
  U1478/Y (OR2X1)                      7138352.000
                                                  153182784.000 r
  U1479/Y (NAND2X1)                    2157456.000
                                                  155340240.000 f
  U1480/Y (NAND2X1)                    615744.000 155955984.000 r
  U1481/Y (NAND2X1)                    1466272.000
                                                  157422256.000 f
  U349/Y (AND2X1)                      3544848.000
                                                  160967104.000 f
  U350/Y (INVX1)                       -944.000   160966160.000 r
  U1484/Y (NAND2X1)                    1490272.000
                                                  162456432.000 f
  U1485/Y (NAND2X1)                    1273776.000
                                                  163730208.000 r
  U1486/Y (INVX1)                      1461376.000
                                                  165191584.000 f
  U1487/Y (NOR2X1)                     960512.000 166152096.000 r
  U1489/Y (NOR2X1)                     1323664.000
                                                  167475760.000 f
  U1490/Y (NAND2X1)                    647360.000 168123120.000 r
  U1492/Y (NAND2X1)                    1479024.000
                                                  169602144.000 f
  U408/Y (NOR2X1)                      974656.000 170576800.000 r
  U406/Y (OR2X1)                       4972496.000
                                                  175549296.000 r
  U475/Y (NOR2X1)                      1354672.000
                                                  176903968.000 f
  U472/Y (NOR2X1)                      1407584.000
                                                  178311552.000 r
  U473/Y (INVX1)                       1207472.000
                                                  179519024.000 f
  U1503/Y (NAND2X1)                    958272.000 180477296.000 r
  U1507/Y (OR2X1)                      5907664.000
                                                  186384960.000 r
  U1508/Y (NAND2X1)                    2166432.000
                                                  188551392.000 f
  U1509/Y (NAND2X1)                    844384.000 189395776.000 r
  U866/Y (NOR2X1)                      1301344.000
                                                  190697120.000 f
  U1510/Y (NAND2X1)                    1086304.000
                                                  191783424.000 r
  U470/Y (INVX1)                       1481520.000
                                                  193264944.000 f
  U469/Y (NOR2X1)                      960512.000 194225456.000 r
  U476/Y (NOR2X1)                      1323680.000
                                                  195549136.000 f
  U1511/Y (NOR2X1)                     964128.000 196513264.000 r
  out[0] (out)                            0.000   196513264.000 r
  data arrival time                               196513264.000

  clock clk (rise edge)                200000000.000
                                                  200000000.000
  clock network delay (ideal)             0.000   200000000.000
  output external delay                   0.000   200000000.000
  data required time                              200000000.000
  -----------------------------------------------------------
  data required time                              200000000.000
  data arrival time                               -196513264.000
  -----------------------------------------------------------
  slack (MET)                                     3486736.000


1
