Information: Updating design information... (UID-85)
 
****************************************
Report : qor
Design : top
Version: S-2021.06-SP2
Date   : Sun Dec 18 18:42:15 2022
****************************************


  Timing Path Group 'clk'
  -----------------------------------
  Levels of Logic:              78.00
  Critical Path Length:  196513264.00
  Critical Path Slack:     3486736.00
  Critical Path Clk Period:
                         200000000.00
  Total Negative Slack:          0.00
  No. of Violating Paths:        0.00
  Worst Hold Violation:          0.00
  Total Hold Violation:          0.00
  No. of Hold Violations:        0.00
  -----------------------------------


  Cell Count
  -----------------------------------
  Hierarchical Cell Count:          0
  Hierarchical Port Count:          0
  Leaf Cell Count:               1297
  Buf/Inv Cell Count:             413
  Buf Cell Count:                   0
  Inv Cell Count:                 413
  CT Buf/Inv Cell Count:            0
  Combinational Cell Count:      1297
  Sequential Cell Count:            0
  Macro Count:                      0
  -----------------------------------


  Area
  -----------------------------------
  Combinational Area:
                     604339019.000000
  Noncombinational Area:     0.000000
  Buf/Inv Area:       94337460.000000
  Total Buffer Area:             0.00
  Total Inverter Area:    94337460.00
  Macro/Black Box Area:      0.000000
  Net Area:                  0.000000
  -----------------------------------
  Cell Area:         604339019.000000
  Design Area:       604339019.000000


  Design Rules
  -----------------------------------
  Total Number of Nets:          1377
  Nets With Violations:          1297
  Max Trans Violations:          1297
  Max Cap Violations:               0
  -----------------------------------


  Hostname: leoforos

  Compile CPU Statistics
  -----------------------------------------
  Resource Sharing:                    0.64
  Logic Optimization:                  0.32
  Mapping Optimization:                1.29
  -----------------------------------------
  Overall Compile Time:                4.10
  Overall Compile Wall Clock Time:     4.44

  --------------------------------------------------------------------

  Design  WNS: 0.00  TNS: 0.00  Number of Violating Paths: 0


  Design (Hold)  WNS: 0.00  TNS: 0.00  Number of Violating Paths: 0

  --------------------------------------------------------------------


1
