Information: Updating design information... (UID-85)
 
****************************************
Report : qor
Design : top
Version: S-2021.06-SP2
Date   : Tue Nov 29 17:09:51 2022
****************************************


  Timing Path Group 'clk'
  -----------------------------------
  Levels of Logic:             134.00
  Critical Path Length:  247126560.00
  Critical Path Slack:     2873440.00
  Critical Path Clk Period:
                         250000000.00
  Total Negative Slack:          0.00
  No. of Violating Paths:        0.00
  Worst Hold Violation:          0.00
  Total Hold Violation:          0.00
  No. of Hold Violations:        0.00
  -----------------------------------


  Cell Count
  -----------------------------------
  Hierarchical Cell Count:          0
  Hierarchical Port Count:          0
  Leaf Cell Count:               5073
  Buf/Inv Cell Count:            1147
  Buf Cell Count:                   0
  Inv Cell Count:                1147
  CT Buf/Inv Cell Count:            0
  Combinational Cell Count:      5073
  Sequential Cell Count:            0
  Macro Count:                      0
  -----------------------------------


  Area
  -----------------------------------
  Combinational Area:
                    2417609770.000000
  Noncombinational Area:     0.000000
  Buf/Inv Area:      261997740.000000
  Total Buffer Area:             0.00
  Total Inverter Area:   261997740.00
  Macro/Black Box Area:      0.000000
  Net Area:                  0.000000
  -----------------------------------
  Cell Area:        2417609770.000000
  Design Area:      2417609770.000000


  Design Rules
  -----------------------------------
  Total Number of Nets:          5137
  Nets With Violations:          5073
  Max Trans Violations:          5073
  Max Cap Violations:               0
  -----------------------------------


  Hostname: leoforos

  Compile CPU Statistics
  -----------------------------------------
  Resource Sharing:                    2.24
  Logic Optimization:                  1.99
  Mapping Optimization:                9.30
  -----------------------------------------
  Overall Compile Time:               21.93
  Overall Compile Wall Clock Time:    22.32

  --------------------------------------------------------------------

  Design  WNS: 0.00  TNS: 0.00  Number of Violating Paths: 0


  Design (Hold)  WNS: 0.00  TNS: 0.00  Number of Violating Paths: 0

  --------------------------------------------------------------------


1
