 
****************************************
Report : timing
        -path full
        -delay max
        -max_paths 1
Design : top
Version: S-2021.06-SP2
Date   : Fri Dec  9 17:12:18 2022
****************************************

Operating Conditions: TT   Library: PPDK_Standard_Library_1.0V_25C_TYP_X1
Wire Load Model Mode: top

  Startpoint: inp[17] (input port clocked by clk)
  Endpoint: out[0] (output port clocked by clk)
  Path Group: clk
  Path Type: max

  Point                                    Incr       Path
  -----------------------------------------------------------
  clock clk (rise edge)                   0.000      0.000
  clock network delay (ideal)             0.000      0.000
  input external delay                    0.000      0.000 r
  inp[17] (in)                            0.000      0.000 r
  U943/Y (AND2X1)                      2207109.000
                                                  2207109.000 r
  U944/Y (INVX1)                       705440.500 2912549.500 f
  U1036/Y (NAND2X1)                    918764.250 3831313.750 r
  U853/Y (AND2X1)                      2169663.250
                                                  6000977.000 r
  U456/Y (AND2X1)                      1835657.000
                                                  7836634.000 r
  U457/Y (INVX1)                       707709.000 8544343.000 f
  U1037/Y (AND2X1)                     2243887.000
                                                  10788230.000 f
  U1038/Y (XOR2X1)                     5461408.000
                                                  16249638.000 r
  U446/Y (XOR2X1)                      4751702.000
                                                  21001340.000 f
  U622/Y (XNOR2X1)                     4475792.000
                                                  25477132.000 r
  U623/Y (INVX1)                       775452.000 26252584.000 f
  U531/Y (XNOR2X1)                     6004250.000
                                                  32256834.000 f
  U532/Y (INVX1)                       -1205292.000
                                                  31051542.000 r
  U1051/Y (OR2X1)                      1642086.000
                                                  32693628.000 r
  U727/Y (AND2X1)                      2196644.000
                                                  34890272.000 r
  U728/Y (INVX1)                       708376.000 35598648.000 f
  U509/Y (AND2X1)                      2458076.000
                                                  38056724.000 f
  U510/Y (INVX1)                       -1175056.000
                                                  36881668.000 r
  U1064/Y (OR2X1)                      1642272.000
                                                  38523940.000 r
  U721/Y (AND2X1)                      2196644.000
                                                  40720584.000 r
  U722/Y (INVX1)                       708376.000 41428960.000 f
  U507/Y (AND2X1)                      2034876.000
                                                  43463836.000 f
  U508/Y (INVX1)                       -1175212.000
                                                  42288624.000 r
  U905/Y (AND2X1)                      1881336.000
                                                  44169960.000 r
  U906/Y (INVX1)                       707868.000 44877828.000 f
  U1070/Y (NAND2X1)                    918816.000 45796644.000 r
  U837/Y (AND2X1)                      2169456.000
                                                  47966100.000 r
  U838/Y (INVX1)                       721232.000 48687332.000 f
  U845/Y (AND2X1)                      2458084.000
                                                  51145416.000 f
  U846/Y (INVX1)                       -1175012.000
                                                  49970404.000 r
  U679/Y (AND2X1)                      2198884.000
                                                  52169288.000 r
  U680/Y (INVX1)                       707864.000 52877152.000 f
  U1081/Y (XOR2X1)                     5579680.000
                                                  58456832.000 r
  U665/Y (AND2X1)                      1822464.000
                                                  60279296.000 r
  U666/Y (INVX1)                       715560.000 60994856.000 f
  U1083/Y (NOR2X1)                     1157500.000
                                                  62152356.000 r
  U817/Y (AND2X1)                      2179648.000
                                                  64332004.000 r
  U487/Y (AND2X1)                      2181248.000
                                                  66513252.000 r
  U488/Y (INVX1)                       713388.000 67226640.000 f
  U607/Y (NAND2X1)                     918856.000 68145496.000 r
  U707/Y (AND2X1)                      1818688.000
                                                  69964184.000 r
  U708/Y (INVX1)                       707584.000 70671768.000 f
  U1089/Y (NOR2X1)                     1157496.000
                                                  71829264.000 r
  U460/Y (AND2X1)                      1838560.000
                                                  73667824.000 r
  U461/Y (INVX1)                       707712.000 74375536.000 f
  U801/Y (AND2X1)                      2458072.000
                                                  76833608.000 f
  U802/Y (INVX1)                       -1175024.000
                                                  75658584.000 r
  U1091/Y (OR2X1)                      1640560.000
                                                  77299144.000 r
  U917/Y (AND2X1)                      2196832.000
                                                  79495976.000 r
  U918/Y (INVX1)                       708536.000 80204512.000 f
  U1092/Y (NAND2X1)                    1285768.000
                                                  81490280.000 r
  U725/Y (AND2X1)                      1818744.000
                                                  83309024.000 r
  U726/Y (INVX1)                       708312.000 84017336.000 f
  U673/Y (AND2X1)                      2458072.000
                                                  86475408.000 f
  U674/Y (INVX1)                       -1187296.000
                                                  85288112.000 r
  U729/Y (AND2X1)                      1881840.000
                                                  87169952.000 r
  U730/Y (INVX1)                       707584.000 87877536.000 f
  U1095/Y (NAND2X1)                    1279688.000
                                                  89157224.000 r
  out[0] (out)                            0.000   89157224.000 r
  data arrival time                               89157224.000

  clock clk (rise edge)                200000000.000
                                                  200000000.000
  clock network delay (ideal)             0.000   200000000.000
  output external delay                   0.000   200000000.000
  data required time                              200000000.000
  -----------------------------------------------------------
  data required time                              200000000.000
  data arrival time                               -89157224.000
  -----------------------------------------------------------
  slack (MET)                                     110842776.000


1
