 
****************************************
Report : timing
        -path full
        -delay max
        -max_paths 1
Design : top
Version: S-2021.06-SP2
Date   : Fri Dec 16 15:26:13 2022
****************************************

Operating Conditions: TT   Library: PPDK_Standard_Library_1.0V_25C_TYP_X1
Wire Load Model Mode: top

  Startpoint: inp[40] (input port clocked by clk)
  Endpoint: out[0] (output port clocked by clk)
  Path Group: clk
  Path Type: max

  Point                                    Incr       Path
  -----------------------------------------------------------
  clock clk (rise edge)                   0.000      0.000
  clock network delay (ideal)             0.000      0.000
  input external delay                    0.000      0.000 f
  inp[40] (in)                            0.000      0.000 f
  U1110/Y (NOR2X1)                     1162720.625
                                                  1162720.625 r
  U403/Y (OR2X1)                       1650833.875
                                                  2813554.500 r
  U404/Y (INVX1)                       708266.750 3521821.250 f
  U1112/Y (NAND2X1)                    924222.750 4446044.000 r
  U1076/Y (AND2X1)                     2168961.000
                                                  6615005.000 r
  U1077/Y (INVX1)                      722251.500 7337256.500 f
  U443/Y (AND2X1)                      2457987.500
                                                  9795244.000 f
  U444/Y (INVX1)                       -206132.000
                                                  9589112.000 r
  U1147/Y (INVX1)                      662114.000 10251226.000 f
  U1153/Y (XOR2X1)                     4920888.000
                                                  15172114.000 r
  U1168/Y (XOR2X1)                     4328764.000
                                                  19500878.000 f
  U1169/Y (XOR2X1)                     5094462.000
                                                  24595340.000 r
  U998/Y (XNOR2X1)                     6368652.000
                                                  30963992.000 r
  U999/Y (INVX1)                       1017754.000
                                                  31981746.000 f
  U1226/Y (NAND2X1)                    919164.000 32900910.000 r
  U595/Y (AND2X1)                      1819066.000
                                                  34719976.000 r
  U596/Y (INVX1)                       715084.000 35435060.000 f
  U1266/Y (NAND2X1)                    930056.000 36365116.000 r
  U1312/Y (XOR2X1)                     4850692.000
                                                  41215808.000 f
  U869/Y (AND2X1)                      2417572.000
                                                  43633380.000 f
  U870/Y (INVX1)                       -1449024.000
                                                  42184356.000 r
  U1313/Y (NAND2X1)                    928772.000 43113128.000 f
  U1360/Y (NAND2X1)                    1399904.000
                                                  44513032.000 r
  U1361/Y (NAND2X1)                    1154848.000
                                                  45667880.000 f
  U1362/Y (NAND2X1)                    1408984.000
                                                  47076864.000 r
  U1364/Y (XOR2X1)                     4851156.000
                                                  51928020.000 f
  U1416/Y (NAND2X1)                    1312068.000
                                                  53240088.000 r
  U965/Y (INVX1)                       912148.000 54152236.000 f
  U966/Y (INVX1)                       439388.000 54591624.000 r
  U1417/Y (NAND2X1)                    1055472.000
                                                  55647096.000 f
  U1418/Y (XOR2X1)                     5390400.000
                                                  61037496.000 r
  U927/Y (AND2X1)                      2173560.000
                                                  63211056.000 r
  U928/Y (INVX1)                       715896.000 63926952.000 f
  U1454/Y (AND2X1)                     2243888.000
                                                  66170840.000 f
  U1458/Y (XOR2X1)                     3002480.000
                                                  69173320.000 f
  U755/Y (AND2X1)                      2417512.000
                                                  71590832.000 f
  U756/Y (INVX1)                       -1449400.000
                                                  70141432.000 r
  U1463/Y (NAND2X1)                    1049808.000
                                                  71191240.000 f
  U1464/Y (NOR2X1)                     1190048.000
                                                  72381288.000 r
  U1467/Y (NAND2X1)                    835048.000 73216336.000 f
  U1468/Y (NAND2X1)                    1748096.000
                                                  74964432.000 r
  U1469/Y (INVX1)                      1096608.000
                                                  76061040.000 f
  U1470/Y (NOR2X1)                     1175016.000
                                                  77236056.000 r
  U831/Y (AND2X1)                      1836312.000
                                                  79072368.000 r
  U832/Y (INVX1)                       715792.000 79788160.000 f
  U558/Y (NAND2X1)                     1805728.000
                                                  81593888.000 r
  U518/Y (INVX1)                       1258632.000
                                                  82852520.000 f
  U519/Y (INVX1)                       967824.000 83820344.000 r
  U1478/Y (INVX1)                      645792.000 84466136.000 f
  U349/Y (AND2X1)                      2034936.000
                                                  86501072.000 f
  U350/Y (INVX1)                       -303112.000
                                                  86197960.000 r
  U1482/Y (INVX1)                      657424.000 86855384.000 f
  U593/Y (XNOR2X1)                     6015464.000
                                                  92870848.000 f
  U3234/Y (XOR2X1)                     5224416.000
                                                  98095264.000 r
  U401/Y (XNOR2X1)                     5483720.000
                                                  103578984.000 r
  U402/Y (INVX1)                       953912.000 104532896.000 f
  U3249/Y (XOR2X1)                     5588936.000
                                                  110121832.000 r
  U543/Y (XNOR2X1)                     6330056.000
                                                  116451888.000 r
  U1008/Y (INVX1)                      1008016.000
                                                  117459904.000 f
  U3306/Y (NAND2X1)                    1284752.000
                                                  118744656.000 r
  U857/Y (AND2X1)                      1818968.000
                                                  120563624.000 r
  U858/Y (INVX1)                       715848.000 121279472.000 f
  U3313/Y (NAND2X1)                    1362944.000
                                                  122642416.000 r
  U3314/Y (INVX1)                      1216872.000
                                                  123859288.000 f
  U3315/Y (NAND2X1)                    919456.000 124778744.000 r
  U859/Y (AND2X1)                      1818928.000
                                                  126597672.000 r
  U860/Y (INVX1)                       715848.000 127313520.000 f
  U3326/Y (NAND2X1)                    1752768.000
                                                  129066288.000 r
  U3327/Y (INVX1)                      1216880.000
                                                  130283168.000 f
  U3328/Y (NAND2X1)                    1283872.000
                                                  131567040.000 r
  U627/Y (AND2X1)                      1819152.000
                                                  133386192.000 r
  U628/Y (INVX1)                       715168.000 134101360.000 f
  U3341/Y (NAND2X1)                    1362944.000
                                                  135464304.000 r
  U3342/Y (INVX1)                      1093504.000
                                                  136557808.000 f
  U3343/Y (NAND2X1)                    1284304.000
                                                  137842112.000 r
  U611/Y (AND2X1)                      1819056.000
                                                  139661168.000 r
  U612/Y (INVX1)                       715152.000 140376320.000 f
  U3352/Y (NAND2X1)                    924560.000 141300880.000 r
  U3354/Y (NOR2X1)                     -324080.000
                                                  140976800.000 f
  U3361/Y (NOR2X1)                     1195968.000
                                                  142172768.000 r
  U3363/Y (NAND2X1)                    834464.000 143007232.000 f
  U3364/Y (NAND2X1)                    1404576.000
                                                  144411808.000 r
  U3370/Y (OR2X1)                      2607024.000
                                                  147018832.000 r
  U3371/Y (NAND2X1)                    1217664.000
                                                  148236496.000 f
  U522/Y (INVX1)                       234288.000 148470784.000 r
  U523/Y (INVX1)                       666576.000 149137360.000 f
  U3372/Y (INVX1)                      481184.000 149618544.000 r
  U931/Y (AND2X1)                      2197376.000
                                                  151815920.000 r
  U932/Y (INVX1)                       708144.000 152524064.000 f
  U447/Y (AND2X1)                      2458080.000
                                                  154982144.000 f
  U448/Y (INVX1)                       -217648.000
                                                  154764496.000 r
  U3385/Y (INVX1)                      656816.000 155421312.000 f
  U3386/Y (NAND2X1)                    1285824.000
                                                  156707136.000 r
  U3392/Y (NAND2X1)                    1126448.000
                                                  157833584.000 f
  U3394/Y (NAND2X1)                    887088.000 158720672.000 r
  U3397/Y (OR2X1)                      2582192.000
                                                  161302864.000 r
  U3401/Y (NAND2X1)                    799184.000 162102048.000 f
  U3403/Y (NAND2X1)                    884496.000 162986544.000 r
  U3404/Y (OR2X1)                      2595072.000
                                                  165581616.000 r
  U3408/Y (NAND2X1)                    797152.000 166378768.000 f
  U3410/Y (NAND2X1)                    1341792.000
                                                  167720560.000 r
  U3411/Y (INVX1)                      1095872.000
                                                  168816432.000 f
  U3416/Y (NAND2X1)                    919312.000 169735744.000 r
  U3420/Y (NAND2X1)                    848096.000 170583840.000 f
  U3422/Y (NAND2X1)                    1343136.000
                                                  171926976.000 r
  U3423/Y (INVX1)                      1095936.000
                                                  173022912.000 f
  U3424/Y (NAND2X1)                    1284304.000
                                                  174307216.000 r
  U3425/Y (NAND2X1)                    848080.000 175155296.000 f
  U3427/Y (NAND2X1)                    885504.000 176040800.000 r
  U3430/Y (OR2X1)                      2605792.000
                                                  178646592.000 r
  U3433/Y (NAND2X1)                    799184.000 179445776.000 f
  U3435/Y (NAND2X1)                    1341360.000
                                                  180787136.000 r
  U3440/Y (INVX1)                      1101296.000
                                                  181888432.000 f
  U3442/Y (NAND2X1)                    919328.000 182807760.000 r
  U3443/Y (NAND2X1)                    1233072.000
                                                  184040832.000 f
  U528/Y (INVX1)                       226384.000 184267216.000 r
  U529/Y (INVX1)                       666096.000 184933312.000 f
  U3444/Y (INVX1)                      490784.000 185424096.000 r
  U3460/Y (NAND2X1)                    1055888.000
                                                  186479984.000 f
  U3462/Y (NAND2X1)                    1351088.000
                                                  187831072.000 r
  U3463/Y (NOR2X1)                     -307936.000
                                                  187523136.000 f
  U3468/Y (NOR2X1)                     1195776.000
                                                  188718912.000 r
  U3472/Y (NAND2X1)                    834448.000 189553360.000 f
  U3474/Y (NAND2X1)                    1341728.000
                                                  190895088.000 r
  U3475/Y (INVX1)                      1116224.000
                                                  192011312.000 f
  U3476/Y (NAND2X1)                    1284224.000
                                                  193295536.000 r
  U3480/Y (NAND2X1)                    848064.000 194143600.000 f
  U3482/Y (NAND2X1)                    885280.000 195028880.000 r
  U3489/Y (OR2X1)                      2606864.000
                                                  197635744.000 r
  U3490/Y (NAND2X1)                    1047264.000
                                                  198683008.000 f
  U3494/Y (OR2X1)                      2092624.000
                                                  200775632.000 f
  U3498/Y (NAND2X1)                    871936.000 201647568.000 r
  U3500/Y (NAND2X1)                    866928.000 202514496.000 f
  U3501/Y (OR2X1)                      2087712.000
                                                  204602208.000 f
  U3506/Y (NAND2X1)                    872128.000 205474336.000 r
  U3508/Y (NAND2X1)                    930944.000 206405280.000 f
  U3509/Y (NAND2X1)                    1395344.000
                                                  207800624.000 r
  U3514/Y (NAND2X1)                    866080.000 208666704.000 f
  U3517/Y (NAND2X1)                    1341776.000
                                                  210008480.000 r
  U3524/Y (INVX1)                      1116704.000
                                                  211125184.000 f
  U3525/Y (NAND2X1)                    919296.000 212044480.000 r
  U3526/Y (NAND2X1)                    1236000.000
                                                  213280480.000 f
  U524/Y (INVX1)                       225008.000 213505488.000 r
  U525/Y (INVX1)                       666576.000 214172064.000 f
  U1097/Y (INVX1)                      488080.000 214660144.000 r
  U3723/Y (NAND2X1)                    804208.000 215464352.000 f
  U3724/Y (NAND2X1)                    1404848.000
                                                  216869200.000 r
  U3729/Y (OR2X1)                      2607664.000
                                                  219476864.000 r
  U3734/Y (NAND2X1)                    797424.000 220274288.000 f
  U3736/Y (NAND2X1)                    885488.000 221159776.000 r
  U3741/Y (OR2X1)                      2605456.000
                                                  223765232.000 r
  U3745/Y (NAND2X1)                    797440.000 224562672.000 f
  U3747/Y (NAND2X1)                    885504.000 225448176.000 r
  U3751/Y (OR2X1)                      2605424.000
                                                  228053600.000 r
  U3755/Y (NAND2X1)                    797072.000 228850672.000 f
  U3757/Y (NAND2X1)                    879600.000 229730272.000 r
  U3758/Y (NAND2X1)                    1156160.000
                                                  230886432.000 f
  U3760/Y (NAND2X1)                    885168.000 231771600.000 r
  U3765/Y (OR2X1)                      2607568.000
                                                  234379168.000 r
  U3770/Y (NAND2X1)                    797072.000 235176240.000 f
  U3772/Y (NAND2X1)                    879600.000 236055840.000 r
  U3773/Y (NAND2X1)                    1156160.000
                                                  237212000.000 f
  U3775/Y (NAND2X1)                    879264.000 238091264.000 r
  U3780/Y (NAND2X1)                    871024.000 238962288.000 f
  U3782/Y (OR2X1)                      2088992.000
                                                  241051280.000 f
  U3784/Y (NAND2X1)                    871952.000 241923232.000 r
  U1067/Y (AND2X1)                     1809840.000
                                                  243733072.000 r
  U261/Y (AND2X1)                      2181024.000
                                                  245914096.000 r
  U262/Y (INVX1)                       713456.000 246627552.000 f
  U3796/Y (NAND2X1)                    913216.000 247540768.000 r
  out[0] (out)                            0.000   247540768.000 r
  data arrival time                               247540768.000

  clock clk (rise edge)                250000000.000
                                                  250000000.000
  clock network delay (ideal)             0.000   250000000.000
  output external delay                   0.000   250000000.000
  data required time                              250000000.000
  -----------------------------------------------------------
  data required time                              250000000.000
  data arrival time                               -247540768.000
  -----------------------------------------------------------
  slack (MET)                                     2459232.000


1
