****************************************
Report : timing
	-path_type full
	-delay_type max
	-max_paths 1
	-sort_by slack
Design : top
Version: S-2021.06-SP1
Date   : Fri Dec 16 14:30:22 2022
****************************************


  Startpoint: inp[38] (input port clocked by clk)
  Endpoint: out[0] (output port clocked by clk)
  Path Group: clk
  Path Type: max

  Point                                    Incr       Path
  ---------------------------------------------------------------
  clock clk (rise edge)                   0.000      0.000
  clock network delay (ideal)             0.000      0.000
  input external delay                    0.000      0.000 f
  inp[38] (in)                            0.000      0.000 f
  U1106/Y (XOR2X1)                     5934656.000
                                                  5934656.000 r
  U1107/Y (AND2X1)                     -1378304.000
                                                  4556352.000 r
  U1108/Y (OR2X1)                      7786336.000
                                                  12342688.000 r
  U190/Y (XNOR2X1)                     6763808.000
                                                  19106496.000 r
  U191/Y (INVX1)                       1045808.000
                                                  20152304.000 f
  U1115/Y (XOR2X1)                     5235824.000
                                                  25388128.000 r
  U364/Y (XNOR2X1)                     6632192.000
                                                  32020320.000 r
  U365/Y (INVX1)                       1043840.000
                                                  33064160.000 f
  U380/Y (XNOR2X1)                     7361696.000
                                                  40425856.000 f
  U381/Y (INVX1)                       -1329088.000
                                                  39096768.000 r
  U1346/Y (XOR2X1)                     5463168.000
                                                  44559936.000 f
  U1356/Y (XOR2X1)                     4480912.000
                                                  49040848.000 r
  U1091/Y (OR2X1)                      7381648.000
                                                  56422496.000 r
  U1375/Y (NAND2X1)                    1720128.000
                                                  58142624.000 f
  U1376/Y (NAND2X1)                    1631296.000
                                                  59773920.000 r
  U1377/Y (INVX1)                      1246432.000
                                                  61020352.000 f
  U1378/Y (NOR2X1)                     1064624.000
                                                  62084976.000 r
  U1379/Y (NOR2X1)                     1169024.000
                                                  63254000.000 f
  U1380/Y (INVX1)                      -461472.000
                                                  62792528.000 r
  U1381/Y (NAND2X1)                    1008992.000
                                                  63801520.000 f
  U1382/Y (NAND2X1)                    1624288.000
                                                  65425808.000 r
  U1436/Y (NAND2X1)                    1071504.000
                                                  66497312.000 f
  U1437/Y (NAND2X1)                    1172064.000
                                                  67669376.000 r
  U1439/Y (XNOR2X1)                    7194800.000
                                                  74864176.000 r
  U1102/Y (OR2X1)                      5197088.000
                                                  80061264.000 r
  U1443/Y (NAND2X1)                    1370400.000
                                                  81431664.000 f
  U516/Y (NAND2X1)                     1715840.000
                                                  83147504.000 r
  U491/Y (INVX1)                       1334048.000
                                                  84481552.000 f
  U492/Y (INVX1)                       937264.000 85418816.000 r
  U1444/Y (INVX1)                      704432.000 86123248.000 f
  U3227/Y (XOR2X1)                     5949648.000
                                                  92072896.000 r
  U707/Y (XNOR2X1)                     7077152.000
                                                  99150048.000 r
  U708/Y (INVX1)                       1162960.000
                                                  100313008.000 f
  U3534/Y (NAND2X1)                    1161984.000
                                                  101474992.000 r
  U3535/Y (NAND2X1)                    2205888.000
                                                  103680880.000 f
  U3536/Y (NAND2X1)                    1637232.000
                                                  105318112.000 r
  U3538/Y (INVX1)                      1251392.000
                                                  106569504.000 f
  U3539/Y (NAND2X1)                    807232.000 107376736.000 r
  U3540/Y (NAND2X1)                    2205632.000
                                                  109582368.000 f
  U3541/Y (NAND2X1)                    1177360.000
                                                  110759728.000 r
  U3544/Y (XOR2X1)                     2931128.000
                                                  113690856.000 r
  U3545/Y (INVX1)                      1410992.000
                                                  115101848.000 f
  U3878/Y (XOR2X1)                     5950672.000
                                                  121052520.000 r
  U3879/Y (OR2X1)                      5929904.000
                                                  126982424.000 r
  U3880/Y (NAND2X1)                    1360992.000
                                                  128343416.000 f
  U3882/Y (NAND2X1)                    850944.000 129194360.000 r
  U3883/Y (OR2X1)                      5203320.000
                                                  134397680.000 r
  U3884/Y (NAND2X1)                    1360992.000
                                                  135758672.000 f
  U3886/Y (NAND2X1)                    1272880.000
                                                  137031552.000 r
  U3889/Y (INVX1)                      1243232.000
                                                  138274784.000 f
  U3896/Y (XOR2X1)                     6261840.000
                                                  144536624.000 r
  U3897/Y (INVX1)                      1504976.000
                                                  146041600.000 f
  U3900/Y (NAND2X1)                    807200.000 146848800.000 r
  U3959/Y (NAND2X1)                    1052224.000
                                                  147901024.000 f
  U3961/Y (NAND2X1)                    836864.000 148737888.000 r
  U3963/Y (NAND2X1)                    1048336.000
                                                  149786224.000 f
  U546/Y (NAND2X1)                     1669968.000
                                                  151456192.000 r
  U464/Y (INVX1)                       1319040.000
                                                  152775232.000 f
  U465/Y (INVX1)                       937376.000 153712608.000 r
  U3964/Y (INVX1)                      699936.000 154412544.000 f
  U4144/Y (NAND2X1)                    1162032.000
                                                  155574576.000 r
  U4145/Y (NAND2X1)                    1447312.000
                                                  157021888.000 f
  U4153/Y (NAND2X1)                    840416.000 157862304.000 r
  U4154/Y (NAND2X1)                    2206352.000
                                                  160068656.000 f
  U4163/Y (NAND2X1)                    836464.000 160905120.000 r
  U4166/Y (NAND2X1)                    1048608.000
                                                  161953728.000 f
  U4175/Y (NAND2X1)                    836320.000 162790048.000 r
  U4178/Y (NAND2X1)                    1048608.000
                                                  163838656.000 f
  U4187/Y (NAND2X1)                    836288.000 164674944.000 r
  U4190/Y (NAND2X1)                    1048608.000
                                                  165723552.000 f
  U4199/Y (NAND2X1)                    836320.000 166559872.000 r
  U4202/Y (NAND2X1)                    1048608.000
                                                  167608480.000 f
  U4211/Y (NAND2X1)                    836288.000 168444768.000 r
  U4214/Y (NAND2X1)                    1048608.000
                                                  169493376.000 f
  U4223/Y (NAND2X1)                    1268224.000
                                                  170761600.000 r
  U4224/Y (INVX1)                      1237152.000
                                                  171998752.000 f
  U4230/Y (NAND2X1)                    807232.000 172805984.000 r
  U4233/Y (NAND2X1)                    1227744.000
                                                  174033728.000 f
  U460/Y (INVX1)                       257856.000 174291584.000 r
  U461/Y (INVX1)                       810016.000 175101600.000 f
  U4235/Y (INVX1)                      453536.000 175555136.000 r
  U4241/Y (NAND2X1)                    1018656.000
                                                  176573792.000 f
  U4242/Y (NAND2X1)                    1624480.000
                                                  178198272.000 r
  U4243/Y (INVX1)                      1242928.000
                                                  179441200.000 f
  U1077/Y (OR2X1)                      2431568.000
                                                  181872768.000 f
  U4247/Y (NAND2X1)                    1167088.000
                                                  183039856.000 r
  U4250/Y (NAND2X1)                    1047968.000
                                                  184087824.000 f
  U4259/Y (NAND2X1)                    836208.000 184924032.000 r
  U4262/Y (NAND2X1)                    1048608.000
                                                  185972640.000 f
  U4271/Y (NAND2X1)                    836304.000 186808944.000 r
  U4274/Y (NAND2X1)                    1048608.000
                                                  187857552.000 f
  U4283/Y (NAND2X1)                    836304.000 188693856.000 r
  U4286/Y (NAND2X1)                    1048608.000
                                                  189742464.000 f
  U4295/Y (NAND2X1)                    836320.000 190578784.000 r
  U4298/Y (NAND2X1)                    1048608.000
                                                  191627392.000 f
  U4307/Y (NAND2X1)                    836304.000 192463696.000 r
  U4310/Y (NAND2X1)                    1048608.000
                                                  193512304.000 f
  U4316/Y (NAND2X1)                    836304.000 194348608.000 r
  U543/Y (NAND2X1)                     1227728.000
                                                  195576336.000 f
  U474/Y (INVX1)                       257856.000 195834192.000 r
  U475/Y (INVX1)                       810896.000 196645088.000 f
  U4319/Y (INVX1)                      445728.000 197090816.000 r
  U4326/Y (NAND2X1)                    1604688.000
                                                  198695504.000 f
  U4327/Y (NAND2X1)                    1172240.000
                                                  199867744.000 r
  U4331/Y (OR2X1)                      5139856.000
                                                  205007600.000 r
  U4340/Y (NAND2X1)                    1004960.000
                                                  206012560.000 f
  U4342/Y (NAND2X1)                    835312.000 206847872.000 r
  U185/Y (NOR2X1)                      1185872.000
                                                  208033744.000 f
  U186/Y (INVX1)                       -481136.000
                                                  207552608.000 r
  U4349/Y (NAND2X1)                    1008832.000
                                                  208561440.000 f
  U4351/Y (NAND2X1)                    835984.000 209397424.000 r
  U4359/Y (NAND2X1)                    2153824.000
                                                  211551248.000 f
  U4360/Y (NAND2X1)                    1625088.000
                                                  213176336.000 r
  U4361/Y (INVX1)                      1242128.000
                                                  214418464.000 f
  U4366/Y (NAND2X1)                    807232.000 215225696.000 r
  U4367/Y (NAND2X1)                    2206368.000
                                                  217432064.000 f
  U4369/Y (NAND2X1)                    842016.000 218274080.000 r
  U1096/Y (OR2X1)                      5140256.000
                                                  223414336.000 r
  U4377/Y (NAND2X1)                    1004976.000
                                                  224419312.000 f
  U4378/Y (NAND2X1)                    1170864.000
                                                  225590176.000 r
  U1098/Y (NOR2X1)                     959648.000 226549824.000 f
  U4383/Y (OR2X1)                      2420912.000
                                                  228970736.000 f
  U4385/Y (NAND2X1)                    851136.000 229821872.000 r
  U4394/Y (NAND2X1)                    1049232.000
                                                  230871104.000 f
  U4395/Y (NAND2X1)                    1171776.000
                                                  232042880.000 r
  U1097/Y (OR2X1)                      5170000.000
                                                  237212880.000 r
  U4397/Y (NAND2X1)                    1004960.000
                                                  238217840.000 f
  U4399/Y (NAND2X1)                    1270864.000
                                                  239488704.000 r
  U4400/Y (INVX1)                      1243280.000
                                                  240731984.000 f
  U4401/Y (NOR2X1)                     1070752.000
                                                  241802736.000 r
  U4412/Y (NAND2X1)                    1991520.000
                                                  243794256.000 f
  U4413/Y (NAND2X1)                    1159984.000
                                                  244954240.000 r
  out[0] (out)                            0.000   244954240.000 r
  data arrival time                               244954240.000

  clock clk (rise edge)                250000000.000
                                                  250000000.000
  clock network delay (ideal)             0.000   250000000.000
  clock reconvergence pessimism           0.000   250000000.000
  output external delay                   0.000   250000000.000
  data required time                              250000000.000
  ---------------------------------------------------------------
  data required time                              250000000.000
  data arrival time                               -244954240.000
  ---------------------------------------------------------------
  slack (MET)                                     5045760.000


1
