****************************************
Report : timing
	-path_type full
	-delay_type max
	-max_paths 1
	-sort_by slack
Design : top
Version: S-2021.06-SP1
Date   : Tue Nov 29 16:40:54 2022
****************************************


  Startpoint: inp[9] (input port clocked by clk)
  Endpoint: out[0] (output port clocked by clk)
  Path Group: clk
  Path Type: max

  Point                                    Incr       Path
  ---------------------------------------------------------------
  clock clk (rise edge)                   0.000      0.000
  clock network delay (ideal)             0.000      0.000
  input external delay                    0.000      0.000 f
  inp[9] (in)                             0.000      0.000 f
  U1229/Y (INVX1)                      589104.000 589104.000 r
  U2135/Y (NAND2X1)                    1052480.000
                                                  1641584.000 f
  U1206/Y (NAND2X1)                    1757376.000
                                                  3398960.000 r
  U2153/Y (NAND2X1)                    865776.000 4264736.000 f
  U2154/Y (NAND2X1)                    1399760.000
                                                  5664496.000 r
  U2156/Y (XOR2X1)                     4843504.000
                                                  10508000.000 f
  U2180/Y (XOR2X1)                     5750336.000
                                                  16258336.000 r
  U1191/Y (XOR2X1)                     4343936.000
                                                  20602272.000 f
  U1190/Y (XOR2X1)                     5733216.000
                                                  26335488.000 r
  U1189/Y (XOR2X1)                     4349168.000
                                                  30684656.000 f
  U1188/Y (NAND2X1)                    836848.000 31521504.000 r
  U2319/Y (NAND2X1)                    1127232.000
                                                  32648736.000 f
  U2320/Y (XOR2X1)                     5351264.000
                                                  38000000.000 r
  U778/Y (INVX1)                       1252992.000
                                                  39252992.000 f
  U777/Y (XNOR2X1)                     5787456.000
                                                  45040448.000 f
  U2341/Y (XOR2X1)                     5255504.000
                                                  50295952.000 r
  U2345/Y (XOR2X1)                     4764032.000
                                                  55059984.000 f
  U2346/Y (INVX1)                      -2093024.000
                                                  52966960.000 r
  U2364/Y (NAND2X1)                    802144.000 53769104.000 f
  U2365/Y (NAND2X1)                    1757184.000
                                                  55526288.000 r
  U2366/Y (INVX1)                      1101168.000
                                                  56627456.000 f
  U523/Y (AND2X1)                      1864896.000
                                                  58492352.000 f
  U284/Y (NOR2X1)                      1638320.000
                                                  60130672.000 r
  U1178/Y (NAND2X1)                    857072.000 60987744.000 f
  U2374/Y (NAND2X1)                    1408560.000
                                                  62396304.000 r
  U979/Y (AND2X1)                      1794480.000
                                                  64190784.000 r
  U980/Y (INVX1)                       720480.000 64911264.000 f
  U2376/Y (NAND2X1)                    930192.000 65841456.000 r
  U694/Y (AND2X1)                      755312.000 66596768.000 r
  U1164/Y (NOR2X1)                     1086160.000
                                                  67682928.000 f
  U278/Y (AND2X1)                      2042944.000
                                                  69725872.000 f
  U279/Y (INVX1)                       -1282624.000
                                                  68443248.000 r
  U1163/Y (NAND2X1)                    802864.000 69246112.000 f
  U1160/Y (NAND2X1)                    1349392.000
                                                  70595504.000 r
  U2393/Y (INVX1)                      1116944.000
                                                  71712448.000 f
  U2861/Y (NAND2X1)                    1284592.000
                                                  72997040.000 r
  U2862/Y (NOR2X1)                     -52400.000 72944640.000 f
  U648/Y (OR2X1)                       2346080.000
                                                  75290720.000 f
  U3757/Y (XOR2X1)                     5269568.000
                                                  80560288.000 r
  U3758/Y (NAND2X1)                    847136.000 81407424.000 f
  U3759/Y (AND2X1)                     2050528.000
                                                  83457952.000 f
  U1176/Y (NAND2X1)                    859696.000 84317648.000 r
  U1175/Y (NAND2X1)                    1128688.000
                                                  85446336.000 f
  U695/Y (AND2X1)                      1854000.000
                                                  87300336.000 f
  U3766/Y (NOR2X1)                     1225408.000
                                                  88525744.000 r
  U844/Y (XNOR2X1)                     5688672.000
                                                  94214416.000 r
  U791/Y (AND2X1)                      1859760.000
                                                  96074176.000 r
  U792/Y (INVX1)                       715600.000 96789776.000 f
  U660/Y (AND2X1)                      2034880.000
                                                  98824656.000 f
  U661/Y (INVX1)                       -1276672.000
                                                  97547984.000 r
  U1192/Y (XOR2X1)                     4836816.000
                                                  102384800.000 f
  U3814/Y (NAND2X1)                    818928.000 103203728.000 r
  U3836/Y (NAND2X1)                    1231888.000
                                                  104435616.000 f
  U3838/Y (XOR2X1)                     5294384.000
                                                  109730000.000 r
  U3846/Y (NAND2X1)                    848464.000 110578464.000 f
  U852/Y (AND2X1)                      2439488.000
                                                  113017952.000 f
  U853/Y (INVX1)                       -1282480.000
                                                  111735472.000 r
  U3848/Y (XOR2X1)                     4510712.000
                                                  116246184.000 f
  U1198/Y (XOR2X1)                     5974888.000
                                                  122221072.000 r
  U1028/Y (AND2X1)                     1783104.000
                                                  124004176.000 r
  U1029/Y (INVX1)                      720208.000 124724384.000 f
  U3939/Y (NAND2X1)                    918872.000 125643256.000 r
  U1168/Y (NAND2X1)                    930880.000 126574136.000 f
  U3942/Y (INVX1)                      -559224.000
                                                  126014912.000 r
  U922/Y (AND2X1)                      1881456.000
                                                  127896368.000 r
  U923/Y (INVX1)                       720288.000 128616656.000 f
  U1169/Y (NAND2X1)                    1285592.000
                                                  129902248.000 r
  U1166/Y (NAND2X1)                    930368.000 130832616.000 f
  U1165/Y (INVX1)                      -559216.000
                                                  130273400.000 r
  U918/Y (AND2X1)                      1881456.000
                                                  132154856.000 r
  U919/Y (INVX1)                       720480.000 132875336.000 f
  U3994/Y (NAND2X1)                    918872.000 133794208.000 r
  U1200/Y (NAND2X1)                    930368.000 134724576.000 f
  U920/Y (AND2X1)                      2045536.000
                                                  136770112.000 f
  U921/Y (INVX1)                       -1544000.000
                                                  135226112.000 r
  U1034/Y (AND2X1)                     1882048.000
                                                  137108160.000 r
  U1035/Y (INVX1)                      720480.000 137828640.000 f
  U4015/Y (NAND2X1)                    918880.000 138747520.000 r
  U4025/Y (NAND2X1)                    863680.000 139611200.000 f
  U1145/Y (NAND2X1)                    879600.000 140490800.000 r
  U1127/Y (NAND2X1)                    930880.000 141421680.000 f
  U758/Y (INVX1)                       312848.000 141734528.000 r
  U4043/Y (NAND2X1)                    1102176.000
                                                  142836704.000 f
  U4046/Y (NAND2X1)                    1757248.000
                                                  144593952.000 r
  U311/Y (AND2X1)                      2158048.000
                                                  146752000.000 r
  U4047/Y (OR2X1)                      2151488.000
                                                  148903488.000 r
  U4052/Y (OR2X1)                      1638432.000
                                                  150541920.000 r
  U4057/Y (NAND2X1)                    804928.000 151346848.000 f
  U4058/Y (NAND2X1)                    1345408.000
                                                  152692256.000 r
  U315/Y (AND2X1)                      1797744.000
                                                  154490000.000 r
  U316/Y (INVX1)                       718480.000 155208480.000 f
  U1183/Y (NAND2X1)                    1752768.000
                                                  156961248.000 r
  U313/Y (AND2X1)                      1799616.000
                                                  158760864.000 r
  U4066/Y (OR2X1)                      2151520.000
                                                  160912384.000 r
  U4074/Y (NOR2X1)                     550720.000 161463104.000 f
  U652/Y (NOR2X1)                      1185408.000
                                                  162648512.000 r
  U651/Y (OR2X1)                       1620128.000
                                                  164268640.000 r
  U4079/Y (INVX1)                      715408.000 164984048.000 f
  U1186/Y (NAND2X1)                    918864.000 165902912.000 r
  U858/Y (AND2X1)                      916544.000 166819456.000 r
  U855/Y (NOR2X1)                      1052656.000
                                                  167872112.000 f
  U4086/Y (NAND2X1)                    890288.000 168762400.000 r
  U4090/Y (NAND2X1)                    848096.000 169610496.000 f
  U4092/Y (NAND2X1)                    885504.000 170496000.000 r
  U4099/Y (NAND2X1)                    1156048.000
                                                  171652048.000 f
  U657/Y (AND2X1)                      1853440.000
                                                  173505488.000 f
  U654/Y (NAND2X1)                     1448464.000
                                                  174953952.000 r
  U310/Y (AND2X1)                      1834496.000
                                                  176788448.000 r
  U270/Y (AND2X1)                      2179776.000
                                                  178968224.000 r
  U271/Y (INVX1)                       713872.000 179682096.000 f
  U4740/Y (NAND2X1)                    930192.000 180612288.000 r
  U4744/Y (NOR2X1)                     -290624.000
                                                  180321664.000 f
  U4745/Y (NOR2X1)                     1195904.000
                                                  181517568.000 r
  U4749/Y (NAND2X1)                    834464.000 182352032.000 f
  U4751/Y (NAND2X1)                    1341792.000
                                                  183693824.000 r
  U1154/Y (INVX1)                      1096592.000
                                                  184790416.000 f
  U1152/Y (NAND2X1)                    919312.000 185709728.000 r
  U1151/Y (NAND2X1)                    848080.000 186557808.000 f
  U1150/Y (NAND2X1)                    1341872.000
                                                  187899680.000 r
  U1149/Y (INVX1)                      1096208.000
                                                  188995888.000 f
  U4763/Y (NAND2X1)                    919312.000 189915200.000 r
  U4766/Y (NAND2X1)                    930368.000 190845568.000 f
  U4767/Y (INVX1)                      -559312.000
                                                  190286256.000 r
  U4768/Y (NOR2X1)                     549936.000 190836192.000 f
  U4772/Y (OR2X1)                      2095280.000
                                                  192931472.000 f
  U4776/Y (NAND2X1)                    1337760.000
                                                  194269232.000 r
  U4777/Y (INVX1)                      1096576.000
                                                  195365808.000 f
  U1181/Y (NAND2X1)                    919312.000 196285120.000 r
  U1180/Y (NAND2X1)                    848112.000 197133232.000 f
  U662/Y (AND2X1)                      2046048.000
                                                  199179280.000 f
  U663/Y (INVX1)                       -1299808.000
                                                  197879472.000 r
  U1179/Y (OR2X1)                      1639696.000
                                                  199519168.000 r
  U4787/Y (NAND2X1)                    804912.000 200324080.000 f
  U4789/Y (NAND2X1)                    885296.000 201209376.000 r
  U1139/Y (NOR2X1)                     -321040.000
                                                  200888336.000 f
  U1137/Y (NOR2X1)                     1201584.000
                                                  202089920.000 r
  U300/Y (OR2X1)                       2136832.000
                                                  204226752.000 r
  U1174/Y (NAND2X1)                    804880.000 205031632.000 f
  U1172/Y (NAND2X1)                    1341888.000
                                                  206373520.000 r
  U1171/Y (INVX1)                      1095856.000
                                                  207469376.000 f
  U1170/Y (NAND2X1)                    919328.000 208388704.000 r
  U4807/Y (NAND2X1)                    848000.000 209236704.000 f
  U676/Y (NAND2X1)                     1392352.000
                                                  210629056.000 r
  U4809/Y (INVX1)                      1102960.000
                                                  211732016.000 f
  U4810/Y (NOR2X1)                     1157744.000
                                                  212889760.000 r
  U4815/Y (NOR2X1)                     101696.000 212991456.000 f
  U1187/Y (NAND2X1)                    886528.000 213877984.000 r
  U647/Y (OR2X1)                       2561264.000
                                                  216439248.000 r
  U4825/Y (NAND2X1)                    797424.000 217236672.000 f
  U317/Y (AND2X1)                      2046080.000
                                                  219282752.000 f
  U318/Y (INVX1)                       -1299648.000
                                                  217983104.000 r
  U649/Y (AND2X1)                      1888624.000
                                                  219871728.000 r
  U650/Y (INVX1)                       724752.000 220596480.000 f
  U4844/Y (NAND2X1)                    1285584.000
                                                  221882064.000 r
  U4845/Y (NAND2X1)                    848288.000 222730352.000 f
  U4846/Y (NAND2X1)                    1752592.000
                                                  224482944.000 r
  U862/Y (AND2X1)                      1797744.000
                                                  226280688.000 r
  U863/Y (INVX1)                       718224.000 226998912.000 f
  U224/Y (NAND2X1)                     1291584.000
                                                  228290496.000 r
  U1159/Y (NOR2X1)                     1060400.000
                                                  229350896.000 f
  U1155/Y (INVX1)                      -290768.000
                                                  229060128.000 r
  U1158/Y (NAND2X1)                    800928.000 229861056.000 f
  U1157/Y (NAND2X1)                    885184.000 230746240.000 r
  U1156/Y (OR2X1)                      2605520.000
                                                  233351760.000 r
  U4865/Y (NAND2X1)                    798848.000 234150608.000 f
  U4875/Y (NAND2X1)                    879600.000 235030208.000 r
  U4876/Y (NAND2X1)                    848288.000 235878496.000 f
  U4877/Y (NAND2X1)                    1403888.000
                                                  237282384.000 r
  U1148/Y (NOR2X1)                     -330464.000
                                                  236951920.000 f
  U854/Y (OR2X1)                       2088240.000
                                                  239040160.000 f
  U1146/Y (NAND2X1)                    872176.000 239912336.000 r
  U226/Y (NAND2X1)                     867568.000 240779904.000 f
  U225/Y (NAND2X1)                     1336896.000
                                                  242116800.000 r
  U242/Y (INVX1)                       1096432.000
                                                  243213232.000 f
  U241/Y (NOR2X1)                      1627536.000
                                                  244840768.000 r
  U1099/Y (INVX1)                      1007296.000
                                                  245848064.000 f
  U4884/Y (NOR2X1)                     1157248.000
                                                  247005312.000 r
  U4888/Y (NAND2X1)                    830256.000 247835568.000 f
  U246/Y (NAND2X1)                     1394944.000
                                                  249230512.000 r
  out[0] (out)                            0.000   249230512.000 r
  data arrival time                               249230512.000

  clock clk (rise edge)                250000000.000
                                                  250000000.000
  clock network delay (ideal)             0.000   250000000.000
  clock reconvergence pessimism           0.000   250000000.000
  output external delay                   0.000   250000000.000
  data required time                              250000000.000
  ---------------------------------------------------------------
  data required time                              250000000.000
  data arrival time                               -249230512.000
  ---------------------------------------------------------------
  slack (MET)                                     769488.000


1
