****************************************
Report : timing
	-path_type full
	-delay_type max
	-max_paths 1
	-sort_by slack
Design : top
Version: S-2021.06-SP1
Date   : Thu Dec 15 10:16:39 2022
****************************************


  Startpoint: inp[9] (input port clocked by clk)
  Endpoint: out[0] (output port clocked by clk)
  Path Group: clk
  Path Type: max

  Point                                    Incr       Path
  ---------------------------------------------------------------
  clock clk (rise edge)                   0.000      0.000
  clock network delay (ideal)             0.000      0.000
  input external delay                    0.000      0.000 f
  inp[9] (in)                             0.000      0.000 f
  U733/Y (NAND2X1)                     1293904.000
                                                  1293904.000 r
  U366/Y (XNOR2X1)                     5496288.000
                                                  6790192.000 r
  U367/Y (INVX1)                       960192.000 7750384.000 f
  U734/Y (NAND2X1)                     920624.000 8671008.000 r
  U841/Y (NAND2X1)                     848304.000 9519312.000 f
  U842/Y (NAND2X1)                     1752608.000
                                                  11271920.000 r
  U843/Y (INVX1)                       1116080.000
                                                  12388000.000 f
  U844/Y (NAND2X1)                     924992.000 13312992.000 r
  U846/Y (NAND2X1)                     849360.000 14162352.000 f
  U847/Y (XOR2X1)                      5293520.000
                                                  19455872.000 r
  U425/Y (AND2X1)                      2174656.000
                                                  21630528.000 r
  U426/Y (INVX1)                       715760.000 22346288.000 f
  U849/Y (NAND2X1)                     1362912.000
                                                  23709200.000 r
  U521/Y (AND2X1)                      1800496.000
                                                  25509696.000 r
  U522/Y (INVX1)                       713392.000 26223088.000 f
  U858/Y (NAND2X1)                     924528.000 27147616.000 r
  U859/Y (OR2X1)                       2547704.000
                                                  29695320.000 r
  U445/Y (AND2X1)                      2196632.000
                                                  31891952.000 r
  U446/Y (INVX1)                       708600.000 32600552.000 f
  U352/Y (XNOR2X1)                     6580888.000
                                                  39181440.000 f
  U353/Y (INVX1)                       -252056.000
                                                  38929384.000 r
  U177/Y (AND2X1)                      2183840.000
                                                  41113224.000 r
  U178/Y (INVX1)                       712768.000 41825992.000 f
  U431/Y (AND2X1)                      2458056.000
                                                  44284048.000 f
  U432/Y (INVX1)                       -1187400.000
                                                  43096648.000 r
  U342/Y (AND2X1)                      2199072.000
                                                  45295720.000 r
  U343/Y (INVX1)                       725000.000 46020720.000 f
  U889/Y (INVX1)                       440488.000 46461208.000 r
  U890/Y (NAND2X1)                     927168.000 47388376.000 f
  U592/Y (INVX1)                       221400.000 47609776.000 r
  U593/Y (INVX1)                       646456.000 48256232.000 f
  U973/Y (NAND2X1)                     1362872.000
                                                  49619104.000 r
  U974/Y (INVX1)                       1116720.000
                                                  50735824.000 f
  U975/Y (NAND2X1)                     1284232.000
                                                  52020056.000 r
  U609/Y (AND2X1)                      2164552.000
                                                  54184608.000 r
  U610/Y (INVX1)                       727088.000 54911696.000 f
  U1123/Y (NAND2X1)                    1291680.000
                                                  56203376.000 r
  U1124/Y (NAND2X1)                    1126928.000
                                                  57330304.000 f
  U1127/Y (NAND2X1)                    1342744.000
                                                  58673048.000 r
  U1128/Y (INVX1)                      1116424.000
                                                  59789472.000 f
  U1137/Y (NAND2X1)                    1290208.000
                                                  61079680.000 r
  U455/Y (AND2X1)                      2174504.000
                                                  63254184.000 r
  U456/Y (INVX1)                       715584.000 63969768.000 f
  U1139/Y (NAND2X1)                    935736.000 64905504.000 r
  U1150/Y (OR2X1)                      2349664.000
                                                  67255168.000 r
  U469/Y (AND2X1)                      2196960.000
                                                  69452128.000 r
  U470/Y (INVX1)                       708496.000 70160624.000 f
  U1153/Y (NAND2X1)                    1357264.000
                                                  71517888.000 r
  U391/Y (INVX1)                       977960.000 72495848.000 f
  U392/Y (INVX1)                       445344.000 72941192.000 r
  U1154/Y (NAND2X1)                    1051800.000
                                                  73992992.000 f
  U1155/Y (NAND2X1)                    1752608.000
                                                  75745600.000 r
  U1156/Y (INVX1)                      1116336.000
                                                  76861936.000 f
  U179/Y (AND2X1)                      2458312.000
                                                  79320248.000 f
  U180/Y (INVX1)                       -1173512.000
                                                  78146736.000 r
  U419/Y (AND2X1)                      2198880.000
                                                  80345616.000 r
  U420/Y (INVX1)                       707648.000 81053264.000 f
  U1163/Y (NAND2X1)                    1746816.000
                                                  82800080.000 r
  U1164/Y (INVX1)                      1212656.000
                                                  84012736.000 f
  U1165/Y (NAND2X1)                    919448.000 84932184.000 r
  U408/Y (AND2X1)                      1798368.000
                                                  86730552.000 r
  U409/Y (INVX1)                       713936.000 87444488.000 f
  U1183/Y (NAND2X1)                    1286480.000
                                                  88730968.000 r
  U657/Y (AND2X1)                      2143656.000
                                                  90874624.000 r
  U373/Y (AND2X1)                      2180008.000
                                                  93054632.000 r
  U374/Y (INVX1)                       714016.000 93768648.000 f
  U594/Y (OR2X1)                       2323912.000
                                                  96092560.000 f
  U1220/Y (NAND2X1)                    1748528.000
                                                  97841088.000 r
  U1221/Y (INVX1)                      1057632.000
                                                  98898720.000 f
  U1222/Y (XOR2X1)                     5590632.000
                                                  104489352.000 r
  U547/Y (AND2X1)                      2173544.000
                                                  106662896.000 r
  U548/Y (INVX1)                       715888.000 107378784.000 f
  U1224/Y (NAND2X1)                    930048.000 108308832.000 r
  U545/Y (AND2X1)                      1798272.000
                                                  110107104.000 r
  U546/Y (INVX1)                       715216.000 110822320.000 f
  U1229/Y (NAND2X1)                    1297384.000
                                                  112119704.000 r
  U1230/Y (NAND2X1)                    1127400.000
                                                  113247104.000 f
  U1231/Y (NAND2X1)                    892760.000 114139864.000 r
  U135/Y (AND2X1)                      2174232.000
                                                  116314096.000 r
  U136/Y (INVX1)                       715680.000 117029776.000 f
  U1233/Y (NAND2X1)                    930040.000 117959816.000 r
  U541/Y (AND2X1)                      1798360.000
                                                  119758176.000 r
  U542/Y (INVX1)                       715904.000 120474080.000 f
  U1244/Y (NAND2X1)                    930040.000 121404120.000 r
  U531/Y (AND2X1)                      1798360.000
                                                  123202480.000 r
  U532/Y (INVX1)                       715600.000 123918080.000 f
  U1256/Y (NAND2X1)                    930048.000 124848128.000 r
  U137/Y (AND2X1)                      2166640.000
                                                  127014768.000 r
  U138/Y (INVX1)                       718144.000 127732912.000 f
  U1258/Y (NAND2X1)                    930048.000 128662960.000 r
  U519/Y (AND2X1)                      1798176.000
                                                  130461136.000 r
  U520/Y (INVX1)                       715872.000 131177008.000 f
  U1262/Y (NAND2X1)                    930072.000 132107080.000 r
  U1263/Y (OR2X1)                      2564216.000
                                                  134671296.000 r
  U596/Y (AND2X1)                      2201392.000
                                                  136872688.000 r
  U237/Y (AND2X1)                      2181456.000
                                                  139054144.000 r
  U238/Y (INVX1)                       713312.000 139767456.000 f
  U1264/Y (NAND2X1)                    1291440.000
                                                  141058896.000 r
  U410/Y (XNOR2X1)                     5712496.000
                                                  146771392.000 r
  U1313/Y (NOR2X1)                     331904.000 147103296.000 f
  U1332/Y (NOR2X1)                     1192896.000
                                                  148296192.000 r
  U147/Y (AND2X1)                      1837472.000
                                                  150133664.000 r
  U148/Y (INVX1)                       718144.000 150851808.000 f
  U1379/Y (NAND2X1)                    918880.000 151770688.000 r
  U207/Y (AND2X1)                      2174544.000
                                                  153945232.000 r
  U208/Y (INVX1)                       715568.000 154660800.000 f
  U1397/Y (NAND2X1)                    918864.000 155579664.000 r
  U1407/Y (NAND2X1)                    863696.000 156443360.000 f
  U1409/Y (NAND2X1)                    1336880.000
                                                  157780240.000 r
  U1410/Y (INVX1)                      1107264.000
                                                  158887504.000 f
  U1416/Y (NAND2X1)                    1357536.000
                                                  160245040.000 r
  U1417/Y (INVX1)                      1130112.000
                                                  161375152.000 f
  out[0] (out)                            0.000   161375152.000 f
  data arrival time                               161375152.000

  clock clk (rise edge)                200000000.000
                                                  200000000.000
  clock network delay (ideal)             0.000   200000000.000
  clock reconvergence pessimism           0.000   200000000.000
  output external delay                   0.000   200000000.000
  data required time                              200000000.000
  ---------------------------------------------------------------
  data required time                              200000000.000
  data arrival time                               -161375152.000
  ---------------------------------------------------------------
  slack (MET)                                     38624848.000


1
