Information: Updating design information... (UID-85)
 
****************************************
Report : qor
Design : top
Version: S-2021.06-SP2
Date   : Thu Dec 15 09:53:50 2022
****************************************


  Timing Path Group 'clk'
  -----------------------------------
  Levels of Logic:              35.00
  Critical Path Length:   58110288.00
  Critical Path Slack:   141889712.00
  Critical Path Clk Period:
                         200000000.00
  Total Negative Slack:          0.00
  No. of Violating Paths:        0.00
  Worst Hold Violation:          0.00
  Total Hold Violation:          0.00
  No. of Hold Violations:        0.00
  -----------------------------------


  Cell Count
  -----------------------------------
  Hierarchical Cell Count:          0
  Hierarchical Port Count:          0
  Leaf Cell Count:                337
  Buf/Inv Cell Count:             140
  Buf Cell Count:                   0
  Inv Cell Count:                 140
  CT Buf/Inv Cell Count:            0
  Combinational Cell Count:       337
  Sequential Cell Count:            0
  Macro Count:                      0
  -----------------------------------


  Area
  -----------------------------------
  Combinational Area:
                     128763376.000000
  Noncombinational Area:     0.000000
  Buf/Inv Area:       31978800.000000
  Total Buffer Area:             0.00
  Total Inverter Area:    31978800.00
  Macro/Black Box Area:      0.000000
  Net Area:                  0.000000
  -----------------------------------
  Cell Area:         128763376.000000
  Design Area:       128763376.000000


  Design Rules
  -----------------------------------
  Total Number of Nets:           362
  Nets With Violations:           336
  Max Trans Violations:           336
  Max Cap Violations:               0
  -----------------------------------


  Hostname: leoforos

  Compile CPU Statistics
  -----------------------------------------
  Resource Sharing:                    0.55
  Logic Optimization:                  0.04
  Mapping Optimization:                0.63
  -----------------------------------------
  Overall Compile Time:                2.93
  Overall Compile Wall Clock Time:     3.27

  --------------------------------------------------------------------

  Design  WNS: 0.00  TNS: 0.00  Number of Violating Paths: 0


  Design (Hold)  WNS: 0.00  TNS: 0.00  Number of Violating Paths: 0

  --------------------------------------------------------------------


1
