****************************************
Report : timing
	-path_type full
	-delay_type max
	-max_paths 1
	-sort_by slack
Design : top
Version: S-2021.06-SP1
Date   : Thu Dec 15 09:53:56 2022
****************************************


  Startpoint: inp[5] (input port clocked by clk)
  Endpoint: out[1] (output port clocked by clk)
  Path Group: clk
  Path Type: max

  Point                                    Incr       Path
  ---------------------------------------------------------------
  clock clk (rise edge)                   0.000      0.000
  clock network delay (ideal)             0.000      0.000
  input external delay                    0.000      0.000 f
  inp[5] (in)                             0.000      0.000 f
  U349/Y (INVX1)                       576232.000 576232.000 r
  U235/Y (AND2X1)                      2198656.000
                                                  2774888.000 r
  U236/Y (INVX1)                       707944.000 3482832.000 f
  U352/Y (NAND2X1)                     1291592.000
                                                  4774424.000 r
  U219/Y (XNOR2X1)                     6321512.000
                                                  11095936.000 r
  U220/Y (INVX1)                       775452.000 11871388.000 f
  U353/Y (NAND2X1)                     918832.000 12790220.000 r
  U271/Y (AND2X1)                      1830408.000
                                                  14620628.000 r
  U281/Y (AND2X1)                      1836556.000
                                                  16457184.000 r
  U282/Y (INVX1)                       707808.000 17164992.000 f
  U358/Y (NAND2X1)                     918800.000 18083792.000 r
  U91/Y (AND2X1)                       1818832.000
                                                  19902624.000 r
  U92/Y (INVX1)                        707872.000 20610496.000 f
  U360/Y (OR2X1)                       2117892.000
                                                  22728388.000 f
  U191/Y (AND2X1)                      2434344.000
                                                  25162732.000 f
  U192/Y (INVX1)                       -1340656.000
                                                  23822076.000 r
  U273/Y (AND2X1)                      2202048.000
                                                  26024124.000 r
  U97/Y (AND2X1)                       1836566.000
                                                  27860690.000 r
  U98/Y (INVX1)                        707808.000 28568498.000 f
  U113/Y (NAND2X1)                     924338.000 29492836.000 r
  U105/Y (XNOR2X1)                     6321512.000
                                                  35814348.000 r
  U106/Y (INVX1)                       820244.000 36634592.000 f
  U375/Y (OR2X1)                       2117976.000
                                                  38752568.000 f
  U183/Y (AND2X1)                      2434344.000
                                                  41186912.000 f
  U184/Y (INVX1)                       -1328280.000
                                                  39858632.000 r
  U315/Y (XNOR2X1)                     5616984.000
                                                  45475616.000 r
  U251/Y (AND2X1)                      2191112.000
                                                  47666728.000 r
  U252/Y (INVX1)                       715260.000 48381988.000 f
  U391/Y (NOR2X1)                      1157500.000
                                                  49539488.000 r
  U211/Y (AND2X1)                      2183832.000
                                                  51723320.000 r
  U212/Y (INVX1)                       712544.000 52435864.000 f
  U394/Y (NAND2X1)                     1285616.000
                                                  53721480.000 r
  U173/Y (AND2X1)                      1818788.000
                                                  55540268.000 r
  U174/Y (INVX1)                       707584.000 56247852.000 f
  U400/Y (AND2X1)                      1862548.000
                                                  58110400.000 f
  out[1] (out)                            0.000   58110400.000 f
  data arrival time                               58110400.000

  clock clk (rise edge)                200000000.000
                                                  200000000.000
  clock network delay (ideal)             0.000   200000000.000
  clock reconvergence pessimism           0.000   200000000.000
  output external delay                   0.000   200000000.000
  data required time                              200000000.000
  ---------------------------------------------------------------
  data required time                              200000000.000
  data arrival time                               -58110400.000
  ---------------------------------------------------------------
  slack (MET)                                     141889600.000


1
