Information: Updating design information... (UID-85)
 
****************************************
Report : qor
Design : top
Version: S-2021.06-SP2
Date   : Tue Nov 29 14:11:20 2022
****************************************


  Timing Path Group 'clk'
  -----------------------------------
  Levels of Logic:             140.00
  Critical Path Length:  204590752.00
  Critical Path Slack:    45409248.00
  Critical Path Clk Period:
                         250000000.00
  Total Negative Slack:          0.00
  No. of Violating Paths:        0.00
  Worst Hold Violation:          0.00
  Total Hold Violation:          0.00
  No. of Hold Violations:        0.00
  -----------------------------------


  Cell Count
  -----------------------------------
  Hierarchical Cell Count:          0
  Hierarchical Port Count:          0
  Leaf Cell Count:               2926
  Buf/Inv Cell Count:             699
  Buf Cell Count:                   0
  Inv Cell Count:                 699
  CT Buf/Inv Cell Count:            0
  Combinational Cell Count:      2926
  Sequential Cell Count:            0
  Macro Count:                      0
  -----------------------------------


  Area
  -----------------------------------
  Combinational Area:
                    1151120713.000000
  Noncombinational Area:     0.000000
  Buf/Inv Area:      159665580.000000
  Total Buffer Area:             0.00
  Total Inverter Area:   159665580.00
  Macro/Black Box Area:      0.000000
  Net Area:                  0.000000
  -----------------------------------
  Cell Area:        1151120713.000000
  Design Area:      1151120713.000000


  Design Rules
  -----------------------------------
  Total Number of Nets:          2990
  Nets With Violations:          2926
  Max Trans Violations:          2926
  Max Cap Violations:               0
  -----------------------------------


  Hostname: leoforos

  Compile CPU Statistics
  -----------------------------------------
  Resource Sharing:                    1.42
  Logic Optimization:                  0.16
  Mapping Optimization:                2.33
  -----------------------------------------
  Overall Compile Time:               15.36
  Overall Compile Wall Clock Time:    16.39

  --------------------------------------------------------------------

  Design  WNS: 0.00  TNS: 0.00  Number of Violating Paths: 0


  Design (Hold)  WNS: 0.00  TNS: 0.00  Number of Violating Paths: 0

  --------------------------------------------------------------------


1
