****************************************
Report : timing
	-path_type full
	-delay_type max
	-max_paths 1
	-sort_by slack
Design : top
Version: S-2021.06-SP1
Date   : Tue Nov 29 14:11:25 2022
****************************************


  Startpoint: inp[61] (input port clocked by clk)
  Endpoint: out[0] (output port clocked by clk)
  Path Group: clk
  Path Type: max

  Point                                    Incr       Path
  ---------------------------------------------------------------
  clock clk (rise edge)                   0.000      0.000
  clock network delay (ideal)             0.000      0.000
  input external delay                    0.000      0.000 f
  inp[61] (in)                            0.000      0.000 f
  U973/Y (NAND2X1)                     1294032.000
                                                  1294032.000 r
  U975/Y (NAND2X1)                     848640.000 2142672.000 f
  U976/Y (NAND2X1)                     1384496.000
                                                  3527168.000 r
  U911/Y (XNOR2X1)                     5385024.000
                                                  8912192.000 r
  U912/Y (INVX1)                       1049008.000
                                                  9961200.000 f
  U1881/Y (XOR2X1)                     4917584.000
                                                  14878784.000 r
  U711/Y (AND2X1)                      2173536.000
                                                  17052320.000 r
  U712/Y (INVX1)                       715904.000 17768224.000 f
  U1882/Y (NAND2X1)                    1297376.000
                                                  19065600.000 r
  U1883/Y (XOR2X1)                     4758384.000
                                                  23823984.000 f
  U526/Y (XNOR2X1)                     6162176.000
                                                  29986160.000 f
  U1926/Y (XOR2X1)                     5381200.000
                                                  35367360.000 r
  U1927/Y (NAND2X1)                    1237520.000
                                                  36604880.000 f
  U1928/Y (AND2X1)                     2246240.000
                                                  38851120.000 f
  U1934/Y (XOR2X1)                     5479840.000
                                                  44330960.000 r
  U313/Y (AND2X1)                      1819760.000
                                                  46150720.000 r
  U314/Y (INVX1)                       716368.000 46867088.000 f
  U1941/Y (NAND2X1)                    924544.000 47791632.000 r
  U540/Y (AND2X1)                      1818368.000
                                                  49610000.000 r
  U541/Y (INVX1)                       715376.000 50325376.000 f
  U305/Y (AND2X1)                      2034880.000
                                                  52360256.000 f
  U306/Y (INVX1)                       -1386144.000
                                                  50974112.000 r
  U1949/Y (AND2X1)                     1978016.000
                                                  52952128.000 r
  U1954/Y (XOR2X1)                     4674992.000
                                                  57627120.000 f
  U783/Y (AND2X1)                      2061968.000
                                                  59689088.000 f
  U784/Y (INVX1)                       -1447984.000
                                                  58241104.000 r
  U1955/Y (NAND2X1)                    927120.000 59168224.000 f
  U379/Y (INVX1)                       223648.000 59391872.000 r
  U380/Y (INVX1)                       646704.000 60038576.000 f
  U1962/Y (OR2X1)                      2115200.000
                                                  62153776.000 f
  U1963/Y (NAND2X1)                    1425056.000
                                                  63578832.000 r
  U1966/Y (NAND2X1)                    930352.000 64509184.000 f
  U442/Y (INVX1)                       226464.000 64735648.000 r
  U443/Y (INVX1)                       646944.000 65382592.000 f
  U2150/Y (NOR2X1)                     1157728.000
                                                  66540320.000 r
  U2151/Y (NAND2X1)                    1103776.000
                                                  67644096.000 f
  U538/Y (AND2X1)                      2453168.000
                                                  70097264.000 f
  U828/Y (XNOR2X1)                     6660768.000
                                                  76758032.000 f
  U2433/Y (XOR2X1)                     5224368.000
                                                  81982400.000 r
  U723/Y (AND2X1)                      2173544.000
                                                  84155944.000 r
  U724/Y (INVX1)                       715896.000 84871840.000 f
  U2434/Y (NAND2X1)                    1752760.000
                                                  86624600.000 r
  U2435/Y (INVX1)                      1216872.000
                                                  87841472.000 f
  U2436/Y (NAND2X1)                    1289856.000
                                                  89131328.000 r
  U2439/Y (NAND2X1)                    849392.000 89980720.000 f
  U2451/Y (XOR2X1)                     5292832.000
                                                  95273552.000 r
  U2452/Y (OR2X1)                      2322848.000
                                                  97596400.000 r
  U2453/Y (NAND2X1)                    1051320.000
                                                  98647720.000 f
  U824/Y (XNOR2X1)                     5991208.000
                                                  104638928.000 f
  U2571/Y (NAND2X1)                    856784.000 105495712.000 r
  U793/Y (AND2X1)                      2165456.000
                                                  107661168.000 r
  U794/Y (INVX1)                       718528.000 108379696.000 f
  U221/Y (AND2X1)                      2458080.000
                                                  110837776.000 f
  U222/Y (INVX1)                       -229792.000
                                                  110607984.000 r
  U2575/Y (INVX1)                      651888.000 111259872.000 f
  U2576/Y (NAND2X1)                    1285824.000
                                                  112545696.000 r
  U566/Y (AND2X1)                      1818744.000
                                                  114364440.000 r
  U567/Y (INVX1)                       715168.000 115079608.000 f
  U2579/Y (NAND2X1)                    1291592.000
                                                  116371200.000 r
  U2585/Y (NAND2X1)                    1126904.000
                                                  117498104.000 f
  U2587/Y (NAND2X1)                    1336864.000
                                                  118834968.000 r
  U797/Y (INVX1)                       912152.000 119747120.000 f
  U798/Y (INVX1)                       439384.000 120186504.000 r
  U2588/Y (NAND2X1)                    1051216.000
                                                  121237720.000 f
  U2589/Y (NAND2X1)                    1380592.000
                                                  122618312.000 r
  U533/Y (AND2X1)                      1798448.000
                                                  124416760.000 r
  U477/Y (INVX1)                       735080.000 125151840.000 f
  U2591/Y (INVX1)                      1014248.000
                                                  126166088.000 r
  U534/Y (INVX1)                       675184.000 126841272.000 f
  U721/Y (AND2X1)                      2034968.000
                                                  128876240.000 f
  U722/Y (INVX1)                       -1452792.000
                                                  127423448.000 r
  U2604/Y (NAND2X1)                    927128.000 128350576.000 f
  U355/Y (INVX1)                       226096.000 128576672.000 r
  U356/Y (INVX1)                       646696.000 129223368.000 f
  U2605/Y (NOR2X1)                     1157696.000
                                                  130381064.000 r
  U2608/Y (NOR2X1)                     151352.000 130532416.000 f
  U2614/Y (NAND2X1)                    886008.000 131418424.000 r
  U2616/Y (NAND2X1)                    866888.000 132285312.000 f
  U2623/Y (OR2X1)                      2088992.000
                                                  134374304.000 f
  U2624/Y (NAND2X1)                    1752560.000
                                                  136126864.000 r
  U2625/Y (INVX1)                      1069456.000
                                                  137196320.000 f
  U2626/Y (NAND2X1)                    1284384.000
                                                  138480704.000 r
  U231/Y (AND2X1)                      1819056.000
                                                  140299760.000 r
  U232/Y (INVX1)                       714640.000 141014400.000 f
  U2630/Y (NAND2X1)                    1362944.000
                                                  142377344.000 r
  U2631/Y (INVX1)                      1097088.000
                                                  143474432.000 f
  U2636/Y (NAND2X1)                    919328.000 144393760.000 r
  U2640/Y (NAND2X1)                    848096.000 145241856.000 f
  U2642/Y (NAND2X1)                    1341920.000
                                                  146583776.000 r
  U2647/Y (INVX1)                      1096176.000
                                                  147679952.000 f
  U2648/Y (NAND2X1)                    919328.000 148599280.000 r
  U2649/Y (NAND2X1)                    1127440.000
                                                  149726720.000 f
  U2654/Y (OR2X1)                      2089008.000
                                                  151815728.000 f
  U520/Y (NAND2X1)                     1778672.000
                                                  153594400.000 r
  U504/Y (INVX1)                       1072160.000
                                                  154666560.000 f
  U505/Y (INVX1)                       976576.000 155643136.000 r
  U935/Y (INVX1)                       651296.000 156294432.000 f
  U2834/Y (NAND2X1)                    1286656.000
                                                  157581088.000 r
  U347/Y (AND2X1)                      1818560.000
                                                  159399648.000 r
  U348/Y (INVX1)                       733024.000 160132672.000 f
  U2836/Y (NOR2X1)                     1161360.000
                                                  161294032.000 r
  U2841/Y (NOR2X1)                     151344.000 161445376.000 f
  U2846/Y (NAND2X1)                    880288.000 162325664.000 r
  U2848/Y (NAND2X1)                    930976.000 163256640.000 f
  U2859/Y (NAND2X1)                    881120.000 164137760.000 r
  U2860/Y (NAND2X1)                    1230432.000
                                                  165368192.000 f
  U2861/Y (NAND2X1)                    1394976.000
                                                  166763168.000 r
  U2865/Y (NAND2X1)                    866032.000 167629200.000 f
  U2869/Y (NAND2X1)                    1341808.000
                                                  168971008.000 r
  U2870/Y (INVX1)                      1116592.000
                                                  170087600.000 f
  U2871/Y (NAND2X1)                    1284240.000
                                                  171371840.000 r
  U2875/Y (NAND2X1)                    848064.000 172219904.000 f
  U2877/Y (NAND2X1)                    885184.000 173105088.000 r
  U2878/Y (NAND2X1)                    866816.000 173971904.000 f
  U2880/Y (NAND2X1)                    886000.000 174857904.000 r
  U2884/Y (NAND2X1)                    848336.000 175706240.000 f
  U514/Y (NAND2X1)                     1793904.000
                                                  177500144.000 r
  U502/Y (INVX1)                       1124208.000
                                                  178624352.000 f
  U503/Y (INVX1)                       969168.000 179593520.000 r
  U3071/Y (INVX1)                      646272.000 180239792.000 f
  U3081/Y (NAND2X1)                    1286544.000
                                                  181526336.000 r
  U3084/Y (NAND2X1)                    848448.000 182374784.000 f
  U3086/Y (NAND2X1)                    881248.000 183256032.000 r
  U3087/Y (NOR2X1)                     -272736.000
                                                  182983296.000 f
  U3094/Y (OR2X1)                      2088672.000
                                                  185071968.000 f
  U3095/Y (NAND2X1)                    1425248.000
                                                  186497216.000 r
  U3100/Y (OR2X1)                      2655776.000
                                                  189152992.000 r
  U3104/Y (NAND2X1)                    797424.000 189950416.000 f
  U3106/Y (NAND2X1)                    879584.000 190830000.000 r
  U3107/Y (NAND2X1)                    1155920.000
                                                  191985920.000 f
  U3109/Y (NAND2X1)                    885184.000 192871104.000 r
  U3115/Y (OR2X1)                      2605424.000
                                                  195476528.000 r
  U3116/Y (NAND2X1)                    1045008.000
                                                  196521536.000 f
  U3117/Y (NAND2X1)                    1379456.000
                                                  197900992.000 r
  U3126/Y (NAND2X1)                    863520.000 198764512.000 f
  U3128/Y (NAND2X1)                    1343536.000
                                                  200108048.000 r
  U3129/Y (INVX1)                      1096512.000
                                                  201204560.000 f
  U3130/Y (NOR2X1)                     1157152.000
                                                  202361712.000 r
  U3141/Y (NAND2X1)                    834496.000 203196208.000 f
  U3142/Y (NAND2X1)                    1394928.000
                                                  204591136.000 r
  out[0] (out)                            0.000   204591136.000 r
  data arrival time                               204591136.000

  clock clk (rise edge)                250000000.000
                                                  250000000.000
  clock network delay (ideal)             0.000   250000000.000
  clock reconvergence pessimism           0.000   250000000.000
  output external delay                   0.000   250000000.000
  data required time                              250000000.000
  ---------------------------------------------------------------
  data required time                              250000000.000
  data arrival time                               -204591136.000
  ---------------------------------------------------------------
  slack (MET)                                     45408864.000


1
