****************************************
Report : Averaged Power
Design : top
Version: S-2021.06-SP1
Date   : Wed Sep 14 11:00:48 2022
****************************************



  Attributes
  ----------
      i  -  Including register clock pin internal power
      u  -  User defined power group

                        Internal  Switching  Leakage    Total
Power Group             Power     Power      Power      Power   (     %)  Attrs
--------------------------------------------------------------------------------
clock_network              0.0000    0.0000    0.0000    0.0000 ( 0.00%)  i
register                   0.0000    0.0000    0.0000    0.0000 ( 0.00%)  
combinational           7.033e-04 4.356e-06    0.0137    0.0144 (100.00%) 
sequential                 0.0000    0.0000    0.0000    0.0000 ( 0.00%)  
memory                     0.0000    0.0000    0.0000    0.0000 ( 0.00%)  
io_pad                     0.0000    0.0000    0.0000    0.0000 ( 0.00%)  
black_box                  0.0000    0.0000    0.0000    0.0000 ( 0.00%)  

  Net Switching Power  = 4.356e-06   ( 0.03%)
  Cell Internal Power  = 7.033e-04   ( 4.90%)
  Cell Leakage Power   =    0.0137   (95.07%)
                         ---------
Total Power            =    0.0144  (100.00%)

1
