Information: Updating design information... (UID-85)
 
****************************************
Report : qor
Design : top
Version: S-2021.06-SP2
Date   : Sun Dec 18 18:46:35 2022
****************************************


  Timing Path Group 'clk'
  -----------------------------------
  Levels of Logic:              81.00
  Critical Path Length:  130157784.00
  Critical Path Slack:    69842216.00
  Critical Path Clk Period:
                         200000000.00
  Total Negative Slack:          0.00
  No. of Violating Paths:        0.00
  Worst Hold Violation:          0.00
  Total Hold Violation:          0.00
  No. of Hold Violations:        0.00
  -----------------------------------


  Cell Count
  -----------------------------------
  Hierarchical Cell Count:          0
  Hierarchical Port Count:          0
  Leaf Cell Count:               2024
  Buf/Inv Cell Count:             574
  Buf Cell Count:                   0
  Inv Cell Count:                 574
  CT Buf/Inv Cell Count:            0
  Combinational Cell Count:      2024
  Sequential Cell Count:            0
  Macro Count:                      0
  -----------------------------------


  Area
  -----------------------------------
  Combinational Area:
                     693147629.000000
  Noncombinational Area:     0.000000
  Buf/Inv Area:      131113080.000000
  Total Buffer Area:             0.00
  Total Inverter Area:   131113080.00
  Macro/Black Box Area:      0.000000
  Net Area:                  0.000000
  -----------------------------------
  Cell Area:         693147629.000000
  Design Area:       693147629.000000


  Design Rules
  -----------------------------------
  Total Number of Nets:          2104
  Nets With Violations:          2024
  Max Trans Violations:          2024
  Max Cap Violations:               0
  -----------------------------------


  Hostname: leoforos

  Compile CPU Statistics
  -----------------------------------------
  Resource Sharing:                    0.99
  Logic Optimization:                  0.13
  Mapping Optimization:                1.75
  -----------------------------------------
  Overall Compile Time:                8.44
  Overall Compile Wall Clock Time:     8.82

  --------------------------------------------------------------------

  Design  WNS: 0.00  TNS: 0.00  Number of Violating Paths: 0


  Design (Hold)  WNS: 0.00  TNS: 0.00  Number of Violating Paths: 0

  --------------------------------------------------------------------


1
