****************************************
Report : timing
	-path_type full
	-delay_type max
	-max_paths 1
	-sort_by slack
Design : top
Version: S-2021.06-SP1
Date   : Sun Dec 18 18:46:41 2022
****************************************


  Startpoint: inp[13] (input port clocked by clk)
  Endpoint: out[0] (output port clocked by clk)
  Path Group: clk
  Path Type: max

  Point                                    Incr       Path
  ---------------------------------------------------------------
  clock clk (rise edge)                   0.000      0.000
  clock network delay (ideal)             0.000      0.000
  input external delay                    0.000      0.000 r
  inp[13] (in)                            0.000      0.000 r
  U387/Y (AND2X1)                      2207112.000
                                                  2207112.000 r
  U388/Y (INVX1)                       705440.000 2912552.000 f
  U1910/Y (NAND2X1)                    918768.000 3831320.000 r
  U1911/Y (NAND2X1)                    1128576.000
                                                  4959896.000 f
  U1913/Y (XOR2X1)                     5293248.000
                                                  10253144.000 r
  U1914/Y (XOR2X1)                     4755992.000
                                                  15009136.000 f
  U1915/Y (XOR2X1)                     5754592.000
                                                  20763728.000 r
  U1917/Y (OR2X1)                      2289976.000
                                                  23053704.000 r
  U555/Y (AND2X1)                      2195640.000
                                                  25249344.000 r
  U556/Y (INVX1)                       708704.000 25958048.000 f
  U1948/Y (NAND2X1)                    1752760.000
                                                  27710808.000 r
  U1950/Y (INVX1)                      1216840.000
                                                  28927648.000 f
  U1951/Y (NAND2X1)                    925128.000 29852776.000 r
  U1952/Y (NAND2X1)                    1155856.000
                                                  31008632.000 f
  U1965/Y (XOR2X1)                     5311216.000
                                                  36319848.000 r
  U1967/Y (NAND2X1)                    1229072.000
                                                  37548920.000 f
  U645/Y (INVX1)                       226488.000 37775408.000 r
  U646/Y (INVX1)                       646456.000 38421864.000 f
  U1968/Y (NAND2X1)                    1291800.000
                                                  39713664.000 r
  U369/Y (XNOR2X1)                     5495968.000
                                                  45209632.000 r
  U370/Y (INVX1)                       960304.000 46169936.000 f
  U1973/Y (NAND2X1)                    920648.000 47090584.000 r
  U1974/Y (NAND2X1)                    1127792.000
                                                  48218376.000 f
  U1977/Y (XOR2X1)                     5293592.000
                                                  53511968.000 r
  U311/Y (AND2X1)                      1818568.000
                                                  55330536.000 r
  U312/Y (INVX1)                       707104.000 56037640.000 f
  U2016/Y (NAND2X1)                    1291608.000
                                                  57329248.000 r
  U2020/Y (OR2X1)                      2330208.000
                                                  59659456.000 r
  U579/Y (AND2X1)                      1882936.000
                                                  61542392.000 r
  U580/Y (INVX1)                       715440.000 62257832.000 f
  U2023/Y (NAND2X1)                    1291592.000
                                                  63549424.000 r
  U2024/Y (OR2X1)                      2330156.000
                                                  65879580.000 r
  U539/Y (AND2X1)                      2199500.000
                                                  68079080.000 r
  U540/Y (INVX1)                       707448.000 68786528.000 f
  U2026/Y (NAND2X1)                    1291600.000
                                                  70078128.000 r
  U2036/Y (NAND2X1)                    849688.000 70927816.000 f
  U2040/Y (NAND2X1)                    1403720.000
                                                  72331536.000 r
  U471/Y (XNOR2X1)                     5359664.000
                                                  77691200.000 r
  U472/Y (INVX1)                       998192.000 78689392.000 f
  U2042/Y (NOR2X1)                     1157328.000
                                                  79846720.000 r
  U2043/Y (NAND2X1)                    1108960.000
                                                  80955680.000 f
  U2044/Y (NAND2X1)                    1752608.000
                                                  82708288.000 r
  U2045/Y (INVX1)                      1104976.000
                                                  83813264.000 f
  U2046/Y (NAND2X1)                    1284264.000
                                                  85097528.000 r
  U2063/Y (NAND2X1)                    929304.000 86026832.000 f
  U461/Y (INVX1)                       223232.000 86250064.000 r
  U462/Y (INVX1)                       646696.000 86896760.000 f
  U2064/Y (NAND2X1)                    1286120.000
                                                  88182880.000 r
  U766/Y (AND2X1)                      1876544.000
                                                  90059424.000 r
  U501/Y (XNOR2X1)                     6222536.000
                                                  96281960.000 r
  U502/Y (INVX1)                       828888.000 97110848.000 f
  U2136/Y (NOR2X1)                     1157624.000
                                                  98268472.000 r
  U2137/Y (NAND2X1)                    1097512.000
                                                  99365984.000 f
  U2138/Y (NAND2X1)                    1343776.000
                                                  100709760.000 r
  U2146/Y (INVX1)                      1116104.000
                                                  101825864.000 f
  U2147/Y (NAND2X1)                    1290200.000
                                                  103116064.000 r
  U2148/Y (NAND2X1)                    1126576.000
                                                  104242640.000 f
  U2149/Y (AND2X1)                     1856496.000
                                                  106099136.000 f
  U2152/Y (NOR2X1)                     1211808.000
                                                  107310944.000 r
  U2153/Y (OR2X1)                      2204704.000
                                                  109515648.000 r
  U2154/Y (NAND2X1)                    800328.000 110315976.000 f
  U2156/Y (NAND2X1)                    1339400.000
                                                  111655376.000 r
  U439/Y (INVX1)                       1123728.000
                                                  112779104.000 f
  U440/Y (INVX1)                       450288.000 113229392.000 r
  U2157/Y (NOR2X1)                     533960.000 113763352.000 f
  U2171/Y (NOR2X1)                     1185560.000
                                                  114948912.000 r
  U2172/Y (NAND2X1)                    834360.000 115783272.000 f
  U743/Y (AND2X1)                      2044160.000
                                                  117827432.000 f
  U744/Y (INVX1)                       -282408.000
                                                  117545024.000 r
  U2177/Y (INVX1)                      662392.000 118207416.000 f
  U2185/Y (NAND2X1)                    1286080.000
                                                  119493496.000 r
  U2186/Y (NAND2X1)                    1126512.000
                                                  120620008.000 f
  U2189/Y (NAND2X1)                    881200.000 121501208.000 r
  U2190/Y (NAND2X1)                    1151032.000
                                                  122652240.000 f
  U2193/Y (NAND2X1)                    879608.000 123531848.000 r
  U2194/Y (NAND2X1)                    1151008.000
                                                  124682856.000 f
  U2196/Y (NAND2X1)                    885504.000 125568360.000 r
  U2199/Y (NAND2X1)                    866720.000 126435080.000 f
  U2208/Y (NAND2X1)                    1380752.000
                                                  127815832.000 r
  U2209/Y (NAND2X1)                    1151080.000
                                                  128966912.000 f
  U2210/Y (NOR2X1)                     1191016.000
                                                  130157928.000 r
  out[0] (out)                            0.000   130157928.000 r
  data arrival time                               130157928.000

  clock clk (rise edge)                200000000.000
                                                  200000000.000
  clock network delay (ideal)             0.000   200000000.000
  clock reconvergence pessimism           0.000   200000000.000
  output external delay                   0.000   200000000.000
  data required time                              200000000.000
  ---------------------------------------------------------------
  data required time                              200000000.000
  data arrival time                               -130157928.000
  ---------------------------------------------------------------
  slack (MET)                                     69842072.000


1
