****************************************
Report : timing
	-path_type full
	-delay_type max
	-max_paths 1
	-sort_by slack
Design : top
Version: S-2021.06-SP1
Date   : Sun Dec 18 11:52:31 2022
****************************************


  Startpoint: inp[33] (input port clocked by clk)
  Endpoint: out[0] (output port clocked by clk)
  Path Group: clk
  Path Type: max

  Point                                    Incr       Path
  ---------------------------------------------------------------
  clock clk (rise edge)                   0.000      0.000
  clock network delay (ideal)             0.000      0.000
  input external delay                    0.000      0.000 f
  inp[33] (in)                            0.000      0.000 f
  U987/Y (INVX1)                       589088.000 589088.000 r
  U1139/Y (NAND2X1)                    1054608.000
                                                  1643696.000 f
  U1140/Y (NAND2X1)                    1752608.000
                                                  3396304.000 r
  U1141/Y (NAND2X1)                    865728.000 4262032.000 f
  U1144/Y (NAND2X1)                    899552.000 5161584.000 r
  U121/Y (AND2X1)                      1798416.000
                                                  6960000.000 r
  U122/Y (INVX1)                       717568.000 7677568.000 f
  U1149/Y (NAND2X1)                    1752752.000
                                                  9430320.000 r
  U265/Y (AND2X1)                      1785576.000
                                                  11215896.000 r
  U266/Y (INVX1)                       707856.000 11923752.000 f
  U510/Y (AND2X1)                      2458048.000
                                                  14381800.000 f
  U511/Y (INVX1)                       -1187416.000
                                                  13194384.000 r
  U512/Y (AND2X1)                      2199072.000
                                                  15393456.000 r
  U513/Y (INVX1)                       707808.000 16101264.000 f
  U1163/Y (OR2X1)                      2117888.000
                                                  18219152.000 f
  U1194/Y (NAND2X1)                    876480.000 19095632.000 r
  U435/Y (XNOR2X1)                     6508232.000
                                                  25603864.000 r
  U733/Y (INVX1)                       1009512.000
                                                  26613376.000 f
  U1196/Y (NOR2X1)                     1157280.000
                                                  27770656.000 r
  U1213/Y (NOR2X1)                     101720.000 27872376.000 f
  U1215/Y (NAND2X1)                    885112.000 28757488.000 r
  U217/Y (AND2X1)                      2166632.000
                                                  30924120.000 r
  U218/Y (INVX1)                       718368.000 31642488.000 f
  U1230/Y (NAND2X1)                    1357264.000
                                                  32999752.000 r
  U395/Y (INVX1)                       980056.000 33979808.000 f
  U396/Y (INVX1)                       452176.000 34431984.000 r
  U1231/Y (NAND2X1)                    1052376.000
                                                  35484360.000 f
  U1233/Y (NAND2X1)                    1345352.000
                                                  36829712.000 r
  U145/Y (AND2X1)                      2167448.000
                                                  38997160.000 r
  U146/Y (INVX1)                       717880.000 39715040.000 f
  U602/Y (AND2X1)                      2034872.000
                                                  41749912.000 f
  U603/Y (INVX1)                       -1451016.000
                                                  40298896.000 r
  U345/Y (AND2X1)                      2199136.000
                                                  42498032.000 r
  U346/Y (INVX1)                       724976.000 43223008.000 f
  U1358/Y (NAND2X1)                    920752.000 44143760.000 r
  U1359/Y (NAND2X1)                    1126584.000
                                                  45270344.000 f
  U235/Y (AND2X1)                      2439520.000
                                                  47709864.000 f
  U236/Y (INVX1)                       -1294608.000
                                                  46415256.000 r
  U1363/Y (OR2X1)                      1641488.000
                                                  48056744.000 r
  U548/Y (AND2X1)                      2196632.000
                                                  50253376.000 r
  U549/Y (INVX1)                       708376.000 50961752.000 f
  U1364/Y (NAND2X1)                    1291616.000
                                                  52253368.000 r
  U1367/Y (OR2X1)                      2330208.000
                                                  54583576.000 r
  U1374/Y (NAND2X1)                    1218528.000
                                                  55802104.000 f
  U313/Y (AND2X1)                      2439656.000
                                                  58241760.000 f
  U314/Y (INVX1)                       -1293784.000
                                                  56947976.000 r
  U406/Y (NAND2X1)                     800848.000 57748824.000 f
  U1380/Y (NAND2X1)                    1345384.000
                                                  59094208.000 r
  U1381/Y (INVX1)                      1116424.000
                                                  60210632.000 f
  U311/Y (AND2X1)                      2458312.000
                                                  62668944.000 f
  U312/Y (INVX1)                       -1173560.000
                                                  61495384.000 r
  U580/Y (AND2X1)                      1881336.000
                                                  63376720.000 r
  U581/Y (INVX1)                       707704.000 64084424.000 f
  U1383/Y (NAND2X1)                    1291616.000
                                                  65376040.000 r
  U1387/Y (OR2X1)                      2330208.000
                                                  67706248.000 r
  U560/Y (AND2X1)                      2199504.000
                                                  69905752.000 r
  U561/Y (INVX1)                       707440.000 70613192.000 f
  U1388/Y (NAND2X1)                    1291616.000
                                                  71904808.000 r
  U1394/Y (OR2X1)                      2330224.000
                                                  74235032.000 r
  U546/Y (AND2X1)                      2196632.000
                                                  76431664.000 r
  U547/Y (INVX1)                       708376.000 77140040.000 f
  U1395/Y (AND2X1)                     2238240.000
                                                  79378280.000 f
  U183/Y (AND2X1)                      2431264.000
                                                  81809544.000 f
  U184/Y (INVX1)                       -1360584.000
                                                  80448960.000 r
  U1400/Y (NAND2X1)                    1067216.000
                                                  81516176.000 f
  U1401/Y (NAND2X1)                    1381744.000
                                                  82897920.000 r
  U661/Y (AND2X1)                      1798200.000
                                                  84696120.000 r
  U662/Y (INVX1)                       708368.000 85404488.000 f
  U1410/Y (OR2X1)                      2115208.000
                                                  87519696.000 f
  U1419/Y (NAND2X1)                    870744.000 88390440.000 r
  U1421/Y (NAND2X1)                    849136.000 89239576.000 f
  U1427/Y (NAND2X1)                    887080.000 90126656.000 r
  U458/Y (AND2X1)                      2166584.000
                                                  92293240.000 r
  U459/Y (INVX1)                       718160.000 93011400.000 f
  U1428/Y (NAND2X1)                    1362952.000
                                                  94374352.000 r
  U1433/Y (INVX1)                      1073008.000
                                                  95447360.000 f
  U1434/Y (NAND2X1)                    1290360.000
                                                  96737720.000 r
  U1435/Y (NAND2X1)                    1126584.000
                                                  97864304.000 f
  U1436/Y (NAND2X1)                    1342768.000
                                                  99207072.000 r
  U1442/Y (INVX1)                      1216720.000
                                                  100423792.000 f
  U1443/Y (NAND2X1)                    1289856.000
                                                  101713648.000 r
  U1444/Y (NAND2X1)                    1126480.000
                                                  102840128.000 f
  U277/Y (AND2X1)                      2045536.000
                                                  104885664.000 f
  U278/Y (INVX1)                       -229928.000
                                                  104655736.000 r
  U1449/Y (INVX1)                      651880.000 105307616.000 f
  U1450/Y (NAND2X1)                    1291776.000
                                                  106599392.000 r
  U1451/Y (NAND2X1)                    1126992.000
                                                  107726384.000 f
  U1452/Y (NAND2X1)                    1752600.000
                                                  109478984.000 r
  U1456/Y (INVX1)                      1101400.000
                                                  110580384.000 f
  U1457/Y (NAND2X1)                    1290240.000
                                                  111870624.000 r
  U460/Y (AND2X1)                      1818648.000
                                                  113689272.000 r
  U461/Y (INVX1)                       707848.000 114397120.000 f
  U640/Y (XNOR2X1)                     6583432.000
                                                  120980552.000 f
  U1476/Y (NOR2X1)                     1219384.000
                                                  122199936.000 r
  U119/Y (AND2X1)                      2180328.000
                                                  124380264.000 r
  U120/Y (INVX1)                       713688.000 125093952.000 f
  U1480/Y (NAND2X1)                    918872.000 126012824.000 r
  U1481/Y (NAND2X1)                    1229072.000
                                                  127241896.000 f
  U737/Y (INVX1)                       226488.000 127468384.000 r
  U738/Y (INVX1)                       647664.000 128116048.000 f
  U1496/Y (NAND2X1)                    1286664.000
                                                  129402712.000 r
  U600/Y (AND2X1)                      1818568.000
                                                  131221280.000 r
  U601/Y (INVX1)                       715344.000 131936624.000 f
  U1500/Y (NAND2X1)                    924520.000 132861144.000 r
  U1501/Y (AND2X1)                     780016.000 133641160.000 r
  U584/Y (AND2X1)                      2173512.000
                                                  135814672.000 r
  U585/Y (INVX1)                       715904.000 136530576.000 f
  U1502/Y (NAND2X1)                    1291552.000
                                                  137822128.000 r
  U1506/Y (NAND2X1)                    1126912.000
                                                  138949040.000 f
  U1507/Y (NAND2X1)                    881152.000 139830192.000 r
  U1508/Y (NAND2X1)                    848304.000 140678496.000 f
  U1509/Y (NAND2X1)                    1381280.000
                                                  142059776.000 r
  U1514/Y (NAND2X1)                    863808.000 142923584.000 f
  U1515/Y (NAND2X1)                    1380400.000
                                                  144303984.000 r
  U1516/Y (NOR2X1)                     -289680.000
                                                  144014304.000 f
  U1517/Y (NOR2X1)                     1189968.000
                                                  145204272.000 r
  out[0] (out)                            0.000   145204272.000 r
  data arrival time                               145204272.000

  clock clk (rise edge)                200000000.000
                                                  200000000.000
  clock network delay (ideal)             0.000   200000000.000
  clock reconvergence pessimism           0.000   200000000.000
  output external delay                   0.000   200000000.000
  data required time                              200000000.000
  ---------------------------------------------------------------
  data required time                              200000000.000
  data arrival time                               -145204272.000
  ---------------------------------------------------------------
  slack (MET)                                     54795728.000


1
