 
****************************************
Report : timing
        -path full
        -delay max
        -max_paths 1
Design : top
Version: S-2021.06-SP2
Date   : Sun Dec 18 11:52:25 2022
****************************************

Operating Conditions: TT   Library: PPDK_Standard_Library_1.0V_25C_TYP_X1
Wire Load Model Mode: top

  Startpoint: inp[33] (input port clocked by clk)
  Endpoint: out[0] (output port clocked by clk)
  Path Group: clk
  Path Type: max

  Point                                    Incr       Path
  -----------------------------------------------------------
  clock clk (rise edge)                   0.000      0.000
  clock network delay (ideal)             0.000      0.000
  input external delay                    0.000      0.000 f
  inp[33] (in)                            0.000      0.000 f
  U987/Y (INVX1)                       589083.375 589083.375 r
  U1139/Y (NAND2X1)                    1054614.000
                                                  1643697.375 f
  U1140/Y (NAND2X1)                    1752613.125
                                                  3396310.500 r
  U1141/Y (NAND2X1)                    865727.000 4262037.500 f
  U1144/Y (NAND2X1)                    899556.500 5161594.000 r
  U121/Y (AND2X1)                      1798401.000
                                                  6959995.000 r
  U122/Y (INVX1)                       717571.000 7677566.000 f
  U1149/Y (NAND2X1)                    1752755.000
                                                  9430321.000 r
  U265/Y (AND2X1)                      1785571.000
                                                  11215892.000 r
  U266/Y (INVX1)                       707855.000 11923747.000 f
  U510/Y (AND2X1)                      2458051.000
                                                  14381798.000 f
  U511/Y (INVX1)                       -1187422.000
                                                  13194376.000 r
  U512/Y (AND2X1)                      2199079.000
                                                  15393455.000 r
  U513/Y (INVX1)                       707807.000 16101262.000 f
  U1163/Y (OR2X1)                      2117890.000
                                                  18219152.000 f
  U1194/Y (NAND2X1)                    876484.000 19095636.000 r
  U435/Y (XNOR2X1)                     6508140.000
                                                  25603776.000 r
  U733/Y (INVX1)                       1009546.000
                                                  26613322.000 f
  U1196/Y (NOR2X1)                     1157280.000
                                                  27770602.000 r
  U1213/Y (NOR2X1)                     101700.000 27872302.000 f
  U1215/Y (NAND2X1)                    885106.000 28757408.000 r
  U217/Y (AND2X1)                      2166662.000
                                                  30924070.000 r
  U218/Y (INVX1)                       718362.000 31642432.000 f
  U1230/Y (NAND2X1)                    1357268.000
                                                  32999700.000 r
  U395/Y (INVX1)                       980060.000 33979760.000 f
  U396/Y (INVX1)                       452184.000 34431944.000 r
  U1231/Y (NAND2X1)                    1052376.000
                                                  35484320.000 f
  U1233/Y (NAND2X1)                    1345344.000
                                                  36829664.000 r
  U145/Y (AND2X1)                      2167472.000
                                                  38997136.000 r
  U146/Y (INVX1)                       717876.000 39715012.000 f
  U602/Y (AND2X1)                      2034872.000
                                                  41749884.000 f
  U603/Y (INVX1)                       -1450996.000
                                                  40298888.000 r
  U345/Y (AND2X1)                      2199144.000
                                                  42498032.000 r
  U346/Y (INVX1)                       724980.000 43223012.000 f
  U1358/Y (NAND2X1)                    920752.000 44143764.000 r
  U1359/Y (NAND2X1)                    1126568.000
                                                  45270332.000 f
  U235/Y (AND2X1)                      2439516.000
                                                  47709848.000 f
  U236/Y (INVX1)                       -1294588.000
                                                  46415260.000 r
  U1363/Y (OR2X1)                      1641484.000
                                                  48056744.000 r
  U548/Y (AND2X1)                      2196640.000
                                                  50253384.000 r
  U549/Y (INVX1)                       708376.000 50961760.000 f
  U1364/Y (NAND2X1)                    1291616.000
                                                  52253376.000 r
  U1367/Y (OR2X1)                      2330216.000
                                                  54583592.000 r
  U1374/Y (NAND2X1)                    1218528.000
                                                  55802120.000 f
  U313/Y (AND2X1)                      2439652.000
                                                  58241772.000 f
  U314/Y (INVX1)                       -1293772.000
                                                  56948000.000 r
  U406/Y (NAND2X1)                     800844.000 57748844.000 f
  U1380/Y (NAND2X1)                    1345372.000
                                                  59094216.000 r
  U1381/Y (INVX1)                      1116420.000
                                                  60210636.000 f
  U311/Y (AND2X1)                      2458316.000
                                                  62668952.000 f
  U312/Y (INVX1)                       -1173552.000
                                                  61495400.000 r
  U580/Y (AND2X1)                      1881336.000
                                                  63376736.000 r
  U581/Y (INVX1)                       707704.000 64084440.000 f
  U1383/Y (NAND2X1)                    1291616.000
                                                  65376056.000 r
  U1387/Y (OR2X1)                      2330224.000
                                                  67706280.000 r
  U560/Y (AND2X1)                      2199504.000
                                                  69905784.000 r
  U561/Y (INVX1)                       707440.000 70613224.000 f
  U1388/Y (NAND2X1)                    1291616.000
                                                  71904840.000 r
  U1394/Y (OR2X1)                      2330200.000
                                                  74235040.000 r
  U546/Y (AND2X1)                      2196640.000
                                                  76431680.000 r
  U547/Y (INVX1)                       708376.000 77140056.000 f
  U1395/Y (AND2X1)                     2238240.000
                                                  79378296.000 f
  U183/Y (AND2X1)                      2431256.000
                                                  81809552.000 f
  U184/Y (INVX1)                       -1360552.000
                                                  80449000.000 r
  U1400/Y (NAND2X1)                    1067216.000
                                                  81516216.000 f
  U1401/Y (NAND2X1)                    1381752.000
                                                  82897968.000 r
  U661/Y (AND2X1)                      1798192.000
                                                  84696160.000 r
  U662/Y (INVX1)                       708368.000 85404528.000 f
  U1410/Y (OR2X1)                      2115208.000
                                                  87519736.000 f
  U1419/Y (NAND2X1)                    870736.000 88390472.000 r
  U1421/Y (NAND2X1)                    849120.000 89239592.000 f
  U1427/Y (NAND2X1)                    887072.000 90126664.000 r
  U458/Y (AND2X1)                      2166616.000
                                                  92293280.000 r
  U459/Y (INVX1)                       718152.000 93011432.000 f
  U1428/Y (NAND2X1)                    1362952.000
                                                  94374384.000 r
  U1433/Y (INVX1)                      1073008.000
                                                  95447392.000 f
  U1434/Y (NAND2X1)                    1290360.000
                                                  96737752.000 r
  U1435/Y (NAND2X1)                    1126600.000
                                                  97864352.000 f
  U1436/Y (NAND2X1)                    1342744.000
                                                  99207096.000 r
  U1442/Y (INVX1)                      1216720.000
                                                  100423816.000 f
  U1443/Y (NAND2X1)                    1289856.000
                                                  101713672.000 r
  U1444/Y (NAND2X1)                    1126472.000
                                                  102840144.000 f
  U277/Y (AND2X1)                      2045536.000
                                                  104885680.000 f
  U278/Y (INVX1)                       -229928.000
                                                  104655752.000 r
  U1449/Y (INVX1)                      651880.000 105307632.000 f
  U1450/Y (NAND2X1)                    1291776.000
                                                  106599408.000 r
  U1451/Y (NAND2X1)                    1126976.000
                                                  107726384.000 f
  U1452/Y (NAND2X1)                    1752584.000
                                                  109478968.000 r
  U1456/Y (INVX1)                      1101392.000
                                                  110580360.000 f
  U1457/Y (NAND2X1)                    1290248.000
                                                  111870608.000 r
  U460/Y (AND2X1)                      1818640.000
                                                  113689248.000 r
  U461/Y (INVX1)                       707848.000 114397096.000 f
  U640/Y (XNOR2X1)                     6583432.000
                                                  120980528.000 f
  U1476/Y (NOR2X1)                     1219384.000
                                                  122199912.000 r
  U119/Y (AND2X1)                      2180344.000
                                                  124380256.000 r
  U120/Y (INVX1)                       713680.000 125093936.000 f
  U1480/Y (NAND2X1)                    918872.000 126012808.000 r
  U1481/Y (NAND2X1)                    1229056.000
                                                  127241864.000 f
  U737/Y (INVX1)                       226472.000 127468336.000 r
  U738/Y (INVX1)                       647672.000 128116008.000 f
  U1496/Y (NAND2X1)                    1286664.000
                                                  129402672.000 r
  U600/Y (AND2X1)                      1818552.000
                                                  131221224.000 r
  U601/Y (INVX1)                       715344.000 131936568.000 f
  U1500/Y (NAND2X1)                    924520.000 132861088.000 r
  U1501/Y (AND2X1)                     780040.000 133641128.000 r
  U584/Y (AND2X1)                      2173528.000
                                                  135814656.000 r
  U585/Y (INVX1)                       715904.000 136530560.000 f
  U1502/Y (NAND2X1)                    1291552.000
                                                  137822112.000 r
  U1506/Y (NAND2X1)                    1126912.000
                                                  138949024.000 f
  U1507/Y (NAND2X1)                    881152.000 139830176.000 r
  U1508/Y (NAND2X1)                    848288.000 140678464.000 f
  U1509/Y (NAND2X1)                    1381264.000
                                                  142059728.000 r
  U1514/Y (NAND2X1)                    863808.000 142923536.000 f
  U1515/Y (NAND2X1)                    1380384.000
                                                  144303920.000 r
  U1516/Y (NOR2X1)                     -289696.000
                                                  144014224.000 f
  U1517/Y (NOR2X1)                     1189968.000
                                                  145204192.000 r
  out[0] (out)                            0.000   145204192.000 r
  data arrival time                               145204192.000

  clock clk (rise edge)                200000000.000
                                                  200000000.000
  clock network delay (ideal)             0.000   200000000.000
  output external delay                   0.000   200000000.000
  data required time                              200000000.000
  -----------------------------------------------------------
  data required time                              200000000.000
  data arrival time                               -145204192.000
  -----------------------------------------------------------
  slack (MET)                                     54795808.000


1
