Information: Updating design information... (UID-85)
 
****************************************
Report : qor
Design : top
Version: S-2021.06-SP2
Date   : Sun Dec  4 23:08:53 2022
****************************************


  Timing Path Group 'clk'
  -----------------------------------
  Levels of Logic:              39.00
  Critical Path Length:   67595904.00
  Critical Path Slack:   132404096.00
  Critical Path Clk Period:
                         200000000.00
  Total Negative Slack:          0.00
  No. of Violating Paths:        0.00
  Worst Hold Violation:          0.00
  Total Hold Violation:          0.00
  No. of Hold Violations:        0.00
  -----------------------------------


  Cell Count
  -----------------------------------
  Hierarchical Cell Count:          0
  Hierarchical Port Count:          0
  Leaf Cell Count:                398
  Buf/Inv Cell Count:             150
  Buf Cell Count:                   0
  Inv Cell Count:                 150
  CT Buf/Inv Cell Count:            0
  Combinational Cell Count:       398
  Sequential Cell Count:            0
  Macro Count:                      0
  -----------------------------------


  Area
  -----------------------------------
  Combinational Area:
                     137364284.000000
  Noncombinational Area:     0.000000
  Buf/Inv Area:       34263000.000000
  Total Buffer Area:             0.00
  Total Inverter Area:    34263000.00
  Macro/Black Box Area:      0.000000
  Net Area:                  0.000000
  -----------------------------------
  Cell Area:         137364284.000000
  Design Area:       137364284.000000


  Design Rules
  -----------------------------------
  Total Number of Nets:           426
  Nets With Violations:           398
  Max Trans Violations:           398
  Max Cap Violations:               0
  -----------------------------------


  Hostname: leoforos

  Compile CPU Statistics
  -----------------------------------------
  Resource Sharing:                    0.43
  Logic Optimization:                  0.05
  Mapping Optimization:                0.74
  -----------------------------------------
  Overall Compile Time:                2.95
  Overall Compile Wall Clock Time:     3.31

  --------------------------------------------------------------------

  Design  WNS: 0.00  TNS: 0.00  Number of Violating Paths: 0


  Design (Hold)  WNS: 0.00  TNS: 0.00  Number of Violating Paths: 0

  --------------------------------------------------------------------


1
