 
****************************************
Report : timing
        -path full
        -delay max
        -max_paths 1
Design : top
Version: S-2021.06-SP2
Date   : Tue Nov 29 15:33:33 2022
****************************************

Operating Conditions: TT   Library: PPDK_Standard_Library_0.8V_25C_TYP_X1
Wire Load Model Mode: top

  Startpoint: inp[14] (input port clocked by clk)
  Endpoint: out[0] (output port clocked by clk)
  Path Group: clk
  Path Type: max

  Point                                    Incr       Path
  -----------------------------------------------------------
  clock clk (rise edge)                   0.000      0.000
  clock network delay (ideal)             0.000      0.000
  input external delay                    0.000      0.000 r
  inp[14] (in)                            0.000      0.000 r
  U2401/Y (NAND2X1)                    1367251.625
                                                  1367251.625 f
  U2403/Y (NAND2X1)                    834372.875 2201624.500 r
  U2404/Y (NAND2X1)                    2198566.000
                                                  4400190.500 f
  U2406/Y (NAND2X1)                    848060.000 5248250.500 r
  U2407/Y (NAND2X1)                    1050378.000
                                                  6298628.500 f
  U2408/Y (NAND2X1)                    1177603.500
                                                  7476232.000 r
  U2410/Y (NAND2X1)                    1049580.000
                                                  8525812.000 f
  U2411/Y (NAND2X1)                    1177496.000
                                                  9703308.000 r
  U2412/Y (XOR2X1)                     5232466.000
                                                  14935774.000 f
  U2413/Y (XOR2X1)                     6276510.000
                                                  21212284.000 r
  U2414/Y (INVX1)                      1342664.000
                                                  22554948.000 f
  U2415/Y (XOR2X1)                     3420400.000
                                                  25975348.000 f
  U2416/Y (XOR2X1)                     6276644.000
                                                  32251992.000 r
  U2417/Y (INVX1)                      1342084.000
                                                  33594076.000 f
  U2453/Y (XOR2X1)                     5231888.000
                                                  38825964.000 r
  U529/Y (XNOR2X1)                     6630140.000
                                                  45456104.000 r
  U530/Y (INVX1)                       1044292.000
                                                  46500396.000 f
  U617/Y (XNOR2X1)                     4713572.000
                                                  51213968.000 r
  U618/Y (INVX1)                       988904.000 52202872.000 f
  U2595/Y (XOR2X1)                     6261836.000
                                                  58464708.000 r
  U2596/Y (INVX1)                      1341768.000
                                                  59806476.000 f
  U2597/Y (NAND2X1)                    1161964.000
                                                  60968440.000 r
  U2598/Y (NAND2X1)                    2206236.000
                                                  63174676.000 f
  U2600/Y (NAND2X1)                    847516.000 64022192.000 r
  U2674/Y (NAND2X1)                    1049088.000
                                                  65071280.000 f
  U2677/Y (NAND2X1)                    847452.000 65918732.000 r
  U2697/Y (NAND2X1)                    1050284.000
                                                  66969016.000 f
  U2699/Y (NAND2X1)                    853256.000 67822272.000 r
  U507/Y (XNOR2X1)                     7201688.000
                                                  75023960.000 r
  U2715/Y (OR2X1)                      5728744.000
                                                  80752704.000 r
  U2716/Y (NAND2X1)                    1715792.000
                                                  82468496.000 f
  U2717/Y (NOR2X1)                     1074712.000
                                                  83543208.000 r
  U470/Y (OR2X1)                       3777176.000
                                                  87320384.000 r
  U911/Y (AND2X1)                      2125064.000
                                                  89445448.000 r
  U912/Y (INVX1)                       800760.000 90246208.000 f
  U879/Y (XNOR2X1)                     7365664.000
                                                  97611872.000 f
  U880/Y (INVX1)                       -1240408.000
                                                  96371464.000 r
  U4224/Y (NAND2X1)                    1365016.000
                                                  97736480.000 f
  U4226/Y (NAND2X1)                    845176.000 98581656.000 r
  U4240/Y (XOR2X1)                     6040312.000
                                                  104621968.000 f
  U4241/Y (XOR2X1)                     6264304.000
                                                  110886272.000 r
  U4242/Y (INVX1)                      1422256.000
                                                  112308528.000 f
  U4243/Y (NAND2X1)                    807184.000 113115712.000 r
  U4244/Y (NAND2X1)                    1482440.000
                                                  114598152.000 f
  U4245/Y (INVX1)                      -659600.000
                                                  113938552.000 r
  U4248/Y (OR2X1)                      2025520.000
                                                  115964072.000 r
  U4249/Y (INVX1)                      762504.000 116726576.000 f
  U4253/Y (NAND2X1)                    807488.000 117534064.000 r
  U4254/Y (NAND2X1)                    2055624.000
                                                  119589688.000 f
  U4257/Y (NAND2X1)                    1284968.000
                                                  120874656.000 r
  U4258/Y (INVX1)                      1252776.000
                                                  122127432.000 f
  U4260/Y (NAND2X1)                    807240.000 122934672.000 r
  U4261/Y (NAND2X1)                    2055128.000
                                                  124989800.000 f
  U4264/Y (NAND2X1)                    1284976.000
                                                  126274776.000 r
  U4265/Y (INVX1)                      1252776.000
                                                  127527552.000 f
  U4268/Y (NAND2X1)                    807240.000 128334792.000 r
  U4269/Y (NAND2X1)                    2206232.000
                                                  130541024.000 f
  U4271/Y (NAND2X1)                    853264.000 131394288.000 r
  U4276/Y (OR2X1)                      5179216.000
                                                  136573504.000 r
  U4277/Y (NAND2X1)                    1715808.000
                                                  138289312.000 f
  U4279/Y (NAND2X1)                    847536.000 139136848.000 r
  U4286/Y (XOR2X1)                     5904688.000
                                                  145041536.000 f
  U4368/Y (NOR2X1)                     1590000.000
                                                  146631536.000 r
  U4369/Y (INVX1)                      1029168.000
                                                  147660704.000 f
  U4427/Y (NAND2X1)                    807296.000 148468000.000 r
  U4429/Y (NAND2X1)                    1048992.000
                                                  149516992.000 f
  U4443/Y (NAND2X1)                    836368.000 150353360.000 r
  U4446/Y (NAND2X1)                    1225088.000
                                                  151578448.000 f
  U378/Y (INVX1)                       381248.000 151959696.000 r
  U4461/Y (NAND2X1)                    1049776.000
                                                  153009472.000 f
  U4462/Y (XOR2X1)                     3461872.000
                                                  156471344.000 f
  U4464/Y (NAND2X1)                    878144.000 157349488.000 r
  U4473/Y (NAND2X1)                    1048544.000
                                                  158398032.000 f
  U4476/Y (NAND2X1)                    836304.000 159234336.000 r
  U4477/Y (NAND2X1)                    1049696.000
                                                  160284032.000 f
  U4480/Y (NAND2X1)                    836480.000 161120512.000 r
  U4489/Y (NAND2X1)                    1048608.000
                                                  162169120.000 f
  U4492/Y (NAND2X1)                    836304.000 163005424.000 r
  U4510/Y (NAND2X1)                    1048592.000
                                                  164054016.000 f
  U4515/Y (AND2X1)                     2054976.000
                                                  166108992.000 f
  U4518/Y (NAND2X1)                    839056.000 166948048.000 r
  U4527/Y (NAND2X1)                    1048592.000
                                                  167996640.000 f
  U4530/Y (NAND2X1)                    836304.000 168832944.000 r
  U4531/Y (NAND2X1)                    1048608.000
                                                  169881552.000 f
  U4534/Y (NAND2X1)                    836304.000 170717856.000 r
  U4543/Y (NAND2X1)                    1048592.000
                                                  171766448.000 f
  U397/Y (AND2X1)                      2312560.000
                                                  174079008.000 f
  U398/Y (INVX1)                       14896.000  174093904.000 r
  U524/Y (INVX1)                       885904.000 174979808.000 f
  U4563/Y (NAND2X1)                    807808.000 175787616.000 r
  U4564/Y (NAND2X1)                    1459552.000
                                                  177247168.000 f
  U4565/Y (NAND2X1)                    1166416.000
                                                  178413584.000 r
  U4575/Y (NAND2X1)                    2140816.000
                                                  180554400.000 f
  U4578/Y (NAND2X1)                    836864.000 181391264.000 r
  U4587/Y (NAND2X1)                    1049696.000
                                                  182440960.000 f
  U4590/Y (NAND2X1)                    836480.000 183277440.000 r
  U4591/Y (NAND2X1)                    2142016.000
                                                  185419456.000 f
  U4594/Y (NAND2X1)                    836864.000 186256320.000 r
  U4603/Y (NAND2X1)                    1048608.000
                                                  187304928.000 f
  U4606/Y (NAND2X1)                    836304.000 188141232.000 r
  U4624/Y (NAND2X1)                    1048592.000
                                                  189189824.000 f
  U4629/Y (AND2X1)                     2054976.000
                                                  191244800.000 f
  U4632/Y (NAND2X1)                    839056.000 192083856.000 r
  U4633/Y (NAND2X1)                    1476656.000
                                                  193560512.000 f
  U4634/Y (INVX1)                      -646032.000
                                                  192914480.000 r
  U453/Y (NOR2X1)                      965024.000 193879504.000 f
  U4655/Y (NAND2X1)                    826944.000 194706448.000 r
  U4656/Y (NAND2X1)                    2141680.000
                                                  196848128.000 f
  U4660/Y (NAND2X1)                    836384.000 197684512.000 r
  U4661/Y (NAND2X1)                    2147856.000
                                                  199832368.000 f
  U4663/Y (NAND2X1)                    842000.000 200674368.000 r
  U4664/Y (NOR2X1)                     959456.000 201633824.000 f
  U4668/Y (OR2X1)                      2420816.000
                                                  204054640.000 f
  U4670/Y (NAND2X1)                    850832.000 204905472.000 r
  U4674/Y (OR2X1)                      5171248.000
                                                  210076720.000 r
  U4678/Y (NAND2X1)                    1004960.000
                                                  211081680.000 f
  U4680/Y (NAND2X1)                    835312.000 211916992.000 r
  U4681/Y (OR2X1)                      5169808.000
                                                  217086800.000 r
  U4685/Y (NAND2X1)                    1004960.000
                                                  218091760.000 f
  U4687/Y (NAND2X1)                    835312.000 218927072.000 r
  U4688/Y (OR2X1)                      5169984.000
                                                  224097056.000 r
  U4692/Y (NAND2X1)                    1004960.000
                                                  225102016.000 f
  U4694/Y (NAND2X1)                    835312.000 225937328.000 r
  U4698/Y (OR2X1)                      5169984.000
                                                  231107312.000 r
  U4702/Y (NAND2X1)                    1004960.000
                                                  232112272.000 f
  U4704/Y (NAND2X1)                    1270864.000
                                                  233383136.000 r
  U4705/Y (INVX1)                      1242112.000
                                                  234625248.000 f
  U4706/Y (OR2X1)                      2431552.000
                                                  237056800.000 f
  U508/Y (NAND2X1)                     851152.000 237907952.000 r
  U572/Y (NOR2X1)                      959568.000 238867520.000 f
  U571/Y (OR2X1)                       2420928.000
                                                  241288448.000 f
  U4730/Y (NAND2X1)                    1626304.000
                                                  242914752.000 r
  U4731/Y (INVX1)                      1241728.000
                                                  244156480.000 f
  U4732/Y (NOR2X1)                     1070752.000
                                                  245227232.000 r
  U4743/Y (NAND2X1)                    1991536.000
                                                  247218768.000 f
  U4744/Y (NAND2X1)                    1159984.000
                                                  248378752.000 r
  out[0] (out)                            0.000   248378752.000 r
  data arrival time                               248378752.000

  clock clk (rise edge)                250000000.000
                                                  250000000.000
  clock network delay (ideal)             0.000   250000000.000
  output external delay                   0.000   250000000.000
  data required time                              250000000.000
  -----------------------------------------------------------
  data required time                              250000000.000
  data arrival time                               -248378752.000
  -----------------------------------------------------------
  slack (MET)                                     1621248.000


1
