 
****************************************
Report : timing
        -path full
        -delay max
        -max_paths 1
Design : top
Version: S-2021.06-SP2
Date   : Tue Nov 29 17:30:26 2022
****************************************

Operating Conditions: TT   Library: PPDK_Standard_Library_0.8V_25C_TYP_X1
Wire Load Model Mode: top

  Startpoint: inp[44] (input port clocked by clk)
  Endpoint: out[0] (output port clocked by clk)
  Path Group: clk
  Path Type: max

  Point                                    Incr       Path
  -----------------------------------------------------------
  clock clk (rise edge)                   0.000      0.000
  clock network delay (ideal)             0.000      0.000
  input external delay                    0.000      0.000 r
  inp[44] (in)                            0.000      0.000 r
  U2010/Y (XOR2X1)                     5834343.000
                                                  5834343.000 f
  U609/Y (NOR2X1)                      1090673.000
                                                  6925016.000 r
  U2631/Y (OR2X1)                      4383188.000
                                                  11308204.000 r
  U303/Y (XNOR2X1)                     6763808.000
                                                  18072012.000 r
  U304/Y (INVX1)                       1045794.000
                                                  19117806.000 f
  U787/Y (XNOR2X1)                     4713472.000
                                                  23831278.000 r
  U788/Y (INVX1)                       1100174.000
                                                  24931452.000 f
  U746/Y (NAND2X1)                     1255134.000
                                                  26186586.000 r
  U1089/Y (INVX1)                      1242898.000
                                                  27429484.000 f
  U2648/Y (OR2X1)                      2437966.000
                                                  29867450.000 f
  U767/Y (XNOR2X1)                     6972850.000
                                                  36840300.000 f
  U768/Y (INVX1)                       -1289892.000
                                                  35550408.000 r
  U2650/Y (NAND2X1)                    1202680.000
                                                  36753088.000 f
  U2651/Y (INVX1)                      -689952.000
                                                  36063136.000 r
  U2652/Y (OR2X1)                      1784620.000
                                                  37847756.000 r
  U765/Y (XNOR2X1)                     6876140.000
                                                  44723896.000 r
  U766/Y (INVX1)                       1048272.000
                                                  45772168.000 f
  U2655/Y (NAND2X1)                    1255140.000
                                                  47027308.000 r
  U2656/Y (INVX1)                      1242868.000
                                                  48270176.000 f
  U2657/Y (OR2X1)                      2437976.000
                                                  50708152.000 f
  U2661/Y (XOR2X1)                     6383516.000
                                                  57091668.000 r
  U675/Y (OR2X1)                       7319128.000
                                                  64410796.000 r
  U2682/Y (NAND2X1)                    1724496.000
                                                  66135292.000 f
  U2683/Y (NAND2X1)                    1625548.000
                                                  67760840.000 r
  U2684/Y (NAND2X1)                    1071432.000
                                                  68832272.000 f
  U2685/Y (NAND2X1)                    1625552.000
                                                  70457824.000 r
  U2722/Y (NAND2X1)                    1071432.000
                                                  71529256.000 f
  U2723/Y (NAND2X1)                    1172056.000
                                                  72701312.000 r
  U2725/Y (XNOR2X1)                    7194840.000
                                                  79896152.000 r
  U2726/Y (NAND2X1)                    2158288.000
                                                  82054440.000 f
  U816/Y (AND2X1)                      2854208.000
                                                  84908648.000 f
  U1127/Y (XNOR2X1)                    7431160.000
                                                  92339808.000 f
  U1128/Y (INVX1)                      -1273048.000
                                                  91066760.000 r
  U2969/Y (XOR2X1)                     5458456.000
                                                  96525216.000 f
  U2970/Y (XOR2X1)                     6276456.000
                                                  102801672.000 r
  U2971/Y (INVX1)                      1382624.000
                                                  104184296.000 f
  U2972/Y (XOR2X1)                     6270048.000
                                                  110454344.000 r
  U2973/Y (NAND2X1)                    2659328.000
                                                  113113672.000 f
  U2975/Y (NAND2X1)                    1271064.000
                                                  114384736.000 r
  U2979/Y (INVX1)                      1244448.000
                                                  115629184.000 f
  U2980/Y (NAND2X1)                    1161968.000
                                                  116791152.000 r
  U2981/Y (NAND2X1)                    2206144.000
                                                  118997296.000 f
  U2982/Y (NAND2X1)                    1182712.000
                                                  120180008.000 r
  U2985/Y (NOR2X1)                     959696.000 121139704.000 f
  U2987/Y (OR2X1)                      2415056.000
                                                  123554760.000 f
  U2988/Y (NAND2X1)                    1184632.000
                                                  124739392.000 r
  U2990/Y (NOR2X1)                     959512.000 125698904.000 f
  U2992/Y (OR2X1)                      2420912.000
                                                  128119816.000 f
  U2993/Y (NAND2X1)                    1184632.000
                                                  129304448.000 r
  U2998/Y (OR2X1)                      5136384.000
                                                  134440832.000 r
  U2999/Y (NAND2X1)                    1361008.000
                                                  135801840.000 f
  U3000/Y (NAND2X1)                    1177200.000
                                                  136979040.000 r
  U3005/Y (XOR2X1)                     5903824.000
                                                  142882864.000 f
  U3008/Y (NAND2X1)                    883904.000 143766768.000 r
  U3056/Y (NAND2X1)                    1043712.000
                                                  144810480.000 f
  U3060/Y (NAND2X1)                    835584.000 145646064.000 r
  U3061/Y (NAND2X1)                    2144288.000
                                                  147790352.000 f
  U546/Y (AND2X1)                      2309472.000
                                                  150099824.000 f
  U547/Y (INVX1)                       -1212832.000
                                                  148886992.000 r
  U3813/Y (NAND2X1)                    1005520.000
                                                  149892512.000 f
  U3815/Y (NAND2X1)                    1270928.000
                                                  151163440.000 r
  U3816/Y (INVX1)                      1243280.000
                                                  152406720.000 f
  U3817/Y (NAND2X1)                    1161952.000
                                                  153568672.000 r
  U3818/Y (NAND2X1)                    2206352.000
                                                  155775024.000 f
  U3821/Y (NAND2X1)                    836288.000 156611312.000 r
  U3830/Y (AND2X1)                     -801152.000
                                                  155810160.000 r
  U750/Y (OR2X1)                       7033440.000
                                                  162843600.000 r
  U3840/Y (NAND2X1)                    1021504.000
                                                  163865104.000 f
  U3843/Y (NAND2X1)                    832208.000 164697312.000 r
  U3852/Y (NAND2X1)                    1048608.000
                                                  165745920.000 f
  U3855/Y (NAND2X1)                    836304.000 166582224.000 r
  U3864/Y (NAND2X1)                    1048608.000
                                                  167630832.000 f
  U3867/Y (NAND2X1)                    841936.000 168472768.000 r
  U3876/Y (NAND2X1)                    1048896.000
                                                  169521664.000 f
  U3880/Y (NAND2X1)                    836368.000 170358032.000 r
  U3881/Y (NAND2X1)                    2150352.000
                                                  172508384.000 f
  U569/Y (AND2X1)                      2863296.000
                                                  175371680.000 f
  U3883/Y (NAND2X1)                    1168848.000
                                                  176540528.000 r
  U3884/Y (NAND2X1)                    1466368.000
                                                  178006896.000 f
  U3977/Y (NAND2X1)                    1270096.000
                                                  179276992.000 r
  U3978/Y (INVX1)                      1242928.000
                                                  180519920.000 f
  U3979/Y (NOR2X1)                     1535952.000
                                                  182055872.000 r
  U3980/Y (INVX1)                      1053120.000
                                                  183108992.000 f
  U3990/Y (NAND2X1)                    807296.000 183916288.000 r
  U3994/Y (NAND2X1)                    1048608.000
                                                  184964896.000 f
  U4003/Y (NAND2X1)                    836304.000 185801200.000 r
  U4006/Y (NAND2X1)                    1048608.000
                                                  186849808.000 f
  U4015/Y (NAND2X1)                    836304.000 187686112.000 r
  U4018/Y (NAND2X1)                    1048608.000
                                                  188734720.000 f
  U4027/Y (NAND2X1)                    836304.000 189571024.000 r
  U4030/Y (NAND2X1)                    1048608.000
                                                  190619632.000 f
  U4039/Y (NAND2X1)                    836304.000 191455936.000 r
  U4042/Y (NAND2X1)                    1048608.000
                                                  192504544.000 f
  U4044/Y (NAND2X1)                    836304.000 193340848.000 r
  U4046/Y (NAND2X1)                    1249488.000
                                                  194590336.000 f
  U4048/Y (INVX1)                      -696144.000
                                                  193894192.000 r
  U4057/Y (NAND2X1)                    1452048.000
                                                  195346240.000 f
  U4059/Y (NAND2X1)                    845424.000 196191664.000 r
  U4060/Y (OR2X1)                      5137216.000
                                                  201328880.000 r
  U4069/Y (NAND2X1)                    1004960.000
                                                  202333840.000 f
  U4071/Y (NAND2X1)                    835312.000 203169152.000 r
  U751/Y (OR2X1)                       5169648.000
                                                  208338800.000 r
  U4075/Y (NAND2X1)                    1004960.000
                                                  209343760.000 f
  U4077/Y (NAND2X1)                    835312.000 210179072.000 r
  U752/Y (OR2X1)                       5169984.000
                                                  215349056.000 r
  U4085/Y (NAND2X1)                    1004960.000
                                                  216354016.000 f
  U4086/Y (NAND2X1)                    1270864.000
                                                  217624880.000 r
  U4087/Y (INVX1)                      1242096.000
                                                  218866976.000 f
  U4092/Y (NAND2X1)                    807232.000 219674208.000 r
  U4096/Y (NAND2X1)                    1052224.000
                                                  220726432.000 f
  U4098/Y (NAND2X1)                    842480.000 221568912.000 r
  U4099/Y (OR2X1)                      5140256.000
                                                  226709168.000 r
  U4103/Y (NAND2X1)                    1004960.000
                                                  227714128.000 f
  U4105/Y (NAND2X1)                    835312.000 228549440.000 r
  U1185/Y (OR2X1)                      5170480.000
                                                  233719920.000 r
  U4112/Y (NAND2X1)                    1004960.000
                                                  234724880.000 f
  U4113/Y (NAND2X1)                    1170848.000
                                                  235895728.000 r
  U4125/Y (NAND2X1)                    2167040.000
                                                  238062768.000 f
  U4126/Y (NAND2X1)                    1171744.000
                                                  239234512.000 r
  U1186/Y (NOR2X1)                     959568.000 240194080.000 f
  U4127/Y (OR2X1)                      2420912.000
                                                  242614992.000 f
  U4129/Y (NAND2X1)                    1277984.000
                                                  243892976.000 r
  U4130/Y (INVX1)                      1243280.000
                                                  245136256.000 f
  U4131/Y (NOR2X1)                     1070752.000
                                                  246207008.000 r
  U4142/Y (NAND2X1)                    1991536.000
                                                  248198544.000 f
  U4143/Y (NAND2X1)                    1159984.000
                                                  249358528.000 r
  out[0] (out)                            0.000   249358528.000 r
  data arrival time                               249358528.000

  clock clk (rise edge)                250000000.000
                                                  250000000.000
  clock network delay (ideal)             0.000   250000000.000
  output external delay                   0.000   250000000.000
  data required time                              250000000.000
  -----------------------------------------------------------
  data required time                              250000000.000
  data arrival time                               -249358528.000
  -----------------------------------------------------------
  slack (MET)                                     641472.000


1
