****************************************
Report : timing
	-path_type full
	-delay_type max
	-max_paths 1
	-sort_by slack
Design : top
Version: S-2021.06-SP1
Date   : Tue Nov 29 14:18:54 2022
****************************************


  Startpoint: inp[2] (input port clocked by clk)
  Endpoint: out[0] (output port clocked by clk)
  Path Group: clk
  Path Type: max

  Point                                    Incr       Path
  ---------------------------------------------------------------
  clock clk (rise edge)                   0.000      0.000
  clock network delay (ideal)             0.000      0.000
  input external delay                    0.000      0.000 f
  inp[2] (in)                             0.000      0.000 f
  U1045/Y (INVX1)                      582656.000 582656.000 r
  U705/Y (AND2X1)                      2201184.000
                                                  2783840.000 r
  U272/Y (AND2X1)                      2181456.000
                                                  4965296.000 r
  U273/Y (INVX1)                       713536.000 5678832.000 f
  U1231/Y (NAND2X1)                    1752768.000
                                                  7431600.000 r
  U1233/Y (INVX1)                      1216704.000
                                                  8648304.000 f
  U1234/Y (NAND2X1)                    919472.000 9567776.000 r
  U1235/Y (NAND2X1)                    1128416.000
                                                  10696192.000 f
  U1236/Y (OR2X1)                      2092080.000
                                                  12788272.000 f
  U1276/Y (AND2X1)                     2246784.000
                                                  15035056.000 f
  U1277/Y (XOR2X1)                     5952992.000
                                                  20988048.000 r
  U1422/Y (NAND2X1)                    1236528.000
                                                  22224576.000 f
  U675/Y (INVX1)                       221392.000 22445968.000 r
  U676/Y (INVX1)                       646464.000 23092432.000 f
  U1423/Y (NAND2X1)                    1291808.000
                                                  24384240.000 r
  U1424/Y (XOR2X1)                     4329184.000
                                                  28713424.000 f
  U1425/Y (OR2X1)                      2061120.000
                                                  30774544.000 f
  U1426/Y (NAND2X1)                    1420992.000
                                                  32195536.000 r
  U695/Y (AND2X1)                      1789792.000
                                                  33985328.000 r
  U696/Y (INVX1)                       719312.000 34704640.000 f
  U1430/Y (OR2X1)                      2115216.000
                                                  36819856.000 f
  U1433/Y (NAND2X1)                    870736.000 37690592.000 r
  U1435/Y (NAND2X1)                    930384.000 38620976.000 f
  U1436/Y (NAND2X1)                    1399520.000
                                                  40020496.000 r
  U559/Y (AND2X1)                      1795392.000
                                                  41815888.000 r
  U560/Y (INVX1)                       715456.000 42531344.000 f
  U1441/Y (NAND2X1)                    924544.000 43455888.000 r
  U1443/Y (OR2X1)                      2561664.000
                                                  46017552.000 r
  U1444/Y (NAND2X1)                    801408.000 46818960.000 f
  U1447/Y (NAND2X1)                    1336848.000
                                                  48155808.000 r
  U460/Y (INVX1)                       1104816.000
                                                  49260624.000 f
  U461/Y (INVX1)                       464384.000 49725008.000 r
  U1448/Y (NOR2X1)                     524064.000 50249072.000 f
  U420/Y (AND2X1)                      2044560.000
                                                  52293632.000 f
  U421/Y (INVX1)                       -1150688.000
                                                  51142944.000 r
  U1459/Y (NAND2X1)                    1216848.000
                                                  52359792.000 f
  U469/Y (INVX1)                       234848.000 52594640.000 r
  U470/Y (INVX1)                       666320.000 53260960.000 f
  U811/Y (INVX1)                       489280.000 53750240.000 r
  U264/Y (AND2X1)                      1876976.000
                                                  55627216.000 r
  U265/Y (INVX1)                       729808.000 56357024.000 f
  U2017/Y (NAND2X1)                    1302448.000
                                                  57659472.000 r
  U2026/Y (NAND2X1)                    1129736.000
                                                  58789208.000 f
  U2027/Y (NAND2X1)                    1752608.000
                                                  60541816.000 r
  U2029/Y (INVX1)                      1100840.000
                                                  61642656.000 f
  U2030/Y (NAND2X1)                    924992.000 62567648.000 r
  U2037/Y (NAND2X1)                    1127024.000
                                                  63694672.000 f
  U2038/Y (NAND2X1)                    1752616.000
                                                  65447288.000 r
  U2040/Y (INVX1)                      1101376.000
                                                  66548664.000 f
  U2041/Y (NAND2X1)                    924976.000 67473640.000 r
  U2042/Y (NAND2X1)                    1128520.000
                                                  68602160.000 f
  U734/Y (XNOR2X1)                     6627584.000
                                                  75229744.000 f
  U2216/Y (NAND2X1)                    864584.000 76094328.000 r
  U2284/Y (NAND2X1)                    1154856.000
                                                  77249184.000 f
  U2285/Y (NAND2X1)                    1752608.000
                                                  79001792.000 r
  U2286/Y (INVX1)                      1095840.000
                                                  80097632.000 f
  U2287/Y (NAND2X1)                    1290280.000
                                                  81387912.000 r
  U2288/Y (NAND2X1)                    1126568.000
                                                  82514480.000 f
  U2290/Y (NAND2X1)                    1342768.000
                                                  83857248.000 r
  U2297/Y (INVX1)                      1096504.000
                                                  84953752.000 f
  U2298/Y (NAND2X1)                    1290272.000
                                                  86244024.000 r
  U2299/Y (NAND2X1)                    1126600.000
                                                  87370624.000 f
  U2300/Y (NAND2X1)                    1399352.000
                                                  88769976.000 r
  U2302/Y (OR2X1)                      2580616.000
                                                  91350592.000 r
  U2305/Y (NAND2X1)                    801208.000 92151800.000 f
  U2306/Y (XOR2X1)                     5311792.000
                                                  97463592.000 r
  U569/Y (AND2X1)                      2174704.000
                                                  99638296.000 r
  U570/Y (INVX1)                       715520.000 100353816.000 f
  U2331/Y (NAND2X1)                    1285608.000
                                                  101639424.000 r
  U2333/Y (NAND2X1)                    848296.000 102487720.000 f
  U2334/Y (NAND2X1)                    1379992.000
                                                  103867712.000 r
  U516/Y (AND2X1)                      1811680.000
                                                  105679392.000 r
  U230/Y (AND2X1)                      2181120.000
                                                  107860512.000 r
  U231/Y (INVX1)                       713432.000 108573944.000 f
  U430/Y (AND2X1)                      2034872.000
                                                  110608816.000 f
  U431/Y (INVX1)                       -217592.000
                                                  110391224.000 r
  U2518/Y (NOR2X1)                     152264.000 110543488.000 f
  U2520/Y (NOR2X1)                     1190192.000
                                                  111733680.000 r
  U2522/Y (NAND2X1)                    839384.000 112573064.000 f
  U2524/Y (NAND2X1)                    1342760.000
                                                  113915824.000 r
  U2525/Y (INVX1)                      1107128.000
                                                  115022952.000 f
  U2526/Y (NAND2X1)                    1284264.000
                                                  116307216.000 r
  U2530/Y (NAND2X1)                    848072.000 117155288.000 f
  U2532/Y (NAND2X1)                    1341920.000
                                                  118497208.000 r
  U2533/Y (INVX1)                      1096168.000
                                                  119593376.000 f
  U2534/Y (NAND2X1)                    919320.000 120512696.000 r
  U2539/Y (NAND2X1)                    848104.000 121360800.000 f
  U2541/Y (NAND2X1)                    885512.000 122246312.000 r
  U2542/Y (OR2X1)                      2606328.000
                                                  124852640.000 r
  U2546/Y (NAND2X1)                    804864.000 125657504.000 f
  U2548/Y (NAND2X1)                    1341840.000
                                                  126999344.000 r
  U2549/Y (INVX1)                      1116472.000
                                                  128115816.000 f
  U2552/Y (NAND2X1)                    1284232.000
                                                  129400048.000 r
  U2555/Y (NAND2X1)                    1126032.000
                                                  130526080.000 f
  U2558/Y (NAND2X1)                    1342784.000
                                                  131868864.000 r
  U2559/Y (INVX1)                      1116480.000
                                                  132985344.000 f
  U2560/Y (NAND2X1)                    1284224.000
                                                  134269568.000 r
  U270/Y (AND2X1)                      1819088.000
                                                  136088656.000 r
  U271/Y (INVX1)                       710336.000 136798992.000 f
  U529/Y (AND2X1)                      2034880.000
                                                  138833872.000 f
  U458/Y (INVX1)                       -327024.000
                                                  138506848.000 r
  U2564/Y (INVX1)                      667408.000 139174256.000 f
  U530/Y (INVX1)                       481168.000 139655424.000 r
  U2568/Y (NAND2X1)                    1055312.000
                                                  140710736.000 f
  U366/Y (AND2X1)                      2044224.000
                                                  142754960.000 f
  U367/Y (INVX1)                       -294928.000
                                                  142460032.000 r
  U2574/Y (NOR2X1)                     152128.000 142612160.000 f
  U2578/Y (NOR2X1)                     1190208.000
                                                  143802368.000 r
  U2582/Y (NAND2X1)                    834352.000 144636720.000 f
  U2584/Y (NAND2X1)                    1341744.000
                                                  145978464.000 r
  U2585/Y (INVX1)                      1116112.000
                                                  147094576.000 f
  U2591/Y (NAND2X1)                    919344.000 148013920.000 r
  U2595/Y (NAND2X1)                    848096.000 148862016.000 f
  U2597/Y (NAND2X1)                    885200.000 149747216.000 r
  U2598/Y (OR2X1)                      2606848.000
                                                  152354064.000 r
  U2602/Y (NAND2X1)                    804768.000 153158832.000 f
  U2604/Y (NAND2X1)                    885296.000 154044128.000 r
  U2609/Y (OR2X1)                      2607584.000
                                                  156651712.000 r
  U2613/Y (NAND2X1)                    804768.000 157456480.000 f
  U2615/Y (NAND2X1)                    885280.000 158341760.000 r
  U2619/Y (NOR2X1)                     -291008.000
                                                  158050752.000 f
  U2621/Y (NOR2X1)                     1195552.000
                                                  159246304.000 r
  U2622/Y (NAND2X1)                    834432.000 160080736.000 f
  U2624/Y (NAND2X1)                    886880.000 160967616.000 r
  U2629/Y (OR2X1)                      2582144.000
                                                  163549760.000 r
  U459/Y (AND2X1)                      2229312.000
                                                  165779072.000 r
  U2658/Y (AND2X1)                     2434928.000
                                                  168214000.000 r
  U2661/Y (NOR2X1)                     333280.000 168547280.000 f
  U2664/Y (NAND2X1)                    888224.000 169435504.000 r
  U2676/Y (NAND2X1)                    864608.000 170300112.000 f
  U2677/Y (OR2X1)                      2087648.000
                                                  172387760.000 f
  U2681/Y (NAND2X1)                    872144.000 173259904.000 r
  U2683/Y (NAND2X1)                    866000.000 174125904.000 f
  U2684/Y (NAND2X1)                    1400352.000
                                                  175526256.000 r
  U2686/Y (NAND2X1)                    866912.000 176393168.000 f
  U2687/Y (NAND2X1)                    1400096.000
                                                  177793264.000 r
  U2689/Y (NAND2X1)                    866864.000 178660128.000 f
  U2690/Y (NAND2X1)                    1400080.000
                                                  180060208.000 r
  U2691/Y (NAND2X1)                    1157120.000
                                                  181217328.000 f
  U2693/Y (OR2X1)                      2087664.000
                                                  183304992.000 f
  U2695/Y (NAND2X1)                    871936.000 184176928.000 r
  U797/Y (AND2X1)                      1809824.000
                                                  185986752.000 r
  U328/Y (AND2X1)                      2180992.000
                                                  188167744.000 r
  U329/Y (INVX1)                       713472.000 188881216.000 f
  U2703/Y (NAND2X1)                    918864.000 189800080.000 r
  U2708/Y (NAND2X1)                    866032.000 190666112.000 f
  out[0] (out)                            0.000   190666112.000 f
  data arrival time                               190666112.000

  clock clk (rise edge)                250000000.000
                                                  250000000.000
  clock network delay (ideal)             0.000   250000000.000
  clock reconvergence pessimism           0.000   250000000.000
  output external delay                   0.000   250000000.000
  data required time                              250000000.000
  ---------------------------------------------------------------
  data required time                              250000000.000
  data arrival time                               -190666112.000
  ---------------------------------------------------------------
  slack (MET)                                     59333888.000


1
