Information: Updating design information... (UID-85)
 
****************************************
Report : qor
Design : top
Version: S-2021.06-SP2
Date   : Tue Nov 29 16:57:13 2022
****************************************


  Timing Path Group 'clk'
  -----------------------------------
  Levels of Logic:             158.00
  Critical Path Length:  248621648.00
  Critical Path Slack:     1378352.00
  Critical Path Clk Period:
                         250000000.00
  Total Negative Slack:          0.00
  No. of Violating Paths:        0.00
  Worst Hold Violation:          0.00
  Total Hold Violation:          0.00
  No. of Hold Violations:        0.00
  -----------------------------------


  Cell Count
  -----------------------------------
  Hierarchical Cell Count:          0
  Hierarchical Port Count:          0
  Leaf Cell Count:               4135
  Buf/Inv Cell Count:             904
  Buf Cell Count:                   0
  Inv Cell Count:                 904
  CT Buf/Inv Cell Count:            0
  Combinational Cell Count:      4135
  Sequential Cell Count:            0
  Macro Count:                      0
  -----------------------------------


  Area
  -----------------------------------
  Combinational Area:
                    1689886991.000000
  Noncombinational Area:     0.000000
  Buf/Inv Area:      206491680.000000
  Total Buffer Area:             0.00
  Total Inverter Area:   206491680.00
  Macro/Black Box Area:      0.000000
  Net Area:                  0.000000
  -----------------------------------
  Cell Area:        1689886991.000000
  Design Area:      1689886991.000000


  Design Rules
  -----------------------------------
  Total Number of Nets:          4199
  Nets With Violations:          4135
  Max Trans Violations:          4135
  Max Cap Violations:               0
  -----------------------------------


  Hostname: leoforos

  Compile CPU Statistics
  -----------------------------------------
  Resource Sharing:                    1.87
  Logic Optimization:                  0.22
  Mapping Optimization:                3.11
  -----------------------------------------
  Overall Compile Time:               21.57
  Overall Compile Wall Clock Time:    23.01

  --------------------------------------------------------------------

  Design  WNS: 0.00  TNS: 0.00  Number of Violating Paths: 0


  Design (Hold)  WNS: 0.00  TNS: 0.00  Number of Violating Paths: 0

  --------------------------------------------------------------------


1
