Information: Updating design information... (UID-85)
 
****************************************
Report : qor
Design : top
Version: S-2021.06-SP2
Date   : Tue Nov 29 15:22:03 2022
****************************************


  Timing Path Group 'clk'
  -----------------------------------
  Levels of Logic:             150.00
  Critical Path Length:  238331120.00
  Critical Path Slack:    11668880.00
  Critical Path Clk Period:
                         250000000.00
  Total Negative Slack:          0.00
  No. of Violating Paths:        0.00
  Worst Hold Violation:          0.00
  Total Hold Violation:          0.00
  No. of Hold Violations:        0.00
  -----------------------------------


  Cell Count
  -----------------------------------
  Hierarchical Cell Count:          0
  Hierarchical Port Count:          0
  Leaf Cell Count:               3436
  Buf/Inv Cell Count:             804
  Buf Cell Count:                   0
  Inv Cell Count:                 804
  CT Buf/Inv Cell Count:            0
  Combinational Cell Count:      3436
  Sequential Cell Count:            0
  Macro Count:                      0
  -----------------------------------


  Area
  -----------------------------------
  Combinational Area:
                    1384890560.000000
  Noncombinational Area:     0.000000
  Buf/Inv Area:      183649680.000000
  Total Buffer Area:             0.00
  Total Inverter Area:   183649680.00
  Macro/Black Box Area:      0.000000
  Net Area:                  0.000000
  -----------------------------------
  Cell Area:        1384890560.000000
  Design Area:      1384890560.000000


  Design Rules
  -----------------------------------
  Total Number of Nets:          3484
  Nets With Violations:          3436
  Max Trans Violations:          3436
  Max Cap Violations:               0
  -----------------------------------


  Hostname: leoforos

  Compile CPU Statistics
  -----------------------------------------
  Resource Sharing:                    1.63
  Logic Optimization:                  0.18
  Mapping Optimization:                2.79
  -----------------------------------------
  Overall Compile Time:               16.60
  Overall Compile Wall Clock Time:    17.79

  --------------------------------------------------------------------

  Design  WNS: 0.00  TNS: 0.00  Number of Violating Paths: 0


  Design (Hold)  WNS: 0.00  TNS: 0.00  Number of Violating Paths: 0

  --------------------------------------------------------------------


1
