 
****************************************
Report : timing
        -path full
        -delay max
        -max_paths 1
Design : top
Version: S-2021.06-SP2
Date   : Tue Nov 29 15:18:25 2022
****************************************

Operating Conditions: TT   Library: PPDK_Standard_Library_1.0V_25C_TYP_X1
Wire Load Model Mode: top

  Startpoint: inp[45] (input port clocked by clk)
  Endpoint: out[0] (output port clocked by clk)
  Path Group: clk
  Path Type: max

  Point                                    Incr       Path
  -----------------------------------------------------------
  clock clk (rise edge)                   0.000      0.000
  clock network delay (ideal)             0.000      0.000
  input external delay                    0.000      0.000 f
  inp[45] (in)                            0.000      0.000 f
  U230/Y (XOR2X1)                      5588804.500
                                                  5588804.500 r
  U229/Y (XOR2X1)                      4330127.500
                                                  9918932.000 f
  U1429/Y (XOR2X1)                     5732971.000
                                                  15651903.000 r
  U253/Y (AND2X1)                      2175597.000
                                                  17827500.000 r
  U254/Y (INVX1)                       715230.000 18542730.000 f
  U1430/Y (NAND2X1)                    930058.000 19472788.000 r
  U1434/Y (XOR2X1)                     4867936.000
                                                  24340724.000 f
  U994/Y (AND2X1)                      2058180.000
                                                  26398904.000 f
  U995/Y (INVX1)                       -1451038.000
                                                  24947866.000 r
  U1435/Y (NAND2X1)                    803660.000 25751526.000 f
  U1437/Y (XOR2X1)                     5352002.000
                                                  31103528.000 r
  U996/Y (AND2X1)                      1818566.000
                                                  32922094.000 r
  U997/Y (INVX1)                       715898.000 33637992.000 f
  U1478/Y (NAND2X1)                    930052.000 34568044.000 r
  U1498/Y (XOR2X1)                     4267564.000
                                                  38835608.000 f
  U1500/Y (XOR2X1)                     5741244.000
                                                  44576852.000 r
  U1507/Y (XOR2X1)                     4744600.000
                                                  49321452.000 f
  U1765/Y (XOR2X1)                     5733240.000
                                                  55054692.000 r
  U1767/Y (NAND2X1)                    1123240.000
                                                  56177932.000 f
  U1768/Y (NAND2X1)                    1398744.000
                                                  57576676.000 r
  U1778/Y (OR2X1)                      2579164.000
                                                  60155840.000 r
  U883/Y (AND2X1)                      1962944.000
                                                  62118784.000 r
  U881/Y (NOR2X1)                      28444.000  62147228.000 f
  U1787/Y (NOR2X1)                     1197428.000
                                                  63344656.000 r
  U815/Y (AND2X1)                      1837248.000
                                                  65181904.000 r
  U233/Y (INVX1)                       715572.000 65897476.000 f
  U234/Y (AND2X1)                      2041508.000
                                                  67938984.000 f
  U1797/Y (NAND2X1)                    1328920.000
                                                  69267904.000 r
  U1798/Y (NAND2X1)                    1230640.000
                                                  70498544.000 f
  U1123/Y (INVX1)                      323240.000 70821784.000 r
  U686/Y (INVX1)                       697408.000 71519192.000 f
  U618/Y (OR2X1)                       2318912.000
                                                  73838104.000 f
  U619/Y (INVX1)                       -973864.000
                                                  72864240.000 r
  U953/Y (AND2X1)                      1880720.000
                                                  74744960.000 r
  U954/Y (INVX1)                       720296.000 75465256.000 f
  U4277/Y (NAND2X1)                    1285624.000
                                                  76750880.000 r
  U4278/Y (NOR2X1)                     1103664.000
                                                  77854544.000 f
  U4279/Y (INVX1)                      -213896.000
                                                  77640648.000 r
  U4280/Y (XOR2X1)                     4524584.000
                                                  82165232.000 f
  U4281/Y (XOR2X1)                     5084864.000
                                                  87250096.000 r
  U4283/Y (AND2X1)                     898728.000 88148824.000 r
  U4284/Y (NOR2X1)                     15032.000  88163856.000 f
  U4289/Y (XOR2X1)                     5347336.000
                                                  93511192.000 r
  U4340/Y (INVX1)                      1251840.000
                                                  94763032.000 f
  U4341/Y (XOR2X1)                     2904096.000
                                                  97667128.000 f
  U4353/Y (XOR2X1)                     5952456.000
                                                  103619584.000 r
  U4354/Y (INVX1)                      1234776.000
                                                  104854360.000 f
  U4364/Y (XOR2X1)                     2907600.000
                                                  107761960.000 f
  U4384/Y (XOR2X1)                     5963912.000
                                                  113725872.000 r
  U4385/Y (INVX1)                      1252944.000
                                                  114978816.000 f
  U4386/Y (AND2X1)                     2458392.000
                                                  117437208.000 f
  U4387/Y (INVX1)                      -1173024.000
                                                  116264184.000 r
  U4535/Y (NAND2X1)                    1052720.000
                                                  117316904.000 f
  U4536/Y (XOR2X1)                     5344824.000
                                                  122661728.000 r
  U4537/Y (INVX1)                      1250960.000
                                                  123912688.000 f
  U4538/Y (NAND2X1)                    1283936.000
                                                  125196624.000 r
  U4540/Y (NAND2X1)                    848016.000 126044640.000 f
  U4541/Y (NAND2X1)                    1398624.000
                                                  127443264.000 r
  U4542/Y (NOR2X1)                     -319136.000
                                                  127124128.000 f
  U4544/Y (OR2X1)                      2088336.000
                                                  129212464.000 f
  U235/Y (NAND2X1)                     878120.000 130090584.000 r
  U400/Y (AND2X1)                      1794320.000
                                                  131884904.000 r
  U401/Y (INVX1)                       715456.000 132600360.000 f
  U232/Y (NAND2X1)                     1285608.000
                                                  133885968.000 r
  U4587/Y (NAND2X1)                    848288.000 134734256.000 f
  U231/Y (NAND2X1)                     887120.000 135621376.000 r
  U4602/Y (OR2X1)                      2340576.000
                                                  137961952.000 r
  U955/Y (AND2X1)                      1883184.000
                                                  139845136.000 r
  U956/Y (INVX1)                       720224.000 140565360.000 f
  U244/Y (NAND2X1)                     924528.000 141489888.000 r
  U4614/Y (NAND2X1)                    848608.000 142338496.000 f
  U4618/Y (NAND2X1)                    879552.000 143218048.000 r
  U719/Y (NAND2X1)                     1223152.000
                                                  144441200.000 f
  U4627/Y (AND2X1)                     2045872.000
                                                  146487072.000 f
  U4628/Y (INVX1)                      -1535008.000
                                                  144952064.000 r
  U243/Y (NAND2X1)                     1220848.000
                                                  146172912.000 f
  U4632/Y (NOR2X1)                     1194832.000
                                                  147367744.000 r
  U4637/Y (NOR2X1)                     101664.000 147469408.000 f
  U4641/Y (NAND2X1)                    880304.000 148349712.000 r
  U4643/Y (NAND2X1)                    930944.000 149280656.000 f
  U4644/Y (NAND2X1)                    880992.000 150161648.000 r
  U4649/Y (NAND2X1)                    866032.000 151027680.000 f
  U245/Y (NAND2X1)                     1404528.000
                                                  152432208.000 r
  U4653/Y (OR2X1)                      2606912.000
                                                  155039120.000 r
  U4654/Y (NAND2X1)                    797408.000 155836528.000 f
  U4656/Y (NAND2X1)                    1341360.000
                                                  157177888.000 r
  U873/Y (AND2X1)                      1797728.000
                                                  158975616.000 r
  U874/Y (INVX1)                       718304.000 159693920.000 f
  U4667/Y (NAND2X1)                    1291568.000
                                                  160985488.000 r
  U4670/Y (OR2X1)                      2340000.000
                                                  163325488.000 r
  U4673/Y (NAND2X1)                    799232.000 164124720.000 f
  U4675/Y (NAND2X1)                    884512.000 165009232.000 r
  U4676/Y (NOR2X1)                     -321072.000
                                                  164688160.000 f
  U741/Y (OR2X1)                       2088240.000
                                                  166776400.000 f
  U4680/Y (NAND2X1)                    1337936.000
                                                  168114336.000 r
  U4681/Y (INVX1)                      1095872.000
                                                  169210208.000 f
  U4685/Y (NAND2X1)                    919312.000 170129520.000 r
  U4689/Y (NAND2X1)                    849088.000 170978608.000 f
  U4702/Y (NAND2X1)                    879296.000 171857904.000 r
  U4703/Y (NAND2X1)                    867216.000 172725120.000 f
  U4704/Y (NAND2X1)                    1402416.000
                                                  174127536.000 r
  U4710/Y (NAND2X1)                    930976.000 175058512.000 f
  U242/Y (NAND2X1)                     887008.000 175945520.000 r
  U793/Y (AND2X1)                      2142704.000
                                                  178088224.000 r
  U794/Y (INVX1)                       783392.000 178871616.000 f
  U5477/Y (NAND2X1)                    918544.000 179790160.000 r
  U246/Y (NAND2X1)                     1169536.000
                                                  180959696.000 f
  U5479/Y (NOR2X1)                     1197696.000
                                                  182157392.000 r
  U5483/Y (NAND2X1)                    834656.000 182992048.000 f
  U5485/Y (NAND2X1)                    885344.000 183877392.000 r
  U5486/Y (NOR2X1)                     -330832.000
                                                  183546560.000 f
  U744/Y (OR2X1)                       2088240.000
                                                  185634800.000 f
  U5491/Y (NAND2X1)                    878128.000 186512928.000 r
  U5492/Y (OR2X1)                      2607584.000
                                                  189120512.000 r
  U5497/Y (NAND2X1)                    797408.000 189917920.000 f
  U5499/Y (NAND2X1)                    885456.000 190803376.000 r
  U5500/Y (OR2X1)                      2605552.000
                                                  193408928.000 r
  U5504/Y (NAND2X1)                    797408.000 194206336.000 f
  U5506/Y (NAND2X1)                    885376.000 195091712.000 r
  U5511/Y (NOR2X1)                     -330624.000
                                                  194761088.000 f
  U5516/Y (OR2X1)                      2091360.000
                                                  196852448.000 f
  U5529/Y (NAND2X1)                    872096.000 197724544.000 r
  U5530/Y (NAND2X1)                    866080.000 198590624.000 f
  U5531/Y (NAND2X1)                    1403952.000
                                                  199994576.000 r
  U5532/Y (OR2X1)                      2605552.000
                                                  202600128.000 r
  U5536/Y (NAND2X1)                    797424.000 203397552.000 f
  U5538/Y (NAND2X1)                    1341872.000
                                                  204739424.000 r
  U329/Y (AND2X1)                      1797728.000
                                                  206537152.000 r
  U330/Y (INVX1)                       718480.000 207255632.000 f
  U5550/Y (NAND2X1)                    1291568.000
                                                  208547200.000 r
  U343/Y (AND2X1)                      1818368.000
                                                  210365568.000 r
  U344/Y (INVX1)                       707104.000 211072672.000 f
  U5554/Y (NAND2X1)                    918848.000 211991520.000 r
  U237/Y (NAND2X1)                     931728.000 212923248.000 f
  U5564/Y (AND2X1)                     2241104.000
                                                  215164352.000 f
  U5567/Y (NOR2X1)                     1218896.000
                                                  216383248.000 r
  U5568/Y (NOR2X1)                     1023440.000
                                                  217406688.000 f
  U5569/Y (INVX1)                      -292816.000
                                                  217113872.000 r
  U5900/Y (NAND2X1)                    800944.000 217914816.000 f
  U5902/Y (NAND2X1)                    887088.000 218801904.000 r
  U709/Y (NOR2X1)                      -330512.000
                                                  218471392.000 f
  U707/Y (NOR2X1)                      1629136.000
                                                  220100528.000 r
  U708/Y (INVX1)                       1000320.000
                                                  221100848.000 f
  U239/Y (NAND2X1)                     924880.000 222025728.000 r
  U238/Y (AND2X1)                      1807824.000
                                                  223833552.000 r
  U5916/Y (NOR2X1)                     83376.000  223916928.000 f
  U5917/Y (NAND2X1)                    1396400.000
                                                  225313328.000 r
  U5921/Y (NAND2X1)                    930944.000 226244272.000 f
  U5935/Y (NAND2X1)                    1395328.000
                                                  227639600.000 r
  U5936/Y (NAND2X1)                    1154880.000
                                                  228794480.000 f
  U5937/Y (NAND2X1)                    1752576.000
                                                  230547056.000 r
  U5950/Y (AND2X1)                     1797808.000
                                                  232344864.000 r
  U5951/Y (INVX1)                      718480.000 233063344.000 f
  U5952/Y (NAND2X1)                    1291568.000
                                                  234354912.000 r
  U5957/Y (OR2X1)                      2340000.000
                                                  236694912.000 r
  U5961/Y (NAND2X1)                    800880.000 237495792.000 f
  U5973/Y (AND2X1)                     2046048.000
                                                  239541840.000 f
  U5974/Y (INVX1)                      -1307808.000
                                                  238234032.000 r
  U5975/Y (NAND2X1)                    1049920.000
                                                  239283952.000 f
  U5976/Y (NAND2X1)                    1752608.000
                                                  241036560.000 r
  U323/Y (AND2X1)                      1795696.000
                                                  242832256.000 r
  U324/Y (INVX1)                       717056.000 243549312.000 f
  U5984/Y (NAND2X1)                    1758736.000
                                                  245308048.000 r
  U5986/Y (INVX1)                      1225968.000
                                                  246534016.000 f
  U5991/Y (NAND2X1)                    914832.000 247448848.000 r
  U5993/Y (NAND2X1)                    866752.000 248315600.000 f
  U5998/Y (NAND2X1)                    875296.000 249190896.000 r
  out[0] (out)                            0.000   249190896.000 r
  data arrival time                               249190896.000

  clock clk (rise edge)                250000000.000
                                                  250000000.000
  clock network delay (ideal)             0.000   250000000.000
  output external delay                   0.000   250000000.000
  data required time                              250000000.000
  -----------------------------------------------------------
  data required time                              250000000.000
  data arrival time                               -249190896.000
  -----------------------------------------------------------
  slack (MET)                                     809104.000


1
