 
****************************************
Report : timing
        -path full
        -delay max
        -max_paths 1
Design : top
Version: S-2021.06-SP2
Date   : Sun Dec  4 23:07:23 2022
****************************************

Operating Conditions: TT   Library: PPDK_Standard_Library_0.6V_25C_TYP_X1
Wire Load Model Mode: top

  Startpoint: inp[7] (input port clocked by clk)
  Endpoint: out[0] (output port clocked by clk)
  Path Group: clk
  Path Type: max

  Point                                    Incr       Path
  -----------------------------------------------------------
  clock clk (rise edge)                   0.000      0.000
  clock network delay (ideal)             0.000      0.000
  input external delay                    0.000      0.000 r
  inp[7] (in)                             0.000      0.000 r
  U216/Y (AND2X1)                      3085988.000
                                                  3085988.000 r
  U217/Y (INVX1)                       1072523.000
                                                  4158511.000 f
  U296/Y (NAND2X1)                     674366.000 4832877.000 r
  U297/Y (NAND2X1)                     2596498.000
                                                  7429375.000 f
  U300/Y (INVX1)                       -659184.500
                                                  6770190.500 r
  U111/Y (AND2X1)                      2964513.500
                                                  9734704.000 r
  U112/Y (INVX1)                       1059772.000
                                                  10794476.000 f
  U301/Y (NAND2X1)                     958454.000 11752930.000 r
  U221/Y (XNOR2X1)                     8132392.000
                                                  19885322.000 r
  U220/Y (INVX1)                       1531262.000
                                                  21416584.000 f
  U75/Y (NAND2X1)                      678982.000 22095566.000 r
  U308/Y (NAND2X1)                     2661698.000
                                                  24757264.000 f
  U204/Y (AND2X1)                      3546992.000
                                                  28304256.000 f
  U320/Y (NAND2X1)                     826118.000 29130374.000 r
  U321/Y (NAND2X1)                     1465952.000
                                                  30596326.000 f
  U322/Y (NAND2X1)                     1277888.000
                                                  31874214.000 r
  U328/Y (INVX1)                       1464544.000
                                                  33338758.000 f
  U329/Y (NAND2X1)                     957446.000 34296204.000 r
  U358/Y (AND2X1)                      4249928.000
                                                  38546132.000 r
  U194/Y (XNOR2X1)                     8151172.000
                                                  46697304.000 r
  U195/Y (INVX1)                       1469244.000
                                                  48166548.000 f
  U359/Y (NAND2X1)                     673812.000 48840360.000 r
  U360/Y (NAND2X1)                     1902876.000
                                                  50743236.000 f
  U361/Y (INVX1)                       -647836.000
                                                  50095400.000 r
  U236/Y (XNOR2X1)                     8160016.000
                                                  58255416.000 r
  U235/Y (INVX1)                       1458872.000
                                                  59714288.000 f
  U238/Y (XNOR2X1)                     8734536.000
                                                  68448824.000 f
  U237/Y (INVX1)                       -669328.000
                                                  67779496.000 r
  U362/Y (NAND2X1)                     1524008.000
                                                  69303504.000 f
  U366/Y (NAND2X1)                     619080.000 69922584.000 r
  U367/Y (NOR2X1)                      1305344.000
                                                  71227928.000 f
  U376/Y (NOR2X1)                      969128.000 72197056.000 r
  U379/Y (NAND2X1)                     1495016.000
                                                  73692072.000 f
  U382/Y (NAND2X1)                     630824.000 74322896.000 r
  U214/Y (AND2X1)                      2198064.000
                                                  76520960.000 r
  U389/Y (NAND2X1)                     1465632.000
                                                  77986592.000 f
  U127/Y (AND2X1)                      3539096.000
                                                  81525688.000 f
  U128/Y (INVX1)                       -560368.000
                                                  80965320.000 r
  U390/Y (NAND2X1)                     1523736.000
                                                  82489056.000 f
  U154/Y (AND2X1)                      3544728.000
                                                  86033784.000 f
  U155/Y (INVX1)                       -571152.000
                                                  85462632.000 r
  U393/Y (NAND2X1)                     2263800.000
                                                  87726432.000 f
  U395/Y (NAND2X1)                     618952.000 88345384.000 r
  U396/Y (NOR2X1)                      1302064.000
                                                  89647448.000 f
  U398/Y (NOR2X1)                      969144.000 90616592.000 r
  U399/Y (NOR2X1)                      1320064.000
                                                  91936656.000 f
  out[0] (out)                            0.000   91936656.000 f
  data arrival time                               91936656.000

  clock clk (rise edge)                200000000.000
                                                  200000000.000
  clock network delay (ideal)             0.000   200000000.000
  output external delay                   0.000   200000000.000
  data required time                              200000000.000
  -----------------------------------------------------------
  data required time                              200000000.000
  data arrival time                               -91936656.000
  -----------------------------------------------------------
  slack (MET)                                     108063344.000


1
