****************************************
Report : timing
	-path_type full
	-delay_type max
	-max_paths 1
	-sort_by slack
Design : top
Version: S-2021.06-SP1
Date   : Fri Dec 16 13:27:27 2022
****************************************


  Startpoint: inp[28] (input port clocked by clk)
  Endpoint: out[0] (output port clocked by clk)
  Path Group: clk
  Path Type: max

  Point                                    Incr       Path
  ---------------------------------------------------------------
  clock clk (rise edge)                   0.000      0.000
  clock network delay (ideal)             0.000      0.000
  input external delay                    0.000      0.000 f
  inp[28] (in)                            0.000      0.000 f
  U1314/Y (INVX1)                      595504.000 595504.000 r
  U1315/Y (NAND2X1)                    1057280.000
                                                  1652784.000 f
  U1316/Y (XOR2X1)                     5943152.000
                                                  7595936.000 r
  U1317/Y (INVX1)                      1237328.000
                                                  8833264.000 f
  U1443/Y (XOR2X1)                     2989760.000
                                                  11823024.000 f
  U1451/Y (XOR2X1)                     5748864.000
                                                  17571888.000 r
  U1535/Y (XOR2X1)                     4744448.000
                                                  22316336.000 f
  U1538/Y (XOR2X1)                     5741680.000
                                                  28058016.000 r
  U1541/Y (NAND2X1)                    846272.000 28904288.000 f
  U1542/Y (AND2X1)                     2246320.000
                                                  31150608.000 f
  U1543/Y (XOR2X1)                     5247856.000
                                                  36398464.000 r
  U1544/Y (XOR2X1)                     4748864.000
                                                  41147328.000 f
  U1545/Y (XOR2X1)                     5728592.000
                                                  46875920.000 r
  U1567/Y (NAND2X1)                    846336.000 47722256.000 f
  U1568/Y (NAND2X1)                    892000.000 48614256.000 r
  U1570/Y (XOR2X1)                     4758384.000
                                                  53372640.000 f
  U635/Y (AND2X1)                      2058048.000
                                                  55430688.000 f
  U636/Y (INVX1)                       -1448080.000
                                                  53982608.000 r
  U1580/Y (NAND2X1)                    1054096.000
                                                  55036704.000 f
  U1583/Y (XOR2X1)                     5244048.000
                                                  60280752.000 r
  U1041/Y (AND2X1)                     2174528.000
                                                  62455280.000 r
  U1042/Y (INVX1)                      716016.000 63171296.000 f
  U1602/Y (NAND2X1)                    1291856.000
                                                  64463152.000 r
  U213/Y (AND2X1)                      1818304.000
                                                  66281456.000 r
  U214/Y (INVX1)                       715456.000 66996912.000 f
  U1605/Y (AND2X1)                     2037088.000
                                                  69034000.000 f
  U1606/Y (INVX1)                      -1369344.000
                                                  67664656.000 r
  U1607/Y (NAND2X1)                    1049872.000
                                                  68714528.000 f
  U1608/Y (NAND2X1)                    1380384.000
                                                  70094912.000 r
  U542/Y (NOR2X1)                      -289664.000
                                                  69805248.000 f
  U540/Y (NOR2X1)                      1629040.000
                                                  71434288.000 r
  U541/Y (INVX1)                       1001008.000
                                                  72435296.000 f
  U1618/Y (NAND2X1)                    1297344.000
                                                  73732640.000 r
  U657/Y (AND2X1)                      2153232.000
                                                  75885872.000 r
  U658/Y (INVX1)                       739936.000 76625808.000 f
  U3709/Y (NAND2X1)                    1362768.000
                                                  77988576.000 r
  U3994/Y (INVX1)                      1072880.000
                                                  79061456.000 f
  U3995/Y (NAND2X1)                    1284528.000
                                                  80345984.000 r
  U3997/Y (AND2X1)                     1842064.000
                                                  82188048.000 r
  U3998/Y (XOR2X1)                     4691120.000
                                                  86879168.000 f
  U1090/Y (XNOR2X1)                    4375872.000
                                                  91255040.000 r
  U1091/Y (INVX1)                      957440.000 92212480.000 f
  U4230/Y (XOR2X1)                     4918576.000
                                                  97131056.000 r
  U4256/Y (XOR2X1)                     4328672.000
                                                  101459728.000 f
  U4265/Y (XOR2X1)                     5733056.000
                                                  107192784.000 r
  U4266/Y (XOR2X1)                     4343632.000
                                                  111536416.000 f
  U4275/Y (XOR2X1)                     5733200.000
                                                  117269616.000 r
  U4313/Y (XOR2X1)                     4343416.000
                                                  121613032.000 f
  U4332/Y (XOR2X1)                     5733120.000
                                                  127346152.000 r
  U4367/Y (OR2X1)                      2306480.000
                                                  129652632.000 r
  U793/Y (AND2X1)                      1883192.000
                                                  131535824.000 r
  U794/Y (INVX1)                       720464.000 132256288.000 f
  U4370/Y (NAND2X1)                    1752768.000
                                                  134009056.000 r
  U4371/Y (INVX1)                      1216896.000
                                                  135225952.000 f
  U4372/Y (NAND2X1)                    1283872.000
                                                  136509824.000 r
  U4374/Y (AND2X1)                     916528.000 137426352.000 r
  U4376/Y (NOR2X1)                     1052704.000
                                                  138479056.000 f
  U4377/Y (AND2X1)                     2444000.000
                                                  140923056.000 f
  U4378/Y (INVX1)                      -1278304.000
                                                  139644752.000 r
  U217/Y (AND2X1)                      1881904.000
                                                  141526656.000 r
  U218/Y (INVX1)                       715168.000 142241824.000 f
  U211/Y (AND2X1)                      2034864.000
                                                  144276688.000 f
  U212/Y (INVX1)                       -1278928.000
                                                  142997760.000 r
  U4382/Y (OR2X1)                      1639856.000
                                                  144637616.000 r
  U4383/Y (NAND2X1)                    804912.000 145442528.000 f
  U4385/Y (NAND2X1)                    880352.000 146322880.000 r
  U4387/Y (NAND2X1)                    863680.000 147186560.000 f
  U527/Y (AND2X1)                      2438624.000
                                                  149625184.000 f
  U528/Y (INVX1)                       -236992.000
                                                  149388192.000 r
  U650/Y (INVX1)                       688608.000 150076800.000 f
  U4401/Y (NAND2X1)                    918448.000 150995248.000 r
  U4402/Y (NAND2X1)                    1128592.000
                                                  152123840.000 f
  U4403/Y (NOR2X1)                     1194992.000
                                                  153318832.000 r
  U4407/Y (NOR2X1)                     101616.000 153420448.000 f
  U4411/Y (NAND2X1)                    880304.000 154300752.000 r
  U4413/Y (NAND2X1)                    930960.000 155231712.000 f
  U4416/Y (AND2X1)                     2045584.000
                                                  157277296.000 f
  U4417/Y (INVX1)                      -1306352.000
                                                  155970944.000 r
  U4421/Y (NAND2X1)                    800480.000 156771424.000 f
  U4425/Y (NAND2X1)                    885376.000 157656800.000 r
  U4426/Y (NOR2X1)                     -290272.000
                                                  157366528.000 f
  U4430/Y (OR2X1)                      2088576.000
                                                  159455104.000 f
  U4432/Y (NAND2X1)                    878128.000 160333232.000 r
  U4436/Y (OR2X1)                      2605392.000
                                                  162938624.000 r
  U4439/Y (NAND2X1)                    797440.000 163736064.000 f
  U4441/Y (NAND2X1)                    884496.000 164620560.000 r
  U4444/Y (OR2X1)                      2605392.000
                                                  167225952.000 r
  U4449/Y (NAND2X1)                    797248.000 168023200.000 f
  U4451/Y (NAND2X1)                    1341856.000
                                                  169365056.000 r
  U4452/Y (INVX1)                      1096096.000
                                                  170461152.000 f
  U4453/Y (NAND2X1)                    1284304.000
                                                  171745456.000 r
  U4456/Y (NAND2X1)                    848080.000 172593536.000 f
  U4459/Y (NAND2X1)                    1341376.000
                                                  173934912.000 r
  U4460/Y (INVX1)                      1096448.000
                                                  175031360.000 f
  U4461/Y (NAND2X1)                    1284288.000
                                                  176315648.000 r
  U4462/Y (NAND2X1)                    848080.000 177163728.000 f
  U4464/Y (NAND2X1)                    879600.000 178043328.000 r
  U4472/Y (NAND2X1)                    868064.000 178911392.000 f
  U4473/Y (NAND2X1)                    1400000.000
                                                  180311392.000 r
  U210/Y (AND2X1)                      754016.000 181065408.000 r
  U208/Y (OR2X1)                       1550560.000
                                                  182615968.000 r
  U4476/Y (INVX1)                      743296.000 183359264.000 f
  U4501/Y (NAND2X1)                    1297680.000
                                                  184656944.000 r
  U4502/Y (NAND2X1)                    1132144.000
                                                  185789088.000 f
  U4503/Y (NOR2X1)                     1195216.000
                                                  186984304.000 r
  U4506/Y (NOR2X1)                     101424.000 187085728.000 f
  U4512/Y (NAND2X1)                    879040.000 187964768.000 r
  U4514/Y (NAND2X1)                    866816.000 188831584.000 f
  U4515/Y (OR2X1)                      2087664.000
                                                  190919248.000 f
  U553/Y (AND2X1)                      1851408.000
                                                  192770656.000 f
  U551/Y (NOR2X1)                      1637936.000
                                                  194408592.000 r
  U552/Y (INVX1)                       1002752.000
                                                  195411344.000 f
  U4529/Y (NAND2X1)                    919216.000 196330560.000 r
  U4530/Y (NAND2X1)                    1234848.000
                                                  197565408.000 f
  U4531/Y (INVX1)                      -562896.000
                                                  197002512.000 r
  U4532/Y (NAND2X1)                    1050448.000
                                                  198052960.000 f
  U4536/Y (NAND2X1)                    886128.000 198939088.000 r
  U4538/Y (NAND2X1)                    930928.000 199870016.000 f
  U4539/Y (INVX1)                      -562944.000
                                                  199307072.000 r
  U4540/Y (NAND2X1)                    1050464.000
                                                  200357536.000 f
  U557/Y (AND2X1)                      1855408.000
                                                  202212944.000 f
  U555/Y (NOR2X1)                      1637936.000
                                                  203850880.000 r
  U556/Y (INVX1)                       1002752.000
                                                  204853632.000 f
  U4555/Y (NAND2X1)                    919232.000 205772864.000 r
  U4556/Y (NAND2X1)                    1154800.000
                                                  206927664.000 f
  U4557/Y (NAND2X1)                    1404576.000
                                                  208332240.000 r
  U4559/Y (NAND2X1)                    866832.000 209199072.000 f
  U4561/Y (NAND2X1)                    879360.000 210078432.000 r
  U4563/Y (NAND2X1)                    861696.000 210940128.000 f
  U388/Y (AND2X1)                      2045792.000
                                                  212985920.000 f
  U389/Y (INVX1)                       -210992.000
                                                  212774928.000 r
  U4567/Y (INVX1)                      698832.000 213473760.000 f
  U4789/Y (NAND2X1)                    1286944.000
                                                  214760704.000 r
  U4790/Y (NAND2X1)                    1126752.000
                                                  215887456.000 f
  U4791/Y (OR2X1)                      2088992.000
                                                  217976448.000 f
  U4792/Y (OR2X1)                      2085840.000
                                                  220062288.000 f
  U4797/Y (NAND2X1)                    872096.000 220934384.000 r
  U4798/Y (NAND2X1)                    866080.000 221800464.000 f
  U4799/Y (NAND2X1)                    1404816.000
                                                  223205280.000 r
  U4807/Y (OR2X1)                      2607520.000
                                                  225812800.000 r
  U4808/Y (NAND2X1)                    1047248.000
                                                  226860048.000 f
  U4809/Y (OR2X1)                      2092624.000
                                                  228952672.000 f
  U4813/Y (NAND2X1)                    871952.000 229824624.000 r
  U4815/Y (NAND2X1)                    866800.000 230691424.000 f
  U4819/Y (NOR2X1)                     1196576.000
                                                  231888000.000 r
  U4823/Y (NOR2X1)                     1016880.000
                                                  232904880.000 f
  U4824/Y (INVX1)                      -293168.000
                                                  232611712.000 r
  U4826/Y (NAND2X1)                    802592.000 233414304.000 f
  U4836/Y (NAND2X1)                    1341792.000
                                                  234756096.000 r
  U206/Y (INVX1)                       1101600.000
                                                  235857696.000 f
  U204/Y (OR2X1)                       2115648.000
                                                  237973344.000 f
  U4837/Y (NOR2X1)                     1205456.000
                                                  239178800.000 r
  U4845/Y (NOR2X1)                     86352.000  239265152.000 f
  U4852/Y (NAND2X1)                    1390016.000
                                                  240655168.000 r
  U4854/Y (OR2X1)                      2572592.000
                                                  243227760.000 r
  U4856/Y (NAND2X1)                    797344.000 244025104.000 f
  U201/Y (NAND2X1)                     1355552.000
                                                  245380656.000 r
  U4864/Y (INVX1)                      1095040.000
                                                  246475696.000 f
  U4865/Y (NAND2X1)                    1284304.000
                                                  247760000.000 r
  U4866/Y (NAND2X1)                    1126048.000
                                                  248886048.000 f
  U4871/Y (NAND2X1)                    875344.000 249761392.000 r
  out[0] (out)                            0.000   249761392.000 r
  data arrival time                               249761392.000

  clock clk (rise edge)                250000000.000
                                                  250000000.000
  clock network delay (ideal)             0.000   250000000.000
  clock reconvergence pessimism           0.000   250000000.000
  output external delay                   0.000   250000000.000
  data required time                              250000000.000
  ---------------------------------------------------------------
  data required time                              250000000.000
  data arrival time                               -249761392.000
  ---------------------------------------------------------------
  slack (MET)                                     238608.000


1
