 
****************************************
Report : timing
        -path full
        -delay max
        -max_paths 1
Design : top
Version: S-2021.06-SP2
Date   : Fri Dec  2 17:49:40 2022
****************************************

Operating Conditions: TT   Library: PPDK_Standard_Library_1.0V_25C_TYP_X1
Wire Load Model Mode: top

  Startpoint: inp[3] (input port clocked by clk)
  Endpoint: out[0] (output port clocked by clk)
  Path Group: clk
  Path Type: max

  Point                                    Incr       Path
  -----------------------------------------------------------
  clock clk (rise edge)                   0.000      0.000
  clock network delay (ideal)             0.000      0.000
  input external delay                    0.000      0.000 f
  inp[3] (in)                             0.000      0.000 f
  U480/Y (INVX1)                       582656.750 582656.750 r
  U425/Y (AND2X1)                      2198472.750
                                                  2781129.500 r
  U426/Y (INVX1)                       708228.000 3489357.500 f
  U437/Y (AND2X1)                      2463727.500
                                                  5953085.000 f
  U128/Y (AND2X1)                      2051628.500
                                                  8004713.500 f
  U129/Y (INVX1)                       -1175160.500
                                                  6829553.000 r
  U361/Y (AND2X1)                      1895751.000
                                                  8725304.000 r
  U283/Y (AND2X1)                      2180913.000
                                                  10906217.000 r
  U284/Y (INVX1)                       713721.000 11619938.000 f
  U341/Y (AND2X1)                      2460909.000
                                                  14080847.000 f
  U342/Y (INVX1)                       -1189200.000
                                                  12891647.000 r
  U63/Y (AND2X1)                       1881837.000
                                                  14773484.000 r
  U64/Y (INVX1)                        707780.000 15481264.000 f
  U397/Y (AND2X1)                      2460926.000
                                                  17942190.000 f
  U398/Y (INVX1)                       -1189033.000
                                                  16753157.000 r
  U90/Y (AND2X1)                       2199079.000
                                                  18952236.000 r
  U91/Y (INVX1)                        707806.000 19660042.000 f
  U159/Y (NAND2X1)                     918802.000 20578844.000 r
  U323/Y (AND2X1)                      1830492.000
                                                  22409336.000 r
  U223/Y (AND2X1)                      1836552.000
                                                  24245888.000 r
  U224/Y (INVX1)                       707862.000 24953750.000 f
  U305/Y (AND2X1)                      2458052.000
                                                  27411802.000 f
  U306/Y (INVX1)                       -1187454.000
                                                  26224348.000 r
  U106/Y (AND2X1)                      1881836.000
                                                  28106184.000 r
  U107/Y (INVX1)                       707854.000 28814038.000 f
  U345/Y (AND2X1)                      2458052.000
                                                  31272090.000 f
  U346/Y (INVX1)                       -1175214.000
                                                  30096876.000 r
  U501/Y (NAND2X1)                     1050606.000
                                                  31147482.000 f
  U331/Y (AND2X1)                      2444558.000
                                                  33592040.000 f
  U332/Y (INVX1)                       -1294018.000
                                                  32298022.000 r
  U271/Y (AND2X1)                      2199106.000
                                                  34497128.000 r
  U272/Y (INVX1)                       707572.000 35204700.000 f
  U166/Y (NAND2X1)                     918852.000 36123552.000 r
  U237/Y (AND2X1)                      1818716.000
                                                  37942268.000 r
  U238/Y (INVX1)                       715564.000 38657832.000 f
  U427/Y (AND2X1)                      2458080.000
                                                  41115912.000 f
  U428/Y (INVX1)                       -1162828.000
                                                  39953084.000 r
  U351/Y (AND2X1)                      2207044.000
                                                  42160128.000 r
  U431/Y (AND2X1)                      2181116.000
                                                  44341244.000 r
  U432/Y (INVX1)                       713876.000 45055120.000 f
  U138/Y (AND2X1)                      2458032.000
                                                  47513152.000 f
  U139/Y (INVX1)                       -1139288.000
                                                  46373864.000 r
  U120/Y (XNOR2X1)                     5848312.000
                                                  52222176.000 r
  U121/Y (INVX1)                       822456.000 53044632.000 f
  U287/Y (AND2X1)                      2034864.000
                                                  55079496.000 f
  U288/Y (INVX1)                       -1340652.000
                                                  53738844.000 r
  U353/Y (AND2X1)                      2202040.000
                                                  55940884.000 r
  U383/Y (AND2X1)                      2181488.000
                                                  58122372.000 r
  U384/Y (INVX1)                       713532.000 58835904.000 f
  U572/Y (NAND2X1)                     1285752.000
                                                  60121656.000 r
  U357/Y (AND2X1)                      1830404.000
                                                  61952060.000 r
  U385/Y (AND2X1)                      1836552.000
                                                  63788612.000 r
  U386/Y (INVX1)                       707808.000 64496420.000 f
  U574/Y (AND2X1)                      2241040.000
                                                  66737460.000 f
  U70/Y (XNOR2X1)                      4365036.000
                                                  71102496.000 r
  U71/Y (INVX1)                        861392.000 71963888.000 f
  U293/Y (AND2X1)                      2458136.000
                                                  74422024.000 f
  U294/Y (INVX1)                       -1186848.000
                                                  73235176.000 r
  U297/Y (AND2X1)                      2199080.000
                                                  75434256.000 r
  U298/Y (INVX1)                       707584.000 76141840.000 f
  U584/Y (NAND2X1)                     1285648.000
                                                  77427488.000 r
  U405/Y (AND2X1)                      2174584.000
                                                  79602072.000 r
  U406/Y (INVX1)                       715784.000 80317856.000 f
  U586/Y (NOR2X1)                      1157568.000
                                                  81475424.000 r
  U587/Y (NOR2X1)                      156936.000 81632360.000 f
  U255/Y (AND2X1)                      2441928.000
                                                  84074288.000 f
  U256/Y (INVX1)                       -1291624.000
                                                  82782664.000 r
  U403/Y (AND2X1)                      2199104.000
                                                  84981768.000 r
  U404/Y (INVX1)                       707576.000 85689344.000 f
  U589/Y (NOR2X1)                      1151520.000
                                                  86840864.000 r
  out[0] (out)                            0.000   86840864.000 r
  data arrival time                               86840864.000

  clock clk (rise edge)                200000000.000
                                                  200000000.000
  clock network delay (ideal)             0.000   200000000.000
  output external delay                   0.000   200000000.000
  data required time                              200000000.000
  -----------------------------------------------------------
  data required time                              200000000.000
  data arrival time                               -86840864.000
  -----------------------------------------------------------
  slack (MET)                                     113159136.000


1
