****************************************
Report : timing
	-path_type full
	-delay_type max
	-max_paths 1
	-sort_by slack
Design : top
Version: S-2021.06-SP1
Date   : Tue Nov 29 14:48:11 2022
****************************************


  Startpoint: inp[4] (input port clocked by clk)
  Endpoint: out[0] (output port clocked by clk)
  Path Group: clk
  Path Type: max

  Point                                    Incr       Path
  ---------------------------------------------------------------
  clock clk (rise edge)                   0.000      0.000
  clock network delay (ideal)             0.000      0.000
  input external delay                    0.000      0.000 f
  inp[4] (in)                             0.000      0.000 f
  U3448/Y (XOR2X1)                     5593184.000
                                                  5593184.000 r
  U3449/Y (AND2X1)                     898528.000 6491712.000 r
  U3450/Y (OR2X1)                      2239424.000
                                                  8731136.000 r
  U3452/Y (AND2X1)                     1311184.000
                                                  10042320.000 r
  U3453/Y (OR2X1)                      1871584.000
                                                  11913904.000 r
  U3455/Y (XOR2X1)                     4501120.000
                                                  16415024.000 f
  U3457/Y (AND2X1)                     1841152.000
                                                  18256176.000 f
  U3458/Y (OR2X1)                      2081200.000
                                                  20337376.000 f
  U3460/Y (XOR2X1)                     5310080.000
                                                  25647456.000 r
  U3462/Y (AND2X1)                     931120.000 26578576.000 r
  U3463/Y (OR2X1)                      2210304.000
                                                  28788880.000 r
  U3465/Y (XOR2X1)                     4511296.000
                                                  33300176.000 f
  U3479/Y (AND2X1)                     1841136.000
                                                  35141312.000 f
  U3480/Y (OR2X1)                      2082384.000
                                                  37223696.000 f
  U3482/Y (XOR2X1)                     5378112.000
                                                  42601808.000 r
  U3512/Y (XOR2X1)                     4755104.000
                                                  47356912.000 f
  U1149/Y (OR2X1)                      2065024.000
                                                  49421936.000 f
  U3556/Y (NAND2X1)                    873616.000 50295552.000 r
  U3557/Y (NAND2X1)                    1156912.000
                                                  51452464.000 f
  U3558/Y (AND2X1)                     1853472.000
                                                  53305936.000 f
  U3559/Y (NOR2X1)                     1224592.000
                                                  54530528.000 r
  U3560/Y (OR2X1)                      2169248.000
                                                  56699776.000 r
  U3561/Y (NAND2X1)                    1054416.000
                                                  57754192.000 f
  U3562/Y (AND2X1)                     1855376.000
                                                  59609568.000 f
  U3563/Y (NOR2X1)                     1219184.000
                                                  60828752.000 r
  U3564/Y (XOR2X1)                     4695728.000
                                                  65524480.000 f
  U3565/Y (OR2X1)                      2057600.000
                                                  67582080.000 f
  U3566/Y (NAND2X1)                    1748304.000
                                                  69330384.000 r
  U526/Y (INVX1)                       1085248.000
                                                  70415632.000 f
  U527/Y (INVX1)                       471312.000 70886944.000 r
  U509/Y (AND2X1)                      1878432.000
                                                  72765376.000 r
  U583/Y (INVX1)                       740960.000 73506336.000 f
  U1060/Y (INVX1)                      1087040.000
                                                  74593376.000 r
  U582/Y (INVX1)                       743504.000 75336880.000 f
  U5024/Y (XOR2X1)                     2927168.000
                                                  78264048.000 f
  U5025/Y (XOR2X1)                     5095568.000
                                                  83359616.000 r
  U5026/Y (OR2X1)                      2367424.000
                                                  85727040.000 r
  U5033/Y (NAND2X1)                    799024.000 86526064.000 f
  U5034/Y (NAND2X1)                    1761456.000
                                                  88287520.000 r
  U841/Y (AND2X1)                      1797904.000
                                                  90085424.000 r
  U842/Y (INVX1)                       720048.000 90805472.000 f
  U5040/Y (NAND2X1)                    918864.000 91724336.000 r
  U5044/Y (NAND2X1)                    932608.000 92656944.000 f
  U5048/Y (NAND2X1)                    881120.000 93538064.000 r
  U5053/Y (NAND2X1)                    866032.000 94404096.000 f
  U5057/Y (NAND2X1)                    1342896.000
                                                  95746992.000 r
  U5058/Y (INVX1)                      1116544.000
                                                  96863536.000 f
  U5059/Y (NAND2X1)                    1284560.000
                                                  98148096.000 r
  U5067/Y (NAND2X1)                    848128.000 98996224.000 f
  U5069/Y (NAND2X1)                    1353472.000
                                                  100349696.000 r
  U5070/Y (INVX1)                      1095072.000
                                                  101444768.000 f
  U5071/Y (NAND2X1)                    1284304.000
                                                  102729072.000 r
  U5076/Y (NAND2X1)                    848080.000 103577152.000 f
  U5079/Y (NAND2X1)                    1347648.000
                                                  104924800.000 r
  U5080/Y (INVX1)                      1096048.000
                                                  106020848.000 f
  U5081/Y (NOR2X1)                     1157040.000
                                                  107177888.000 r
  U5082/Y (NAND2X1)                    830528.000 108008416.000 f
  U5083/Y (AND2X1)                     2246048.000
                                                  110254464.000 f
  U5084/Y (XOR2X1)                     5970984.000
                                                  116225448.000 r
  U691/Y (AND2X1)                      2159864.000
                                                  118385312.000 r
  U692/Y (INVX1)                       720352.000 119105664.000 f
  U277/Y (AND2X1)                      2034872.000
                                                  121140536.000 f
  U278/Y (INVX1)                       -1450824.000
                                                  119689712.000 r
  U5092/Y (NAND2X1)                    805312.000 120495024.000 f
  U5315/Y (XOR2X1)                     3000640.000
                                                  123495664.000 f
  U216/Y (XOR2X1)                      5745904.000
                                                  129241568.000 r
  U215/Y (XNOR2X1)                     6353216.000
                                                  135594784.000 r
  U650/Y (AND2X1)                      2172800.000
                                                  137767584.000 r
  U651/Y (INVX1)                       716144.000 138483728.000 f
  U5688/Y (NAND2X1)                    918864.000 139402592.000 r
  U5689/Y (NAND2X1)                    1154752.000
                                                  140557344.000 f
  U5690/Y (NAND2X1)                    1400096.000
                                                  141957440.000 r
  U5693/Y (NAND2X1)                    866864.000 142824304.000 f
  U5697/Y (NAND2X1)                    881232.000 143705536.000 r
  U586/Y (NAND2X1)                     946688.000 144652224.000 f
  U5702/Y (INVX1)                      -510048.000
                                                  144142176.000 r
  U1009/Y (AND2X1)                     1874592.000
                                                  146016768.000 r
  U1010/Y (INVX1)                      720544.000 146737312.000 f
  U5709/Y (NAND2X1)                    1758720.000
                                                  148496032.000 r
  U5710/Y (INVX1)                      1221088.000
                                                  149717120.000 f
  U5711/Y (NAND2X1)                    1283872.000
                                                  151000992.000 r
  U5712/Y (AND2X1)                     2174704.000
                                                  153175696.000 r
  U5713/Y (INVX1)                      715520.000 153891216.000 f
  U5715/Y (NAND2X1)                    918864.000 154810080.000 r
  U5722/Y (NAND2X1)                    867248.000 155677328.000 f
  U5725/Y (NAND2X1)                    881232.000 156558560.000 r
  U5733/Y (NAND2X1)                    867232.000 157425792.000 f
  U5736/Y (AND2X1)                     2046048.000
                                                  159471840.000 f
  U5737/Y (INVX1)                      -1312896.000
                                                  158158944.000 r
  U5751/Y (NAND2X1)                    800448.000 158959392.000 f
  U5760/Y (NAND2X1)                    880864.000 159840256.000 r
  U730/Y (NAND2X1)                     848064.000 160688320.000 f
  U226/Y (AND2X1)                      2045344.000
                                                  162733664.000 f
  U5786/Y (INVX1)                      -1365536.000
                                                  161368128.000 r
  U5791/Y (NAND2X1)                    800448.000 162168576.000 f
  U5794/Y (NAND2X1)                    879360.000 163047936.000 r
  U5801/Y (NAND2X1)                    863680.000 163911616.000 f
  U5804/Y (NAND2X1)                    881232.000 164792848.000 r
  U5812/Y (NAND2X1)                    867248.000 165660096.000 f
  U5815/Y (NAND2X1)                    879328.000 166539424.000 r
  U727/Y (AND2X1)                      1798496.000
                                                  168337920.000 r
  U728/Y (INVX1)                       718496.000 169056416.000 f
  U5823/Y (NAND2X1)                    918880.000 169975296.000 r
  U5832/Y (NAND2X1)                    867248.000 170842544.000 f
  U209/Y (NAND2X1)                     1424544.000
                                                  172267088.000 r
  U5836/Y (INVX1)                      1134096.000
                                                  173401184.000 f
  U7436/Y (NAND2X1)                    918496.000 174319680.000 r
  U7437/Y (NAND2X1)                    1155808.000
                                                  175475488.000 f
  U7442/Y (NAND2X1)                    879392.000 176354880.000 r
  U7443/Y (NAND2X1)                    1149664.000
                                                  177504544.000 f
  U7446/Y (NAND2X1)                    879680.000 178384224.000 r
  U7455/Y (NAND2X1)                    863680.000 179247904.000 f
  U7458/Y (NAND2X1)                    878112.000 180126016.000 r
  U7467/Y (NAND2X1)                    863680.000 180989696.000 f
  U7470/Y (NAND2X1)                    879344.000 181869040.000 r
  U7479/Y (NAND2X1)                    866848.000 182735888.000 f
  U7482/Y (NAND2X1)                    879344.000 183615232.000 r
  U7491/Y (NAND2X1)                    863696.000 184478928.000 f
  U7503/Y (NAND2X1)                    881200.000 185360128.000 r
  U218/Y (AND2X1)                      1783856.000
                                                  187143984.000 r
  U219/Y (INVX1)                       712544.000 187856528.000 f
  U7533/Y (NAND2X1)                    918864.000 188775392.000 r
  U7542/Y (NAND2X1)                    874624.000 189650016.000 f
  U7545/Y (NAND2X1)                    879344.000 190529360.000 r
  U7554/Y (NAND2X1)                    863696.000 191393056.000 f
  U7557/Y (NAND2X1)                    881216.000 192274272.000 r
  U7566/Y (NAND2X1)                    866752.000 193141024.000 f
  U7569/Y (NAND2X1)                    879360.000 194020384.000 r
  U7580/Y (NAND2X1)                    930016.000 194950400.000 f
  U7581/Y (INVX1)                      -563712.000
                                                  194386688.000 r
  U7589/Y (NAND2X1)                    800816.000 195187504.000 f
  U7592/Y (NAND2X1)                    1341776.000
                                                  196529280.000 r
  U1043/Y (INVX1)                      1109728.000
                                                  197639008.000 f
  U200/Y (AND2X1)                      1863488.000
                                                  199502496.000 f
  U1098/Y (OR2X1)                      2079008.000
                                                  201581504.000 f
  U8283/Y (NAND2X1)                    878672.000 202460176.000 r
  U8293/Y (AND2X1)                     781056.000 203241232.000 r
  U604/Y (AND2X1)                      2598064.000
                                                  205839296.000 r
  U8295/Y (NOR2X1)                     -113712.000
                                                  205725584.000 f
  U720/Y (AND2X1)                      2440304.000
                                                  208165888.000 f
  U721/Y (INVX1)                       -1289504.000
                                                  206876384.000 r
  U8296/Y (OR2X1)                      1639792.000
                                                  208516176.000 r
  U230/Y (AND2X1)                      1876048.000
                                                  210392224.000 r
  U231/Y (INVX1)                       715552.000 211107776.000 f
  U8299/Y (NAND2X1)                    1362944.000
                                                  212470720.000 r
  U8300/Y (INVX1)                      1116608.000
                                                  213587328.000 f
  U8305/Y (NAND2X1)                    919328.000 214506656.000 r
  U8307/Y (NAND2X1)                    848080.000 215354736.000 f
  U8309/Y (NAND2X1)                    887104.000 216241840.000 r
  U8310/Y (OR2X1)                      2606256.000
                                                  218848096.000 r
  U8316/Y (NAND2X1)                    928672.000 219776768.000 f
  U8325/Y (NAND2X1)                    1395344.000
                                                  221172112.000 r
  U8326/Y (NAND2X1)                    1234848.000
                                                  222406960.000 f
  U8333/Y (NAND2X1)                    880992.000 223287952.000 r
  U8336/Y (NAND2X1)                    866096.000 224154048.000 f
  U725/Y (AND2X1)                      2438736.000
                                                  226592784.000 f
  U726/Y (INVX1)                       -1299712.000
                                                  225293072.000 r
  U1157/Y (OR2X1)                      1639712.000
                                                  226932784.000 r
  U228/Y (AND2X1)                      1876048.000
                                                  228808832.000 r
  U229/Y (INVX1)                       715568.000 229524400.000 f
  U8342/Y (NAND2X1)                    924544.000 230448944.000 r
  U8343/Y (OR2X1)                      2606560.000
                                                  233055504.000 r
  U8345/Y (NAND2X1)                    797232.000 233852736.000 f
  U8347/Y (NAND2X1)                    881200.000 234733936.000 r
  U8354/Y (NAND2X1)                    866832.000 235600768.000 f
  U8356/Y (NAND2X1)                    885264.000 236486032.000 r
  U8357/Y (OR2X1)                      2655792.000
                                                  239141824.000 r
  U8360/Y (NAND2X1)                    797232.000 239939056.000 f
  U8362/Y (NAND2X1)                    881184.000 240820240.000 r
  U8370/Y (NAND2X1)                    931008.000 241751248.000 f
  U8374/Y (NAND2X1)                    881120.000 242632368.000 r
  U8378/Y (NAND2X1)                    866048.000 243498416.000 f
  U8382/Y (NAND2X1)                    1752592.000
                                                  245251008.000 r
  U8383/Y (INVX1)                      1095808.000
                                                  246346816.000 f
  U8384/Y (NOR2X1)                     1163136.000
                                                  247509952.000 r
  U8400/Y (NAND2X1)                    830656.000 248340608.000 f
  U8401/Y (NAND2X1)                    1395392.000
                                                  249736000.000 r
  out[0] (out)                            0.000   249736000.000 r
  data arrival time                               249736000.000

  clock clk (rise edge)                250000000.000
                                                  250000000.000
  clock network delay (ideal)             0.000   250000000.000
  clock reconvergence pessimism           0.000   250000000.000
  output external delay                   0.000   250000000.000
  data required time                              250000000.000
  ---------------------------------------------------------------
  data required time                              250000000.000
  data arrival time                               -249736000.000
  ---------------------------------------------------------------
  slack (MET)                                     264000.000


1
