 
****************************************
Report : timing
        -path full
        -delay max
        -max_paths 1
Design : top
Version: S-2021.06-SP2
Date   : Tue Nov 29 14:48:05 2022
****************************************

Operating Conditions: TT   Library: PPDK_Standard_Library_1.0V_25C_TYP_X1
Wire Load Model Mode: top

  Startpoint: inp[4] (input port clocked by clk)
  Endpoint: out[0] (output port clocked by clk)
  Path Group: clk
  Path Type: max

  Point                                    Incr       Path
  -----------------------------------------------------------
  clock clk (rise edge)                   0.000      0.000
  clock network delay (ideal)             0.000      0.000
  input external delay                    0.000      0.000 f
  inp[4] (in)                             0.000      0.000 f
  U3448/Y (XOR2X1)                     5593187.500
                                                  5593187.500 r
  U3449/Y (AND2X1)                     898565.500 6491753.000 r
  U3450/Y (OR2X1)                      2239392.000
                                                  8731145.000 r
  U3452/Y (AND2X1)                     1311187.000
                                                  10042332.000 r
  U3453/Y (OR2X1)                      1871596.000
                                                  11913928.000 r
  U3455/Y (XOR2X1)                     4501132.000
                                                  16415060.000 f
  U3457/Y (AND2X1)                     1841152.000
                                                  18256212.000 f
  U3458/Y (OR2X1)                      2081186.000
                                                  20337398.000 f
  U3460/Y (XOR2X1)                     5310048.000
                                                  25647446.000 r
  U3462/Y (AND2X1)                     931152.000 26578598.000 r
  U3463/Y (OR2X1)                      2210322.000
                                                  28788920.000 r
  U3465/Y (XOR2X1)                     4511300.000
                                                  33300220.000 f
  U3479/Y (AND2X1)                     1841148.000
                                                  35141368.000 f
  U3480/Y (OR2X1)                      2082384.000
                                                  37223752.000 f
  U3482/Y (XOR2X1)                     5378148.000
                                                  42601900.000 r
  U3512/Y (XOR2X1)                     4755016.000
                                                  47356916.000 f
  U1149/Y (OR2X1)                      2065024.000
                                                  49421940.000 f
  U3556/Y (NAND2X1)                    873604.000 50295544.000 r
  U3557/Y (NAND2X1)                    1156920.000
                                                  51452464.000 f
  U3558/Y (AND2X1)                     1853480.000
                                                  53305944.000 f
  U3559/Y (NOR2X1)                     1224604.000
                                                  54530548.000 r
  U3560/Y (OR2X1)                      2169264.000
                                                  56699812.000 r
  U3561/Y (NAND2X1)                    1054424.000
                                                  57754236.000 f
  U3562/Y (AND2X1)                     1855380.000
                                                  59609616.000 f
  U3563/Y (NOR2X1)                     1219180.000
                                                  60828796.000 r
  U3564/Y (XOR2X1)                     4695692.000
                                                  65524488.000 f
  U3565/Y (OR2X1)                      2057584.000
                                                  67582072.000 f
  U3566/Y (NAND2X1)                    1748312.000
                                                  69330384.000 r
  U526/Y (INVX1)                       1085248.000
                                                  70415632.000 f
  U527/Y (INVX1)                       471320.000 70886952.000 r
  U509/Y (AND2X1)                      1878424.000
                                                  72765376.000 r
  U583/Y (INVX1)                       740960.000 73506336.000 f
  U1060/Y (INVX1)                      1087032.000
                                                  74593368.000 r
  U582/Y (INVX1)                       743504.000 75336872.000 f
  U5024/Y (XOR2X1)                     2927168.000
                                                  78264040.000 f
  U5025/Y (XOR2X1)                     5095584.000
                                                  83359624.000 r
  U5026/Y (OR2X1)                      2367464.000
                                                  85727088.000 r
  U5033/Y (NAND2X1)                    799024.000 86526112.000 f
  U5034/Y (NAND2X1)                    1761456.000
                                                  88287568.000 r
  U841/Y (AND2X1)                      1797888.000
                                                  90085456.000 r
  U842/Y (INVX1)                       720048.000 90805504.000 f
  U5040/Y (NAND2X1)                    918872.000 91724376.000 r
  U5044/Y (NAND2X1)                    932592.000 92656968.000 f
  U5048/Y (NAND2X1)                    881120.000 93538088.000 r
  U5053/Y (NAND2X1)                    866024.000 94404112.000 f
  U5057/Y (NAND2X1)                    1342880.000
                                                  95746992.000 r
  U5058/Y (INVX1)                      1116560.000
                                                  96863552.000 f
  U5059/Y (NAND2X1)                    1284560.000
                                                  98148112.000 r
  U5067/Y (NAND2X1)                    848120.000 98996232.000 f
  U5069/Y (NAND2X1)                    1353464.000
                                                  100349696.000 r
  U5070/Y (INVX1)                      1095072.000
                                                  101444768.000 f
  U5071/Y (NAND2X1)                    1284304.000
                                                  102729072.000 r
  U5076/Y (NAND2X1)                    848072.000 103577144.000 f
  U5079/Y (NAND2X1)                    1347664.000
                                                  104924808.000 r
  U5080/Y (INVX1)                      1096056.000
                                                  106020864.000 f
  U5081/Y (NOR2X1)                     1157040.000
                                                  107177904.000 r
  U5082/Y (NAND2X1)                    830520.000 108008424.000 f
  U5083/Y (AND2X1)                     2246048.000
                                                  110254472.000 f
  U5084/Y (XOR2X1)                     5970928.000
                                                  116225400.000 r
  U691/Y (AND2X1)                      2159896.000
                                                  118385296.000 r
  U692/Y (INVX1)                       720344.000 119105640.000 f
  U277/Y (AND2X1)                      2034872.000
                                                  121140512.000 f
  U278/Y (INVX1)                       -1450808.000
                                                  119689704.000 r
  U5092/Y (NAND2X1)                    805312.000 120495016.000 f
  U5315/Y (XOR2X1)                     3000616.000
                                                  123495632.000 f
  U216/Y (XOR2X1)                      5745896.000
                                                  129241528.000 r
  U215/Y (XNOR2X1)                     6353192.000
                                                  135594720.000 r
  U650/Y (AND2X1)                      2172832.000
                                                  137767552.000 r
  U651/Y (INVX1)                       716128.000 138483680.000 f
  U5688/Y (NAND2X1)                    918880.000 139402560.000 r
  U5689/Y (NAND2X1)                    1154736.000
                                                  140557296.000 f
  U5690/Y (NAND2X1)                    1400080.000
                                                  141957376.000 r
  U5693/Y (NAND2X1)                    866864.000 142824240.000 f
  U5697/Y (NAND2X1)                    881216.000 143705456.000 r
  U586/Y (NAND2X1)                     946720.000 144652176.000 f
  U5702/Y (INVX1)                      -510048.000
                                                  144142128.000 r
  U1009/Y (AND2X1)                     1874592.000
                                                  146016720.000 r
  U1010/Y (INVX1)                      720528.000 146737248.000 f
  U5709/Y (NAND2X1)                    1758720.000
                                                  148495968.000 r
  U5710/Y (INVX1)                      1221088.000
                                                  149717056.000 f
  U5711/Y (NAND2X1)                    1283872.000
                                                  151000928.000 r
  U5712/Y (AND2X1)                     2174720.000
                                                  153175648.000 r
  U5713/Y (INVX1)                      715520.000 153891168.000 f
  U5715/Y (NAND2X1)                    918864.000 154810032.000 r
  U5722/Y (NAND2X1)                    867232.000 155677264.000 f
  U5725/Y (NAND2X1)                    881216.000 156558480.000 r
  U5733/Y (NAND2X1)                    867232.000 157425712.000 f
  U5736/Y (AND2X1)                     2046064.000
                                                  159471776.000 f
  U5737/Y (INVX1)                      -1312912.000
                                                  158158864.000 r
  U5751/Y (NAND2X1)                    800464.000 158959328.000 f
  U5760/Y (NAND2X1)                    880864.000 159840192.000 r
  U730/Y (NAND2X1)                     848064.000 160688256.000 f
  U226/Y (AND2X1)                      2045344.000
                                                  162733600.000 f
  U5786/Y (INVX1)                      -1365520.000
                                                  161368080.000 r
  U5791/Y (NAND2X1)                    800432.000 162168512.000 f
  U5794/Y (NAND2X1)                    879360.000 163047872.000 r
  U5801/Y (NAND2X1)                    863680.000 163911552.000 f
  U5804/Y (NAND2X1)                    881216.000 164792768.000 r
  U5812/Y (NAND2X1)                    867232.000 165660000.000 f
  U5815/Y (NAND2X1)                    879344.000 166539344.000 r
  U727/Y (AND2X1)                      1798464.000
                                                  168337808.000 r
  U728/Y (INVX1)                       718496.000 169056304.000 f
  U5823/Y (NAND2X1)                    918864.000 169975168.000 r
  U5832/Y (NAND2X1)                    867232.000 170842400.000 f
  U209/Y (NAND2X1)                     1424544.000
                                                  172266944.000 r
  U5836/Y (INVX1)                      1134080.000
                                                  173401024.000 f
  U7436/Y (NAND2X1)                    918512.000 174319536.000 r
  U7437/Y (NAND2X1)                    1155808.000
                                                  175475344.000 f
  U7442/Y (NAND2X1)                    879376.000 176354720.000 r
  U7443/Y (NAND2X1)                    1149696.000
                                                  177504416.000 f
  U7446/Y (NAND2X1)                    879680.000 178384096.000 r
  U7455/Y (NAND2X1)                    863680.000 179247776.000 f
  U7458/Y (NAND2X1)                    878096.000 180125872.000 r
  U7467/Y (NAND2X1)                    863680.000 180989552.000 f
  U7470/Y (NAND2X1)                    879344.000 181868896.000 r
  U7479/Y (NAND2X1)                    866832.000 182735728.000 f
  U7482/Y (NAND2X1)                    879344.000 183615072.000 r
  U7491/Y (NAND2X1)                    863680.000 184478752.000 f
  U7503/Y (NAND2X1)                    881200.000 185359952.000 r
  U218/Y (AND2X1)                      1783840.000
                                                  187143792.000 r
  U219/Y (INVX1)                       712544.000 187856336.000 f
  U7533/Y (NAND2X1)                    918864.000 188775200.000 r
  U7542/Y (NAND2X1)                    874608.000 189649808.000 f
  U7545/Y (NAND2X1)                    879344.000 190529152.000 r
  U7554/Y (NAND2X1)                    863680.000 191392832.000 f
  U7557/Y (NAND2X1)                    881216.000 192274048.000 r
  U7566/Y (NAND2X1)                    866752.000 193140800.000 f
  U7569/Y (NAND2X1)                    879344.000 194020144.000 r
  U7580/Y (NAND2X1)                    930000.000 194950144.000 f
  U7581/Y (INVX1)                      -563760.000
                                                  194386384.000 r
  U7589/Y (NAND2X1)                    800816.000 195187200.000 f
  U7592/Y (NAND2X1)                    1341760.000
                                                  196528960.000 r
  U1043/Y (INVX1)                      1109712.000
                                                  197638672.000 f
  U200/Y (AND2X1)                      1863504.000
                                                  199502176.000 f
  U1098/Y (OR2X1)                      2079024.000
                                                  201581200.000 f
  U8283/Y (NAND2X1)                    878672.000 202459872.000 r
  U8293/Y (AND2X1)                     781088.000 203240960.000 r
  U604/Y (AND2X1)                      2598032.000
                                                  205838992.000 r
  U8295/Y (NOR2X1)                     -113728.000
                                                  205725264.000 f
  U720/Y (AND2X1)                      2440304.000
                                                  208165568.000 f
  U721/Y (INVX1)                       -1289504.000
                                                  206876064.000 r
  U8296/Y (OR2X1)                      1639792.000
                                                  208515856.000 r
  U230/Y (AND2X1)                      1876048.000
                                                  210391904.000 r
  U231/Y (INVX1)                       715568.000 211107472.000 f
  U8299/Y (NAND2X1)                    1362944.000
                                                  212470416.000 r
  U8300/Y (INVX1)                      1116592.000
                                                  213587008.000 f
  U8305/Y (NAND2X1)                    919344.000 214506352.000 r
  U8307/Y (NAND2X1)                    848064.000 215354416.000 f
  U8309/Y (NAND2X1)                    887088.000 216241504.000 r
  U8310/Y (OR2X1)                      2606304.000
                                                  218847808.000 r
  U8316/Y (NAND2X1)                    928672.000 219776480.000 f
  U8325/Y (NAND2X1)                    1395344.000
                                                  221171824.000 r
  U8326/Y (NAND2X1)                    1234848.000
                                                  222406672.000 f
  U8333/Y (NAND2X1)                    880992.000 223287664.000 r
  U8336/Y (NAND2X1)                    866080.000 224153744.000 f
  U725/Y (AND2X1)                      2438720.000
                                                  226592464.000 f
  U726/Y (INVX1)                       -1299696.000
                                                  225292768.000 r
  U1157/Y (OR2X1)                      1639712.000
                                                  226932480.000 r
  U228/Y (AND2X1)                      1876048.000
                                                  228808528.000 r
  U229/Y (INVX1)                       715568.000 229524096.000 f
  U8342/Y (NAND2X1)                    924544.000 230448640.000 r
  U8343/Y (OR2X1)                      2606608.000
                                                  233055248.000 r
  U8345/Y (NAND2X1)                    797232.000 233852480.000 f
  U8347/Y (NAND2X1)                    881200.000 234733680.000 r
  U8354/Y (NAND2X1)                    866832.000 235600512.000 f
  U8356/Y (NAND2X1)                    885264.000 236485776.000 r
  U8357/Y (OR2X1)                      2655840.000
                                                  239141616.000 r
  U8360/Y (NAND2X1)                    797232.000 239938848.000 f
  U8362/Y (NAND2X1)                    881184.000 240820032.000 r
  U8370/Y (NAND2X1)                    930976.000 241751008.000 f
  U8374/Y (NAND2X1)                    881120.000 242632128.000 r
  U8378/Y (NAND2X1)                    866032.000 243498160.000 f
  U8382/Y (NAND2X1)                    1752576.000
                                                  245250736.000 r
  U8383/Y (INVX1)                      1095808.000
                                                  246346544.000 f
  U8384/Y (NOR2X1)                     1163136.000
                                                  247509680.000 r
  U8400/Y (NAND2X1)                    830640.000 248340320.000 f
  U8401/Y (NAND2X1)                    1395392.000
                                                  249735712.000 r
  out[0] (out)                            0.000   249735712.000 r
  data arrival time                               249735712.000

  clock clk (rise edge)                250000000.000
                                                  250000000.000
  clock network delay (ideal)             0.000   250000000.000
  output external delay                   0.000   250000000.000
  data required time                              250000000.000
  -----------------------------------------------------------
  data required time                              250000000.000
  data arrival time                               -249735712.000
  -----------------------------------------------------------
  slack (MET)                                     264288.000


1
