****************************************
Report : timing
	-path_type full
	-delay_type max
	-max_paths 1
	-sort_by slack
Design : top
Version: S-2021.06-SP1
Date   : Fri Dec 16 16:40:11 2022
****************************************


  Startpoint: inp[5] (input port clocked by clk)
  Endpoint: out[0] (output port clocked by clk)
  Path Group: clk
  Path Type: max

  Point                                    Incr       Path
  ---------------------------------------------------------------
  clock clk (rise edge)                   0.000      0.000
  clock network delay (ideal)             0.000      0.000
  input external delay                    0.000      0.000 r
  inp[5] (in)                             0.000      0.000 r
  U1008/Y (INVX1)                      54752.000  54752.000 f
  U1016/Y (XOR2X1)                     5929872.000
                                                  5984624.000 r
  U1017/Y (INVX1)                      1237216.000
                                                  7221840.000 f
  U1018/Y (NAND2X1)                    919488.000 8141328.000 r
  U1019/Y (NAND2X1)                    1129696.000
                                                  9271024.000 f
  U1021/Y (XOR2X1)                     5361200.000
                                                  14632224.000 r
  U828/Y (XNOR2X1)                     6419776.000
                                                  21052000.000 r
  U829/Y (INVX1)                       975808.000 22027808.000 f
  U1065/Y (XOR2X1)                     4917312.000
                                                  26945120.000 r
  U1072/Y (XOR2X1)                     4328656.000
                                                  31273776.000 f
  U1075/Y (XOR2X1)                     5737120.000
                                                  37010896.000 r
  U1096/Y (NAND2X1)                    847008.000 37857904.000 f
  U1097/Y (AND2X1)                     2246208.000
                                                  40104112.000 f
  U1099/Y (XOR2X1)                     5248576.000
                                                  45352688.000 r
  U327/Y (AND2X1)                      1821392.000
                                                  47174080.000 r
  U328/Y (INVX1)                       716512.000 47890592.000 f
  U1100/Y (NAND2X1)                    1746816.000
                                                  49637408.000 r
  U423/Y (INVX1)                       1217712.000
                                                  50855120.000 f
  U424/Y (INVX1)                       449040.000 51304160.000 r
  U1101/Y (NAND2X1)                    1052384.000
                                                  52356544.000 f
  U1102/Y (NAND2X1)                    1747888.000
                                                  54104432.000 r
  U419/Y (INVX1)                       1123232.000
                                                  55227664.000 f
  U420/Y (INVX1)                       450312.000 55677976.000 r
  U1118/Y (OR2X1)                      1656848.000
                                                  57334824.000 r
  U1119/Y (NAND2X1)                    1056792.000
                                                  58391616.000 f
  U1121/Y (NAND2X1)                    1339328.000
                                                  59730944.000 r
  U486/Y (INVX1)                       1104808.000
                                                  60835752.000 f
  U487/Y (INVX1)                       457488.000 61293240.000 r
  U1662/Y (NOR2X1)                     528984.000 61822224.000 f
  U1663/Y (NAND2X1)                    890480.000 62712704.000 r
  U549/Y (AND2X1)                      2142912.000
                                                  64855616.000 r
  U2067/Y (XOR2X1)                     4368376.000
                                                  69223992.000 f
  U417/Y (XNOR2X1)                     5969776.000
                                                  75193768.000 f
  U418/Y (INVX1)                       -1285864.000
                                                  73907904.000 r
  U841/Y (XNOR2X1)                     5845984.000
                                                  79753888.000 r
  U842/Y (INVX1)                       823856.000 80577744.000 f
  U2474/Y (NAND2X1)                    918744.000 81496488.000 r
  U2475/Y (AND2X1)                     2752872.000
                                                  84249360.000 r
  U2476/Y (XOR2X1)                     4589664.000
                                                  88839024.000 f
  U2507/Y (XOR2X1)                     5740432.000
                                                  94579456.000 r
  U572/Y (AND2X1)                      2175792.000
                                                  96755248.000 r
  U573/Y (INVX1)                       715168.000 97470416.000 f
  U2509/Y (NAND2X1)                    1362944.000
                                                  98833360.000 r
  U2510/Y (INVX1)                      1096168.000
                                                  99929528.000 f
  U776/Y (AND2X1)                      2458304.000
                                                  102387832.000 f
  U777/Y (INVX1)                       -1185808.000
                                                  101202024.000 r
  U546/Y (NAND2X1)                     1050008.000
                                                  102252032.000 f
  U2513/Y (NAND2X1)                    1752608.000
                                                  104004640.000 r
  U2519/Y (INVX1)                      1116696.000
                                                  105121336.000 f
  U2521/Y (NAND2X1)                    919352.000 106040688.000 r
  U2522/Y (NAND2X1)                    1126472.000
                                                  107167160.000 f
  U2523/Y (NAND2X1)                    1394760.000
                                                  108561920.000 r
  U470/Y (AND2X1)                      2165472.000
                                                  110727392.000 r
  U471/Y (INVX1)                       736112.000 111463504.000 f
  U2524/Y (INVX1)                      471816.000 111935320.000 r
  U2567/Y (NAND2X1)                    803120.000 112738440.000 f
  U2568/Y (NAND2X1)                    1747928.000
                                                  114486368.000 r
  U387/Y (INVX1)                       1118872.000
                                                  115605240.000 f
  U388/Y (INVX1)                       450336.000 116055576.000 r
  U2569/Y (NOR2X1)                     533968.000 116589544.000 f
  U2572/Y (NOR2X1)                     1190192.000
                                                  117779736.000 r
  U2576/Y (NAND2X1)                    839248.000 118618984.000 f
  U2578/Y (NAND2X1)                    1341920.000
                                                  119960904.000 r
  U2579/Y (INVX1)                      1107128.000
                                                  121068032.000 f
  U2580/Y (NAND2X1)                    1284256.000
                                                  122352288.000 r
  U2583/Y (NAND2X1)                    848080.000 123200368.000 f
  U2585/Y (NAND2X1)                    1341832.000
                                                  124542200.000 r
  U2586/Y (INVX1)                      1096168.000
                                                  125638368.000 f
  U2589/Y (NAND2X1)                    919328.000 126557696.000 r
  U2590/Y (NAND2X1)                    848352.000 127406048.000 f
  U2592/Y (NAND2X1)                    885504.000 128291552.000 r
  U2596/Y (NAND2X1)                    865112.000 129156664.000 f
  U2600/Y (NAND2X1)                    883048.000 130039712.000 r
  U2601/Y (NAND2X1)                    1154800.000
                                                  131194512.000 f
  U2602/Y (NAND2X1)                    1404592.000
                                                  132599104.000 r
  U550/Y (AND2X1)                      2165056.000
                                                  134764160.000 r
  U498/Y (INVX1)                       737120.000 135501280.000 f
  U2608/Y (NAND2X1)                    914784.000 136416064.000 r
  U2609/Y (NAND2X1)                    1229152.000
                                                  137645216.000 f
  U347/Y (INVX1)                       226432.000 137871648.000 r
  U348/Y (INVX1)                       646688.000 138518336.000 f
  U2613/Y (NOR2X1)                     1157696.000
                                                  139676032.000 r
  U2617/Y (NOR2X1)                     151344.000 139827376.000 f
  U2621/Y (NAND2X1)                    880416.000 140707792.000 r
  U2623/Y (NAND2X1)                    930992.000 141638784.000 f
  U2624/Y (NAND2X1)                    1394992.000
                                                  143033776.000 r
  U2628/Y (NAND2X1)                    866032.000 143899808.000 f
  U2631/Y (NAND2X1)                    879552.000 144779360.000 r
  U2632/Y (NAND2X1)                    1151008.000
                                                  145930368.000 f
  U2636/Y (NAND2X1)                    1341904.000
                                                  147272272.000 r
  U2637/Y (INVX1)                      1116464.000
                                                  148388736.000 f
  U2643/Y (NAND2X1)                    919344.000 149308080.000 r
  U2649/Y (NAND2X1)                    848096.000 150156176.000 f
  U2651/Y (NAND2X1)                    1341920.000
                                                  151498096.000 r
  U2654/Y (INVX1)                      1095936.000
                                                  152594032.000 f
  U2655/Y (NAND2X1)                    1284304.000
                                                  153878336.000 r
  U2656/Y (NAND2X1)                    1126096.000
                                                  155004432.000 f
  U2657/Y (NAND2X1)                    1394672.000
                                                  156399104.000 r
  U551/Y (AND2X1)                      2165488.000
                                                  158564592.000 r
  U497/Y (INVX1)                       736992.000 159301584.000 f
  U2663/Y (NOR2X1)                     1161600.000
                                                  160463184.000 r
  U2667/Y (NOR2X1)                     99056.000  160562240.000 f
  U2670/Y (NAND2X1)                    886512.000 161448752.000 r
  U2674/Y (OR2X1)                      2561248.000
                                                  164010000.000 r
  U2679/Y (NAND2X1)                    797440.000 164807440.000 f
  U2681/Y (NAND2X1)                    885504.000 165692944.000 r
  U2682/Y (OR2X1)                      2605456.000
                                                  168298400.000 r
  U2686/Y (NAND2X1)                    797440.000 169095840.000 f
  U2688/Y (NAND2X1)                    885504.000 169981344.000 r
  U2692/Y (OR2X1)                      2607520.000
                                                  172588864.000 r
  U2697/Y (NAND2X1)                    797248.000 173386112.000 f
  U2699/Y (NAND2X1)                    885520.000 174271632.000 r
  U2705/Y (OR2X1)                      2606480.000
                                                  176878112.000 r
  U2706/Y (NAND2X1)                    1044752.000
                                                  177922864.000 f
  U2707/Y (NAND2X1)                    1379376.000
                                                  179302240.000 r
  U2708/Y (NAND2X1)                    1150768.000
                                                  180453008.000 f
  U2709/Y (NAND2X1)                    1399312.000
                                                  181852320.000 r
  U882/Y (AND2X1)                      1807840.000
                                                  183660160.000 r
  U323/Y (AND2X1)                      2181120.000
                                                  185841280.000 r
  U324/Y (INVX1)                       713424.000 186554704.000 f
  U2718/Y (NAND2X1)                    918864.000 187473568.000 r
  U2723/Y (NAND2X1)                    862912.000 188336480.000 f
  out[0] (out)                            0.000   188336480.000 f
  data arrival time                               188336480.000

  clock clk (rise edge)                250000000.000
                                                  250000000.000
  clock network delay (ideal)             0.000   250000000.000
  clock reconvergence pessimism           0.000   250000000.000
  output external delay                   0.000   250000000.000
  data required time                              250000000.000
  ---------------------------------------------------------------
  data required time                              250000000.000
  data arrival time                               -188336480.000
  ---------------------------------------------------------------
  slack (MET)                                     61663520.000


1
