 
****************************************
Report : timing
        -path full
        -delay max
        -max_paths 1
Design : top
Version: S-2021.06-SP2
Date   : Sat Dec  3 11:28:11 2022
****************************************

Operating Conditions: TT   Library: PPDK_Standard_Library_1.0V_25C_TYP_X1
Wire Load Model Mode: top

  Startpoint: inp[18] (input port clocked by clk)
  Endpoint: out[0] (output port clocked by clk)
  Path Group: clk
  Path Type: max

  Point                                    Incr       Path
  -----------------------------------------------------------
  clock clk (rise edge)                   0.000      0.000
  clock network delay (ideal)             0.000      0.000
  input external delay                    0.000      0.000 r
  inp[18] (in)                            0.000      0.000 r
  U690/Y (INVX1)                       53903.805  53903.805 f
  U721/Y (NAND2X1)                     1287997.625
                                                  1341901.375 r
  U300/Y (AND2X1)                      2174385.000
                                                  3516286.500 r
  U301/Y (INVX1)                       732846.000 4249132.500 f
  U421/Y (AND2X1)                      2035949.000
                                                  6285081.500 f
  U422/Y (INVX1)                       -1173032.000
                                                  5112049.500 r
  U473/Y (AND2X1)                      1881335.500
                                                  6993385.000 r
  U474/Y (INVX1)                       707902.000 7701287.000 f
  U262/Y (AND2X1)                      2034875.000
                                                  9736162.000 f
  U263/Y (INVX1)                       -1267890.000
                                                  8468272.000 r
  U431/Y (AND2X1)                      1880912.000
                                                  10349184.000 r
  U432/Y (INVX1)                       715564.000 11064748.000 f
  U348/Y (AND2X1)                      2458080.000
                                                  13522828.000 f
  U349/Y (INVX1)                       -229840.000
                                                  13292988.000 r
  U747/Y (INVX1)                       651863.000 13944851.000 f
  U748/Y (NAND2X1)                     1291775.000
                                                  15236626.000 r
  U152/Y (AND2X1)                      2174402.000
                                                  17411028.000 r
  U153/Y (INVX1)                       715838.000 18126866.000 f
  U752/Y (XOR2X1)                      4914942.000
                                                  23041808.000 r
  U78/Y (AND2X1)                       2173720.000
                                                  25215528.000 r
  U79/Y (INVX1)                        716062.000 25931590.000 f
  U80/Y (AND2X1)                       2034886.000
                                                  27966476.000 f
  U81/Y (INVX1)                        -1199358.000
                                                  26767118.000 r
  U571/Y (AND2X1)                      1881844.000
                                                  28648962.000 r
  U572/Y (INVX1)                       708818.000 29357780.000 f
  U759/Y (NAND2X1)                     1285908.000
                                                  30643688.000 r
  U382/Y (AND2X1)                      1818718.000
                                                  32462406.000 r
  U383/Y (INVX1)                       716280.000 33178686.000 f
  U766/Y (OR2X1)                       2115222.000
                                                  35293908.000 f
  U577/Y (AND2X1)                      2434372.000
                                                  37728280.000 f
  U578/Y (INVX1)                       -1327732.000
                                                  36400548.000 r
  U88/Y (AND2X1)                       1881428.000
                                                  38281976.000 r
  U89/Y (INVX1)                        715596.000 38997572.000 f
  U773/Y (NAND2X1)                     1285744.000
                                                  40283316.000 r
  U104/Y (AND2X1)                      1818752.000
                                                  42102068.000 r
  U105/Y (INVX1)                       709044.000 42811112.000 f
  U775/Y (OR2X1)                       2115208.000
                                                  44926320.000 f
  U557/Y (AND2X1)                      2048496.000
                                                  46974816.000 f
  U558/Y (INVX1)                       -1453012.000
                                                  45521804.000 r
  U437/Y (AND2X1)                      1882000.000
                                                  47403804.000 r
  U438/Y (INVX1)                       715796.000 48119600.000 f
  U463/Y (AND2X1)                      2034888.000
                                                  50154488.000 f
  U464/Y (INVX1)                       -1301208.000
                                                  48853280.000 r
  U144/Y (AND2X1)                      1881908.000
                                                  50735188.000 r
  U145/Y (INVX1)                       715572.000 51450760.000 f
  U889/Y (NAND2X1)                     1357292.000
                                                  52808052.000 r
  U890/Y (INVX1)                       1071808.000
                                                  53879860.000 f
  U952/Y (NAND2X1)                     1285716.000
                                                  55165576.000 r
  U655/Y (OR2X1)                       1527988.000
                                                  56693564.000 r
  U954/Y (XOR2X1)                      4698352.000
                                                  61391916.000 f
  U961/Y (XOR2X1)                      5090956.000
                                                  66482872.000 r
  U497/Y (AND2X1)                      1816176.000
                                                  68299048.000 r
  U498/Y (INVX1)                       708376.000 69007424.000 f
  U356/Y (AND2X1)                      2458080.000
                                                  71465504.000 f
  U357/Y (INVX1)                       -229848.000
                                                  71235656.000 r
  U965/Y (INVX1)                       651872.000 71887528.000 f
  U966/Y (NAND2X1)                     1291792.000
                                                  73179320.000 r
  U160/Y (AND2X1)                      2174400.000
                                                  75353720.000 r
  U161/Y (INVX1)                       715624.000 76069344.000 f
  U563/Y (AND2X1)                      2034872.000
                                                  78104216.000 f
  U564/Y (INVX1)                       -1279256.000
                                                  76824960.000 r
  U968/Y (OR2X1)                       1641584.000
                                                  78466544.000 r
  U509/Y (AND2X1)                      2196640.000
                                                  80663184.000 r
  U510/Y (INVX1)                       708376.000 81371560.000 f
  U969/Y (AND2X1)                      1869144.000
                                                  83240704.000 f
  U120/Y (AND2X1)                      2431200.000
                                                  85671904.000 f
  U121/Y (INVX1)                       -1360976.000
                                                  84310928.000 r
  U593/Y (AND2X1)                      1889104.000
                                                  86200032.000 r
  U988/Y (NAND2X1)                     928688.000 87128720.000 f
  U628/Y (INVX1)                       221592.000 87350312.000 r
  U629/Y (INVX1)                       646464.000 87996776.000 f
  U989/Y (NAND2X1)                     1285992.000
                                                  89282768.000 r
  U254/Y (AND2X1)                      2174552.000
                                                  91457320.000 r
  U255/Y (INVX1)                       716008.000 92173328.000 f
  U996/Y (NAND2X1)                     918776.000 93092104.000 r
  U457/Y (AND2X1)                      2174552.000
                                                  95266656.000 r
  U458/Y (INVX1)                       716008.000 95982664.000 f
  U1000/Y (NAND2X1)                    918776.000 96901440.000 r
  U244/Y (AND2X1)                      2174552.000
                                                  99075992.000 r
  U245/Y (INVX1)                       715792.000 99791784.000 f
  U573/Y (AND2X1)                      2034888.000
                                                  101826672.000 f
  U574/Y (INVX1)                       -1278984.000
                                                  100547688.000 r
  U1003/Y (NAND2X1)                    1052640.000
                                                  101600328.000 f
  U1013/Y (XOR2X1)                     5383808.000
                                                  106984136.000 r
  U1014/Y (OR2X1)                      2357144.000
                                                  109341280.000 r
  U188/Y (AND2X1)                      2199576.000
                                                  111540856.000 r
  U189/Y (INVX1)                       707424.000 112248280.000 f
  U1053/Y (NAND2X1)                    924544.000 113172824.000 r
  U1054/Y (OR2X1)                      2340032.000
                                                  115512856.000 r
  U527/Y (AND2X1)                      1876040.000
                                                  117388896.000 r
  U528/Y (INVX1)                       715016.000 118103912.000 f
  U1070/Y (NAND2X1)                    1291576.000
                                                  119395488.000 r
  U1079/Y (NOR2X1)                     -88632.000 119306856.000 f
  U1082/Y (NOR2X1)                     1193336.000
                                                  120500192.000 r
  U134/Y (AND2X1)                      1837416.000
                                                  122337608.000 r
  U135/Y (INVX1)                       715568.000 123053176.000 f
  U447/Y (AND2X1)                      2034872.000
                                                  125088048.000 f
  U448/Y (INVX1)                       -1175000.000
                                                  123913048.000 r
  U1084/Y (OR2X1)                      1640560.000
                                                  125553608.000 r
  U539/Y (AND2X1)                      1876056.000
                                                  127429664.000 r
  U540/Y (INVX1)                       715760.000 128145424.000 f
  U565/Y (AND2X1)                      2458080.000
                                                  130603504.000 f
  U566/Y (INVX1)                       -1175000.000
                                                  129428504.000 r
  U1097/Y (OR2X1)                      1640560.000
                                                  131069064.000 r
  U569/Y (AND2X1)                      2196832.000
                                                  133265896.000 r
  U570/Y (INVX1)                       708536.000 133974432.000 f
  U1103/Y (NAND2X1)                    1285792.000
                                                  135260224.000 r
  U116/Y (AND2X1)                      2174576.000
                                                  137434800.000 r
  U117/Y (INVX1)                       715568.000 138150368.000 f
  U200/Y (AND2X1)                      2034880.000
                                                  140185248.000 f
  U201/Y (INVX1)                       -1186160.000
                                                  138999088.000 r
  U459/Y (AND2X1)                      1881840.000
                                                  140880928.000 r
  U460/Y (INVX1)                       707648.000 141588576.000 f
  U481/Y (AND2X1)                      2458080.000
                                                  144046656.000 f
  U482/Y (INVX1)                       -1187264.000
                                                  142859392.000 r
  U1104/Y (AND2X1)                     1973392.000
                                                  144832784.000 r
  U1108/Y (NAND2X1)                    814528.000 145647312.000 f
  out[0] (out)                            0.000   145647312.000 f
  data arrival time                               145647312.000

  clock clk (rise edge)                200000000.000
                                                  200000000.000
  clock network delay (ideal)             0.000   200000000.000
  output external delay                   0.000   200000000.000
  data required time                              200000000.000
  -----------------------------------------------------------
  data required time                              200000000.000
  data arrival time                               -145647312.000
  -----------------------------------------------------------
  slack (MET)                                     54352688.000


1
