Information: Updating design information... (UID-85)
 
****************************************
Report : qor
Design : top
Version: S-2021.06-SP2
Date   : Sat Dec  3 11:28:11 2022
****************************************


  Timing Path Group 'clk'
  -----------------------------------
  Levels of Logic:             117.00
  Critical Path Length:  145647312.00
  Critical Path Slack:    54352688.00
  Critical Path Clk Period:
                         200000000.00
  Total Negative Slack:          0.00
  No. of Violating Paths:        0.00
  Worst Hold Violation:          0.00
  Total Hold Violation:          0.00
  No. of Hold Violations:        0.00
  -----------------------------------


  Cell Count
  -----------------------------------
  Hierarchical Cell Count:          0
  Hierarchical Port Count:          0
  Leaf Cell Count:               1037
  Buf/Inv Cell Count:             384
  Buf Cell Count:                   0
  Inv Cell Count:                 384
  CT Buf/Inv Cell Count:            0
  Combinational Cell Count:      1037
  Sequential Cell Count:            0
  Macro Count:                      0
  -----------------------------------


  Area
  -----------------------------------
  Combinational Area:
                     392957998.000000
  Noncombinational Area:     0.000000
  Buf/Inv Area:       87713280.000000
  Total Buffer Area:             0.00
  Total Inverter Area:    87713280.00
  Macro/Black Box Area:      0.000000
  Net Area:                  0.000000
  -----------------------------------
  Cell Area:         392957998.000000
  Design Area:       392957998.000000


  Design Rules
  -----------------------------------
  Total Number of Nets:          1054
  Nets With Violations:          1037
  Max Trans Violations:          1037
  Max Cap Violations:               0
  -----------------------------------


  Hostname: leoforos

  Compile CPU Statistics
  -----------------------------------------
  Resource Sharing:                    1.80
  Logic Optimization:                  0.08
  Mapping Optimization:                1.20
  -----------------------------------------
  Overall Compile Time:               21.91
  Overall Compile Wall Clock Time:    22.26

  --------------------------------------------------------------------

  Design  WNS: 0.00  TNS: 0.00  Number of Violating Paths: 0


  Design (Hold)  WNS: 0.00  TNS: 0.00  Number of Violating Paths: 0

  --------------------------------------------------------------------


1
