Information: Updating design information... (UID-85)
 
****************************************
Report : qor
Design : top
Version: S-2021.06-SP2
Date   : Tue Nov 29 17:08:21 2022
****************************************


  Timing Path Group 'clk'
  -----------------------------------
  Levels of Logic:             161.00
  Critical Path Length:  249877040.00
  Critical Path Slack:      122960.00
  Critical Path Clk Period:
                         250000000.00
  Total Negative Slack:          0.00
  No. of Violating Paths:        0.00
  Worst Hold Violation:          0.00
  Total Hold Violation:          0.00
  No. of Hold Violations:        0.00
  -----------------------------------


  Cell Count
  -----------------------------------
  Hierarchical Cell Count:          0
  Hierarchical Port Count:          0
  Leaf Cell Count:               4819
  Buf/Inv Cell Count:             986
  Buf Cell Count:                   0
  Inv Cell Count:                 986
  CT Buf/Inv Cell Count:            0
  Combinational Cell Count:      4819
  Sequential Cell Count:            0
  Macro Count:                      0
  -----------------------------------


  Area
  -----------------------------------
  Combinational Area:
                    1989614676.000000
  Noncombinational Area:     0.000000
  Buf/Inv Area:      225222120.000000
  Total Buffer Area:             0.00
  Total Inverter Area:   225222120.00
  Macro/Black Box Area:      0.000000
  Net Area:                  0.000000
  -----------------------------------
  Cell Area:        1989614676.000000
  Design Area:      1989614676.000000


  Design Rules
  -----------------------------------
  Total Number of Nets:          4883
  Nets With Violations:          4818
  Max Trans Violations:          4818
  Max Cap Violations:               0
  -----------------------------------


  Hostname: leoforos

  Compile CPU Statistics
  -----------------------------------------
  Resource Sharing:                    2.21
  Logic Optimization:                  0.38
  Mapping Optimization:                4.24
  -----------------------------------------
  Overall Compile Time:               26.32
  Overall Compile Wall Clock Time:    27.85

  --------------------------------------------------------------------

  Design  WNS: 0.00  TNS: 0.00  Number of Violating Paths: 0


  Design (Hold)  WNS: 0.00  TNS: 0.00  Number of Violating Paths: 0

  --------------------------------------------------------------------


1
