 
****************************************
Report : area
Design : top
Version: S-2021.06-SP2
Date   : Tue Nov 29 17:08:21 2022
****************************************

Library(s) Used:

    PPDK_Standard_Library_1.0V_25C_TYP_X1 (File: /home/akokkinis/synLibs/egfet/db/EGFET_1.0V.db)

Number of ports:                           68
Number of nets:                          4883
Number of cells:                         4819
Number of combinational cells:           4819
Number of sequential cells:                 0
Number of macros/black boxes:               0
Number of buf/inv:                        986
Number of references:                       7

Combinational area:         1989614676.000000
Buf/Inv area:                225222120.000000
Noncombinational area:               0.000000
Macro/Black Box area:                0.000000
Net Interconnect area:      undefined  (No wire load specified)

Total cell area:            1989614676.000000
Total area:                 undefined
1
