Information: Updating design information... (UID-85)
 
****************************************
Report : qor
Design : top
Version: S-2021.06-SP2
Date   : Tue Nov 29 17:11:37 2022
****************************************


  Timing Path Group 'clk'
  -----------------------------------
  Levels of Logic:             107.00
  Critical Path Length:  201559872.00
  Critical Path Slack:    48440128.00
  Critical Path Clk Period:
                         250000000.00
  Total Negative Slack:          0.00
  No. of Violating Paths:        0.00
  Worst Hold Violation:          0.00
  Total Hold Violation:          0.00
  No. of Hold Violations:        0.00
  -----------------------------------


  Cell Count
  -----------------------------------
  Hierarchical Cell Count:          0
  Hierarchical Port Count:          0
  Leaf Cell Count:               1439
  Buf/Inv Cell Count:             320
  Buf Cell Count:                   0
  Inv Cell Count:                 320
  CT Buf/Inv Cell Count:            0
  Combinational Cell Count:      1439
  Sequential Cell Count:            0
  Macro Count:                      0
  -----------------------------------


  Area
  -----------------------------------
  Combinational Area:
                     487929279.000000
  Noncombinational Area:     0.000000
  Buf/Inv Area:       73094400.000000
  Total Buffer Area:             0.00
  Total Inverter Area:    73094400.00
  Macro/Black Box Area:      0.000000
  Net Area:                  0.000000
  -----------------------------------
  Cell Area:         487929279.000000
  Design Area:       487929279.000000


  Design Rules
  -----------------------------------
  Total Number of Nets:          1484
  Nets With Violations:          1439
  Max Trans Violations:          1439
  Max Cap Violations:               0
  -----------------------------------


  Hostname: leoforos

  Compile CPU Statistics
  -----------------------------------------
  Resource Sharing:                    0.94
  Logic Optimization:                  0.10
  Mapping Optimization:                1.48
  -----------------------------------------
  Overall Compile Time:                6.49
  Overall Compile Wall Clock Time:     6.83

  --------------------------------------------------------------------

  Design  WNS: 0.00  TNS: 0.00  Number of Violating Paths: 0


  Design (Hold)  WNS: 0.00  TNS: 0.00  Number of Violating Paths: 0

  --------------------------------------------------------------------


1
