****************************************
Report : timing
	-path_type full
	-delay_type max
	-max_paths 1
	-sort_by slack
Design : top
Version: S-2021.06-SP1
Date   : Fri Dec  2 10:32:28 2022
****************************************


  Startpoint: inp[2] (input port clocked by clk)
  Endpoint: out[0] (output port clocked by clk)
  Path Group: clk
  Path Type: max

  Point                                    Incr       Path
  ---------------------------------------------------------------
  clock clk (rise edge)                   0.000      0.000
  clock network delay (ideal)             0.000      0.000
  input external delay                    0.000      0.000 f
  inp[2] (in)                             0.000      0.000 f
  U1903/Y (INVX1)                      633904.000 633904.000 r
  U1988/Y (XOR2X1)                     4528400.000
                                                  5162304.000 f
  U1989/Y (XNOR2X1)                    6056800.000
                                                  11219104.000 f
  U1993/Y (XNOR2X1)                    4371328.000
                                                  15590432.000 r
  U1997/Y (AND2X1)                     2170944.000
                                                  17761376.000 r
  U1998/Y (INVX1)                      716736.000 18478112.000 f
  U1999/Y (NAND2X1)                    1303344.000
                                                  19781456.000 r
  U2005/Y (OR2X1)                      2349264.000
                                                  22130720.000 r
  U2006/Y (NAND2X1)                    1052144.000
                                                  23182864.000 f
  U2137/Y (XOR2X1)                     5384272.000
                                                  28567136.000 r
  U2138/Y (XOR2X1)                     4742256.000
                                                  33309392.000 f
  U2144/Y (XOR2X1)                     5083072.000
                                                  38392464.000 r
  U2145/Y (XOR2X1)                     4754160.000
                                                  43146624.000 f
  U2146/Y (OR2X1)                      2057408.000
                                                  45204032.000 f
  U2220/Y (NAND2X1)                    873792.000 46077824.000 r
  U2221/Y (NAND2X1)                    865216.000 46943040.000 f
  U2222/Y (NAND2X1)                    1380688.000
                                                  48323728.000 r
  U2224/Y (NAND2X1)                    866256.000 49189984.000 f
  U2227/Y (NOR2X1)                     1196560.000
                                                  50386544.000 r
  U784/Y (OR2X1)                       2133536.000
                                                  52520080.000 r
  U2232/Y (NAND2X1)                    808176.000 53328256.000 f
  U2233/Y (NAND2X1)                    1399296.000
                                                  54727552.000 r
  U2235/Y (NAND2X1)                    868368.000 55595920.000 f
  U2237/Y (NAND2X1)                    1399280.000
                                                  56995200.000 r
  U2239/Y (AND2X1)                     1794448.000
                                                  58789648.000 r
  U2240/Y (INVX1)                      719904.000 59509552.000 f
  U2241/Y (NAND2X1)                    1746832.000
                                                  61256384.000 r
  U237/Y (INVX1)                       1216592.000
                                                  62472976.000 f
  U238/Y (INVX1)                       483344.000 62956320.000 r
  U2281/Y (NAND2X1)                    930464.000 63886784.000 f
  U2889/Y (XOR2X1)                     5294304.000
                                                  69181088.000 r
  U740/Y (XNOR2X1)                     5494576.000
                                                  74675664.000 r
  U120/Y (AND2X1)                      2171856.000
                                                  76847520.000 r
  U121/Y (INVX1)                       716448.000 77563968.000 f
  U2931/Y (NAND2X1)                    924400.000 78488368.000 r
  U182/Y (XNOR2X1)                     5496416.000
                                                  83984784.000 r
  U183/Y (INVX1)                       960448.000 84945232.000 f
  U2937/Y (INVX1)                      434016.000 85379248.000 r
  U2951/Y (NAND2X1)                    801280.000 86180528.000 f
  U2967/Y (NAND2X1)                    879552.000 87060080.000 r
  U2970/Y (NAND2X1)                    866256.000 87926336.000 f
  U2971/Y (NOR2X1)                     1195024.000
                                                  89121360.000 r
  U2977/Y (OR2X1)                      2202464.000
                                                  91323824.000 r
  U2979/Y (NAND2X1)                    808064.000 92131888.000 f
  U2980/Y (NAND2X1)                    1399968.000
                                                  93531856.000 r
  U2981/Y (NAND2X1)                    868432.000 94400288.000 f
  U2982/Y (NAND2X1)                    1380688.000
                                                  95780976.000 r
  U2984/Y (NAND2X1)                    866272.000 96647248.000 f
  U2985/Y (OR2X1)                      2087744.000
                                                  98734992.000 f
  U2989/Y (NAND2X1)                    872208.000 99607200.000 r
  U2991/Y (NAND2X1)                    866256.000 100473456.000 f
  U2992/Y (NOR2X1)                     1196896.000
                                                  101670352.000 r
  U2997/Y (OR2X1)                      2202464.000
                                                  103872816.000 r
  U2999/Y (NAND2X1)                    932064.000 104804880.000 f
  U3007/Y (NAND2X1)                    1395216.000
                                                  106200096.000 r
  U3008/Y (NAND2X1)                    1156880.000
                                                  107356976.000 f
  U3009/Y (NAND2X1)                    1399984.000
                                                  108756960.000 r
  U3011/Y (NAND2X1)                    869280.000 109626240.000 f
  U3012/Y (OR2X1)                      2087744.000
                                                  111713984.000 f
  U3016/Y (NAND2X1)                    872200.000 112586184.000 r
  U3018/Y (NAND2X1)                    865432.000 113451616.000 f
  U3098/Y (XNOR2X1)                    4367160.000
                                                  117818776.000 r
  U548/Y (AND2X1)                      1806680.000
                                                  119625456.000 r
  U549/Y (INVX1)                       720208.000 120345664.000 f
  U3190/Y (NAND2X1)                    918880.000 121264544.000 r
  U3191/Y (NAND2X1)                    1154688.000
                                                  122419232.000 f
  U3193/Y (NAND2X1)                    879368.000 123298600.000 r
  U3194/Y (NAND2X1)                    1237064.000
                                                  124535664.000 f
  U3622/Y (NAND2X1)                    1399784.000
                                                  125935448.000 r
  U3623/Y (NAND2X1)                    1154840.000
                                                  127090288.000 f
  U3624/Y (NAND2X1)                    1400096.000
                                                  128490384.000 r
  U3625/Y (NAND2X1)                    1156096.000
                                                  129646480.000 f
  U3628/Y (NAND2X1)                    879280.000 130525760.000 r
  U3629/Y (NAND2X1)                    1151000.000
                                                  131676760.000 f
  U3637/Y (NAND2X1)                    879584.000 132556344.000 r
  U3640/Y (AND2X1)                     1798472.000
                                                  134354816.000 r
  U3641/Y (INVX1)                      715536.000 135070352.000 f
  U3644/Y (NAND2X1)                    918864.000 135989216.000 r
  U3645/Y (NAND2X1)                    1151008.000
                                                  137140224.000 f
  U3648/Y (NAND2X1)                    879616.000 138019840.000 r
  U3649/Y (NAND2X1)                    1156688.000
                                                  139176528.000 f
  U3651/Y (NAND2X1)                    879248.000 140055776.000 r
  U3652/Y (NAND2X1)                    1153328.000
                                                  141209104.000 f
  U3654/Y (NAND2X1)                    879456.000 142088560.000 r
  U3655/Y (NAND2X1)                    1153328.000
                                                  143241888.000 f
  U3663/Y (NAND2X1)                    879456.000 144121344.000 r
  U3671/Y (NAND2X1)                    863680.000 144985024.000 f
  U3672/Y (AND2X1)                     1854176.000
                                                  146839200.000 f
  U3675/Y (NAND2X1)                    864432.000 147703632.000 r
  U3676/Y (NAND2X1)                    1151088.000
                                                  148854720.000 f
  U3679/Y (NAND2X1)                    879616.000 149734336.000 r
  U3680/Y (NAND2X1)                    1151024.000
                                                  150885360.000 f
  U3685/Y (NAND2X1)                    1336016.000
                                                  152221376.000 r
  U3686/Y (INVX1)                      1116000.000
                                                  153337376.000 f
  U3692/Y (NAND2X1)                    1357552.000
                                                  154694928.000 r
  U3693/Y (INVX1)                      1096272.000
                                                  155791200.000 f
  U3695/Y (NAND2X1)                    919328.000 156710528.000 r
  U3696/Y (NAND2X1)                    1236096.000
                                                  157946624.000 f
  U3774/Y (NAND2X1)                    881008.000 158827632.000 r
  U3776/Y (NAND2X1)                    931776.000 159759408.000 f
  U3784/Y (NAND2X1)                    1394992.000
                                                  161154400.000 r
  U3794/Y (NAND2X1)                    866032.000 162020432.000 f
  U3795/Y (NAND2X1)                    1394688.000
                                                  163415120.000 r
  U3796/Y (NAND2X1)                    1154736.000
                                                  164569856.000 f
  U3797/Y (NAND2X1)                    1400080.000
                                                  165969936.000 r
  U3806/Y (NAND2X1)                    866864.000 166836800.000 f
  U3809/Y (NAND2X1)                    879360.000 167716160.000 r
  U3810/Y (NAND2X1)                    1151040.000
                                                  168867200.000 f
  U3811/Y (NAND2X1)                    1399392.000
                                                  170266592.000 r
  U3814/Y (NAND2X1)                    866752.000 171133344.000 f
  U3815/Y (NAND2X1)                    1394688.000
                                                  172528032.000 r
  U3816/Y (NAND2X1)                    1154720.000
                                                  173682752.000 f
  U3817/Y (NAND2X1)                    1400096.000
                                                  175082848.000 r
  U3820/Y (NAND2X1)                    866880.000 175949728.000 f
  U3821/Y (NAND2X1)                    1394688.000
                                                  177344416.000 r
  U3828/Y (NAND2X1)                    865984.000 178210400.000 f
  U3838/Y (NAND2X1)                    879360.000 179089760.000 r
  U3841/Y (AND2X1)                     687056.000 179776816.000 r
  U3844/Y (NAND2X1)                    856192.000 180633008.000 f
  U3845/Y (NAND2X1)                    1400112.000
                                                  182033120.000 r
  U3848/Y (NAND2X1)                    866880.000 182900000.000 f
  U3849/Y (NAND2X1)                    1394704.000
                                                  184294704.000 r
  U3852/Y (NAND2X1)                    866000.000 185160704.000 f
  U3853/Y (NAND2X1)                    1394688.000
                                                  186555392.000 r
  U3858/Y (NAND2X1)                    865984.000 187421376.000 f
  U3861/Y (NAND2X1)                    1436416.000
                                                  188857792.000 r
  U281/Y (INVX1)                       1172608.000
                                                  190030400.000 f
  U282/Y (INVX1)                       968672.000 190999072.000 r
  U344/Y (INVX1)                       648720.000 191647792.000 f
  U3905/Y (AND2X1)                     2035088.000
                                                  193682880.000 f
  U3906/Y (INVX1)                      -1306624.000
                                                  192376256.000 r
  U3907/Y (NAND2X1)                    1052096.000
                                                  193428352.000 f
  U3917/Y (OR2X1)                      2092416.000
                                                  195520768.000 f
  U3918/Y (NAND2X1)                    1425744.000
                                                  196946512.000 r
  U3924/Y (OR2X1)                      2657040.000
                                                  199603552.000 r
  U3925/Y (NAND2X1)                    1217952.000
                                                  200821504.000 f
  U3929/Y (NAND2X1)                    881472.000 201702976.000 r
  U3932/Y (NAND2X1)                    866096.000 202569072.000 f
  U3936/Y (NAND2X1)                    885504.000 203454576.000 r
  U3942/Y (OR2X1)                      2561264.000
                                                  206015840.000 r
  U3943/Y (NAND2X1)                    1047936.000
                                                  207063776.000 f
  U3944/Y (NAND2X1)                    1380000.000
                                                  208443776.000 r
  U3946/Y (NAND2X1)                    864480.000 209308256.000 f
  U3950/Y (OR2X1)                      2092640.000
                                                  211400896.000 f
  U3951/Y (NAND2X1)                    1425792.000
                                                  212826688.000 r
  U3957/Y (OR2X1)                      2657120.000
                                                  215483808.000 r
  U3958/Y (NAND2X1)                    1045056.000
                                                  216528864.000 f
  U3959/Y (NAND2X1)                    1379456.000
                                                  217908320.000 r
  U3961/Y (NAND2X1)                    864400.000 218772720.000 f
  U3966/Y (NAND2X1)                    886416.000 219659136.000 r
  U3969/Y (NAND2X1)                    866016.000 220525152.000 f
  U3970/Y (NAND2X1)                    1403888.000
                                                  221929040.000 r
  U3971/Y (OR2X1)                      2605360.000
                                                  224534400.000 r
  U3974/Y (NAND2X1)                    797392.000 225331792.000 f
  U3976/Y (NAND2X1)                    887104.000 226218896.000 r
  U3977/Y (OR2X1)                      2607504.000
                                                  228826400.000 r
  U3981/Y (NAND2X1)                    797408.000 229623808.000 f
  U3983/Y (NAND2X1)                    885472.000 230509280.000 r
  U3984/Y (OR2X1)                      2607616.000
                                                  233116896.000 r
  U3988/Y (NAND2X1)                    797408.000 233914304.000 f
  U3990/Y (NAND2X1)                    1336000.000
                                                  235250304.000 r
  U3991/Y (INVX1)                      1096048.000
                                                  236346352.000 f
  U3992/Y (NAND2X1)                    1290288.000
                                                  237636640.000 r
  U3994/Y (NOR2X1)                     -85824.000 237550816.000 f
  U3998/Y (OR2X1)                      2088560.000
                                                  239639376.000 f
  U3999/Y (NAND2X1)                    1752544.000
                                                  241391920.000 r
  U4000/Y (INVX1)                      1073984.000
                                                  242465904.000 f
  U4008/Y (NAND2X1)                    1284720.000
                                                  243750624.000 r
  U4009/Y (NAND2X1)                    1126192.000
                                                  244876816.000 f
  U4010/Y (NAND2X1)                    1390144.000
                                                  246266960.000 r
  out[0] (out)                            0.000   246266960.000 r
  data arrival time                               246266960.000

  clock clk (rise edge)                250000000.000
                                                  250000000.000
  clock network delay (ideal)             0.000   250000000.000
  clock reconvergence pessimism           0.000   250000000.000
  output external delay                   0.000   250000000.000
  data required time                              250000000.000
  ---------------------------------------------------------------
  data required time                              250000000.000
  data arrival time                               -246266960.000
  ---------------------------------------------------------------
  slack (MET)                                     3733040.000


1
