 
****************************************
Report : timing
        -path full
        -delay max
        -max_paths 1
Design : top
Version: S-2021.06-SP2
Date   : Tue Nov 29 17:26:39 2022
****************************************

Operating Conditions: TT   Library: PPDK_Standard_Library_0.8V_25C_TYP_X1
Wire Load Model Mode: top

  Startpoint: inp[7] (input port clocked by clk)
  Endpoint: out[0] (output port clocked by clk)
  Path Group: clk
  Path Type: max

  Point                                    Incr       Path
  -----------------------------------------------------------
  clock clk (rise edge)                   0.000      0.000
  clock network delay (ideal)             0.000      0.000
  input external delay                    0.000      0.000 f
  inp[7] (in)                             0.000      0.000 f
  U613/Y (NAND2X1)                     1168837.125
                                                  1168837.125 r
  U616/Y (NAND2X1)                     2212666.000
                                                  3381503.000 f
  U617/Y (NAND2X1)                     836187.500 4217690.500 r
  U624/Y (NAND2X1)                     2212657.500
                                                  6430348.000 f
  U625/Y (NAND2X1)                     836896.500 7267244.500 r
  U626/Y (NAND2X1)                     2148745.500
                                                  9415990.000 f
  U627/Y (XOR2X1)                      6268006.000
                                                  15683996.000 r
  U628/Y (INVX1)                       1342496.000
                                                  17026492.000 f
  U633/Y (XOR2X1)                      5231888.000
                                                  22258380.000 r
  U327/Y (XNOR2X1)                     6627660.000
                                                  28886040.000 r
  U477/Y (INVX1)                       1046254.000
                                                  29932294.000 f
  U634/Y (XOR2X1)                      5942546.000
                                                  35874840.000 r
  U326/Y (XNOR2X1)                     7265004.000
                                                  43139844.000 r
  U674/Y (OR2X1)                       3995112.000
                                                  47134956.000 r
  U675/Y (NAND2X1)                     1361004.000
                                                  48495960.000 f
  U676/Y (NAND2X1)                     1183392.000
                                                  49679352.000 r
  U683/Y (OR2X1)                       5215068.000
                                                  54894420.000 r
  U684/Y (NAND2X1)                     1004968.000
                                                  55899388.000 f
  U685/Y (NAND2X1)                     1177184.000
                                                  57076572.000 r
  U687/Y (NAND2X1)                     1049796.000
                                                  58126368.000 f
  U688/Y (NAND2X1)                     1630848.000
                                                  59757216.000 r
  U694/Y (XOR2X1)                      5180852.000
                                                  64938068.000 f
  U695/Y (XOR2X1)                      4468724.000
                                                  69406792.000 r
  U697/Y (OR2X1)                       6971056.000
                                                  76377848.000 r
  U698/Y (NAND2X1)                     1709104.000
                                                  78086952.000 f
  U209/Y (AND2X1)                      2876416.000
                                                  80963368.000 f
  U308/Y (INVX1)                       -1081176.000
                                                  79882192.000 r
  U855/Y (XOR2X1)                      5833184.000
                                                  85715376.000 f
  U856/Y (INVX1)                       -2237888.000
                                                  83477488.000 r
  U1176/Y (XOR2X1)                     5337568.000
                                                  88815056.000 f
  U1177/Y (XOR2X1)                     6270400.000
                                                  95085456.000 r
  U1188/Y (INVX1)                      1428528.000
                                                  96513984.000 f
  U1884/Y (NAND2X1)                    1161984.000
                                                  97675968.000 r
  U1885/Y (NAND2X1)                    2205968.000
                                                  99881936.000 f
  U1886/Y (NAND2X1)                    1183448.000
                                                  101065384.000 r
  U1890/Y (OR2X1)                      5211800.000
                                                  106277184.000 r
  U1891/Y (NAND2X1)                    1004968.000
                                                  107282152.000 f
  U1892/Y (NAND2X1)                    1183088.000
                                                  108465240.000 r
  U1896/Y (OR2X1)                      5234776.000
                                                  113700016.000 r
  U1897/Y (NAND2X1)                    1361000.000
                                                  115061016.000 f
  U1898/Y (NAND2X1)                    1636424.000
                                                  116697440.000 r
  U1901/Y (INVX1)                      1252168.000
                                                  117949608.000 f
  U1902/Y (NAND2X1)                    1161952.000
                                                  119111560.000 r
  U1903/Y (NAND2X1)                    2206336.000
                                                  121317896.000 f
  U1904/Y (NAND2X1)                    1177616.000
                                                  122495512.000 r
  U1974/Y (XOR2X1)                     5903224.000
                                                  128398736.000 f
  U1975/Y (NAND2X1)                    1172200.000
                                                  129570936.000 r
  U2024/Y (NAND2X1)                    1043728.000
                                                  130614664.000 f
  U2028/Y (NAND2X1)                    835568.000 131450232.000 r
  U2030/Y (NAND2X1)                    1049232.000
                                                  132499464.000 f
  U2031/Y (NAND2X1)                    1165872.000
                                                  133665336.000 r
  U2032/Y (AND2X1)                     2841160.000
                                                  136506496.000 r
  U2033/Y (INVX1)                      816656.000 137323152.000 f
  U2086/Y (NAND2X1)                    1162016.000
                                                  138485168.000 r
  U2087/Y (NAND2X1)                    2195760.000
                                                  140680928.000 f
  U2093/Y (NAND2X1)                    836016.000 141516944.000 r
  U2094/Y (NAND2X1)                    2206352.000
                                                  143723296.000 f
  U2097/Y (NAND2X1)                    836864.000 144560160.000 r
  U2098/Y (NAND2X1)                    2142000.000
                                                  146702160.000 f
  U2101/Y (NAND2X1)                    836864.000 147539024.000 r
  U2102/Y (NAND2X1)                    2142000.000
                                                  149681024.000 f
  U2105/Y (NAND2X1)                    836864.000 150517888.000 r
  U2106/Y (NAND2X1)                    2142016.000
                                                  152659904.000 f
  U2109/Y (NAND2X1)                    836864.000 153496768.000 r
  U2110/Y (NAND2X1)                    2142000.000
                                                  155638768.000 f
  U2113/Y (NAND2X1)                    836864.000 156475632.000 r
  U2114/Y (NAND2X1)                    1476672.000
                                                  157952304.000 f
  U2115/Y (INVX1)                      -658144.000
                                                  157294160.000 r
  U2116/Y (NAND2X1)                    1410288.000
                                                  158704448.000 f
  U318/Y (NAND2X1)                     1318336.000
                                                  160022784.000 r
  U284/Y (INVX1)                       1322800.000
                                                  161345584.000 f
  U285/Y (INVX1)                       937360.000 162282944.000 r
  U343/Y (INVX1)                       700592.000 162983536.000 f
  U2164/Y (NAND2X1)                    807808.000 163791344.000 r
  U2165/Y (NAND2X1)                    2132976.000
                                                  165924320.000 f
  U2170/Y (NAND2X1)                    836384.000 166760704.000 r
  U2171/Y (NAND2X1)                    2206352.000
                                                  168967056.000 f
  U2174/Y (NAND2X1)                    836864.000 169803920.000 r
  U2175/Y (NAND2X1)                    2142016.000
                                                  171945936.000 f
  U2178/Y (NAND2X1)                    836864.000 172782800.000 r
  U2179/Y (NAND2X1)                    2142016.000
                                                  174924816.000 f
  U2182/Y (NAND2X1)                    836864.000 175761680.000 r
  U2183/Y (NAND2X1)                    2142016.000
                                                  177903696.000 f
  U2186/Y (NAND2X1)                    836864.000 178740560.000 r
  U2187/Y (NAND2X1)                    2142016.000
                                                  180882576.000 f
  U2190/Y (NAND2X1)                    836864.000 181719440.000 r
  U2191/Y (NAND2X1)                    2142032.000
                                                  183861472.000 f
  U342/Y (AND2X1)                      2338832.000
                                                  186200304.000 f
  U2194/Y (INVX1)                      -1189200.000
                                                  185011104.000 r
  U2459/Y (NAND2X1)                    1007040.000
                                                  186018144.000 f
  U2461/Y (NAND2X1)                    835696.000 186853840.000 r
  U2463/Y (OR2X1)                      5139968.000
                                                  191993808.000 r
  U2471/Y (NAND2X1)                    1004960.000
                                                  192998768.000 f
  U2472/Y (NAND2X1)                    1170864.000
                                                  194169632.000 r
  U2480/Y (OR2X1)                      5229824.000
                                                  199399456.000 r
  U2481/Y (NAND2X1)                    1361008.000
                                                  200760464.000 f
  U2482/Y (NAND2X1)                    1171776.000
                                                  201932240.000 r
  U2487/Y (OR2X1)                      5170272.000
                                                  207102512.000 r
  U2488/Y (NAND2X1)                    1361008.000
                                                  208463520.000 f
  U2489/Y (NAND2X1)                    1171776.000
                                                  209635296.000 r
  U2494/Y (OR2X1)                      5170272.000
                                                  214805568.000 r
  U2495/Y (NAND2X1)                    1361008.000
                                                  216166576.000 f
  U2496/Y (NAND2X1)                    1171760.000
                                                  217338336.000 r
  U2504/Y (OR2X1)                      5170240.000
                                                  222508576.000 r
  U2505/Y (NAND2X1)                    1361008.000
                                                  223869584.000 f
  U2506/Y (NAND2X1)                    1171760.000
                                                  225041344.000 r
  U2511/Y (NAND2X1)                    2153904.000
                                                  227195248.000 f
  U2512/Y (NAND2X1)                    1619216.000
                                                  228814464.000 r
  U2513/Y (INVX1)                      1237168.000
                                                  230051632.000 f
  U543/Y (OR2X1)                       2431552.000
                                                  232483184.000 f
  U2515/Y (NAND2X1)                    1626352.000
                                                  234109536.000 r
  U2526/Y (NAND2X1)                    2546192.000
                                                  236655728.000 f
  U2528/Y (NAND2X1)                    836864.000 237492592.000 r
  U2529/Y (NAND2X1)                    2163968.000
                                                  239656560.000 f
  out[0] (out)                            0.000   239656560.000 f
  data arrival time                               239656560.000

  clock clk (rise edge)                250000000.000
                                                  250000000.000
  clock network delay (ideal)             0.000   250000000.000
  output external delay                   0.000   250000000.000
  data required time                              250000000.000
  -----------------------------------------------------------
  data required time                              250000000.000
  data arrival time                               -239656560.000
  -----------------------------------------------------------
  slack (MET)                                     10343440.000


1
