Information: Updating design information... (UID-85)
 
****************************************
Report : qor
Design : top
Version: S-2021.06-SP2
Date   : Sun Dec  4 15:42:48 2022
****************************************


  Timing Path Group 'clk'
  -----------------------------------
  Levels of Logic:              39.00
  Critical Path Length:   48835712.00
  Critical Path Slack:   151164288.00
  Critical Path Clk Period:
                         200000000.00
  Total Negative Slack:          0.00
  No. of Violating Paths:        0.00
  Worst Hold Violation:          0.00
  Total Hold Violation:          0.00
  No. of Hold Violations:        0.00
  -----------------------------------


  Cell Count
  -----------------------------------
  Hierarchical Cell Count:          0
  Hierarchical Port Count:          0
  Leaf Cell Count:                257
  Buf/Inv Cell Count:             109
  Buf Cell Count:                   0
  Inv Cell Count:                 109
  CT Buf/Inv Cell Count:            0
  Combinational Cell Count:       257
  Sequential Cell Count:            0
  Macro Count:                      0
  -----------------------------------


  Area
  -----------------------------------
  Combinational Area: 89655112.000000
  Noncombinational Area:     0.000000
  Buf/Inv Area:       24897780.000000
  Total Buffer Area:             0.00
  Total Inverter Area:    24897780.00
  Macro/Black Box Area:      0.000000
  Net Area:                  0.000000
  -----------------------------------
  Cell Area:          89655112.000000
  Design Area:        89655112.000000


  Design Rules
  -----------------------------------
  Total Number of Nets:           275
  Nets With Violations:           257
  Max Trans Violations:           257
  Max Cap Violations:               0
  -----------------------------------


  Hostname: leoforos

  Compile CPU Statistics
  -----------------------------------------
  Resource Sharing:                    0.32
  Logic Optimization:                  0.03
  Mapping Optimization:                0.53
  -----------------------------------------
  Overall Compile Time:                1.93
  Overall Compile Wall Clock Time:     2.27

  --------------------------------------------------------------------

  Design  WNS: 0.00  TNS: 0.00  Number of Violating Paths: 0


  Design (Hold)  WNS: 0.00  TNS: 0.00  Number of Violating Paths: 0

  --------------------------------------------------------------------


1
