****************************************
Report : timing
	-path_type full
	-delay_type max
	-max_paths 1
	-sort_by slack
Design : top
Version: S-2021.06-SP1
Date   : Fri Dec 16 14:23:55 2022
****************************************


  Startpoint: inp[52] (input port clocked by clk)
  Endpoint: out[0] (output port clocked by clk)
  Path Group: clk
  Path Type: max

  Point                                    Incr       Path
  ---------------------------------------------------------------
  clock clk (rise edge)                   0.000      0.000
  clock network delay (ideal)             0.000      0.000
  input external delay                    0.000      0.000 r
  inp[52] (in)                            0.000      0.000 r
  U1294/Y (INVX1)                      56048.000  56048.000 f
  U1481/Y (NAND2X1)                    1300192.000
                                                  1356240.000 r
  U1603/Y (XOR2X1)                     4760736.000
                                                  6116976.000 f
  U1604/Y (XOR2X1)                     5084032.000
                                                  11201008.000 r
  U1617/Y (XOR2X1)                     4764240.000
                                                  15965248.000 f
  U1619/Y (XOR2X1)                     5085088.000
                                                  21050336.000 r
  U827/Y (AND2X1)                      2174352.000
                                                  23224688.000 r
  U828/Y (INVX1)                       715632.000 23940320.000 f
  U1620/Y (NAND2X1)                    1297376.000
                                                  25237696.000 r
  U340/Y (XNOR2X1)                     6323856.000
                                                  31561552.000 r
  U341/Y (INVX1)                       942912.000 32504464.000 f
  U1870/Y (XOR2X1)                     5588864.000
                                                  38093328.000 r
  U1871/Y (XOR2X1)                     4744832.000
                                                  42838160.000 f
  U1916/Y (XOR2X1)                     5738512.000
                                                  48576672.000 r
  U1947/Y (XOR2X1)                     4744560.000
                                                  53321232.000 f
  U1949/Y (NAND2X1)                    1312464.000
                                                  54633696.000 r
  U949/Y (INVX1)                       915712.000 55549408.000 f
  U950/Y (INVX1)                       439328.000 55988736.000 r
  U1950/Y (NAND2X1)                    1055472.000
                                                  57044208.000 f
  U1954/Y (XOR2X1)                     5246272.000
                                                  62290480.000 r
  U1956/Y (NAND2X1)                    929328.000 63219808.000 f
  U967/Y (INVX1)                       221152.000 63440960.000 r
  U968/Y (INVX1)                       646224.000 64087184.000 f
  U1957/Y (NAND2X1)                    1291824.000
                                                  65379008.000 r
  U1960/Y (OR2X1)                      2330720.000
                                                  67709728.000 r
  U1961/Y (NAND2X1)                    1048672.000
                                                  68758400.000 f
  U1962/Y (NAND2X1)                    1384880.000
                                                  70143280.000 r
  U1964/Y (OR2X1)                      2547040.000
                                                  72690320.000 r
  U272/Y (AND2X1)                      1882944.000
                                                  74573264.000 r
  U273/Y (INVX1)                       716512.000 75289776.000 f
  U1965/Y (AND2X1)                     2241104.000
                                                  77530880.000 f
  U1966/Y (NOR2X1)                     1217184.000
                                                  78748064.000 r
  U745/Y (AND2X1)                      1834384.000
                                                  80582448.000 r
  U746/Y (INVX1)                       714912.000 81297360.000 f
  U1986/Y (NAND2X1)                    1297568.000
                                                  82594928.000 r
  U3146/Y (NOR2X1)                     -92976.000 82501952.000 f
  U3147/Y (NAND2X1)                    883040.000 83384992.000 r
  U529/Y (NAND2X1)                     1233168.000
                                                  84618160.000 f
  U500/Y (INVX1)                       226336.000 84844496.000 r
  U501/Y (INVX1)                       666080.000 85510576.000 f
  U3183/Y (INVX1)                      504240.000 86014816.000 r
  U3337/Y (NAND2X1)                    806512.000 86821328.000 f
  U3339/Y (NAND2X1)                    1347232.000
                                                  88168560.000 r
  U3340/Y (INVX1)                      1102000.000
                                                  89270560.000 f
  U3341/Y (NAND2X1)                    1285264.000
                                                  90555824.000 r
  U3342/Y (AND2X1)                     2562304.000
                                                  93118128.000 r
  U3344/Y (XOR2X1)                     4326592.000
                                                  97444720.000 f
  U3361/Y (XOR2X1)                     5738032.000
                                                  103182752.000 r
  U3362/Y (XOR2X1)                     4744696.000
                                                  107927448.000 f
  U3363/Y (XOR2X1)                     3247632.000
                                                  111175080.000 f
  U3382/Y (XOR2X1)                     5747816.000
                                                  116922896.000 r
  U609/Y (AND2X1)                      2175608.000
                                                  119098504.000 r
  U610/Y (INVX1)                       715224.000 119813728.000 f
  U3383/Y (AND2X1)                     2243888.000
                                                  122057616.000 f
  U3387/Y (XOR2X1)                     5259496.000
                                                  127317112.000 r
  U693/Y (AND2X1)                      1818568.000
                                                  129135680.000 r
  U694/Y (INVX1)                       715240.000 129850920.000 f
  U3389/Y (AND2X1)                     2243888.000
                                                  132094808.000 f
  U3816/Y (XOR2X1)                     5461368.000
                                                  137556176.000 r
  U3839/Y (OR2X1)                      2325904.000
                                                  139882080.000 r
  U957/Y (AND2X1)                      2199680.000
                                                  142081760.000 r
  U958/Y (INVX1)                       707376.000 142789136.000 f
  U3842/Y (NAND2X1)                    918864.000 143708000.000 r
  U3843/Y (NAND2X1)                    866752.000 144574752.000 f
  U3845/Y (AND2X1)                     1857856.000
                                                  146432608.000 f
  U3846/Y (NAND2X1)                    868448.000 147301056.000 r
  U3848/Y (NAND2X1)                    848608.000 148149664.000 f
  U603/Y (AND2X1)                      2454080.000
                                                  150603744.000 f
  U604/Y (INVX1)                       -1239904.000
                                                  149363840.000 r
  U3898/Y (NAND2X1)                    1054128.000
                                                  150417968.000 f
  U3900/Y (NAND2X1)                    1339424.000
                                                  151757392.000 r
  U326/Y (INVX1)                       1104784.000
                                                  152862176.000 f
  U327/Y (INVX1)                       450560.000 153312736.000 r
  U3901/Y (NOR2X1)                     533952.000 153846688.000 f
  U3905/Y (NOR2X1)                     1195888.000
                                                  155042576.000 r
  U3909/Y (NAND2X1)                    834464.000 155877040.000 f
  U3911/Y (NAND2X1)                    1341840.000
                                                  157218880.000 r
  U3912/Y (INVX1)                      1116224.000
                                                  158335104.000 f
  U3917/Y (NAND2X1)                    919360.000 159254464.000 r
  U3921/Y (NAND2X1)                    848096.000 160102560.000 f
  U3923/Y (NAND2X1)                    879616.000 160982176.000 r
  U3924/Y (NAND2X1)                    1156000.000
                                                  162138176.000 f
  U3926/Y (NAND2X1)                    1341744.000
                                                  163479920.000 r
  U3927/Y (INVX1)                      1095952.000
                                                  164575872.000 f
  U3932/Y (NAND2X1)                    919312.000 165495184.000 r
  U3936/Y (NAND2X1)                    848112.000 166343296.000 f
  U3938/Y (NAND2X1)                    879600.000 167222896.000 r
  U3939/Y (NAND2X1)                    1156016.000
                                                  168378912.000 f
  U3941/Y (NAND2X1)                    885184.000 169264096.000 r
  U3945/Y (OR2X1)                      2612224.000
                                                  171876320.000 r
  U3946/Y (NAND2X1)                    804768.000 172681088.000 f
  U3948/Y (NAND2X1)                    885408.000 173566496.000 r
  U3951/Y (OR2X1)                      2562096.000
                                                  176128592.000 r
  U3952/Y (NAND2X1)                    1218384.000
                                                  177346976.000 f
  U512/Y (INVX1)                       233920.000 177580896.000 r
  U513/Y (INVX1)                       667072.000 178247968.000 f
  U3953/Y (INVX1)                      480512.000 178728480.000 r
  U4125/Y (NAND2X1)                    1055312.000
                                                  179783792.000 f
  U4128/Y (NAND2X1)                    1351120.000
                                                  181134912.000 r
  U4129/Y (NOR2X1)                     -318272.000
                                                  180816640.000 f
  U4135/Y (NOR2X1)                     1195888.000
                                                  182012528.000 r
  U4141/Y (NAND2X1)                    834464.000 182846992.000 f
  U4143/Y (NAND2X1)                    885296.000 183732288.000 r
  U4147/Y (OR2X1)                      2605408.000
                                                  186337696.000 r
  U4151/Y (NAND2X1)                    797440.000 187135136.000 f
  U4153/Y (NAND2X1)                    1341888.000
                                                  188477024.000 r
  U4154/Y (INVX1)                      1096576.000
                                                  189573600.000 f
  U4155/Y (NAND2X1)                    1284304.000
                                                  190857904.000 r
  U4159/Y (NAND2X1)                    848080.000 191705984.000 f
  U4161/Y (NAND2X1)                    1341744.000
                                                  193047728.000 r
  U4162/Y (INVX1)                      1096432.000
                                                  194144160.000 f
  U4167/Y (NAND2X1)                    919312.000 195063472.000 r
  U4171/Y (NAND2X1)                    848096.000 195911568.000 f
  U4173/Y (NAND2X1)                    885200.000 196796768.000 r
  U4174/Y (OR2X1)                      2606848.000
                                                  199403616.000 r
  U4178/Y (NAND2X1)                    797424.000 200201040.000 f
  U4180/Y (NAND2X1)                    1341888.000
                                                  201542928.000 r
  U4181/Y (INVX1)                      1095616.000
                                                  202638544.000 f
  U4187/Y (NAND2X1)                    919312.000 203557856.000 r
  U4188/Y (NAND2X1)                    848112.000 204405968.000 f
  U4190/Y (NAND2X1)                    1343136.000
                                                  205749104.000 r
  U4195/Y (INVX1)                      1096528.000
                                                  206845632.000 f
  U4196/Y (NAND2X1)                    919264.000 207764896.000 r
  U530/Y (NAND2X1)                     1233760.000
                                                  208998656.000 f
  U4260/Y (NAND2X1)                    1395248.000
                                                  210393904.000 r
  U4263/Y (NAND2X1)                    866080.000 211259984.000 f
  U4265/Y (NAND2X1)                    881248.000 212141232.000 r
  U4266/Y (NOR2X1)                     -312432.000
                                                  211828800.000 f
  U4267/Y (OR2X1)                      2088336.000
                                                  213917136.000 f
  U4272/Y (NAND2X1)                    871952.000 214789088.000 r
  U4274/Y (NAND2X1)                    867712.000 215656800.000 f
  U4281/Y (OR2X1)                      2087680.000
                                                  217744480.000 f
  U4282/Y (NAND2X1)                    1421520.000
                                                  219166000.000 r
  U4283/Y (NAND2X1)                    1161648.000
                                                  220327648.000 f
  U4285/Y (NAND2X1)                    884832.000 221212480.000 r
  U4289/Y (OR2X1)                      2655792.000
                                                  223868272.000 r
  U4293/Y (NAND2X1)                    797424.000 224665696.000 f
  U4295/Y (NAND2X1)                    885520.000 225551216.000 r
  U4300/Y (OR2X1)                      2605408.000
                                                  228156624.000 r
  U4303/Y (NAND2X1)                    797440.000 228954064.000 f
  U4305/Y (NAND2X1)                    887088.000 229841152.000 r
  U4306/Y (OR2X1)                      2605408.000
                                                  232446560.000 r
  U4309/Y (NAND2X1)                    797424.000 233243984.000 f
  U4311/Y (NAND2X1)                    881200.000 234125184.000 r
  U4317/Y (NAND2X1)                    866912.000 234992096.000 f
  U4318/Y (NAND2X1)                    1399360.000
                                                  236391456.000 r
  U1083/Y (AND2X1)                     1807824.000
                                                  238199280.000 r
  U268/Y (AND2X1)                      2181472.000
                                                  240380752.000 r
  U269/Y (INVX1)                       713312.000 241094064.000 f
  U4330/Y (NAND2X1)                    913216.000 242007280.000 r
  out[0] (out)                            0.000   242007280.000 r
  data arrival time                               242007280.000

  clock clk (rise edge)                250000000.000
                                                  250000000.000
  clock network delay (ideal)             0.000   250000000.000
  clock reconvergence pessimism           0.000   250000000.000
  output external delay                   0.000   250000000.000
  data required time                              250000000.000
  ---------------------------------------------------------------
  data required time                              250000000.000
  data arrival time                               -242007280.000
  ---------------------------------------------------------------
  slack (MET)                                     7992720.000


1
