Information: Updating design information... (UID-85)
 
****************************************
Report : qor
Design : top
Version: S-2021.06-SP2
Date   : Fri Dec 16 14:23:48 2022
****************************************


  Timing Path Group 'clk'
  -----------------------------------
  Levels of Logic:             150.00
  Critical Path Length:  242007504.00
  Critical Path Slack:     7992496.00
  Critical Path Clk Period:
                         250000000.00
  Total Negative Slack:          0.00
  No. of Violating Paths:        0.00
  Worst Hold Violation:          0.00
  Total Hold Violation:          0.00
  No. of Hold Violations:        0.00
  -----------------------------------


  Cell Count
  -----------------------------------
  Hierarchical Cell Count:          0
  Hierarchical Port Count:          0
  Leaf Cell Count:               4124
  Buf/Inv Cell Count:             901
  Buf Cell Count:                   0
  Inv Cell Count:                 901
  CT Buf/Inv Cell Count:            0
  Combinational Cell Count:      4124
  Sequential Cell Count:            0
  Macro Count:                      0
  -----------------------------------


  Area
  -----------------------------------
  Combinational Area:
                    1673730232.000000
  Noncombinational Area:     0.000000
  Buf/Inv Area:      205806420.000000
  Total Buffer Area:             0.00
  Total Inverter Area:   205806420.00
  Macro/Black Box Area:      0.000000
  Net Area:                  0.000000
  -----------------------------------
  Cell Area:        1673730232.000000
  Design Area:      1673730232.000000


  Design Rules
  -----------------------------------
  Total Number of Nets:          4188
  Nets With Violations:          4123
  Max Trans Violations:          4123
  Max Cap Violations:               0
  -----------------------------------


  Hostname: leoforos

  Compile CPU Statistics
  -----------------------------------------
  Resource Sharing:                    1.81
  Logic Optimization:                  0.21
  Mapping Optimization:                2.82
  -----------------------------------------
  Overall Compile Time:               21.98
  Overall Compile Wall Clock Time:    23.30

  --------------------------------------------------------------------

  Design  WNS: 0.00  TNS: 0.00  Number of Violating Paths: 0


  Design (Hold)  WNS: 0.00  TNS: 0.00  Number of Violating Paths: 0

  --------------------------------------------------------------------


1
