 
****************************************
Report : timing
        -path full
        -delay max
        -max_paths 1
Design : top
Version: S-2021.06-SP2
Date   : Sun Dec 18 18:43:50 2022
****************************************

Operating Conditions: TT   Library: PPDK_Standard_Library_0.6V_25C_TYP_X1
Wire Load Model Mode: top

  Startpoint: inp[10] (input port clocked by clk)
  Endpoint: out[0] (output port clocked by clk)
  Path Group: clk
  Path Type: max

  Point                                    Incr       Path
  -----------------------------------------------------------
  clock clk (rise edge)                   0.000      0.000
  clock network delay (ideal)             0.000      0.000
  input external delay                    0.000      0.000 r
  inp[10] (in)                            0.000      0.000 r
  U182/Y (AND2X1)                      3081095.000
                                                  3081095.000 r
  U183/Y (INVX1)                       1068407.000
                                                  4149502.000 f
  U378/Y (NAND2X1)                     674372.000 4823874.000 r
  U144/Y (AND2X1)                      2539716.500
                                                  7363590.500 r
  U145/Y (INVX1)                       1299317.500
                                                  8662908.000 f
  U340/Y (XNOR2X1)                     8734062.000
                                                  17396970.000 f
  U339/Y (INVX1)                       -690665.000
                                                  16706305.000 r
  U204/Y (XNOR2X1)                     8160089.000
                                                  24866394.000 r
  U205/Y (INVX1)                       1517602.000
                                                  26383996.000 f
  U202/Y (INVX1)                       867560.000 27251556.000 r
  U203/Y (INVX1)                       822238.000 28073794.000 f
  U309/Y (XNOR2X1)                     8509962.000
                                                  36583756.000 f
  U397/Y (NAND2X1)                     603920.000 37187676.000 r
  U426/Y (NAND2X1)                     2657116.000
                                                  39844792.000 f
  U313/Y (XNOR2X1)                     8821592.000
                                                  48666384.000 f
  U314/Y (INVX1)                       -712856.000
                                                  47953528.000 r
  U447/Y (NAND2X1)                     2263952.000
                                                  50217480.000 f
  U450/Y (NAND2X1)                     624556.000 50842036.000 r
  U223/Y (XNOR2X1)                     8122404.000
                                                  58964440.000 r
  U224/Y (INVX1)                       1612388.000
                                                  60576828.000 f
  U221/Y (INVX1)                       868200.000 61445028.000 r
  U222/Y (INVX1)                       821004.000 62266032.000 f
  U466/Y (NAND2X1)                     959328.000 63225360.000 r
  U480/Y (NAND2X1)                     2660548.000
                                                  65885908.000 f
  U481/Y (NAND2X1)                     1291740.000
                                                  67177648.000 r
  U490/Y (INVX1)                       1449520.000
                                                  68627168.000 f
  U491/Y (NAND2X1)                     957496.000 69584664.000 r
  U492/Y (NAND2X1)                     2663088.000
                                                  72247752.000 f
  U493/Y (NAND2X1)                     874696.000 73122448.000 r
  U497/Y (OR2X1)                       6782568.000
                                                  79905016.000 r
  U498/Y (NAND2X1)                     2157464.000
                                                  82062480.000 f
  U499/Y (NAND2X1)                     1272760.000
                                                  83335240.000 r
  U500/Y (INVX1)                       1470128.000
                                                  84805368.000 f
  U501/Y (NAND2X1)                     952176.000 85757544.000 r
  U291/Y (AND2X1)                      2197560.000
                                                  87955104.000 r
  U292/Y (INVX1)                       1338944.000
                                                  89294048.000 f
  U694/Y (NOR2X1)                      1425576.000
                                                  90719624.000 r
  U326/Y (XNOR2X1)                     8157568.000
                                                  98877192.000 r
  U325/Y (INVX1)                       1508136.000
                                                  100385328.000 f
  U372/Y (XNOR2X1)                     8510472.000
                                                  108895800.000 f
  U371/Y (INVX1)                       -697528.000
                                                  108198272.000 r
  U900/Y (OR2X1)                       2659632.000
                                                  110857904.000 r
  U907/Y (NAND2X1)                     1538080.000
                                                  112395984.000 f
  U317/Y (XNOR2X1)                     8841424.000
                                                  121237408.000 f
  U256/Y (AND2X1)                      3553968.000
                                                  124791376.000 f
  U257/Y (INVX1)                       -577088.000
                                                  124214288.000 r
  U917/Y (NAND2X1)                     2267536.000
                                                  126481824.000 f
  U921/Y (NOR2X1)                      978520.000 127460344.000 r
  U922/Y (OR2X1)                       5027672.000
                                                  132488016.000 r
  U923/Y (NAND2X1)                     2556224.000
                                                  135044240.000 f
  U927/Y (NAND2X1)                     598880.000 135643120.000 r
  U928/Y (NAND2X1)                     2671248.000
                                                  138314368.000 f
  U933/Y (NAND2X1)                     631200.000 138945568.000 r
  U934/Y (NOR2X1)                      1300704.000
                                                  140246272.000 f
  U935/Y (NOR2X1)                      963120.000 141209392.000 r
  out[0] (out)                            0.000   141209392.000 r
  data arrival time                               141209392.000

  clock clk (rise edge)                200000000.000
                                                  200000000.000
  clock network delay (ideal)             0.000   200000000.000
  output external delay                   0.000   200000000.000
  data required time                              200000000.000
  -----------------------------------------------------------
  data required time                              200000000.000
  data arrival time                               -141209392.000
  -----------------------------------------------------------
  slack (MET)                                     58790608.000


1
