 
****************************************
Report : area
Design : top
Version: S-2021.06-SP2
Date   : Wed Dec 14 21:10:51 2022
****************************************

Library(s) Used:

    PPDK_Standard_Library_1.0V_25C_TYP_X1 (File: /home/akokkinis/synLibs/egfet/db/EGFET_1.0V.db)

Number of ports:                           26
Number of nets:                          1684
Number of cells:                         1660
Number of combinational cells:           1660
Number of sequential cells:                 0
Number of macros/black boxes:               0
Number of buf/inv:                        458
Number of references:                       7

Combinational area:          592137808.000000
Buf/Inv area:                104616360.000000
Noncombinational area:               0.000000
Macro/Black Box area:                0.000000
Net Interconnect area:      undefined  (No wire load specified)

Total cell area:             592137808.000000
Total area:                 undefined
1
