****************************************
Report : Averaged Power
Design : top
Version: S-2021.06-SP1
Date   : Wed Dec 14 21:11:06 2022
****************************************



  Attributes
  ----------
      i  -  Including register clock pin internal power
      u  -  User defined power group

                        Internal  Switching  Leakage    Total
Power Group             Power     Power      Power      Power   (     %)  Attrs
--------------------------------------------------------------------------------
clock_network              0.0000    0.0000    0.0000    0.0000 ( 0.00%)  i
register                   0.0000    0.0000    0.0000    0.0000 ( 0.00%)  
combinational           8.297e-04 5.640e-06    0.0193    0.0202 (100.00%) 
sequential                 0.0000    0.0000    0.0000    0.0000 ( 0.00%)  
memory                     0.0000    0.0000    0.0000    0.0000 ( 0.00%)  
io_pad                     0.0000    0.0000    0.0000    0.0000 ( 0.00%)  
black_box                  0.0000    0.0000    0.0000    0.0000 ( 0.00%)  

  Net Switching Power  = 5.640e-06   ( 0.03%)
  Cell Internal Power  = 8.297e-04   ( 4.11%)
  Cell Leakage Power   =    0.0193   (95.86%)
                         ---------
Total Power            =    0.0202  (100.00%)

1
