 
****************************************
Report : area
Design : top
Version: S-2021.06-SP2
Date   : Sun Dec 18 18:40:44 2022
****************************************

Library(s) Used:

    PPDK_Standard_Library_0.6V_25C_TYP_X1 (File: /home/akokkinis/synLibs/egfet/db/EGFET_0.6V.db)

Number of ports:                           86
Number of nets:                          1078
Number of cells:                         1014
Number of combinational cells:           1013
Number of sequential cells:                 0
Number of macros/black boxes:               0
Number of buf/inv:                        276
Number of references:                       6

Combinational area:          365039255.000000
Buf/Inv area:                 63043920.000000
Noncombinational area:               0.000000
Macro/Black Box area:                0.000000
Net Interconnect area:      undefined  (No wire load specified)

Total cell area:             365039255.000000
Total area:                 undefined
1
