****************************************
Report : timing
	-path_type full
	-delay_type max
	-max_paths 1
	-sort_by slack
Design : top
Version: S-2021.06-SP1
Date   : Sun Dec 18 18:40:49 2022
****************************************


  Startpoint: inp[5] (input port clocked by clk)
  Endpoint: out[0] (output port clocked by clk)
  Path Group: clk
  Path Type: max

  Point                                    Incr       Path
  ---------------------------------------------------------------
  clock clk (rise edge)                   0.000      0.000
  clock network delay (ideal)             0.000      0.000
  input external delay                    0.000      0.000 f
  inp[5] (in)                             0.000      0.000 f
  U467/Y (INVX1)                       582832.000 582832.000 r
  U468/Y (NAND2X1)                     2300112.000
                                                  2882944.000 f
  U469/Y (NAND2X1)                     626160.000 3509104.000 r
  U470/Y (OR2X1)                       7068320.000
                                                  10577424.000 r
  U471/Y (NAND2X1)                     2167584.000
                                                  12745008.000 f
  U383/Y (XNOR2X1)                     8879696.000
                                                  21624704.000 f
  U382/Y (INVX1)                       -659600.000
                                                  20965104.000 r
  U178/Y (XNOR2X1)                     8160008.000
                                                  29125112.000 r
  U179/Y (INVX1)                       1517760.000
                                                  30642872.000 f
  U176/Y (INVX1)                       867560.000 31510432.000 r
  U177/Y (INVX1)                       822240.000 32332672.000 f
  U336/Y (XNOR2X1)                     8737576.000
                                                  41070248.000 f
  U337/Y (INVX1)                       -677200.000
                                                  40393048.000 r
  U498/Y (NAND2X1)                     1529360.000
                                                  41922408.000 f
  U544/Y (NAND2X1)                     856560.000 42778968.000 r
  U371/Y (XNOR2X1)                     8122288.000
                                                  50901256.000 r
  U370/Y (INVX1)                       1557656.000
                                                  52458912.000 f
  U545/Y (OR2X1)                       3178968.000
                                                  55637880.000 f
  U565/Y (NAND2X1)                     836912.000 56474792.000 r
  U354/Y (XNOR2X1)                     8120360.000
                                                  64595152.000 r
  U355/Y (INVX1)                       1617880.000
                                                  66213032.000 f
  U165/Y (INVX1)                       415424.000 66628456.000 r
  U566/Y (NAND2X1)                     2293640.000
                                                  68922096.000 f
  U619/Y (NAND2X1)                     856168.000 69778264.000 r
  U356/Y (XNOR2X1)                     8126488.000
                                                  77904752.000 r
  U357/Y (INVX1)                       1564360.000
                                                  79469112.000 f
  U620/Y (NAND2X1)                     678976.000 80148088.000 r
  U621/Y (NAND2X1)                     2660776.000
                                                  82808864.000 f
  U623/Y (NAND2X1)                     642624.000 83451488.000 r
  U624/Y (NAND2X1)                     2782080.000
                                                  86233568.000 f
  U625/Y (NAND2X1)                     1285160.000
                                                  87518728.000 r
  U626/Y (NAND2X1)                     2618352.000
                                                  90137080.000 f
  U636/Y (INVX1)                       -712560.000
                                                  89424520.000 r
  U637/Y (NAND2X1)                     2260040.000
                                                  91684560.000 f
  U145/Y (AND2X1)                      3544848.000
                                                  95229408.000 f
  U146/Y (INVX1)                       -15200.000 95214208.000 r
  U640/Y (NAND2X1)                     2588808.000
                                                  97803016.000 f
  U296/Y (AND2X1)                      3540152.000
                                                  101343168.000 f
  U297/Y (INVX1)                       -553920.000
                                                  100789248.000 r
  U642/Y (NAND2X1)                     2272240.000
                                                  103061488.000 f
  U300/Y (AND2X1)                      2817696.000
                                                  105879184.000 f
  U272/Y (XNOR2X1)                     8932704.000
                                                  114811888.000 f
  U273/Y (INVX1)                       -114936.000
                                                  114696952.000 r
  U270/Y (INVX1)                       1004792.000
                                                  115701744.000 f
  U271/Y (INVX1)                       423224.000 116124968.000 r
  U332/Y (XNOR2X1)                     8147640.000
                                                  124272608.000 r
  U333/Y (INVX1)                       1517120.000
                                                  125789728.000 f
  U1113/Y (NAND2X1)                    679064.000 126468792.000 r
  U1114/Y (NAND2X1)                    2661368.000
                                                  129130160.000 f
  U292/Y (XNOR2X1)                     8813280.000
                                                  137943440.000 f
  U293/Y (INVX1)                       -671312.000
                                                  137272128.000 r
  U1116/Y (NAND2X1)                    1524448.000
                                                  138796576.000 f
  U1117/Y (NAND2X1)                    849776.000 139646352.000 r
  U1136/Y (OR2X1)                      7134320.000
                                                  146780672.000 r
  U1137/Y (NAND2X1)                    2166432.000
                                                  148947104.000 f
  U1138/Y (NAND2X1)                    849904.000 149797008.000 r
  U1144/Y (OR2X1)                      7132944.000
                                                  156929952.000 r
  U1145/Y (NAND2X1)                    2157456.000
                                                  159087408.000 f
  U1146/Y (NAND2X1)                    838368.000 159925776.000 r
  out[0] (out)                            0.000   159925776.000 r
  data arrival time                               159925776.000

  clock clk (rise edge)                200000000.000
                                                  200000000.000
  clock network delay (ideal)             0.000   200000000.000
  clock reconvergence pessimism           0.000   200000000.000
  output external delay                   0.000   200000000.000
  data required time                              200000000.000
  ---------------------------------------------------------------
  data required time                              200000000.000
  data arrival time                               -159925776.000
  ---------------------------------------------------------------
  slack (MET)                                     40074224.000


1
