Information: Updating design information... (UID-85)
 
****************************************
Report : qor
Design : top
Version: S-2021.06-SP2
Date   : Fri Dec 16 15:01:20 2022
****************************************


  Timing Path Group 'clk'
  -----------------------------------
  Levels of Logic:             183.00
  Critical Path Length:  249957536.00
  Critical Path Slack:       42464.00
  Critical Path Clk Period:
                         250000000.00
  Total Negative Slack:          0.00
  No. of Violating Paths:        0.00
  Worst Hold Violation:          0.00
  Total Hold Violation:          0.00
  No. of Hold Violations:        0.00
  -----------------------------------


  Cell Count
  -----------------------------------
  Hierarchical Cell Count:          0
  Hierarchical Port Count:          0
  Leaf Cell Count:               4062
  Buf/Inv Cell Count:             856
  Buf Cell Count:                   0
  Inv Cell Count:                 856
  CT Buf/Inv Cell Count:            0
  Combinational Cell Count:      4062
  Sequential Cell Count:            0
  Macro Count:                      0
  -----------------------------------


  Area
  -----------------------------------
  Combinational Area:
                    1657507080.000000
  Noncombinational Area:     0.000000
  Buf/Inv Area:      195527520.000000
  Total Buffer Area:             0.00
  Total Inverter Area:   195527520.00
  Macro/Black Box Area:      0.000000
  Net Area:                  0.000000
  -----------------------------------
  Cell Area:        1657507080.000000
  Design Area:      1657507080.000000


  Design Rules
  -----------------------------------
  Total Number of Nets:          4126
  Nets With Violations:          4062
  Max Trans Violations:          4062
  Max Cap Violations:               0
  -----------------------------------


  Hostname: leoforos

  Compile CPU Statistics
  -----------------------------------------
  Resource Sharing:                    1.80
  Logic Optimization:                  0.46
  Mapping Optimization:                9.30
  -----------------------------------------
  Overall Compile Time:               29.48
  Overall Compile Wall Clock Time:    30.87

  --------------------------------------------------------------------

  Design  WNS: 0.00  TNS: 0.00  Number of Violating Paths: 0


  Design (Hold)  WNS: 0.00  TNS: 0.00  Number of Violating Paths: 0

  --------------------------------------------------------------------


1
