****************************************
Report : timing
	-path_type full
	-delay_type max
	-max_paths 1
	-sort_by slack
Design : top
Version: S-2021.06-SP1
Date   : Thu Dec 15 10:19:37 2022
****************************************


  Startpoint: inp[0] (input port clocked by clk)
  Endpoint: out[0] (output port clocked by clk)
  Path Group: clk
  Path Type: max

  Point                                    Incr       Path
  ---------------------------------------------------------------
  clock clk (rise edge)                   0.000      0.000
  clock network delay (ideal)             0.000      0.000
  input external delay                    0.000      0.000 f
  inp[0] (in)                             0.000      0.000 f
  U747/Y (INVX1)                       608336.000 608336.000 r
  U627/Y (AND2X1)                      2197712.000
                                                  2806048.000 r
  U628/Y (INVX1)                       708480.000 3514528.000 f
  U749/Y (NOR2X1)                      1627648.000
                                                  5142176.000 r
  U860/Y (INVX1)                       1007168.000
                                                  6149344.000 f
  U685/Y (AND2X1)                      2461088.000
                                                  8610432.000 f
  U686/Y (INVX1)                       -1175888.000
                                                  7434544.000 r
  U323/Y (AND2X1)                      2198872.000
                                                  9633416.000 r
  U324/Y (INVX1)                       725064.000 10358480.000 f
  U880/Y (NAND2X1)                     920752.000 11279232.000 r
  U908/Y (NAND2X1)                     1126448.000
                                                  12405680.000 f
  U909/Y (NAND2X1)                     1752592.000
                                                  14158272.000 r
  U155/Y (AND2X1)                      2166176.000
                                                  16324448.000 r
  U156/Y (INVX1)                       718512.000 17042960.000 f
  U913/Y (NAND2X1)                     1752760.000
                                                  18795720.000 r
  U918/Y (NAND2X1)                     873448.000 19669168.000 f
  U920/Y (NAND2X1)                     1385120.000
                                                  21054288.000 r
  U923/Y (OR2X1)                       2547520.000
                                                  23601808.000 r
  U497/Y (AND2X1)                      2196640.000
                                                  25798448.000 r
  U498/Y (INVX1)                       708600.000 26507048.000 f
  U939/Y (OR2X1)                       2117896.000
                                                  28624944.000 f
  U986/Y (NAND2X1)                     1337136.000
                                                  29962080.000 r
  U987/Y (INVX1)                       1116416.000
                                                  31078496.000 f
  U988/Y (NAND2X1)                     1284232.000
                                                  32362728.000 r
  U989/Y (NAND2X1)                     851200.000 33213928.000 f
  U990/Y (NOR2X1)                      1190264.000
                                                  34404192.000 r
  U736/Y (OR2X1)                       2123392.000
                                                  36527584.000 r
  U659/Y (AND2X1)                      1876040.000
                                                  38403624.000 r
  U660/Y (INVX1)                       718808.000 39122432.000 f
  U1020/Y (OR2X1)                      2115216.000
                                                  41237648.000 f
  U577/Y (AND2X1)                      2048496.000
                                                  43286144.000 f
  U578/Y (INVX1)                       -1453000.000
                                                  41833144.000 r
  U357/Y (AND2X1)                      2199136.000
                                                  44032280.000 r
  U358/Y (INVX1)                       724976.000 44757256.000 f
  U1023/Y (NAND2X1)                    920744.000 45678000.000 r
  U1151/Y (NAND2X1)                    1126992.000
                                                  46804992.000 f
  U1152/Y (NAND2X1)                    1399432.000
                                                  48204424.000 r
  U1155/Y (OR2X1)                      2580832.000
                                                  50785256.000 r
  U555/Y (AND2X1)                      1882936.000
                                                  52668192.000 r
  U556/Y (INVX1)                       715448.000 53383640.000 f
  U1158/Y (NAND2X1)                    1291592.000
                                                  54675232.000 r
  U1160/Y (OR2X1)                      2330152.000
                                                  57005384.000 r
  U263/Y (AND2X1)                      1875560.000
                                                  58880944.000 r
  U264/Y (INVX1)                       716416.000 59597360.000 f
  U283/Y (AND2X1)                      2034872.000
                                                  61632232.000 f
  U284/Y (INVX1)                       -1294664.000
                                                  60337568.000 r
  U1183/Y (OR2X1)                      1776320.000
                                                  62113888.000 r
  U545/Y (AND2X1)                      2180800.000
                                                  64294688.000 r
  U546/Y (INVX1)                       713536.000 65008224.000 f
  U1184/Y (AND2X1)                     2238224.000
                                                  67246448.000 f
  U129/Y (AND2X1)                      2050280.000
                                                  69296728.000 f
  U130/Y (INVX1)                       -1307424.000
                                                  67989304.000 r
  U1189/Y (NAND2X1)                    1056416.000
                                                  69045720.000 f
  U1201/Y (NAND2X1)                    1339472.000
                                                  70385192.000 r
  U435/Y (INVX1)                       1109456.000
                                                  71494648.000 f
  U436/Y (INVX1)                       491688.000 71986336.000 r
  U271/Y (AND2X1)                      2199472.000
                                                  74185808.000 r
  U103/Y (AND2X1)                      2181440.000
                                                  76367248.000 r
  U104/Y (INVX1)                       713552.000 77080800.000 f
  U701/Y (OR2X1)                       2321352.000
                                                  79402152.000 f
  U1614/Y (NAND2X1)                    1748520.000
                                                  81150672.000 r
  U1615/Y (INVX1)                      1057792.000
                                                  82208464.000 f
  U1616/Y (XOR2X1)                     5590640.000
                                                  87799104.000 r
  U597/Y (AND2X1)                      2173536.000
                                                  89972640.000 r
  U598/Y (INVX1)                       715904.000 90688544.000 f
  U1618/Y (NAND2X1)                    930040.000 91618584.000 r
  U595/Y (AND2X1)                      1798264.000
                                                  93416848.000 r
  U596/Y (INVX1)                       715392.000 94132240.000 f
  U1625/Y (NAND2X1)                    1297384.000
                                                  95429624.000 r
  U1626/Y (NAND2X1)                    1127432.000
                                                  96557056.000 f
  U1627/Y (NAND2X1)                    1403960.000
                                                  97961016.000 r
  U199/Y (AND2X1)                      2165480.000
                                                  100126496.000 r
  U200/Y (INVX1)                       718520.000 100845016.000 f
  U305/Y (AND2X1)                      2034872.000
                                                  102879888.000 f
  U306/Y (INVX1)                       -1266952.000
                                                  101612936.000 r
  U593/Y (AND2X1)                      1880912.000
                                                  103493848.000 r
  U594/Y (INVX1)                       715896.000 104209744.000 f
  U1637/Y (NAND2X1)                    930048.000 105139792.000 r
  U583/Y (AND2X1)                      1798360.000
                                                  106938152.000 r
  U584/Y (INVX1)                       715592.000 107653744.000 f
  U1648/Y (NAND2X1)                    930064.000 108583808.000 r
  U1649/Y (NAND2X1)                    1151120.000
                                                  109734928.000 f
  U277/Y (AND2X1)                      2438736.000
                                                  112173664.000 f
  U278/Y (INVX1)                       -1287368.000
                                                  110886296.000 r
  U461/Y (AND2X1)                      1880928.000
                                                  112767224.000 r
  U462/Y (INVX1)                       715864.000 113483088.000 f
  U1652/Y (NAND2X1)                    930080.000 114413168.000 r
  U744/Y (OR2X1)                       2564224.000
                                                  116977392.000 r
  U485/Y (AND2X1)                      2198608.000
                                                  119176000.000 r
  U486/Y (INVX1)                       708176.000 119884176.000 f
  U1714/Y (XOR2X1)                     5583744.000
                                                  125467920.000 r
  U737/Y (XNOR2X1)                     5707232.000
                                                  131175152.000 r
  U541/Y (AND2X1)                      2190544.000
                                                  133365696.000 r
  U542/Y (INVX1)                       710360.000 134076056.000 f
  U1789/Y (NAND2X1)                    1285640.000
                                                  135361696.000 r
  U1790/Y (NAND2X1)                    1126384.000
                                                  136488080.000 f
  U1794/Y (NAND2X1)                    881200.000 137369280.000 r
  U1802/Y (NAND2X1)                    863680.000 138232960.000 f
  U1804/Y (NAND2X1)                    1339584.000
                                                  139572544.000 r
  U1805/Y (INVX1)                      1116336.000
                                                  140688880.000 f
  U1811/Y (NAND2X1)                    1357552.000
                                                  142046432.000 r
  U1812/Y (INVX1)                      1130112.000
                                                  143176544.000 f
  out[0] (out)                            0.000   143176544.000 f
  data arrival time                               143176544.000

  clock clk (rise edge)                200000000.000
                                                  200000000.000
  clock network delay (ideal)             0.000   200000000.000
  clock reconvergence pessimism           0.000   200000000.000
  output external delay                   0.000   200000000.000
  data required time                              200000000.000
  ---------------------------------------------------------------
  data required time                              200000000.000
  data arrival time                               -143176544.000
  ---------------------------------------------------------------
  slack (MET)                                     56823456.000


1
