Information: Updating design information... (UID-85)
 
****************************************
Report : qor
Design : top
Version: S-2021.06-SP2
Date   : Thu Dec 15 10:19:31 2022
****************************************


  Timing Path Group 'clk'
  -----------------------------------
  Levels of Logic:             102.00
  Critical Path Length:  143176528.00
  Critical Path Slack:    56823472.00
  Critical Path Clk Period:
                         200000000.00
  Total Negative Slack:          0.00
  No. of Violating Paths:        0.00
  Worst Hold Violation:          0.00
  Total Hold Violation:          0.00
  No. of Hold Violations:        0.00
  -----------------------------------


  Cell Count
  -----------------------------------
  Hierarchical Cell Count:          0
  Hierarchical Port Count:          0
  Leaf Cell Count:               1709
  Buf/Inv Cell Count:             554
  Buf Cell Count:                   0
  Inv Cell Count:                 554
  CT Buf/Inv Cell Count:            0
  Combinational Cell Count:      1709
  Sequential Cell Count:            0
  Macro Count:                      0
  -----------------------------------


  Area
  -----------------------------------
  Combinational Area:
                     593051390.000000
  Noncombinational Area:     0.000000
  Buf/Inv Area:      126544680.000000
  Total Buffer Area:             0.00
  Total Inverter Area:   126544680.00
  Macro/Black Box Area:      0.000000
  Net Area:                  0.000000
  -----------------------------------
  Cell Area:         593051390.000000
  Design Area:       593051390.000000


  Design Rules
  -----------------------------------
  Total Number of Nets:          1755
  Nets With Violations:          1708
  Max Trans Violations:          1708
  Max Cap Violations:               0
  -----------------------------------


  Hostname: leoforos

  Compile CPU Statistics
  -----------------------------------------
  Resource Sharing:                    1.16
  Logic Optimization:                  0.63
  Mapping Optimization:                1.85
  -----------------------------------------
  Overall Compile Time:                8.49
  Overall Compile Wall Clock Time:     9.06

  --------------------------------------------------------------------

  Design  WNS: 0.00  TNS: 0.00  Number of Violating Paths: 0


  Design (Hold)  WNS: 0.00  TNS: 0.00  Number of Violating Paths: 0

  --------------------------------------------------------------------


1
