****************************************
Report : timing
	-path_type full
	-delay_type max
	-max_paths 1
	-sort_by slack
Design : top
Version: S-2021.06-SP1
Date   : Thu Dec 15 12:55:59 2022
****************************************


  Startpoint: inp[21] (input port clocked by clk)
  Endpoint: out[0] (output port clocked by clk)
  Path Group: clk
  Path Type: max

  Point                                    Incr       Path
  ---------------------------------------------------------------
  clock clk (rise edge)                   0.000      0.000
  clock network delay (ideal)             0.000      0.000
  input external delay                    0.000      0.000 r
  inp[21] (in)                            0.000      0.000 r
  U621/Y (AND2X1)                      2207104.000
                                                  2207104.000 r
  U622/Y (INVX1)                       705440.000 2912544.000 f
  U704/Y (NAND2X1)                     918768.000 3831312.000 r
  U555/Y (AND2X1)                      2169632.000
                                                  6000944.000 r
  U556/Y (INVX1)                       721200.000 6722144.000 f
  U609/Y (AND2X1)                      2034864.000
                                                  8757008.000 f
  U610/Y (INVX1)                       -1362480.000
                                                  7394528.000 r
  U195/Y (AND2X1)                      1881456.000
                                                  9275984.000 r
  U196/Y (INVX1)                       708160.000 9984144.000 f
  U656/Y (XNOR2X1)                     6588528.000
                                                  16572672.000 f
  U740/Y (NAND2X1)                     858576.000 17431248.000 r
  U153/Y (AND2X1)                      2174320.000
                                                  19605568.000 r
  U154/Y (INVX1)                       715648.000 20321216.000 f
  U741/Y (NAND2X1)                     918856.000 21240072.000 r
  U111/Y (AND2X1)                      1819200.000
                                                  23059272.000 r
  U112/Y (INVX1)                       715576.000 23774848.000 f
  U143/Y (AND2X1)                      2034872.000
                                                  25809720.000 f
  U144/Y (INVX1)                       -1292000.000
                                                  24517720.000 r
  U405/Y (AND2X1)                      2199096.000
                                                  26716816.000 r
  U406/Y (INVX1)                       707576.000 27424392.000 f
  U326/Y (NAND2X1)                     1291616.000
                                                  28716008.000 r
  U577/Y (AND2X1)                      2174392.000
                                                  30890400.000 r
  U578/Y (INVX1)                       715840.000 31606240.000 f
  U569/Y (AND2X1)                      2460920.000
                                                  34067160.000 f
  U570/Y (INVX1)                       -1189160.000
                                                  32878000.000 r
  U749/Y (AND2X1)                      1973392.000
                                                  34851392.000 r
  U750/Y (NAND2X1)                     820016.000 35671408.000 f
  U125/Y (AND2X1)                      2441904.000
                                                  38113312.000 f
  U126/Y (INVX1)                       -1291872.000
                                                  36821440.000 r
  U193/Y (AND2X1)                      1881904.000
                                                  38703344.000 r
  U194/Y (INVX1)                       708072.000 39411416.000 f
  U751/Y (AND2X1)                      2243968.000
                                                  41655384.000 f
  U135/Y (AND2X1)                      2431200.000
                                                  44086584.000 f
  U136/Y (INVX1)                       -1361016.000
                                                  42725568.000 r
  U67/Y (AND2X1)                       1881944.000
                                                  44607512.000 r
  U68/Y (INVX1)                        708600.000 45316112.000 f
  U763/Y (NAND2X1)                     1291736.000
                                                  46607848.000 r
  U133/Y (AND2X1)                      2174384.000
                                                  48782232.000 r
  U134/Y (INVX1)                       715624.000 49497856.000 f
  U427/Y (AND2X1)                      2034872.000
                                                  51532728.000 f
  U428/Y (INVX1)                       -1327928.000
                                                  50204800.000 r
  U764/Y (OR2X1)                       1641264.000
                                                  51846064.000 r
  U253/Y (AND2X1)                      2196632.000
                                                  54042696.000 r
  U254/Y (INVX1)                       708600.000 54751296.000 f
  U417/Y (AND2X1)                      2034888.000
                                                  56786184.000 f
  U418/Y (INVX1)                       -1175248.000
                                                  55610936.000 r
  U483/Y (AND2X1)                      1881336.000
                                                  57492272.000 r
  U484/Y (INVX1)                       715632.000 58207904.000 f
  U69/Y (AND2X1)                       2034872.000
                                                  60242776.000 f
  U70/Y (INVX1)                        -1327928.000
                                                  58914848.000 r
  U769/Y (OR2X1)                       1641272.000
                                                  60556120.000 r
  U75/Y (AND2X1)                       2196632.000
                                                  62752752.000 r
  U76/Y (INVX1)                        708824.000 63461576.000 f
  U772/Y (OR2X1)                       2115240.000
                                                  65576816.000 f
  U773/Y (NAND2X1)                     870720.000 66447536.000 r
  U385/Y (AND2X1)                      1818728.000
                                                  68266264.000 r
  U386/Y (INVX1)                       716456.000 68982720.000 f
  U115/Y (AND2X1)                      2034928.000
                                                  71017648.000 f
  U116/Y (INVX1)                       -1291832.000
                                                  69725816.000 r
  U871/Y (OR2X1)                       1634296.000
                                                  71360112.000 r
  U249/Y (AND2X1)                      2196800.000
                                                  73556912.000 r
  U250/Y (INVX1)                       725720.000 74282632.000 f
  U872/Y (INVX1)                       474496.000 74757128.000 r
  U874/Y (XOR2X1)                      4516304.000
                                                  79273432.000 f
  U878/Y (NAND2X1)                     1752408.000
                                                  81025840.000 r
  U285/Y (AND2X1)                      1811360.000
                                                  82837200.000 r
  U286/Y (INVX1)                       732808.000 83570008.000 f
  U463/Y (AND2X1)                      2035952.000
                                                  85605960.000 f
  U464/Y (INVX1)                       -1291672.000
                                                  84314288.000 r
  U267/Y (AND2X1)                      1881904.000
                                                  86196192.000 r
  U268/Y (INVX1)                       715808.000 86912000.000 f
  U881/Y (OR2X1)                       2117888.000
                                                  89029888.000 f
  U935/Y (AND2X1)                      1853496.000
                                                  90883384.000 f
  U617/Y (XNOR2X1)                     5981416.000
                                                  96864800.000 f
  U618/Y (INVX1)                       -1279408.000
                                                  95585392.000 r
  U936/Y (NAND2X1)                     1051136.000
                                                  96636528.000 f
  U97/Y (AND2X1)                       2441936.000
                                                  99078464.000 f
  U98/Y (INVX1)                        -1291648.000
                                                  97786816.000 r
  U429/Y (AND2X1)                      1881904.000
                                                  99668720.000 r
  U430/Y (INVX1)                       707632.000 100376352.000 f
  U938/Y (NAND2X1)                     924528.000 101300880.000 r
  U499/Y (AND2X1)                      1818368.000
                                                  103119248.000 r
  U500/Y (INVX1)                       707640.000 103826888.000 f
  U65/Y (AND2X1)                       2034872.000
                                                  105861760.000 f
  U66/Y (INVX1)                        -1276528.000
                                                  104585232.000 r
  U497/Y (AND2X1)                      1881888.000
                                                  106467120.000 r
  U498/Y (INVX1)                       715576.000 107182696.000 f
  U942/Y (NOR2X1)                      1627624.000
                                                  108810320.000 r
  U944/Y (INVX1)                       1006992.000
                                                  109817312.000 f
  U945/Y (NAND2X1)                     1284608.000
                                                  111101920.000 r
  U99/Y (AND2X1)                       2174648.000
                                                  113276568.000 r
  U100/Y (INVX1)                       715544.000 113992112.000 f
  U451/Y (AND2X1)                      2034864.000
                                                  116026976.000 f
  U452/Y (INVX1)                       -1187432.000
                                                  114839544.000 r
  U489/Y (AND2X1)                      1881840.000
                                                  116721384.000 r
  U490/Y (INVX1)                       712552.000 117433936.000 f
  U337/Y (NAND2X1)                     918848.000 118352784.000 r
  U637/Y (AND2X1)                      1830400.000
                                                  120183184.000 r
  U671/Y (INVX1)                       719328.000 120902512.000 f
  U955/Y (NAND2X1)                     918632.000 121821144.000 r
  U81/Y (AND2X1)                       2174632.000
                                                  123995776.000 r
  U82/Y (INVX1)                        715544.000 124711320.000 f
  U431/Y (AND2X1)                      2034872.000
                                                  126746192.000 f
  U432/Y (INVX1)                       -1291736.000
                                                  125454456.000 r
  U479/Y (AND2X1)                      1881904.000
                                                  127336360.000 r
  U480/Y (INVX1)                       707576.000 128043936.000 f
  U956/Y (NAND2X1)                     1291616.000
                                                  129335552.000 r
  U485/Y (AND2X1)                      2174392.000
                                                  131509944.000 r
  U486/Y (INVX1)                       715624.000 132225568.000 f
  U371/Y (AND2X1)                      2460944.000
                                                  134686512.000 f
  U167/Y (AND2X1)                      2428960.000
                                                  137115472.000 f
  U168/Y (INVX1)                       -1375504.000
                                                  135739968.000 r
  U961/Y (NAND2X1)                     1049872.000
                                                  136789840.000 f
  U962/Y (NOR2X1)                      1190032.000
                                                  137979872.000 r
  U963/Y (NAND2X1)                     834208.000 138814080.000 f
  U145/Y (AND2X1)                      2044112.000
                                                  140858192.000 f
  U146/Y (INVX1)                       -1292032.000
                                                  139566160.000 r
  U487/Y (AND2X1)                      1881904.000
                                                  141448064.000 r
  U488/Y (INVX1)                       707568.000 142155632.000 f
  U340/Y (NAND2X1)                     1285632.000
                                                  143441264.000 r
  U93/Y (AND2X1)                       1818784.000
                                                  145260048.000 r
  U94/Y (INVX1)                        715552.000 145975600.000 f
  U969/Y (NAND2X1)                     918864.000 146894464.000 r
  U477/Y (AND2X1)                      2174560.000
                                                  149069024.000 r
  U478/Y (INVX1)                       715568.000 149784592.000 f
  U473/Y (AND2X1)                      2458080.000
                                                  152242672.000 f
  U474/Y (INVX1)                       -1187232.000
                                                  151055440.000 r
  U415/Y (AND2X1)                      2199072.000
                                                  153254512.000 r
  U416/Y (INVX1)                       707584.000 153962096.000 f
  U970/Y (NOR2X1)                      1151520.000
                                                  155113616.000 r
  out[0] (out)                            0.000   155113616.000 r
  data arrival time                               155113616.000

  clock clk (rise edge)                200000000.000
                                                  200000000.000
  clock network delay (ideal)             0.000   200000000.000
  clock reconvergence pessimism           0.000   200000000.000
  output external delay                   0.000   200000000.000
  data required time                              200000000.000
  ---------------------------------------------------------------
  data required time                              200000000.000
  data arrival time                               -155113616.000
  ---------------------------------------------------------------
  slack (MET)                                     44886384.000


1
