 
****************************************
Report : timing
        -path full
        -delay max
        -max_paths 1
Design : top
Version: S-2021.06-SP2
Date   : Fri Dec 16 13:19:55 2022
****************************************

Operating Conditions: TT   Library: PPDK_Standard_Library_0.8V_25C_TYP_X1
Wire Load Model Mode: top

  Startpoint: inp[56] (input port clocked by clk)
  Endpoint: out[0] (output port clocked by clk)
  Path Group: clk
  Path Type: max

  Point                                    Incr       Path
  -----------------------------------------------------------
  clock clk (rise edge)                   0.000      0.000
  clock network delay (ideal)             0.000      0.000
  input external delay                    0.000      0.000 f
  inp[56] (in)                            0.000      0.000 f
  U1204/Y (AND2X1)                     2836791.250
                                                  2836791.250 f
  U1205/Y (INVX1)                      -1141439.500
                                                  1695351.750 r
  U1728/Y (NAND2X1)                    1360994.250
                                                  3056346.000 f
  U1730/Y (NAND2X1)                    1272917.500
                                                  4329263.500 r
  U1731/Y (INVX1)                      1244805.000
                                                  5574068.500 f
  U1732/Y (XOR2X1)                     5235494.500
                                                  10809563.000 r
  U307/Y (XNOR2X1)                     7099799.000
                                                  17909362.000 r
  U308/Y (INVX1)                       1097010.000
                                                  19006372.000 f
  U1735/Y (XOR2X1)                     5236008.000
                                                  24242380.000 r
  U1748/Y (NAND2X1)                    1239368.000
                                                  25481748.000 f
  U1749/Y (INVX1)                      -690106.000
                                                  24791642.000 r
  U1750/Y (OR2X1)                      1784524.000
                                                  26576166.000 r
  U541/Y (XNOR2X1)                     6876150.000
                                                  33452316.000 r
  U542/Y (INVX1)                       1012464.000
                                                  34464780.000 f
  U1778/Y (NAND2X1)                    1255148.000
                                                  35719928.000 r
  U1779/Y (INVX1)                      1242916.000
                                                  36962844.000 f
  U1780/Y (OR2X1)                      2437980.000
                                                  39400824.000 f
  U319/Y (XNOR2X1)                     4421792.000
                                                  43822616.000 r
  U320/Y (INVX1)                       1048272.000
                                                  44870888.000 f
  U1802/Y (NAND2X1)                    1255140.000
                                                  46126028.000 r
  U1803/Y (INVX1)                      1229060.000
                                                  47355088.000 f
  U1804/Y (OR2X1)                      2437972.000
                                                  49793060.000 f
  U489/Y (XNOR2X1)                     7409328.000
                                                  57202388.000 f
  U490/Y (INVX1)                       -1245288.000
                                                  55957100.000 r
  U924/Y (XNOR2X1)                     6619356.000
                                                  62576456.000 r
  U925/Y (INVX1)                       1099412.000
                                                  63675868.000 f
  U753/Y (OR2X1)                       2434712.000
                                                  66110580.000 f
  U2018/Y (NAND2X1)                    1167116.000
                                                  67277696.000 r
  U2019/Y (NAND2X1)                    1461552.000
                                                  68739248.000 f
  U2077/Y (NAND2X1)                    840432.000 69579680.000 r
  U2078/Y (NAND2X1)                    2124312.000
                                                  71703992.000 f
  U2080/Y (XNOR2X1)                    6773136.000
                                                  78477128.000 f
  U836/Y (OR2X1)                       2387608.000
                                                  80864736.000 f
  U2084/Y (NAND2X1)                    866392.000 81731128.000 r
  U2762/Y (NAND2X1)                    1431112.000
                                                  83162240.000 f
  U3751/Y (XOR2X1)                     6351336.000
                                                  89513576.000 r
  U3752/Y (NAND2X1)                    2623440.000
                                                  92137016.000 f
  U3754/Y (NAND2X1)                    849776.000 92986792.000 r
  U3755/Y (NAND2X1)                    2151656.000
                                                  95138448.000 f
  U3756/Y (NAND2X1)                    1177584.000
                                                  96316032.000 r
  U3757/Y (NAND2X1)                    2157464.000
                                                  98473496.000 f
  U3758/Y (NAND2X1)                    1177680.000
                                                  99651176.000 r
  U3773/Y (XOR2X1)                     5236432.000
                                                  104887608.000 f
  U309/Y (XNOR2X1)                     7451208.000
                                                  112338816.000 f
  U310/Y (INVX1)                       -1234648.000
                                                  111104168.000 r
  U3782/Y (XOR2X1)                     5337576.000
                                                  116441744.000 f
  U285/Y (XNOR2X1)                     7449760.000
                                                  123891504.000 f
  U286/Y (INVX1)                       -1264368.000
                                                  122627136.000 r
  U3798/Y (NOR2X1)                     1080344.000
                                                  123707480.000 f
  U3799/Y (INVX1)                      -484768.000
                                                  123222712.000 r
  U3821/Y (NAND2X1)                    1008800.000
                                                  124231512.000 f
  U3822/Y (NAND2X1)                    1182576.000
                                                  125414088.000 r
  U672/Y (OR2X1)                       5268752.000
                                                  130682840.000 r
  U3828/Y (NAND2X1)                    1024608.000
                                                  131707448.000 f
  U3829/Y (NAND2X1)                    1624608.000
                                                  133332056.000 r
  U3836/Y (INVX1)                      1243912.000
                                                  134575968.000 f
  U3946/Y (XOR2X1)                     5613104.000
                                                  140189072.000 r
  U4004/Y (INVX1)                      1340816.000
                                                  141529888.000 f
  U4006/Y (NAND2X1)                    1161952.000
                                                  142691840.000 r
  U4007/Y (NAND2X1)                    2206304.000
                                                  144898144.000 f
  U4008/Y (NAND2X1)                    1171776.000
                                                  146069920.000 r
  U4009/Y (NAND2X1)                    2153872.000
                                                  148223792.000 f
  U4011/Y (NAND2X1)                    831456.000 149055248.000 r
  U4017/Y (NAND2X1)                    1044336.000
                                                  150099584.000 f
  U708/Y (NAND2X1)                     1624992.000
                                                  151724576.000 r
  U4057/Y (NAND2X1)                    1071472.000
                                                  152796048.000 f
  U4059/Y (NAND2X1)                    1625568.000
                                                  154421616.000 r
  U4060/Y (INVX1)                      1241520.000
                                                  155663136.000 f
  U4061/Y (NAND2X1)                    807248.000 156470384.000 r
  U4062/Y (NAND2X1)                    2149040.000
                                                  158619424.000 f
  U4065/Y (NAND2X1)                    836304.000 159455728.000 r
  U4074/Y (NAND2X1)                    1049696.000
                                                  160505424.000 f
  U4077/Y (NAND2X1)                    836480.000 161341904.000 r
  U4078/Y (NAND2X1)                    2161328.000
                                                  163503232.000 f
  U4081/Y (NAND2X1)                    836304.000 164339536.000 r
  U4090/Y (NAND2X1)                    1049696.000
                                                  165389232.000 f
  U4093/Y (NAND2X1)                    836480.000 166225712.000 r
  U4094/Y (NAND2X1)                    2161328.000
                                                  168387040.000 f
  U1305/Y (NAND2X1)                    836304.000 169223344.000 r
  U4097/Y (NAND2X1)                    2161328.000
                                                  171384672.000 f
  U4100/Y (NAND2X1)                    836304.000 172220976.000 r
  U4109/Y (NAND2X1)                    1049696.000
                                                  173270672.000 f
  U4112/Y (NAND2X1)                    836480.000 174107152.000 r
  U4113/Y (NAND2X1)                    2161328.000
                                                  176268480.000 f
  U4116/Y (NAND2X1)                    836304.000 177104784.000 r
  U4124/Y (NAND2X1)                    1049680.000
                                                  178154464.000 f
  U1263/Y (AND2X1)                     2342496.000
                                                  180496960.000 f
  U1264/Y (INVX1)                      -1182752.000
                                                  179314208.000 r
  U4815/Y (NAND2X1)                    1204160.000
                                                  180518368.000 f
  U4816/Y (INVX1)                      -641392.000
                                                  179876976.000 r
  U4819/Y (OR2X1)                      2026656.000
                                                  181903632.000 r
  U4820/Y (INVX1)                      761232.000 182664864.000 f
  U4824/Y (NAND2X1)                    807408.000 183472272.000 r
  U4825/Y (NAND2X1)                    2148928.000
                                                  185621200.000 f
  U4828/Y (NAND2X1)                    836304.000 186457504.000 r
  U4837/Y (NAND2X1)                    1049696.000
                                                  187507200.000 f
  U4840/Y (NAND2X1)                    836480.000 188343680.000 r
  U4841/Y (NAND2X1)                    2161328.000
                                                  190505008.000 f
  U4844/Y (NAND2X1)                    836304.000 191341312.000 r
  U4853/Y (NAND2X1)                    1049696.000
                                                  192391008.000 f
  U4856/Y (NAND2X1)                    836480.000 193227488.000 r
  U4857/Y (NAND2X1)                    2161328.000
                                                  195388816.000 f
  U4860/Y (NAND2X1)                    836304.000 196225120.000 r
  U4869/Y (NAND2X1)                    1049696.000
                                                  197274816.000 f
  U4872/Y (NAND2X1)                    836480.000 198111296.000 r
  U4873/Y (NAND2X1)                    2161328.000
                                                  200272624.000 f
  U4876/Y (NAND2X1)                    836304.000 201108928.000 r
  U4884/Y (NAND2X1)                    1049696.000
                                                  202158624.000 f
  U4887/Y (NAND2X1)                    1273904.000
                                                  203432528.000 r
  U4890/Y (NAND2X1)                    1071520.000
                                                  204504048.000 f
  U4891/Y (NAND2X1)                    1172224.000
                                                  205676272.000 r
  U4895/Y (NOR2X1)                     959520.000 206635792.000 f
  U4902/Y (NOR2X1)                     1068448.000
                                                  207704240.000 r
  U4904/Y (NAND2X1)                    1037264.000
                                                  208741504.000 f
  U4906/Y (NAND2X1)                    840240.000 209581744.000 r
  U1306/Y (OR2X1)                      5170528.000
                                                  214752272.000 r
  U4913/Y (NAND2X1)                    1004960.000
                                                  215757232.000 f
  U4915/Y (NAND2X1)                    829632.000 216586864.000 r
  U4923/Y (NAND2X1)                    1048976.000
                                                  217635840.000 f
  U4925/Y (NAND2X1)                    842000.000 218477840.000 r
  U4930/Y (OR2X1)                      5169808.000
                                                  223647648.000 r
  U4931/Y (NAND2X1)                    1361008.000
                                                  225008656.000 f
  U4932/Y (NAND2X1)                    1165856.000
                                                  226174512.000 r
  U4940/Y (NAND2X1)                    1048976.000
                                                  227223488.000 f
  U4942/Y (NAND2X1)                    842000.000 228065488.000 r
  U4946/Y (OR2X1)                      5169872.000
                                                  233235360.000 r
  U4950/Y (NAND2X1)                    1004960.000
                                                  234240320.000 f
  U4952/Y (NAND2X1)                    829632.000 235069952.000 r
  U4960/Y (NAND2X1)                    1048960.000
                                                  236118912.000 f
  U249/Y (AND2X1)                      2054928.000
                                                  238173840.000 f
  U4962/Y (NAND2X1)                    846768.000 239020608.000 r
  U673/Y (OR2X1)                       5170336.000
                                                  244190944.000 r
  U4966/Y (NAND2X1)                    1604528.000
                                                  245795472.000 f
  U4967/Y (INVX1)                      -668672.000
                                                  245126800.000 r
  U4968/Y (NOR2X1)                     956336.000 246083136.000 f
  U4979/Y (NAND2X1)                    1164560.000
                                                  247247696.000 r
  U4980/Y (NAND2X1)                    2177088.000
                                                  249424784.000 f
  out[0] (out)                            0.000   249424784.000 f
  data arrival time                               249424784.000

  clock clk (rise edge)                250000000.000
                                                  250000000.000
  clock network delay (ideal)             0.000   250000000.000
  output external delay                   0.000   250000000.000
  data required time                              250000000.000
  -----------------------------------------------------------
  data required time                              250000000.000
  data arrival time                               -249424784.000
  -----------------------------------------------------------
  slack (MET)                                     575216.000


1
