Information: Updating design information... (UID-85)
 
****************************************
Report : qor
Design : top
Version: S-2021.06-SP2
Date   : Sun Dec 18 12:41:23 2022
****************************************


  Timing Path Group 'clk'
  -----------------------------------
  Levels of Logic:             125.00
  Critical Path Length:  199361424.00
  Critical Path Slack:      638576.00
  Critical Path Clk Period:
                         200000000.00
  Total Negative Slack:          0.00
  No. of Violating Paths:        0.00
  Worst Hold Violation:          0.00
  Total Hold Violation:          0.00
  No. of Hold Violations:        0.00
  -----------------------------------


  Cell Count
  -----------------------------------
  Hierarchical Cell Count:          0
  Hierarchical Port Count:          0
  Leaf Cell Count:               3789
  Buf/Inv Cell Count:             778
  Buf Cell Count:                   0
  Inv Cell Count:                 778
  CT Buf/Inv Cell Count:            0
  Combinational Cell Count:      3789
  Sequential Cell Count:            0
  Macro Count:                      0
  -----------------------------------


  Area
  -----------------------------------
  Combinational Area:
                    1592201688.000000
  Noncombinational Area:     0.000000
  Buf/Inv Area:      177710760.000000
  Total Buffer Area:             0.00
  Total Inverter Area:   177710760.00
  Macro/Black Box Area:      0.000000
  Net Area:                  0.000000
  -----------------------------------
  Cell Area:        1592201688.000000
  Design Area:      1592201688.000000


  Design Rules
  -----------------------------------
  Total Number of Nets:          3873
  Nets With Violations:          3789
  Max Trans Violations:          3789
  Max Cap Violations:               0
  -----------------------------------


  Hostname: leoforos

  Compile CPU Statistics
  -----------------------------------------
  Resource Sharing:                    2.30
  Logic Optimization:                  0.56
  Mapping Optimization:                8.29
  -----------------------------------------
  Overall Compile Time:               30.08
  Overall Compile Wall Clock Time:    31.36

  --------------------------------------------------------------------

  Design  WNS: 0.00  TNS: 0.00  Number of Violating Paths: 0


  Design (Hold)  WNS: 0.00  TNS: 0.00  Number of Violating Paths: 0

  --------------------------------------------------------------------


1
