 
****************************************
Report : area
Design : top
Version: S-2021.06-SP2
Date   : Sun Dec 18 12:41:23 2022
****************************************

Library(s) Used:

    PPDK_Standard_Library_1.0V_25C_TYP_X1 (File: /home/akokkinis/synLibs/egfet/db/EGFET_1.0V.db)

Number of ports:                           86
Number of nets:                          3873
Number of cells:                         3789
Number of combinational cells:           3789
Number of sequential cells:                 0
Number of macros/black boxes:               0
Number of buf/inv:                        778
Number of references:                       7

Combinational area:         1592201688.000000
Buf/Inv area:                177710760.000000
Noncombinational area:               0.000000
Macro/Black Box area:                0.000000
Net Interconnect area:      undefined  (No wire load specified)

Total cell area:            1592201688.000000
Total area:                 undefined
1
