****************************************
Report : timing
	-path_type full
	-delay_type max
	-max_paths 1
	-sort_by slack
Design : top
Version: S-2021.06-SP1
Date   : Fri Dec 16 10:46:53 2022
****************************************


  Startpoint: inp[13] (input port clocked by clk)
  Endpoint: out[0] (output port clocked by clk)
  Path Group: clk
  Path Type: max

  Point                                    Incr       Path
  ---------------------------------------------------------------
  clock clk (rise edge)                   0.000      0.000
  clock network delay (ideal)             0.000      0.000
  input external delay                    0.000      0.000 r
  inp[13] (in)                            0.000      0.000 r
  U935/Y (AND2X1)                      2207112.000
                                                  2207112.000 r
  U936/Y (INVX1)                       705440.000 2912552.000 f
  U997/Y (NAND2X1)                     918768.000 3831320.000 r
  U525/Y (AND2X1)                      2174720.000
                                                  6006040.000 r
  U526/Y (INVX1)                       715952.000 6721992.000 f
  U493/Y (XNOR2X1)                     6004224.000
                                                  12726216.000 f
  U494/Y (INVX1)                       -1193440.000
                                                  11532776.000 r
  U475/Y (XNOR2X1)                     5854072.000
                                                  17386848.000 r
  U476/Y (INVX1)                       820384.000 18207232.000 f
  U1012/Y (XOR2X1)                     5588976.000
                                                  23796208.000 r
  U1018/Y (XOR2X1)                     4659864.000
                                                  28456072.000 f
  U1019/Y (NAND2X1)                    1750264.000
                                                  30206336.000 r
  U967/Y (INVX1)                       912504.000 31118840.000 f
  U968/Y (INVX1)                       446232.000 31565072.000 r
  U1020/Y (NAND2X1)                    1056040.000
                                                  32621112.000 f
  U1063/Y (XOR2X1)                     5382896.000
                                                  38004008.000 r
  U375/Y (AND2X1)                      1822032.000
                                                  39826040.000 r
  U376/Y (INVX1)                       715376.000 40541416.000 f
  U509/Y (AND2X1)                      2034888.000
                                                  42576304.000 f
  U510/Y (INVX1)                       -336632.000
                                                  42239672.000 r
  U1068/Y (INVX1)                      652048.000 42891720.000 f
  U1069/Y (NAND2X1)                    918800.000 43810520.000 r
  U673/Y (AND2X1)                      2174720.000
                                                  45985240.000 r
  U674/Y (INVX1)                       715960.000 46701200.000 f
  U642/Y (NAND2X1)                     1285888.000
                                                  47987088.000 r
  U756/Y (AND2X1)                      1818728.000
                                                  49805816.000 r
  U757/Y (INVX1)                       715824.000 50521640.000 f
  U1076/Y (OR2X1)                      2117888.000
                                                  52639528.000 f
  U1077/Y (NAND2X1)                    870688.000 53510216.000 r
  U551/Y (AND2X1)                      2174536.000
                                                  55684752.000 r
  U552/Y (INVX1)                       715792.000 56400544.000 f
  U1079/Y (OR2X1)                      2117896.000
                                                  58518440.000 f
  U802/Y (AND2X1)                      2434348.000
                                                  60952788.000 f
  U803/Y (INVX1)                       -1340656.000
                                                  59612132.000 r
  U1088/Y (NAND2X1)                    802104.000 60414236.000 f
  U876/Y (AND2X1)                      2441920.000
                                                  62856156.000 f
  U877/Y (INVX1)                       -1279188.000
                                                  61576968.000 r
  U910/Y (AND2X1)                      2198904.000
                                                  63775872.000 r
  U911/Y (INVX1)                       707864.000 64483736.000 f
  U1100/Y (NAND2X1)                    918816.000 65402552.000 r
  U393/Y (AND2X1)                      2174584.000
                                                  67577136.000 r
  U394/Y (INVX1)                       715552.000 68292688.000 f
  U1101/Y (NOR2X1)                     1157504.000
                                                  69450192.000 r
  U776/Y (AND2X1)                      2182256.000
                                                  71632448.000 r
  U777/Y (INVX1)                       713056.000 72345504.000 f
  U381/Y (AND2X1)                      2034872.000
                                                  74380376.000 f
  U382/Y (INVX1)                       -1289736.000
                                                  73090640.000 r
  U685/Y (AND2X1)                      2198336.000
                                                  75288976.000 r
  U686/Y (INVX1)                       708944.000 75997920.000 f
  U1308/Y (NAND2X1)                    1286344.000
                                                  77284264.000 r
  U766/Y (AND2X1)                      2174504.000
                                                  79458768.000 r
  U767/Y (INVX1)                       715584.000 80174352.000 f
  U644/Y (NAND2X1)                     1285600.000
                                                  81459952.000 r
  U792/Y (AND2X1)                      1818784.000
                                                  83278736.000 r
  U793/Y (INVX1)                       715568.000 83994304.000 f
  U806/Y (AND2X1)                      2034872.000
                                                  86029176.000 f
  U807/Y (INVX1)                       -1360616.000
                                                  84668560.000 r
  U669/Y (AND2X1)                      1889104.000
                                                  86557664.000 r
  U670/Y (INVX1)                       712272.000 87269936.000 f
  U1315/Y (NAND2X1)                    1285624.000
                                                  88555560.000 r
  U397/Y (AND2X1)                      2174560.000
                                                  90730120.000 r
  U398/Y (INVX1)                       715568.000 91445688.000 f
  U585/Y (AND2X1)                      2034872.000
                                                  93480560.000 f
  U586/Y (INVX1)                       -1175024.000
                                                  92305536.000 r
  U1318/Y (OR2X1)                      1640544.000
                                                  93946080.000 r
  U985/Y (AND2X1)                      2201160.000
                                                  96147240.000 r
  U990/Y (INVX1)                       719400.000 96866640.000 f
  U1326/Y (NOR2X1)                     1157824.000
                                                  98024464.000 r
  U409/Y (AND2X1)                      1837760.000
                                                  99862224.000 r
  U410/Y (INVX1)                       715568.000 100577792.000 f
  U728/Y (AND2X1)                      2034880.000
                                                  102612672.000 f
  U729/Y (INVX1)                       -1279408.000
                                                  101333264.000 r
  U1330/Y (OR2X1)                      1639856.000
                                                  102973120.000 r
  U824/Y (AND2X1)                      1876048.000
                                                  104849168.000 r
  U825/Y (INVX1)                       715512.000 105564680.000 f
  U888/Y (AND2X1)                      2458080.000
                                                  108022760.000 f
  U889/Y (INVX1)                       -1174992.000
                                                  106847768.000 r
  U1335/Y (NAND2X1)                    1050616.000
                                                  107898384.000 f
  U738/Y (AND2X1)                      2441952.000
                                                  110340336.000 f
  U739/Y (INVX1)                       -1291552.000
                                                  109048784.000 r
  U796/Y (AND2X1)                      1881904.000
                                                  110930688.000 r
  U797/Y (INVX1)                       708320.000 111639008.000 f
  U395/Y (AND2X1)                      2034872.000
                                                  113673880.000 f
  U396/Y (INVX1)                       -1291528.000
                                                  112382352.000 r
  U798/Y (AND2X1)                      1881904.000
                                                  114264256.000 r
  U799/Y (INVX1)                       708312.000 114972568.000 f
  U1340/Y (NAND2X1)                    1285632.000
                                                  116258200.000 r
  U786/Y (AND2X1)                      1818784.000
                                                  118076984.000 r
  U787/Y (INVX1)                       708320.000 118785304.000 f
  U790/Y (AND2X1)                      2458072.000
                                                  121243376.000 f
  U791/Y (INVX1)                       -1187264.000
                                                  120056112.000 r
  U959/Y (AND2X1)                      2199072.000
                                                  122255184.000 r
  U960/Y (INVX1)                       707584.000 122962768.000 f
  U1343/Y (NOR2X1)                     1151520.000
                                                  124114288.000 r
  out[0] (out)                            0.000   124114288.000 r
  data arrival time                               124114288.000

  clock clk (rise edge)                200000000.000
                                                  200000000.000
  clock network delay (ideal)             0.000   200000000.000
  clock reconvergence pessimism           0.000   200000000.000
  output external delay                   0.000   200000000.000
  data required time                              200000000.000
  ---------------------------------------------------------------
  data required time                              200000000.000
  data arrival time                               -124114288.000
  ---------------------------------------------------------------
  slack (MET)                                     75885712.000


1
