****************************************
Report : timing
	-path_type full
	-delay_type max
	-max_paths 1
	-sort_by slack
Design : top
Version: S-2021.06-SP1
Date   : Fri Dec  2 10:33:46 2022
****************************************


  Startpoint: inp[46] (input port clocked by clk)
  Endpoint: out[0] (output port clocked by clk)
  Path Group: clk
  Path Type: max

  Point                                    Incr       Path
  ---------------------------------------------------------------
  clock clk (rise edge)                   0.000      0.000
  clock network delay (ideal)             0.000      0.000
  input external delay                    0.000      0.000 r
  inp[46] (in)                            0.000      0.000 r
  U1172/Y (NAND2X1)                    1027200.000
                                                  1027200.000 f
  U1173/Y (NAND2X1)                    1374992.000
                                                  2402192.000 r
  U1174/Y (NAND2X1)                    863680.000 3265872.000 f
  U1176/Y (XOR2X1)                     5293568.000
                                                  8559440.000 r
  U1177/Y (XOR2X1)                     4757280.000
                                                  13316720.000 f
  U1185/Y (OR2X1)                      2060576.000
                                                  15377296.000 f
  U1186/Y (NAND2X1)                    1429392.000
                                                  16806688.000 r
  U1189/Y (OR2X1)                      2650352.000
                                                  19457040.000 r
  U314/Y (AND2X1)                      2196624.000
                                                  21653664.000 r
  U315/Y (INVX1)                       708608.000 22362272.000 f
  U1191/Y (NAND2X1)                    918816.000 23281088.000 r
  U1193/Y (NAND2X1)                    849056.000 24130144.000 f
  U1235/Y (OR2X1)                      2095040.000
                                                  26225184.000 f
  U1236/Y (NAND2X1)                    1421648.000
                                                  27646832.000 r
  U163/Y (AND2X1)                      2163232.000
                                                  29810064.000 r
  U164/Y (INVX1)                       719904.000 30529968.000 f
  U1255/Y (OR2X1)                      2115232.000
                                                  32645200.000 f
  U1256/Y (NAND2X1)                    1752576.000
                                                  34397776.000 r
  U1257/Y (INVX1)                      1069696.000
                                                  35467472.000 f
  U1258/Y (NAND2X1)                    1284720.000
                                                  36752192.000 r
  U1261/Y (NAND2X1)                    848144.000 37600336.000 f
  U1264/Y (NAND2X1)                    1341760.000
                                                  38942096.000 r
  U1265/Y (INVX1)                      1097280.000
                                                  40039376.000 f
  U1266/Y (NAND2X1)                    1284608.000
                                                  41323984.000 r
  U321/Y (AND2X1)                      1819008.000
                                                  43142992.000 r
  U322/Y (INVX1)                       715584.000 43858576.000 f
  U1274/Y (NAND2X1)                    1362976.000
                                                  45221552.000 r
  U1275/Y (INVX1)                      1096400.000
                                                  46317952.000 f
  U1276/Y (NAND2X1)                    1284304.000
                                                  47602256.000 r
  U1280/Y (NAND2X1)                    929296.000 48531552.000 f
  U269/Y (INVX1)                       226400.000 48757952.000 r
  U270/Y (INVX1)                       647664.000 49405616.000 f
  U1290/Y (NAND2X1)                    918528.000 50324144.000 r
  U541/Y (OR2X1)                       1456752.000
                                                  51780896.000 r
  U506/Y (AND2X1)                      1843984.000
                                                  53624880.000 r
  U1358/Y (NAND2X1)                    836096.000 54460976.000 f
  U1359/Y (NAND2X1)                    1391232.000
                                                  55852208.000 r
  U1360/Y (NAND2X1)                    1234688.000
                                                  57086896.000 f
  U1361/Y (INVX1)                      -562816.000
                                                  56524080.000 r
  U1365/Y (NAND2X1)                    802464.000 57326544.000 f
  U1366/Y (NAND2X1)                    1404448.000
                                                  58730992.000 r
  U1375/Y (OR2X1)                      2592464.000
                                                  61323456.000 r
  U1376/Y (NAND2X1)                    1048240.000
                                                  62371696.000 f
  U1377/Y (NAND2X1)                    1384816.000
                                                  63756512.000 r
  U1382/Y (OR2X1)                      2546736.000
                                                  66303248.000 r
  U1383/Y (NAND2X1)                    1045856.000
                                                  67349104.000 f
  U1384/Y (NAND2X1)                    1384368.000
                                                  68733472.000 r
  U1386/Y (OR2X1)                      2545824.000
                                                  71279296.000 r
  U444/Y (AND2X1)                      1882896.000
                                                  73162192.000 r
  U445/Y (INVX1)                       715888.000 73878080.000 f
  U1388/Y (NAND2X1)                    1362944.000
                                                  75241024.000 r
  U1392/Y (INVX1)                      1096704.000
                                                  76337728.000 f
  U1393/Y (NAND2X1)                    924992.000 77262720.000 r
  U1394/Y (NAND2X1)                    1126688.000
                                                  78389408.000 f
  U1395/Y (NAND2X1)                    1399376.000
                                                  79788784.000 r
  U1399/Y (OR2X1)                      2580656.000
                                                  82369440.000 r
  U1400/Y (NAND2X1)                    1045424.000
                                                  83414864.000 f
  U1401/Y (NAND2X1)                    1752640.000
                                                  85167504.000 r
  U1419/Y (INVX1)                      1117600.000
                                                  86285104.000 f
  U1420/Y (NAND2X1)                    1290208.000
                                                  87575312.000 r
  U1421/Y (NAND2X1)                    1126576.000
                                                  88701888.000 f
  U1422/Y (NAND2X1)                    1399360.000
                                                  90101248.000 r
  U1440/Y (OR2X1)                      2580528.000
                                                  92681776.000 r
  U1441/Y (NAND2X1)                    1045424.000
                                                  93727200.000 f
  U1442/Y (NAND2X1)                    1384288.000
                                                  95111488.000 r
  U1457/Y (OR2X1)                      2545520.000
                                                  97657008.000 r
  U1458/Y (NAND2X1)                    1045872.000
                                                  98702880.000 f
  U1459/Y (NAND2X1)                    1752608.000
                                                  100455488.000 r
  U1476/Y (INVX1)                      1117520.000
                                                  101573008.000 f
  U1477/Y (NAND2X1)                    925008.000 102498016.000 r
  U1478/Y (NAND2X1)                    1154768.000
                                                  103652784.000 f
  U1479/Y (NAND2X1)                    1404592.000
                                                  105057376.000 r
  U1483/Y (OR2X1)                      2592768.000
                                                  107650144.000 r
  U1484/Y (NAND2X1)                    1047984.000
                                                  108698128.000 f
  U515/Y (XNOR2X1)                     5991312.000
                                                  114689440.000 f
  U1576/Y (NAND2X1)                    856800.000 115546240.000 r
  U1579/Y (NAND2X1)                    1154768.000
                                                  116701008.000 f
  U1582/Y (NAND2X1)                    885264.000 117586272.000 r
  U1586/Y (OR2X1)                      2561312.000
                                                  120147584.000 r
  U319/Y (AND2X1)                      1885920.000
                                                  122033504.000 r
  U320/Y (INVX1)                       715456.000 122748960.000 f
  U1594/Y (NAND2X1)                    1362952.000
                                                  124111912.000 r
  U1595/Y (INVX1)                      1094336.000
                                                  125206248.000 f
  U1596/Y (NAND2X1)                    1284304.000
                                                  126490552.000 r
  U1598/Y (NAND2X1)                    848080.000 127338632.000 f
  U313/Y (AND2X1)                      2045136.000
                                                  129383768.000 f
  U273/Y (INVX1)                       -335376.000
                                                  129048392.000 r
  U579/Y (INVX1)                       671048.000 129719440.000 f
  U274/Y (INVX1)                       525000.000 130244440.000 r
  U1794/Y (NAND2X1)                    927400.000 131171840.000 f
  U316/Y (INVX1)                       -565936.000
                                                  130605904.000 r
  U296/Y (OR2X1)                       1642752.000
                                                  132248656.000 r
  U1797/Y (NOR2X1)                     485376.000 132734032.000 f
  U1799/Y (NOR2X1)                     1186152.000
                                                  133920184.000 r
  U1803/Y (NAND2X1)                    833880.000 134754064.000 f
  U1805/Y (NAND2X1)                    879600.000 135633664.000 r
  U1806/Y (NAND2X1)                    1151392.000
                                                  136785056.000 f
  U1808/Y (NAND2X1)                    1341888.000
                                                  138126944.000 r
  U1809/Y (INVX1)                      1107136.000
                                                  139234080.000 f
  U1813/Y (NAND2X1)                    919328.000 140153408.000 r
  U1817/Y (NAND2X1)                    848352.000 141001760.000 f
  U1819/Y (NAND2X1)                    885344.000 141887104.000 r
  U1820/Y (OR2X1)                      2581888.000
                                                  144468992.000 r
  U1822/Y (NAND2X1)                    804864.000 145273856.000 f
  U1824/Y (NAND2X1)                    888960.000 146162816.000 r
  U1828/Y (OR2X1)                      2561552.000
                                                  148724368.000 r
  U1832/Y (NAND2X1)                    804784.000 149529152.000 f
  U1834/Y (NAND2X1)                    1341792.000
                                                  150870944.000 r
  U1835/Y (INVX1)                      1116224.000
                                                  151987168.000 f
  U1836/Y (NAND2X1)                    1284224.000
                                                  153271392.000 r
  U1840/Y (NAND2X1)                    848080.000 154119472.000 f
  U1842/Y (NAND2X1)                    885520.000 155004992.000 r
  U1846/Y (OR2X1)                      2606816.000
                                                  157611808.000 r
  U1848/Y (NAND2X1)                    804768.000 158416576.000 f
  U1850/Y (NAND2X1)                    888976.000 159305552.000 r
  U1851/Y (OR2X1)                      2562096.000
                                                  161867648.000 r
  U1855/Y (NAND2X1)                    799200.000 162666848.000 f
  U1857/Y (NAND2X1)                    885280.000 163552128.000 r
  U1861/Y (OR2X1)                      2605440.000
                                                  166157568.000 r
  U1866/Y (NAND2X1)                    804768.000 166962336.000 f
  U1868/Y (NAND2X1)                    885312.000 167847648.000 r
  U1869/Y (OR2X1)                      2562080.000
                                                  170409728.000 r
  U1870/Y (NAND2X1)                    799200.000 171208928.000 f
  U1872/Y (NAND2X1)                    1341808.000
                                                  172550736.000 r
  U1873/Y (INVX1)                      1096592.000
                                                  173647328.000 f
  U1878/Y (NAND2X1)                    919312.000 174566640.000 r
  U1882/Y (NAND2X1)                    848096.000 175414736.000 f
  U1884/Y (NAND2X1)                    885504.000 176300240.000 r
  U1885/Y (NOR2X1)                     -331824.000
                                                  175968416.000 f
  U1890/Y (NAND2X1)                    880128.000 176848544.000 r
  U1892/Y (NAND2X1)                    865984.000 177714528.000 f
  U312/Y (AND2X1)                      2045152.000
                                                  179759680.000 f
  U275/Y (INVX1)                       -327120.000
                                                  179432560.000 r
  U580/Y (INVX1)                       670528.000 180103088.000 f
  U1916/Y (NAND2X1)                    1297744.000
                                                  181400832.000 r
  U1917/Y (NAND2X1)                    1229664.000
                                                  182630496.000 f
  U184/Y (INVX1)                       226080.000 182856576.000 r
  U185/Y (INVX1)                       646704.000 183503280.000 f
  U1918/Y (NOR2X1)                     1157696.000
                                                  184660976.000 r
  U1919/Y (NOR2X1)                     155968.000 184816944.000 f
  U1922/Y (NAND2X1)                    886064.000 185703008.000 r
  U1924/Y (NAND2X1)                    851120.000 186554128.000 f
  U1929/Y (NOR2X1)                     1195056.000
                                                  187749184.000 r
  U1933/Y (NOR2X1)                     101680.000 187850864.000 f
  U1934/Y (NAND2X1)                    1397840.000
                                                  189248704.000 r
  U1935/Y (NAND2X1)                    1234960.000
                                                  190483664.000 f
  U1936/Y (NAND2X1)                    1395344.000
                                                  191879008.000 r
  U1941/Y (NAND2X1)                    866096.000 192745104.000 f
  U1944/Y (NAND2X1)                    1341792.000
                                                  194086896.000 r
  U1945/Y (INVX1)                      1116608.000
                                                  195203504.000 f
  U1948/Y (NAND2X1)                    919344.000 196122848.000 r
  U1952/Y (NAND2X1)                    848144.000 196970992.000 f
  U1954/Y (NAND2X1)                    885488.000 197856480.000 r
  U1958/Y (NOR2X1)                     -327904.000
                                                  197528576.000 f
  U1962/Y (NAND2X1)                    880160.000 198408736.000 r
  U1963/Y (NAND2X1)                    848320.000 199257056.000 f
  U1965/Y (NAND2X1)                    886048.000 200143104.000 r
  U1967/Y (NAND2X1)                    865136.000 201008240.000 f
  U1968/Y (NAND2X1)                    1395344.000
                                                  202403584.000 r
  U1969/Y (NAND2X1)                    1154864.000
                                                  203558448.000 f
  U1972/Y (NAND2X1)                    885264.000 204443712.000 r
  U1973/Y (NOR2X1)                     -311792.000
                                                  204131920.000 f
  U1974/Y (OR2X1)                      2088400.000
                                                  206220320.000 f
  U1978/Y (NAND2X1)                    872192.000 207092512.000 r
  U194/Y (AND2X1)                      2165440.000
                                                  209257952.000 r
  U195/Y (INVX1)                       735904.000 209993856.000 f
  U568/Y (INVX1)                       977824.000 210971680.000 r
  U2396/Y (NAND2X1)                    1097248.000
                                                  212068928.000 f
  U2397/Y (NAND2X1)                    1389264.000
                                                  213458192.000 r
  U2399/Y (NAND2X1)                    865936.000 214324128.000 f
  U2401/Y (NOR2X1)                     1190016.000
                                                  215514144.000 r
  U2402/Y (NOR2X1)                     108304.000 215622448.000 f
  U2403/Y (NAND2X1)                    883184.000 216505632.000 r
  U2405/Y (NAND2X1)                    848416.000 217354048.000 f
  U2406/Y (NAND2X1)                    1399440.000
                                                  218753488.000 r
  U2408/Y (NAND2X1)                    867616.000 219621104.000 f
  U2411/Y (OR2X1)                      2092512.000
                                                  221713616.000 f
  U2412/Y (NAND2X1)                    1425776.000
                                                  223139392.000 r
  U2413/Y (NOR2X1)                     -377568.000
                                                  222761824.000 f
  U582/Y (OR2X1)                       2087840.000
                                                  224849664.000 f
  U2415/Y (NAND2X1)                    878144.000 225727808.000 r
  U410/Y (AND2X1)                      1794080.000
                                                  227521888.000 r
  U411/Y (INVX1)                       715632.000 228237520.000 f
  U2420/Y (NAND2X1)                    918864.000 229156384.000 r
  U2422/Y (NAND2X1)                    866816.000 230023200.000 f
  U2423/Y (NOR2X1)                     1189984.000
                                                  231213184.000 r
  U2424/Y (NAND2X1)                    839168.000 232052352.000 f
  U2430/Y (NAND2X1)                    885968.000 232938320.000 r
  U2432/Y (NAND2X1)                    866928.000 233805248.000 f
  U2433/Y (NAND2X1)                    1399360.000
                                                  235204608.000 r
  U2435/Y (NAND2X1)                    866768.000 236071376.000 f
  U2436/Y (NAND2X1)                    1399376.000
                                                  237470752.000 r
  U2437/Y (NAND2X1)                    866752.000 238337504.000 f
  U2443/Y (NAND2X1)                    892048.000 239229552.000 r
  U2447/Y (OR2X1)                      2560544.000
                                                  241790096.000 r
  U545/Y (AND2X1)                      2203024.000
                                                  243993120.000 r
  U2448/Y (NAND2X1)                    836032.000 244829152.000 f
  U2449/Y (NOR2X1)                     1190528.000
                                                  246019680.000 r
  U2450/Y (NAND2X1)                    833872.000 246853552.000 f
  U2452/Y (NAND2X1)                    876720.000 247730272.000 r
  out[0] (out)                            0.000   247730272.000 r
  data arrival time                               247730272.000

  clock clk (rise edge)                250000000.000
                                                  250000000.000
  clock network delay (ideal)             0.000   250000000.000
  clock reconvergence pessimism           0.000   250000000.000
  output external delay                   0.000   250000000.000
  data required time                              250000000.000
  ---------------------------------------------------------------
  data required time                              250000000.000
  data arrival time                               -247730272.000
  ---------------------------------------------------------------
  slack (MET)                                     2269728.000


1
