 
****************************************
Report : timing
        -path full
        -delay max
        -max_paths 1
Design : top
Version: S-2021.06-SP2
Date   : Fri Dec  2 10:33:41 2022
****************************************

Operating Conditions: TT   Library: PPDK_Standard_Library_1.0V_25C_TYP_X1
Wire Load Model Mode: top

  Startpoint: inp[46] (input port clocked by clk)
  Endpoint: out[0] (output port clocked by clk)
  Path Group: clk
  Path Type: max

  Point                                    Incr       Path
  -----------------------------------------------------------
  clock clk (rise edge)                   0.000      0.000
  clock network delay (ideal)             0.000      0.000
  input external delay                    0.000      0.000 r
  inp[46] (in)                            0.000      0.000 r
  U1172/Y (NAND2X1)                    1027202.312
                                                  1027202.312 f
  U1173/Y (NAND2X1)                    1374978.750
                                                  2402181.000 r
  U1174/Y (NAND2X1)                    863641.750 3265822.750 f
  U1176/Y (XOR2X1)                     5293597.000
                                                  8559420.000 r
  U1177/Y (XOR2X1)                     4757196.000
                                                  13316616.000 f
  U1185/Y (OR2X1)                      2060621.000
                                                  15377237.000 f
  U1186/Y (NAND2X1)                    1429403.000
                                                  16806640.000 r
  U1189/Y (OR2X1)                      2650392.000
                                                  19457032.000 r
  U314/Y (AND2X1)                      2196636.000
                                                  21653668.000 r
  U315/Y (INVX1)                       708602.000 22362270.000 f
  U1191/Y (NAND2X1)                    918808.000 23281078.000 r
  U1193/Y (NAND2X1)                    849034.000 24130112.000 f
  U1235/Y (OR2X1)                      2095014.000
                                                  26225126.000 f
  U1236/Y (NAND2X1)                    1421664.000
                                                  27646790.000 r
  U163/Y (AND2X1)                      2163264.000
                                                  29810054.000 r
  U164/Y (INVX1)                       719904.000 30529958.000 f
  U1255/Y (OR2X1)                      2115226.000
                                                  32645184.000 f
  U1256/Y (NAND2X1)                    1752552.000
                                                  34397736.000 r
  U1257/Y (INVX1)                      1069700.000
                                                  35467436.000 f
  U1258/Y (NAND2X1)                    1284712.000
                                                  36752148.000 r
  U1261/Y (NAND2X1)                    848140.000 37600288.000 f
  U1264/Y (NAND2X1)                    1341740.000
                                                  38942028.000 r
  U1265/Y (INVX1)                      1097292.000
                                                  40039320.000 f
  U1266/Y (NAND2X1)                    1284616.000
                                                  41323936.000 r
  U321/Y (AND2X1)                      1818996.000
                                                  43142932.000 r
  U322/Y (INVX1)                       715580.000 43858512.000 f
  U1274/Y (NAND2X1)                    1362968.000
                                                  45221480.000 r
  U1275/Y (INVX1)                      1096416.000
                                                  46317896.000 f
  U1276/Y (NAND2X1)                    1284296.000
                                                  47602192.000 r
  U1280/Y (NAND2X1)                    929292.000 48531484.000 f
  U269/Y (INVX1)                       226388.000 48757872.000 r
  U270/Y (INVX1)                       647668.000 49405540.000 f
  U1290/Y (NAND2X1)                    918524.000 50324064.000 r
  U541/Y (OR2X1)                       1456784.000
                                                  51780848.000 r
  U506/Y (AND2X1)                      1843984.000
                                                  53624832.000 r
  U1358/Y (NAND2X1)                    836084.000 54460916.000 f
  U1359/Y (NAND2X1)                    1391240.000
                                                  55852156.000 r
  U1360/Y (NAND2X1)                    1234684.000
                                                  57086840.000 f
  U1361/Y (INVX1)                      -562812.000
                                                  56524028.000 r
  U1365/Y (NAND2X1)                    802464.000 57326492.000 f
  U1366/Y (NAND2X1)                    1404452.000
                                                  58730944.000 r
  U1375/Y (OR2X1)                      2592460.000
                                                  61323404.000 r
  U1376/Y (NAND2X1)                    1048240.000
                                                  62371644.000 f
  U1377/Y (NAND2X1)                    1384808.000
                                                  63756452.000 r
  U1382/Y (OR2X1)                      2546776.000
                                                  66303228.000 r
  U1383/Y (NAND2X1)                    1045860.000
                                                  67349088.000 f
  U1384/Y (NAND2X1)                    1384376.000
                                                  68733464.000 r
  U1386/Y (OR2X1)                      2545800.000
                                                  71279264.000 r
  U444/Y (AND2X1)                      1882896.000
                                                  73162160.000 r
  U445/Y (INVX1)                       715888.000 73878048.000 f
  U1388/Y (NAND2X1)                    1362936.000
                                                  75240984.000 r
  U1392/Y (INVX1)                      1096704.000
                                                  76337688.000 f
  U1393/Y (NAND2X1)                    924984.000 77262672.000 r
  U1394/Y (NAND2X1)                    1126664.000
                                                  78389336.000 f
  U1395/Y (NAND2X1)                    1399376.000
                                                  79788712.000 r
  U1399/Y (OR2X1)                      2580616.000
                                                  82369328.000 r
  U1400/Y (NAND2X1)                    1045424.000
                                                  83414752.000 f
  U1401/Y (NAND2X1)                    1752624.000
                                                  85167376.000 r
  U1419/Y (INVX1)                      1117608.000
                                                  86284984.000 f
  U1420/Y (NAND2X1)                    1290208.000
                                                  87575192.000 r
  U1421/Y (NAND2X1)                    1126568.000
                                                  88701760.000 f
  U1422/Y (NAND2X1)                    1399352.000
                                                  90101112.000 r
  U1440/Y (OR2X1)                      2580576.000
                                                  92681688.000 r
  U1441/Y (NAND2X1)                    1045424.000
                                                  93727112.000 f
  U1442/Y (NAND2X1)                    1384288.000
                                                  95111400.000 r
  U1457/Y (OR2X1)                      2545560.000
                                                  97656960.000 r
  U1458/Y (NAND2X1)                    1045872.000
                                                  98702832.000 f
  U1459/Y (NAND2X1)                    1752616.000
                                                  100455448.000 r
  U1476/Y (INVX1)                      1117520.000
                                                  101572968.000 f
  U1477/Y (NAND2X1)                    925008.000 102497976.000 r
  U1478/Y (NAND2X1)                    1154752.000
                                                  103652728.000 f
  U1479/Y (NAND2X1)                    1404592.000
                                                  105057320.000 r
  U1483/Y (OR2X1)                      2592744.000
                                                  107650064.000 r
  U1484/Y (NAND2X1)                    1047992.000
                                                  108698056.000 f
  U515/Y (XNOR2X1)                     5991352.000
                                                  114689408.000 f
  U1576/Y (NAND2X1)                    856792.000 115546200.000 r
  U1579/Y (NAND2X1)                    1154792.000
                                                  116700992.000 f
  U1582/Y (NAND2X1)                    885256.000 117586248.000 r
  U1586/Y (OR2X1)                      2561320.000
                                                  120147568.000 r
  U319/Y (AND2X1)                      1885920.000
                                                  122033488.000 r
  U320/Y (INVX1)                       715456.000 122748944.000 f
  U1594/Y (NAND2X1)                    1362952.000
                                                  124111896.000 r
  U1595/Y (INVX1)                      1094344.000
                                                  125206240.000 f
  U1596/Y (NAND2X1)                    1284304.000
                                                  126490544.000 r
  U1598/Y (NAND2X1)                    848072.000 127338616.000 f
  U313/Y (AND2X1)                      2045136.000
                                                  129383752.000 f
  U273/Y (INVX1)                       -335360.000
                                                  129048392.000 r
  U579/Y (INVX1)                       671048.000 129719440.000 f
  U274/Y (INVX1)                       525000.000 130244440.000 r
  U1794/Y (NAND2X1)                    927392.000 131171832.000 f
  U316/Y (INVX1)                       -565984.000
                                                  130605848.000 r
  U296/Y (OR2X1)                       1642752.000
                                                  132248600.000 r
  U1797/Y (NOR2X1)                     485368.000 132733968.000 f
  U1799/Y (NOR2X1)                     1186160.000
                                                  133920128.000 r
  U1803/Y (NAND2X1)                    833872.000 134754000.000 f
  U1805/Y (NAND2X1)                    879600.000 135633600.000 r
  U1806/Y (NAND2X1)                    1151392.000
                                                  136784992.000 f
  U1808/Y (NAND2X1)                    1341888.000
                                                  138126880.000 r
  U1809/Y (INVX1)                      1107136.000
                                                  139234016.000 f
  U1813/Y (NAND2X1)                    919328.000 140153344.000 r
  U1817/Y (NAND2X1)                    848352.000 141001696.000 f
  U1819/Y (NAND2X1)                    885344.000 141887040.000 r
  U1820/Y (OR2X1)                      2581936.000
                                                  144468976.000 r
  U1822/Y (NAND2X1)                    804864.000 145273840.000 f
  U1824/Y (NAND2X1)                    888960.000 146162800.000 r
  U1828/Y (OR2X1)                      2561600.000
                                                  148724400.000 r
  U1832/Y (NAND2X1)                    804768.000 149529168.000 f
  U1834/Y (NAND2X1)                    1341792.000
                                                  150870960.000 r
  U1835/Y (INVX1)                      1116224.000
                                                  151987184.000 f
  U1836/Y (NAND2X1)                    1284224.000
                                                  153271408.000 r
  U1840/Y (NAND2X1)                    848064.000 154119472.000 f
  U1842/Y (NAND2X1)                    885504.000 155004976.000 r
  U1846/Y (OR2X1)                      2606880.000
                                                  157611856.000 r
  U1848/Y (NAND2X1)                    804768.000 158416624.000 f
  U1850/Y (NAND2X1)                    888976.000 159305600.000 r
  U1851/Y (OR2X1)                      2562144.000
                                                  161867744.000 r
  U1855/Y (NAND2X1)                    799184.000 162666928.000 f
  U1857/Y (NAND2X1)                    885280.000 163552208.000 r
  U1861/Y (OR2X1)                      2605488.000
                                                  166157696.000 r
  U1866/Y (NAND2X1)                    804768.000 166962464.000 f
  U1868/Y (NAND2X1)                    885296.000 167847760.000 r
  U1869/Y (OR2X1)                      2562144.000
                                                  170409904.000 r
  U1870/Y (NAND2X1)                    799184.000 171209088.000 f
  U1872/Y (NAND2X1)                    1341792.000
                                                  172550880.000 r
  U1873/Y (INVX1)                      1096576.000
                                                  173647456.000 f
  U1878/Y (NAND2X1)                    919312.000 174566768.000 r
  U1882/Y (NAND2X1)                    848096.000 175414864.000 f
  U1884/Y (NAND2X1)                    885504.000 176300368.000 r
  U1885/Y (NOR2X1)                     -331856.000
                                                  175968512.000 f
  U1890/Y (NAND2X1)                    880112.000 176848624.000 r
  U1892/Y (NAND2X1)                    865984.000 177714608.000 f
  U312/Y (AND2X1)                      2045136.000
                                                  179759744.000 f
  U275/Y (INVX1)                       -327088.000
                                                  179432656.000 r
  U580/Y (INVX1)                       670528.000 180103184.000 f
  U1916/Y (NAND2X1)                    1297744.000
                                                  181400928.000 r
  U1917/Y (NAND2X1)                    1229648.000
                                                  182630576.000 f
  U184/Y (INVX1)                       226064.000 182856640.000 r
  U185/Y (INVX1)                       646704.000 183503344.000 f
  U1918/Y (NOR2X1)                     1157696.000
                                                  184661040.000 r
  U1919/Y (NOR2X1)                     155952.000 184816992.000 f
  U1922/Y (NAND2X1)                    886064.000 185703056.000 r
  U1924/Y (NAND2X1)                    851136.000 186554192.000 f
  U1929/Y (NOR2X1)                     1195056.000
                                                  187749248.000 r
  U1933/Y (NOR2X1)                     101680.000 187850928.000 f
  U1934/Y (NAND2X1)                    1397856.000
                                                  189248784.000 r
  U1935/Y (NAND2X1)                    1234944.000
                                                  190483728.000 f
  U1936/Y (NAND2X1)                    1395328.000
                                                  191879056.000 r
  U1941/Y (NAND2X1)                    866080.000 192745136.000 f
  U1944/Y (NAND2X1)                    1341792.000
                                                  194086928.000 r
  U1945/Y (INVX1)                      1116608.000
                                                  195203536.000 f
  U1948/Y (NAND2X1)                    919344.000 196122880.000 r
  U1952/Y (NAND2X1)                    848128.000 196971008.000 f
  U1954/Y (NAND2X1)                    885504.000 197856512.000 r
  U1958/Y (NOR2X1)                     -327952.000
                                                  197528560.000 f
  U1962/Y (NAND2X1)                    880160.000 198408720.000 r
  U1963/Y (NAND2X1)                    848304.000 199257024.000 f
  U1965/Y (NAND2X1)                    886032.000 200143056.000 r
  U1967/Y (NAND2X1)                    865136.000 201008192.000 f
  U1968/Y (NAND2X1)                    1395360.000
                                                  202403552.000 r
  U1969/Y (NAND2X1)                    1154880.000
                                                  203558432.000 f
  U1972/Y (NAND2X1)                    885264.000 204443696.000 r
  U1973/Y (NOR2X1)                     -311824.000
                                                  204131872.000 f
  U1974/Y (OR2X1)                      2088400.000
                                                  206220272.000 f
  U1978/Y (NAND2X1)                    872176.000 207092448.000 r
  U194/Y (AND2X1)                      2165488.000
                                                  209257936.000 r
  U195/Y (INVX1)                       735888.000 209993824.000 f
  U568/Y (INVX1)                       977840.000 210971664.000 r
  U2396/Y (NAND2X1)                    1097232.000
                                                  212068896.000 f
  U2397/Y (NAND2X1)                    1389264.000
                                                  213458160.000 r
  U2399/Y (NAND2X1)                    865952.000 214324112.000 f
  U2401/Y (NOR2X1)                     1190016.000
                                                  215514128.000 r
  U2402/Y (NOR2X1)                     108288.000 215622416.000 f
  U2403/Y (NAND2X1)                    883184.000 216505600.000 r
  U2405/Y (NAND2X1)                    848400.000 217354000.000 f
  U2406/Y (NAND2X1)                    1399440.000
                                                  218753440.000 r
  U2408/Y (NAND2X1)                    867584.000 219621024.000 f
  U2411/Y (OR2X1)                      2092512.000
                                                  221713536.000 f
  U2412/Y (NAND2X1)                    1425776.000
                                                  223139312.000 r
  U2413/Y (NOR2X1)                     -377600.000
                                                  222761712.000 f
  U582/Y (OR2X1)                       2087840.000
                                                  224849552.000 f
  U2415/Y (NAND2X1)                    878144.000 225727696.000 r
  U410/Y (AND2X1)                      1794064.000
                                                  227521760.000 r
  U411/Y (INVX1)                       715632.000 228237392.000 f
  U2420/Y (NAND2X1)                    918864.000 229156256.000 r
  U2422/Y (NAND2X1)                    866832.000 230023088.000 f
  U2423/Y (NOR2X1)                     1189984.000
                                                  231213072.000 r
  U2424/Y (NAND2X1)                    839168.000 232052240.000 f
  U2430/Y (NAND2X1)                    885968.000 232938208.000 r
  U2432/Y (NAND2X1)                    866912.000 233805120.000 f
  U2433/Y (NAND2X1)                    1399360.000
                                                  235204480.000 r
  U2435/Y (NAND2X1)                    866736.000 236071216.000 f
  U2436/Y (NAND2X1)                    1399376.000
                                                  237470592.000 r
  U2437/Y (NAND2X1)                    866736.000 238337328.000 f
  U2443/Y (NAND2X1)                    892032.000 239229360.000 r
  U2447/Y (OR2X1)                      2560576.000
                                                  241789936.000 r
  U545/Y (AND2X1)                      2203008.000
                                                  243992944.000 r
  U2448/Y (NAND2X1)                    836032.000 244828976.000 f
  U2449/Y (NOR2X1)                     1190528.000
                                                  246019504.000 r
  U2450/Y (NAND2X1)                    833872.000 246853376.000 f
  U2452/Y (NAND2X1)                    876720.000 247730096.000 r
  out[0] (out)                            0.000   247730096.000 r
  data arrival time                               247730096.000

  clock clk (rise edge)                250000000.000
                                                  250000000.000
  clock network delay (ideal)             0.000   250000000.000
  output external delay                   0.000   250000000.000
  data required time                              250000000.000
  -----------------------------------------------------------
  data required time                              250000000.000
  data arrival time                               -247730096.000
  -----------------------------------------------------------
  slack (MET)                                     2269904.000


1
