****************************************
Report : timing
	-path_type full
	-delay_type max
	-max_paths 1
	-sort_by slack
Design : top
Version: S-2021.06-SP1
Date   : Tue Nov 29 15:37:45 2022
****************************************


  Startpoint: inp[48] (input port clocked by clk)
  Endpoint: out[0] (output port clocked by clk)
  Path Group: clk
  Path Type: max

  Point                                    Incr       Path
  ---------------------------------------------------------------
  clock clk (rise edge)                   0.000      0.000
  clock network delay (ideal)             0.000      0.000
  input external delay                    0.000      0.000 f
  inp[48] (in)                            0.000      0.000 f
  U1303/Y (INVX1)                      601920.000 601920.000 r
  U435/Y (AND2X1)                      2197904.000
                                                  2799824.000 r
  U436/Y (INVX1)                       725600.000 3525424.000 f
  U1520/Y (AND2X1)                     2244128.000
                                                  5769552.000 f
  U1529/Y (XOR2X1)                     5258368.000
                                                  11027920.000 r
  U844/Y (AND2X1)                      2174352.000
                                                  13202272.000 r
  U845/Y (INVX1)                       715632.000 13917904.000 f
  U1530/Y (NAND2X1)                    1297376.000
                                                  15215280.000 r
  U1533/Y (XOR2X1)                     4333952.000
                                                  19549232.000 f
  U1559/Y (XOR2X1)                     5742432.000
                                                  25291664.000 r
  U1566/Y (XOR2X1)                     4744608.000
                                                  30036272.000 f
  U635/Y (AND2X1)                      2417728.000
                                                  32454000.000 f
  U636/Y (INVX1)                       -1448048.000
                                                  31005952.000 r
  U1567/Y (NAND2X1)                    1054096.000
                                                  32060048.000 f
  U1569/Y (XOR2X1)                     5245392.000
                                                  37305440.000 r
  U1601/Y (XOR2X1)                     4756992.000
                                                  42062432.000 f
  U1607/Y (XOR2X1)                     5963152.000
                                                  48025584.000 r
  U1608/Y (NAND2X1)                    1237296.000
                                                  49262880.000 f
  U1609/Y (NAND2X1)                    1404528.000
                                                  50667408.000 r
  U1611/Y (XOR2X1)                     4742896.000
                                                  55410304.000 f
  U1621/Y (NAND2X1)                    1306480.000
                                                  56716784.000 r
  U1622/Y (NAND2X1)                    1168672.000
                                                  57885456.000 f
  U1626/Y (XOR2X1)                     5319104.000
                                                  63204560.000 r
  U255/Y (AND2X1)                      1818720.000
                                                  65023280.000 r
  U256/Y (INVX1)                       716368.000 65739648.000 f
  U1633/Y (NAND2X1)                    1297376.000
                                                  67037024.000 r
  U1635/Y (XOR2X1)                     4767728.000
                                                  71804752.000 f
  U696/Y (AND2X1)                      2061984.000
                                                  73866736.000 f
  U697/Y (INVX1)                       -1448080.000
                                                  72418656.000 r
  U463/Y (AND2X1)                      2199136.000
                                                  74617792.000 r
  U464/Y (INVX1)                       725200.000 75342992.000 f
  U1683/Y (NAND2X1)                    1296768.000
                                                  76639760.000 r
  U1684/Y (AND2X1)                     2595840.000
                                                  79235600.000 r
  U1685/Y (NAND2X1)                    1075488.000
                                                  80311088.000 f
  U512/Y (AND2X1)                      2044592.000
                                                  82355680.000 f
  U513/Y (INVX1)                       -280864.000
                                                  82074816.000 r
  U3132/Y (NOR2X1)                     152896.000 82227712.000 f
  U3919/Y (XOR2X1)                     5251696.000
                                                  87479408.000 r
  U3968/Y (XOR2X1)                     4334704.000
                                                  91814112.000 f
  U3969/Y (XOR2X1)                     5094448.000
                                                  96908560.000 r
  U3975/Y (XOR2X1)                     4328960.000
                                                  101237520.000 f
  U3979/Y (XOR2X1)                     5732912.000
                                                  106970432.000 r
  U4408/Y (XOR2X1)                     4771744.000
                                                  111742176.000 f
  U1024/Y (AND2X1)                     2405728.000
                                                  114147904.000 f
  U1025/Y (INVX1)                      -1525728.000
                                                  112622176.000 r
  U811/Y (AND2X1)                      1882048.000
                                                  114504224.000 r
  U812/Y (INVX1)                       720328.000 115224552.000 f
  U4413/Y (NAND2X1)                    1752760.000
                                                  116977312.000 r
  U4414/Y (INVX1)                      1216888.000
                                                  118194200.000 f
  U1006/Y (AND2X1)                     2458376.000
                                                  120652576.000 f
  U1007/Y (INVX1)                      -1185384.000
                                                  119467192.000 r
  U263/Y (AND2X1)                      1881840.000
                                                  121349032.000 r
  U264/Y (INVX1)                       715160.000 122064192.000 f
  U4418/Y (NAND2X1)                    1752760.000
                                                  123816952.000 r
  U4419/Y (INVX1)                      1216872.000
                                                  125033824.000 f
  U1020/Y (AND2X1)                     2034704.000
                                                  127068528.000 f
  U1021/Y (INVX1)                      -1526408.000
                                                  125542120.000 r
  U4423/Y (NAND2X1)                    800368.000 126342488.000 f
  U4426/Y (NAND2X1)                    1345464.000
                                                  127687952.000 r
  U4427/Y (INVX1)                      1116784.000
                                                  128804736.000 f
  U994/Y (AND2X1)                      2034736.000
                                                  130839472.000 f
  U995/Y (INVX1)                       -1523000.000
                                                  129316472.000 r
  U4431/Y (NAND2X1)                    800368.000 130116840.000 f
  U4434/Y (NAND2X1)                    1345464.000
                                                  131462304.000 r
  U4435/Y (INVX1)                      1116776.000
                                                  132579080.000 f
  U4437/Y (NAND2X1)                    919336.000 133498416.000 r
  U722/Y (AND2X1)                      1818704.000
                                                  135317120.000 r
  U723/Y (INVX1)                       715392.000 136032512.000 f
  U4440/Y (NAND2X1)                    1362928.000
                                                  137395440.000 r
  U4441/Y (INVX1)                      1107216.000
                                                  138502656.000 f
  U4444/Y (NAND2X1)                    919328.000 139421984.000 r
  U724/Y (AND2X1)                      1819168.000
                                                  141241152.000 r
  U725/Y (INVX1)                       715360.000 141956512.000 f
  U686/Y (AND2X1)                      2034880.000
                                                  143991392.000 f
  U687/Y (INVX1)                       -1174976.000
                                                  142816416.000 r
  U4446/Y (NAND2X1)                    1050592.000
                                                  143867008.000 f
  U4447/Y (NAND2X1)                    886144.000 144753152.000 r
  U4449/Y (NAND2X1)                    1171696.000
                                                  145924848.000 f
  U4450/Y (NAND2X1)                    1403280.000
                                                  147328128.000 r
  U4453/Y (NAND2X1)                    867392.000 148195520.000 f
  U604/Y (NAND2X1)                     1389856.000
                                                  149585376.000 r
  U4532/Y (NAND2X1)                    862432.000 150447808.000 f
  U4533/Y (NAND2X1)                    1404128.000
                                                  151851936.000 r
  U4536/Y (NAND2X1)                    931008.000 152782944.000 f
  U4544/Y (NAND2X1)                    1394000.000
                                                  154176944.000 r
  U4545/Y (NAND2X1)                    1234800.000
                                                  155411744.000 f
  U4546/Y (NAND2X1)                    1395328.000
                                                  156807072.000 r
  U4551/Y (NAND2X1)                    866112.000 157673184.000 f
  U4555/Y (NAND2X1)                    885280.000 158558464.000 r
  U4558/Y (OR2X1)                      2561248.000
                                                  161119712.000 r
  U4562/Y (NAND2X1)                    797440.000 161917152.000 f
  U4564/Y (NAND2X1)                    1341840.000
                                                  163258992.000 r
  U4565/Y (INVX1)                      1096560.000
                                                  164355552.000 f
  U4566/Y (NAND2X1)                    1284288.000
                                                  165639840.000 r
  U4569/Y (NAND2X1)                    848080.000 166487920.000 f
  U4571/Y (NAND2X1)                    1341904.000
                                                  167829824.000 r
  U4572/Y (INVX1)                      1093504.000
                                                  168923328.000 f
  U4577/Y (NAND2X1)                    919312.000 169842640.000 r
  U4580/Y (NAND2X1)                    848112.000 170690752.000 f
  U4582/Y (NAND2X1)                    879584.000 171570336.000 r
  U4583/Y (NAND2X1)                    1156016.000
                                                  172726352.000 f
  U4585/Y (NAND2X1)                    879280.000 173605632.000 r
  U4586/Y (NAND2X1)                    1156064.000
                                                  174761696.000 f
  U4589/Y (NAND2X1)                    885184.000 175646880.000 r
  U4592/Y (OR2X1)                      2561536.000
                                                  178208416.000 r
  U4593/Y (NAND2X1)                    1232016.000
                                                  179440432.000 f
  U557/Y (INVX1)                       -493776.000
                                                  178946656.000 r
  U4595/Y (NAND2X1)                    1055248.000
                                                  180001904.000 f
  U4596/Y (NAND2X1)                    1757360.000
                                                  181759264.000 r
  U4601/Y (NOR2X1)                     -317264.000
                                                  181442000.000 f
  U4605/Y (NOR2X1)                     1195936.000
                                                  182637936.000 r
  U4609/Y (NAND2X1)                    834560.000 183472496.000 f
  U4611/Y (NAND2X1)                    1341904.000
                                                  184814400.000 r
  U4612/Y (INVX1)                      1095856.000
                                                  185910256.000 f
  U4618/Y (NAND2X1)                    919312.000 186829568.000 r
  U4622/Y (NAND2X1)                    848096.000 187677664.000 f
  U4624/Y (NAND2X1)                    885504.000 188563168.000 r
  U4625/Y (OR2X1)                      2605744.000
                                                  191168912.000 r
  U4630/Y (NAND2X1)                    797424.000 191966336.000 f
  U4632/Y (NAND2X1)                    885312.000 192851648.000 r
  U4637/Y (OR2X1)                      2607520.000
                                                  195459168.000 r
  U4641/Y (NAND2X1)                    797424.000 196256592.000 f
  U4643/Y (NAND2X1)                    885456.000 197142048.000 r
  U4648/Y (OR2X1)                      2605408.000
                                                  199747456.000 r
  U4652/Y (NAND2X1)                    797248.000 200544704.000 f
  U4654/Y (NAND2X1)                    885456.000 201430160.000 r
  U4655/Y (OR2X1)                      2606480.000
                                                  204036640.000 r
  U4659/Y (NAND2X1)                    797424.000 204834064.000 f
  U4661/Y (NAND2X1)                    1341808.000
                                                  206175872.000 r
  U4662/Y (INVX1)                      1095616.000
                                                  207271488.000 f
  U4666/Y (NAND2X1)                    919312.000 208190800.000 r
  U4670/Y (NAND2X1)                    866096.000 209056896.000 f
  U4673/Y (NAND2X1)                    1341792.000
                                                  210398688.000 r
  U4678/Y (INVX1)                      1116480.000
                                                  211515168.000 f
  U4679/Y (NAND2X1)                    919360.000 212434528.000 r
  U597/Y (NAND2X1)                     1197440.000
                                                  213631968.000 f
  U4699/Y (NAND2X1)                    878384.000 214510352.000 r
  U4700/Y (NAND2X1)                    1127408.000
                                                  215637760.000 f
  U4705/Y (OR2X1)                      2088992.000
                                                  217726752.000 f
  U4708/Y (NAND2X1)                    872144.000 218598896.000 r
  U4710/Y (NAND2X1)                    866864.000 219465760.000 f
  U4711/Y (OR2X1)                      2087712.000
                                                  221553472.000 f
  U4715/Y (NAND2X1)                    872160.000 222425632.000 r
  U4717/Y (NAND2X1)                    866832.000 223292464.000 f
  U4722/Y (OR2X1)                      2087648.000
                                                  225380112.000 f
  U4726/Y (NAND2X1)                    872144.000 226252256.000 r
  U4728/Y (NAND2X1)                    866912.000 227119168.000 f
  U752/Y (NOR2X1)                      1196848.000
                                                  228316016.000 r
  U750/Y (OR2X1)                       2134000.000
                                                  230450016.000 r
  U4734/Y (NAND2X1)                    806512.000 231256528.000 f
  U4739/Y (OR2X1)                      2087648.000
                                                  233344176.000 f
  U4743/Y (NAND2X1)                    872144.000 234216320.000 r
  U4745/Y (NAND2X1)                    865984.000 235082304.000 f
  U4746/Y (NAND2X1)                    1400096.000
                                                  236482400.000 r
  U4748/Y (NAND2X1)                    867696.000 237350096.000 f
  U4753/Y (OR2X1)                      2087728.000
                                                  239437824.000 f
  U4757/Y (NAND2X1)                    872128.000 240309952.000 r
  U4759/Y (NAND2X1)                    865984.000 241175936.000 f
  U4760/Y (NAND2X1)                    879376.000 242055312.000 r
  U4761/Y (NAND2X1)                    1155952.000
                                                  243211264.000 f
  U4763/Y (NAND2X1)                    1341760.000
                                                  244553024.000 r
  U4770/Y (INVX1)                      1082336.000
                                                  245635360.000 f
  U4771/Y (NAND2X1)                    1297120.000
                                                  246932480.000 r
  U4772/Y (NAND2X1)                    1129376.000
                                                  248061856.000 f
  U4777/Y (NAND2X1)                    875120.000 248936976.000 r
  out[0] (out)                            0.000   248936976.000 r
  data arrival time                               248936976.000

  clock clk (rise edge)                250000000.000
                                                  250000000.000
  clock network delay (ideal)             0.000   250000000.000
  clock reconvergence pessimism           0.000   250000000.000
  output external delay                   0.000   250000000.000
  data required time                              250000000.000
  ---------------------------------------------------------------
  data required time                              250000000.000
  data arrival time                               -248936976.000
  ---------------------------------------------------------------
  slack (MET)                                     1063024.000


1
