****************************************
Report : timing
	-path_type full
	-delay_type max
	-max_paths 1
	-sort_by slack
Design : top
Version: S-2021.06-SP1
Date   : Sun Dec 18 11:52:04 2022
****************************************


  Startpoint: inp[12] (input port clocked by clk)
  Endpoint: out[0] (output port clocked by clk)
  Path Group: clk
  Path Type: max

  Point                                    Incr       Path
  ---------------------------------------------------------------
  clock clk (rise edge)                   0.000      0.000
  clock network delay (ideal)             0.000      0.000
  input external delay                    0.000      0.000 f
  inp[12] (in)                            0.000      0.000 f
  U805/Y (INVX1)                       614752.000 614752.000 r
  U312/Y (AND2X1)                      1877856.000
                                                  2492608.000 r
  U313/Y (INVX1)                       722464.000 3215072.000 f
  U858/Y (INVX1)                       440528.000 3655600.000 r
  U859/Y (NAND2X1)                     801280.000 4456880.000 f
  U860/Y (NAND2X1)                     1390528.000
                                                  5847408.000 r
  U862/Y (XOR2X1)                      4835840.000
                                                  10683248.000 f
  U864/Y (NAND2X1)                     835248.000 11518496.000 r
  U865/Y (NAND2X1)                     1129728.000
                                                  12648224.000 f
  U946/Y (XOR2X1)                      5353680.000
                                                  18001904.000 r
  U967/Y (OR2X1)                       2304832.000
                                                  20306736.000 r
  U985/Y (NAND2X1)                     801520.000 21108256.000 f
  U986/Y (XOR2X1)                      5344848.000
                                                  26453104.000 r
  U987/Y (NAND2X1)                     1236464.000
                                                  27689568.000 f
  U378/Y (INVX1)                       221424.000 27910992.000 r
  U379/Y (INVX1)                       646464.000 28557456.000 f
  U1049/Y (AND2X1)                     2241040.000
                                                  30798496.000 f
  U563/Y (XNOR2X1)                     5981408.000
                                                  36779904.000 f
  U564/Y (INVX1)                       -1279408.000
                                                  35500496.000 r
  U1051/Y (NAND2X1)                    801232.000 36301728.000 f
  U1052/Y (NAND2X1)                    1403904.000
                                                  37705632.000 r
  U1054/Y (OR2X1)                      2591192.000
                                                  40296824.000 r
  U424/Y (AND2X1)                      2196640.000
                                                  42493464.000 r
  U425/Y (INVX1)                       708376.000 43201840.000 f
  U1055/Y (NAND2X1)                    1291616.000
                                                  44493456.000 r
  U1057/Y (OR2X1)                      2330208.000
                                                  46823664.000 r
  U498/Y (AND2X1)                      2199504.000
                                                  49023168.000 r
  U499/Y (INVX1)                       707440.000 49730608.000 f
  U1059/Y (NAND2X1)                    1291616.000
                                                  51022224.000 r
  U1060/Y (OR2X1)                      2330216.000
                                                  53352440.000 r
  U478/Y (AND2X1)                      2199504.000
                                                  55551944.000 r
  U479/Y (INVX1)                       707440.000 56259384.000 f
  U1062/Y (NAND2X1)                    1362952.000
                                                  57622336.000 r
  U1066/Y (INVX1)                      1101592.000
                                                  58723928.000 f
  U1067/Y (NAND2X1)                    1284600.000
                                                  60008528.000 r
  U300/Y (AND2X1)                      1819008.000
                                                  61827536.000 r
  U301/Y (INVX1)                       724976.000 62552512.000 f
  U1074/Y (NAND2X1)                    920752.000 63473264.000 r
  U1075/Y (NAND2X1)                    1126600.000
                                                  64599864.000 f
  U1076/Y (NAND2X1)                    1399352.000
                                                  65999216.000 r
  U1116/Y (OR2X1)                      2580608.000
                                                  68579824.000 r
  U440/Y (AND2X1)                      2200544.000
                                                  70780368.000 r
  U441/Y (INVX1)                       707104.000 71487472.000 f
  U1117/Y (NAND2X1)                    1291608.000
                                                  72779080.000 r
  U1120/Y (OR2X1)                      2330208.000
                                                  75109288.000 r
  U442/Y (AND2X1)                      2199504.000
                                                  77308792.000 r
  U443/Y (INVX1)                       707448.000 78016240.000 f
  U1138/Y (AND2X1)                     2241104.000
                                                  80257344.000 f
  U492/Y (AND2X1)                      2431232.000
                                                  82688576.000 f
  U493/Y (INVX1)                       -1360760.000
                                                  81327816.000 r
  U418/Y (AND2X1)                      2199112.000
                                                  83526928.000 r
  U419/Y (INVX1)                       709136.000 84236064.000 f
  U224/Y (AND2X1)                      2457904.000
                                                  86693968.000 f
  U225/Y (INVX1)                       -1188312.000
                                                  85505656.000 r
  U1627/Y (NOR2X1)                     553848.000 86059504.000 f
  U684/Y (OR2X1)                       2329824.000
                                                  88389328.000 f
  U1652/Y (NAND2X1)                    872232.000 89261560.000 r
  U1677/Y (AND2X1)                     2577824.000
                                                  91839384.000 r
  U494/Y (AND2X1)                      2190680.000
                                                  94030064.000 r
  U495/Y (INVX1)                       710320.000 94740384.000 f
  U1678/Y (NAND2X1)                    1285624.000
                                                  96026008.000 r
  U623/Y (AND2X1)                      1830448.000
                                                  97856456.000 r
  U240/Y (AND2X1)                      2181016.000
                                                  100037472.000 r
  U241/Y (INVX1)                       713464.000 100750936.000 f
  U1681/Y (NAND2X1)                    918864.000 101669800.000 r
  U1683/Y (NAND2X1)                    850448.000 102520248.000 f
  U1684/Y (NAND2X1)                    1394760.000
                                                  103915008.000 r
  U1685/Y (NAND2X1)                    1156760.000
                                                  105071768.000 f
  U160/Y (AND2X1)                      2438640.000
                                                  107510408.000 f
  U161/Y (INVX1)                       -1312896.000
                                                  106197512.000 r
  U1686/Y (NAND2X1)                    802120.000 106999632.000 f
  U1687/Y (NAND2X1)                    1385264.000
                                                  108384896.000 r
  U1688/Y (NAND2X1)                    1152160.000
                                                  109537056.000 f
  U1689/Y (NAND2X1)                    1403848.000
                                                  110940904.000 r
  U1690/Y (NAND2X1)                    1235000.000
                                                  112175904.000 f
  U1691/Y (NAND2X1)                    1395344.000
                                                  113571248.000 r
  U1692/Y (NAND2X1)                    1155920.000
                                                  114727168.000 f
  U124/Y (AND2X1)                      2438624.000
                                                  117165792.000 f
  U125/Y (INVX1)                       -1300416.000
                                                  115865376.000 r
  U250/Y (AND2X1)                      2198912.000
                                                  118064288.000 r
  U251/Y (INVX1)                       707856.000 118772144.000 f
  U262/Y (AND2X1)                      2034888.000
                                                  120807032.000 f
  U263/Y (INVX1)                       -1434608.000
                                                  119372424.000 r
  U260/Y (AND2X1)                      2198936.000
                                                  121571360.000 r
  U261/Y (INVX1)                       707856.000 122279216.000 f
  U256/Y (AND2X1)                      2034888.000
                                                  124314104.000 f
  U257/Y (INVX1)                       -1434616.000
                                                  122879488.000 r
  U633/Y (AND2X1)                      2201840.000
                                                  125081328.000 r
  U634/Y (INVX1)                       712512.000 125793840.000 f
  U1705/Y (NAND2X1)                    918824.000 126712664.000 r
  U420/Y (AND2X1)                      2169528.000
                                                  128882192.000 r
  U421/Y (INVX1)                       722784.000 129604976.000 f
  U2065/Y (NAND2X1)                    1292544.000
                                                  130897520.000 r
  U496/Y (AND2X1)                      1818160.000
                                                  132715680.000 r
  U497/Y (INVX1)                       715152.000 133430832.000 f
  U2075/Y (NAND2X1)                    1291568.000
                                                  134722400.000 r
  U540/Y (AND2X1)                      1818368.000
                                                  136540768.000 r
  U541/Y (INVX1)                       715584.000 137256352.000 f
  U2081/Y (NAND2X1)                    1285600.000
                                                  138541952.000 r
  U276/Y (AND2X1)                      1818784.000
                                                  140360736.000 r
  U277/Y (INVX1)                       707600.000 141068336.000 f
  U2085/Y (OR2X1)                      2115280.000
                                                  143183616.000 f
  U532/Y (AND2X1)                      2048480.000
                                                  145232096.000 f
  U533/Y (INVX1)                       -1452528.000
                                                  143779568.000 r
  U2089/Y (NAND2X1)                    802048.000 144581616.000 f
  U2090/Y (NOR2X1)                     1195024.000
                                                  145776640.000 r
  U2093/Y (NOR2X1)                     34624.000  145811264.000 f
  U2094/Y (NAND2X1)                    882912.000 146694176.000 r
  U2096/Y (NAND2X1)                    849504.000 147543680.000 f
  U2099/Y (OR2X1)                      2087680.000
                                                  149631360.000 f
  U530/Y (AND2X1)                      2048128.000
                                                  151679488.000 f
  U531/Y (INVX1)                       -1452544.000
                                                  150226944.000 r
  U2111/Y (NAND2X1)                    802048.000 151028992.000 f
  U2122/Y (OR2X1)                      2087840.000
                                                  153116832.000 f
  U2126/Y (NAND2X1)                    872208.000 153989040.000 r
  U2127/Y (NAND2X1)                    1154352.000
                                                  155143392.000 f
  U2128/Y (NOR2X1)                     1196736.000
                                                  156340128.000 r
  U2137/Y (NOR2X1)                     99184.000  156439312.000 f
  U2139/Y (NAND2X1)                    884608.000 157323920.000 r
  U2140/Y (NAND2X1)                    1151104.000
                                                  158475024.000 f
  U2141/Y (NOR2X1)                     1202160.000
                                                  159677184.000 r
  U2156/Y (NAND2X1)                    836672.000 160513856.000 f
  U2157/Y (NAND2X1)                    1399408.000
                                                  161913264.000 r
  U198/Y (AND2X1)                      2165088.000
                                                  164078352.000 r
  U199/Y (INVX1)                       718656.000 164797008.000 f
  U270/Y (AND2X1)                      2458080.000
                                                  167255088.000 f
  U271/Y (INVX1)                       -1187184.000
                                                  166067904.000 r
  U2158/Y (NOR2X1)                     549168.000 166617072.000 f
  out[0] (out)                            0.000   166617072.000 f
  data arrival time                               166617072.000

  clock clk (rise edge)                200000000.000
                                                  200000000.000
  clock network delay (ideal)             0.000   200000000.000
  clock reconvergence pessimism           0.000   200000000.000
  output external delay                   0.000   200000000.000
  data required time                              200000000.000
  ---------------------------------------------------------------
  data required time                              200000000.000
  data arrival time                               -166617072.000
  ---------------------------------------------------------------
  slack (MET)                                     33382928.000


1
