Information: Updating design information... (UID-85)
 
****************************************
Report : qor
Design : top
Version: S-2021.06-SP2
Date   : Thu Dec 15 11:41:21 2022
****************************************


  Timing Path Group 'clk'
  -----------------------------------
  Levels of Logic:             117.00
  Critical Path Length:  142375168.00
  Critical Path Slack:    57624832.00
  Critical Path Clk Period:
                         200000000.00
  Total Negative Slack:          0.00
  No. of Violating Paths:        0.00
  Worst Hold Violation:          0.00
  Total Hold Violation:          0.00
  No. of Hold Violations:        0.00
  -----------------------------------


  Cell Count
  -----------------------------------
  Hierarchical Cell Count:          0
  Hierarchical Port Count:          0
  Leaf Cell Count:                716
  Buf/Inv Cell Count:             287
  Buf Cell Count:                   0
  Inv Cell Count:                 287
  CT Buf/Inv Cell Count:            0
  Combinational Cell Count:       716
  Sequential Cell Count:            0
  Macro Count:                      0
  -----------------------------------


  Area
  -----------------------------------
  Combinational Area:
                     266431255.000000
  Noncombinational Area:     0.000000
  Buf/Inv Area:       65556540.000000
  Total Buffer Area:             0.00
  Total Inverter Area:    65556540.00
  Macro/Black Box Area:      0.000000
  Net Area:                  0.000000
  -----------------------------------
  Cell Area:         266431255.000000
  Design Area:       266431255.000000


  Design Rules
  -----------------------------------
  Total Number of Nets:           744
  Nets With Violations:           715
  Max Trans Violations:           715
  Max Cap Violations:               0
  -----------------------------------


  Hostname: leoforos

  Compile CPU Statistics
  -----------------------------------------
  Resource Sharing:                    0.55
  Logic Optimization:                  0.05
  Mapping Optimization:                1.08
  -----------------------------------------
  Overall Compile Time:                3.63
  Overall Compile Wall Clock Time:     3.97

  --------------------------------------------------------------------

  Design  WNS: 0.00  TNS: 0.00  Number of Violating Paths: 0


  Design (Hold)  WNS: 0.00  TNS: 0.00  Number of Violating Paths: 0

  --------------------------------------------------------------------


1
