 
****************************************
Report : area
Design : top
Version: S-2021.06-SP2
Date   : Wed Dec 14 21:15:07 2022
****************************************

Library(s) Used:

    PPDK_Standard_Library_1.0V_25C_TYP_X1 (File: /home/akokkinis/synLibs/egfet/db/EGFET_1.0V.db)

Number of ports:                           26
Number of nets:                          2033
Number of cells:                         2009
Number of combinational cells:           2009
Number of sequential cells:                 0
Number of macros/black boxes:               0
Number of buf/inv:                        491
Number of references:                       7

Combinational area:          719360502.000000
Buf/Inv area:                112154220.000000
Noncombinational area:               0.000000
Macro/Black Box area:                0.000000
Net Interconnect area:      undefined  (No wire load specified)

Total cell area:             719360502.000000
Total area:                 undefined

Hierarchical area distribution
------------------------------

                                  Global cell area                  Local cell area
                                  -----------------------  --------------------------------- 
Hierarchical cell                 Absolute        Percent  Combi-          Noncombi-  Black-
                                  Total           Total    national        national   boxes   Design
--------------------------------  --------------  -------  --------------  ---------  ------  ---------
top                               719360502.0000    100.0  719360502.0000     0.0000  0.0000  top
--------------------------------  --------------  -------  --------------  ---------  ------  ---------
Total                                                      719360502.0000     0.0000  0.0000

1
