Information: Updating design information... (UID-85)
 
****************************************
Report : qor
Design : top
Version: S-2021.06-SP2
Date   : Tue Nov 29 17:28:17 2022
****************************************


  Timing Path Group 'clk'
  -----------------------------------
  Levels of Logic:             114.00
  Critical Path Length:  234170800.00
  Critical Path Slack:    15829200.00
  Critical Path Clk Period:
                         250000000.00
  Total Negative Slack:          0.00
  No. of Violating Paths:        0.00
  Worst Hold Violation:          0.00
  Total Hold Violation:          0.00
  No. of Hold Violations:        0.00
  -----------------------------------


  Cell Count
  -----------------------------------
  Hierarchical Cell Count:          0
  Hierarchical Port Count:          0
  Leaf Cell Count:               2346
  Buf/Inv Cell Count:             487
  Buf Cell Count:                   0
  Inv Cell Count:                 487
  CT Buf/Inv Cell Count:            0
  Combinational Cell Count:      2346
  Sequential Cell Count:            0
  Macro Count:                      0
  -----------------------------------


  Area
  -----------------------------------
  Combinational Area:
                     982715199.000000
  Noncombinational Area:     0.000000
  Buf/Inv Area:      111240540.000000
  Total Buffer Area:             0.00
  Total Inverter Area:   111240540.00
  Macro/Black Box Area:      0.000000
  Net Area:                  0.000000
  -----------------------------------
  Cell Area:         982715199.000000
  Design Area:       982715199.000000


  Design Rules
  -----------------------------------
  Total Number of Nets:          2378
  Nets With Violations:          2346
  Max Trans Violations:          2346
  Max Cap Violations:               0
  -----------------------------------


  Hostname: leoforos

  Compile CPU Statistics
  -----------------------------------------
  Resource Sharing:                    1.12
  Logic Optimization:                  0.20
  Mapping Optimization:                2.53
  -----------------------------------------
  Overall Compile Time:                7.67
  Overall Compile Wall Clock Time:     8.03

  --------------------------------------------------------------------

  Design  WNS: 0.00  TNS: 0.00  Number of Violating Paths: 0


  Design (Hold)  WNS: 0.00  TNS: 0.00  Number of Violating Paths: 0

  --------------------------------------------------------------------


1
