****************************************
Report : timing
	-path_type full
	-delay_type max
	-max_paths 1
	-sort_by slack
Design : top
Version: S-2021.06-SP1
Date   : Wed Dec 14 21:10:20 2022
****************************************


  Startpoint: inp[1] (input port clocked by clk)
  Endpoint: out[0] (output port clocked by clk)
  Path Group: clk
  Path Type: max

  Point                                    Incr       Path
  ---------------------------------------------------------------
  clock clk (rise edge)                   0.000      0.000
  clock network delay (ideal)             0.000      0.000
  input external delay                    0.000      0.000 r
  inp[1] (in)                             0.000      0.000 r
  U649/Y (INVX1)                       54336.000  54336.000 f
  U536/Y (AND2X1)                      2460512.000
                                                  2514848.000 f
  U652/Y (NAND2X1)                     859648.000 3374496.000 r
  U655/Y (NAND2X1)                     930896.000 4305392.000 f
  U656/Y (NAND2X1)                     1748048.000
                                                  6053440.000 r
  U273/Y (INVX1)                       1109200.000
                                                  7162640.000 f
  U274/Y (INVX1)                       450432.000 7613072.000 r
  U664/Y (NAND2X1)                     927200.000 8540272.000 f
  U275/Y (INVX1)                       223648.000 8763920.000 r
  U276/Y (INVX1)                       646704.000 9410624.000 f
  U667/Y (OR2X1)                       2115200.000
                                                  11525824.000 f
  U668/Y (NAND2X1)                     1752576.000
                                                  13278400.000 r
  U677/Y (INVX1)                       1069472.000
                                                  14347872.000 f
  U678/Y (NAND2X1)                     924944.000 15272816.000 r
  U679/Y (NAND2X1)                     1154848.000
                                                  16427664.000 f
  U680/Y (NAND2X1)                     1408960.000
                                                  17836624.000 r
  U100/Y (AND2X1)                      1794368.000
                                                  19630992.000 r
  U101/Y (INVX1)                       718528.000 20349520.000 f
  U697/Y (NAND2X1)                     924560.000 21274080.000 r
  U699/Y (OR2X1)                       2331056.000
                                                  23605136.000 r
  U447/Y (AND2X1)                      1882944.000
                                                  25488080.000 r
  U448/Y (INVX1)                       715600.000 26203680.000 f
  U707/Y (NAND2X1)                     1291584.000
                                                  27495264.000 r
  U713/Y (OR2X1)                       2330160.000
                                                  29825424.000 r
  U146/Y (AND2X1)                      2199504.000
                                                  32024928.000 r
  U147/Y (INVX1)                       707664.000 32732592.000 f
  U339/Y (XNOR2X1)                     6585952.000
                                                  39318544.000 f
  U1030/Y (NAND2X1)                    859376.000 40177920.000 r
  U1031/Y (NAND2X1)                    1154784.000
                                                  41332704.000 f
  U1032/Y (NAND2X1)                    1752576.000
                                                  43085280.000 r
  U1033/Y (INVX1)                      1095856.000
                                                  44181136.000 f
  U1034/Y (NAND2X1)                    1290288.000
                                                  45471424.000 r
  U1039/Y (NAND2X1)                    1127904.000
                                                  46599328.000 f
  U599/Y (XNOR2X1)                     5989712.000
                                                  52589040.000 f
  U1124/Y (NAND2X1)                    856032.000 53445072.000 r
  U1125/Y (NOR2X1)                     1080272.000
                                                  54525344.000 f
  U1126/Y (NAND2X1)                    1369360.000
                                                  55894704.000 r
  U180/Y (AND2X1)                      1800848.000
                                                  57695552.000 r
  U181/Y (INVX1)                       708576.000 58404128.000 f
  U375/Y (XNOR2X1)                     6580888.000
                                                  64985016.000 f
  U376/Y (INVX1)                       -1131720.000
                                                  63853296.000 r
  U1138/Y (NAND2X1)                    803160.000 64656456.000 f
  U1139/Y (NOR2X1)                     1195040.000
                                                  65851496.000 r
  U611/Y (OR2X1)                       1621616.000
                                                  67473112.000 r
  U612/Y (INVX1)                       721488.000 68194600.000 f
  U1420/Y (NAND2X1)                    1357136.000
                                                  69551736.000 r
  U265/Y (INVX1)                       1035624.000
                                                  70587360.000 f
  U266/Y (INVX1)                       458128.000 71045488.000 r
  U506/Y (AND2X1)                      1886736.000
                                                  72932224.000 r
  U507/Y (INVX1)                       721520.000 73653744.000 f
  U1425/Y (NAND2X1)                    1362912.000
                                                  75016656.000 r
  U1426/Y (INVX1)                      1115704.000
                                                  76132360.000 f
  U1427/Y (NAND2X1)                    1284240.000
                                                  77416600.000 r
  U1428/Y (NAND2X1)                    1128720.000
                                                  78545320.000 f
  U1430/Y (NAND2X1)                    887104.000 79432424.000 r
  U1431/Y (OR2X1)                      2330464.000
                                                  81762888.000 r
  U1433/Y (NAND2X1)                    927088.000 82689976.000 f
  U477/Y (INVX1)                       226592.000 82916568.000 r
  U478/Y (INVX1)                       646208.000 83562776.000 f
  U1437/Y (AND2X1)                     1869120.000
                                                  85431896.000 f
  U1438/Y (NAND2X1)                    1752520.000
                                                  87184416.000 r
  U1442/Y (AND2X1)                     811104.000 87995520.000 r
  U1444/Y (NAND2X1)                    849448.000 88844968.000 f
  U1445/Y (NAND2X1)                    1380672.000
                                                  90225640.000 r
  U1446/Y (NAND2X1)                    1153184.000
                                                  91378824.000 f
  U1447/Y (AND2X1)                     2243776.000
                                                  93622600.000 f
  U1452/Y (NOR2X1)                     1213648.000
                                                  94836248.000 r
  U1453/Y (NAND2X1)                    1108832.000
                                                  95945080.000 f
  U1454/Y (AND2X1)                     2045208.000
                                                  97990288.000 f
  U261/Y (INVX1)                       -242032.000
                                                  97748256.000 r
  U262/Y (INVX1)                       647656.000 98395912.000 f
  U1470/Y (XOR2X1)                     4916568.000
                                                  103312480.000 r
  U1471/Y (XOR2X1)                     4765152.000
                                                  108077632.000 f
  U1521/Y (OR2X1)                      2060688.000
                                                  110138320.000 f
  U136/Y (AND2X1)                      2435056.000
                                                  112573376.000 f
  U137/Y (INVX1)                       -1336064.000
                                                  111237312.000 r
  U1522/Y (NAND2X1)                    930384.000 112167696.000 f
  U1523/Y (INVX1)                      -562456.000
                                                  111605240.000 r
  U124/Y (AND2X1)                      1881456.000
                                                  113486696.000 r
  U125/Y (INVX1)                       707640.000 114194336.000 f
  U1529/Y (AND2X1)                     2238232.000
                                                  116432568.000 f
  U1531/Y (NAND2X1)                    870400.000 117302968.000 r
  U1532/Y (NAND2X1)                    1151320.000
                                                  118454288.000 f
  U126/Y (AND2X1)                      2045992.000
                                                  120500280.000 f
  U127/Y (INVX1)                       -1315560.000
                                                  119184720.000 r
  U138/Y (AND2X1)                      1880944.000
                                                  121065664.000 r
  U139/Y (INVX1)                       707416.000 121773080.000 f
  U1535/Y (NAND2X1)                    1291616.000
                                                  123064696.000 r
  U1539/Y (OR2X1)                      2330232.000
                                                  125394928.000 r
  U140/Y (AND2X1)                      2199496.000
                                                  127594424.000 r
  U141/Y (INVX1)                       707448.000 128301872.000 f
  U1541/Y (NAND2X1)                    1357280.000
                                                  129659152.000 r
  U287/Y (INVX1)                       1109328.000
                                                  130768480.000 f
  U288/Y (INVX1)                       457192.000 131225672.000 r
  U1545/Y (NAND2X1)                    802376.000 132028048.000 f
  U1546/Y (NAND2X1)                    1380608.000
                                                  133408656.000 r
  U1547/Y (NAND2X1)                    1151072.000
                                                  134559728.000 f
  U1548/Y (NAND2X1)                    1399376.000
                                                  135959104.000 r
  U104/Y (AND2X1)                      2165088.000
                                                  138124192.000 r
  U105/Y (INVX1)                       718656.000 138842848.000 f
  U1549/Y (NAND2X1)                    1297536.000
                                                  140140384.000 r
  U1550/Y (OR2X1)                      2344672.000
                                                  142485056.000 r
  U1621/Y (NAND2X1)                    804768.000 143289824.000 f
  U377/Y (AND2X1)                      2045984.000
                                                  145335808.000 f
  U326/Y (INVX1)                       -331648.000
                                                  145004160.000 r
  U327/Y (INVX1)                       669488.000 145673648.000 f
  U1653/Y (NAND2X1)                    1297616.000
                                                  146971264.000 r
  U1654/Y (NAND2X1)                    1130848.000
                                                  148102112.000 f
  U1655/Y (NOR2X1)                     1195184.000
                                                  149297296.000 r
  U1657/Y (NAND2X1)                    834384.000 150131680.000 f
  U467/Y (AND2X1)                      2045536.000
                                                  152177216.000 f
  U468/Y (INVX1)                       -1452576.000
                                                  150724640.000 r
  U1661/Y (NAND2X1)                    1051984.000
                                                  151776624.000 f
  U1662/Y (NAND2X1)                    1385264.000
                                                  153161888.000 r
  U1663/Y (NAND2X1)                    1151104.000
                                                  154312992.000 f
  U1664/Y (AND2X1)                     2241248.000
                                                  156554240.000 f
  U1665/Y (NOR2X1)                     1213568.000
                                                  157767808.000 r
  U1672/Y (NOR2X1)                     74432.000  157842240.000 f
  U1673/Y (NOR2X1)                     1634640.000
                                                  159476880.000 r
  U1679/Y (INVX1)                      1004112.000
                                                  160480992.000 f
  U345/Y (NAND2X1)                     1290576.000
                                                  161771568.000 r
  U1680/Y (NAND2X1)                    848448.000 162620016.000 f
  U1681/Y (AND2X1)                     1855408.000
                                                  164475424.000 f
  U1682/Y (NAND2X1)                    864432.000 165339856.000 r
  U1685/Y (NAND2X1)                    1126880.000
                                                  166466736.000 f
  U1686/Y (NAND2X1)                    1394848.000
                                                  167861584.000 r
  U1690/Y (NAND2X1)                    866832.000 168728416.000 f
  U1692/Y (NOR2X1)                     1196704.000
                                                  169925120.000 r
  U1695/Y (NOR2X1)                     99232.000  170024352.000 f
  U1696/Y (NAND2X1)                    1383520.000
                                                  171407872.000 r
  U1697/Y (NAND2X1)                    1151824.000
                                                  172559696.000 f
  U1698/Y (NAND2X1)                    1399552.000
                                                  173959248.000 r
  U1699/Y (NAND2X1)                    866768.000 174826016.000 f
  U1700/Y (NAND2X1)                    1380352.000
                                                  176206368.000 r
  U1701/Y (NAND2X1)                    864512.000 177070880.000 f
  U1706/Y (NOR2X1)                     1190128.000
                                                  178261008.000 r
  U1709/Y (NOR2X1)                     101728.000 178362736.000 f
  U1711/Y (NAND2X1)                    885408.000 179248144.000 r
  U1712/Y (NAND2X1)                    1154736.000
                                                  180402880.000 f
  U1717/Y (NOR2X1)                     1196768.000
                                                  181599648.000 r
  U1720/Y (NOR2X1)                     99152.000  181698800.000 f
  U1721/Y (NAND2X1)                    1383440.000
                                                  183082240.000 r
  U1722/Y (NAND2X1)                    1151808.000
                                                  184234048.000 f
  U1723/Y (NAND2X1)                    1399504.000
                                                  185633552.000 r
  U110/Y (AND2X1)                      1794400.000
                                                  187427952.000 r
  U111/Y (INVX1)                       707280.000 188135232.000 f
  U1728/Y (NOR2X1)                     1157584.000
                                                  189292816.000 r
  U1729/Y (NOR2X1)                     108928.000 189401744.000 f
  U1730/Y (NAND2X1)                    885488.000 190287232.000 r
  U1732/Y (NAND2X1)                    863696.000 191150928.000 f
  U1733/Y (NOR2X1)                     1189408.000
                                                  192340336.000 r
  out[0] (out)                            0.000   192340336.000 r
  data arrival time                               192340336.000

  clock clk (rise edge)                200000000.000
                                                  200000000.000
  clock network delay (ideal)             0.000   200000000.000
  clock reconvergence pessimism           0.000   200000000.000
  output external delay                   0.000   200000000.000
  data required time                              200000000.000
  ---------------------------------------------------------------
  data required time                              200000000.000
  data arrival time                               -192340336.000
  ---------------------------------------------------------------
  slack (MET)                                     7659664.000


1
