****************************************
Report : timing
	-path_type full
	-delay_type max
	-max_paths 1
	-sort_by slack
Design : top
Version: S-2021.06-SP1
Date   : Sun Dec 18 12:31:20 2022
****************************************


  Startpoint: inp[13] (input port clocked by clk)
  Endpoint: out[0] (output port clocked by clk)
  Path Group: clk
  Path Type: max

  Point                                    Incr       Path
  ---------------------------------------------------------------
  clock clk (rise edge)                   0.000      0.000
  clock network delay (ideal)             0.000      0.000
  input external delay                    0.000      0.000 r
  inp[13] (in)                            0.000      0.000 r
  U633/Y (INVX1)                       54336.000  54336.000 f
  U1751/Y (NAND2X1)                    1288096.000
                                                  1342432.000 r
  U1752/Y (NAND2X1)                    1230576.000
                                                  2573008.000 f
  U1753/Y (INVX1)                      -559376.000
                                                  2013632.000 r
  U1754/Y (NAND2X1)                    1052624.000
                                                  3066256.000 f
  U1755/Y (NAND2X1)                    1752640.000
                                                  4818896.000 r
  U1757/Y (INVX1)                      1116416.000
                                                  5935312.000 f
  U1758/Y (NAND2X1)                    924992.000 6860304.000 r
  U1764/Y (NAND2X1)                    866064.000 7726368.000 f
  U1765/Y (NAND2X1)                    1403648.000
                                                  9130016.000 r
  U1773/Y (OR2X1)                      2590608.000
                                                  11720624.000 r
  U1774/Y (NAND2X1)                    1048416.000
                                                  12769040.000 f
  U1775/Y (NAND2X1)                    1752640.000
                                                  14521680.000 r
  U1777/Y (INVX1)                      1117008.000
                                                  15638688.000 f
  U1778/Y (NAND2X1)                    924992.000 16563680.000 r
  U1783/Y (NAND2X1)                    866912.000 17430592.000 f
  U1784/Y (XOR2X1)                     5311216.000
                                                  22741808.000 r
  U1820/Y (OR2X1)                      2321552.000
                                                  25063360.000 r
  U1821/Y (NAND2X1)                    1048768.000
                                                  26112128.000 f
  U1822/Y (NAND2X1)                    1345472.000
                                                  27457600.000 r
  U1826/Y (INVX1)                      1216720.000
                                                  28674320.000 f
  U1827/Y (NAND2X1)                    925136.000 29599456.000 r
  U1828/Y (NAND2X1)                    1154864.000
                                                  30754320.000 f
  U1829/Y (NAND2X1)                    1404608.000
                                                  32158928.000 r
  U1833/Y (OR2X1)                      2592752.000
                                                  34751680.000 r
  U76/Y (AND2X1)                       2199504.000
                                                  36951184.000 r
  U77/Y (INVX1)                        707440.000 37658624.000 f
  U1834/Y (NAND2X1)                    1291616.000
                                                  38950240.000 r
  U1857/Y (OR2X1)                      2330224.000
                                                  41280464.000 r
  U1858/Y (NAND2X1)                    1048672.000
                                                  42329136.000 f
  U1859/Y (NAND2X1)                    1384896.000
                                                  43714032.000 r
  U1863/Y (OR2X1)                      2547040.000
                                                  46261072.000 r
  U357/Y (AND2X1)                      1885264.000
                                                  48146336.000 r
  U358/Y (INVX1)                       715440.000 48861776.000 f
  U1875/Y (NAND2X1)                    1291584.000
                                                  50153360.000 r
  U1879/Y (OR2X1)                      2330192.000
                                                  52483552.000 r
  U2091/Y (NAND2X1)                    801320.000 53284872.000 f
  U253/Y (XNOR2X1)                     5987680.000
                                                  59272552.000 f
  U254/Y (INVX1)                       -286800.000
                                                  58985752.000 r
  U2093/Y (INVX1)                      657168.000 59642920.000 f
  U2434/Y (NAND2X1)                    924408.000 60567328.000 r
  U2705/Y (NAND2X1)                    1155880.000
                                                  61723208.000 f
  U160/Y (XNOR2X1)                     6614368.000
                                                  68337576.000 f
  U161/Y (INVX1)                       -1324376.000
                                                  67013200.000 r
  U2707/Y (NAND2X1)                    801216.000 67814416.000 f
  U2708/Y (NAND2X1)                    1752632.000
                                                  69567048.000 r
  U2711/Y (INVX1)                      1117512.000
                                                  70684560.000 f
  U2712/Y (NAND2X1)                    1290200.000
                                                  71974760.000 r
  U2713/Y (NAND2X1)                    1126584.000
                                                  73101344.000 f
  U2714/Y (NAND2X1)                    1752616.000
                                                  74853960.000 r
  U2730/Y (INVX1)                      1101464.000
                                                  75955424.000 f
  U2731/Y (NAND2X1)                    924984.000 76880408.000 r
  U2732/Y (NAND2X1)                    1154872.000
                                                  78035280.000 f
  U2733/Y (NAND2X1)                    1752608.000
                                                  79787888.000 r
  U2734/Y (INVX1)                      1095840.000
                                                  80883728.000 f
  U2737/Y (NAND2X1)                    924976.000 81808704.000 r
  U2753/Y (NAND2X1)                    1154808.000
                                                  82963512.000 f
  U2754/Y (NAND2X1)                    885264.000 83848776.000 r
  U2755/Y (OR2X1)                      2605600.000
                                                  86454376.000 r
  U2756/Y (NAND2X1)                    798184.000 87252560.000 f
  U2758/Y (NAND2X1)                    1380640.000
                                                  88633200.000 r
  U269/Y (INVX1)                       1110000.000
                                                  89743200.000 f
  U270/Y (INVX1)                       976216.000 90719416.000 r
  U625/Y (INVX1)                       649864.000 91369280.000 f
  U2759/Y (NAND2X1)                    1315520.000
                                                  92684800.000 r
  U275/Y (AND2X1)                      1828448.000
                                                  94513248.000 r
  U276/Y (INVX1)                       725584.000 95238832.000 f
  U2861/Y (XOR2X1)                     5929592.000
                                                  101168424.000 r
  U2862/Y (INVX1)                      1237504.000
                                                  102405928.000 f
  U2885/Y (XOR2X1)                     4915512.000
                                                  107321440.000 r
  U433/Y (AND2X1)                      2173528.000
                                                  109494968.000 r
  U434/Y (INVX1)                       715904.000 110210872.000 f
  U2886/Y (NAND2X1)                    1752760.000
                                                  111963632.000 r
  U2888/Y (INVX1)                      1216872.000
                                                  113180504.000 f
  U2889/Y (NAND2X1)                    925112.000 114105616.000 r
  U379/Y (AND2X1)                      1795400.000
                                                  115901016.000 r
  U380/Y (INVX1)                       715576.000 116616592.000 f
  U2892/Y (NAND2X1)                    1362952.000
                                                  117979544.000 r
  U2894/Y (INVX1)                      1116408.000
                                                  119095952.000 f
  U2895/Y (NAND2X1)                    924992.000 120020944.000 r
  U413/Y (AND2X1)                      1795320.000
                                                  121816264.000 r
  U414/Y (INVX1)                       715632.000 122531896.000 f
  U2898/Y (NAND2X1)                    1362952.000
                                                  123894848.000 r
  U2900/Y (INVX1)                      1096000.000
                                                  124990848.000 f
  U2901/Y (NAND2X1)                    924968.000 125915816.000 r
  U407/Y (AND2X1)                      1795400.000
                                                  127711216.000 r
  U408/Y (INVX1)                       715584.000 128426800.000 f
  U2904/Y (NAND2X1)                    1362960.000
                                                  129789760.000 r
  U2908/Y (INVX1)                      1096496.000
                                                  130886256.000 f
  U2909/Y (NAND2X1)                    924984.000 131811240.000 r
  U2910/Y (NAND2X1)                    1154872.000
                                                  132966112.000 f
  U2911/Y (NAND2X1)                    1404608.000
                                                  134370720.000 r
  U2912/Y (OR2X1)                      2592816.000
                                                  136963536.000 r
  U2965/Y (NAND2X1)                    1047424.000
                                                  138010960.000 f
  U2966/Y (XOR2X1)                     5344320.000
                                                  143355280.000 r
  U2967/Y (INVX1)                      1250800.000
                                                  144606080.000 f
  U3032/Y (NAND2X1)                    1283936.000
                                                  145890016.000 r
  U3034/Y (NAND2X1)                    848032.000 146738048.000 f
  U3035/Y (NAND2X1)                    1385008.000
                                                  148123056.000 r
  U3043/Y (OR2X1)                      2560752.000
                                                  150683808.000 r
  U98/Y (AND2X1)                       2196848.000
                                                  152880656.000 r
  U99/Y (INVX1)                        708304.000 153588960.000 f
  U3044/Y (NAND2X1)                    918848.000 154507808.000 r
  U329/Y (AND2X1)                      1798400.000
                                                  156306208.000 r
  U330/Y (INVX1)                       726816.000 157033024.000 f
  U3052/Y (INVX1)                      481488.000 157514512.000 r
  U3073/Y (AND2X1)                     1304640.000
                                                  158819152.000 r
  U3074/Y (XOR2X1)                     4438896.000
                                                  163258048.000 f
  U3077/Y (NAND2X1)                    836640.000 164094688.000 r
  U3078/Y (NOR2X1)                     -316368.000
                                                  163778320.000 f
  U3080/Y (NAND2X1)                    880320.000 164658640.000 r
  U3081/Y (NAND2X1)                    1151040.000
                                                  165809680.000 f
  U3083/Y (NAND2X1)                    879600.000 166689280.000 r
  U3084/Y (NAND2X1)                    1150960.000
                                                  167840240.000 f
  U3086/Y (NAND2X1)                    885520.000 168725760.000 r
  U3088/Y (NOR2X1)                     -376384.000
                                                  168349376.000 f
  U3091/Y (NOR2X1)                     1196624.000
                                                  169546000.000 r
  U3092/Y (NAND2X1)                    1104416.000
                                                  170650416.000 f
  U3093/Y (NAND2X1)                    1395232.000
                                                  172045648.000 r
  U3099/Y (OR2X1)                      2584944.000
                                                  174630592.000 r
  U3100/Y (NAND2X1)                    1048048.000
                                                  175678640.000 f
  U3101/Y (NAND2X1)                    1380016.000
                                                  177058656.000 r
  U3103/Y (NAND2X1)                    863616.000 177922272.000 f
  U3104/Y (NAND2X1)                    1380016.000
                                                  179302288.000 r
  U3106/Y (NAND2X1)                    863600.000 180165888.000 f
  U3107/Y (NAND2X1)                    1384768.000
                                                  181550656.000 r
  U3110/Y (NAND2X1)                    863632.000 182414288.000 f
  U3113/Y (NAND2X1)                    885984.000 183300272.000 r
  U3114/Y (NAND2X1)                    1147488.000
                                                  184447760.000 f
  U3115/Y (NOR2X1)                     1190784.000
                                                  185638544.000 r
  out[0] (out)                            0.000   185638544.000 r
  data arrival time                               185638544.000

  clock clk (rise edge)                200000000.000
                                                  200000000.000
  clock network delay (ideal)             0.000   200000000.000
  clock reconvergence pessimism           0.000   200000000.000
  output external delay                   0.000   200000000.000
  data required time                              200000000.000
  ---------------------------------------------------------------
  data required time                              200000000.000
  data arrival time                               -185638544.000
  ---------------------------------------------------------------
  slack (MET)                                     14361456.000


1
