 
****************************************
Report : timing
        -path full
        -delay max
        -max_paths 1
Design : top
Version: S-2021.06-SP2
Date   : Tue Nov 29 16:44:38 2022
****************************************

Operating Conditions: TT   Library: PPDK_Standard_Library_1.0V_25C_TYP_X1
Wire Load Model Mode: top

  Startpoint: inp[4] (input port clocked by clk)
  Endpoint: out[0] (output port clocked by clk)
  Path Group: clk
  Path Type: max

  Point                                    Incr       Path
  -----------------------------------------------------------
  clock clk (rise edge)                   0.000      0.000
  clock network delay (ideal)             0.000      0.000
  input external delay                    0.000      0.000 r
  inp[4] (in)                             0.000      0.000 r
  U1075/Y (INVX1)                      56465.480  56465.480 f
  U1076/Y (NAND2X1)                    1288600.125
                                                  1345065.625 r
  U1077/Y (NAND2X1)                    1129809.875
                                                  2474875.500 f
  U1083/Y (XOR2X1)                     5294079.500
                                                  7768955.000 r
  U1084/Y (XOR2X1)                     4755949.000
                                                  12524904.000 f
  U1116/Y (XOR2X1)                     5412730.000
                                                  17937634.000 r
  U919/Y (AND2X1)                      1779992.000
                                                  19717626.000 r
  U920/Y (INVX1)                       707854.000 20425480.000 f
  U1231/Y (NAND2X1)                    1362914.000
                                                  21788394.000 r
  U1233/Y (INVX1)                      1116746.000
                                                  22905140.000 f
  U1234/Y (NAND2X1)                    919352.000 23824492.000 r
  U1235/Y (AND2X1)                     2559156.000
                                                  26383648.000 r
  U1236/Y (XOR2X1)                     4721488.000
                                                  31105136.000 f
  U1239/Y (XOR2X1)                     5406708.000
                                                  36511844.000 r
  U1319/Y (XOR2X1)                     4225852.000
                                                  40737696.000 f
  U1363/Y (XOR2X1)                     5731384.000
                                                  46469080.000 r
  U1390/Y (XOR2X1)                     4744852.000
                                                  51213932.000 f
  U1392/Y (XOR2X1)                     5733252.000
                                                  56947184.000 r
  U1422/Y (NAND2X1)                    846312.000 57793496.000 f
  U1423/Y (NAND2X1)                    1403956.000
                                                  59197452.000 r
  U1425/Y (XOR2X1)                     4270528.000
                                                  63467980.000 f
  U1427/Y (OR2X1)                      2057472.000
                                                  65525452.000 f
  U1428/Y (NAND2X1)                    1752564.000
                                                  67278016.000 r
  U1430/Y (INVX1)                      1078808.000
                                                  68356824.000 f
  U1431/Y (NAND2X1)                    924952.000 69281776.000 r
  U1434/Y (NAND2X1)                    865856.000 70147632.000 f
  U1008/Y (AND2X1)                     2444616.000
                                                  72592248.000 f
  U1009/Y (INVX1)                      -1268544.000
                                                  71323704.000 r
  U1442/Y (NOR2X1)                     544360.000 71868064.000 f
  U1443/Y (NAND2X1)                    882912.000 72750976.000 r
  U1444/Y (NAND2X1)                    848152.000 73599128.000 f
  U1446/Y (NAND2X1)                    1336016.000
                                                  74935144.000 r
  U382/Y (INVX1)                       1123480.000
                                                  76058624.000 f
  U383/Y (INVX1)                       457120.000 76515744.000 r
  U376/Y (AND2X1)                      1879392.000
                                                  78395136.000 r
  U377/Y (INVX1)                       733288.000 79128424.000 f
  U430/Y (AND2X1)                      2035976.000
                                                  81164400.000 f
  U431/Y (INVX1)                       -193768.000
                                                  80970632.000 r
  U1457/Y (INVX1)                      668336.000 81638968.000 f
  U1853/Y (XOR2X1)                     5586480.000
                                                  87225448.000 r
  U1855/Y (NAND2X1)                    850296.000 88075744.000 f
  U1856/Y (NAND2X1)                    1408960.000
                                                  89484704.000 r
  U1037/Y (XNOR2X1)                    6501136.000
                                                  95985840.000 r
  U1038/Y (INVX1)                      962536.000 96948376.000 f
  U2584/Y (XOR2X1)                     2989872.000
                                                  99938248.000 f
  U3457/Y (XOR2X1)                     5963944.000
                                                  105902192.000 r
  U3458/Y (INVX1)                      1239120.000
                                                  107141312.000 f
  U3459/Y (NAND2X1)                    1283976.000
                                                  108425288.000 r
  U3469/Y (NAND2X1)                    848024.000 109273312.000 f
  U3471/Y (NAND2X1)                    1341912.000
                                                  110615224.000 r
  U3472/Y (INVX1)                      1216848.000
                                                  111832072.000 f
  U3473/Y (NAND2X1)                    1283888.000
                                                  113115960.000 r
  U879/Y (AND2X1)                      2174728.000
                                                  115290688.000 r
  U880/Y (INVX1)                       715512.000 116006200.000 f
  U3477/Y (NAND2X1)                    1752752.000
                                                  117758952.000 r
  U3478/Y (INVX1)                      1216864.000
                                                  118975816.000 f
  U3479/Y (NAND2X1)                    919456.000 119895272.000 r
  U536/Y (AND2X1)                      1819160.000
                                                  121714432.000 r
  U537/Y (INVX1)                       715160.000 122429592.000 f
  U3481/Y (NAND2X1)                    1362936.000
                                                  123792528.000 r
  U3482/Y (INVX1)                      1216880.000
                                                  125009408.000 f
  U3485/Y (NAND2X1)                    919456.000 125928864.000 r
  U520/Y (AND2X1)                      1819160.000
                                                  127748024.000 r
  U521/Y (INVX1)                       715152.000 128463176.000 f
  U3487/Y (NAND2X1)                    1362936.000
                                                  129826112.000 r
  U875/Y (AND2X1)                      1785568.000
                                                  131611680.000 r
  U876/Y (INVX1)                       720200.000 132331880.000 f
  U3494/Y (NAND2X1)                    918872.000 133250752.000 r
  U3498/Y (NAND2X1)                    849048.000 134099800.000 f
  U3501/Y (OR2X1)                      2088984.000
                                                  136188784.000 f
  U506/Y (AND2X1)                      2048096.000
                                                  138236880.000 f
  U507/Y (INVX1)                       -1447312.000
                                                  136789568.000 r
  U3504/Y (NAND2X1)                    800400.000 137589968.000 f
  U3505/Y (NAND2X1)                    1400064.000
                                                  138990032.000 r
  U542/Y (AND2X1)                      1794272.000
                                                  140784304.000 r
  U421/Y (INVX1)                       735424.000 141519728.000 f
  U1063/Y (INVX1)                      1027568.000
                                                  142547296.000 r
  U543/Y (INVX1)                       684768.000 143232064.000 f
  U3513/Y (NAND2X1)                    1286544.000
                                                  144518608.000 r
  U296/Y (AND2X1)                      1818576.000
                                                  146337184.000 r
  U297/Y (INVX1)                       732976.000 147070160.000 f
  U3517/Y (NOR2X1)                     1161344.000
                                                  148231504.000 r
  U3522/Y (NOR2X1)                     108816.000 148340320.000 f
  U763/Y (AND2X1)                      2045696.000
                                                  150386016.000 f
  U764/Y (INVX1)                       -1450576.000
                                                  148935440.000 r
  U3526/Y (NAND2X1)                    928768.000 149864208.000 f
  U3527/Y (NAND2X1)                    1395280.000
                                                  151259488.000 r
  U3532/Y (NAND2X1)                    866080.000 152125568.000 f
  U3536/Y (NAND2X1)                    1341792.000
                                                  153467360.000 r
  U3537/Y (INVX1)                      1116608.000
                                                  154583968.000 f
  U3541/Y (NAND2X1)                    919344.000 155503312.000 r
  U3546/Y (NAND2X1)                    848032.000 156351344.000 f
  U3548/Y (NAND2X1)                    1341920.000
                                                  157693264.000 r
  U3549/Y (INVX1)                      1093504.000
                                                  158786768.000 f
  U3550/Y (NAND2X1)                    1284304.000
                                                  160071072.000 r
  U3554/Y (NAND2X1)                    848080.000 160919152.000 f
  U3556/Y (NAND2X1)                    1342736.000
                                                  162261888.000 r
  U3557/Y (INVX1)                      1096512.000
                                                  163358400.000 f
  U3561/Y (NAND2X1)                    919312.000 164277712.000 r
  U3565/Y (NAND2X1)                    848032.000 165125744.000 f
  U3567/Y (NAND2X1)                    1341888.000
                                                  166467632.000 r
  U3568/Y (INVX1)                      1093504.000
                                                  167561136.000 f
  U3569/Y (NAND2X1)                    919312.000 168480448.000 r
  U3572/Y (NAND2X1)                    865872.000 169346320.000 f
  U3574/Y (NAND2X1)                    884496.000 170230816.000 r
  U3577/Y (OR2X1)                      2561552.000
                                                  172792368.000 r
  U3578/Y (NAND2X1)                    1217664.000
                                                  174010032.000 f
  U434/Y (INVX1)                       323008.000 174333040.000 r
  U1070/Y (INVX1)                      691808.000 175024848.000 f
  U3736/Y (NAND2X1)                    1286672.000
                                                  176311520.000 r
  U3738/Y (NAND2X1)                    929312.000 177240832.000 f
  U292/Y (INVX1)                       223632.000 177464464.000 r
  U293/Y (INVX1)                       646704.000 178111168.000 f
  U3739/Y (NOR2X1)                     1157696.000
                                                  179268864.000 r
  U3742/Y (NOR2X1)                     151328.000 179420192.000 f
  U3745/Y (NAND2X1)                    880592.000 180300784.000 r
  U3747/Y (NAND2X1)                    930944.000 181231728.000 f
  U3760/Y (NAND2X1)                    881120.000 182112848.000 r
  U3761/Y (NAND2X1)                    1155888.000
                                                  183268736.000 f
  U3762/Y (OR2X1)                      2087696.000
                                                  185356432.000 f
  U3766/Y (NAND2X1)                    870736.000 186227168.000 r
  U3768/Y (NAND2X1)                    930944.000 187158112.000 f
  U3769/Y (NAND2X1)                    1395344.000
                                                  188553456.000 r
  U3773/Y (NAND2X1)                    866080.000 189419536.000 f
  U3777/Y (NAND2X1)                    1341856.000
                                                  190761392.000 r
  U3778/Y (INVX1)                      1116608.000
                                                  191878000.000 f
  U3779/Y (NAND2X1)                    1284224.000
                                                  193162224.000 r
  U3783/Y (NAND2X1)                    848064.000 194010288.000 f
  U3786/Y (NAND2X1)                    1341824.000
                                                  195352112.000 r
  U3787/Y (INVX1)                      1095936.000
                                                  196448048.000 f
  U3788/Y (NAND2X1)                    919312.000 197367360.000 r
  U3791/Y (NAND2X1)                    848096.000 198215456.000 f
  U3793/Y (NAND2X1)                    885488.000 199100944.000 r
  U3794/Y (OR2X1)                      2606896.000
                                                  201707840.000 r
  U3795/Y (NAND2X1)                    804352.000 202512192.000 f
  U472/Y (NAND2X1)                     1389440.000
                                                  203901632.000 r
  U454/Y (INVX1)                       1112112.000
                                                  205013744.000 f
  U455/Y (INVX1)                       976176.000 205989920.000 r
  U3798/Y (INVX1)                      651776.000 206641696.000 f
  U3982/Y (NAND2X1)                    1286928.000
                                                  207928624.000 r
  U3984/Y (NAND2X1)                    849552.000 208778176.000 f
  U3985/Y (OR2X1)                      2088976.000
                                                  210867152.000 f
  U3993/Y (NAND2X1)                    872128.000 211739280.000 r
  U3995/Y (NAND2X1)                    867328.000 212606608.000 f
  U3999/Y (OR2X1)                      2087696.000
                                                  214694304.000 f
  U4003/Y (NAND2X1)                    872208.000 215566512.000 r
  U4005/Y (NAND2X1)                    866816.000 216433328.000 f
  U4010/Y (OR2X1)                      2087648.000
                                                  218520976.000 f
  U4014/Y (NAND2X1)                    872128.000 219393104.000 r
  U4016/Y (NAND2X1)                    866816.000 220259920.000 f
  U4017/Y (OR2X1)                      2087696.000
                                                  222347616.000 f
  U4020/Y (NAND2X1)                    872128.000 223219744.000 r
  U4022/Y (NAND2X1)                    866832.000 224086576.000 f
  U4025/Y (OR2X1)                      2087648.000
                                                  226174224.000 f
  U4030/Y (NAND2X1)                    872128.000 227046352.000 r
  U4032/Y (NAND2X1)                    866816.000 227913168.000 f
  U4033/Y (OR2X1)                      2087696.000
                                                  230000864.000 f
  U4038/Y (NAND2X1)                    872208.000 230873072.000 r
  U4040/Y (NAND2X1)                    866816.000 231739888.000 f
  U4041/Y (NOR2X1)                     1196896.000
                                                  232936784.000 r
  U4044/Y (NAND2X1)                    834560.000 233771344.000 f
  U4047/Y (NAND2X1)                    880992.000 234652336.000 r
  U1034/Y (AND2X1)                     1811568.000
                                                  236463904.000 r
  U240/Y (AND2X1)                      2180992.000
                                                  238644896.000 r
  U241/Y (INVX1)                       713472.000 239358368.000 f
  U4059/Y (NAND2X1)                    913216.000 240271584.000 r
  out[0] (out)                            0.000   240271584.000 r
  data arrival time                               240271584.000

  clock clk (rise edge)                250000000.000
                                                  250000000.000
  clock network delay (ideal)             0.000   250000000.000
  output external delay                   0.000   250000000.000
  data required time                              250000000.000
  -----------------------------------------------------------
  data required time                              250000000.000
  data arrival time                               -240271584.000
  -----------------------------------------------------------
  slack (MET)                                     9728416.000


1
