 
****************************************
Report : area
Design : top
Version: S-2021.06-SP2
Date   : Tue Nov 29 16:44:38 2022
****************************************

Library(s) Used:

    PPDK_Standard_Library_1.0V_25C_TYP_X1 (File: /home/akokkinis/synLibs/egfet/db/EGFET_1.0V.db)

Number of ports:                           52
Number of nets:                          3941
Number of cells:                         3893
Number of combinational cells:           3893
Number of sequential cells:                 0
Number of macros/black boxes:               0
Number of buf/inv:                        870
Number of references:                       7

Combinational area:         1544951249.000000
Buf/Inv area:                198725400.000000
Noncombinational area:               0.000000
Macro/Black Box area:                0.000000
Net Interconnect area:      undefined  (No wire load specified)

Total cell area:            1544951249.000000
Total area:                 undefined
1
