 
****************************************
Report : timing
        -path full
        -delay max
        -max_paths 1
Design : top
Version: S-2021.06-SP2
Date   : Tue Nov 29 16:31:52 2022
****************************************

Operating Conditions: TT   Library: PPDK_Standard_Library_1.0V_25C_TYP_X1
Wire Load Model Mode: top

  Startpoint: inp[12] (input port clocked by clk)
  Endpoint: out[0] (output port clocked by clk)
  Path Group: clk
  Path Type: max

  Point                                    Incr       Path
  -----------------------------------------------------------
  clock clk (rise edge)                   0.000      0.000
  clock network delay (ideal)             0.000      0.000
  input external delay                    0.000      0.000 f
  inp[12] (in)                            0.000      0.000 f
  U1678/Y (NAND2X1)                    1747036.000
                                                  1747036.000 r
  U349/Y (INVX1)                       1219421.500
                                                  2966457.500 f
  U350/Y (INVX1)                       455865.000 3422322.500 r
  U1881/Y (AND2X1)                     1338995.500
                                                  4761318.000 r
  U407/Y (XNOR2X1)                     6074719.000
                                                  10836037.000 r
  U408/Y (INVX1)                       776054.000 11612091.000 f
  U2485/Y (XOR2X1)                     4921072.000
                                                  16533163.000 r
  U2486/Y (XOR2X1)                     4765405.000
                                                  21298568.000 f
  U2490/Y (XOR2X1)                     5752874.000
                                                  27051442.000 r
  U242/Y (AND2X1)                      2175842.000
                                                  29227284.000 r
  U243/Y (INVX1)                       715372.000 29942656.000 f
  U2505/Y (NAND2X1)                    924502.000 30867158.000 r
  U2507/Y (OR2X1)                      2330132.000
                                                  33197290.000 r
  U2520/Y (NAND2X1)                    1048670.000
                                                  34245960.000 f
  U2521/Y (AND2X1)                     2245900.000
                                                  36491860.000 f
  U2522/Y (XOR2X1)                     5249808.000
                                                  41741668.000 r
  U2523/Y (XOR2X1)                     4750400.000
                                                  46492068.000 f
  U2534/Y (XOR2X1)                     3248424.000
                                                  49740492.000 f
  U2535/Y (NAND2X1)                    1749500.000
                                                  51489992.000 r
  U280/Y (INVX1)                       979792.000 52469784.000 f
  U281/Y (INVX1)                       445344.000 52915128.000 r
  U2536/Y (NAND2X1)                    1056048.000
                                                  53971176.000 f
  U2539/Y (XOR2X1)                     5943096.000
                                                  59914272.000 r
  U618/Y (AND2X1)                      1780044.000
                                                  61694316.000 r
  U619/Y (INVX1)                       715224.000 62409540.000 f
  U2547/Y (NAND2X1)                    1758580.000
                                                  64168120.000 r
  U2553/Y (XOR2X1)                     4887248.000
                                                  69055368.000 f
  U2555/Y (OR2X1)                      2057448.000
                                                  71112816.000 f
  U2556/Y (NAND2X1)                    1752568.000
                                                  72865384.000 r
  U2558/Y (INVX1)                      1078808.000
                                                  73944192.000 f
  U2559/Y (NAND2X1)                    924952.000 74869144.000 r
  U212/Y (AND2X1)                      1795592.000
                                                  76664736.000 r
  U213/Y (INVX1)                       715280.000 77380016.000 f
  U2560/Y (NAND2X1)                    1362952.000
                                                  78742968.000 r
  U2561/Y (NAND2X1)                    1153016.000
                                                  79895984.000 f
  U2574/Y (NAND2X1)                    885432.000 80781416.000 r
  U726/Y (AND2X1)                      1800768.000
                                                  82582184.000 r
  U727/Y (INVX1)                       715840.000 83298024.000 f
  U2576/Y (NAND2X1)                    1362944.000
                                                  84660968.000 r
  U2577/Y (INVX1)                      1096120.000
                                                  85757088.000 f
  U3412/Y (NOR2X1)                     1157152.000
                                                  86914240.000 r
  U3413/Y (NAND2X1)                    835384.000 87749624.000 f
  U519/Y (NAND2X1)                     1787880.000
                                                  89537504.000 r
  U503/Y (INVX1)                       1132072.000
                                                  90669576.000 f
  U504/Y (INVX1)                       989568.000 91659144.000 r
  U389/Y (AND2X1)                      2183568.000
                                                  93842712.000 r
  U390/Y (INVX1)                       730152.000 94572864.000 f
  U3608/Y (NAND2X1)                    1355208.000
                                                  95928072.000 r
  U455/Y (INVX1)                       1083088.000
                                                  97011160.000 f
  U456/Y (INVX1)                       464392.000 97475552.000 r
  U3768/Y (NAND2X1)                    805944.000 98281496.000 f
  U3769/Y (XOR2X1)                     5361280.000
                                                  103642776.000 r
  U3770/Y (XOR2X1)                     4764376.000
                                                  108407152.000 f
  U3773/Y (XOR2X1)                     5747912.000
                                                  114155064.000 r
  U3780/Y (NAND2X1)                    846240.000 115001304.000 f
  U3781/Y (NAND2X1)                    1401752.000
                                                  116403056.000 r
  U3783/Y (XOR2X1)                     4845144.000
                                                  121248200.000 f
  U3819/Y (XOR2X1)                     5748688.000
                                                  126996888.000 r
  U3820/Y (XOR2X1)                     4744416.000
                                                  131741304.000 f
  U513/Y (XNOR2X1)                     4502328.000
                                                  136243632.000 r
  U1004/Y (INVX1)                      958336.000 137201968.000 f
  U4083/Y (NAND2X1)                    1284928.000
                                                  138486896.000 r
  U294/Y (AND2X1)                      1818928.000
                                                  140305824.000 r
  U295/Y (INVX1)                       715152.000 141020976.000 f
  U4085/Y (NAND2X1)                    1285600.000
                                                  142306576.000 r
  U4088/Y (AND2X1)                     925776.000 143232352.000 r
  U4089/Y (NAND2X1)                    1115888.000
                                                  144348240.000 f
  U4090/Y (NAND2X1)                    881872.000 145230112.000 r
  U594/Y (AND2X1)                      1798336.000
                                                  147028448.000 r
  U595/Y (INVX1)                       732960.000 147761408.000 f
  U4160/Y (XOR2X1)                     4953104.000
                                                  152714512.000 r
  U824/Y (AND2X1)                      2173824.000
                                                  154888336.000 r
  U825/Y (INVX1)                       715808.000 155604144.000 f
  U4162/Y (NAND2X1)                    1362960.000
                                                  156967104.000 r
  U4163/Y (INVX1)                      1116224.000
                                                  158083328.000 f
  U4164/Y (NAND2X1)                    1284224.000
                                                  159367552.000 r
  U4169/Y (NAND2X1)                    848064.000 160215616.000 f
  U4171/Y (NAND2X1)                    885504.000 161101120.000 r
  U4175/Y (OR2X1)                      2606880.000
                                                  163708000.000 r
  U4179/Y (NAND2X1)                    797408.000 164505408.000 f
  U4181/Y (NAND2X1)                    885376.000 165390784.000 r
  U4182/Y (OR2X1)                      2605536.000
                                                  167996320.000 r
  U4186/Y (NAND2X1)                    797264.000 168793584.000 f
  U4188/Y (NAND2X1)                    879376.000 169672960.000 r
  U4189/Y (NAND2X1)                    1156160.000
                                                  170829120.000 f
  U4191/Y (NAND2X1)                    879264.000 171708384.000 r
  U4195/Y (NAND2X1)                    868048.000 172576432.000 f
  U4198/Y (OR2X1)                      2087648.000
                                                  174664080.000 f
  U520/Y (NAND2X1)                     1778928.000
                                                  176443008.000 r
  U507/Y (INVX1)                       1077216.000
                                                  177520224.000 f
  U508/Y (INVX1)                       976528.000 178496752.000 r
  U1123/Y (INVX1)                      651776.000 179148528.000 f
  U4210/Y (NAND2X1)                    1286928.000
                                                  180435456.000 r
  U303/Y (AND2X1)                      1818496.000
                                                  182253952.000 r
  U304/Y (INVX1)                       733024.000 182986976.000 f
  U4380/Y (NOR2X1)                     1161344.000
                                                  184148320.000 r
  U4384/Y (NOR2X1)                     101696.000 184250016.000 f
  U4390/Y (NAND2X1)                    880128.000 185130144.000 r
  U4392/Y (NAND2X1)                    930944.000 186061088.000 f
  U4393/Y (NAND2X1)                    1395008.000
                                                  187456096.000 r
  U4397/Y (NAND2X1)                    866032.000 188322128.000 f
  U4401/Y (NAND2X1)                    885408.000 189207536.000 r
  U4406/Y (OR2X1)                      2561296.000
                                                  191768832.000 r
  U4410/Y (NAND2X1)                    797424.000 192566256.000 f
  U4412/Y (NAND2X1)                    885296.000 193451552.000 r
  U4413/Y (OR2X1)                      2605472.000
                                                  196057024.000 r
  U4417/Y (NAND2X1)                    797424.000 196854448.000 f
  U4419/Y (NAND2X1)                    885280.000 197739728.000 r
  U4423/Y (OR2X1)                      2607568.000
                                                  200347296.000 r
  U4427/Y (NAND2X1)                    797424.000 201144720.000 f
  U4429/Y (NAND2X1)                    1341792.000
                                                  202486512.000 r
  U4430/Y (INVX1)                      1096592.000
                                                  203583104.000 f
  U4431/Y (NAND2X1)                    1284304.000
                                                  204867408.000 r
  U4435/Y (NAND2X1)                    848080.000 205715488.000 f
  U4437/Y (NAND2X1)                    1341904.000
                                                  207057392.000 r
  U4438/Y (INVX1)                      1096432.000
                                                  208153824.000 f
  U4439/Y (NAND2X1)                    919312.000 209073136.000 r
  U4440/Y (NAND2X1)                    861872.000 209935008.000 f
  U518/Y (NAND2X1)                     1402464.000
                                                  211337472.000 r
  U499/Y (INVX1)                       1145744.000
                                                  212483216.000 f
  U500/Y (INVX1)                       968960.000 213452176.000 r
  U4443/Y (INVX1)                      646768.000 214098944.000 f
  U4508/Y (NAND2X1)                    1286816.000
                                                  215385760.000 r
  U4510/Y (NAND2X1)                    849536.000 216235296.000 f
  U4513/Y (OR2X1)                      2087696.000
                                                  218322992.000 f
  U4522/Y (NAND2X1)                    872144.000 219195136.000 r
  U4524/Y (NAND2X1)                    867088.000 220062224.000 f
  U4529/Y (OR2X1)                      2087696.000
                                                  222149920.000 f
  U4533/Y (NAND2X1)                    872128.000 223022048.000 r
  U4535/Y (NAND2X1)                    864528.000 223886576.000 f
  U4536/Y (OR2X1)                      2087712.000
                                                  225974288.000 f
  U4540/Y (NAND2X1)                    872128.000 226846416.000 r
  U4542/Y (NAND2X1)                    866816.000 227713232.000 f
  U4547/Y (OR2X1)                      2087648.000
                                                  229800880.000 f
  U4549/Y (NAND2X1)                    872128.000 230673008.000 r
  U4551/Y (NAND2X1)                    864528.000 231537536.000 f
  U4552/Y (OR2X1)                      2087712.000
                                                  233625248.000 f
  U4556/Y (NAND2X1)                    872208.000 234497456.000 r
  U4558/Y (NAND2X1)                    865984.000 235363440.000 f
  U4559/Y (NAND2X1)                    1400336.000
                                                  236763776.000 r
  U4560/Y (NAND2X1)                    1156176.000
                                                  237919952.000 f
  U4561/Y (NAND2X1)                    1400352.000
                                                  239320304.000 r
  U1108/Y (AND2X1)                     1807648.000
                                                  241127952.000 r
  U216/Y (AND2X1)                      2181488.000
                                                  243309440.000 r
  U217/Y (INVX1)                       713312.000 244022752.000 f
  U4573/Y (NAND2X1)                    913216.000 244935968.000 r
  out[0] (out)                            0.000   244935968.000 r
  data arrival time                               244935968.000

  clock clk (rise edge)                250000000.000
                                                  250000000.000
  clock network delay (ideal)             0.000   250000000.000
  output external delay                   0.000   250000000.000
  data required time                              250000000.000
  -----------------------------------------------------------
  data required time                              250000000.000
  data arrival time                               -244935968.000
  -----------------------------------------------------------
  slack (MET)                                     5064032.000


1
