 
****************************************
Report : timing
        -path full
        -delay max
        -max_paths 1
Design : top
Version: S-2021.06-SP2
Date   : Wed Sep 14 11:02:16 2022
****************************************

Operating Conditions: TT   Library: PPDK_Standard_Library_1.0V_25C_TYP_X1
Wire Load Model Mode: top

  Startpoint: inp[31] (input port clocked by clk)
  Endpoint: out[0] (output port clocked by clk)
  Path Group: clk
  Path Type: max

  Point                                    Incr       Path
  -----------------------------------------------------------
  clock clk (rise edge)                   0.000      0.000
  clock network delay (ideal)             0.000      0.000
  input external delay                    0.000      0.000 f
  inp[31] (in)                            0.000      0.000 f
  U874/Y (INVX1)                       582502.438 582502.438 r
  U875/Y (XOR2X1)                      4508869.000
                                                  5091371.500 f
  U876/Y (AND2X1)                      1840900.500
                                                  6932272.000 f
  U877/Y (OR2X1)                       2083865.000
                                                  9016137.000 f
  U885/Y (XOR2X1)                      5388385.000
                                                  14404522.000 r
  U890/Y (AND2X1)                      916634.000 15321156.000 r
  U891/Y (OR2X1)                       2223278.000
                                                  17544434.000 r
  U904/Y (XOR2X1)                      4524024.000
                                                  22068458.000 f
  U906/Y (NAND2X1)                     1312066.000
                                                  23380524.000 r
  U907/Y (INVX1)                       969452.000 24349976.000 f
  U908/Y (OR2X1)                       2128462.000
                                                  26478438.000 f
  U1281/Y (NAND2X1)                    1331052.000
                                                  27809490.000 r
  U1282/Y (INVX1)                      966356.000 28775846.000 f
  U1283/Y (OR2X1)                      2120682.000
                                                  30896528.000 f
  U1285/Y (XOR2X1)                     5297464.000
                                                  36193992.000 r
  U1290/Y (XOR2X1)                     4766824.000
                                                  40960816.000 f
  U1345/Y (NOR2X1)                     1642636.000
                                                  42603452.000 r
  U1346/Y (INVX1)                      1003524.000
                                                  43606976.000 f
  U1347/Y (NAND2X1)                    1284784.000
                                                  44891760.000 r
  U229/Y (AND2X1)                      2174652.000
                                                  47066412.000 r
  U230/Y (INVX1)                       715760.000 47782172.000 f
  U1348/Y (NAND2X1)                    1357264.000
                                                  49139436.000 r
  U1349/Y (INVX1)                      1075536.000
                                                  50214972.000 f
  U1350/Y (NOR2X1)                     1157060.000
                                                  51372032.000 r
  U446/Y (AND2X1)                      1842620.000
                                                  53214652.000 r
  U447/Y (INVX1)                       708316.000 53922968.000 f
  U1431/Y (NOR2X1)                     1169364.000
                                                  55092332.000 r
  U1432/Y (OR2X1)                      2080480.000
                                                  57172812.000 r
  U524/Y (AND2X1)                      2204148.000
                                                  59376960.000 r
  U525/Y (INVX1)                       717440.000 60094400.000 f
  U1437/Y (NAND2X1)                    918780.000 61013180.000 r
  U150/Y (AND2X1)                      2174680.000
                                                  63187860.000 r
  U151/Y (INVX1)                       715744.000 63903604.000 f
  U1439/Y (XNOR2X1)                    4282436.000
                                                  68186040.000 r
  U1440/Y (INVX1)                      948784.000 69134824.000 f
  U1441/Y (NAND2X1)                    1284816.000
                                                  70419640.000 r
  U170/Y (AND2X1)                      2174648.000
                                                  72594288.000 r
  U171/Y (INVX1)                       717528.000 73311816.000 f
  U536/Y (AND2X1)                      2035000.000
                                                  75346816.000 f
  U537/Y (INVX1)                       -1218056.000
                                                  74128760.000 r
  U310/Y (XNOR2X1)                     5954464.000
                                                  80083224.000 r
  U311/Y (INVX1)                       828000.000 80911224.000 f
  U1617/Y (AND2X1)                     2238248.000
                                                  83149472.000 f
  U1618/Y (OR2X1)                      2340424.000
                                                  85489896.000 f
  U1621/Y (XOR2X1)                     5440472.000
                                                  90930368.000 r
  U1641/Y (XOR2X1)                     4753416.000
                                                  95683784.000 f
  U579/Y (OR2X1)                       2061336.000
                                                  97745120.000 f
  U1666/Y (NAND2X1)                    873696.000 98618816.000 r
  U227/Y (AND2X1)                      2174664.000
                                                  100793480.000 r
  U228/Y (INVX1)                       715968.000 101509448.000 f
  U1667/Y (AND2X1)                     2238248.000
                                                  103747696.000 f
  U1668/Y (NOR2X1)                     1642904.000
                                                  105390600.000 r
  U1669/Y (INVX1)                      1011408.000
                                                  106402008.000 f
  U1670/Y (NAND2X1)                    1284584.000
                                                  107686592.000 r
  U341/Y (AND2X1)                      1865808.000
                                                  109552400.000 r
  U499/Y (INVX1)                       727304.000 110279704.000 f
  U1761/Y (XNOR2X1)                    6388296.000
                                                  116668000.000 f
  U1782/Y (NOR2X1)                     1636416.000
                                                  118304416.000 r
  U1873/Y (NOR2X1)                     -205904.000
                                                  118098512.000 f
  U182/Y (AND2X1)                      2439752.000
                                                  120538264.000 f
  U183/Y (INVX1)                       -1305728.000
                                                  119232536.000 r
  U138/Y (AND2X1)                      1881912.000
                                                  121114448.000 r
  U139/Y (INVX1)                       715552.000 121830000.000 f
  U372/Y (AND2X1)                      2034872.000
                                                  123864872.000 f
  U373/Y (INVX1)                       -1291832.000
                                                  122573040.000 r
  U124/Y (AND2X1)                      1881904.000
                                                  124454944.000 r
  U125/Y (INVX1)                       715512.000 125170456.000 f
  U168/Y (AND2X1)                      2034872.000
                                                  127205328.000 f
  U169/Y (INVX1)                       -1291808.000
                                                  125913520.000 r
  U1877/Y (AND2X1)                     1972784.000
                                                  127886304.000 r
  U454/Y (AND2X1)                      2177840.000
                                                  130064144.000 r
  U455/Y (INVX1)                       714496.000 130778640.000 f
  U460/Y (AND2X1)                      2034872.000
                                                  132813512.000 f
  U461/Y (INVX1)                       -1369024.000
                                                  131444488.000 r
  U1955/Y (NAND2X1)                    1052040.000
                                                  132496528.000 f
  U156/Y (AND2X1)                      2441936.000
                                                  134938464.000 f
  U157/Y (INVX1)                       -1291560.000
                                                  133646904.000 r
  U442/Y (AND2X1)                      1881896.000
                                                  135528800.000 r
  U443/Y (INVX1)                       708320.000 136237120.000 f
  U1964/Y (NAND2X1)                    1357280.000
                                                  137594400.000 r
  U1965/Y (INVX1)                      1074400.000
                                                  138668800.000 f
  out[0] (out)                            0.000   138668800.000 f
  data arrival time                               138668800.000

  clock clk (rise edge)                200000000.000
                                                  200000000.000
  clock network delay (ideal)             0.000   200000000.000
  output external delay                   0.000   200000000.000
  data required time                              200000000.000
  -----------------------------------------------------------
  data required time                              200000000.000
  data arrival time                               -138668800.000
  -----------------------------------------------------------
  slack (MET)                                     61331200.000


1
