****************************************
Report : Averaged Power
Design : top
Version: S-2021.06-SP1
Date   : Fri Dec 16 16:28:12 2022
****************************************



  Attributes
  ----------
      i  -  Including register clock pin internal power
      u  -  User defined power group

                        Internal  Switching  Leakage    Total
Power Group             Power     Power      Power      Power   (     %)  Attrs
--------------------------------------------------------------------------------
clock_network              0.0000    0.0000    0.0000    0.0000 ( 0.00%)  i
register                   0.0000    0.0000    0.0000    0.0000 ( 0.00%)  
combinational           9.344e-04 5.667e-06    0.0256    0.0265 (100.00%) 
sequential                 0.0000    0.0000    0.0000    0.0000 ( 0.00%)  
memory                     0.0000    0.0000    0.0000    0.0000 ( 0.00%)  
io_pad                     0.0000    0.0000    0.0000    0.0000 ( 0.00%)  
black_box                  0.0000    0.0000    0.0000    0.0000 ( 0.00%)  

  Net Switching Power  = 5.667e-06   ( 0.02%)
  Cell Internal Power  = 9.344e-04   ( 3.53%)
  Cell Leakage Power   =    0.0256   (96.45%)
                         ---------
Total Power            =    0.0265  (100.00%)

1
