Information: Updating design information... (UID-85)
 
****************************************
Report : qor
Design : top
Version: S-2021.06-SP2
Date   : Fri Dec 16 15:22:32 2022
****************************************


  Timing Path Group 'clk'
  -----------------------------------
  Levels of Logic:             128.00
  Critical Path Length:  249622992.00
  Critical Path Slack:      377008.00
  Critical Path Clk Period:
                         250000000.00
  Total Negative Slack:          0.00
  No. of Violating Paths:        0.00
  Worst Hold Violation:          0.00
  Total Hold Violation:          0.00
  No. of Hold Violations:        0.00
  -----------------------------------


  Cell Count
  -----------------------------------
  Hierarchical Cell Count:          0
  Hierarchical Port Count:          0
  Leaf Cell Count:               4321
  Buf/Inv Cell Count:             962
  Buf Cell Count:                   0
  Inv Cell Count:                 962
  CT Buf/Inv Cell Count:            0
  Combinational Cell Count:      4321
  Sequential Cell Count:            0
  Macro Count:                      0
  -----------------------------------


  Area
  -----------------------------------
  Combinational Area:
                    2067822988.000000
  Noncombinational Area:     0.000000
  Buf/Inv Area:      219740040.000000
  Total Buffer Area:             0.00
  Total Inverter Area:   219740040.00
  Macro/Black Box Area:      0.000000
  Net Area:                  0.000000
  -----------------------------------
  Cell Area:        2067822988.000000
  Design Area:      2067822988.000000


  Design Rules
  -----------------------------------
  Total Number of Nets:          4369
  Nets With Violations:          4321
  Max Trans Violations:          4321
  Max Cap Violations:               0
  -----------------------------------


  Hostname: leoforos

  Compile CPU Statistics
  -----------------------------------------
  Resource Sharing:                    1.90
  Logic Optimization:                  1.65
  Mapping Optimization:                8.56
  -----------------------------------------
  Overall Compile Time:               19.62
  Overall Compile Wall Clock Time:    20.01

  --------------------------------------------------------------------

  Design  WNS: 0.00  TNS: 0.00  Number of Violating Paths: 0


  Design (Hold)  WNS: 0.00  TNS: 0.00  Number of Violating Paths: 0

  --------------------------------------------------------------------


1
