****************************************
Report : Averaged Power
Design : top
Version: S-2021.06-SP1
Date   : Sat Dec  3 11:48:10 2022
****************************************



  Attributes
  ----------
      i  -  Including register clock pin internal power
      u  -  User defined power group

                        Internal  Switching  Leakage    Total
Power Group             Power     Power      Power      Power   (     %)  Attrs
--------------------------------------------------------------------------------
clock_network              0.0000    0.0000    0.0000    0.0000 ( 0.00%)  i
register                   0.0000    0.0000    0.0000    0.0000 ( 0.00%)  
combinational           1.052e-05 4.205e-08 1.792e-04 1.898e-04 (100.00%) 
sequential                 0.0000    0.0000    0.0000    0.0000 ( 0.00%)  
memory                     0.0000    0.0000    0.0000    0.0000 ( 0.00%)  
io_pad                     0.0000    0.0000    0.0000    0.0000 ( 0.00%)  
black_box                  0.0000    0.0000    0.0000    0.0000 ( 0.00%)  

  Net Switching Power  = 4.205e-08   ( 0.02%)
  Cell Internal Power  = 1.052e-05   ( 5.54%)
  Cell Leakage Power   = 1.792e-04   (94.43%)
                         ---------
Total Power            = 1.898e-04  (100.00%)

1
