Information: Updating design information... (UID-85)
 
****************************************
Report : qor
Design : top
Version: S-2021.06-SP2
Date   : Sat Dec  3 11:47:55 2022
****************************************


  Timing Path Group 'clk'
  -----------------------------------
  Levels of Logic:               8.00
  Critical Path Length:    9070645.00
  Critical Path Slack:   190929360.00
  Critical Path Clk Period:
                         200000000.00
  Total Negative Slack:          0.00
  No. of Violating Paths:        0.00
  Worst Hold Violation:          0.00
  Total Hold Violation:          0.00
  No. of Hold Violations:        0.00
  -----------------------------------


  Cell Count
  -----------------------------------
  Hierarchical Cell Count:          0
  Hierarchical Port Count:          0
  Leaf Cell Count:                 16
  Buf/Inv Cell Count:               5
  Buf Cell Count:                   0
  Inv Cell Count:                   5
  CT Buf/Inv Cell Count:            0
  Combinational Cell Count:        16
  Sequential Cell Count:            0
  Macro Count:                      0
  -----------------------------------


  Area
  -----------------------------------
  Combinational Area:  5486960.000000
  Noncombinational Area:     0.000000
  Buf/Inv Area:        1142100.000000
  Total Buffer Area:             0.00
  Total Inverter Area:     1142100.00
  Macro/Black Box Area:      0.000000
  Net Area:                  0.000000
  -----------------------------------
  Cell Area:           5486960.000000
  Design Area:         5486960.000000


  Design Rules
  -----------------------------------
  Total Number of Nets:            24
  Nets With Violations:            16
  Max Trans Violations:            16
  Max Cap Violations:               0
  -----------------------------------


  Hostname: leoforos

  Compile CPU Statistics
  -----------------------------------------
  Resource Sharing:                    0.43
  Logic Optimization:                  0.03
  Mapping Optimization:                0.20
  -----------------------------------------
  Overall Compile Time:                1.40
  Overall Compile Wall Clock Time:     1.75

  --------------------------------------------------------------------

  Design  WNS: 0.00  TNS: 0.00  Number of Violating Paths: 0


  Design (Hold)  WNS: 0.00  TNS: 0.00  Number of Violating Paths: 0

  --------------------------------------------------------------------


1
