 
****************************************
Report : timing
        -path full
        -delay max
        -max_paths 1
Design : top
Version: S-2021.06-SP2
Date   : Tue Nov 29 15:14:45 2022
****************************************

Operating Conditions: TT   Library: PPDK_Standard_Library_1.0V_25C_TYP_X1
Wire Load Model Mode: top

  Startpoint: inp[16] (input port clocked by clk)
  Endpoint: out[0] (output port clocked by clk)
  Path Group: clk
  Path Type: max

  Point                                    Incr       Path
  -----------------------------------------------------------
  clock clk (rise edge)                   0.000      0.000
  clock network delay (ideal)             0.000      0.000
  input external delay                    0.000      0.000 r
  inp[16] (in)                            0.000      0.000 r
  U1524/Y (INVX1)                      55187.773  55187.773 f
  U3153/Y (NAND2X1)                    1299987.375
                                                  1355175.125 r
  U3154/Y (XOR2X1)                     4659609.000
                                                  6014784.000 f
  U747/Y (NAND2X1)                     818720.000 6833504.000 r
  U772/Y (AND2X1)                      2174576.000
                                                  9008080.000 r
  U773/Y (INVX1)                       716002.000 9724082.000 f
  U3158/Y (XOR2X1)                     5588264.000
                                                  15312346.000 r
  U3167/Y (XOR2X1)                     4335826.000
                                                  19648172.000 f
  U3187/Y (XOR2X1)                     5410426.000
                                                  25058598.000 r
  U3314/Y (INVX1)                      1271424.000
                                                  26330022.000 f
  U3315/Y (XOR2X1)                     2989726.000
                                                  29319748.000 f
  U354/Y (XOR2X1)                      5412532.000
                                                  34732280.000 r
  U355/Y (INVX1)                       1272088.000
                                                  36004368.000 f
  U3364/Y (XOR2X1)                     4913320.000
                                                  40917688.000 r
  U3388/Y (XOR2X1)                     4328612.000
                                                  45246300.000 f
  U3389/Y (NAND2X1)                    836964.000 46083264.000 r
  U3390/Y (NAND2X1)                    865376.000 46948640.000 f
  U3392/Y (XOR2X1)                     5245352.000
                                                  52193992.000 r
  U3394/Y (OR2X1)                      2341244.000
                                                  54535236.000 r
  U3395/Y (NAND2X1)                    1052684.000
                                                  55587920.000 f
  U3397/Y (XOR2X1)                     5244448.000
                                                  60832368.000 r
  U3399/Y (OR2X1)                      2341308.000
                                                  63173676.000 r
  U3400/Y (NAND2X1)                    1052692.000
                                                  64226368.000 f
  U3402/Y (XOR2X1)                     5244440.000
                                                  69470808.000 r
  U405/Y (AND2X1)                      1818240.000
                                                  71289048.000 r
  U406/Y (INVX1)                       715120.000 72004168.000 f
  U3411/Y (AND2X1)                     2460936.000
                                                  74465104.000 f
  U959/Y (INVX1)                       -1177096.000
                                                  73288008.000 r
  U958/Y (XNOR2X1)                     5961560.000
                                                  79249568.000 r
  U3419/Y (INVX1)                      830480.000 80080048.000 f
  U857/Y (AND2X1)                      2034832.000
                                                  82114880.000 f
  U858/Y (INVX1)                       -1451000.000
                                                  80663880.000 r
  U3421/Y (NAND2X1)                    1051968.000
                                                  81715848.000 f
  U3425/Y (NAND2X1)                    886104.000 82601952.000 r
  U3426/Y (NAND2X1)                    866888.000 83468840.000 f
  U3427/Y (NOR2X1)                     1214624.000
                                                  84683464.000 r
  U769/Y (AND2X1)                      1835608.000
                                                  86519072.000 r
  U1251/Y (INVX1)                      715824.000 87234896.000 f
  U746/Y (AND2X1)                      2458008.000
                                                  89692904.000 f
  U868/Y (INVX1)                       -1054320.000
                                                  88638584.000 r
  U3882/Y (NAND2X1)                    1060800.000
                                                  89699384.000 f
  U3883/Y (AND2X1)                     2251112.000
                                                  91950496.000 f
  U3905/Y (NAND2X1)                    862504.000 92813000.000 r
  U3906/Y (NAND2X1)                    1235856.000
                                                  94048856.000 f
  U3907/Y (AND2X1)                     2241128.000
                                                  96289984.000 f
  U3909/Y (NAND2X1)                    874464.000 97164448.000 r
  U3910/Y (XOR2X1)                     4836368.000
                                                  102000816.000 f
  U3913/Y (XOR2X1)                     5742512.000
                                                  107743328.000 r
  U3914/Y (XOR2X1)                     4744568.000
                                                  112487896.000 f
  U3925/Y (XOR2X1)                     5089256.000
                                                  117577152.000 r
  U3945/Y (XOR2X1)                     4334656.000
                                                  121911808.000 f
  U3958/Y (XOR2X1)                     5733072.000
                                                  127644880.000 r
  U4009/Y (NAND2X1)                    846312.000 128491192.000 f
  U4010/Y (AND2X1)                     2246336.000
                                                  130737528.000 f
  U4028/Y (XOR2X1)                     5962024.000
                                                  136699552.000 r
  U1025/Y (AND2X1)                     1779488.000
                                                  138479040.000 r
  U1026/Y (INVX1)                      720240.000 139199280.000 f
  U4133/Y (NAND2X1)                    918864.000 140118144.000 r
  U4137/Y (NAND2X1)                    930352.000 141048496.000 f
  U4138/Y (NAND2X1)                    1394960.000
                                                  142443456.000 r
  U1019/Y (AND2X1)                     1795360.000
                                                  144238816.000 r
  U1020/Y (INVX1)                      720368.000 144959184.000 f
  U4154/Y (NAND2X1)                    1362960.000
                                                  146322144.000 r
  U4155/Y (INVX1)                      1116608.000
                                                  147438752.000 f
  U4164/Y (NAND2X1)                    919344.000 148358096.000 r
  U418/Y (AND2X1)                      1819072.000
                                                  150177168.000 r
  U419/Y (INVX1)                       715456.000 150892624.000 f
  U4172/Y (NAND2X1)                    924544.000 151817168.000 r
  U1329/Y (OR2X1)                      2606880.000
                                                  154424048.000 r
  U4176/Y (NAND2X1)                    1217664.000
                                                  155641712.000 f
  U4178/Y (INVX1)                      313840.000 155955552.000 r
  U1321/Y (INVX1)                      687136.000 156642688.000 f
  U4580/Y (NAND2X1)                    918448.000 157561136.000 r
  U4581/Y (NAND2X1)                    931408.000 158492544.000 f
  U4585/Y (NOR2X1)                     1195104.000
                                                  159687648.000 r
  U4588/Y (NOR2X1)                     101408.000 159789056.000 f
  U944/Y (AND2X1)                      2045760.000
                                                  161834816.000 f
  U945/Y (INVX1)                       -1450736.000
                                                  160384080.000 r
  U4592/Y (NAND2X1)                    800400.000 161184480.000 f
  U4597/Y (NAND2X1)                    879344.000 162063824.000 r
  U4600/Y (NAND2X1)                    930976.000 162994800.000 f
  U4601/Y (INVX1)                      -559232.000
                                                  162435568.000 r
  U4602/Y (NAND2X1)                    800816.000 163236384.000 f
  U4607/Y (NAND2X1)                    886080.000 164122464.000 r
  U4608/Y (NAND2X1)                    866816.000 164989280.000 f
  U776/Y (AND2X1)                      1855408.000
                                                  166844688.000 f
  U774/Y (OR2X1)                       2079360.000
                                                  168924048.000 f
  U4614/Y (OR2X1)                      2082512.000
                                                  171006560.000 f
  U4619/Y (NAND2X1)                    872128.000 171878688.000 r
  U4621/Y (NAND2X1)                    866864.000 172745552.000 f
  U4625/Y (OR2X1)                      2087696.000
                                                  174833248.000 f
  U4629/Y (NAND2X1)                    871952.000 175705200.000 r
  U887/Y (AND2X1)                      1795360.000
                                                  177500560.000 r
  U888/Y (INVX1)                       718368.000 178218928.000 f
  U4631/Y (OR2X1)                      2115280.000
                                                  180334208.000 f
  U4636/Y (NAND2X1)                    870736.000 181204944.000 r
  U4638/Y (NAND2X1)                    866864.000 182071808.000 f
  U4642/Y (OR2X1)                      2088976.000
                                                  184160784.000 f
  U786/Y (NAND2X1)                     1756768.000
                                                  185917552.000 r
  U975/Y (AND2X1)                      1800160.000
                                                  187717712.000 r
  U976/Y (INVX1)                       718384.000 188436096.000 f
  U5239/Y (NAND2X1)                    1297520.000
                                                  189733616.000 r
  U5240/Y (NOR2X1)                     -92880.000 189640736.000 f
  U5244/Y (NOR2X1)                     1195648.000
                                                  190836384.000 r
  U5247/Y (NAND2X1)                    834432.000 191670816.000 f
  U5249/Y (NAND2X1)                    887056.000 192557872.000 r
  U5253/Y (OR2X1)                      2605808.000
                                                  195163680.000 r
  U5257/Y (NAND2X1)                    928672.000 196092352.000 f
  U5269/Y (AND2X1)                     2045584.000
                                                  198137936.000 f
  U5270/Y (INVX1)                      -1307744.000
                                                  196830192.000 r
  U5271/Y (NAND2X1)                    1049920.000
                                                  197880112.000 f
  U5272/Y (NAND2X1)                    1385120.000
                                                  199265232.000 r
  U5276/Y (NOR2X1)                     -290064.000
                                                  198975168.000 f
  U5280/Y (OR2X1)                      2088240.000
                                                  201063408.000 f
  U5282/Y (NAND2X1)                    878128.000 201941536.000 r
  U5283/Y (OR2X1)                      2605440.000
                                                  204546976.000 r
  U5287/Y (NAND2X1)                    797072.000 205344048.000 f
  U5289/Y (NAND2X1)                    1341872.000
                                                  206685920.000 r
  U5290/Y (INVX1)                      1095648.000
                                                  207781568.000 f
  U5291/Y (NAND2X1)                    1284304.000
                                                  209065872.000 r
  U5295/Y (NAND2X1)                    848080.000 209913952.000 f
  U5296/Y (NAND2X1)                    1341872.000
                                                  211255824.000 r
  U5297/Y (INVX1)                      1216880.000
                                                  212472704.000 f
  U5303/Y (NAND2X1)                    919456.000 213392160.000 r
  U5308/Y (AND2X1)                     915712.000 214307872.000 r
  U5310/Y (NOR2X1)                     15664.000  214323536.000 f
  U886/Y (OR2X1)                       2089584.000
                                                  216413120.000 f
  U722/Y (NAND2X1)                     1748384.000
                                                  218161504.000 r
  U723/Y (INVX1)                       1081888.000
                                                  219243392.000 f
  U5551/Y (NAND2X1)                    1298208.000
                                                  220541600.000 r
  U5554/Y (NAND2X1)                    851360.000 221392960.000 f
  U5557/Y (NOR2X1)                     1195008.000
                                                  222587968.000 r
  U5558/Y (NOR2X1)                     101712.000 222689680.000 f
  U5560/Y (NAND2X1)                    1396368.000
                                                  224086048.000 r
  U5562/Y (NAND2X1)                    930944.000 225016992.000 f
  U5574/Y (NAND2X1)                    881008.000 225898000.000 r
  U5575/Y (NAND2X1)                    1155808.000
                                                  227053808.000 f
  U5581/Y (NAND2X1)                    1752592.000
                                                  228806400.000 r
  U5582/Y (INVX1)                      1095920.000
                                                  229902320.000 f
  U5583/Y (OR2X1)                      2115648.000
                                                  232017968.000 f
  U5584/Y (OR2X1)                      2081648.000
                                                  234099616.000 f
  U5588/Y (NAND2X1)                    876672.000 234976288.000 r
  U5603/Y (NAND2X1)                    863728.000 235840016.000 f
  U5604/Y (NAND2X1)                    887056.000 236727072.000 r
  U5605/Y (NAND2X1)                    1154752.000
                                                  237881824.000 f
  U5610/Y (OR2X1)                      2087696.000
                                                  239969520.000 f
  U5614/Y (NAND2X1)                    872128.000 240841648.000 r
  U5625/Y (NAND2X1)                    863696.000 241705344.000 f
  U5629/Y (NAND2X1)                    1342576.000
                                                  243047920.000 r
  U5635/Y (INVX1)                      1069424.000
                                                  244117344.000 f
  U5636/Y (NAND2X1)                    919296.000 245036640.000 r
  U5637/Y (NAND2X1)                    1235872.000
                                                  246272512.000 f
  U5638/Y (NOR2X1)                     1195168.000
                                                  247467680.000 r
  U5650/Y (NAND2X1)                    834384.000 248302064.000 f
  U5651/Y (NAND2X1)                    1394928.000
                                                  249696992.000 r
  out[0] (out)                            0.000   249696992.000 r
  data arrival time                               249696992.000

  clock clk (rise edge)                250000000.000
                                                  250000000.000
  clock network delay (ideal)             0.000   250000000.000
  output external delay                   0.000   250000000.000
  data required time                              250000000.000
  -----------------------------------------------------------
  data required time                              250000000.000
  data arrival time                               -249696992.000
  -----------------------------------------------------------
  slack (MET)                                     303008.000


1
