****************************************
Report : timing
	-path_type full
	-delay_type max
	-max_paths 1
	-sort_by slack
Design : top
Version: S-2021.06-SP1
Date   : Sun Dec 18 11:49:17 2022
****************************************


  Startpoint: inp[81] (input port clocked by clk)
  Endpoint: out[0] (output port clocked by clk)
  Path Group: clk
  Path Type: max

  Point                                    Incr       Path
  ---------------------------------------------------------------
  clock clk (rise edge)                   0.000      0.000
  clock network delay (ideal)             0.000      0.000
  input external delay                    0.000      0.000 f
  inp[81] (in)                            0.000      0.000 f
  U1083/Y (INVX1)                      582656.000 582656.000 r
  U1102/Y (NAND2X1)                    1051904.000
                                                  1634560.000 f
  U1103/Y (NAND2X1)                    1385488.000
                                                  3020048.000 r
  U1105/Y (OR2X1)                      2548432.000
                                                  5568480.000 r
  U1106/Y (NAND2X1)                    802976.000 6371456.000 f
  U858/Y (XNOR2X1)                     6612880.000
                                                  12984336.000 f
  U859/Y (INVX1)                       -1215776.000
                                                  11768560.000 r
  U576/Y (XNOR2X1)                     5625872.000
                                                  17394432.000 r
  U2355/Y (XOR2X1)                     4451792.000
                                                  21846224.000 f
  U2358/Y (XOR2X1)                     5738400.000
                                                  27584624.000 r
  U2457/Y (XOR2X1)                     4744720.000
                                                  32329344.000 f
  U2474/Y (XOR2X1)                     5741696.000
                                                  38071040.000 r
  U586/Y (AND2X1)                      2175600.000
                                                  40246640.000 r
  U587/Y (INVX1)                       715232.000 40961872.000 f
  U545/Y (AND2X1)                      2458080.000
                                                  43419952.000 f
  U546/Y (INVX1)                       -1163120.000
                                                  42256832.000 r
  U2480/Y (XOR2X1)                     4510992.000
                                                  46767824.000 f
  U2518/Y (XOR2X1)                     5733200.000
                                                  52501024.000 r
  U624/Y (AND2X1)                      1821408.000
                                                  54322432.000 r
  U625/Y (INVX1)                       715456.000 55037888.000 f
  U572/Y (AND2X1)                      2458080.000
                                                  57495968.000 f
  U573/Y (INVX1)                       -1174992.000
                                                  56320976.000 r
  U2522/Y (NAND2X1)                    1052768.000
                                                  57373744.000 f
  U122/Y (AND2X1)                      2044160.000
                                                  59417904.000 f
  U123/Y (INVX1)                       -1446560.000
                                                  57971344.000 r
  U2524/Y (NAND2X1)                    1054096.000
                                                  59025440.000 f
  U2527/Y (XOR2X1)                     5244112.000
                                                  64269552.000 r
  U2712/Y (NOR2X1)                     1074512.000
                                                  65344064.000 f
  U567/Y (INVX1)                       -288944.000
                                                  65055120.000 r
  U2528/Y (NAND2X1)                    1052840.000
                                                  66107960.000 f
  U2530/Y (OR2X1)                      2095400.000
                                                  68203360.000 f
  U2536/Y (NAND2X1)                    871896.000 69075256.000 r
  U2537/Y (NAND2X1)                    1172464.000
                                                  70247720.000 f
  U347/Y (OR2X1)                       2090088.000
                                                  72337808.000 f
  U2546/Y (NAND2X1)                    1421008.000
                                                  73758816.000 r
  U2547/Y (NAND2X1)                    1162504.000
                                                  74921320.000 f
  U2550/Y (NAND2X1)                    884832.000 75806152.000 r
  U2553/Y (NAND2X1)                    863720.000 76669872.000 f
  U2554/Y (NAND2X1)                    1752608.000
                                                  78422480.000 r
  U2556/Y (INVX1)                      1116904.000
                                                  79539384.000 f
  U2557/Y (NAND2X1)                    924992.000 80464376.000 r
  U2588/Y (NAND2X1)                    865864.000 81330240.000 f
  U2589/Y (NAND2X1)                    1345344.000
                                                  82675584.000 r
  U2590/Y (INVX1)                      1116416.000
                                                  83792000.000 f
  U540/Y (AND2X1)                      2034736.000
                                                  85826736.000 f
  U541/Y (INVX1)                       -1282576.000
                                                  84544160.000 r
  U563/Y (NAND2X1)                     1051128.000
                                                  85595288.000 f
  U562/Y (OR2X1)                       2092368.000
                                                  87687656.000 f
  U2617/Y (AND2X1)                     1851344.000
                                                  89539000.000 f
  U2618/Y (NAND2X1)                    1326824.000
                                                  90865824.000 r
  U339/Y (INVX1)                       1217416.000
                                                  92083240.000 f
  U340/Y (INVX1)                       490224.000 92573464.000 r
  U126/Y (AND2X1)                      1876976.000
                                                  94450440.000 r
  U127/Y (INVX1)                       715096.000 95165536.000 f
  U318/Y (NAND2X1)                     1746816.000
                                                  96912352.000 r
  U319/Y (INVX1)                       1218032.000
                                                  98130384.000 f
  U464/Y (INVX1)                       494936.000 98625320.000 r
  U2632/Y (XOR2X1)                     4497032.000
                                                  103122352.000 f
  U2639/Y (XOR2X1)                     5748496.000
                                                  108870848.000 r
  U2651/Y (XOR2X1)                     4343912.000
                                                  113214760.000 f
  U2652/Y (XOR2X1)                     5733208.000
                                                  118947968.000 r
  U2667/Y (XOR2X1)                     4343632.000
                                                  123291600.000 f
  U2733/Y (NAND2X1)                    836912.000 124128512.000 r
  U531/Y (AND2X1)                      1794296.000
                                                  125922808.000 r
  U532/Y (INVX1)                       720288.000 126643096.000 f
  U3858/Y (XOR2X1)                     5588400.000
                                                  132231496.000 r
  U3859/Y (OR2X1)                      2306456.000
                                                  134537952.000 r
  U626/Y (AND2X1)                      1883184.000
                                                  136421136.000 r
  U627/Y (INVX1)                       720336.000 137141472.000 f
  U3861/Y (NAND2X1)                    924544.000 138066016.000 r
  U551/Y (AND2X1)                      1818352.000
                                                  139884368.000 r
  U552/Y (INVX1)                       715232.000 140599600.000 f
  U610/Y (AND2X1)                      2034880.000
                                                  142634480.000 f
  U611/Y (INVX1)                       -1449472.000
                                                  141185008.000 r
  U3864/Y (AND2X1)                     1882000.000
                                                  143067008.000 r
  U3865/Y (INVX1)                      707408.000 143774416.000 f
  U3866/Y (NAND2X1)                    918864.000 144693280.000 r
  U3869/Y (NAND2X1)                    930368.000 145623648.000 f
  U3870/Y (INVX1)                      -559232.000
                                                  145064416.000 r
  U630/Y (AND2X1)                      1881456.000
                                                  146945872.000 r
  U631/Y (INVX1)                       720208.000 147666080.000 f
  U628/Y (AND2X1)                      2034880.000
                                                  149700960.000 f
  U629/Y (INVX1)                       -1522976.000
                                                  148177984.000 r
  U3894/Y (NAND2X1)                    800368.000 148978352.000 f
  U3924/Y (NAND2X1)                    881232.000 149859584.000 r
  U3926/Y (NAND2X1)                    930880.000 150790464.000 f
  U3927/Y (INVX1)                      -549440.000
                                                  150241024.000 r
  U632/Y (AND2X1)                      1881440.000
                                                  152122464.000 r
  U633/Y (INVX1)                       720208.000 152842672.000 f
  U618/Y (AND2X1)                      2034880.000
                                                  154877552.000 f
  U619/Y (INVX1)                       -1450352.000
                                                  153427200.000 r
  U3953/Y (NAND2X1)                    802048.000 154229248.000 f
  U575/Y (AND2X1)                      1853984.000
                                                  156083232.000 f
  U3969/Y (NAND2X1)                    868576.000 156951808.000 r
  U3979/Y (NAND2X1)                    850368.000 157802176.000 f
  U3980/Y (NOR2X1)                     1634320.000
                                                  159436496.000 r
  U3986/Y (INVX1)                      1006992.000
                                                  160443488.000 f
  U3987/Y (NAND2X1)                    1284608.000
                                                  161728096.000 r
  U3988/Y (NAND2X1)                    1126144.000
                                                  162854240.000 f
  U76/Y (NAND2X1)                      881200.000 163735440.000 r
  U3990/Y (NAND2X1)                    864592.000 164600032.000 f
  U3994/Y (OR2X1)                      2092416.000
                                                  166692448.000 f
  U3995/Y (NAND2X1)                    871968.000 167564416.000 r
  U3997/Y (NAND2X1)                    930368.000 168494784.000 f
  U3998/Y (INVX1)                      -562880.000
                                                  167931904.000 r
  U3999/Y (NAND2X1)                    1050448.000
                                                  168982352.000 f
  U4003/Y (NAND2X1)                    886128.000 169868480.000 r
  U70/Y (NAND2X1)                      865984.000 170734464.000 f
  U69/Y (NAND2X1)                      879344.000 171613808.000 r
  U528/Y (AND2X1)                      686176.000 172299984.000 r
  U547/Y (NOR2X1)                      -174032.000
                                                  172125952.000 f
  U553/Y (NOR2X1)                      1628768.000
                                                  173754720.000 r
  U80/Y (INVX1)                        1000416.000
                                                  174755136.000 f
  U81/Y (NAND2X1)                      924848.000 175679984.000 r
  U533/Y (AND2X1)                      1818448.000
                                                  177498432.000 r
  U534/Y (INVX1)                       718288.000 178216720.000 f
  U4050/Y (NAND2X1)                    924528.000 179141248.000 r
  U4055/Y (AND2X1)                     761616.000 179902864.000 r
  U4056/Y (AND2X1)                     1814560.000
                                                  181717424.000 r
  U4057/Y (INVX1)                      716544.000 182433968.000 f
  U75/Y (NAND2X1)                      918864.000 183352832.000 r
  U74/Y (NAND2X1)                      887712.000 184240544.000 f
  U4068/Y (NOR2X1)                     1196848.000
                                                  185437392.000 r
  U4077/Y (OR2X1)                      2127776.000
                                                  187565168.000 r
  U4087/Y (AND2X1)                     2198656.000
                                                  189763824.000 r
  U4088/Y (INVX1)                      707728.000 190471552.000 f
  U4093/Y (NAND2X1)                    918848.000 191390400.000 r
  U4094/Y (NAND2X1)                    866800.000 192257200.000 f
  U549/Y (AND2X1)                      1855408.000
                                                  194112608.000 f
  U538/Y (NOR2X1)                      1213520.000
                                                  195326128.000 r
  U537/Y (OR2X1)                       2154080.000
                                                  197480208.000 r
  U4126/Y (NAND2X1)                    1050944.000
                                                  198531152.000 f
  U4127/Y (NOR2X1)                     1184480.000
                                                  199715632.000 r
  out[0] (out)                            0.000   199715632.000 r
  data arrival time                               199715632.000

  clock clk (rise edge)                200000000.000
                                                  200000000.000
  clock network delay (ideal)             0.000   200000000.000
  clock reconvergence pessimism           0.000   200000000.000
  output external delay                   0.000   200000000.000
  data required time                              200000000.000
  ---------------------------------------------------------------
  data required time                              200000000.000
  data arrival time                               -199715632.000
  ---------------------------------------------------------------
  slack (MET)                                     284368.000


1
