Information: Updating design information... (UID-85)
 
****************************************
Report : qor
Design : top
Version: S-2021.06-SP2
Date   : Sun Dec  4 23:04:41 2022
****************************************


  Timing Path Group 'clk'
  -----------------------------------
  Levels of Logic:              48.00
  Critical Path Length:   99707168.00
  Critical Path Slack:   100292832.00
  Critical Path Clk Period:
                         200000000.00
  Total Negative Slack:          0.00
  No. of Violating Paths:        0.00
  Worst Hold Violation:          0.00
  Total Hold Violation:          0.00
  No. of Hold Violations:        0.00
  -----------------------------------


  Cell Count
  -----------------------------------
  Hierarchical Cell Count:          0
  Hierarchical Port Count:          0
  Leaf Cell Count:                228
  Buf/Inv Cell Count:              72
  Buf Cell Count:                   0
  Inv Cell Count:                  72
  CT Buf/Inv Cell Count:            0
  Combinational Cell Count:       228
  Sequential Cell Count:            0
  Macro Count:                      0
  -----------------------------------


  Area
  -----------------------------------
  Combinational Area: 78588650.000000
  Noncombinational Area:     0.000000
  Buf/Inv Area:       16446240.000000
  Total Buffer Area:             0.00
  Total Inverter Area:    16446240.00
  Macro/Black Box Area:      0.000000
  Net Area:                  0.000000
  -----------------------------------
  Cell Area:          78588650.000000
  Design Area:        78588650.000000


  Design Rules
  -----------------------------------
  Total Number of Nets:           251
  Nets With Violations:           228
  Max Trans Violations:           228
  Max Cap Violations:               0
  -----------------------------------


  Hostname: leoforos

  Compile CPU Statistics
  -----------------------------------------
  Resource Sharing:                    0.36
  Logic Optimization:                  0.03
  Mapping Optimization:                0.51
  -----------------------------------------
  Overall Compile Time:                1.94
  Overall Compile Wall Clock Time:     2.29

  --------------------------------------------------------------------

  Design  WNS: 0.00  TNS: 0.00  Number of Violating Paths: 0


  Design (Hold)  WNS: 0.00  TNS: 0.00  Number of Violating Paths: 0

  --------------------------------------------------------------------


1
