****************************************
Report : Averaged Power
Design : top
Version: S-2021.06-SP1
Date   : Sun Dec  4 15:42:21 2022
****************************************



  Attributes
  ----------
      i  -  Including register clock pin internal power
      u  -  User defined power group

                        Internal  Switching  Leakage    Total
Power Group             Power     Power      Power      Power   (     %)  Attrs
--------------------------------------------------------------------------------
clock_network              0.0000    0.0000    0.0000    0.0000 ( 0.00%)  i
register                   0.0000    0.0000    0.0000    0.0000 ( 0.00%)  
combinational           2.381e-04 1.748e-06    0.0124    0.0126 (100.00%) 
sequential                 0.0000    0.0000    0.0000    0.0000 ( 0.00%)  
memory                     0.0000    0.0000    0.0000    0.0000 ( 0.00%)  
io_pad                     0.0000    0.0000    0.0000    0.0000 ( 0.00%)  
black_box                  0.0000    0.0000    0.0000    0.0000 ( 0.00%)  

  Net Switching Power  = 1.748e-06   ( 0.01%)
  Cell Internal Power  = 2.381e-04   ( 1.88%)
  Cell Leakage Power   =    0.0124   (98.10%)
                         ---------
Total Power            =    0.0126  (100.00%)

1
