****************************************
Report : timing
	-path_type full
	-delay_type max
	-max_paths 1
	-sort_by slack
Design : top
Version: S-2021.06-SP1
Date   : Tue Nov 29 16:36:48 2022
****************************************


  Startpoint: inp[30] (input port clocked by clk)
  Endpoint: out[0] (output port clocked by clk)
  Path Group: clk
  Path Type: max

  Point                                    Incr       Path
  ---------------------------------------------------------------
  clock clk (rise edge)                   0.000      0.000
  clock network delay (ideal)             0.000      0.000
  input external delay                    0.000      0.000 f
  inp[30] (in)                            0.000      0.000 f
  U1259/Y (INVX1)                      582656.000 582656.000 r
  U1260/Y (NAND2X1)                    1056192.000
                                                  1638848.000 f
  U1815/Y (NAND2X1)                    1381072.000
                                                  3019920.000 r
  U1816/Y (AND2X1)                     2752288.000
                                                  5772208.000 r
  U1820/Y (XOR2X1)                     4722864.000
                                                  10495072.000 f
  U1852/Y (XOR2X1)                     5741520.000
                                                  16236592.000 r
  U585/Y (AND2X1)                      2175600.000
                                                  18412192.000 r
  U586/Y (INVX1)                       715232.000 19127424.000 f
  U1853/Y (NAND2X1)                    1297392.000
                                                  20424816.000 r
  U1866/Y (XOR2X1)                     4333728.000
                                                  24758544.000 f
  U528/Y (XNOR2X1)                     6066752.000
                                                  30825296.000 f
  U1883/Y (XOR2X1)                     5514144.000
                                                  36339440.000 r
  U747/Y (AND2X1)                      2175024.000
                                                  38514464.000 r
  U748/Y (INVX1)                       715408.000 39229872.000 f
  U1884/Y (NAND2X1)                    1368480.000
                                                  40598352.000 r
  U1889/Y (XOR2X1)                     4839520.000
                                                  45437872.000 f
  U1913/Y (OR2X1)                      2057408.000
                                                  47495280.000 f
  U1914/Y (AND2X1)                     2246672.000
                                                  49741952.000 f
  U1918/Y (XOR2X1)                     3143856.000
                                                  52885808.000 f
  U1934/Y (NAND2X1)                    836016.000 53721824.000 r
  U1935/Y (NAND2X1)                    1230400.000
                                                  54952224.000 f
  U1948/Y (NAND2X1)                    1394976.000
                                                  56347200.000 r
  U1950/Y (NAND2X1)                    866032.000 57213232.000 f
  U1951/Y (NAND2X1)                    1339648.000
                                                  58552880.000 r
  U467/Y (INVX1)                       1112000.000
                                                  59664880.000 f
  U468/Y (INVX1)                       464176.000 60129056.000 r
  U1974/Y (NAND2X1)                    1219264.000
                                                  61348320.000 f
  U1975/Y (NAND2X1)                    1748032.000
                                                  63096352.000 r
  U510/Y (INVX1)                       1110528.000
                                                  64206880.000 f
  U511/Y (INVX1)                       471392.000 64678272.000 r
  U1976/Y (NOR2X1)                     926096.000 65604368.000 f
  U1977/Y (NAND2X1)                    1374208.000
                                                  66978576.000 r
  U1978/Y (AND2X1)                     2736976.000
                                                  69715552.000 r
  U230/Y (AND2X1)                      2190608.000
                                                  71906160.000 r
  U231/Y (INVX1)                       710560.000 72616720.000 f
  U882/Y (XNOR2X1)                     6585904.000
                                                  79202624.000 f
  U2096/Y (XOR2X1)                     5520272.000
                                                  84722896.000 r
  U823/Y (XNOR2X1)                     6392976.000
                                                  91115872.000 r
  U2139/Y (XOR2X1)                     4810504.000
                                                  95926376.000 f
  U2577/Y (XOR2X1)                     5737440.000
                                                  101663816.000 r
  U571/Y (AND2X1)                      2175784.000
                                                  103839600.000 r
  U572/Y (INVX1)                       715168.000 104554768.000 f
  U2579/Y (NAND2X1)                    1362952.000
                                                  105917720.000 r
  U2580/Y (INVX1)                      1107248.000
                                                  107024968.000 f
  U2581/Y (NAND2X1)                    1284256.000
                                                  108309224.000 r
  U565/Y (AND2X1)                      1819080.000
                                                  110128304.000 r
  U566/Y (INVX1)                       715168.000 110843472.000 f
  U2584/Y (NAND2X1)                    1362952.000
                                                  112206424.000 r
  U2585/Y (INVX1)                      1096160.000
                                                  113302584.000 f
  U2586/Y (NAND2X1)                    1284296.000
                                                  114586880.000 r
  U2589/Y (NAND2X1)                    848080.000 115434960.000 f
  U2592/Y (NAND2X1)                    1345472.000
                                                  116780432.000 r
  U2594/Y (INVX1)                      1096432.000
                                                  117876864.000 f
  U2595/Y (NAND2X1)                    1284304.000
                                                  119161168.000 r
  U2596/Y (NAND2X1)                    1127416.000
                                                  120288584.000 f
  U2597/Y (NOR2X1)                     1194968.000
                                                  121483552.000 r
  U2600/Y (NAND2X1)                    834360.000 122317912.000 f
  U2601/Y (NAND2X1)                    881168.000 123199080.000 r
  U545/Y (AND2X1)                      1795408.000
                                                  124994488.000 r
  U546/Y (INVX1)                       735672.000 125730160.000 f
  U2661/Y (NOR2X1)                     1161280.000
                                                  126891440.000 r
  U2663/Y (NAND2X1)                    833360.000 127724800.000 f
  U2664/Y (NAND2X1)                    1752616.000
                                                  129477416.000 r
  U2665/Y (INVX1)                      1101664.000
                                                  130579080.000 f
  U2666/Y (NAND2X1)                    1284448.000
                                                  131863528.000 r
  U2670/Y (NAND2X1)                    848104.000 132711632.000 f
  U2672/Y (NAND2X1)                    885496.000 133597128.000 r
  U2673/Y (OR2X1)                      2606040.000
                                                  136203168.000 r
  U2678/Y (NAND2X1)                    804864.000 137008032.000 f
  U2680/Y (NAND2X1)                    1341808.000
                                                  138349840.000 r
  U2681/Y (INVX1)                      1095632.000
                                                  139445472.000 f
  U2686/Y (NAND2X1)                    919312.000 140364784.000 r
  U2689/Y (NAND2X1)                    848096.000 141212880.000 f
  U2691/Y (NAND2X1)                    1341744.000
                                                  142554624.000 r
  U2692/Y (INVX1)                      1095968.000
                                                  143650592.000 f
  U2697/Y (NAND2X1)                    919312.000 144569904.000 r
  U2702/Y (NAND2X1)                    848096.000 145418000.000 f
  U2704/Y (NAND2X1)                    1341936.000
                                                  146759936.000 r
  U2705/Y (INVX1)                      1095936.000
                                                  147855872.000 f
  U2706/Y (NAND2X1)                    1284288.000
                                                  149140160.000 r
  U2711/Y (NAND2X1)                    848080.000 149988240.000 f
  U2713/Y (NAND2X1)                    885520.000 150873760.000 r
  U2717/Y (OR2X1)                      2605728.000
                                                  153479488.000 r
  U2718/Y (NAND2X1)                    797440.000 154276928.000 f
  U2720/Y (NAND2X1)                    885296.000 155162224.000 r
  U2723/Y (OR2X1)                      2605424.000
                                                  157767648.000 r
  U534/Y (NAND2X1)                     1219760.000
                                                  158987408.000 f
  U504/Y (INVX1)                       233072.000 159220480.000 r
  U505/Y (INVX1)                       666576.000 159887056.000 f
  U929/Y (INVX1)                       481232.000 160368288.000 r
  U2896/Y (NAND2X1)                    1055312.000
                                                  161423600.000 f
  U2898/Y (NAND2X1)                    1339376.000
                                                  162762976.000 r
  U351/Y (INVX1)                       1104784.000
                                                  163867760.000 f
  U352/Y (INVX1)                       450544.000 164318304.000 r
  U2902/Y (NOR2X1)                     533952.000 164852256.000 f
  U2910/Y (NOR2X1)                     1190208.000
                                                  166042464.000 r
  U2916/Y (NAND2X1)                    834352.000 166876816.000 f
  U2918/Y (NAND2X1)                    885520.000 167762336.000 r
  U2919/Y (OR2X1)                      2562080.000
                                                  170324416.000 r
  U2923/Y (NAND2X1)                    804784.000 171129200.000 f
  U2925/Y (NAND2X1)                    1341872.000
                                                  172471072.000 r
  U2926/Y (INVX1)                      1096592.000
                                                  173567664.000 f
  U2931/Y (NAND2X1)                    919312.000 174486976.000 r
  U2935/Y (NAND2X1)                    848112.000 175335088.000 f
  U2937/Y (NAND2X1)                    1341744.000
                                                  176676832.000 r
  U2938/Y (INVX1)                      1096416.000
                                                  177773248.000 f
  U2943/Y (NAND2X1)                    919328.000 178692576.000 r
  U2947/Y (NAND2X1)                    848096.000 179540672.000 f
  U2949/Y (NAND2X1)                    1341760.000
                                                  180882432.000 r
  U2950/Y (INVX1)                      1096176.000
                                                  181978608.000 f
  U2951/Y (NAND2X1)                    1284304.000
                                                  183262912.000 r
  U2955/Y (NAND2X1)                    848064.000 184110976.000 f
  U2957/Y (NAND2X1)                    885216.000 184996192.000 r
  U2961/Y (OR2X1)                      2605744.000
                                                  187601936.000 r
  U2962/Y (NAND2X1)                    804768.000 188406704.000 f
  U2964/Y (NAND2X1)                    1341904.000
                                                  189748608.000 r
  U2965/Y (INVX1)                      1116208.000
                                                  190864816.000 f
  U2966/Y (NAND2X1)                    1284224.000
                                                  192149040.000 r
  U2967/Y (NAND2X1)                    848080.000 192997120.000 f
  U521/Y (NAND2X1)                     1384688.000
                                                  194381808.000 r
  U500/Y (INVX1)                       1107952.000
                                                  195489760.000 f
  U501/Y (INVX1)                       976208.000 196465968.000 r
  U2970/Y (INVX1)                      652016.000 197117984.000 f
  U3045/Y (NAND2X1)                    918384.000 198036368.000 r
  U3046/Y (NAND2X1)                    1154720.000
                                                  199191088.000 f
  U3047/Y (NOR2X1)                     1202448.000
                                                  200393536.000 r
  U3050/Y (OR2X1)                      2164848.000
                                                  202558384.000 r
  U3055/Y (NAND2X1)                    800640.000 203359024.000 f
  U3057/Y (NAND2X1)                    885520.000 204244544.000 r
  U3058/Y (OR2X1)                      2606464.000
                                                  206851008.000 r
  U3061/Y (NAND2X1)                    797440.000 207648448.000 f
  U3063/Y (NAND2X1)                    885504.000 208533952.000 r
  U3067/Y (OR2X1)                      2607568.000
                                                  211141520.000 r
  U3071/Y (NAND2X1)                    797408.000 211938928.000 f
  U3073/Y (NAND2X1)                    885520.000 212824448.000 r
  U3074/Y (OR2X1)                      2605504.000
                                                  215429952.000 r
  U3078/Y (NAND2X1)                    797424.000 216227376.000 f
  U3080/Y (NAND2X1)                    885520.000 217112896.000 r
  U3084/Y (OR2X1)                      2607504.000
                                                  219720400.000 r
  U3088/Y (NAND2X1)                    797440.000 220517840.000 f
  U3090/Y (NAND2X1)                    879600.000 221397440.000 r
  U3091/Y (NAND2X1)                    1155952.000
                                                  222553392.000 f
  U3092/Y (NAND2X1)                    1400304.000
                                                  223953696.000 r
  U3093/Y (NAND2X1)                    1156176.000
                                                  225109872.000 f
  U900/Y (AND2X1)                      2048608.000
                                                  227158480.000 f
  U294/Y (AND2X1)                      2426448.000
                                                  229584928.000 f
  U295/Y (INVX1)                       -1391664.000
                                                  228193264.000 r
  U3098/Y (NAND2X1)                    800416.000 228993680.000 f
  U3103/Y (NAND2X1)                    875120.000 229868800.000 r
  out[0] (out)                            0.000   229868800.000 r
  data arrival time                               229868800.000

  clock clk (rise edge)                250000000.000
                                                  250000000.000
  clock network delay (ideal)             0.000   250000000.000
  clock reconvergence pessimism           0.000   250000000.000
  output external delay                   0.000   250000000.000
  data required time                              250000000.000
  ---------------------------------------------------------------
  data required time                              250000000.000
  data arrival time                               -229868800.000
  ---------------------------------------------------------------
  slack (MET)                                     20131200.000


1
