 
****************************************
Report : timing
        -path full
        -delay max
        -max_paths 1
Design : top
Version: S-2021.06-SP2
Date   : Tue Nov 29 16:36:43 2022
****************************************

Operating Conditions: TT   Library: PPDK_Standard_Library_1.0V_25C_TYP_X1
Wire Load Model Mode: top

  Startpoint: inp[30] (input port clocked by clk)
  Endpoint: out[0] (output port clocked by clk)
  Path Group: clk
  Path Type: max

  Point                                    Incr       Path
  -----------------------------------------------------------
  clock clk (rise edge)                   0.000      0.000
  clock network delay (ideal)             0.000      0.000
  input external delay                    0.000      0.000 f
  inp[30] (in)                            0.000      0.000 f
  U1259/Y (INVX1)                      582658.562 582658.562 r
  U1260/Y (NAND2X1)                    1056182.750
                                                  1638841.250 f
  U1815/Y (NAND2X1)                    1381080.500
                                                  3019921.750 r
  U1816/Y (AND2X1)                     2752273.250
                                                  5772195.000 r
  U1820/Y (XOR2X1)                     4722841.000
                                                  10495036.000 f
  U1852/Y (XOR2X1)                     5741578.000
                                                  16236614.000 r
  U585/Y (AND2X1)                      2175618.000
                                                  18412232.000 r
  U586/Y (INVX1)                       715224.000 19127456.000 f
  U1853/Y (NAND2X1)                    1297388.000
                                                  20424844.000 r
  U1866/Y (XOR2X1)                     4333790.000
                                                  24758634.000 f
  U528/Y (XNOR2X1)                     6066828.000
                                                  30825462.000 f
  U1883/Y (XOR2X1)                     5514186.000
                                                  36339648.000 r
  U747/Y (AND2X1)                      2175048.000
                                                  38514696.000 r
  U748/Y (INVX1)                       715408.000 39230104.000 f
  U1884/Y (NAND2X1)                    1368476.000
                                                  40598580.000 r
  U1889/Y (XOR2X1)                     4839612.000
                                                  45438192.000 f
  U1913/Y (OR2X1)                      2057384.000
                                                  47495576.000 f
  U1914/Y (AND2X1)                     2246672.000
                                                  49742248.000 f
  U1918/Y (XOR2X1)                     3143872.000
                                                  52886120.000 f
  U1934/Y (NAND2X1)                    836012.000 53722132.000 r
  U1935/Y (NAND2X1)                    1230396.000
                                                  54952528.000 f
  U1948/Y (NAND2X1)                    1394960.000
                                                  56347488.000 r
  U1950/Y (NAND2X1)                    866028.000 57213516.000 f
  U1951/Y (NAND2X1)                    1339644.000
                                                  58553160.000 r
  U467/Y (INVX1)                       1112008.000
                                                  59665168.000 f
  U468/Y (INVX1)                       464176.000 60129344.000 r
  U1974/Y (NAND2X1)                    1219264.000
                                                  61348608.000 f
  U1975/Y (NAND2X1)                    1748028.000
                                                  63096636.000 r
  U510/Y (INVX1)                       1110528.000
                                                  64207164.000 f
  U511/Y (INVX1)                       471392.000 64678556.000 r
  U1976/Y (NOR2X1)                     926104.000 65604660.000 f
  U1977/Y (NAND2X1)                    1374208.000
                                                  66978868.000 r
  U1978/Y (AND2X1)                     2736988.000
                                                  69715856.000 r
  U230/Y (AND2X1)                      2190616.000
                                                  71906472.000 r
  U231/Y (INVX1)                       710560.000 72617032.000 f
  U882/Y (XNOR2X1)                     6585896.000
                                                  79202928.000 f
  U2096/Y (XOR2X1)                     5520208.000
                                                  84723136.000 r
  U823/Y (XNOR2X1)                     6393048.000
                                                  91116184.000 r
  U2139/Y (XOR2X1)                     4810472.000
                                                  95926656.000 f
  U2577/Y (XOR2X1)                     5737368.000
                                                  101664024.000 r
  U571/Y (AND2X1)                      2175800.000
                                                  103839824.000 r
  U572/Y (INVX1)                       715160.000 104554984.000 f
  U2579/Y (NAND2X1)                    1362952.000
                                                  105917936.000 r
  U2580/Y (INVX1)                      1107256.000
                                                  107025192.000 f
  U2581/Y (NAND2X1)                    1284256.000
                                                  108309448.000 r
  U565/Y (AND2X1)                      1819072.000
                                                  110128520.000 r
  U566/Y (INVX1)                       715160.000 110843680.000 f
  U2584/Y (NAND2X1)                    1362952.000
                                                  112206632.000 r
  U2585/Y (INVX1)                      1096168.000
                                                  113302800.000 f
  U2586/Y (NAND2X1)                    1284296.000
                                                  114587096.000 r
  U2589/Y (NAND2X1)                    848072.000 115435168.000 f
  U2592/Y (NAND2X1)                    1345464.000
                                                  116780632.000 r
  U2594/Y (INVX1)                      1096440.000
                                                  117877072.000 f
  U2595/Y (NAND2X1)                    1284304.000
                                                  119161376.000 r
  U2596/Y (NAND2X1)                    1127408.000
                                                  120288784.000 f
  U2597/Y (NOR2X1)                     1194976.000
                                                  121483760.000 r
  U2600/Y (NAND2X1)                    834352.000 122318112.000 f
  U2601/Y (NAND2X1)                    881176.000 123199288.000 r
  U545/Y (AND2X1)                      1795400.000
                                                  124994688.000 r
  U546/Y (INVX1)                       735664.000 125730352.000 f
  U2661/Y (NOR2X1)                     1161280.000
                                                  126891632.000 r
  U2663/Y (NAND2X1)                    833352.000 127724984.000 f
  U2664/Y (NAND2X1)                    1752600.000
                                                  129477584.000 r
  U2665/Y (INVX1)                      1101672.000
                                                  130579256.000 f
  U2666/Y (NAND2X1)                    1284448.000
                                                  131863704.000 r
  U2670/Y (NAND2X1)                    848096.000 132711800.000 f
  U2672/Y (NAND2X1)                    885496.000 133597296.000 r
  U2673/Y (OR2X1)                      2606096.000
                                                  136203392.000 r
  U2678/Y (NAND2X1)                    804864.000 137008256.000 f
  U2680/Y (NAND2X1)                    1341792.000
                                                  138350048.000 r
  U2681/Y (INVX1)                      1095632.000
                                                  139445680.000 f
  U2686/Y (NAND2X1)                    919312.000 140364992.000 r
  U2689/Y (NAND2X1)                    848096.000 141213088.000 f
  U2691/Y (NAND2X1)                    1341728.000
                                                  142554816.000 r
  U2692/Y (INVX1)                      1095968.000
                                                  143650784.000 f
  U2697/Y (NAND2X1)                    919312.000 144570096.000 r
  U2702/Y (NAND2X1)                    848096.000 145418192.000 f
  U2704/Y (NAND2X1)                    1341920.000
                                                  146760112.000 r
  U2705/Y (INVX1)                      1095936.000
                                                  147856048.000 f
  U2706/Y (NAND2X1)                    1284304.000
                                                  149140352.000 r
  U2711/Y (NAND2X1)                    848080.000 149988432.000 f
  U2713/Y (NAND2X1)                    885504.000 150873936.000 r
  U2717/Y (OR2X1)                      2605792.000
                                                  153479728.000 r
  U2718/Y (NAND2X1)                    797424.000 154277152.000 f
  U2720/Y (NAND2X1)                    885296.000 155162448.000 r
  U2723/Y (OR2X1)                      2605440.000
                                                  157767888.000 r
  U534/Y (NAND2X1)                     1219760.000
                                                  158987648.000 f
  U504/Y (INVX1)                       233072.000 159220720.000 r
  U505/Y (INVX1)                       666576.000 159887296.000 f
  U929/Y (INVX1)                       481232.000 160368528.000 r
  U2896/Y (NAND2X1)                    1055312.000
                                                  161423840.000 f
  U2898/Y (NAND2X1)                    1339392.000
                                                  162763232.000 r
  U351/Y (INVX1)                       1104784.000
                                                  163868016.000 f
  U352/Y (INVX1)                       450544.000 164318560.000 r
  U2902/Y (NOR2X1)                     533952.000 164852512.000 f
  U2910/Y (NOR2X1)                     1190192.000
                                                  166042704.000 r
  U2916/Y (NAND2X1)                    834352.000 166877056.000 f
  U2918/Y (NAND2X1)                    885504.000 167762560.000 r
  U2919/Y (OR2X1)                      2562144.000
                                                  170324704.000 r
  U2923/Y (NAND2X1)                    804768.000 171129472.000 f
  U2925/Y (NAND2X1)                    1341872.000
                                                  172471344.000 r
  U2926/Y (INVX1)                      1096576.000
                                                  173567920.000 f
  U2931/Y (NAND2X1)                    919312.000 174487232.000 r
  U2935/Y (NAND2X1)                    848096.000 175335328.000 f
  U2937/Y (NAND2X1)                    1341728.000
                                                  176677056.000 r
  U2938/Y (INVX1)                      1096432.000
                                                  177773488.000 f
  U2943/Y (NAND2X1)                    919312.000 178692800.000 r
  U2947/Y (NAND2X1)                    848096.000 179540896.000 f
  U2949/Y (NAND2X1)                    1341744.000
                                                  180882640.000 r
  U2950/Y (INVX1)                      1096192.000
                                                  181978832.000 f
  U2951/Y (NAND2X1)                    1284304.000
                                                  183263136.000 r
  U2955/Y (NAND2X1)                    848080.000 184111216.000 f
  U2957/Y (NAND2X1)                    885184.000 184996400.000 r
  U2961/Y (OR2X1)                      2605808.000
                                                  187602208.000 r
  U2962/Y (NAND2X1)                    804768.000 188406976.000 f
  U2964/Y (NAND2X1)                    1341888.000
                                                  189748864.000 r
  U2965/Y (INVX1)                      1116224.000
                                                  190865088.000 f
  U2966/Y (NAND2X1)                    1284224.000
                                                  192149312.000 r
  U2967/Y (NAND2X1)                    848064.000 192997376.000 f
  U521/Y (NAND2X1)                     1384704.000
                                                  194382080.000 r
  U500/Y (INVX1)                       1107968.000
                                                  195490048.000 f
  U501/Y (INVX1)                       976208.000 196466256.000 r
  U2970/Y (INVX1)                      652016.000 197118272.000 f
  U3045/Y (NAND2X1)                    918368.000 198036640.000 r
  U3046/Y (NAND2X1)                    1154736.000
                                                  199191376.000 f
  U3047/Y (NOR2X1)                     1202432.000
                                                  200393808.000 r
  U3050/Y (OR2X1)                      2164880.000
                                                  202558688.000 r
  U3055/Y (NAND2X1)                    800656.000 203359344.000 f
  U3057/Y (NAND2X1)                    885504.000 204244848.000 r
  U3058/Y (OR2X1)                      2606528.000
                                                  206851376.000 r
  U3061/Y (NAND2X1)                    797424.000 207648800.000 f
  U3063/Y (NAND2X1)                    885504.000 208534304.000 r
  U3067/Y (OR2X1)                      2607616.000
                                                  211141920.000 r
  U3071/Y (NAND2X1)                    797408.000 211939328.000 f
  U3073/Y (NAND2X1)                    885504.000 212824832.000 r
  U3074/Y (OR2X1)                      2605552.000
                                                  215430384.000 r
  U3078/Y (NAND2X1)                    797440.000 216227824.000 f
  U3080/Y (NAND2X1)                    885504.000 217113328.000 r
  U3084/Y (OR2X1)                      2607568.000
                                                  219720896.000 r
  U3088/Y (NAND2X1)                    797440.000 220518336.000 f
  U3090/Y (NAND2X1)                    879600.000 221397936.000 r
  U3091/Y (NAND2X1)                    1155936.000
                                                  222553872.000 f
  U3092/Y (NAND2X1)                    1400304.000
                                                  223954176.000 r
  U3093/Y (NAND2X1)                    1156160.000
                                                  225110336.000 f
  U900/Y (AND2X1)                      2048592.000
                                                  227158928.000 f
  U294/Y (AND2X1)                      2426448.000
                                                  229585376.000 f
  U295/Y (INVX1)                       -1391680.000
                                                  228193696.000 r
  U3098/Y (NAND2X1)                    800432.000 228994128.000 f
  U3103/Y (NAND2X1)                    875120.000 229869248.000 r
  out[0] (out)                            0.000   229869248.000 r
  data arrival time                               229869248.000

  clock clk (rise edge)                250000000.000
                                                  250000000.000
  clock network delay (ideal)             0.000   250000000.000
  output external delay                   0.000   250000000.000
  data required time                              250000000.000
  -----------------------------------------------------------
  data required time                              250000000.000
  data arrival time                               -229869248.000
  -----------------------------------------------------------
  slack (MET)                                     20130752.000


1
