 
****************************************
Report : area
Design : top
Version: S-2021.06-SP2
Date   : Fri Dec 16 16:17:48 2022
****************************************

Library(s) Used:

    PPDK_Standard_Library_0.8V_25C_TYP_X1 (File: /home/akokkinis/synLibs/egfet/db/EGFET_0.8V.db)

Number of ports:                           52
Number of nets:                          4010
Number of cells:                         3962
Number of combinational cells:           3962
Number of sequential cells:                 0
Number of macros/black boxes:               0
Number of buf/inv:                        911
Number of references:                       7

Combinational area:         1865845108.000000
Buf/Inv area:                208090620.000000
Noncombinational area:               0.000000
Macro/Black Box area:                0.000000
Net Interconnect area:      undefined  (No wire load specified)

Total cell area:            1865845108.000000
Total area:                 undefined
1
