Information: Updating design information... (UID-85)
 
****************************************
Report : qor
Design : top
Version: S-2021.06-SP2
Date   : Tue Nov 29 14:38:10 2022
****************************************


  Timing Path Group 'clk'
  -----------------------------------
  Levels of Logic:             115.00
  Critical Path Length:  252971072.00
  Critical Path Slack:    -2971072.00
  Critical Path Clk Period:
                         250000000.00
  Total Negative Slack:   -5703456.00
  No. of Violating Paths:        2.00
  Worst Hold Violation:          0.00
  Total Hold Violation:          0.00
  No. of Hold Violations:        0.00
  -----------------------------------


  Cell Count
  -----------------------------------
  Hierarchical Cell Count:          0
  Hierarchical Port Count:          0
  Leaf Cell Count:              10114
  Buf/Inv Cell Count:            2004
  Buf Cell Count:                   0
  Inv Cell Count:                2004
  CT Buf/Inv Cell Count:            0
  Combinational Cell Count:     10114
  Sequential Cell Count:            0
  Macro Count:                      0
  -----------------------------------


  Area
  -----------------------------------
  Combinational Area:
                    5283618895.000000
  Noncombinational Area:     0.000000
  Buf/Inv Area:      457753680.000000
  Total Buffer Area:             0.00
  Total Inverter Area:   457753680.00
  Macro/Black Box Area:      0.000000
  Net Area:                  0.000000
  -----------------------------------
  Cell Area:        5283618895.000000
  Design Area:      5283618895.000000


  Design Rules
  -----------------------------------
  Total Number of Nets:         10178
  Nets With Violations:         10114
  Max Trans Violations:         10114
  Max Cap Violations:               0
  -----------------------------------


  Hostname: leoforos

  Compile CPU Statistics
  -----------------------------------------
  Resource Sharing:                    7.26
  Logic Optimization:                 21.89
  Mapping Optimization:               36.01
  -----------------------------------------
  Overall Compile Time:              114.50
  Overall Compile Wall Clock Time:   114.97

  --------------------------------------------------------------------

  Design  WNS: 2971072.00  TNS: 5703456.00  Number of Violating Paths: 2


  Design (Hold)  WNS: 0.00  TNS: 0.00  Number of Violating Paths: 0

  --------------------------------------------------------------------


1
