 
****************************************
Report : timing
        -path full
        -delay max
        -max_paths 1
Design : top
Version: S-2021.06-SP2
Date   : Tue Nov 29 14:38:10 2022
****************************************

Operating Conditions: TT   Library: PPDK_Standard_Library_0.8V_25C_TYP_X1
Wire Load Model Mode: top

  Startpoint: inp[22] (input port clocked by clk)
  Endpoint: out[0] (output port clocked by clk)
  Path Group: clk
  Path Type: max

  Point                                    Incr       Path
  -----------------------------------------------------------
  clock clk (rise edge)                   0.000      0.000
  clock network delay (ideal)             0.000      0.000
  input external delay                    0.000      0.000 f
  inp[22] (in)                            0.000      0.000 f
  U4160/Y (INVX1)                      651537.125 651537.125 r
  U1846/Y (NAND2X1)                    1645384.875
                                                  2296922.000 f
  U1751/Y (NAND2X1)                    1266435.500
                                                  3563357.500 r
  U245/Y (INVX1)                       1238142.500
                                                  4801500.000 f
  U244/Y (XOR2X1)                      3438736.000
                                                  8240236.000 f
  U1750/Y (XOR2X1)                     6276678.000
                                                  14516914.000 r
  U879/Y (INVX1)                       1410026.000
                                                  15926940.000 f
  U878/Y (XNOR2X1)                     7127338.000
                                                  23054278.000 f
  U1854/Y (XOR2X1)                     4735614.000
                                                  27789892.000 r
  U1853/Y (NAND2X1)                    1071106.000
                                                  28860998.000 f
  U1910/Y (NAND2X1)                    850734.000 29711732.000 r
  U1909/Y (XOR2X1)                     5236100.000
                                                  34947832.000 f
  U3352/Y (XOR2X1)                     4471320.000
                                                  39419152.000 r
  U3371/Y (XOR2X1)                     6653572.000
                                                  46072724.000 f
  U3384/Y (XOR2X1)                     5458456.000
                                                  51531180.000 r
  U167/Y (INVX1)                       1509376.000
                                                  53040556.000 f
  U168/Y (AND2X1)                      2301716.000
                                                  55342272.000 f
  U3411/Y (NOR2X1)                     1082616.000
                                                  56424888.000 r
  U3412/Y (NOR2X1)                     1154068.000
                                                  57578956.000 f
  U3413/Y (INVX1)                      -438224.000
                                                  57140732.000 r
  U3414/Y (NAND2X1)                    1441900.000
                                                  58582632.000 f
  U1890/Y (NAND2X1)                    842424.000 59425056.000 r
  U1889/Y (NAND2X1)                    2152576.000
                                                  61577632.000 f
  U1888/Y (NAND2X1)                    1271164.000
                                                  62848796.000 r
  U1885/Y (NAND2X1)                    1071416.000
                                                  63920212.000 f
  U1944/Y (NAND2X1)                    1286384.000
                                                  65206596.000 r
  U3537/Y (INVX1)                      1252676.000
                                                  66459272.000 f
  U1908/Y (NOR2X1)                     1064624.000
                                                  67523896.000 r
  U1907/Y (NOR2X1)                     961032.000 68484928.000 f
  U1736/Y (XOR2X1)                     6162376.000
                                                  74647304.000 r
  U1735/Y (NAND2X1)                    1069720.000
                                                  75717024.000 f
  U549/Y (AND2X1)                      2320440.000
                                                  78037464.000 f
  U1258/Y (INVX1)                      -1031832.000
                                                  77005632.000 r
  U7765/Y (XOR2X1)                     5335552.000
                                                  82341184.000 f
  U317/Y (AND2X1)                      2013440.000
                                                  84354624.000 f
  U315/Y (NOR2X1)                      1583784.000
                                                  85938408.000 r
  U8342/Y (XOR2X1)                     6175984.000
                                                  92114392.000 f
  U8423/Y (XOR2X1)                     5460968.000
                                                  97575360.000 r
  U287/Y (INVX1)                       1507160.000
                                                  99082520.000 f
  U285/Y (XNOR2X1)                     6851824.000
                                                  105934344.000 f
  U286/Y (INVX1)                       -1245072.000
                                                  104689272.000 r
  U2321/Y (NAND2X1)                    1004960.000
                                                  105694232.000 f
  U122/Y (NAND2X1)                     840808.000 106535040.000 r
  U121/Y (XOR2X1)                      6024744.000
                                                  112559784.000 f
  U8528/Y (XOR2X1)                     5486472.000
                                                  118046256.000 r
  U8531/Y (XOR2X1)                     6518944.000
                                                  124565200.000 f
  U8603/Y (XOR2X1)                     4469864.000
                                                  129035064.000 r
  U533/Y (XNOR2X1)                     6633064.000
                                                  135668128.000 r
  U134/Y (AND2X1)                      1788032.000
                                                  137456160.000 r
  U132/Y (INVX1)                       870224.000 138326384.000 f
  U2489/Y (NAND2X1)                    1161968.000
                                                  139488352.000 r
  U1691/Y (NAND2X1)                    1052208.000
                                                  140540560.000 f
  U1689/Y (NAND2X1)                    836848.000 141377408.000 r
  U1687/Y (NAND2X1)                    1052224.000
                                                  142429632.000 f
  U1852/Y (NAND2X1)                    842448.000 143272080.000 r
  U1849/Y (NAND2X1)                    1226160.000
                                                  144498240.000 f
  U1848/Y (INVX1)                      -378160.000
                                                  144120080.000 r
  U2336/Y (NOR2X1)                     955808.000 145075888.000 f
  U2334/Y (NOR2X1)                     1089712.000
                                                  146165600.000 r
  U2330/Y (XOR2X1)                     5865520.000
                                                  152031120.000 f
  U2329/Y (NAND2X1)                    877760.000 152908880.000 r
  U1717/Y (NAND2X1)                    1053248.000
                                                  153962128.000 f
  U1716/Y (XOR2X1)                     6275552.000
                                                  160237680.000 r
  U201/Y (XNOR2X1)                     7180800.000
                                                  167418480.000 r
  U202/Y (INVX1)                       1099312.000
                                                  168517792.000 f
  U8978/Y (NOR2X1)                     1070800.000
                                                  169588592.000 r
  U8979/Y (OR2X1)                      4434416.000
                                                  174023008.000 r
  U8981/Y (NAND2X1)                    1004960.000
                                                  175027968.000 f
  U8984/Y (AND2X1)                     2061584.000
                                                  177089552.000 f
  U2611/Y (NOR2X1)                     1077568.000
                                                  178167120.000 r
  U2610/Y (NAND2X1)                    1867808.000
                                                  180034928.000 f
  U1949/Y (NAND2X1)                    836864.000 180871792.000 r
  U1946/Y (NAND2X1)                    1301808.000
                                                  182173600.000 f
  U9219/Y (NOR2X1)                     1077312.000
                                                  183250912.000 r
  U1633/Y (NOR2X1)                     1156368.000
                                                  184407280.000 f
  U1630/Y (XOR2X1)                     4949536.000
                                                  189356816.000 r
  U1629/Y (NAND2X1)                    1074064.000
                                                  190430880.000 f
  U1564/Y (AND2X1)                     2321136.000
                                                  192752016.000 f
  U1563/Y (XOR2X1)                     4691488.000
                                                  197443504.000 r
  U507/Y (XNOR2X1)                     6626784.000
                                                  204070288.000 r
  U508/Y (INVX1)                       1099328.000
                                                  205169616.000 f
  U9285/Y (NOR2X1)                     1070800.000
                                                  206240416.000 r
  U1043/Y (OR2X1)                      4434288.000
                                                  210674704.000 r
  U1897/Y (NOR2X1)                     954112.000 211628816.000 f
  U1798/Y (NOR2X1)                     1071456.000
                                                  212700272.000 r
  U1802/Y (NOR2X1)                     957872.000 213658144.000 f
  U1770/Y (NOR2X1)                     1069392.000
                                                  214727536.000 r
  U1767/Y (NOR2X1)                     958048.000 215685584.000 f
  U1766/Y (NOR2X1)                     1600832.000
                                                  217286416.000 r
  U1616/Y (INVX1)                      1123936.000
                                                  218410352.000 f
  U2170/Y (NAND2X1)                    809552.000 219219904.000 r
  U2168/Y (NAND2X1)                    1056704.000
                                                  220276608.000 f
  U10177/Y (XOR2X1)                    6281424.000
                                                  226558032.000 r
  U519/Y (XNOR2X1)                     6630128.000
                                                  233188160.000 r
  U520/Y (INVX1)                       1099408.000
                                                  234287568.000 f
  U397/Y (OR2X1)                       2431456.000
                                                  236719024.000 f
  U396/Y (NAND2X1)                     845600.000 237564624.000 r
  U10193/Y (NAND2X1)                   1048000.000
                                                  238612624.000 f
  U10196/Y (NAND2X1)                   836208.000 239448832.000 r
  U10197/Y (AND2X1)                    -1004896.000
                                                  238443936.000 r
  U10198/Y (NOR2X1)                    962832.000 239406768.000 f
  U10199/Y (NOR2X1)                    1546096.000
                                                  240952864.000 r
  U10200/Y (INVX1)                     1053120.000
                                                  242005984.000 f
  U10208/Y (NAND2X1)                   807296.000 242813280.000 r
  U10210/Y (NAND2X1)                   1052224.000
                                                  243865504.000 f
  U2394/Y (NAND2X1)                    836848.000 244702352.000 r
  U2392/Y (NAND2X1)                    1050576.000
                                                  245752928.000 f
  U2390/Y (NAND2X1)                    836608.000 246589536.000 r
  U2686/Y (NAND2X1)                    1052224.000
                                                  247641760.000 f
  U2603/Y (NAND2X1)                    836864.000 248478624.000 r
  U2599/Y (NAND2X1)                    1230592.000
                                                  249709216.000 f
  U2598/Y (INVX1)                      -677744.000
                                                  249031472.000 r
  U164/Y (NOR2X1)                      956256.000 249987728.000 f
  U10231/Y (NAND2X1)                   826720.000 250814448.000 r
  U10232/Y (NAND2X1)                   2156624.000
                                                  252971072.000 f
  out[0] (out)                            0.000   252971072.000 f
  data arrival time                               252971072.000

  clock clk (rise edge)                250000000.000
                                                  250000000.000
  clock network delay (ideal)             0.000   250000000.000
  output external delay                   0.000   250000000.000
  data required time                              250000000.000
  -----------------------------------------------------------
  data required time                              250000000.000
  data arrival time                               -252971072.000
  -----------------------------------------------------------
  slack (VIOLATED)                                -2971072.000


1
