****************************************
Report : timing
	-path_type full
	-delay_type max
	-max_paths 1
	-sort_by slack
Design : top
Version: S-2021.06-SP1
Date   : Fri Dec 16 13:43:22 2022
****************************************


  Startpoint: inp[5] (input port clocked by clk)
  Endpoint: out[0] (output port clocked by clk)
  Path Group: clk
  Path Type: max

  Point                                    Incr       Path
  ---------------------------------------------------------------
  clock clk (rise edge)                   0.000      0.000
  clock network delay (ideal)             0.000      0.000
  input external delay                    0.000      0.000 f
  inp[5] (in)                             0.000      0.000 f
  U1414/Y (INVX1)                      595504.000 595504.000 r
  U1415/Y (NAND2X1)                    1053072.000
                                                  1648576.000 f
  U1416/Y (NAND2X1)                    1752640.000
                                                  3401216.000 r
  U1420/Y (NAND2X1)                    1154336.000
                                                  4555552.000 f
  U1421/Y (NAND2X1)                    1408880.000
                                                  5964432.000 r
  U1613/Y (XOR2X1)                     4267792.000
                                                  10232224.000 f
  U1618/Y (XOR2X1)                     5741184.000
                                                  15973408.000 r
  U944/Y (AND2X1)                      2175600.000
                                                  18149008.000 r
  U945/Y (INVX1)                       715232.000 18864240.000 f
  U1619/Y (AND2X1)                     2243888.000
                                                  21108128.000 f
  U1620/Y (XOR2X1)                     5259488.000
                                                  26367616.000 r
  U1621/Y (XOR2X1)                     4751264.000
                                                  31118880.000 f
  U1622/Y (XOR2X1)                     5091840.000
                                                  36210720.000 r
  U1641/Y (XOR2X1)                     4328672.000
                                                  40539392.000 f
  U1670/Y (XOR2X1)                     5083328.000
                                                  45622720.000 r
  U1688/Y (NAND2X1)                    848080.000 46470800.000 f
  U1689/Y (NAND2X1)                    891008.000 47361808.000 r
  U1693/Y (XOR2X1)                     4327984.000
                                                  51689792.000 f
  U826/Y (AND2X1)                      2058288.000
                                                  53748080.000 f
  U827/Y (INVX1)                       -1434576.000
                                                  52313504.000 r
  U1702/Y (NAND2X1)                    1054688.000
                                                  53368192.000 f
  U1706/Y (XOR2X1)                     5244496.000
                                                  58612688.000 r
  U1026/Y (AND2X1)                     1818720.000
                                                  60431408.000 r
  U1027/Y (INVX1)                      716080.000 61147488.000 f
  U1713/Y (AND2X1)                     2243888.000
                                                  63391376.000 f
  U1718/Y (XOR2X1)                     5951920.000
                                                  69343296.000 r
  U1156/Y (AND2X1)                     1782144.000
                                                  71125440.000 r
  U1157/Y (INVX1)                      715424.000 71840864.000 f
  U1720/Y (NAND2X1)                    924544.000 72765408.000 r
  U1721/Y (OR2X1)                      2566928.000
                                                  75332336.000 r
  U1731/Y (NAND2X1)                    1049392.000
                                                  76381728.000 f
  U1733/Y (NAND2X1)                    886176.000 77267904.000 r
  U1350/Y (AND2X1)                     1830832.000
                                                  79098736.000 r
  U1351/Y (INVX1)                      725248.000 79823984.000 f
  U1751/Y (NOR2X1)                     1157632.000
                                                  80981616.000 r
  U1752/Y (NAND2X1)                    835680.000 81817296.000 f
  U876/Y (AND2X1)                      2462048.000
                                                  84279344.000 f
  U3115/Y (XOR2X1)                     5386240.000
                                                  89665584.000 r
  U3116/Y (INVX1)                      1263984.000
                                                  90929568.000 f
  U3226/Y (NAND2X1)                    1296160.000
                                                  92225728.000 r
  U3598/Y (NAND2X1)                    850768.000 93076496.000 f
  U3599/Y (NAND2X1)                    1394736.000
                                                  94471232.000 r
  U3600/Y (NAND2X1)                    1156752.000
                                                  95627984.000 f
  U3634/Y (XOR2X1)                     5350608.000
                                                  100978592.000 r
  U3639/Y (XOR2X1)                     4335680.000
                                                  105314272.000 f
  U3641/Y (XOR2X1)                     5733216.000
                                                  111047488.000 r
  U1294/Y (XNOR2X1)                    6330168.000
                                                  117377656.000 r
  U1295/Y (INVX1)                      1007848.000
                                                  118385504.000 f
  U586/Y (AND2X1)                      2034792.000
                                                  120420296.000 f
  U587/Y (INVX1)                       -1394160.000
                                                  119026136.000 r
  U3686/Y (NAND2X1)                    1049856.000
                                                  120075992.000 f
  U3687/Y (NAND2X1)                    1385104.000
                                                  121461096.000 r
  U3688/Y (OR2X1)                      2560992.000
                                                  124022088.000 r
  U1240/Y (AND2X1)                     2199600.000
                                                  126221688.000 r
  U1241/Y (INVX1)                      707408.000 126929096.000 f
  U3691/Y (NAND2X1)                    1752768.000
                                                  128681864.000 r
  U3692/Y (INVX1)                      1216848.000
                                                  129898712.000 f
  U3693/Y (NAND2X1)                    1283872.000
                                                  131182584.000 r
  U864/Y (AND2X1)                      1819160.000
                                                  133001744.000 r
  U865/Y (INVX1)                       715168.000 133716912.000 f
  U3695/Y (NAND2X1)                    924528.000 134641440.000 r
  U3697/Y (OR2X1)                      2612256.000
                                                  137253696.000 r
  U1242/Y (AND2X1)                     2199600.000
                                                  139453296.000 r
  U1243/Y (INVX1)                      707408.000 140160704.000 f
  U3699/Y (NAND2X1)                    1285648.000
                                                  141446352.000 r
  U3700/Y (NAND2X1)                    1126384.000
                                                  142572736.000 f
  U3704/Y (NAND2X1)                    881200.000 143453936.000 r
  U814/Y (NAND2X1)                     934320.000 144388256.000 f
  U766/Y (INVX1)                       225472.000 144613728.000 r
  U767/Y (INVX1)                       665376.000 145279104.000 f
  U1375/Y (INVX1)                      488000.000 145767104.000 r
  U3724/Y (NAND2X1)                    1055328.000
                                                  146822432.000 f
  U3725/Y (NAND2X1)                    1345248.000
                                                  148167680.000 r
  U3726/Y (INVX1)                      1216928.000
                                                  149384608.000 f
  U3727/Y (NAND2X1)                    1284064.000
                                                  150668672.000 r
  U3736/Y (NAND2X1)                    848032.000 151516704.000 f
  U3738/Y (NAND2X1)                    884832.000 152401536.000 r
  U3742/Y (OR2X1)                      2612224.000
                                                  155013760.000 r
  U3746/Y (NAND2X1)                    797088.000 155810848.000 f
  U3748/Y (NAND2X1)                    879392.000 156690240.000 r
  U3749/Y (NAND2X1)                    1156128.000
                                                  157846368.000 f
  U3751/Y (NAND2X1)                    885184.000 158731552.000 r
  U3754/Y (OR2X1)                      2582144.000
                                                  161313696.000 r
  U3759/Y (NAND2X1)                    804768.000 162118464.000 f
  U3761/Y (NAND2X1)                    879392.000 162997856.000 r
  U3762/Y (NAND2X1)                    1151104.000
                                                  164148960.000 f
  U3764/Y (NAND2X1)                    1341904.000
                                                  165490864.000 r
  U3765/Y (INVX1)                      1096432.000
                                                  166587296.000 f
  U3771/Y (NAND2X1)                    919328.000 167506624.000 r
  U3775/Y (NAND2X1)                    848096.000 168354720.000 f
  U3777/Y (NAND2X1)                    1341920.000
                                                  169696640.000 r
  U3784/Y (INVX1)                      1095936.000
                                                  170792576.000 f
  U3786/Y (NAND2X1)                    919328.000 171711904.000 r
  U809/Y (NAND2X1)                     1233040.000
                                                  172944944.000 f
  U774/Y (INVX1)                       226368.000 173171312.000 r
  U775/Y (INVX1)                       666096.000 173837408.000 f
  U3788/Y (INVX1)                      490752.000 174328160.000 r
  U4189/Y (NAND2X1)                    804224.000 175132384.000 f
  U652/Y (AND2X1)                      2441920.000
                                                  177574304.000 f
  U653/Y (INVX1)                       -294720.000
                                                  177279584.000 r
  U4190/Y (NOR2X1)                     152144.000 177431728.000 f
  U4194/Y (NOR2X1)                     1195568.000
                                                  178627296.000 r
  U4195/Y (NAND2X1)                    834432.000 179461728.000 f
  U4197/Y (NAND2X1)                    885488.000 180347216.000 r
  U4198/Y (OR2X1)                      2605424.000
                                                  182952640.000 r
  U4203/Y (NAND2X1)                    797440.000 183750080.000 f
  U4205/Y (NAND2X1)                    1341792.000
                                                  185091872.000 r
  U4206/Y (INVX1)                      1095648.000
                                                  186187520.000 f
  U4211/Y (NAND2X1)                    919312.000 187106832.000 r
  U4215/Y (NAND2X1)                    848096.000 187954928.000 f
  U4217/Y (NAND2X1)                    1341760.000
                                                  189296688.000 r
  U4218/Y (INVX1)                      1095936.000
                                                  190392624.000 f
  U4219/Y (NAND2X1)                    1284304.000
                                                  191676928.000 r
  U4223/Y (NAND2X1)                    848080.000 192525008.000 f
  U4225/Y (NAND2X1)                    1341744.000
                                                  193866752.000 r
  U4226/Y (INVX1)                      1096448.000
                                                  194963200.000 f
  U4231/Y (NAND2X1)                    919312.000 195882512.000 r
  U4235/Y (NAND2X1)                    848096.000 196730608.000 f
  U4237/Y (NAND2X1)                    1341936.000
                                                  198072544.000 r
  U4238/Y (INVX1)                      1095936.000
                                                  199168480.000 f
  U4239/Y (NAND2X1)                    1284288.000
                                                  200452768.000 r
  U4243/Y (NAND2X1)                    848080.000 201300848.000 f
  U4246/Y (NAND2X1)                    885456.000 202186304.000 r
  U4251/Y (OR2X1)                      2605760.000
                                                  204792064.000 r
  U4252/Y (NAND2X1)                    1219808.000
                                                  206011872.000 f
  U791/Y (INVX1)                       233040.000 206244912.000 r
  U792/Y (INVX1)                       667072.000 206911984.000 f
  U1382/Y (INVX1)                      487424.000 207399408.000 r
  U4259/Y (NAND2X1)                    804208.000 208203616.000 f
  U4260/Y (NAND2X1)                    1385232.000
                                                  209588848.000 r
  U4263/Y (OR2X1)                      2561248.000
                                                  212150096.000 r
  U4268/Y (NAND2X1)                    797424.000 212947520.000 f
  U4270/Y (NAND2X1)                    885520.000 213833040.000 r
  U4275/Y (OR2X1)                      2607520.000
                                                  216440560.000 r
  U4278/Y (NAND2X1)                    797424.000 217237984.000 f
  U4280/Y (NAND2X1)                    887104.000 218125088.000 r
  U4281/Y (OR2X1)                      2605408.000
                                                  220730496.000 r
  U4285/Y (NAND2X1)                    799216.000 221529712.000 f
  U4287/Y (NAND2X1)                    885520.000 222415232.000 r
  U4288/Y (OR2X1)                      2607504.000
                                                  225022736.000 r
  U4292/Y (NAND2X1)                    797424.000 225820160.000 f
  U4294/Y (NAND2X1)                    885504.000 226705664.000 r
  U4297/Y (OR2X1)                      2607616.000
                                                  229313280.000 r
  U4301/Y (NAND2X1)                    799216.000 230112496.000 f
  U4303/Y (NAND2X1)                    885520.000 230998016.000 r
  U4304/Y (OR2X1)                      2594800.000
                                                  233592816.000 r
  U4309/Y (NAND2X1)                    797440.000 234390256.000 f
  U4311/Y (NAND2X1)                    879600.000 235269856.000 r
  U4314/Y (NAND2X1)                    867696.000 236137552.000 f
  U4316/Y (OR2X1)                      2087648.000
                                                  238225200.000 f
  U4318/Y (NAND2X1)                    872192.000 239097392.000 r
  U1355/Y (AND2X1)                     1809856.000
                                                  240907248.000 r
  U590/Y (AND2X1)                      2180976.000
                                                  243088224.000 r
  U591/Y (INVX1)                       713488.000 243801712.000 f
  U4326/Y (NAND2X1)                    918864.000 244720576.000 r
  U4331/Y (NAND2X1)                    865936.000 245586512.000 f
  out[0] (out)                            0.000   245586512.000 f
  data arrival time                               245586512.000

  clock clk (rise edge)                250000000.000
                                                  250000000.000
  clock network delay (ideal)             0.000   250000000.000
  clock reconvergence pessimism           0.000   250000000.000
  output external delay                   0.000   250000000.000
  data required time                              250000000.000
  ---------------------------------------------------------------
  data required time                              250000000.000
  data arrival time                               -245586512.000
  ---------------------------------------------------------------
  slack (MET)                                     4413488.000


1
