Information: Updating design information... (UID-85)
 
****************************************
Report : qor
Design : top
Version: S-2021.06-SP2
Date   : Fri Dec 16 13:24:20 2022
****************************************


  Timing Path Group 'clk'
  -----------------------------------
  Levels of Logic:             167.00
  Critical Path Length:  249564880.00
  Critical Path Slack:      435120.00
  Critical Path Clk Period:
                         250000000.00
  Total Negative Slack:          0.00
  No. of Violating Paths:        0.00
  Worst Hold Violation:          0.00
  Total Hold Violation:          0.00
  No. of Hold Violations:        0.00
  -----------------------------------


  Cell Count
  -----------------------------------
  Hierarchical Cell Count:          0
  Hierarchical Port Count:          0
  Leaf Cell Count:               4711
  Buf/Inv Cell Count:             993
  Buf Cell Count:                   0
  Inv Cell Count:                 993
  CT Buf/Inv Cell Count:            0
  Combinational Cell Count:      4711
  Sequential Cell Count:            0
  Macro Count:                      0
  -----------------------------------


  Area
  -----------------------------------
  Combinational Area:
                    1931034018.000000
  Noncombinational Area:     0.000000
  Buf/Inv Area:      226821060.000000
  Total Buffer Area:             0.00
  Total Inverter Area:   226821060.00
  Macro/Black Box Area:      0.000000
  Net Area:                  0.000000
  -----------------------------------
  Cell Area:        1931034018.000000
  Design Area:      1931034018.000000


  Design Rules
  -----------------------------------
  Total Number of Nets:          4775
  Nets With Violations:          4711
  Max Trans Violations:          4711
  Max Cap Violations:               0
  -----------------------------------


  Hostname: leoforos

  Compile CPU Statistics
  -----------------------------------------
  Resource Sharing:                    2.18
  Logic Optimization:                  0.40
  Mapping Optimization:                4.47
  -----------------------------------------
  Overall Compile Time:               25.77
  Overall Compile Wall Clock Time:    27.35

  --------------------------------------------------------------------

  Design  WNS: 0.00  TNS: 0.00  Number of Violating Paths: 0


  Design (Hold)  WNS: 0.00  TNS: 0.00  Number of Violating Paths: 0

  --------------------------------------------------------------------


1
