Information: Updating design information... (UID-85)
 
****************************************
Report : qor
Design : top
Version: S-2021.06-SP2
Date   : Sun Dec 18 12:21:41 2022
****************************************


  Timing Path Group 'clk'
  -----------------------------------
  Levels of Logic:             114.00
  Critical Path Length:  174915568.00
  Critical Path Slack:    25084432.00
  Critical Path Clk Period:
                         200000000.00
  Total Negative Slack:          0.00
  No. of Violating Paths:        0.00
  Worst Hold Violation:          0.00
  Total Hold Violation:          0.00
  No. of Hold Violations:        0.00
  -----------------------------------


  Cell Count
  -----------------------------------
  Hierarchical Cell Count:          0
  Hierarchical Port Count:          0
  Leaf Cell Count:               2859
  Buf/Inv Cell Count:             670
  Buf Cell Count:                   0
  Inv Cell Count:                 670
  CT Buf/Inv Cell Count:            0
  Combinational Cell Count:      2859
  Sequential Cell Count:            0
  Macro Count:                      0
  -----------------------------------


  Area
  -----------------------------------
  Combinational Area:
                     996322454.000000
  Noncombinational Area:     0.000000
  Buf/Inv Area:      153041400.000000
  Total Buffer Area:             0.00
  Total Inverter Area:   153041400.00
  Macro/Black Box Area:      0.000000
  Net Area:                  0.000000
  -----------------------------------
  Cell Area:         996322454.000000
  Design Area:       996322454.000000


  Design Rules
  -----------------------------------
  Total Number of Nets:          2943
  Nets With Violations:          2859
  Max Trans Violations:          2859
  Max Cap Violations:               0
  -----------------------------------


  Hostname: leoforos

  Compile CPU Statistics
  -----------------------------------------
  Resource Sharing:                    1.32
  Logic Optimization:                  0.15
  Mapping Optimization:                2.01
  -----------------------------------------
  Overall Compile Time:               13.21
  Overall Compile Wall Clock Time:    13.56

  --------------------------------------------------------------------

  Design  WNS: 0.00  TNS: 0.00  Number of Violating Paths: 0


  Design (Hold)  WNS: 0.00  TNS: 0.00  Number of Violating Paths: 0

  --------------------------------------------------------------------


1
