 
****************************************
Report : area
Design : top
Version: S-2021.06-SP2
Date   : Fri Dec  9 13:19:00 2022
****************************************

Library(s) Used:

    PPDK_Standard_Library_0.6V_25C_TYP_X1 (File: /home/akokkinis/synLibs/egfet/db/EGFET_0.6V.db)

Number of ports:                           36
Number of nets:                           192
Number of cells:                          174
Number of combinational cells:            174
Number of sequential cells:                 0
Number of macros/black boxes:               0
Number of buf/inv:                         53
Number of references:                       6

Combinational area:           56955925.000000
Buf/Inv area:                 12106260.000000
Noncombinational area:               0.000000
Macro/Black Box area:                0.000000
Net Interconnect area:      undefined  (No wire load specified)

Total cell area:              56955925.000000
Total area:                 undefined
1
