 
****************************************
Report : area
Design : top
Version: S-2021.06-SP2
Date   : Fri Dec 16 15:31:12 2022
****************************************

Library(s) Used:

    PPDK_Standard_Library_1.0V_25C_TYP_X1 (File: /home/akokkinis/synLibs/egfet/db/EGFET_1.0V.db)

Number of ports:                           52
Number of nets:                          3770
Number of cells:                         3722
Number of combinational cells:           3722
Number of sequential cells:                 0
Number of macros/black boxes:               0
Number of buf/inv:                        852
Number of references:                       7

Combinational area:         1478085575.000000
Buf/Inv area:                194613840.000000
Noncombinational area:               0.000000
Macro/Black Box area:                0.000000
Net Interconnect area:      undefined  (No wire load specified)

Total cell area:            1478085575.000000
Total area:                 undefined
1
