****************************************
Report : timing
	-path_type full
	-delay_type max
	-max_paths 1
	-sort_by slack
Design : top
Version: S-2021.06-SP1
Date   : Fri Dec 16 13:33:19 2022
****************************************


  Startpoint: inp[0] (input port clocked by clk)
  Endpoint: out[0] (output port clocked by clk)
  Path Group: clk
  Path Type: max

  Point                                    Incr       Path
  ---------------------------------------------------------------
  clock clk (rise edge)                   0.000      0.000
  clock network delay (ideal)             0.000      0.000
  input external delay                    0.000      0.000 f
  inp[0] (in)                             0.000      0.000 f
  U1373/Y (NAND2X1)                    1753024.000
                                                  1753024.000 r
  U1374/Y (INVX1)                      1218832.000
                                                  2971856.000 f
  U1393/Y (XOR2X1)                     5591744.000
                                                  8563600.000 r
  U1394/Y (XOR2X1)                     4755984.000
                                                  13319584.000 f
  U1499/Y (XOR2X1)                     5750160.000
                                                  19069744.000 r
  U1551/Y (XOR2X1)                     4744400.000
                                                  23814144.000 f
  U1556/Y (XOR2X1)                     5750144.000
                                                  29564288.000 r
  U1596/Y (XOR2X1)                     4343712.000
                                                  33908000.000 f
  U1597/Y (XOR2X1)                     5094352.000
                                                  39002352.000 r
  U1598/Y (XOR2X1)                     4751312.000
                                                  43753664.000 f
  U1635/Y (XOR2X1)                     5963360.000
                                                  49717024.000 r
  U902/Y (AND2X1)                      1782144.000
                                                  51499168.000 r
  U903/Y (INVX1)                       715040.000 52214208.000 f
  U1651/Y (NAND2X1)                    1297408.000
                                                  53511616.000 r
  U1662/Y (XOR2X1)                     4758400.000
                                                  58270016.000 f
  U641/Y (AND2X1)                      2058048.000
                                                  60328064.000 f
  U642/Y (INVX1)                       -1378208.000
                                                  58949856.000 r
  U1666/Y (NAND2X1)                    1054144.000
                                                  60004000.000 f
  U1673/Y (XOR2X1)                     5244144.000
                                                  65248144.000 r
  U890/Y (AND2X1)                      1818720.000
                                                  67066864.000 r
  U891/Y (INVX1)                       715376.000 67782240.000 f
  U1675/Y (NAND2X1)                    1297520.000
                                                  69079760.000 r
  U1682/Y (XOR2X1)                     4758288.000
                                                  73838048.000 f
  U1683/Y (OR2X1)                      2058384.000
                                                  75896432.000 f
  U1684/Y (NAND2X1)                    1748336.000
                                                  77644768.000 r
  U773/Y (INVX1)                       1083552.000
                                                  78728320.000 f
  U774/Y (INVX1)                       450832.000 79179152.000 r
  U1685/Y (NAND2X1)                    1052384.000
                                                  80231536.000 f
  U1686/Y (NAND2X1)                    1752640.000
                                                  81984176.000 r
  U1687/Y (INVX1)                      1116320.000
                                                  83100496.000 f
  U1690/Y (NAND2X1)                    919312.000 84019808.000 r
  U1691/Y (NOR2X1)                     1125248.000
                                                  85145056.000 f
  U2245/Y (INVX1)                      -271376.000
                                                  84873680.000 r
  U2251/Y (NAND2X1)                    802048.000 85675728.000 f
  U2252/Y (NOR2X1)                     1190112.000
                                                  86865840.000 r
  U2253/Y (NOR2X1)                     1015680.000
                                                  87881520.000 f
  U846/Y (INVX1)                       443168.000 88324688.000 r
  U847/Y (INVX1)                       658352.000 88983040.000 f
  U2965/Y (XOR2X1)                     5585008.000
                                                  94568048.000 r
  U2968/Y (OR2X1)                      2361872.000
                                                  96929920.000 r
  U2969/Y (NAND2X1)                    1052176.000
                                                  97982096.000 f
  U2981/Y (XOR2X1)                     3044512.000
                                                  101026608.000 f
  U2983/Y (XOR2X1)                     5733136.000
                                                  106759744.000 r
  U2988/Y (XOR2X1)                     4744832.000
                                                  111504576.000 f
  U3008/Y (XOR2X1)                     5748656.000
                                                  117253232.000 r
  U1283/Y (XNOR2X1)                    6329304.000
                                                  123582536.000 r
  U1284/Y (INVX1)                      958336.000 124540872.000 f
  U3034/Y (NAND2X1)                    919096.000 125459968.000 r
  U1050/Y (AND2X1)                     1819048.000
                                                  127279016.000 r
  U1051/Y (INVX1)                      715536.000 127994552.000 f
  U3038/Y (NAND2X1)                    1285616.000
                                                  129280168.000 r
  U3039/Y (NAND2X1)                    1126392.000
                                                  130406560.000 f
  U3041/Y (NAND2X1)                    887080.000 131293640.000 r
  U3047/Y (OR2X1)                      2340584.000
                                                  133634224.000 r
  U1208/Y (AND2X1)                     1883184.000
                                                  135517408.000 r
  U1209/Y (INVX1)                      720240.000 136237648.000 f
  U3049/Y (NAND2X1)                    1362944.000
                                                  137600592.000 r
  U3058/Y (INVX1)                      1216864.000
                                                  138817456.000 f
  U3059/Y (NAND2X1)                    1283888.000
                                                  140101344.000 r
  U3060/Y (NAND2X1)                    1125984.000
                                                  141227328.000 f
  U3061/Y (NAND2X1)                    1394688.000
                                                  142622016.000 r
  U3062/Y (NOR2X1)                     -320768.000
                                                  142301248.000 f
  U3063/Y (NAND2X1)                    1402000.000
                                                  143703248.000 r
  U3066/Y (NAND2X1)                    1234928.000
                                                  144938176.000 f
  U3067/Y (INVX1)                      -563008.000
                                                  144375168.000 r
  U3069/Y (NAND2X1)                    928784.000 145303952.000 f
  U862/Y (NAND2X1)                     1780720.000
                                                  147084672.000 r
  U832/Y (INVX1)                       1109280.000
                                                  148193952.000 f
  U833/Y (INVX1)                       969312.000 149163264.000 r
  U3464/Y (INVX1)                      646768.000 149810032.000 f
  U3478/Y (NAND2X1)                    1286832.000
                                                  151096864.000 r
  U3479/Y (NAND2X1)                    1128032.000
                                                  152224896.000 f
  U3480/Y (NAND2X1)                    1342784.000
                                                  153567680.000 r
  U3487/Y (INVX1)                      1217312.000
                                                  154784992.000 f
  U3488/Y (NAND2X1)                    1283888.000
                                                  156068880.000 r
  U3489/Y (NAND2X1)                    1127312.000
                                                  157196192.000 f
  U3490/Y (NAND2X1)                    1394656.000
                                                  158590848.000 r
  U1140/Y (AND2X1)                     1795424.000
                                                  160386272.000 r
  U1141/Y (INVX1)                      715168.000 161101440.000 f
  U3493/Y (NAND2X1)                    1291568.000
                                                  162393008.000 r
  U3494/Y (OR2X1)                      2339984.000
                                                  164732992.000 r
  U3497/Y (NAND2X1)                    799504.000 165532496.000 f
  U3498/Y (NAND2X1)                    1341376.000
                                                  166873872.000 r
  U3499/Y (INVX1)                      1216864.000
                                                  168090736.000 f
  U3504/Y (NAND2X1)                    919456.000 169010192.000 r
  U912/Y (AND2X1)                      1819056.000
                                                  170829248.000 r
  U913/Y (INVX1)                       715136.000 171544384.000 f
  U3507/Y (NAND2X1)                    918880.000 172463264.000 r
  U3508/Y (NAND2X1)                    1156064.000
                                                  173619328.000 f
  U3512/Y (NAND2X1)                    879296.000 174498624.000 r
  U3513/Y (NAND2X1)                    1150944.000
                                                  175649568.000 f
  U3514/Y (NAND2X1)                    879616.000 176529184.000 r
  U3515/Y (NAND2X1)                    1230464.000
                                                  177759648.000 f
  U3525/Y (NAND2X1)                    881120.000 178640768.000 r
  U3526/Y (NAND2X1)                    1229088.000
                                                  179869856.000 f
  U727/Y (INVX1)                       226496.000 180096352.000 r
  U728/Y (INVX1)                       646688.000 180743040.000 f
  U3530/Y (NOR2X1)                     1157696.000
                                                  181900736.000 r
  U3534/Y (NOR2X1)                     156736.000 182057472.000 f
  U3535/Y (NAND2X1)                    880144.000 182937616.000 r
  U3537/Y (NAND2X1)                    866944.000 183804560.000 f
  U3543/Y (OR2X1)                      2088976.000
                                                  185893536.000 f
  U3544/Y (NAND2X1)                    1429216.000
                                                  187322752.000 r
  U3545/Y (OR2X1)                      2665248.000
                                                  189988000.000 r
  U3550/Y (NAND2X1)                    804864.000 190792864.000 f
  U3552/Y (NAND2X1)                    1341792.000
                                                  192134656.000 r
  U3553/Y (INVX1)                      1094352.000
                                                  193229008.000 f
  U3559/Y (NAND2X1)                    919312.000 194148320.000 r
  U3563/Y (NAND2X1)                    848096.000 194996416.000 f
  U3565/Y (NAND2X1)                    1341920.000
                                                  196338336.000 r
  U3566/Y (INVX1)                      1095952.000
                                                  197434288.000 f
  U3567/Y (NAND2X1)                    1284304.000
                                                  198718592.000 r
  U3571/Y (NAND2X1)                    848064.000 199566656.000 f
  U3573/Y (NAND2X1)                    1341840.000
                                                  200908496.000 r
  U3574/Y (INVX1)                      1096448.000
                                                  202004944.000 f
  U3580/Y (NAND2X1)                    919312.000 202924256.000 r
  U3584/Y (NAND2X1)                    848096.000 203772352.000 f
  U3586/Y (NAND2X1)                    885200.000 204657552.000 r
  U3587/Y (NOR2X1)                     -331408.000
                                                  204326144.000 f
  U3588/Y (NAND2X1)                    880128.000 205206272.000 r
  U3589/Y (NAND2X1)                    865888.000 206072160.000 f
  U861/Y (NAND2X1)                     1394560.000
                                                  207466720.000 r
  U842/Y (INVX1)                       1140928.000
                                                  208607648.000 f
  U843/Y (INVX1)                       969008.000 209576656.000 r
  U1357/Y (INVX1)                      647008.000 210223664.000 f
  U3598/Y (NAND2X1)                    1286960.000
                                                  211510624.000 r
  U3600/Y (NAND2X1)                    849568.000 212360192.000 f
  U3601/Y (OR2X1)                      2088976.000
                                                  214449168.000 f
  U3605/Y (NAND2X1)                    872144.000 215321312.000 r
  U3607/Y (NAND2X1)                    866848.000 216188160.000 f
  U3613/Y (OR2X1)                      2087728.000
                                                  218275888.000 f
  U3614/Y (NAND2X1)                    1425248.000
                                                  219701136.000 r
  U3619/Y (OR2X1)                      2655792.000
                                                  222356928.000 r
  U3623/Y (NAND2X1)                    797056.000 223153984.000 f
  U3625/Y (NAND2X1)                    885488.000 224039472.000 r
  U3626/Y (OR2X1)                      2607632.000
                                                  226647104.000 r
  U3630/Y (NAND2X1)                    797408.000 227444512.000 f
  U3632/Y (NAND2X1)                    885200.000 228329712.000 r
  U3633/Y (OR2X1)                      2607616.000
                                                  230937328.000 r
  U3637/Y (NAND2X1)                    799232.000 231736560.000 f
  U3639/Y (NAND2X1)                    885184.000 232621744.000 r
  U3643/Y (OR2X1)                      2607616.000
                                                  235229360.000 r
  U3647/Y (NAND2X1)                    797424.000 236026784.000 f
  U3649/Y (NAND2X1)                    879264.000 236906048.000 r
  U3650/Y (NAND2X1)                    1155920.000
                                                  238061968.000 f
  U3652/Y (NAND2X1)                    885200.000 238947168.000 r
  U3658/Y (OR2X1)                      2657024.000
                                                  241604192.000 r
  U1328/Y (AND2X1)                     2202848.000
                                                  243807040.000 r
  U673/Y (AND2X1)                      2181472.000
                                                  245988512.000 r
  U674/Y (INVX1)                       713312.000 246701824.000 f
  U3667/Y (NAND2X1)                    913216.000 247615040.000 r
  out[0] (out)                            0.000   247615040.000 r
  data arrival time                               247615040.000

  clock clk (rise edge)                250000000.000
                                                  250000000.000
  clock network delay (ideal)             0.000   250000000.000
  clock reconvergence pessimism           0.000   250000000.000
  output external delay                   0.000   250000000.000
  data required time                              250000000.000
  ---------------------------------------------------------------
  data required time                              250000000.000
  data arrival time                               -247615040.000
  ---------------------------------------------------------------
  slack (MET)                                     2384960.000


1
