****************************************
Report : timing
	-path_type full
	-delay_type max
	-max_paths 1
	-sort_by slack
Design : top
Version: S-2021.06-SP1
Date   : Thu Dec 15 10:11:25 2022
****************************************


  Startpoint: inp[20] (input port clocked by clk)
  Endpoint: out[0] (output port clocked by clk)
  Path Group: clk
  Path Type: max

  Point                                    Incr       Path
  ---------------------------------------------------------------
  clock clk (rise edge)                   0.000      0.000
  clock network delay (ideal)             0.000      0.000
  input external delay                    0.000      0.000 f
  inp[20] (in)                            0.000      0.000 f
  U870/Y (INVX1)                       582640.000 582640.000 r
  U429/Y (AND2X1)                      1880272.000
                                                  2462912.000 r
  U430/Y (INVX1)                       705440.000 3168352.000 f
  U762/Y (OR2X1)                       2117840.000
                                                  5286192.000 f
  U872/Y (NAND2X1)                     876656.000 6162848.000 r
  U764/Y (OR2X1)                       2549008.000
                                                  8711856.000 r
  U910/Y (AND2X1)                      1888608.000
                                                  10600464.000 r
  U912/Y (INVX1)                       726816.000 11327280.000 f
  U913/Y (NAND2X1)                     918896.000 12246176.000 r
  U914/Y (NAND2X1)                     1128544.000
                                                  13374720.000 f
  U967/Y (XNOR2X1)                     4366784.000
                                                  17741504.000 r
  U968/Y (INVX1)                       997072.000 18738576.000 f
  U973/Y (NAND2X1)                     1357472.000
                                                  20096048.000 r
  U435/Y (INVX1)                       1037488.000
                                                  21133536.000 f
  U436/Y (INVX1)                       444528.000 21578064.000 r
  U976/Y (NAND2X1)                     928816.000 22506880.000 f
  U977/Y (INVX1)                       -549152.000
                                                  21957728.000 r
  U285/Y (AND2X1)                      1880960.000
                                                  23838688.000 r
  U286/Y (INVX1)                       713424.000 24552112.000 f
  U693/Y (AND2X1)                      2460944.000
                                                  27013056.000 f
  U287/Y (AND2X1)                      2428960.000
                                                  29442016.000 f
  U288/Y (INVX1)                       -1375536.000
                                                  28066480.000 r
  U333/Y (AND2X1)                      1881952.000
                                                  29948432.000 r
  U334/Y (INVX1)                       708016.000 30656448.000 f
  U1003/Y (NAND2X1)                    918768.000 31575216.000 r
  U1005/Y (NAND2X1)                    849408.000 32424624.000 f
  U131/Y (AND2X1)                      2045536.000
                                                  34470160.000 f
  U132/Y (INVX1)                       -1294592.000
                                                  33175568.000 r
  U263/Y (AND2X1)                      2198904.000
                                                  35374472.000 r
  U264/Y (INVX1)                       707640.000 36082112.000 f
  U1012/Y (NAND2X1)                    1362944.000
                                                  37445056.000 r
  U1013/Y (INVX1)                      1073528.000
                                                  38518584.000 f
  U1014/Y (NAND2X1)                    1357520.000
                                                  39876104.000 r
  U453/Y (INVX1)                       898448.000 40774552.000 f
  U454/Y (INVX1)                       446440.000 41220992.000 r
  U1015/Y (NAND2X1)                    1051792.000
                                                  42272784.000 f
  U291/Y (AND2X1)                      2044160.000
                                                  44316944.000 f
  U292/Y (INVX1)                       -229920.000
                                                  44087024.000 r
  U1016/Y (NAND2X1)                    831488.000 44918512.000 f
  U505/Y (AND2X1)                      2440440.000
                                                  47358952.000 f
  U506/Y (INVX1)                       -1301264.000
                                                  46057688.000 r
  U381/Y (AND2X1)                      2199104.000
                                                  48256792.000 r
  U382/Y (INVX1)                       724992.000 48981784.000 f
  U1039/Y (NAND2X1)                    920760.000 49902544.000 r
  U523/Y (AND2X1)                      2174504.000
                                                  52077048.000 r
  U524/Y (INVX1)                       715584.000 52792632.000 f
  U473/Y (NAND2X1)                     1291576.000
                                                  54084208.000 r
  U1138/Y (OR2X1)                      2330152.000
                                                  56414360.000 r
  U243/Y (AND2X1)                      2199504.000
                                                  58613864.000 r
  U244/Y (INVX1)                       707664.000 59321528.000 f
  U463/Y (XNOR2X1)                     6580888.000
                                                  65902416.000 f
  U464/Y (INVX1)                       -338560.000
                                                  65563856.000 r
  U1161/Y (INVX1)                      658200.000 66222056.000 f
  U1162/Y (NAND2X1)                    1286488.000
                                                  67508544.000 r
  U141/Y (AND2X1)                      1818600.000
                                                  69327144.000 r
  U142/Y (INVX1)                       718000.000 70045144.000 f
  U1184/Y (NAND2X1)                    924544.000 70969688.000 r
  U1200/Y (NAND2X1)                    929328.000 71899016.000 f
  U445/Y (INVX1)                       226128.000 72125144.000 r
  U446/Y (INVX1)                       646448.000 72771592.000 f
  U1201/Y (NAND2X1)                    1285992.000
                                                  74057584.000 r
  U1202/Y (NAND2X1)                    1230480.000
                                                  75288064.000 f
  U1207/Y (NAND2X1)                    887008.000 76175072.000 r
  U1208/Y (NAND2X1)                    1131000.000
                                                  77306072.000 f
  U1209/Y (XOR2X1)                     5345016.000
                                                  82651088.000 r
  U628/Y (AND2X1)                      1816992.000
                                                  84468080.000 r
  U629/Y (INVX1)                       715792.000 85183872.000 f
  U758/Y (AND2X1)                      2034872.000
                                                  87218744.000 f
  U759/Y (INVX1)                       -1088656.000
                                                  86130088.000 r
  U719/Y (AND2X1)                      1877848.000
                                                  88007936.000 r
  U720/Y (INVX1)                       708496.000 88716432.000 f
  U405/Y (XNOR2X1)                     6580976.000
                                                  95297408.000 f
  U406/Y (INVX1)                       -252656.000
                                                  95044752.000 r
  U1328/Y (INVX1)                      652392.000 95697144.000 f
  U1329/Y (OR2X1)                      2117816.000
                                                  97814960.000 f
  U589/Y (AND2X1)                      2434352.000
                                                  100249312.000 f
  U590/Y (INVX1)                       -1340632.000
                                                  98908680.000 r
  U395/Y (AND2X1)                      2199112.000
                                                  101107792.000 r
  U396/Y (INVX1)                       725200.000 101832992.000 f
  U1333/Y (INVX1)                      439088.000 102272080.000 r
  U1334/Y (NAND2X1)                    1053368.000
                                                  103325448.000 f
  U1350/Y (AND2X1)                     1855368.000
                                                  105180816.000 f
  U1351/Y (NAND2X1)                    1752504.000
                                                  106933320.000 r
  U153/Y (AND2X1)                      2168472.000
                                                  109101792.000 r
  U154/Y (INVX1)                       717768.000 109819560.000 f
  U123/Y (AND2X1)                      2034888.000
                                                  111854448.000 f
  U124/Y (INVX1)                       -1294632.000
                                                  110559816.000 r
  U261/Y (AND2X1)                      2198904.000
                                                  112758720.000 r
  U262/Y (INVX1)                       707640.000 113466360.000 f
  U1359/Y (NAND2X1)                    1362952.000
                                                  114829312.000 r
  U293/Y (AND2X1)                      2167440.000
                                                  116996752.000 r
  U294/Y (INVX1)                       718104.000 117714856.000 f
  U521/Y (AND2X1)                      2034888.000
                                                  119749744.000 f
  U522/Y (INVX1)                       -1187576.000
                                                  118562168.000 r
  U365/Y (AND2X1)                      2199072.000
                                                  120761240.000 r
  U366/Y (INVX1)                       707808.000 121469048.000 f
  U485/Y (AND2X1)                      2034888.000
                                                  123503936.000 f
  U486/Y (INVX1)                       -1437456.000
                                                  122066480.000 r
  U175/Y (AND2X1)                      1881504.000
                                                  123947984.000 r
  U176/Y (INVX1)                       718152.000 124666136.000 f
  U1441/Y (NAND2X1)                    1362952.000
                                                  126029088.000 r
  U1442/Y (INVX1)                      1069296.000
                                                  127098384.000 f
  U181/Y (AND2X1)                      2034752.000
                                                  129133136.000 f
  U182/Y (INVX1)                       -1294832.000
                                                  127838304.000 r
  U1453/Y (NAND2X1)                    800848.000 128639152.000 f
  U1454/Y (NAND2X1)                    1752592.000
                                                  130391744.000 r
  U1459/Y (INVX1)                      1101296.000
                                                  131493040.000 f
  U183/Y (AND2X1)                      2034744.000
                                                  133527784.000 f
  U184/Y (INVX1)                       -1294856.000
                                                  132232928.000 r
  U161/Y (AND2X1)                      1881408.000
                                                  134114336.000 r
  U162/Y (INVX1)                       718144.000 134832480.000 f
  U361/Y (AND2X1)                      2034880.000
                                                  136867360.000 f
  U362/Y (INVX1)                       -1279120.000
                                                  135588240.000 r
  U489/Y (AND2X1)                      1881392.000
                                                  137469632.000 r
  U490/Y (INVX1)                       710528.000 138180160.000 f
  U533/Y (AND2X1)                      2034896.000
                                                  140215056.000 f
  U534/Y (INVX1)                       -1328272.000
                                                  138886784.000 r
  U1476/Y (XOR2X1)                     4682016.000
                                                  143568800.000 f
  U1477/Y (NAND2X1)                    1749760.000
                                                  145318560.000 r
  U455/Y (INVX1)                       956592.000 146275152.000 f
  U456/Y (INVX1)                       445616.000 146720768.000 r
  U632/Y (AND2X1)                      1880352.000
                                                  148601120.000 r
  U633/Y (INVX1)                       715536.000 149316656.000 f
  U1482/Y (NAND2X1)                    1291552.000
                                                  150608208.000 r
  U135/Y (AND2X1)                      1818368.000
                                                  152426576.000 r
  U136/Y (INVX1)                       718144.000 153144720.000 f
  U1547/Y (NAND2X1)                    918896.000 154063616.000 r
  U1548/Y (NOR2X1)                     -289488.000
                                                  153774128.000 f
  U331/Y (AND2X1)                      2439264.000
                                                  156213392.000 f
  U332/Y (INVX1)                       -1296400.000
                                                  154916992.000 r
  U133/Y (AND2X1)                      1881408.000
                                                  156798400.000 r
  U134/Y (INVX1)                       717744.000 157516144.000 f
  U1557/Y (NAND2X1)                    918864.000 158435008.000 r
  U624/Y (AND2X1)                      1818752.000
                                                  160253760.000 r
  U625/Y (INVX1)                       715248.000 160969008.000 f
  U1565/Y (NAND2X1)                    1362944.000
                                                  162331952.000 r
  U1566/Y (INVX1)                      1107248.000
                                                  163439200.000 f
  U1571/Y (NAND2X1)                    1284256.000
                                                  164723456.000 r
  U644/Y (AND2X1)                      1819072.000
                                                  166542528.000 r
  U645/Y (INVX1)                       715296.000 167257824.000 f
  U1575/Y (NAND2X1)                    918864.000 168176688.000 r
  U1577/Y (NAND2X1)                    930016.000 169106704.000 f
  U1578/Y (INVX1)                      -559216.000
                                                  168547488.000 r
  U1579/Y (NAND2X1)                    927152.000 169474640.000 f
  U1580/Y (INVX1)                      -557792.000
                                                  168916848.000 r
  out[0] (out)                            0.000   168916848.000 r
  data arrival time                               168916848.000

  clock clk (rise edge)                200000000.000
                                                  200000000.000
  clock network delay (ideal)             0.000   200000000.000
  clock reconvergence pessimism           0.000   200000000.000
  output external delay                   0.000   200000000.000
  data required time                              200000000.000
  ---------------------------------------------------------------
  data required time                              200000000.000
  data arrival time                               -168916848.000
  ---------------------------------------------------------------
  slack (MET)                                     31083152.000


1
