****************************************
Report : timing
	-path_type full
	-delay_type max
	-max_paths 1
	-sort_by slack
Design : top
Version: S-2021.06-SP1
Date   : Fri Dec 16 13:44:38 2022
****************************************


  Startpoint: inp[45] (input port clocked by clk)
  Endpoint: out[0] (output port clocked by clk)
  Path Group: clk
  Path Type: max

  Point                                    Incr       Path
  ---------------------------------------------------------------
  clock clk (rise edge)                   0.000      0.000
  clock network delay (ideal)             0.000      0.000
  input external delay                    0.000      0.000 f
  inp[45] (in)                            0.000      0.000 f
  U1337/Y (INVX1)                      620960.000 620960.000 r
  U740/Y (XNOR2X1)                     6663232.000
                                                  7284192.000 r
  U1340/Y (AND2X1)                     -47968.000 7236224.000 r
  U1341/Y (OR2X1)                      5787984.000
                                                  13024208.000 r
  U1343/Y (XOR2X1)                     5463152.000
                                                  18487360.000 f
  U1347/Y (NAND2X1)                    1287280.000
                                                  19774640.000 r
  U1348/Y (INVX1)                      1235328.000
                                                  21009968.000 f
  U1349/Y (OR2X1)                      2437968.000
                                                  23447936.000 f
  U1351/Y (XOR2X1)                     6382096.000
                                                  29830032.000 r
  U908/Y (XNOR2X1)                     7217360.000
                                                  37047392.000 r
  U909/Y (INVX1)                       1097488.000
                                                  38144880.000 f
  U1490/Y (XOR2X1)                     3446784.000
                                                  41591664.000 f
  U1494/Y (XOR2X1)                     4480912.000
                                                  46072576.000 r
  U1216/Y (OR2X1)                      7319104.000
                                                  53391680.000 r
  U1514/Y (AND2X1)                     2093136.000
                                                  55484816.000 r
  U1515/Y (NOR2X1)                     969728.000 56454544.000 f
  U699/Y (OR2X1)                       2413120.000
                                                  58867664.000 f
  U1518/Y (NAND2X1)                    1626256.000
                                                  60493920.000 r
  U1543/Y (NAND2X1)                    1071344.000
                                                  61565264.000 f
  U1544/Y (NAND2X1)                    1172048.000
                                                  62737312.000 r
  U1546/Y (XNOR2X1)                    7194848.000
                                                  69932160.000 r
  U1547/Y (NOR2X1)                     1186272.000
                                                  71118432.000 f
  U1548/Y (INVX1)                      -481728.000
                                                  70636704.000 r
  U1549/Y (NAND2X1)                    1019008.000
                                                  71655712.000 f
  U1905/Y (NAND2X1)                    1265648.000
                                                  72921360.000 r
  U679/Y (INVX1)                       1281680.000
                                                  74203040.000 f
  U680/Y (INVX1)                       958640.000 75161680.000 r
  U1178/Y (XNOR2X1)                    6985472.000
                                                  82147152.000 r
  U1179/Y (INVX1)                      941312.000 83088464.000 f
  U3976/Y (XOR2X1)                     5229088.000
                                                  88317552.000 r
  U3977/Y (XOR2X1)                     5954912.000
                                                  94272464.000 f
  U3978/Y (NAND2X1)                    1172192.000
                                                  95444656.000 r
  U3979/Y (NAND2X1)                    1043744.000
                                                  96488400.000 f
  U3982/Y (NAND2X1)                    1284592.000
                                                  97772992.000 r
  U3985/Y (INVX1)                      1252176.000
                                                  99025168.000 f
  U3986/Y (NAND2X1)                    807232.000 99832400.000 r
  U3987/Y (NAND2X1)                    2206048.000
                                                  102038448.000 f
  U3988/Y (NAND2X1)                    1183568.000
                                                  103222016.000 r
  U1240/Y (OR2X1)                      5203696.000
                                                  108425712.000 r
  U4000/Y (NAND2X1)                    1004960.000
                                                  109430672.000 f
  U4001/Y (NAND2X1)                    1183088.000
                                                  110613760.000 r
  U4012/Y (OR2X1)                      5234760.000
                                                  115848520.000 r
  U4013/Y (NAND2X1)                    1361000.000
                                                  117209520.000 f
  U4014/Y (NAND2X1)                    1183088.000
                                                  118392608.000 r
  U700/Y (OR2X1)                       5234800.000
                                                  123627408.000 r
  U4025/Y (NAND2X1)                    1004968.000
                                                  124632376.000 f
  U4026/Y (NAND2X1)                    1635808.000
                                                  126268184.000 r
  U4033/Y (INVX1)                      1252768.000
                                                  127520952.000 f
  U4035/Y (NAND2X1)                    807240.000 128328192.000 r
  U4036/Y (NAND2X1)                    2206320.000
                                                  130534512.000 f
  U4037/Y (NAND2X1)                    1177800.000
                                                  131712312.000 r
  U4112/Y (XOR2X1)                     5902984.000
                                                  137615296.000 f
  U4177/Y (NAND2X1)                    1172224.000
                                                  138787520.000 r
  U4178/Y (NAND2X1)                    2055104.000
                                                  140842624.000 f
  U4179/Y (NAND2X1)                    1165856.000
                                                  142008480.000 r
  U1188/Y (NAND2X1)                    1225024.000
                                                  143233504.000 f
  U816/Y (INVX1)                       380960.000 143614464.000 r
  U4217/Y (NAND2X1)                    2122800.000
                                                  145737264.000 f
  U4218/Y (NAND2X1)                    1630096.000
                                                  147367360.000 r
  U4219/Y (NAND2X1)                    2554064.000
                                                  149921424.000 f
  U4221/Y (NAND2X1)                    1265392.000
                                                  151186816.000 r
  U4222/Y (INVX1)                      1237344.000
                                                  152424160.000 f
  U4226/Y (OR2X1)                      2431552.000
                                                  154855712.000 f
  U4227/Y (NAND2X1)                    1167104.000
                                                  156022816.000 r
  U4230/Y (NAND2X1)                    1047952.000
                                                  157070768.000 f
  U4239/Y (NAND2X1)                    836208.000 157906976.000 r
  U4242/Y (NAND2X1)                    1048592.000
                                                  158955568.000 f
  U4243/Y (NAND2X1)                    1165840.000
                                                  160121408.000 r
  U4246/Y (NAND2X1)                    1049008.000
                                                  161170416.000 f
  U4255/Y (NAND2X1)                    836368.000 162006784.000 r
  U4258/Y (NAND2X1)                    1048592.000
                                                  163055376.000 f
  U4259/Y (NAND2X1)                    1165840.000
                                                  164221216.000 r
  U4262/Y (NAND2X1)                    1049008.000
                                                  165270224.000 f
  U4271/Y (NAND2X1)                    836368.000 166106592.000 r
  U4274/Y (NAND2X1)                    1048592.000
                                                  167155184.000 f
  U4275/Y (NAND2X1)                    1619216.000
                                                  168774400.000 r
  U4276/Y (INVX1)                      1237168.000
                                                  170011568.000 f
  U4285/Y (NAND2X1)                    807232.000 170818800.000 r
  U720/Y (NAND2X1)                     1224816.000
                                                  172043616.000 f
  U4288/Y (INVX1)                      381216.000 172424832.000 r
  U4309/Y (NAND2X1)                    2122848.000
                                                  174547680.000 f
  U4310/Y (NAND2X1)                    1631440.000
                                                  176179120.000 r
  U4311/Y (INVX1)                      1246528.000
                                                  177425648.000 f
  U4312/Y (NAND2X1)                    1161952.000
                                                  178587600.000 r
  U4313/Y (NAND2X1)                    2206352.000
                                                  180793952.000 f
  U4316/Y (NAND2X1)                    836480.000 181630432.000 r
  U4334/Y (NAND2X1)                    1224816.000
                                                  182855248.000 f
  U4335/Y (INVX1)                      -637840.000
                                                  182217408.000 r
  U4339/Y (NOR2X1)                     954528.000 183171936.000 f
  U507/Y (AND2X1)                      2064496.000
                                                  185236432.000 f
  U505/Y (NOR2X1)                      1075872.000
                                                  186312304.000 r
  U4362/Y (NOR2X1)                     958416.000 187270720.000 f
  U4365/Y (NAND2X1)                    820336.000 188091056.000 r
  U4372/Y (NAND2X1)                    1048608.000
                                                  189139664.000 f
  U719/Y (NAND2X1)                     1273840.000
                                                  190413504.000 r
  U4378/Y (INVX1)                      1292064.000
                                                  191705568.000 f
  U4399/Y (NAND2X1)                    811264.000 192516832.000 r
  U4400/Y (NAND2X1)                    2141664.000
                                                  194658496.000 f
  U1247/Y (NAND2X1)                    836320.000 195494816.000 r
  U4404/Y (NAND2X1)                    2147840.000
                                                  197642656.000 f
  U4405/Y (NAND2X1)                    1171744.000
                                                  198814400.000 r
  U4412/Y (NOR2X1)                     1185904.000
                                                  200000304.000 f
  U4413/Y (INVX1)                      -481136.000
                                                  199519168.000 r
  U4414/Y (NAND2X1)                    1435744.000
                                                  200954912.000 f
  U4415/Y (NAND2X1)                    1171776.000
                                                  202126688.000 r
  U4419/Y (OR2X1)                      5169360.000
                                                  207296048.000 r
  U4420/Y (NAND2X1)                    1360992.000
                                                  208657040.000 f
  U4422/Y (NAND2X1)                    842112.000 209499152.000 r
  U4423/Y (OR2X1)                      5170432.000
                                                  214669584.000 r
  U4424/Y (NAND2X1)                    1360992.000
                                                  216030576.000 f
  U4426/Y (NAND2X1)                    842112.000 216872688.000 r
  U1251/Y (OR2X1)                      5169968.000
                                                  222042656.000 r
  U4431/Y (NAND2X1)                    1004960.000
                                                  223047616.000 f
  U4432/Y (NAND2X1)                    1170864.000
                                                  224218480.000 r
  U4433/Y (OR2X1)                      5229840.000
                                                  229448320.000 r
  U4434/Y (NAND2X1)                    1360992.000
                                                  230809312.000 f
  U4436/Y (NAND2X1)                    842112.000 231651424.000 r
  U4443/Y (OR2X1)                      5168976.000
                                                  236820400.000 r
  U4444/Y (NAND2X1)                    1360992.000
                                                  238181392.000 f
  U4446/Y (NAND2X1)                    1268240.000
                                                  239449632.000 r
  U4447/Y (INVX1)                      1237168.000
                                                  240686800.000 f
  U1217/Y (OR2X1)                      2431552.000
                                                  243118352.000 f
  U4455/Y (NAND2X1)                    1277984.000
                                                  244396336.000 r
  U4456/Y (INVX1)                      1242656.000
                                                  245638992.000 f
  U4457/Y (NOR2X1)                     1070752.000
                                                  246709744.000 r
  U4468/Y (NAND2X1)                    1991520.000
                                                  248701264.000 f
  U4469/Y (NAND2X1)                    1160000.000
                                                  249861264.000 r
  out[0] (out)                            0.000   249861264.000 r
  data arrival time                               249861264.000

  clock clk (rise edge)                250000000.000
                                                  250000000.000
  clock network delay (ideal)             0.000   250000000.000
  clock reconvergence pessimism           0.000   250000000.000
  output external delay                   0.000   250000000.000
  data required time                              250000000.000
  ---------------------------------------------------------------
  data required time                              250000000.000
  data arrival time                               -249861264.000
  ---------------------------------------------------------------
  slack (MET)                                     138736.000


1
