Information: Updating design information... (UID-85)
 
****************************************
Report : qor
Design : top
Version: S-2021.06-SP2
Date   : Wed Dec 14 21:14:24 2022
****************************************


  Timing Path Group 'clk'
  -----------------------------------
  Levels of Logic:             161.00
  Critical Path Length:  192105040.00
  Critical Path Slack:     7894960.00
  Critical Path Clk Period:
                         200000000.00
  Total Negative Slack:          0.00
  No. of Violating Paths:        0.00
  Worst Hold Violation:          0.00
  Total Hold Violation:          0.00
  No. of Hold Violations:        0.00
  -----------------------------------


  Cell Count
  -----------------------------------
  Hierarchical Cell Count:          0
  Hierarchical Port Count:          0
  Leaf Cell Count:               1986
  Buf/Inv Cell Count:             492
  Buf Cell Count:                   0
  Inv Cell Count:                 492
  CT Buf/Inv Cell Count:            0
  Combinational Cell Count:      1986
  Sequential Cell Count:            0
  Macro Count:                      0
  -----------------------------------


  Area
  -----------------------------------
  Combinational Area:
                     723285949.000000
  Noncombinational Area:     0.000000
  Buf/Inv Area:      112382640.000000
  Total Buffer Area:             0.00
  Total Inverter Area:   112382640.00
  Macro/Black Box Area:      0.000000
  Net Area:                  0.000000
  -----------------------------------
  Cell Area:         723285949.000000
  Design Area:       723285949.000000


  Design Rules
  -----------------------------------
  Total Number of Nets:          2010
  Nets With Violations:          1986
  Max Trans Violations:          1986
  Max Cap Violations:               0
  -----------------------------------


  Hostname: leoforos

  Compile CPU Statistics
  -----------------------------------------
  Resource Sharing:                    5.70
  Logic Optimization:                  0.11
  Mapping Optimization:                1.77
  -----------------------------------------
  Overall Compile Time:               42.91
  Overall Compile Wall Clock Time:    43.30

  --------------------------------------------------------------------

  Design  WNS: 0.00  TNS: 0.00  Number of Violating Paths: 0


  Design (Hold)  WNS: 0.00  TNS: 0.00  Number of Violating Paths: 0

  --------------------------------------------------------------------


1
