****************************************
Report : timing
	-path_type full
	-delay_type max
	-max_paths 1
	-sort_by slack
Design : top
Version: S-2021.06-SP1
Date   : Sun Dec 18 12:12:20 2022
****************************************


  Startpoint: inp[50] (input port clocked by clk)
  Endpoint: out[0] (output port clocked by clk)
  Path Group: clk
  Path Type: max

  Point                                    Incr       Path
  ---------------------------------------------------------------
  clock clk (rise edge)                   0.000      0.000
  clock network delay (ideal)             0.000      0.000
  input external delay                    0.000      0.000 f
  inp[50] (in)                            0.000      0.000 f
  U1316/Y (INVX1)                      608368.000 608368.000 r
  U402/Y (OR2X1)                       1764864.000
                                                  2373232.000 r
  U403/Y (INVX1)                       712208.000 3085440.000 f
  U1318/Y (INVX1)                      436432.000 3521872.000 r
  U660/Y (AND2X1)                      1988368.000
                                                  5510240.000 r
  U1319/Y (XOR2X1)                     4721968.000
                                                  10232208.000 f
  U1323/Y (XOR2X1)                     5744992.000
                                                  15977200.000 r
  U1324/Y (XOR2X1)                     4747648.000
                                                  20724848.000 f
  U1326/Y (XOR2X1)                     5728064.000
                                                  26452912.000 r
  U1327/Y (XNOR2X1)                    6333392.000
                                                  32786304.000 r
  U1331/Y (NAND2X1)                    843872.000 33630176.000 f
  U1334/Y (NAND2X1)                    1356976.000
                                                  34987152.000 r
  U1435/Y (OR2X1)                      2581136.000
                                                  37568288.000 r
  U141/Y (NAND2X1)                     1062896.000
                                                  38631184.000 f
  U140/Y (XOR2X1)                      5943184.000
                                                  44574368.000 r
  U830/Y (AND2X1)                      1780032.000
                                                  46354400.000 r
  U831/Y (INVX1)                       707472.000 47061872.000 f
  U1448/Y (NAND2X1)                    1758720.000
                                                  48820592.000 r
  U1954/Y (INVX1)                      1221024.000
                                                  50041616.000 f
  U510/Y (NAND2X1)                     1283872.000
                                                  51325488.000 r
  U569/Y (NAND2X1)                     849072.000 52174560.000 f
  U568/Y (XOR2X1)                      5295872.000
                                                  57470432.000 r
  U257/Y (AND2X1)                      2588768.000
                                                  60059200.000 r
  U139/Y (OR2X1)                       1579504.000
                                                  61638704.000 r
  U153/Y (INVX1)                       739056.000 62377760.000 f
  U573/Y (NAND2X1)                     918880.000 63296640.000 r
  U258/Y (AND2X1)                      1819200.000
                                                  65115840.000 r
  U259/Y (INVX1)                       715424.000 65831264.000 f
  U159/Y (NAND2X1)                     935736.000 66767000.000 r
  U1959/Y (OR2X1)                      2349288.000
                                                  69116288.000 r
  U799/Y (AND2X1)                      1883584.000
                                                  70999872.000 r
  U800/Y (INVX1)                       716056.000 71715928.000 f
  U795/Y (AND2X1)                      2034872.000
                                                  73750800.000 f
  U796/Y (INVX1)                       -1269968.000
                                                  72480832.000 r
  U1963/Y (NAND2X1)                    801592.000 73282424.000 f
  U243/Y (AND2X1)                      2044216.000
                                                  75326640.000 f
  U244/Y (INVX1)                       -1447992.000
                                                  73878648.000 r
  U1999/Y (NAND2X1)                    928768.000 74807416.000 f
  U220/Y (AND2X1)                      2439656.000
                                                  77247072.000 f
  U221/Y (INVX1)                       -1306360.000
                                                  75940712.000 r
  U2068/Y (NAND2X1)                    800472.000 76741184.000 f
  U170/Y (NAND2X1)                     1342328.000
                                                  78083512.000 r
  U2071/Y (INVX1)                      1116552.000
                                                  79200064.000 f
  U2132/Y (NAND2X1)                    1284552.000
                                                  80484616.000 r
  U251/Y (AND2X1)                      915536.000 81400152.000 r
  U224/Y (OR2X1)                       1595392.000
                                                  82995544.000 r
  U554/Y (NAND2X1)                     835288.000 83830832.000 f
  U771/Y (AND2X1)                      2240992.000
                                                  86071824.000 f
  U204/Y (NOR2X1)                      1632496.000
                                                  87704320.000 r
  U205/Y (INVX1)                       999696.000 88704016.000 f
  U548/Y (XOR2X1)                      4907144.000
                                                  93611160.000 r
  U544/Y (NOR2X1)                      -102712.000
                                                  93508448.000 f
  U735/Y (NAND2X1)                     882912.000 94391360.000 r
  U625/Y (NAND2X1)                     874968.000 95266328.000 f
  U198/Y (NAND2X1)                     1374032.000
                                                  96640360.000 r
  U1121/Y (XNOR2X1)                    5356616.000
                                                  101996976.000 r
  U600/Y (AND2X1)                      1805968.000
                                                  103802944.000 r
  U601/Y (INVX1)                       713272.000 104516216.000 f
  U720/Y (AND2X1)                      2460928.000
                                                  106977144.000 f
  U721/Y (INVX1)                       -1164560.000
                                                  105812584.000 r
  U3608/Y (OR2X1)                      1646096.000
                                                  107458680.000 r
  U222/Y (AND2X1)                      2196848.000
                                                  109655528.000 r
  U223/Y (INVX1)                       708528.000 110364056.000 f
  U3621/Y (NAND2X1)                    1368448.000
                                                  111732504.000 r
  U3622/Y (INVX1)                      1116600.000
                                                  112849104.000 f
  U216/Y (AND2X1)                      2458312.000
                                                  115307416.000 f
  U217/Y (INVX1)                       -1185728.000
                                                  114121688.000 r
  U150/Y (NAND2X1)                     1054280.000
                                                  115175968.000 f
  U149/Y (NAND2X1)                     886040.000 116062008.000 r
  U3626/Y (NAND2X1)                    865528.000 116927536.000 f
  U3630/Y (AND2X1)                     2044280.000
                                                  118971816.000 f
  U3631/Y (INVX1)                      -1294920.000
                                                  117676896.000 r
  U3637/Y (NAND2X1)                    1050512.000
                                                  118727408.000 f
  U3639/Y (AND2X1)                     1860256.000
                                                  120587664.000 f
  U3640/Y (AND2X1)                     2430416.000
                                                  123018080.000 f
  U3641/Y (INVX1)                      -1366088.000
                                                  121651992.000 r
  U3643/Y (NAND2X1)                    805352.000 122457344.000 f
  U3647/Y (XOR2X1)                     5346072.000
                                                  127803416.000 r
  U3648/Y (INVX1)                      1255824.000
                                                  129059240.000 f
  U3687/Y (XOR2X1)                     2986616.000
                                                  132045856.000 f
  U3688/Y (XOR2X1)                     5975392.000
                                                  138021248.000 r
  U1020/Y (AND2X1)                     2160128.000
                                                  140181376.000 r
  U1021/Y (INVX1)                      720256.000 140901632.000 f
  U203/Y (AND2X1)                      2238256.000
                                                  143139888.000 f
  U201/Y (NOR2X1)                      1211712.000
                                                  144351600.000 r
  U110/Y (AND2X1)                      1834736.000
                                                  146186336.000 r
  U109/Y (INVX1)                       718688.000 146905024.000 f
  U156/Y (NAND2X1)                     1357280.000
                                                  148262304.000 r
  U77/Y (INVX1)                        1116256.000
                                                  149378560.000 f
  U78/Y (NOR2X1)                       1627568.000
                                                  151006128.000 r
  U550/Y (NOR2X1)                      -189072.000
                                                  150817056.000 f
  U549/Y (NOR2X1)                      1195472.000
                                                  152012528.000 r
  U3833/Y (NOR2X1)                     35728.000  152048256.000 f
  U3834/Y (NAND2X1)                    880624.000 152928880.000 r
  U591/Y (NAND2X1)                     930352.000 153859232.000 f
  U620/Y (AND2X1)                      2241136.000
                                                  156100368.000 f
  U81/Y (NOR2X1)                       1632512.000
                                                  157732880.000 r
  U79/Y (INVX1)                        1002512.000
                                                  158735392.000 f
  U227/Y (AND2X1)                      2034784.000
                                                  160770176.000 f
  U228/Y (INVX1)                       -1278944.000
                                                  159491232.000 r
  U3841/Y (OR2X1)                      1639840.000
                                                  161131072.000 r
  U252/Y (AND2X1)                      1876064.000
                                                  163007136.000 r
  U253/Y (INVX1)                       715472.000 163722608.000 f
  U535/Y (NAND2X1)                     924528.000 164647136.000 r
  U534/Y (NOR2X1)                      -88576.000 164558560.000 f
  U790/Y (NOR2X1)                      1195616.000
                                                  165754176.000 r
  U130/Y (NOR2X1)                      1044496.000
                                                  166798672.000 f
  U128/Y (NAND2X1)                     890256.000 167688928.000 r
  U160/Y (NAND2X1)                     849136.000 168538064.000 f
  U231/Y (AND2X1)                      2045520.000
                                                  170583584.000 f
  U232/Y (INVX1)                       -1306400.000
                                                  169277184.000 r
  U254/Y (AND2X1)                      1881904.000
                                                  171159088.000 r
  U255/Y (INVX1)                       715504.000 171874592.000 f
  U3851/Y (NAND2X1)                    918880.000 172793472.000 r
  U162/Y (NAND2X1)                     866000.000 173659472.000 f
  U106/Y (NAND2X1)                     885248.000 174544720.000 r
  U592/Y (NAND2X1)                     870160.000 175414880.000 f
  U197/Y (NAND2X1)                     886144.000 176301024.000 r
  U214/Y (NAND2X1)                     1127264.000
                                                  177428288.000 f
  U233/Y (AND2X1)                      1854000.000
                                                  179282288.000 f
  U85/Y (OR2X1)                        2076016.000
                                                  181358304.000 f
  U157/Y (NAND2X1)                     876672.000 182234976.000 r
  U619/Y (NOR2X1)                      -376432.000
                                                  181858544.000 f
  U83/Y (OR2X1)                        2091008.000
                                                  183949552.000 f
  U617/Y (AND2X1)                      2434336.000
                                                  186383888.000 f
  U520/Y (INVX1)                       -1340768.000
                                                  185043120.000 r
  U521/Y (AND2X1)                      1881936.000
                                                  186925056.000 r
  U519/Y (INVX1)                       715472.000 187640528.000 f
  U117/Y (NAND2X1)                     924544.000 188565072.000 r
  U213/Y (NOR2X1)                      -331984.000
                                                  188233088.000 f
  U211/Y (NOR2X1)                      1629136.000
                                                  189862224.000 r
  U236/Y (INVX1)                       1002640.000
                                                  190864864.000 f
  U595/Y (NAND2X1)                     919152.000 191784016.000 r
  U594/Y (NAND2X1)                     866096.000 192650112.000 f
  U593/Y (AND2X1)                      2243840.000
                                                  194893952.000 f
  U226/Y (OR2X1)                       2075888.000
                                                  196969840.000 f
  U3931/Y (NAND2X1)                    872816.000 197842656.000 r
  U96/Y (AND2X1)                       761136.000 198603792.000 r
  U603/Y (NOR2X1)                      -127616.000
                                                  198476176.000 f
  U3941/Y (NOR2X1)                     1187984.000
                                                  199664160.000 r
  out[0] (out)                            0.000   199664160.000 r
  data arrival time                               199664160.000

  clock clk (rise edge)                200000000.000
                                                  200000000.000
  clock network delay (ideal)             0.000   200000000.000
  clock reconvergence pessimism           0.000   200000000.000
  output external delay                   0.000   200000000.000
  data required time                              200000000.000
  ---------------------------------------------------------------
  data required time                              200000000.000
  data arrival time                               -199664160.000
  ---------------------------------------------------------------
  slack (MET)                                     335840.000


1
