 
****************************************
Report : timing
        -path full
        -delay max
        -max_paths 1
Design : top
Version: S-2021.06-SP2
Date   : Sun Dec 18 12:12:15 2022
****************************************

Operating Conditions: TT   Library: PPDK_Standard_Library_1.0V_25C_TYP_X1
Wire Load Model Mode: top

  Startpoint: inp[50] (input port clocked by clk)
  Endpoint: out[0] (output port clocked by clk)
  Path Group: clk
  Path Type: max

  Point                                    Incr       Path
  -----------------------------------------------------------
  clock clk (rise edge)                   0.000      0.000
  clock network delay (ideal)             0.000      0.000
  input external delay                    0.000      0.000 f
  inp[50] (in)                            0.000      0.000 f
  U1316/Y (INVX1)                      608374.062 608374.062 r
  U402/Y (OR2X1)                       1764883.000
                                                  2373257.000 r
  U403/Y (INVX1)                       712217.750 3085474.750 f
  U1318/Y (INVX1)                      436438.000 3521912.750 r
  U660/Y (AND2X1)                      1988384.250
                                                  5510297.000 r
  U1319/Y (XOR2X1)                     4721989.000
                                                  10232286.000 f
  U1323/Y (XOR2X1)                     5745090.000
                                                  15977376.000 r
  U1324/Y (XOR2X1)                     4747664.000
                                                  20725040.000 f
  U1326/Y (XOR2X1)                     5727990.000
                                                  26453030.000 r
  U1327/Y (XNOR2X1)                    6333478.000
                                                  32786508.000 r
  U1331/Y (NAND2X1)                    843868.000 33630376.000 f
  U1334/Y (NAND2X1)                    1356976.000
                                                  34987352.000 r
  U1435/Y (OR2X1)                      2581144.000
                                                  37568496.000 r
  U141/Y (NAND2X1)                     1062892.000
                                                  38631388.000 f
  U140/Y (XOR2X1)                      5943248.000
                                                  44574636.000 r
  U830/Y (AND2X1)                      1780020.000
                                                  46354656.000 r
  U831/Y (INVX1)                       707472.000 47062128.000 f
  U1448/Y (NAND2X1)                    1758716.000
                                                  48820844.000 r
  U1954/Y (INVX1)                      1221028.000
                                                  50041872.000 f
  U510/Y (NAND2X1)                     1283868.000
                                                  51325740.000 r
  U569/Y (NAND2X1)                     849040.000 52174780.000 f
  U568/Y (XOR2X1)                      5295856.000
                                                  57470636.000 r
  U257/Y (AND2X1)                      2588800.000
                                                  60059436.000 r
  U139/Y (OR2X1)                       1579508.000
                                                  61638944.000 r
  U153/Y (INVX1)                       739040.000 62377984.000 f
  U573/Y (NAND2X1)                     918888.000 63296872.000 r
  U258/Y (AND2X1)                      1819184.000
                                                  65116056.000 r
  U259/Y (INVX1)                       715428.000 65831484.000 f
  U159/Y (NAND2X1)                     935736.000 66767220.000 r
  U1959/Y (OR2X1)                      2349292.000
                                                  69116512.000 r
  U799/Y (AND2X1)                      1883576.000
                                                  71000088.000 r
  U800/Y (INVX1)                       716056.000 71716144.000 f
  U795/Y (AND2X1)                      2034872.000
                                                  73751016.000 f
  U796/Y (INVX1)                       -1269960.000
                                                  72481056.000 r
  U1963/Y (NAND2X1)                    801592.000 73282648.000 f
  U243/Y (AND2X1)                      2044216.000
                                                  75326864.000 f
  U244/Y (INVX1)                       -1447968.000
                                                  73878896.000 r
  U1999/Y (NAND2X1)                    928768.000 74807664.000 f
  U220/Y (AND2X1)                      2439648.000
                                                  77247312.000 f
  U221/Y (INVX1)                       -1306360.000
                                                  75940952.000 r
  U2068/Y (NAND2X1)                    800464.000 76741416.000 f
  U170/Y (NAND2X1)                     1342320.000
                                                  78083736.000 r
  U2071/Y (INVX1)                      1116560.000
                                                  79200296.000 f
  U2132/Y (NAND2X1)                    1284552.000
                                                  80484848.000 r
  U251/Y (AND2X1)                      915568.000 81400416.000 r
  U224/Y (OR2X1)                       1595360.000
                                                  82995776.000 r
  U554/Y (NAND2X1)                     835280.000 83831056.000 f
  U771/Y (AND2X1)                      2240992.000
                                                  86072048.000 f
  U204/Y (NOR2X1)                      1632504.000
                                                  87704552.000 r
  U205/Y (INVX1)                       999696.000 88704248.000 f
  U548/Y (XOR2X1)                      4907144.000
                                                  93611392.000 r
  U544/Y (NOR2X1)                      -102736.000
                                                  93508656.000 f
  U735/Y (NAND2X1)                     882912.000 94391568.000 r
  U625/Y (NAND2X1)                     874984.000 95266552.000 f
  U198/Y (NAND2X1)                     1374040.000
                                                  96640592.000 r
  U1121/Y (XNOR2X1)                    5356480.000
                                                  101997072.000 r
  U600/Y (AND2X1)                      1805952.000
                                                  103803024.000 r
  U601/Y (INVX1)                       713272.000 104516296.000 f
  U720/Y (AND2X1)                      2460928.000
                                                  106977224.000 f
  U721/Y (INVX1)                       -1164552.000
                                                  105812672.000 r
  U3608/Y (OR2X1)                      1646096.000
                                                  107458768.000 r
  U222/Y (AND2X1)                      2196856.000
                                                  109655624.000 r
  U223/Y (INVX1)                       708528.000 110364152.000 f
  U3621/Y (NAND2X1)                    1368448.000
                                                  111732600.000 r
  U3622/Y (INVX1)                      1116600.000
                                                  112849200.000 f
  U216/Y (AND2X1)                      2458312.000
                                                  115307512.000 f
  U217/Y (INVX1)                       -1185720.000
                                                  114121792.000 r
  U150/Y (NAND2X1)                     1054280.000
                                                  115176072.000 f
  U149/Y (NAND2X1)                     886032.000 116062104.000 r
  U3626/Y (NAND2X1)                    865528.000 116927632.000 f
  U3630/Y (AND2X1)                     2044280.000
                                                  118971912.000 f
  U3631/Y (INVX1)                      -1294920.000
                                                  117676992.000 r
  U3637/Y (NAND2X1)                    1050512.000
                                                  118727504.000 f
  U3639/Y (AND2X1)                     1860264.000
                                                  120587768.000 f
  U3640/Y (AND2X1)                     2430408.000
                                                  123018176.000 f
  U3641/Y (INVX1)                      -1366088.000
                                                  121652088.000 r
  U3643/Y (NAND2X1)                    805352.000 122457440.000 f
  U3647/Y (XOR2X1)                     5346056.000
                                                  127803496.000 r
  U3648/Y (INVX1)                      1255816.000
                                                  129059312.000 f
  U3687/Y (XOR2X1)                     2986616.000
                                                  132045928.000 f
  U3688/Y (XOR2X1)                     5975400.000
                                                  138021328.000 r
  U1020/Y (AND2X1)                     2160160.000
                                                  140181488.000 r
  U1021/Y (INVX1)                      720256.000 140901744.000 f
  U203/Y (AND2X1)                      2238240.000
                                                  143139984.000 f
  U201/Y (NOR2X1)                      1211696.000
                                                  144351680.000 r
  U110/Y (AND2X1)                      1834736.000
                                                  146186416.000 r
  U109/Y (INVX1)                       718672.000 146905088.000 f
  U156/Y (NAND2X1)                     1357296.000
                                                  148262384.000 r
  U77/Y (INVX1)                        1116256.000
                                                  149378640.000 f
  U78/Y (NOR2X1)                       1627568.000
                                                  151006208.000 r
  U550/Y (NOR2X1)                      -189056.000
                                                  150817152.000 f
  U549/Y (NOR2X1)                      1195472.000
                                                  152012624.000 r
  U3833/Y (NOR2X1)                     35712.000  152048336.000 f
  U3834/Y (NAND2X1)                    880608.000 152928944.000 r
  U591/Y (NAND2X1)                     930352.000 153859296.000 f
  U620/Y (AND2X1)                      2241136.000
                                                  156100432.000 f
  U81/Y (NOR2X1)                       1632528.000
                                                  157732960.000 r
  U79/Y (INVX1)                        1002512.000
                                                  158735472.000 f
  U227/Y (AND2X1)                      2034784.000
                                                  160770256.000 f
  U228/Y (INVX1)                       -1278912.000
                                                  159491344.000 r
  U3841/Y (OR2X1)                      1639840.000
                                                  161131184.000 r
  U252/Y (AND2X1)                      1876048.000
                                                  163007232.000 r
  U253/Y (INVX1)                       715472.000 163722704.000 f
  U535/Y (NAND2X1)                     924544.000 164647248.000 r
  U534/Y (NOR2X1)                      -88608.000 164558640.000 f
  U790/Y (NOR2X1)                      1195632.000
                                                  165754272.000 r
  U130/Y (NOR2X1)                      1044512.000
                                                  166798784.000 f
  U128/Y (NAND2X1)                     890256.000 167689040.000 r
  U160/Y (NAND2X1)                     849120.000 168538160.000 f
  U231/Y (AND2X1)                      2045520.000
                                                  170583680.000 f
  U232/Y (INVX1)                       -1306368.000
                                                  169277312.000 r
  U254/Y (AND2X1)                      1881904.000
                                                  171159216.000 r
  U255/Y (INVX1)                       715504.000 171874720.000 f
  U3851/Y (NAND2X1)                    918864.000 172793584.000 r
  U162/Y (NAND2X1)                     866000.000 173659584.000 f
  U106/Y (NAND2X1)                     885248.000 174544832.000 r
  U592/Y (NAND2X1)                     870144.000 175414976.000 f
  U197/Y (NAND2X1)                     886144.000 176301120.000 r
  U214/Y (NAND2X1)                     1127264.000
                                                  177428384.000 f
  U233/Y (AND2X1)                      1854000.000
                                                  179282384.000 f
  U85/Y (OR2X1)                        2076000.000
                                                  181358384.000 f
  U157/Y (NAND2X1)                     876672.000 182235056.000 r
  U619/Y (NOR2X1)                      -376464.000
                                                  181858592.000 f
  U83/Y (OR2X1)                        2090976.000
                                                  183949568.000 f
  U617/Y (AND2X1)                      2434336.000
                                                  186383904.000 f
  U520/Y (INVX1)                       -1340752.000
                                                  185043152.000 r
  U521/Y (AND2X1)                      1881936.000
                                                  186925088.000 r
  U519/Y (INVX1)                       715472.000 187640560.000 f
  U117/Y (NAND2X1)                     924544.000 188565104.000 r
  U213/Y (NOR2X1)                      -332000.000
                                                  188233104.000 f
  U211/Y (NOR2X1)                      1629136.000
                                                  189862240.000 r
  U236/Y (INVX1)                       1002640.000
                                                  190864880.000 f
  U595/Y (NAND2X1)                     919152.000 191784032.000 r
  U594/Y (NAND2X1)                     866080.000 192650112.000 f
  U593/Y (AND2X1)                      2243824.000
                                                  194893936.000 f
  U226/Y (OR2X1)                       2075872.000
                                                  196969808.000 f
  U3931/Y (NAND2X1)                    872816.000 197842624.000 r
  U96/Y (AND2X1)                       761120.000 198603744.000 r
  U603/Y (NOR2X1)                      -127616.000
                                                  198476128.000 f
  U3941/Y (NOR2X1)                     1187984.000
                                                  199664112.000 r
  out[0] (out)                            0.000   199664112.000 r
  data arrival time                               199664112.000

  clock clk (rise edge)                200000000.000
                                                  200000000.000
  clock network delay (ideal)             0.000   200000000.000
  output external delay                   0.000   200000000.000
  data required time                              200000000.000
  -----------------------------------------------------------
  data required time                              200000000.000
  data arrival time                               -199664112.000
  -----------------------------------------------------------
  slack (MET)                                     335888.000


1
