****************************************
Report : timing
	-path_type full
	-delay_type max
	-max_paths 1
	-sort_by slack
Design : top
Version: S-2021.06-SP1
Date   : Fri Dec 16 15:13:22 2022
****************************************


  Startpoint: inp[53] (input port clocked by clk)
  Endpoint: out[0] (output port clocked by clk)
  Path Group: clk
  Path Type: max

  Point                                    Incr       Path
  ---------------------------------------------------------------
  clock clk (rise edge)                   0.000      0.000
  clock network delay (ideal)             0.000      0.000
  input external delay                    0.000      0.000 r
  inp[53] (in)                            0.000      0.000 r
  U1034/Y (AND2X1)                     2212704.000
                                                  2212704.000 r
  U1035/Y (INVX1)                      709776.000 2922480.000 f
  U1843/Y (NAND2X1)                    918768.000 3841248.000 r
  U815/Y (AND2X1)                      2169232.000
                                                  6010480.000 r
  U816/Y (INVX1)                       721520.000 6732000.000 f
  U1860/Y (XOR2X1)                     5588592.000
                                                  12320592.000 r
  U1867/Y (XNOR2X1)                    5491904.000
                                                  17812496.000 r
  U1993/Y (XOR2X1)                     4771776.000
                                                  22584272.000 f
  U2022/Y (XOR2X1)                     3015872.000
                                                  25600144.000 f
  U2044/Y (XOR2X1)                     5974560.000
                                                  31574704.000 r
  U329/Y (AND2X1)                      1783120.000
                                                  33357824.000 r
  U330/Y (INVX1)                       713472.000 34071296.000 f
  U2065/Y (NAND2X1)                    930192.000 35001488.000 r
  U875/Y (AND2X1)                      1817936.000
                                                  36819424.000 r
  U876/Y (INVX1)                       720464.000 37539888.000 f
  U2067/Y (NAND2X1)                    1362960.000
                                                  38902848.000 r
  U2070/Y (INVX1)                      1116592.000
                                                  40019440.000 f
  U2071/Y (NAND2X1)                    1290208.000
                                                  41309648.000 r
  U2072/Y (NAND2X1)                    1126592.000
                                                  42436240.000 f
  U2073/Y (NAND2X1)                    1752608.000
                                                  44188848.000 r
  U2076/Y (INVX1)                      1101472.000
                                                  45290320.000 f
  U877/Y (AND2X1)                      2034736.000
                                                  47325056.000 f
  U878/Y (INVX1)                       -1530640.000
                                                  45794416.000 r
  U2077/Y (NAND2X1)                    1050352.000
                                                  46844768.000 f
  U2078/Y (NAND2X1)                    1752640.000
                                                  48597408.000 r
  U2086/Y (NAND2X1)                    1155408.000
                                                  49752816.000 f
  U2087/Y (NAND2X1)                    1399952.000
                                                  51152768.000 r
  U2088/Y (NAND2X1)                    1235040.000
                                                  52387808.000 f
  U2089/Y (NAND2X1)                    1399904.000
                                                  53787712.000 r
  U2096/Y (NAND2X1)                    1235872.000
                                                  55023584.000 f
  U2100/Y (XOR2X1)                     5294656.000
                                                  60318240.000 r
  U323/Y (AND2X1)                      1819040.000
                                                  62137280.000 r
  U324/Y (INVX1)                       707952.000 62845232.000 f
  U2104/Y (NAND2X1)                    1285664.000
                                                  64130896.000 r
  U2105/Y (NOR2X1)                     1118880.000
                                                  65249776.000 f
  U2106/Y (INVX1)                      -283808.000
                                                  64965968.000 r
  U2107/Y (NAND2X1)                    1052816.000
                                                  66018784.000 f
  U256/Y (AND2X1)                      2066176.000
                                                  68084960.000 f
  U705/Y (INVX1)                       -1195568.000
                                                  66889392.000 r
  U2911/Y (XNOR2X1)                    5637232.000
                                                  72526624.000 r
  U290/Y (AND2X1)                      1838160.000
                                                  74364784.000 r
  U291/Y (INVX1)                       708144.000 75072928.000 f
  U3685/Y (NAND2X1)                    1297392.000
                                                  76370320.000 r
  U3687/Y (XOR2X1)                     4758416.000
                                                  81128736.000 f
  U3704/Y (XOR2X1)                     5085024.000
                                                  86213760.000 r
  U3706/Y (XOR2X1)                     4335760.000
                                                  90549520.000 f
  U244/Y (NAND2X1)                     836960.000 91386480.000 r
  U3707/Y (AND2X1)                     2564560.000
                                                  93951040.000 r
  U3708/Y (NAND2X1)                    1074384.000
                                                  95025424.000 f
  U3709/Y (NAND2X1)                    1757200.000
                                                  96782624.000 r
  U3712/Y (XOR2X1)                     4843776.000
                                                  101626400.000 f
  U3715/Y (OR2X1)                      2058064.000
                                                  103684464.000 f
  U3716/Y (NAND2X1)                    1752576.000
                                                  105437040.000 r
  U3719/Y (INVX1)                      1073856.000
                                                  106510896.000 f
  U3720/Y (XOR2X1)                     4915632.000
                                                  111426528.000 r
  U3723/Y (NAND2X1)                    850304.000 112276832.000 f
  U3724/Y (NAND2X1)                    891248.000 113168080.000 r
  U3750/Y (NAND2X1)                    1155760.000
                                                  114323840.000 f
  U3751/Y (AND2X1)                     2246336.000
                                                  116570176.000 f
  U3752/Y (NAND2X1)                    1449304.000
                                                  118019480.000 r
  U3753/Y (AND2X1)                     2887520.000
                                                  120907000.000 r
  U3858/Y (XOR2X1)                     4676176.000
                                                  125583176.000 f
  U3859/Y (INVX1)                      -2281896.000
                                                  123301280.000 r
  U281/Y (AND2X1)                      1882512.000
                                                  125183792.000 r
  U282/Y (INVX1)                       707560.000 125891352.000 f
  U3905/Y (NAND2X1)                    1285640.000
                                                  127176992.000 r
  U3906/Y (NAND2X1)                    849368.000 128026360.000 f
  U3907/Y (NAND2X1)                    1380496.000
                                                  129406856.000 r
  U321/Y (AND2X1)                      1798472.000
                                                  131205328.000 r
  U322/Y (INVX1)                       715512.000 131920840.000 f
  U3909/Y (NAND2X1)                    1291592.000
                                                  133212432.000 r
  U3910/Y (NAND2X1)                    1126896.000
                                                  134339328.000 f
  U3913/Y (NAND2X1)                    881152.000 135220480.000 r
  U609/Y (AND2X1)                      1794912.000
                                                  137015392.000 r
  U610/Y (INVX1)                       738656.000 137754048.000 f
  U3917/Y (INVX1)                      498752.000 138252800.000 r
  U258/Y (AND2X1)                      1876016.000
                                                  140128816.000 r
  U259/Y (INVX1)                       718400.000 140847216.000 f
  U4182/Y (NAND2X1)                    1362976.000
                                                  142210192.000 r
  U4183/Y (NOR2X1)                     -307328.000
                                                  141902864.000 f
  U4188/Y (NAND2X1)                    880432.000 142783296.000 r
  U4190/Y (NAND2X1)                    866912.000 143650208.000 f
  U4191/Y (NAND2X1)                    1399984.000
                                                  145050192.000 r
  U272/Y (AND2X1)                      754096.000 145804288.000 r
  U270/Y (NOR2X1)                      1086400.000
                                                  146890688.000 f
  U4194/Y (NAND2X1)                    890208.000 147780896.000 r
  U4197/Y (NAND2X1)                    848064.000 148628960.000 f
  U4199/Y (NAND2X1)                    1752576.000
                                                  150381536.000 r
  U4200/Y (INVX1)                      1101408.000
                                                  151482944.000 f
  U4204/Y (NAND2X1)                    919328.000 152402272.000 r
  U4209/Y (NAND2X1)                    848032.000 153250304.000 f
  U4211/Y (NAND2X1)                    1341920.000
                                                  154592224.000 r
  U249/Y (AND2X1)                      1798048.000
                                                  156390272.000 r
  U250/Y (INVX1)                       719760.000 157110032.000 f
  U4221/Y (NAND2X1)                    1285616.000
                                                  158395648.000 r
  U4222/Y (NAND2X1)                    1126368.000
                                                  159522016.000 f
  U4224/Y (NAND2X1)                    887104.000 160409120.000 r
  U4227/Y (NOR2X1)                     1117856.000
                                                  161526976.000 f
  U4228/Y (INVX1)                      -287968.000
                                                  161239008.000 r
  U251/Y (AND2X1)                      1881280.000
                                                  163120288.000 r
  U252/Y (INVX1)                       718496.000 163838784.000 f
  U4233/Y (NAND2X1)                    918880.000 164757664.000 r
  U4234/Y (NAND2X1)                    1156032.000
                                                  165913696.000 f
  U4237/Y (NAND2X1)                    885184.000 166798880.000 r
  U4240/Y (OR2X1)                      2606784.000
                                                  169405664.000 r
  U4244/Y (NAND2X1)                    797408.000 170203072.000 f
  U274/Y (AND2X1)                      2048512.000
                                                  172251584.000 f
  U4251/Y (NAND2X1)                    855472.000 173107056.000 r
  U624/Y (NAND2X1)                     1214976.000
                                                  174322032.000 f
  U4269/Y (NAND2X1)                    879488.000 175201520.000 r
  U4270/Y (NAND2X1)                    931408.000 176132928.000 f
  U4271/Y (NOR2X1)                     1195088.000
                                                  177328016.000 r
  U4272/Y (NOR2X1)                     99072.000  177427088.000 f
  U4278/Y (NAND2X1)                    880304.000 178307392.000 r
  U4280/Y (NAND2X1)                    866880.000 179174272.000 f
  U4286/Y (OR2X1)                      2087680.000
                                                  181261952.000 f
  U4287/Y (AND2X1)                     2435056.000
                                                  183697008.000 f
  U4288/Y (INVX1)                      -1323280.000
                                                  182373728.000 r
  U4289/Y (OR2X1)                      1639568.000
                                                  184013296.000 r
  U4293/Y (NAND2X1)                    804912.000 184818208.000 f
  U253/Y (AND2X1)                      2048560.000
                                                  186866768.000 f
  U254/Y (INVX1)                       -1294032.000
                                                  185572736.000 r
  U247/Y (AND2X1)                      1881904.000
                                                  187454640.000 r
  U248/Y (INVX1)                       718480.000 188173120.000 f
  U4305/Y (NAND2X1)                    1752752.000
                                                  189925872.000 r
  U4306/Y (INVX1)                      1216880.000
                                                  191142752.000 f
  U4312/Y (NAND2X1)                    919456.000 192062208.000 r
  U4316/Y (NAND2X1)                    848112.000 192910320.000 f
  U4318/Y (NAND2X1)                    885520.000 193795840.000 r
  U4319/Y (OR2X1)                      2605728.000
                                                  196401568.000 r
  U4323/Y (NAND2X1)                    797440.000 197199008.000 f
  U4325/Y (NAND2X1)                    885296.000 198084304.000 r
  U4330/Y (OR2X1)                      2605424.000
                                                  200689728.000 r
  U4334/Y (NAND2X1)                    797424.000 201487152.000 f
  U4336/Y (NAND2X1)                    885456.000 202372608.000 r
  U4340/Y (OR2X1)                      2605408.000
                                                  204978016.000 r
  U4344/Y (NAND2X1)                    797424.000 205775440.000 f
  U4346/Y (NAND2X1)                    879504.000 206654944.000 r
  U4350/Y (NAND2X1)                    866752.000 207521696.000 f
  U607/Y (AND2X1)                      2046048.000
                                                  209567744.000 f
  U608/Y (INVX1)                       -176656.000
                                                  209391088.000 r
  U4357/Y (NAND2X1)                    834416.000 210225504.000 f
  U4358/Y (NAND2X1)                    1380496.000
                                                  211606000.000 r
  U4359/Y (NOR2X1)                     -290000.000
                                                  211316000.000 f
  U4361/Y (NAND2X1)                    886544.000 212202544.000 r
  U4365/Y (OR2X1)                      2563936.000
                                                  214766480.000 r
  U4370/Y (NAND2X1)                    799232.000 215565712.000 f
  U221/Y (AND2X1)                      2048496.000
                                                  217614208.000 f
  U4375/Y (NAND2X1)                    855632.000 218469840.000 r
  U4379/Y (NAND2X1)                    848016.000 219317856.000 f
  U4381/Y (NAND2X1)                    879424.000 220197280.000 r
  U4389/Y (NAND2X1)                    867232.000 221064512.000 f
  U4391/Y (NAND2X1)                    885264.000 221949776.000 r
  U615/Y (NOR2X1)                      -376432.000
                                                  221573344.000 f
  U614/Y (OR2X1)                       2087856.000
                                                  223661200.000 f
  U4399/Y (NAND2X1)                    1337968.000
                                                  224999168.000 r
  U4400/Y (INVX1)                      1094544.000
                                                  226093712.000 f
  U4405/Y (NAND2X1)                    919312.000 227013024.000 r
  U4408/Y (NAND2X1)                    848080.000 227861104.000 f
  U4410/Y (NAND2X1)                    1341904.000
                                                  229203008.000 r
  U4411/Y (INVX1)                      1096432.000
                                                  230299440.000 f
  U4417/Y (NAND2X1)                    919312.000 231218752.000 r
  U4421/Y (NAND2X1)                    848080.000 232066832.000 f
  U4423/Y (NAND2X1)                    1341936.000
                                                  233408768.000 r
  U4424/Y (INVX1)                      1096416.000
                                                  234505184.000 f
  U4430/Y (NAND2X1)                    919328.000 235424512.000 r
  U4435/Y (NAND2X1)                    848064.000 236272576.000 f
  U4437/Y (NAND2X1)                    1341920.000
                                                  237614496.000 r
  U4438/Y (INVX1)                      1096432.000
                                                  238710928.000 f
  U4444/Y (NAND2X1)                    919312.000 239630240.000 r
  U4447/Y (NAND2X1)                    848080.000 240478320.000 f
  U226/Y (AND2X1)                      2046000.000
                                                  242524320.000 f
  U227/Y (INVX1)                       -1312448.000
                                                  241211872.000 r
  U4451/Y (NAND2X1)                    928768.000 242140640.000 f
  U1084/Y (NAND2X1)                    881136.000 243021776.000 r
  U695/Y (AND2X1)                      2157392.000
                                                  245179168.000 r
  U299/Y (AND2X1)                      1835312.000
                                                  247014480.000 r
  U300/Y (INVX1)                       715904.000 247730384.000 f
  U4463/Y (NAND2X1)                    918864.000 248649248.000 r
  U4468/Y (NAND2X1)                    864416.000 249513664.000 f
  out[0] (out)                            0.000   249513664.000 f
  data arrival time                               249513664.000

  clock clk (rise edge)                250000000.000
                                                  250000000.000
  clock network delay (ideal)             0.000   250000000.000
  clock reconvergence pessimism           0.000   250000000.000
  output external delay                   0.000   250000000.000
  data required time                              250000000.000
  ---------------------------------------------------------------
  data required time                              250000000.000
  data arrival time                               -249513664.000
  ---------------------------------------------------------------
  slack (MET)                                     486336.000


1
