****************************************
Report : timing
	-path_type full
	-delay_type max
	-max_paths 1
	-sort_by slack
Design : top
Version: S-2021.06-SP1
Date   : Fri Dec 16 11:00:15 2022
****************************************


  Startpoint: inp[13] (input port clocked by clk)
  Endpoint: out[0] (output port clocked by clk)
  Path Group: clk
  Path Type: max

  Point                                    Incr       Path
  ---------------------------------------------------------------
  clock clk (rise edge)                   0.000      0.000
  clock network delay (ideal)             0.000      0.000
  input external delay                    0.000      0.000 r
  inp[13] (in)                            0.000      0.000 r
  U677/Y (AND2X1)                      3081088.000
                                                  3081088.000 r
  U678/Y (INVX1)                       1068416.000
                                                  4149504.000 f
  U1343/Y (NAND2X1)                    684848.000 4834352.000 r
  U1344/Y (OR2X1)                      7054592.000
                                                  11888944.000 r
  U1345/Y (NAND2X1)                    1535248.000
                                                  13424192.000 f
  U1346/Y (NAND2X1)                    1272448.000
                                                  14696640.000 r
  U468/Y (INVX1)                       1522320.000
                                                  16218960.000 f
  U469/Y (INVX1)                       427264.000 16646224.000 r
  U757/Y (AND2X1)                      2400096.000
                                                  19046320.000 r
  U758/Y (INVX1)                       1131408.000
                                                  20177728.000 f
  U1430/Y (NAND2X1)                    674336.000 20852064.000 r
  U1431/Y (AND2X1)                     4206160.000
                                                  25058224.000 r
  U1432/Y (NAND2X1)                    1496976.000
                                                  26555200.000 f
  U1433/Y (NAND2X1)                    856512.000 27411712.000 r
  U1436/Y (OR2X1)                      6985520.000
                                                  34397232.000 r
  U173/Y (AND2X1)                      2474432.000
                                                  36871664.000 r
  U174/Y (INVX1)                       1030992.000
                                                  37902656.000 f
  U1445/Y (XOR2X1)                     6014960.000
                                                  43917616.000 r
  U1471/Y (OR2X1)                      27127392.000
                                                  71045008.000 r
  U559/Y (AND2X1)                      3081088.000
                                                  74126096.000 r
  U560/Y (INVX1)                       1386384.000
                                                  75512480.000 f
  U1615/Y (XOR2X1)                     6016352.000
                                                  81528832.000 r
  U1619/Y (OR2X1)                      27939056.000
                                                  109467888.000 r
  U533/Y (AND2X1)                      3081088.000
                                                  112548976.000 r
  U534/Y (INVX1)                       1371904.000
                                                  113920880.000 f
  U802/Y (XNOR2X1)                     5100384.000
                                                  119021264.000 r
  U577/Y (AND2X1)                      2084192.000
                                                  121105456.000 r
  U578/Y (INVX1)                       1445264.000
                                                  122550720.000 f
  U1621/Y (NAND2X1)                    957520.000 123508240.000 r
  U1624/Y (OR2X1)                      5860072.000
                                                  129368312.000 r
  U557/Y (AND2X1)                      3081096.000
                                                  132449408.000 r
  U558/Y (INVX1)                       1445216.000
                                                  133894624.000 f
  U1625/Y (NAND2X1)                    957536.000 134852160.000 r
  U1626/Y (OR2X1)                      5860032.000
                                                  140712192.000 r
  U1635/Y (AND2X1)                     2709408.000
                                                  143421600.000 r
  U1636/Y (XOR2X1)                     7295488.000
                                                  150717088.000 f
  U1638/Y (NAND2X1)                    1023072.000
                                                  151740160.000 r
  U494/Y (INVX1)                       1783776.000
                                                  153523936.000 f
  U495/Y (INVX1)                       435184.000 153959120.000 r
  U1647/Y (NOR2X1)                     1344592.000
                                                  155303712.000 f
  U1649/Y (NAND2X1)                    645488.000 155949200.000 r
  U1650/Y (NAND2X1)                    2612016.000
                                                  158561216.000 f
  U486/Y (INVX1)                       -52784.000 158508432.000 r
  U487/Y (INVX1)                       933136.000 159441568.000 f
  U1881/Y (XOR2X1)                     6019504.000
                                                  165461072.000 r
  U1882/Y (NAND2X1)                    1360944.000
                                                  166822016.000 f
  U1883/Y (NAND2X1)                    861120.000 167683136.000 r
  U1931/Y (NAND2X1)                    2805568.000
                                                  170488704.000 f
  U1932/Y (NAND2X1)                    890880.000 171379584.000 r
  U1933/Y (XOR2X1)                     7731904.000
                                                  179111488.000 f
  U1934/Y (XOR2X1)                     9011360.000
                                                  188122848.000 r
  U1935/Y (OR2X1)                      31578336.000
                                                  219701184.000 r
  U555/Y (AND2X1)                      3081104.000
                                                  222782288.000 r
  U556/Y (INVX1)                       1306832.000
                                                  224089120.000 f
  U1943/Y (OR2X1)                      3177152.000
                                                  227266272.000 f
  U1945/Y (NAND2X1)                    606448.000 227872720.000 r
  U417/Y (XNOR2X1)                     8154720.000
                                                  236027440.000 r
  U418/Y (INVX1)                       1573984.000
                                                  237601424.000 f
  U1947/Y (INVX1)                      426864.000 238028288.000 r
  U1949/Y (NOR2X1)                     1344880.000
                                                  239373168.000 f
  U1959/Y (NOR2X1)                     969824.000 240342992.000 r
  U1960/Y (NAND2X1)                    2550688.000
                                                  242893680.000 f
  U1961/Y (NAND2X1)                    871360.000 243765040.000 r
  U1969/Y (OR2X1)                      6890176.000
                                                  250655216.000 r
  U635/Y (AND2X1)                      2474432.000
                                                  253129648.000 r
  U636/Y (INVX1)                       1029952.000
                                                  254159600.000 f
  U1978/Y (NAND2X1)                    679872.000 254839472.000 r
  U1980/Y (NAND2X1)                    1483568.000
                                                  256323040.000 f
  U305/Y (AND2X1)                      2819072.000
                                                  259142112.000 f
  U306/Y (INVX1)                       -554384.000
                                                  258587728.000 r
  U1986/Y (NAND2X1)                    2561168.000
                                                  261148896.000 f
  U1987/Y (INVX1)                      -658976.000
                                                  260489920.000 r
  U2046/Y (NOR2X1)                     1345152.000
                                                  261835072.000 f
  out[0] (out)                            0.000   261835072.000 f
  data arrival time                               261835072.000

  clock clk (rise edge)                200000000.000
                                                  200000000.000
  clock network delay (ideal)             0.000   200000000.000
  clock reconvergence pessimism           0.000   200000000.000
  output external delay                   0.000   200000000.000
  data required time                              200000000.000
  ---------------------------------------------------------------
  data required time                              200000000.000
  data arrival time                               -261835072.000
  ---------------------------------------------------------------
  slack (VIOLATED)                                -61835072.000


1
