Information: Updating design information... (UID-85)
 
****************************************
Report : qor
Design : top
Version: S-2021.06-SP2
Date   : Sun Dec  4 23:03:33 2022
****************************************


  Timing Path Group 'clk'
  -----------------------------------
  Levels of Logic:             102.00
  Critical Path Length:  141523104.00
  Critical Path Slack:    58476896.00
  Critical Path Clk Period:
                         200000000.00
  Total Negative Slack:          0.00
  No. of Violating Paths:        0.00
  Worst Hold Violation:          0.00
  Total Hold Violation:          0.00
  No. of Hold Violations:        0.00
  -----------------------------------


  Cell Count
  -----------------------------------
  Hierarchical Cell Count:          0
  Hierarchical Port Count:          0
  Leaf Cell Count:               1056
  Buf/Inv Cell Count:             420
  Buf Cell Count:                   0
  Inv Cell Count:                 420
  CT Buf/Inv Cell Count:            0
  Combinational Cell Count:      1056
  Sequential Cell Count:            0
  Macro Count:                      0
  -----------------------------------


  Area
  -----------------------------------
  Combinational Area:
                     378258066.000000
  Noncombinational Area:     0.000000
  Buf/Inv Area:       95936400.000000
  Total Buffer Area:             0.00
  Total Inverter Area:    95936400.00
  Macro/Black Box Area:      0.000000
  Net Area:                  0.000000
  -----------------------------------
  Cell Area:         378258066.000000
  Design Area:       378258066.000000


  Design Rules
  -----------------------------------
  Total Number of Nets:          1084
  Nets With Violations:          1055
  Max Trans Violations:          1055
  Max Cap Violations:               0
  -----------------------------------


  Hostname: leoforos

  Compile CPU Statistics
  -----------------------------------------
  Resource Sharing:                    0.61
  Logic Optimization:                  0.06
  Mapping Optimization:                1.04
  -----------------------------------------
  Overall Compile Time:                4.97
  Overall Compile Wall Clock Time:     5.31

  --------------------------------------------------------------------

  Design  WNS: 0.00  TNS: 0.00  Number of Violating Paths: 0


  Design (Hold)  WNS: 0.00  TNS: 0.00  Number of Violating Paths: 0

  --------------------------------------------------------------------


1
