****************************************
Report : timing
	-path_type full
	-delay_type max
	-max_paths 1
	-sort_by slack
Design : top
Version: S-2021.06-SP1
Date   : Sun Dec  4 23:03:39 2022
****************************************


  Startpoint: inp[17] (input port clocked by clk)
  Endpoint: out[0] (output port clocked by clk)
  Path Group: clk
  Path Type: max

  Point                                    Incr       Path
  ---------------------------------------------------------------
  clock clk (rise edge)                   0.000      0.000
  clock network delay (ideal)             0.000      0.000
  input external delay                    0.000      0.000 r
  inp[17] (in)                            0.000      0.000 r
  U724/Y (AND2X1)                      2207104.000
                                                  2207104.000 r
  U725/Y (INVX1)                       705440.000 2912544.000 f
  U815/Y (NAND2X1)                     918768.000 3831312.000 r
  U294/Y (AND2X1)                      2174720.000
                                                  6006032.000 r
  U295/Y (INVX1)                       715952.000 6721984.000 f
  U822/Y (XOR2X1)                      5588256.000
                                                  12310240.000 r
  U825/Y (XOR2X1)                      4750552.000
                                                  17060792.000 f
  U648/Y (AND2X1)                      2058536.000
                                                  19119328.000 f
  U649/Y (INVX1)                       -1375272.000
                                                  17744056.000 r
  U826/Y (NAND2X1)                     1054152.000
                                                  18798208.000 f
  U838/Y (XOR2X1)                      5943072.000
                                                  24741280.000 r
  U842/Y (INVX1)                       1271376.000
                                                  26012656.000 f
  U843/Y (NAND2X1)                     1289664.000
                                                  27302320.000 r
  U168/Y (AND2X1)                      2174552.000
                                                  29476872.000 r
  U169/Y (INVX1)                       715568.000 30192440.000 f
  U322/Y (AND2X1)                      2034872.000
                                                  32227312.000 f
  U323/Y (INVX1)                       -230112.000
                                                  31997200.000 r
  U844/Y (INVX1)                       651888.000 32649088.000 f
  U846/Y (NAND2X1)                     924448.000 33573536.000 r
  U574/Y (AND2X1)                      2174464.000
                                                  35748000.000 r
  U575/Y (INVX1)                       715816.000 36463816.000 f
  U856/Y (XOR2X1)                      4914944.000
                                                  41378760.000 r
  U873/Y (OR2X1)                       2349760.000
                                                  43728520.000 r
  U608/Y (AND2X1)                      2196632.000
                                                  45925152.000 r
  U609/Y (INVX1)                       708600.000 46633752.000 f
  U474/Y (XNOR2X1)                     6007096.000
                                                  52640848.000 f
  U368/Y (AND2X1)                      2428448.000
                                                  55069296.000 f
  U369/Y (INVX1)                       -1366008.000
                                                  53703288.000 r
  U354/Y (AND2X1)                      2198928.000
                                                  55902216.000 r
  U355/Y (INVX1)                       725048.000 56627264.000 f
  U937/Y (NAND2X1)                     915064.000 57542328.000 r
  U478/Y (AND2X1)                      1818712.000
                                                  59361040.000 r
  U479/Y (INVX1)                       708096.000 60069136.000 f
  U939/Y (NAND2X1)                     1285928.000
                                                  61355064.000 r
  U506/Y (AND2X1)                      2174536.000
                                                  63529600.000 r
  U507/Y (INVX1)                       715576.000 64245176.000 f
  U792/Y (AND2X1)                      2039288.000
                                                  66284464.000 f
  U194/Y (AND2X1)                      2053112.000
                                                  68337576.000 f
  U195/Y (INVX1)                       -1187216.000
                                                  67150360.000 r
  U1075/Y (NOR2X1)                     553848.000 67704208.000 f
  U796/Y (OR2X1)                       2336240.000
                                                  70040448.000 f
  U797/Y (INVX1)                       -973872.000
                                                  69066576.000 r
  U728/Y (AND2X1)                      1880728.000
                                                  70947304.000 r
  U729/Y (INVX1)                       708280.000 71655584.000 f
  U1088/Y (NAND2X1)                    935480.000 72591064.000 r
  U491/Y (XNOR2X1)                     6354744.000
                                                  78945808.000 r
  U799/Y (INVX1)                       827824.000 79773632.000 f
  U1089/Y (NAND2X1)                    1285536.000
                                                  81059168.000 r
  U376/Y (AND2X1)                      2174560.000
                                                  83233728.000 r
  U377/Y (INVX1)                       732784.000 83966512.000 f
  U1090/Y (INVX1)                      440384.000 84406896.000 r
  U470/Y (AND2X1)                      2198688.000
                                                  86605584.000 r
  U471/Y (INVX1)                       707936.000 87313520.000 f
  U580/Y (AND2X1)                      2458048.000
                                                  89771568.000 f
  U581/Y (INVX1)                       -1187432.000
                                                  88584136.000 r
  U454/Y (NAND2X1)                     1052176.000
                                                  89636312.000 f
  U1095/Y (OR2X1)                      2095448.000
                                                  91731760.000 f
  U550/Y (AND2X1)                      2434344.000
                                                  94166104.000 f
  U551/Y (INVX1)                       -1328264.000
                                                  92837840.000 r
  U490/Y (XNOR2X1)                     5860472.000
                                                  98698312.000 r
  U798/Y (INVX1)                       824504.000 99522816.000 f
  U258/Y (AND2X1)                      2034864.000
                                                  101557680.000 f
  U259/Y (INVX1)                       -1378816.000
                                                  100178864.000 r
  U1122/Y (NAND2X1)                    1049856.000
                                                  101228720.000 f
  U122/Y (AND2X1)                      1857888.000
                                                  103086608.000 f
  U1128/Y (NAND2X1)                    862784.000 103949392.000 r
  U192/Y (AND2X1)                      2174528.000
                                                  106123920.000 r
  U193/Y (INVX1)                       715584.000 106839504.000 f
  U804/Y (AND2X1)                      2034864.000
                                                  108874368.000 f
  U781/Y (INVX1)                       -292736.000
                                                  108581632.000 r
  U446/Y (INVX1)                       673080.000 109254712.000 f
  U460/Y (NAND2X1)                     1286464.000
                                                  110541176.000 r
  U668/Y (AND2X1)                      2174488.000
                                                  112715664.000 r
  U669/Y (INVX1)                       715808.000 113431472.000 f
  U1154/Y (NOR2X1)                     1157536.000
                                                  114589008.000 r
  U180/Y (AND2X1)                      1838568.000
                                                  116427576.000 r
  U181/Y (INVX1)                       715560.000 117143136.000 f
  U1156/Y (NAND2X1)                    918880.000 118062016.000 r
  U290/Y (AND2X1)                      2174560.000
                                                  120236576.000 r
  U291/Y (INVX1)                       715784.000 120952360.000 f
  U1158/Y (NOR2X1)                     1157568.000
                                                  122109928.000 r
  U1161/Y (NOR2X1)                     156952.000 122266880.000 f
  U238/Y (AND2X1)                      2441208.000
                                                  124708088.000 f
  U239/Y (INVX1)                       -1296360.000
                                                  123411728.000 r
  U242/Y (AND2X1)                      1881904.000
                                                  125293632.000 r
  U243/Y (INVX1)                       715568.000 126009200.000 f
  U1162/Y (NAND2X1)                    918872.000 126928072.000 r
  U676/Y (AND2X1)                      2174560.000
                                                  129102632.000 r
  U677/Y (INVX1)                       715784.000 129818416.000 f
  U660/Y (AND2X1)                      2460928.000
                                                  132279344.000 f
  U661/Y (INVX1)                       -1189184.000
                                                  131090160.000 r
  U1166/Y (NAND2X1)                    1050008.000
                                                  132140168.000 f
  U164/Y (AND2X1)                      2441960.000
                                                  134582128.000 f
  U165/Y (INVX1)                       -1291408.000
                                                  133290720.000 r
  U526/Y (AND2X1)                      1881904.000
                                                  135172624.000 r
  U527/Y (INVX1)                       715568.000 135888192.000 f
  U1168/Y (NAND2X1)                    924528.000 136812720.000 r
  U510/Y (AND2X1)                      2174368.000
                                                  138987088.000 r
  U511/Y (INVX1)                       715632.000 139702720.000 f
  U674/Y (AND2X1)                      2458080.000
                                                  142160800.000 f
  U675/Y (INVX1)                       -1187200.000
                                                  140973600.000 r
  U1171/Y (NOR2X1)                     549168.000 141522768.000 f
  out[0] (out)                            0.000   141522768.000 f
  data arrival time                               141522768.000

  clock clk (rise edge)                200000000.000
                                                  200000000.000
  clock network delay (ideal)             0.000   200000000.000
  clock reconvergence pessimism           0.000   200000000.000
  output external delay                   0.000   200000000.000
  data required time                              200000000.000
  ---------------------------------------------------------------
  data required time                              200000000.000
  data arrival time                               -141522768.000
  ---------------------------------------------------------------
  slack (MET)                                     58477232.000


1
