****************************************
Report : timing
	-path_type full
	-delay_type max
	-max_paths 1
	-sort_by slack
Design : top
Version: S-2021.06-SP1
Date   : Fri Dec 16 10:50:53 2022
****************************************


  Startpoint: inp[33] (input port clocked by clk)
  Endpoint: out[0] (output port clocked by clk)
  Path Group: clk
  Path Type: max

  Point                                    Incr       Path
  ---------------------------------------------------------------
  clock clk (rise edge)                   0.000      0.000
  clock network delay (ideal)             0.000      0.000
  input external delay                    0.000      0.000 r
  inp[33] (in)                            0.000      0.000 r
  U221/Y (XOR2X1)                      8097744.000
                                                  8097744.000 f
  U233/Y (XOR2X1)                      5822560.000
                                                  13920304.000 r
  U352/Y (INVX1)                       2228272.000
                                                  16148576.000 f
  U764/Y (XNOR2X1)                     5095584.000
                                                  21244160.000 r
  U765/Y (INVX1)                       1444928.000
                                                  22689088.000 f
  U219/Y (XOR2X1)                      6079024.000
                                                  28768112.000 r
  U218/Y (INVX1)                       2249104.000
                                                  31017216.000 f
  U317/Y (XNOR2X1)                     8532528.000
                                                  39549744.000 f
  U318/Y (INVX1)                       -125376.000
                                                  39424368.000 r
  U311/Y (XNOR2X1)                     8264640.000
                                                  47689008.000 r
  U279/Y (XNOR2X1)                     8156016.000
                                                  55845024.000 r
  U280/Y (INVX1)                       1532352.000
                                                  57377376.000 f
  U1203/Y (NAND2X1)                    1087168.000
                                                  58464544.000 r
  U1204/Y (INVX1)                      1376688.000
                                                  59841232.000 f
  U1229/Y (NOR2X1)                     972128.000 60813360.000 r
  U298/Y (NOR2X1)                      1322960.000
                                                  62136320.000 f
  U291/Y (NOR2X1)                      1413936.000
                                                  63550256.000 r
  U292/Y (INVX1)                       1213728.000
                                                  64763984.000 f
  U1230/Y (NAND2X1)                    674128.000 65438112.000 r
  U619/Y (NAND2X1)                     1482640.000
                                                  66920752.000 f
  U252/Y (XOR2X1)                      6589952.000
                                                  73510704.000 r
  U251/Y (NAND2X1)                     1894712.000
                                                  75405416.000 f
  U618/Y (INVX1)                       -871864.000
                                                  74533552.000 r
  U603/Y (OR2X1)                       2582696.000
                                                  77116248.000 r
  U1246/Y (NAND2X1)                    1911056.000
                                                  79027304.000 f
  U338/Y (XNOR2X1)                     9031488.000
                                                  88058792.000 f
  U339/Y (INVX1)                       -673136.000
                                                  87385656.000 r
  U1706/Y (NOR2X1)                     1347856.000
                                                  88733512.000 f
  U1709/Y (NOR2X1)                     981112.000 89714624.000 r
  U575/Y (XNOR2X1)                     8139736.000
                                                  97854360.000 r
  U576/Y (INVX1)                       1540984.000
                                                  99395344.000 f
  U1710/Y (NOR2X1)                     1413848.000
                                                  100809192.000 r
  U1711/Y (INVX1)                      1205544.000
                                                  102014736.000 f
  U1739/Y (NAND2X1)                    952920.000 102967656.000 r
  U1740/Y (NAND2X1)                    2657976.000
                                                  105625632.000 f
  U325/Y (XNOR2X1)                     8808640.000
                                                  114434272.000 f
  U326/Y (INVX1)                       -659000.000
                                                  113775272.000 r
  U350/Y (XNOR2X1)                     8164736.000
                                                  121940008.000 r
  U351/Y (INVX1)                       1480624.000
                                                  123420632.000 f
  U1752/Y (NOR2X1)                     960512.000 124381144.000 r
  U641/Y (NOR2X1)                      1553968.000
                                                  125935112.000 f
  U241/Y (INVX1)                       -42296.000 125892816.000 r
  U242/Y (NAND2X1)                     1522736.000
                                                  127415552.000 f
  U258/Y (NAND2X1)                     619320.000 128034872.000 r
  U617/Y (NAND2X1)                     1483960.000
                                                  129518832.000 f
  U616/Y (NAND2X1)                     643080.000 130161912.000 r
  U615/Y (NAND2X1)                     1971944.000
                                                  132133856.000 f
  U614/Y (INVX1)                       -713856.000
                                                  131420000.000 r
  U1788/Y (NOR2X1)                     1551664.000
                                                  132971664.000 f
  U202/Y (INVX1)                       -65696.000 132905968.000 r
  U200/Y (NAND2X1)                     2573456.000
                                                  135479424.000 f
  U253/Y (XOR2X1)                      6291648.000
                                                  141771072.000 r
  U268/Y (INVX1)                       2151296.000
                                                  143922368.000 f
  U337/Y (XNOR2X1)                     8517088.000
                                                  152439456.000 f
  U430/Y (INVX1)                       -689408.000
                                                  151750048.000 r
  U340/Y (XNOR2X1)                     8164784.000
                                                  159914832.000 r
  U341/Y (INVX1)                       1554144.000
                                                  161468976.000 f
  U633/Y (NOR2X1)                      960544.000 162429520.000 r
  U613/Y (NOR2X1)                      1323712.000
                                                  163753232.000 f
  U597/Y (NOR2X1)                      1463664.000
                                                  165216896.000 r
  U611/Y (INVX1)                       1257792.000
                                                  166474688.000 f
  U1972/Y (NOR2X1)                     960592.000 167435280.000 r
  U1973/Y (OR2X1)                      4887328.000
                                                  172322608.000 r
  U719/Y (XNOR2X1)                     8172784.000
                                                  180495392.000 r
  U720/Y (INVX1)                       1440704.000
                                                  181936096.000 f
  U204/Y (XOR2X1)                      6082304.000
                                                  188018400.000 r
  U203/Y (INVX1)                       2231536.000
                                                  190249936.000 f
  U752/Y (NAND2X1)                     672544.000 190922480.000 r
  U1984/Y (NAND2X1)                    1897440.000
                                                  192819920.000 f
  U1985/Y (INVX1)                      -658112.000
                                                  192161808.000 r
  U624/Y (NAND2X1)                     1524400.000
                                                  193686208.000 f
  U622/Y (NAND2X1)                     1088960.000
                                                  194775168.000 r
  U183/Y (INVX1)                       1418880.000
                                                  196194048.000 f
  U184/Y (NOR2X1)                      960480.000 197154528.000 r
  U1990/Y (NOR2X1)                     1326352.000
                                                  198480880.000 f
  U299/Y (NOR2X1)                      963424.000 199444304.000 r
  out[0] (out)                            0.000   199444304.000 r
  data arrival time                               199444304.000

  clock clk (rise edge)                200000000.000
                                                  200000000.000
  clock network delay (ideal)             0.000   200000000.000
  clock reconvergence pessimism           0.000   200000000.000
  output external delay                   0.000   200000000.000
  data required time                              200000000.000
  ---------------------------------------------------------------
  data required time                              200000000.000
  data arrival time                               -199444304.000
  ---------------------------------------------------------------
  slack (MET)                                     555696.000


1
