Information: Updating design information... (UID-85)
 
****************************************
Report : qor
Design : top
Version: S-2021.06-SP2
Date   : Fri Dec 16 13:18:32 2022
****************************************


  Timing Path Group 'clk'
  -----------------------------------
  Levels of Logic:             160.00
  Critical Path Length:  249924656.00
  Critical Path Slack:       75344.00
  Critical Path Clk Period:
                         250000000.00
  Total Negative Slack:          0.00
  No. of Violating Paths:        0.00
  Worst Hold Violation:          0.00
  Total Hold Violation:          0.00
  No. of Hold Violations:        0.00
  -----------------------------------


  Cell Count
  -----------------------------------
  Hierarchical Cell Count:          0
  Hierarchical Port Count:          0
  Leaf Cell Count:               4530
  Buf/Inv Cell Count:             981
  Buf Cell Count:                   0
  Inv Cell Count:                 981
  CT Buf/Inv Cell Count:            0
  Combinational Cell Count:      4530
  Sequential Cell Count:            0
  Macro Count:                      0
  -----------------------------------


  Area
  -----------------------------------
  Combinational Area:
                    1857888716.000000
  Noncombinational Area:     0.000000
  Buf/Inv Area:      224080020.000000
  Total Buffer Area:             0.00
  Total Inverter Area:   224080020.00
  Macro/Black Box Area:      0.000000
  Net Area:                  0.000000
  -----------------------------------
  Cell Area:        1857888716.000000
  Design Area:      1857888716.000000


  Design Rules
  -----------------------------------
  Total Number of Nets:          4594
  Nets With Violations:          4530
  Max Trans Violations:          4530
  Max Cap Violations:               0
  -----------------------------------


  Hostname: leoforos

  Compile CPU Statistics
  -----------------------------------------
  Resource Sharing:                    2.20
  Logic Optimization:                  0.42
  Mapping Optimization:                5.40
  -----------------------------------------
  Overall Compile Time:               24.61
  Overall Compile Wall Clock Time:    26.15

  --------------------------------------------------------------------

  Design  WNS: 0.00  TNS: 0.00  Number of Violating Paths: 0


  Design (Hold)  WNS: 0.00  TNS: 0.00  Number of Violating Paths: 0

  --------------------------------------------------------------------


1
