****************************************
Report : timing
	-path_type full
	-delay_type max
	-max_paths 1
	-sort_by slack
Design : top
Version: S-2021.06-SP1
Date   : Tue Nov 29 14:19:52 2022
****************************************


  Startpoint: inp[16] (input port clocked by clk)
  Endpoint: out[0] (output port clocked by clk)
  Path Group: clk
  Path Type: max

  Point                                    Incr       Path
  ---------------------------------------------------------------
  clock clk (rise edge)                   0.000      0.000
  clock network delay (ideal)             0.000      0.000
  input external delay                    0.000      0.000 f
  inp[16] (in)                            0.000      0.000 f
  U569/Y (NAND2X1)                     1162960.000
                                                  1162960.000 r
  U231/Y (AND2X1)                      2802144.000
                                                  3965104.000 r
  U232/Y (INVX1)                       873392.000 4838496.000 f
  U570/Y (NAND2X1)                     1167856.000
                                                  6006352.000 r
  U571/Y (NAND2X1)                     1456048.000
                                                  7462400.000 f
  U572/Y (NAND2X1)                     845520.000 8307920.000 r
  U668/Y (NAND2X1)                     2137184.000
                                                  10445104.000 f
  U249/Y (XNOR2X1)                     7398336.000
                                                  17843440.000 f
  U250/Y (INVX1)                       -1259920.000
                                                  16583520.000 r
  U673/Y (NAND2X1)                     1007536.000
                                                  17591056.000 f
  U370/Y (NAND2X1)                     1618960.000
                                                  19210016.000 r
  U371/Y (INVX1)                       1237568.000
                                                  20447584.000 f
  U674/Y (NOR2X1)                      1542048.000
                                                  21989632.000 r
  U677/Y (NAND2X1)                     1062976.000
                                                  23052608.000 f
  U678/Y (NAND2X1)                     1171840.000
                                                  24224448.000 r
  U683/Y (XOR2X1)                      6028144.000
                                                  30252592.000 f
  U685/Y (NAND2X1)                     1177360.000
                                                  31429952.000 r
  U713/Y (NAND2X1)                     1044656.000
                                                  32474608.000 f
  U714/Y (NAND2X1)                     1171680.000
                                                  33646288.000 r
  U720/Y (OR2X1)                       5139984.000
                                                  38786272.000 r
  U721/Y (NAND2X1)                     1004960.000
                                                  39791232.000 f
  U722/Y (NAND2X1)                     1170848.000
                                                  40962080.000 r
  U723/Y (NAND2X1)                     1050016.000
                                                  42012096.000 f
  U724/Y (NAND2X1)                     836544.000 42848640.000 r
  U500/Y (OR2X1)                       5203136.000
                                                  48051776.000 r
  U301/Y (AND2X1)                      2102944.000
                                                  50154720.000 r
  U302/Y (INVX1)                       776256.000 50930976.000 f
  U995/Y (NOR2X1)                      1064704.000
                                                  51995680.000 r
  U997/Y (NAND2X1)                     1039792.000
                                                  53035472.000 f
  U316/Y (NAND2X1)                     1619024.000
                                                  54654496.000 r
  U317/Y (INVX1)                       1288000.000
                                                  55942496.000 f
  U491/Y (INVX1)                       410816.000 56353312.000 r
  U344/Y (OR2X1)                       2564720.000
                                                  58918032.000 r
  U1630/Y (OR2X1)                      2225232.000
                                                  61143264.000 r
  U1631/Y (NAND2X1)                    1016640.000
                                                  62159904.000 f
  U1632/Y (NAND2X1)                    1171232.000
                                                  63331136.000 r
  U1635/Y (OR2X1)                      5168720.000
                                                  68499856.000 r
  U1642/Y (NAND2X1)                    1364048.000
                                                  69863904.000 f
  U1643/Y (XOR2X1)                     5560544.000
                                                  75424448.000 r
  U1963/Y (NAND2X1)                    2723808.000
                                                  78148256.000 f
  U1970/Y (NAND2X1)                    829728.000 78977984.000 r
  U1971/Y (NAND2X1)                    2140080.000
                                                  81118064.000 f
  U1973/Y (OR2X1)                      2408096.000
                                                  83526160.000 f
  U1974/Y (NAND2X1)                    844816.000 84370976.000 r
  U1975/Y (NAND2X1)                    2196128.000
                                                  86567104.000 f
  U1978/Y (OR2X1)                      2656880.000
                                                  89223984.000 f
  U1979/Y (INVX1)                      -1005680.000
                                                  88218304.000 r
  U1980/Y (OR2X1)                      1572624.000
                                                  89790928.000 r
  U1982/Y (NAND2X1)                    1026944.000
                                                  90817872.000 f
  U1988/Y (OR2X1)                      2410864.000
                                                  93228736.000 f
  U1989/Y (NAND2X1)                    1167008.000
                                                  94395744.000 r
  U1990/Y (NAND2X1)                    2123440.000
                                                  96519184.000 f
  U2241/Y (NAND2X1)                    840496.000 97359680.000 r
  U365/Y (XNOR2X1)                     7041392.000
                                                  104401072.000 r
  U366/Y (INVX1)                       987872.000 105388944.000 f
  U2248/Y (NAND2X1)                    807360.000 106196304.000 r
  U2251/Y (NAND2X1)                    1052224.000
                                                  107248528.000 f
  U2252/Y (NOR2X1)                     1074688.000
                                                  108323216.000 r
  U2287/Y (NAND2X1)                    1037600.000
                                                  109360816.000 f
  U228/Y (NAND2X1)                     1295408.000
                                                  110656224.000 r
  U2308/Y (NAND2X1)                    2567944.000
                                                  113224168.000 f
  U2309/Y (NAND2X1)                    1177728.000
                                                  114401896.000 r
  U350/Y (OR2X1)                       5188552.000
                                                  119590448.000 r
  U2318/Y (NAND2X1)                    1361000.000
                                                  120951448.000 f
  U346/Y (NAND2X1)                     1172232.000
                                                  122123680.000 r
  U2323/Y (OR2X1)                      5140232.000
                                                  127263912.000 r
  U2324/Y (NAND2X1)                    1361000.000
                                                  128624912.000 f
  U348/Y (NAND2X1)                     1172216.000
                                                  129797128.000 r
  U2325/Y (OR2X1)                      5140136.000
                                                  134937264.000 r
  U2326/Y (NAND2X1)                    1360992.000
                                                  136298256.000 f
  U2328/Y (NAND2X1)                    1275392.000
                                                  137573648.000 r
  U2329/Y (INVX1)                      1242128.000
                                                  138815776.000 f
  U2333/Y (NAND2X1)                    807232.000 139623008.000 r
  U2334/Y (NAND2X1)                    2141664.000
                                                  141764672.000 f
  U2337/Y (NAND2X1)                    1275360.000
                                                  143040032.000 r
  U2342/Y (INVX1)                      1243216.000
                                                  144283248.000 f
  U2343/Y (NAND2X1)                    1161952.000
                                                  145445200.000 r
  U2344/Y (NAND2X1)                    2206320.000
                                                  147651520.000 f
  U349/Y (NAND2X1)                     1171744.000
                                                  148823264.000 r
  U2345/Y (OR2X1)                      5170464.000
                                                  153993728.000 r
  U2346/Y (NAND2X1)                    1360992.000
                                                  155354720.000 f
  U2348/Y (NAND2X1)                    841920.000 156196640.000 r
  U2349/Y (OR2X1)                      5169936.000
                                                  161366576.000 r
  U2350/Y (NAND2X1)                    1360992.000
                                                  162727568.000 f
  U323/Y (AND2X1)                      2336416.000
                                                  165063984.000 f
  U324/Y (INVX1)                       -1268224.000
                                                  163795760.000 r
  U2380/Y (NAND2X1)                    1005104.000
                                                  164800864.000 f
  U2382/Y (NAND2X1)                    1277792.000
                                                  166078656.000 r
  U2383/Y (NOR2X1)                     962272.000 167040928.000 f
  U2388/Y (NOR2X1)                     1068384.000
                                                  168109312.000 r
  U2393/Y (NAND2X1)                    1219136.000
                                                  169328448.000 f
  U2394/Y (INVX1)                      -641344.000
                                                  168687104.000 r
  U2397/Y (OR2X1)                      2026656.000
                                                  170713760.000 r
  U2398/Y (INVX1)                      761024.000 171474784.000 f
  U229/Y (AND2X1)                      2833280.000
                                                  174308064.000 f
  U230/Y (INVX1)                       -1174848.000
                                                  173133216.000 r
  U2399/Y (NAND2X1)                    1360992.000
                                                  174494208.000 f
  U2401/Y (NAND2X1)                    1273904.000
                                                  175768112.000 r
  U2402/Y (INVX1)                      1242256.000
                                                  177010368.000 f
  U2408/Y (NAND2X1)                    807248.000 177817616.000 r
  U2409/Y (NAND2X1)                    2206256.000
                                                  180023872.000 f
  U2411/Y (NAND2X1)                    1273888.000
                                                  181297760.000 r
  U2412/Y (INVX1)                      1241536.000
                                                  182539296.000 f
  U2413/Y (NAND2X1)                    1161952.000
                                                  183701248.000 r
  U2414/Y (NAND2X1)                    2206352.000
                                                  185907600.000 f
  U2416/Y (NAND2X1)                    1273856.000
                                                  187181456.000 r
  U2417/Y (INVX1)                      1241520.000
                                                  188422976.000 f
  U2418/Y (NAND2X1)                    1161968.000
                                                  189584944.000 r
  U2419/Y (NAND2X1)                    2206352.000
                                                  191791296.000 f
  U2421/Y (NAND2X1)                    1275344.000
                                                  193066640.000 r
  U2422/Y (INVX1)                      1241536.000
                                                  194308176.000 f
  U2423/Y (NAND2X1)                    1161952.000
                                                  195470128.000 r
  U2424/Y (NAND2X1)                    2206352.000
                                                  197676480.000 f
  U325/Y (AND2X1)                      2336320.000
                                                  200012800.000 f
  U326/Y (INVX1)                       -1287216.000
                                                  198725584.000 r
  U2513/Y (NAND2X1)                    1367248.000
                                                  200092832.000 f
  U2516/Y (NAND2X1)                    834016.000 200926848.000 r
  U2517/Y (NOR2X1)                     959520.000 201886368.000 f
  U2519/Y (AND2X1)                     2305072.000
                                                  204191440.000 f
  U2520/Y (INVX1)                      -1286352.000
                                                  202905088.000 r
  U2521/Y (OR2X1)                      1562704.000
                                                  204467792.000 r
  U2522/Y (NAND2X1)                    1715808.000
                                                  206183600.000 f
  U2524/Y (NAND2X1)                    841984.000 207025584.000 r
  U2525/Y (OR2X1)                      5229840.000
                                                  212255424.000 r
  U2526/Y (NAND2X1)                    1360992.000
                                                  213616416.000 f
  U2528/Y (NAND2X1)                    842000.000 214458416.000 r
  U2529/Y (OR2X1)                      5168944.000
                                                  219627360.000 r
  U2530/Y (NAND2X1)                    1360992.000
                                                  220988352.000 f
  U2532/Y (NAND2X1)                    842096.000 221830448.000 r
  U2533/Y (OR2X1)                      5169952.000
                                                  227000400.000 r
  U2534/Y (NAND2X1)                    1360992.000
                                                  228361392.000 f
  U2536/Y (NAND2X1)                    842112.000 229203504.000 r
  U2541/Y (OR2X1)                      5169984.000
                                                  234373488.000 r
  U2542/Y (NAND2X1)                    1361008.000
                                                  235734496.000 f
  U2543/Y (NAND2X1)                    1165872.000
                                                  236900368.000 r
  U2546/Y (NAND2X1)                    1048976.000
                                                  237949344.000 f
  U2548/Y (NAND2X1)                    836368.000 238785712.000 r
  U465/Y (AND2X1)                      2781600.000
                                                  241567312.000 r
  U466/Y (INVX1)                       779216.000 242346528.000 f
  U2559/Y (NAND2X1)                    1161984.000
                                                  243508512.000 r
  U2560/Y (NAND2X1)                    2205824.000
                                                  245714336.000 f
  U2561/Y (NAND2X1)                    1159936.000
                                                  246874272.000 r
  out[0] (out)                            0.000   246874272.000 r
  data arrival time                               246874272.000

  clock clk (rise edge)                250000000.000
                                                  250000000.000
  clock network delay (ideal)             0.000   250000000.000
  clock reconvergence pessimism           0.000   250000000.000
  output external delay                   0.000   250000000.000
  data required time                              250000000.000
  ---------------------------------------------------------------
  data required time                              250000000.000
  data arrival time                               -246874272.000
  ---------------------------------------------------------------
  slack (MET)                                     3125728.000


1
