 
****************************************
Report : timing
        -path full
        -delay max
        -max_paths 1
Design : top
Version: S-2021.06-SP2
Date   : Fri Dec 16 15:14:45 2022
****************************************

Operating Conditions: TT   Library: PPDK_Standard_Library_0.8V_25C_TYP_X1
Wire Load Model Mode: top

  Startpoint: inp[13] (input port clocked by clk)
  Endpoint: out[0] (output port clocked by clk)
  Path Group: clk
  Path Type: max

  Point                                    Incr       Path
  -----------------------------------------------------------
  clock clk (rise edge)                   0.000      0.000
  clock network delay (ideal)             0.000      0.000
  input external delay                    0.000      0.000 f
  inp[13] (in)                            0.000      0.000 f
  U1704/Y (INVX1)                      602736.312 602736.312 r
  U1934/Y (XOR2X1)                     5639220.500
                                                  6241957.000 f
  U1943/Y (NAND2X1)                    1286872.000
                                                  7528829.000 r
  U1944/Y (INVX1)                      1234458.000
                                                  8763287.000 f
  U1945/Y (OR2X1)                      2437964.000
                                                  11201251.000 f
  U639/Y (XNOR2X1)                     6972851.000
                                                  18174102.000 f
  U967/Y (INVX1)                       -1244820.000
                                                  16929282.000 r
  U669/Y (XNOR2X1)                     6617942.000
                                                  23547224.000 r
  U670/Y (INVX1)                       913036.000 24460260.000 f
  U543/Y (NAND2X1)                     1255160.000
                                                  25715420.000 r
  U910/Y (INVX1)                       1229060.000
                                                  26944480.000 f
  U2013/Y (OR2X1)                      2437960.000
                                                  29382440.000 f
  U2040/Y (XOR2X1)                     6382076.000
                                                  35764516.000 r
  U2041/Y (AND2X1)                     1874856.000
                                                  37639372.000 r
  U2042/Y (OR2X1)                      4670648.000
                                                  42310020.000 r
  U564/Y (XNOR2X1)                     6773316.000
                                                  49083336.000 r
  U211/Y (XOR2X1)                      6159160.000
                                                  55242496.000 f
  U462/Y (OR2X1)                       2367568.000
                                                  57610064.000 f
  U2170/Y (NAND2X1)                    1620464.000
                                                  59230528.000 r
  U2171/Y (INVX1)                      1235332.000
                                                  60465860.000 f
  U2172/Y (NOR2X1)                     1548024.000
                                                  62013884.000 r
  U2173/Y (INVX1)                      1062180.000
                                                  63076064.000 f
  U2174/Y (NAND2X1)                    807292.000 63883356.000 r
  U2175/Y (NAND2X1)                    1226820.000
                                                  65110176.000 f
  U2181/Y (INVX1)                      -648712.000
                                                  64461464.000 r
  U2182/Y (NAND2X1)                    1426640.000
                                                  65888104.000 f
  U1017/Y (XNOR2X1)                    6795688.000
                                                  72683792.000 f
  U2187/Y (OR2X1)                      2387448.000
                                                  75071240.000 f
  U2188/Y (NAND2X1)                    1196328.000
                                                  76267568.000 r
  U449/Y (AND2X1)                      2775032.000
                                                  79042600.000 r
  U450/Y (INVX1)                       916848.000 79959448.000 f
  U3842/Y (XOR2X1)                     5187040.000
                                                  85146488.000 r
  U554/Y (XNOR2X1)                     6627496.000
                                                  91773984.000 r
  U555/Y (INVX1)                       1043968.000
                                                  92817952.000 f
  U3843/Y (NAND2X1)                    1161968.000
                                                  93979920.000 r
  U3846/Y (NAND2X1)                    1058976.000
                                                  95038896.000 f
  U3852/Y (NOR2X1)                     1074712.000
                                                  96113608.000 r
  U3854/Y (OR2X1)                      3869936.000
                                                  99983544.000 r
  U3855/Y (NAND2X1)                    1542400.000
                                                  101525944.000 f
  U3856/Y (NAND2X1)                    1166392.000
                                                  102692336.000 r
  U3864/Y (NAND2X1)                    2115368.000
                                                  104807704.000 f
  U3870/Y (NOR2X1)                     1074584.000
                                                  105882288.000 r
  U3881/Y (OR2X1)                      3869912.000
                                                  109752200.000 r
  U3882/Y (NAND2X1)                    1709160.000
                                                  111461360.000 f
  U3888/Y (NOR2X1)                     1074552.000
                                                  112535912.000 r
  U3896/Y (OR2X1)                      3875584.000
                                                  116411496.000 r
  U3897/Y (NAND2X1)                    1370320.000
                                                  117781816.000 f
  U3904/Y (NOR2X1)                     1074552.000
                                                  118856368.000 r
  U3906/Y (OR2X1)                      3871512.000
                                                  122727880.000 r
  U3907/Y (NAND2X1)                    1711400.000
                                                  124439280.000 f
  U3908/Y (XOR2X1)                     6267904.000
                                                  130707184.000 r
  U3953/Y (NAND2X1)                    2820760.000
                                                  133527944.000 f
  U3954/Y (NAND2X1)                    1165832.000
                                                  134693776.000 r
  U3955/Y (AND2X1)                     2792272.000
                                                  137486048.000 r
  U4039/Y (XOR2X1)                     5902256.000
                                                  143388304.000 f
  U4041/Y (NAND2X1)                    883792.000 144272096.000 r
  U4042/Y (NAND2X1)                    2206096.000
                                                  146478192.000 f
  U4043/Y (NOR2X1)                     1074512.000
                                                  147552704.000 r
  U4044/Y (NAND2X1)                    1914352.000
                                                  149467056.000 f
  U433/Y (AND2X1)                      2832832.000
                                                  152299888.000 f
  U434/Y (INVX1)                       8448.000   152308336.000 r
  U4090/Y (NAND2X1)                    1053200.000
                                                  153361536.000 f
  U4091/Y (XOR2X1)                     5550160.000
                                                  158911696.000 r
  U4095/Y (NAND2X1)                    1081168.000
                                                  159992864.000 f
  U4096/Y (NAND2X1)                    1619872.000
                                                  161612736.000 r
  U4097/Y (INVX1)                      1236208.000
                                                  162848944.000 f
  U4101/Y (OR2X1)                      2431552.000
                                                  165280496.000 f
  U4102/Y (NAND2X1)                    1167104.000
                                                  166447600.000 r
  U4105/Y (NAND2X1)                    1047952.000
                                                  167495552.000 f
  U4114/Y (NAND2X1)                    836208.000 168331760.000 r
  U4117/Y (NAND2X1)                    1049696.000
                                                  169381456.000 f
  U4118/Y (NAND2X1)                    1165872.000
                                                  170547328.000 r
  U4121/Y (NAND2X1)                    1048976.000
                                                  171596304.000 f
  U4122/Y (NAND2X1)                    1165856.000
                                                  172762160.000 r
  U4125/Y (NAND2X1)                    1048992.000
                                                  173811152.000 f
  U4134/Y (NAND2X1)                    836368.000 174647520.000 r
  U4137/Y (NAND2X1)                    1049696.000
                                                  175697216.000 f
  U4138/Y (NAND2X1)                    1165872.000
                                                  176863088.000 r
  U4141/Y (NAND2X1)                    1048976.000
                                                  177912064.000 f
  U4150/Y (NAND2X1)                    836368.000 178748432.000 r
  U4153/Y (NAND2X1)                    1049696.000
                                                  179798128.000 f
  U4154/Y (NAND2X1)                    1165872.000
                                                  180964000.000 r
  U481/Y (NAND2X1)                     1227328.000
                                                  182191328.000 f
  U4157/Y (INVX1)                      390608.000 182581936.000 r
  U4521/Y (NAND2X1)                    1048400.000
                                                  183630336.000 f
  U4522/Y (NAND2X1)                    1171744.000
                                                  184802080.000 r
  U640/Y (AND2X1)                      2773104.000
                                                  187575184.000 r
  U641/Y (INVX1)                       777808.000 188352992.000 f
  U4523/Y (NAND2X1)                    1161968.000
                                                  189514960.000 r
  U4526/Y (NAND2X1)                    1052208.000
                                                  190567168.000 f
  U4535/Y (NAND2X1)                    836848.000 191404016.000 r
  U4538/Y (NAND2X1)                    1049696.000
                                                  192453712.000 f
  U4547/Y (NAND2X1)                    836480.000 193290192.000 r
  U4550/Y (NAND2X1)                    1049696.000
                                                  194339888.000 f
  U4559/Y (NAND2X1)                    836480.000 195176368.000 r
  U4562/Y (NAND2X1)                    1049696.000
                                                  196226064.000 f
  U4571/Y (NAND2X1)                    836480.000 197062544.000 r
  U4574/Y (NAND2X1)                    1049696.000
                                                  198112240.000 f
  U4583/Y (NAND2X1)                    836480.000 198948720.000 r
  U4586/Y (NAND2X1)                    1049696.000
                                                  199998416.000 f
  U4595/Y (NAND2X1)                    836480.000 200834896.000 r
  U4598/Y (NAND2X1)                    1049696.000
                                                  201884592.000 f
  U4607/Y (NAND2X1)                    836480.000 202721072.000 r
  U4610/Y (NAND2X1)                    1225392.000
                                                  203946464.000 f
  U4611/Y (INVX1)                      -658160.000
                                                  203288304.000 r
  U4614/Y (NOR2X1)                     954512.000 204242816.000 f
  U4624/Y (NAND2X1)                    1263888.000
                                                  205506704.000 r
  U4625/Y (INVX1)                      1237744.000
                                                  206744448.000 f
  U470/Y (NOR2X1)                      1535984.000
                                                  208280432.000 r
  U962/Y (INVX1)                       1059760.000
                                                  209340192.000 f
  U4626/Y (NAND2X1)                    807808.000 210148000.000 r
  U4628/Y (NAND2X1)                    1049840.000
                                                  211197840.000 f
  U4632/Y (NOR2X1)                     1074480.000
                                                  212272320.000 r
  U4636/Y (NOR2X1)                     957632.000 213229952.000 f
  U4641/Y (NAND2X1)                    821616.000 214051568.000 r
  U4643/Y (NAND2X1)                    1227312.000
                                                  215278880.000 f
  U4654/Y (NAND2X1)                    1166352.000
                                                  216445232.000 r
  U4655/Y (NAND2X1)                    2141696.000
                                                  218586928.000 f
  U4663/Y (NAND2X1)                    836368.000 219423296.000 r
  U4665/Y (NAND2X1)                    1050368.000
                                                  220473664.000 f
  U1035/Y (NOR2X1)                     1074496.000
                                                  221548160.000 r
  U4673/Y (OR2X1)                      3872896.000
                                                  225421056.000 r
  U4675/Y (NAND2X1)                    1021648.000
                                                  226442704.000 f
  U4683/Y (NAND2X1)                    832224.000 227274928.000 r
  U4685/Y (NAND2X1)                    1050368.000
                                                  228325296.000 f
  U1034/Y (NOR2X1)                     1074496.000
                                                  229399792.000 r
  U4693/Y (OR2X1)                      3884992.000
                                                  233284784.000 r
  U4695/Y (NAND2X1)                    1021648.000
                                                  234306432.000 f
  U4703/Y (NAND2X1)                    832224.000 235138656.000 r
  U4705/Y (NAND2X1)                    1048048.000
                                                  236186704.000 f
  U4713/Y (NAND2X1)                    836224.000 237022928.000 r
  U4715/Y (NAND2X1)                    1048048.000
                                                  238070976.000 f
  U4722/Y (NAND2X1)                    836224.000 238907200.000 r
  U4724/Y (NAND2X1)                    1048064.000
                                                  239955264.000 f
  U1033/Y (OR2X1)                      2404304.000
                                                  242359568.000 f
  U4726/Y (NAND2X1)                    1277824.000
                                                  243637392.000 r
  U4727/Y (INVX1)                      1243280.000
                                                  244880672.000 f
  U4728/Y (NOR2X1)                     1070768.000
                                                  245951440.000 r
  U4739/Y (NAND2X1)                    1991552.000
                                                  247942992.000 f
  U4740/Y (NAND2X1)                    1159984.000
                                                  249102976.000 r
  out[0] (out)                            0.000   249102976.000 r
  data arrival time                               249102976.000

  clock clk (rise edge)                250000000.000
                                                  250000000.000
  clock network delay (ideal)             0.000   250000000.000
  output external delay                   0.000   250000000.000
  data required time                              250000000.000
  -----------------------------------------------------------
  data required time                              250000000.000
  data arrival time                               -249102976.000
  -----------------------------------------------------------
  slack (MET)                                     897024.000


1
