Information: Updating design information... (UID-85)
 
****************************************
Report : qor
Design : top
Version: S-2021.06-SP2
Date   : Fri Dec 16 15:14:45 2022
****************************************


  Timing Path Group 'clk'
  -----------------------------------
  Levels of Logic:             140.00
  Critical Path Length:  249102976.00
  Critical Path Slack:      897024.00
  Critical Path Clk Period:
                         250000000.00
  Total Negative Slack:          0.00
  No. of Violating Paths:        0.00
  Worst Hold Violation:          0.00
  Total Hold Violation:          0.00
  No. of Hold Violations:        0.00
  -----------------------------------


  Cell Count
  -----------------------------------
  Hierarchical Cell Count:          0
  Hierarchical Port Count:          0
  Leaf Cell Count:               4534
  Buf/Inv Cell Count:            1017
  Buf Cell Count:                   0
  Inv Cell Count:                1017
  CT Buf/Inv Cell Count:            0
  Combinational Cell Count:      4534
  Sequential Cell Count:            0
  Macro Count:                      0
  -----------------------------------


  Area
  -----------------------------------
  Combinational Area:
                    2094105520.000000
  Noncombinational Area:     0.000000
  Buf/Inv Area:      232303140.000000
  Total Buffer Area:             0.00
  Total Inverter Area:   232303140.00
  Macro/Black Box Area:      0.000000
  Net Area:                  0.000000
  -----------------------------------
  Cell Area:        2094105520.000000
  Design Area:      2094105520.000000


  Design Rules
  -----------------------------------
  Total Number of Nets:          4598
  Nets With Violations:          4534
  Max Trans Violations:          4534
  Max Cap Violations:               0
  -----------------------------------


  Hostname: leoforos

  Compile CPU Statistics
  -----------------------------------------
  Resource Sharing:                    1.86
  Logic Optimization:                  0.96
  Mapping Optimization:                8.90
  -----------------------------------------
  Overall Compile Time:               21.34
  Overall Compile Wall Clock Time:    21.71

  --------------------------------------------------------------------

  Design  WNS: 0.00  TNS: 0.00  Number of Violating Paths: 0


  Design (Hold)  WNS: 0.00  TNS: 0.00  Number of Violating Paths: 0

  --------------------------------------------------------------------


1
