****************************************
Report : timing
	-path_type full
	-delay_type max
	-max_paths 1
	-sort_by slack
Design : top
Version: S-2021.06-SP1
Date   : Fri Dec 16 10:51:58 2022
****************************************


  Startpoint: inp[19] (input port clocked by clk)
  Endpoint: out[0] (output port clocked by clk)
  Path Group: clk
  Path Type: max

  Point                                    Incr       Path
  ---------------------------------------------------------------
  clock clk (rise edge)                   0.000      0.000
  clock network delay (ideal)             0.000      0.000
  input external delay                    0.000      0.000 r
  inp[19] (in)                            0.000      0.000 r
  U359/Y (XNOR2X1)                     8167968.000
                                                  8167968.000 r
  U360/Y (INVX1)                       1437968.000
                                                  9605936.000 f
  U1020/Y (NAND2X1)                    1081824.000
                                                  10687760.000 r
  U1021/Y (INVX1)                      1361216.000
                                                  12048976.000 f
  U1022/Y (OR2X1)                      3181408.000
                                                  15230384.000 f
  U389/Y (XNOR2X1)                     8850992.000
                                                  24081376.000 f
  U390/Y (INVX1)                       -662960.000
                                                  23418416.000 r
  U194/Y (XNOR2X1)                     8144144.000
                                                  31562560.000 r
  U195/Y (INVX1)                       1458672.000
                                                  33021232.000 f
  U553/Y (XNOR2X1)                     5100416.000
                                                  38121648.000 r
  U324/Y (OR2X1)                       7876896.000
                                                  45998544.000 r
  U1058/Y (NAND2X1)                    1543264.000
                                                  47541808.000 f
  U531/Y (XNOR2X1)                     8824512.000
                                                  56366320.000 f
  U532/Y (INVX1)                       -662048.000
                                                  55704272.000 r
  U717/Y (XNOR2X1)                     8160016.000
                                                  63864288.000 r
  U716/Y (INVX1)                       1458048.000
                                                  65322336.000 f
  U1097/Y (NAND2X1)                    1087136.000
                                                  66409472.000 r
  U1098/Y (INVX1)                      1477992.000
                                                  67887464.000 f
  U1099/Y (NAND2X1)                    952080.000 68839544.000 r
  U217/Y (AND2X1)                      2521992.000
                                                  71361536.000 r
  U218/Y (INVX1)                       1397512.000
                                                  72759048.000 f
  U1118/Y (NAND2X1)                    673840.000 73432888.000 r
  U1119/Y (NAND2X1)                    2659672.000
                                                  76092560.000 f
  U1156/Y (NOR2X1)                     979984.000 77072544.000 r
  U739/Y (XNOR2X1)                     7798984.000
                                                  84871528.000 r
  U1157/Y (NAND2X1)                    1896648.000
                                                  86768176.000 f
  U1158/Y (INVX1)                      -662720.000
                                                  86105456.000 r
  U1175/Y (NAND2X1)                    2265464.000
                                                  88370920.000 f
  U340/Y (AND2X1)                      2813752.000
                                                  91184672.000 f
  U381/Y (XNOR2X1)                     8962168.000
                                                  100146840.000 f
  U382/Y (INVX1)                       -670232.000
                                                  99476608.000 r
  U385/Y (XNOR2X1)                     8165048.000
                                                  107641656.000 r
  U386/Y (INVX1)                       1460624.000
                                                  109102280.000 f
  U1228/Y (NOR2X1)                     966432.000 110068712.000 r
  U353/Y (NOR2X1)                      1557000.000
                                                  111625712.000 f
  U354/Y (INVX1)                       -67272.000 111558440.000 r
  U1433/Y (NOR2X1)                     1346496.000
                                                  112904936.000 f
  U1434/Y (NOR2X1)                     981080.000 113886016.000 r
  U377/Y (XNOR2X1)                     8150896.000
                                                  122036912.000 r
  U378/Y (INVX1)                       1483624.000
                                                  123520536.000 f
  U1437/Y (NOR2X1)                     966440.000 124486976.000 r
  U1438/Y (NOR2X1)                     1325600.000
                                                  125812576.000 f
  U1452/Y (NOR2X1)                     975400.000 126787976.000 r
  U652/Y (XNOR2X1)                     8150856.000
                                                  134938832.000 r
  U651/Y (INVX1)                       1484624.000
                                                  136423456.000 f
  U1460/Y (XNOR2X1)                    8353616.000
                                                  144777072.000 f
  U1481/Y (NOR2X1)                     985200.000 145762272.000 r
  U754/Y (OR2X1)                       5049248.000
                                                  150811520.000 r
  U1522/Y (NAND2X1)                    1901888.000
                                                  152713408.000 f
  U357/Y (INVX1)                       -618912.000
                                                  152094496.000 r
  U356/Y (NOR2X1)                      1350400.000
                                                  153444896.000 f
  U241/Y (OR2X1)                       3478688.000
                                                  156923584.000 f
  U242/Y (INVX1)                       -527504.000
                                                  156396080.000 r
  U352/Y (NOR2X1)                      1345488.000
                                                  157741568.000 f
  U323/Y (OR2X1)                       3305568.000
                                                  161047136.000 f
  U399/Y (XNOR2X1)                     8851008.000
                                                  169898144.000 f
  U400/Y (INVX1)                       -670720.000
                                                  169227424.000 r
  U638/Y (XNOR2X1)                     8144032.000
                                                  177371456.000 r
  U637/Y (INVX1)                       1507936.000
                                                  178879392.000 f
  U1567/Y (NAND2X1)                    673728.000 179553120.000 r
  U740/Y (OR2X1)                       7286848.000
                                                  186839968.000 r
  U1569/Y (NAND2X1)                    1535248.000
                                                  188375216.000 f
  U1570/Y (NAND2X1)                    1089584.000
                                                  189464800.000 r
  U1571/Y (INVX1)                      1415328.000
                                                  190880128.000 f
  U1572/Y (NOR2X1)                     960432.000 191840560.000 r
  U1586/Y (NAND2X1)                    1898368.000
                                                  193738928.000 f
  U1587/Y (INVX1)                      -666544.000
                                                  193072384.000 r
  U1588/Y (NOR2X1)                     1347840.000
                                                  194420224.000 f
  U1589/Y (NOR2X1)                     1407728.000
                                                  195827952.000 r
  U1590/Y (INVX1)                      1209152.000
                                                  197037104.000 f
  U1591/Y (NAND2X1)                    1355216.000
                                                  198392320.000 r
  U1592/Y (INVX1)                      1369776.000
                                                  199762096.000 f
  out[0] (out)                            0.000   199762096.000 f
  data arrival time                               199762096.000

  clock clk (rise edge)                200000000.000
                                                  200000000.000
  clock network delay (ideal)             0.000   200000000.000
  clock reconvergence pessimism           0.000   200000000.000
  output external delay                   0.000   200000000.000
  data required time                              200000000.000
  ---------------------------------------------------------------
  data required time                              200000000.000
  data arrival time                               -199762096.000
  ---------------------------------------------------------------
  slack (MET)                                     237904.000


1
