 
****************************************
Report : timing
        -path full
        -delay max
        -max_paths 1
Design : top
Version: S-2021.06-SP2
Date   : Sun Dec 18 18:44:37 2022
****************************************

Operating Conditions: TT   Library: PPDK_Standard_Library_0.6V_25C_TYP_X1
Wire Load Model Mode: top

  Startpoint: inp[13] (input port clocked by clk)
  Endpoint: out[0] (output port clocked by clk)
  Path Group: clk
  Path Type: max

  Point                                    Incr       Path
  -----------------------------------------------------------
  clock clk (rise edge)                   0.000      0.000
  clock network delay (ideal)             0.000      0.000
  input external delay                    0.000      0.000 r
  inp[13] (in)                            0.000      0.000 r
  U672/Y (NAND2X1)                     2167689.000
                                                  2167689.000 f
  U676/Y (NAND2X1)                     615342.750 2783031.750 r
  U677/Y (NAND2X1)                     2643568.250
                                                  5426600.000 f
  U432/Y (XNOR2X1)                     8814893.000
                                                  14241493.000 f
  U538/Y (INVX1)                       -690665.000
                                                  13550828.000 r
  U556/Y (XNOR2X1)                     8160088.000
                                                  21710916.000 r
  U555/Y (INVX1)                       1457908.000
                                                  23168824.000 f
  U117/Y (AND2X1)                      3518696.000
                                                  26687520.000 f
  U118/Y (INVX1)                       -540198.000
                                                  26147322.000 r
  U692/Y (NAND2X1)                     1528188.000
                                                  27675510.000 f
  U115/Y (AND2X1)                      2819418.000
                                                  30494928.000 f
  U116/Y (INVX1)                       -540198.000
                                                  29954730.000 r
  U694/Y (NAND2X1)                     1523284.000
                                                  31478014.000 f
  U695/Y (NAND2X1)                     1272050.000
                                                  32750064.000 r
  U151/Y (INVX1)                       1522704.000
                                                  34272768.000 f
  U152/Y (INVX1)                       433000.000 34705768.000 r
  U320/Y (XNOR2X1)                     7803752.000
                                                  42509520.000 r
  U313/Y (XNOR2X1)                     8394576.000
                                                  50904096.000 r
  U662/Y (XNOR2X1)                     8157892.000
                                                  59061988.000 r
  U661/Y (INVX1)                       1510804.000
                                                  60572792.000 f
  U321/Y (XNOR2X1)                     5441936.000
                                                  66014728.000 r
  U322/Y (INVX1)                       1508664.000
                                                  67523392.000 f
  U598/Y (XNOR2X1)                     8517072.000
                                                  76040464.000 f
  U599/Y (INVX1)                       -690648.000
                                                  75349816.000 r
  U788/Y (NAND2X1)                     2268760.000
                                                  77618576.000 f
  U139/Y (AND2X1)                      3544720.000
                                                  81163296.000 f
  U140/Y (INVX1)                       -556840.000
                                                  80606456.000 r
  U803/Y (NAND2X1)                     1523304.000
                                                  82129760.000 f
  U137/Y (AND2X1)                      2819704.000
                                                  84949464.000 f
  U138/Y (INVX1)                       -556808.000
                                                  84392656.000 r
  U815/Y (NAND2X1)                     1523312.000
                                                  85915968.000 f
  U816/Y (NAND2X1)                     627984.000 86543952.000 r
  U325/Y (XNOR2X1)                     8158584.000
                                                  94702536.000 r
  U326/Y (INVX1)                       1538632.000
                                                  96241168.000 f
  U269/Y (NAND2X1)                     1081840.000
                                                  97323008.000 r
  U195/Y (INVX1)                       1436064.000
                                                  98759072.000 f
  U196/Y (INVX1)                       444304.000 99203376.000 r
  U307/Y (AND2X1)                      2912016.000
                                                  102115392.000 r
  U308/Y (INVX1)                       1341384.000
                                                  103456776.000 f
  U323/Y (XNOR2X1)                     8734384.000
                                                  112191160.000 f
  U324/Y (INVX1)                       -662048.000
                                                  111529112.000 r
  U1034/Y (NAND2X1)                    1523584.000
                                                  113052696.000 f
  U1036/Y (NAND2X1)                    638880.000 113691576.000 r
  U1037/Y (NAND2X1)                    2781056.000
                                                  116472632.000 f
  U1038/Y (NAND2X1)                    641136.000 117113768.000 r
  U1039/Y (NAND2X1)                    1471520.000
                                                  118585288.000 f
  U1040/Y (NAND2X1)                    631200.000 119216488.000 r
  U607/Y (XNOR2X1)                     8128216.000
                                                  127344704.000 r
  U608/Y (INVX1)                       1561544.000
                                                  128906248.000 f
  U575/Y (XNOR2X1)                     8739864.000
                                                  137646112.000 f
  U576/Y (INVX1)                       -690832.000
                                                  136955280.000 r
  U316/Y (XNOR2X1)                     8160096.000
                                                  145115376.000 r
  U317/Y (INVX1)                       1457888.000
                                                  146573264.000 f
  U318/Y (XNOR2X1)                     8523392.000
                                                  155096656.000 f
  U319/Y (INVX1)                       -705376.000
                                                  154391280.000 r
  U1326/Y (NAND2X1)                    1524528.000
                                                  155915808.000 f
  U1346/Y (NAND2X1)                    619312.000 156535120.000 r
  U1347/Y (NAND2X1)                    2764240.000
                                                  159299360.000 f
  U1348/Y (NAND2X1)                    633952.000 159933312.000 r
  U309/Y (AND2X1)                      2114784.000
                                                  162048096.000 r
  U1354/Y (NAND2X1)                    2909008.000
                                                  164957104.000 f
  U1355/Y (NAND2X1)                    891408.000 165848512.000 r
  U1356/Y (NOR2X1)                     1306112.000
                                                  167154624.000 f
  U1360/Y (NOR2X1)                     969808.000 168124432.000 r
  U1361/Y (NAND2X1)                    1494800.000
                                                  169619232.000 f
  U1363/Y (NAND2X1)                    625472.000 170244704.000 r
  U1370/Y (OR2X1)                      7071056.000
                                                  177315760.000 r
  U1371/Y (NAND2X1)                    1538880.000
                                                  178854640.000 f
  U314/Y (NOR2X1)                      1403200.000
                                                  180257840.000 r
  U315/Y (INVX1)                       1209488.000
                                                  181467328.000 f
  U1374/Y (NAND2X1)                    952992.000 182420320.000 r
  U1375/Y (NAND2X1)                    1897488.000
                                                  184317808.000 f
  U1376/Y (INVX1)                      -653520.000
                                                  183664288.000 r
  U312/Y (NOR2X1)                      1347808.000
                                                  185012096.000 f
  U311/Y (NOR2X1)                      969808.000 185981904.000 r
  U1380/Y (AND2X1)                     3228752.000
                                                  189210656.000 r
  U1381/Y (AND2X1)                     3829648.000
                                                  193040304.000 r
  U1382/Y (NOR2X1)                     1323152.000
                                                  194363456.000 f
  out[0] (out)                            0.000   194363456.000 f
  data arrival time                               194363456.000

  clock clk (rise edge)                200000000.000
                                                  200000000.000
  clock network delay (ideal)             0.000   200000000.000
  output external delay                   0.000   200000000.000
  data required time                              200000000.000
  -----------------------------------------------------------
  data required time                              200000000.000
  data arrival time                               -194363456.000
  -----------------------------------------------------------
  slack (MET)                                     5636544.000


1
