 
****************************************
Report : timing
        -path full
        -delay max
        -max_paths 1
Design : top
Version: S-2021.06-SP2
Date   : Fri Dec 16 10:58:42 2022
****************************************

Operating Conditions: TT   Library: PPDK_Standard_Library_1.0V_25C_TYP_X1
Wire Load Model Mode: top

  Startpoint: inp[0] (input port clocked by clk)
  Endpoint: out[0] (output port clocked by clk)
  Path Group: clk
  Path Type: max

  Point                                    Incr       Path
  -----------------------------------------------------------
  clock clk (rise edge)                   0.000      0.000
  clock network delay (ideal)             0.000      0.000
  input external delay                    0.000      0.000 r
  inp[0] (in)                             0.000      0.000 r
  U446/Y (AND2X1)                      2207109.000
                                                  2207109.000 r
  U447/Y (INVX1)                       705439.500 2912548.500 f
  U733/Y (AND2X1)                      2039328.500
                                                  4951877.000 f
  U935/Y (NAND2X1)                     1748852.500
                                                  6700729.500 r
  U435/Y (INVX1)                       1037199.000
                                                  7737928.500 f
  U436/Y (INVX1)                       444550.500 8182479.000 r
  U936/Y (NAND2X1)                     1051788.000
                                                  9234267.000 f
  U940/Y (AND2X1)                      1855379.000
                                                  11089646.000 f
  U942/Y (NAND2X1)                     1748581.000
                                                  12838227.000 r
  U484/Y (INVX1)                       1061255.000
                                                  13899482.000 f
  U485/Y (INVX1)                       451140.000 14350622.000 r
  U1038/Y (NAND2X1)                    1054480.000
                                                  15405102.000 f
  U1039/Y (XOR2X1)                     3234106.000
                                                  18639208.000 f
  U1463/Y (NAND2X1)                    1749928.000
                                                  20389136.000 r
  U689/Y (INVX1)                       941812.000 21330948.000 f
  U690/Y (INVX1)                       445818.000 21776766.000 r
  U633/Y (AND2X1)                      1880354.000
                                                  23657120.000 r
  U634/Y (INVX1)                       715896.000 24373016.000 f
  U387/Y (AND2X1)                      2458080.000
                                                  26831096.000 f
  U388/Y (INVX1)                       -229826.000
                                                  26601270.000 r
  U1466/Y (INVX1)                      651868.000 27253138.000 f
  U1467/Y (NAND2X1)                    1357250.000
                                                  28610388.000 r
  U697/Y (INVX1)                       911478.000 29521866.000 f
  U698/Y (INVX1)                       446264.000 29968130.000 r
  U1616/Y (NAND2X1)                    1053898.000
                                                  31022028.000 f
  U1617/Y (XOR2X1)                     5383300.000
                                                  36405328.000 r
  U1620/Y (OR2X1)                      2349960.000
                                                  38755288.000 r
  U531/Y (AND2X1)                      2199508.000
                                                  40954796.000 r
  U532/Y (INVX1)                       707664.000 41662460.000 f
  U753/Y (XNOR2X1)                     4287792.000
                                                  45950252.000 r
  U343/Y (AND2X1)                      2171984.000
                                                  48122236.000 r
  U344/Y (INVX1)                       716408.000 48838644.000 f
  U1623/Y (NAND2X1)                    924544.000 49763188.000 r
  U1627/Y (OR2X1)                      2580756.000
                                                  52343944.000 r
  U583/Y (AND2X1)                      2199508.000
                                                  54543452.000 r
  U584/Y (INVX1)                       707444.000 55250896.000 f
  U1628/Y (NAND2X1)                    1291620.000
                                                  56542516.000 r
  U1630/Y (OR2X1)                      2330216.000
                                                  58872732.000 r
  U571/Y (AND2X1)                      2199508.000
                                                  61072240.000 r
  U572/Y (INVX1)                       707444.000 61779684.000 f
  U1631/Y (NAND2X1)                    1291620.000
                                                  63071304.000 r
  U1632/Y (OR2X1)                      2330216.000
                                                  65401520.000 r
  U557/Y (AND2X1)                      2199504.000
                                                  67601024.000 r
  U558/Y (INVX1)                       707440.000 68308464.000 f
  U1645/Y (NAND2X1)                    1291624.000
                                                  69600088.000 r
  U1646/Y (NAND2X1)                    1128256.000
                                                  70728344.000 f
  U1649/Y (NAND2X1)                    886904.000 71615248.000 r
  U1650/Y (XOR2X1)                     4758376.000
                                                  76373624.000 f
  U1651/Y (NOR2X1)                     1239712.000
                                                  77613336.000 r
  U786/Y (AND2X1)                      1841464.000
                                                  79454800.000 r
  U301/Y (AND2X1)                      1835304.000
                                                  81290104.000 r
  U302/Y (INVX1)                       718640.000 82008744.000 f
  U1885/Y (OR2X1)                      2115328.000
                                                  84124072.000 f
  U514/Y (NAND2X1)                     1765080.000
                                                  85889152.000 r
  U506/Y (INVX1)                       1073672.000
                                                  86962824.000 f
  U507/Y (INVX1)                       976568.000 87939392.000 r
  U1886/Y (INVX1)                      652256.000 88591648.000 f
  U1932/Y (XOR2X1)                     2911904.000
                                                  91503552.000 f
  U1933/Y (XOR2X1)                     5748608.000
                                                  97252160.000 r
  U1936/Y (XOR2X1)                     4343768.000
                                                  101595928.000 f
  U1937/Y (XOR2X1)                     5083240.000
                                                  106679168.000 r
  U373/Y (AND2X1)                      2173720.000
                                                  108852888.000 r
  U374/Y (INVX1)                       716064.000 109568952.000 f
  U1944/Y (NAND2X1)                    918824.000 110487776.000 r
  U365/Y (AND2X1)                      2173608.000
                                                  112661384.000 r
  U366/Y (INVX1)                       716096.000 113377480.000 f
  U1950/Y (NAND2X1)                    1357264.000
                                                  114734744.000 r
  U675/Y (INVX1)                       982560.000 115717304.000 f
  U676/Y (INVX1)                       445304.000 116162608.000 r
  U1951/Y (NAND2X1)                    1053896.000
                                                  117216504.000 f
  U423/Y (XNOR2X1)                     5990448.000
                                                  123206952.000 f
  U424/Y (INVX1)                       -291376.000
                                                  122915576.000 r
  U655/Y (AND2X1)                      1842648.000
                                                  124758224.000 r
  U656/Y (INVX1)                       707632.000 125465856.000 f
  U1960/Y (NAND2X1)                    1285640.000
                                                  126751496.000 r
  U1963/Y (NAND2X1)                    849344.000 127600840.000 f
  U1971/Y (OR2X1)                      2088968.000
                                                  129689808.000 f
  U637/Y (AND2X1)                      2048496.000
                                                  131738304.000 f
  U638/Y (INVX1)                       -1450448.000
                                                  130287856.000 r
  U1977/Y (NAND2X1)                    1051984.000
                                                  131339840.000 f
  U1982/Y (NAND2X1)                    1380512.000
                                                  132720352.000 r
  U1985/Y (NAND2X1)                    863688.000 133584040.000 f
  U1986/Y (NAND2X1)                    1748040.000
                                                  135332080.000 r
  U1987/Y (INVX1)                      1101696.000
                                                  136433776.000 f
  U2068/Y (NOR2X1)                     1151040.000
                                                  137584816.000 r
  out[0] (out)                            0.000   137584816.000 r
  data arrival time                               137584816.000

  clock clk (rise edge)                200000000.000
                                                  200000000.000
  clock network delay (ideal)             0.000   200000000.000
  output external delay                   0.000   200000000.000
  data required time                              200000000.000
  -----------------------------------------------------------
  data required time                              200000000.000
  data arrival time                               -137584816.000
  -----------------------------------------------------------
  slack (MET)                                     62415184.000


1
