 
****************************************
Report : timing
        -path full
        -delay max
        -max_paths 1
Design : top
Version: S-2021.06-SP2
Date   : Fri Dec 16 14:53:00 2022
****************************************

Operating Conditions: TT   Library: PPDK_Standard_Library_1.0V_25C_TYP_X1
Wire Load Model Mode: top

  Startpoint: inp[28] (input port clocked by clk)
  Endpoint: out[0] (output port clocked by clk)
  Path Group: clk
  Path Type: max

  Point                                    Incr       Path
  -----------------------------------------------------------
  clock clk (rise edge)                   0.000      0.000
  clock network delay (ideal)             0.000      0.000
  input external delay                    0.000      0.000 f
  inp[28] (in)                            0.000      0.000 f
  U1764/Y (INVX1)                      595507.250 595507.250 r
  U1995/Y (NAND2X1)                    1057277.875
                                                  1652785.125 f
  U2017/Y (XOR2X1)                     5389523.000
                                                  7042308.000 r
  U2019/Y (XOR2X1)                     4764440.000
                                                  11806748.000 f
  U2054/Y (XOR2X1)                     5741544.000
                                                  17548292.000 r
  U1144/Y (AND2X1)                     2175618.000
                                                  19723910.000 r
  U1145/Y (INVX1)                      715224.000 20439134.000 f
  U2055/Y (AND2X1)                     2243896.000
                                                  22683030.000 f
  U2057/Y (XOR2X1)                     5259460.000
                                                  27942490.000 r
  U2093/Y (XOR2X1)                     4765410.000
                                                  32707900.000 f
  U2094/Y (XOR2X1)                     5097444.000
                                                  37805344.000 r
  U791/Y (AND2X1)                      1818648.000
                                                  39623992.000 r
  U792/Y (INVX1)                       716508.000 40340500.000 f
  U2095/Y (AND2X1)                     2243888.000
                                                  42584388.000 f
  U2097/Y (XOR2X1)                     3005424.000
                                                  45589812.000 f
  U2104/Y (NAND2X1)                    836424.000 46426236.000 r
  U2105/Y (NAND2X1)                    1128560.000
                                                  47554796.000 f
  U2107/Y (XOR2X1)                     5354188.000
                                                  52908984.000 r
  U1014/Y (AND2X1)                     1819028.000
                                                  54728012.000 r
  U1015/Y (INVX1)                      715180.000 55443192.000 f
  U2115/Y (AND2X1)                     2243892.000
                                                  57687084.000 f
  U2121/Y (XOR2X1)                     5952020.000
                                                  63639104.000 r
  U1164/Y (AND2X1)                     1781928.000
                                                  65421032.000 r
  U1165/Y (INVX1)                      715228.000 66136260.000 f
  U2123/Y (NAND2X1)                    1297388.000
                                                  67433648.000 r
  U2125/Y (XOR2X1)                     2135384.000
                                                  69569032.000 r
  U1240/Y (AND2X1)                     1818560.000
                                                  71387592.000 r
  U1241/Y (INVX1)                      715512.000 72103104.000 f
  U2129/Y (NAND2X1)                    1362952.000
                                                  73466056.000 r
  U2130/Y (INVX1)                      1101304.000
                                                  74567360.000 f
  U2132/Y (NAND2X1)                    919336.000 75486696.000 r
  U1514/Y (AND2X1)                     2149360.000
                                                  77636056.000 r
  U1515/Y (INVX1)                      731032.000 78367088.000 f
  U805/Y (OR2X1)                       2316144.000
                                                  80683232.000 f
  U806/Y (INVX1)                       -75720.000 80607512.000 r
  U2517/Y (INVX1)                      656544.000 81264056.000 f
  U2519/Y (NOR2X1)                     1157560.000
                                                  82421616.000 r
  U2520/Y (NAND2X1)                    835376.000 83256992.000 f
  U989/Y (NAND2X1)                     1813056.000
                                                  85070048.000 r
  U977/Y (INVX1)                       1149640.000
                                                  86219688.000 f
  U978/Y (INVX1)                       968928.000 87188616.000 r
  U1575/Y (INVX1)                      646032.000 87834648.000 f
  U3328/Y (NAND2X1)                    1362808.000
                                                  89197456.000 r
  U3329/Y (NAND2X1)                    1151248.000
                                                  90348704.000 f
  U3350/Y (XOR2X1)                     5353240.000
                                                  95701944.000 r
  U3351/Y (INVX1)                      1253888.000
                                                  96955832.000 f
  U3512/Y (XOR2X1)                     4917112.000
                                                  101872944.000 r
  U3522/Y (XOR2X1)                     4765504.000
                                                  106638448.000 f
  U3534/Y (XOR2X1)                     5748656.000
                                                  112387104.000 r
  U1102/Y (AND2X1)                     2175640.000
                                                  114562744.000 r
  U1103/Y (INVX1)                      715216.000 115277960.000 f
  U3535/Y (NAND2X1)                    1297384.000
                                                  116575344.000 r
  U3536/Y (NAND2X1)                    1127424.000
                                                  117702768.000 f
  U3537/Y (NAND2X1)                    1403968.000
                                                  119106736.000 r
  U3539/Y (XOR2X1)                     4846976.000
                                                  123953712.000 f
  U1510/Y (XNOR2X1)                    6658920.000
                                                  130612632.000 f
  U3586/Y (NAND2X1)                    853792.000 131466424.000 r
  U3587/Y (NAND2X1)                    1154528.000
                                                  132620952.000 f
  U3589/Y (AND2X1)                     1855976.000
                                                  134476928.000 f
  U3590/Y (NOR2X1)                     1213632.000
                                                  135690560.000 r
  U1202/Y (AND2X1)                     1834448.000
                                                  137525008.000 r
  U1203/Y (INVX1)                      715328.000 138240336.000 f
  U3592/Y (NAND2X1)                    918864.000 139159200.000 r
  U997/Y (NAND2X1)                     933440.000 140092640.000 f
  U971/Y (INVX1)                       226208.000 140318848.000 r
  U972/Y (INVX1)                       665616.000 140984464.000 f
  U1565/Y (INVX1)                      479792.000 141464256.000 r
  U3640/Y (NAND2X1)                    1054720.000
                                                  142518976.000 f
  U3641/Y (NAND2X1)                    1345264.000
                                                  143864240.000 r
  U3642/Y (NAND2X1)                    1166656.000
                                                  145030896.000 f
  U3645/Y (NAND2X1)                    878576.000 145909472.000 r
  U3647/Y (NAND2X1)                    866704.000 146776176.000 f
  U3653/Y (OR2X1)                      2088976.000
                                                  148865152.000 f
  U3654/Y (NAND2X1)                    1425056.000
                                                  150290208.000 r
  U3655/Y (NAND2X1)                    1162592.000
                                                  151452800.000 f
  U3657/Y (NAND2X1)                    1341504.000
                                                  152794304.000 r
  U3658/Y (INVX1)                      1093504.000
                                                  153887808.000 f
  U3663/Y (NAND2X1)                    919312.000 154807120.000 r
  U3667/Y (NAND2X1)                    848096.000 155655216.000 f
  U3669/Y (NAND2X1)                    1341920.000
                                                  156997136.000 r
  U3670/Y (INVX1)                      1095936.000
                                                  158093072.000 f
  U3671/Y (NAND2X1)                    1284304.000
                                                  159377376.000 r
  U3675/Y (NAND2X1)                    848080.000 160225456.000 f
  U3677/Y (NAND2X1)                    885504.000 161110960.000 r
  U3678/Y (OR2X1)                      2605792.000
                                                  163716752.000 r
  U3682/Y (NAND2X1)                    799184.000 164515936.000 f
  U3684/Y (NAND2X1)                    884496.000 165400432.000 r
  U3687/Y (OR2X1)                      2595056.000
                                                  167995488.000 r
  U3688/Y (NAND2X1)                    1219760.000
                                                  169215248.000 f
  U983/Y (INVX1)                       233072.000 169448320.000 r
  U984/Y (INVX1)                       666576.000 170114896.000 f
  U3689/Y (INVX1)                      481200.000 170596096.000 r
  U3833/Y (NAND2X1)                    1055312.000
                                                  171651408.000 f
  U3836/Y (NAND2X1)                    1339392.000
                                                  172990800.000 r
  U828/Y (INVX1)                       1123600.000
                                                  174114400.000 f
  U829/Y (INVX1)                       450288.000 174564688.000 r
  U3842/Y (NOR2X1)                     533952.000 175098640.000 f
  U3847/Y (NOR2X1)                     1190192.000
                                                  176288832.000 r
  U3849/Y (NAND2X1)                    834352.000 177123184.000 f
  U3851/Y (NAND2X1)                    1342736.000
                                                  178465920.000 r
  U3858/Y (INVX1)                      1107136.000
                                                  179573056.000 f
  U3859/Y (NAND2X1)                    1284272.000
                                                  180857328.000 r
  U3860/Y (NAND2X1)                    1230416.000
                                                  182087744.000 f
  U3867/Y (NAND2X1)                    1394976.000
                                                  183482720.000 r
  U3868/Y (NAND2X1)                    1155808.000
                                                  184638528.000 f
  U3872/Y (OR2X1)                      2087696.000
                                                  186726224.000 f
  U3876/Y (NAND2X1)                    870736.000 187596960.000 r
  U3878/Y (NAND2X1)                    930944.000 188527904.000 f
  U3887/Y (NAND2X1)                    1394976.000
                                                  189922880.000 r
  U3888/Y (NAND2X1)                    1155808.000
                                                  191078688.000 f
  U3889/Y (OR2X1)                      2087696.000
                                                  193166384.000 f
  U3893/Y (NAND2X1)                    870736.000 194037120.000 r
  U3895/Y (NAND2X1)                    930944.000 194968064.000 f
  U3897/Y (NAND2X1)                    881120.000 195849184.000 r
  U3899/Y (NAND2X1)                    848320.000 196697504.000 f
  U1004/Y (NAND2X1)                    1345392.000
                                                  198042896.000 r
  U981/Y (INVX1)                       1123936.000
                                                  199166832.000 f
  U982/Y (INVX1)                       1017152.000
                                                  200183984.000 r
  U1576/Y (INVX1)                      680432.000 200864416.000 f
  U4058/Y (NAND2X1)                    1286848.000
                                                  202151264.000 r
  U4060/Y (NAND2X1)                    849536.000 203000800.000 f
  U4064/Y (OR2X1)                      2088992.000
                                                  205089792.000 f
  U4073/Y (NAND2X1)                    872128.000 205961920.000 r
  U4075/Y (NAND2X1)                    867312.000 206829232.000 f
  U4076/Y (OR2X1)                      2087696.000
                                                  208916928.000 f
  U4080/Y (NAND2X1)                    871952.000 209788880.000 r
  U4082/Y (NAND2X1)                    867680.000 210656560.000 f
  U4089/Y (OR2X1)                      2087648.000
                                                  212744208.000 f
  U4090/Y (NAND2X1)                    1425232.000
                                                  214169440.000 r
  U4093/Y (OR2X1)                      2655856.000
                                                  216825296.000 r
  U4098/Y (NAND2X1)                    797424.000 217622720.000 f
  U4100/Y (NAND2X1)                    885520.000 218508240.000 r
  U4101/Y (OR2X1)                      2605520.000
                                                  221113760.000 r
  U4105/Y (NAND2X1)                    797424.000 221911184.000 f
  U4107/Y (NAND2X1)                    887104.000 222798288.000 r
  U4115/Y (NAND2X1)                    1156112.000
                                                  223954400.000 f
  U4116/Y (NAND2X1)                    1400336.000
                                                  225354736.000 r
  U1548/Y (AND2X1)                     2156752.000
                                                  227511488.000 r
  U787/Y (AND2X1)                      2180992.000
                                                  229692480.000 r
  U788/Y (INVX1)                       713472.000 230405952.000 f
  U4125/Y (NAND2X1)                    913216.000 231319168.000 r
  out[0] (out)                            0.000   231319168.000 r
  data arrival time                               231319168.000

  clock clk (rise edge)                250000000.000
                                                  250000000.000
  clock network delay (ideal)             0.000   250000000.000
  output external delay                   0.000   250000000.000
  data required time                              250000000.000
  -----------------------------------------------------------
  data required time                              250000000.000
  data arrival time                               -231319168.000
  -----------------------------------------------------------
  slack (MET)                                     18680832.000


1
