Information: Updating design information... (UID-85)
 
****************************************
Report : qor
Design : top
Version: S-2021.06-SP2
Date   : Fri Dec 16 14:53:00 2022
****************************************


  Timing Path Group 'clk'
  -----------------------------------
  Levels of Logic:             141.00
  Critical Path Length:  231319168.00
  Critical Path Slack:    18680832.00
  Critical Path Clk Period:
                         250000000.00
  Total Negative Slack:          0.00
  No. of Violating Paths:        0.00
  Worst Hold Violation:          0.00
  Total Hold Violation:          0.00
  No. of Hold Violations:        0.00
  -----------------------------------


  Cell Count
  -----------------------------------
  Hierarchical Cell Count:          0
  Hierarchical Port Count:          0
  Leaf Cell Count:               3434
  Buf/Inv Cell Count:             813
  Buf Cell Count:                   0
  Inv Cell Count:                 813
  CT Buf/Inv Cell Count:            0
  Combinational Cell Count:      3434
  Sequential Cell Count:            0
  Macro Count:                      0
  -----------------------------------


  Area
  -----------------------------------
  Combinational Area:
                    1397826224.000000
  Noncombinational Area:     0.000000
  Buf/Inv Area:      185705460.000000
  Total Buffer Area:             0.00
  Total Inverter Area:   185705460.00
  Macro/Black Box Area:      0.000000
  Net Area:                  0.000000
  -----------------------------------
  Cell Area:        1397826224.000000
  Design Area:      1397826224.000000


  Design Rules
  -----------------------------------
  Total Number of Nets:          3498
  Nets With Violations:          3433
  Max Trans Violations:          3433
  Max Cap Violations:               0
  -----------------------------------


  Hostname: leoforos

  Compile CPU Statistics
  -----------------------------------------
  Resource Sharing:                    1.73
  Logic Optimization:                  0.19
  Mapping Optimization:                2.70
  -----------------------------------------
  Overall Compile Time:               18.46
  Overall Compile Wall Clock Time:    19.70

  --------------------------------------------------------------------

  Design  WNS: 0.00  TNS: 0.00  Number of Violating Paths: 0


  Design (Hold)  WNS: 0.00  TNS: 0.00  Number of Violating Paths: 0

  --------------------------------------------------------------------


1
