****************************************
Report : timing
	-path_type full
	-delay_type max
	-max_paths 1
	-sort_by slack
Design : top
Version: S-2021.06-SP1
Date   : Fri Dec 16 16:50:10 2022
****************************************


  Startpoint: inp[2] (input port clocked by clk)
  Endpoint: out[0] (output port clocked by clk)
  Path Group: clk
  Path Type: max

  Point                                    Incr       Path
  ---------------------------------------------------------------
  clock clk (rise edge)                   0.000      0.000
  clock network delay (ideal)             0.000      0.000
  input external delay                    0.000      0.000 r
  inp[2] (in)                             0.000      0.000 r
  U755/Y (INVX1)                       91920.000  91920.000 f
  U756/Y (NAND2X1)                     1173776.000
                                                  1265696.000 r
  U757/Y (NAND2X1)                     2185408.000
                                                  3451104.000 f
  U758/Y (XOR2X1)                      6282096.000
                                                  9733200.000 r
  U477/Y (XNOR2X1)                     7183104.000
                                                  16916304.000 r
  U478/Y (INVX1)                       1094672.000
                                                  18010976.000 f
  U764/Y (XOR2X1)                      5236000.000
                                                  23246976.000 r
  U555/Y (XNOR2X1)                     6630160.000
                                                  29877136.000 r
  U556/Y (INVX1)                       1099904.000
                                                  30977040.000 f
  U765/Y (XOR2X1)                      5946112.000
                                                  36923152.000 r
  U766/Y (OR2X1)                       5507296.000
                                                  42430448.000 r
  U767/Y (NAND2X1)                     1711392.000
                                                  44141840.000 f
  U283/Y (XNOR2X1)                     4481536.000
                                                  48623376.000 r
  U284/Y (INVX1)                       988320.000 49611696.000 f
  U832/Y (NAND2X1)                     1161984.000
                                                  50773680.000 r
  U833/Y (NAND2X1)                     2186944.000
                                                  52960624.000 f
  U835/Y (XOR2X1)                      6276000.000
                                                  59236624.000 r
  U837/Y (NAND2X1)                     1071536.000
                                                  60308160.000 f
  U838/Y (NAND2X1)                     1631296.000
                                                  61939456.000 r
  U610/Y (XNOR2X1)                     6630176.000
                                                  68569632.000 r
  U611/Y (INVX1)                       1097408.000
                                                  69667040.000 f
  U1054/Y (NAND2X1)                    1162000.000
                                                  70829040.000 r
  U1055/Y (OR2X1)                      5367392.000
                                                  76196432.000 r
  U643/Y (AND2X1)                      2537968.000
                                                  78734400.000 r
  U644/Y (INVX1)                       817584.000 79551984.000 f
  U392/Y (AND2X1)                      2833280.000
                                                  82385264.000 f
  U393/Y (INVX1)                       -31776.000 82353488.000 r
  U1676/Y (AND2X1)                     2752640.000
                                                  85106128.000 r
  U386/Y (INVX1)                       893936.000 86000064.000 f
  U387/Y (INVX1)                       421648.000 86421712.000 r
  U1677/Y (NAND2X1)                    1016880.000
                                                  87438592.000 f
  U1678/Y (NAND2X1)                    1618928.000
                                                  89057520.000 r
  U415/Y (INVX1)                       1283984.000
                                                  90341504.000 f
  U1730/Y (XOR2X1)                     5987664.000
                                                  96329168.000 r
  U1736/Y (NAND2X1)                    1058400.000
                                                  97387568.000 f
  U1737/Y (NAND2X1)                    1177696.000
                                                  98565264.000 r
  U1738/Y (OR2X1)                      5180416.000
                                                  103745680.000 r
  U1739/Y (NAND2X1)                    1367200.000
                                                  105112880.000 f
  U1740/Y (XOR2X1)                     6267720.000
                                                  111380600.000 r
  U440/Y (XOR2X1)                      6388704.000
                                                  117769304.000 f
  U2176/Y (XOR2X1)                     6270376.000
                                                  124039680.000 r
  U2177/Y (NAND2X1)                    2727576.000
                                                  126767256.000 f
  U2198/Y (NAND2X1)                    829640.000 127596896.000 r
  U2202/Y (NAND2X1)                    1048936.000
                                                  128645832.000 f
  U2204/Y (NAND2X1)                    836368.000 129482200.000 r
  U2205/Y (NAND2X1)                    2141704.000
                                                  131623904.000 f
  U630/Y (AND2X1)                      2854432.000
                                                  134478336.000 f
  U2206/Y (NOR2X1)                     1081744.000
                                                  135560080.000 r
  U2208/Y (NAND2X1)                    1035376.000
                                                  136595456.000 f
  U2211/Y (NAND2X1)                    845584.000 137441040.000 r
  U2221/Y (OR2X1)                      5252352.000
                                                  142693392.000 r
  U2222/Y (NAND2X1)                    1361008.000
                                                  144054400.000 f
  U2223/Y (NAND2X1)                    1172208.000
                                                  145226608.000 r
  U2234/Y (OR2X1)                      5140192.000
                                                  150366800.000 r
  U2235/Y (NAND2X1)                    1361008.000
                                                  151727808.000 f
  U2236/Y (NAND2X1)                    1625552.000
                                                  153353360.000 r
  U2241/Y (INVX1)                      1241520.000
                                                  154594880.000 f
  U2243/Y (NAND2X1)                    807232.000 155402112.000 r
  U2244/Y (NAND2X1)                    2206224.000
                                                  157608336.000 f
  U2245/Y (NAND2X1)                    1171776.000
                                                  158780112.000 r
  U2259/Y (NOR2X1)                     959568.000 159739680.000 f
  U2264/Y (NOR2X1)                     1068448.000
                                                  160808128.000 r
  U2265/Y (NAND2X1)                    1940848.000
                                                  162748976.000 f
  U2266/Y (NAND2X1)                    1165856.000
                                                  163914832.000 r
  U2267/Y (NAND2X1)                    1225008.000
                                                  165139840.000 f
  U655/Y (INVX1)                       340512.000 165480352.000 r
  U411/Y (INVX1)                       805824.000 166286176.000 f
  U2320/Y (NAND2X1)                    807632.000 167093808.000 r
  U2322/Y (NAND2X1)                    1048912.000
                                                  168142720.000 f
  U2323/Y (NAND2X1)                    836032.000 168978752.000 r
  U2326/Y (NAND2X1)                    1228992.000
                                                  170207744.000 f
  U2467/Y (NOR2X1)                     1075744.000
                                                  171283488.000 r
  U2471/Y (NAND2X1)                    1037312.000
                                                  172320800.000 f
  U2473/Y (NAND2X1)                    1273088.000
                                                  173593888.000 r
  U2479/Y (INVX1)                      1242096.000
                                                  174835984.000 f
  U2481/Y (NAND2X1)                    807248.000 175643232.000 r
  U2482/Y (NAND2X1)                    2206208.000
                                                  177849440.000 f
  U2483/Y (NAND2X1)                    1625104.000
                                                  179474544.000 r
  U2493/Y (INVX1)                      1242112.000
                                                  180716656.000 f
  U2494/Y (NAND2X1)                    1161952.000
                                                  181878608.000 r
  U2495/Y (NAND2X1)                    2206320.000
                                                  184084928.000 f
  U2496/Y (NAND2X1)                    1625104.000
                                                  185710032.000 r
  U2501/Y (INVX1)                      1242096.000
                                                  186952128.000 f
  U2503/Y (NAND2X1)                    807248.000 187759376.000 r
  U2504/Y (NAND2X1)                    2206224.000
                                                  189965600.000 f
  U2505/Y (NAND2X1)                    1172304.000
                                                  191137904.000 r
  U2508/Y (NOR2X1)                     959504.000 192097408.000 f
  U2509/Y (NOR2X1)                     1068480.000
                                                  193165888.000 r
  U2510/Y (NAND2X1)                    1940544.000
                                                  195106432.000 f
  U404/Y (AND2X1)                      2832832.000
                                                  197939264.000 f
  U405/Y (INVX1)                       -51088.000 197888176.000 r
  U2514/Y (NAND2X1)                    1048528.000
                                                  198936704.000 f
  U2515/Y (NAND2X1)                    1165856.000
                                                  200102560.000 r
  U2517/Y (NAND2X1)                    1049008.000
                                                  201151568.000 f
  U2518/Y (NOR2X1)                     1080800.000
                                                  202232368.000 r
  U2524/Y (OR2X1)                      4073168.000
                                                  206305536.000 r
  U2525/Y (NAND2X1)                    1361008.000
                                                  207666544.000 f
  U2526/Y (NAND2X1)                    1171776.000
                                                  208838320.000 r
  U2534/Y (OR2X1)                      5169376.000
                                                  214007696.000 r
  U2535/Y (NAND2X1)                    1360992.000
                                                  215368688.000 f
  U2536/Y (NAND2X1)                    1171760.000
                                                  216540448.000 r
  U2544/Y (OR2X1)                      5170320.000
                                                  221710768.000 r
  U2545/Y (NAND2X1)                    1360992.000
                                                  223071760.000 f
  U2546/Y (NAND2X1)                    1171776.000
                                                  224243536.000 r
  U2554/Y (OR2X1)                      5169984.000
                                                  229413520.000 r
  U2555/Y (NAND2X1)                    1361008.000
                                                  230774528.000 f
  U2556/Y (NAND2X1)                    1165872.000
                                                  231940400.000 r
  U2557/Y (NAND2X1)                    2148800.000
                                                  234089200.000 f
  U2562/Y (NAND2X1)                    836384.000 234925584.000 r
  U2563/Y (NAND2X1)                    2177888.000
                                                  237103472.000 f
  U632/Y (AND2X1)                      2835856.000
                                                  239939328.000 f
  U633/Y (INVX1)                       -1279840.000
                                                  238659488.000 r
  U2571/Y (NAND2X1)                    1360992.000
                                                  240020480.000 f
  U2572/Y (NAND2X1)                    1165584.000
                                                  241186064.000 r
  U2573/Y (NAND2X1)                    2161904.000
                                                  243347968.000 f
  out[0] (out)                            0.000   243347968.000 f
  data arrival time                               243347968.000

  clock clk (rise edge)                250000000.000
                                                  250000000.000
  clock network delay (ideal)             0.000   250000000.000
  clock reconvergence pessimism           0.000   250000000.000
  output external delay                   0.000   250000000.000
  data required time                              250000000.000
  ---------------------------------------------------------------
  data required time                              250000000.000
  data arrival time                               -243347968.000
  ---------------------------------------------------------------
  slack (MET)                                     6652032.000


1
