 
****************************************
Report : area
Design : top
Version: S-2021.06-SP2
Date   : Fri Dec 16 14:25:10 2022
****************************************

Library(s) Used:

    PPDK_Standard_Library_0.8V_25C_TYP_X1 (File: /home/akokkinis/synLibs/egfet/db/EGFET_0.8V.db)

Number of ports:                           68
Number of nets:                          4296
Number of cells:                         4232
Number of combinational cells:           4232
Number of sequential cells:                 0
Number of macros/black boxes:               0
Number of buf/inv:                        931
Number of references:                       7

Combinational area:         2040636346.000000
Buf/Inv area:                212659020.000000
Noncombinational area:               0.000000
Macro/Black Box area:                0.000000
Net Interconnect area:      undefined  (No wire load specified)

Total cell area:            2040636346.000000
Total area:                 undefined
1
