Information: Updating design information... (UID-85)
 
****************************************
Report : qor
Design : top
Version: S-2021.06-SP2
Date   : Fri Dec 16 15:58:26 2022
****************************************


  Timing Path Group 'clk'
  -----------------------------------
  Levels of Logic:             138.00
  Critical Path Length:  248431952.00
  Critical Path Slack:     1568048.00
  Critical Path Clk Period:
                         250000000.00
  Total Negative Slack:          0.00
  No. of Violating Paths:        0.00
  Worst Hold Violation:          0.00
  Total Hold Violation:          0.00
  No. of Hold Violations:        0.00
  -----------------------------------


  Cell Count
  -----------------------------------
  Hierarchical Cell Count:          0
  Hierarchical Port Count:          0
  Leaf Cell Count:               3784
  Buf/Inv Cell Count:             787
  Buf Cell Count:                   0
  Inv Cell Count:                 787
  CT Buf/Inv Cell Count:            0
  Combinational Cell Count:      3784
  Sequential Cell Count:            0
  Macro Count:                      0
  -----------------------------------


  Area
  -----------------------------------
  Combinational Area:
                    1635286613.000000
  Noncombinational Area:     0.000000
  Buf/Inv Area:      179766540.000000
  Total Buffer Area:             0.00
  Total Inverter Area:   179766540.00
  Macro/Black Box Area:      0.000000
  Net Area:                  0.000000
  -----------------------------------
  Cell Area:        1635286613.000000
  Design Area:      1635286613.000000


  Design Rules
  -----------------------------------
  Total Number of Nets:          3832
  Nets With Violations:          3784
  Max Trans Violations:          3784
  Max Cap Violations:               0
  -----------------------------------


  Hostname: leoforos

  Compile CPU Statistics
  -----------------------------------------
  Resource Sharing:                    1.68
  Logic Optimization:                  1.31
  Mapping Optimization:                7.22
  -----------------------------------------
  Overall Compile Time:               16.07
  Overall Compile Wall Clock Time:    16.46

  --------------------------------------------------------------------

  Design  WNS: 0.00  TNS: 0.00  Number of Violating Paths: 0


  Design (Hold)  WNS: 0.00  TNS: 0.00  Number of Violating Paths: 0

  --------------------------------------------------------------------


1
