 
****************************************
Report : area
Design : top
Version: S-2021.06-SP2
Date   : Fri Dec  2 17:50:03 2022
****************************************

Library(s) Used:

    PPDK_Standard_Library_1.0V_25C_TYP_X1 (File: /home/akokkinis/synLibs/egfet/db/EGFET_1.0V.db)

Number of ports:                           20
Number of nets:                          1005
Number of cells:                          987
Number of combinational cells:            987
Number of sequential cells:                 0
Number of macros/black boxes:               0
Number of buf/inv:                        388
Number of references:                       7

Combinational area:          361027603.000000
Buf/Inv area:                 88626960.000000
Noncombinational area:               0.000000
Macro/Black Box area:                0.000000
Net Interconnect area:      undefined  (No wire load specified)

Total cell area:             361027603.000000
Total area:                 undefined
1
