****************************************
Report : timing
	-path_type full
	-delay_type max
	-max_paths 1
	-sort_by slack
Design : top
Version: S-2021.06-SP1
Date   : Fri Dec 16 16:49:11 2022
****************************************


  Startpoint: inp[12] (input port clocked by clk)
  Endpoint: out[0] (output port clocked by clk)
  Path Group: clk
  Path Type: max

  Point                                    Incr       Path
  ---------------------------------------------------------------
  clock clk (rise edge)                   0.000      0.000
  clock network delay (ideal)             0.000      0.000
  input external delay                    0.000      0.000 r
  inp[12] (in)                            0.000      0.000 r
  U1064/Y (INVX1)                      54752.000  54752.000 f
  U1319/Y (XOR2X1)                     5929872.000
                                                  5984624.000 r
  U817/Y (AND2X1)                      1783520.000
                                                  7768144.000 r
  U818/Y (INVX1)                       704992.000 8473136.000 f
  U1322/Y (AND2X1)                     2243888.000
                                                  10717024.000 f
  U1323/Y (XOR2X1)                     3134768.000
                                                  13851792.000 f
  U615/Y (XNOR2X1)                     6157456.000
                                                  20009248.000 f
  U1329/Y (XOR2X1)                     5218304.000
                                                  25227552.000 r
  U637/Y (AND2X1)                      1818752.000
                                                  27046304.000 r
  U638/Y (INVX1)                       707984.000 27754288.000 f
  U1330/Y (AND2X1)                     1869120.000
                                                  29623408.000 f
  U1331/Y (XOR2X1)                     5372880.000
                                                  34996288.000 r
  U1332/Y (INVX1)                      1264832.000
                                                  36261120.000 f
  U809/Y (AND2X1)                      2034688.000
                                                  38295808.000 f
  U810/Y (INVX1)                       -1449440.000
                                                  36846368.000 r
  U1351/Y (AND2X1)                     1341184.000
                                                  38187552.000 r
  U1361/Y (XOR2X1)                     4454496.000
                                                  42642048.000 f
  U749/Y (AND2X1)                      2417472.000
                                                  45059520.000 f
  U750/Y (INVX1)                       -1449728.000
                                                  43609792.000 r
  U1362/Y (NAND2X1)                    1054096.000
                                                  44663888.000 f
  U1366/Y (XOR2X1)                     5244112.000
                                                  49908000.000 r
  U641/Y (AND2X1)                      1818720.000
                                                  51726720.000 r
  U642/Y (INVX1)                       715384.000 52442104.000 f
  U1368/Y (NAND2X1)                    1368448.000
                                                  53810552.000 r
  U494/Y (XNOR2X1)                     6445664.000
                                                  60256216.000 r
  U495/Y (INVX1)                       948648.000 61204864.000 f
  U635/Y (AND2X1)                      2458136.000
                                                  63663000.000 f
  U636/Y (INVX1)                       -1174688.000
                                                  62488312.000 r
  U553/Y (AND2X1)                      2198880.000
                                                  64687192.000 r
  U554/Y (INVX1)                       725504.000 65412696.000 f
  U1387/Y (INVX1)                      505832.000 65918528.000 r
  U1388/Y (NAND2X1)                    808096.000 66726624.000 f
  U828/Y (AND2X1)                      2046672.000
                                                  68773296.000 f
  U1397/Y (NAND2X1)                    859736.000 69633032.000 r
  U1399/Y (NAND2X1)                    929400.000 70562432.000 f
  U590/Y (INVX1)                       226424.000 70788856.000 r
  U591/Y (INVX1)                       648856.000 71437712.000 f
  U1414/Y (XOR2X1)                     5929752.000
                                                  77367464.000 r
  U815/Y (AND2X1)                      1781936.000
                                                  79149400.000 r
  U816/Y (INVX1)                       712664.000 79862064.000 f
  U1415/Y (AND2X1)                     2243896.000
                                                  82105960.000 f
  U492/Y (XNOR2X1)                     6627160.000
                                                  88733120.000 f
  U493/Y (INVX1)                       -1287792.000
                                                  87445328.000 r
  U2173/Y (XOR2X1)                     4516464.000
                                                  91961792.000 f
  U2181/Y (NAND2X1)                    836976.000 92798768.000 r
  U2182/Y (AND2X1)                     2751528.000
                                                  95550296.000 r
  U325/Y (AND2X1)                      2190712.000
                                                  97741008.000 r
  U326/Y (INVX1)                       710304.000 98451312.000 f
  U2183/Y (NAND2X1)                    1752792.000
                                                  100204104.000 r
  U2184/Y (INVX1)                      1216872.000
                                                  101420976.000 f
  U2192/Y (NAND2X1)                    925136.000 102346112.000 r
  U2193/Y (OR2X1)                      2605288.000
                                                  104951400.000 r
  U2194/Y (NAND2X1)                    799184.000 105750584.000 f
  U2196/Y (NAND2X1)                    1345344.000
                                                  107095928.000 r
  U2509/Y (INVX1)                      1101288.000
                                                  108197216.000 f
  U2510/Y (NAND2X1)                    1776616.000
                                                  109973832.000 r
  U571/Y (INVX1)                       1239704.000
                                                  111213536.000 f
  U572/Y (INVX1)                       968008.000 112181544.000 r
  U870/Y (INVX1)                       646280.000 112827824.000 f
  U2526/Y (NAND2X1)                    1286552.000
                                                  114114376.000 r
  U2527/Y (NAND2X1)                    1127984.000
                                                  115242360.000 f
  U2528/Y (NAND2X1)                    1394808.000
                                                  116637168.000 r
  U2536/Y (NAND2X1)                    930960.000 117568128.000 f
  U2551/Y (NAND2X1)                    881008.000 118449136.000 r
  U2552/Y (NAND2X1)                    1155896.000
                                                  119605032.000 f
  U2557/Y (OR2X1)                      2087712.000
                                                  121692744.000 f
  U2567/Y (NAND2X1)                    870744.000 122563488.000 r
  U2569/Y (NAND2X1)                    866096.000 123429584.000 f
  U2570/Y (NAND2X1)                    1394768.000
                                                  124824352.000 r
  U2571/Y (NAND2X1)                    1154720.000
                                                  125979072.000 f
  U2576/Y (NAND2X1)                    879352.000 126858424.000 r
  U2577/Y (NAND2X1)                    866896.000 127725320.000 f
  U610/Y (NAND2X1)                     1371232.000
                                                  129096552.000 r
  U575/Y (INVX1)                       1101512.000
                                                  130198064.000 f
  U576/Y (INVX1)                       976272.000 131174336.000 r
  U2578/Y (INVX1)                      651296.000 131825632.000 f
  U2601/Y (NAND2X1)                    1286664.000
                                                  133112296.000 r
  U2603/Y (NAND2X1)                    849528.000 133961824.000 f
  U2604/Y (NAND2X1)                    1394800.000
                                                  135356624.000 r
  U2607/Y (NAND2X1)                    866832.000 136223456.000 f
  U2608/Y (NOR2X1)                     1195008.000
                                                  137418464.000 r
  U2614/Y (NAND2X1)                    834368.000 138252832.000 f
  U2616/Y (NAND2X1)                    1341920.000
                                                  139594752.000 r
  U2617/Y (INVX1)                      1116224.000
                                                  140710976.000 f
  U2622/Y (NAND2X1)                    919344.000 141630320.000 r
  U2626/Y (NAND2X1)                    848096.000 142478416.000 f
  U2628/Y (NAND2X1)                    1341744.000
                                                  143820160.000 r
  U2629/Y (INVX1)                      1095936.000
                                                  144916096.000 f
  U2630/Y (NAND2X1)                    1284304.000
                                                  146200400.000 r
  U2635/Y (NAND2X1)                    848080.000 147048480.000 f
  U2637/Y (NAND2X1)                    1341920.000
                                                  148390400.000 r
  U2646/Y (INVX1)                      1096448.000
                                                  149486848.000 f
  U2647/Y (NAND2X1)                    1284304.000
                                                  150771152.000 r
  U2648/Y (NAND2X1)                    1127408.000
                                                  151898560.000 f
  U2651/Y (NAND2X1)                    881216.000 152779776.000 r
  U2652/Y (NAND2X1)                    848384.000 153628160.000 f
  U2653/Y (NAND2X1)                    1399520.000
                                                  155027680.000 r
  U2654/Y (NAND2X1)                    1239072.000
                                                  156266752.000 f
  U588/Y (INVX1)                       225472.000 156492224.000 r
  U589/Y (INVX1)                       665600.000 157157824.000 f
  U953/Y (INVX1)                       479760.000 157637584.000 r
  U2702/Y (AND2X1)                     2010512.000
                                                  159648096.000 r
  U2708/Y (NOR2X1)                     -95456.000 159552640.000 f
  U2709/Y (OR2X1)                      2088336.000
                                                  161640976.000 f
  U2714/Y (NAND2X1)                    872144.000 162513120.000 r
  U2716/Y (NAND2X1)                    866848.000 163379968.000 f
  U2719/Y (OR2X1)                      2087696.000
                                                  165467664.000 f
  U2723/Y (NAND2X1)                    872144.000 166339808.000 r
  U2725/Y (NAND2X1)                    867744.000 167207552.000 f
  U2731/Y (OR2X1)                      2087712.000
                                                  169295264.000 f
  U2732/Y (NAND2X1)                    1420800.000
                                                  170716064.000 r
  U2733/Y (NAND2X1)                    1161456.000
                                                  171877520.000 f
  U2735/Y (NAND2X1)                    878928.000 172756448.000 r
  U2736/Y (NAND2X1)                    1155920.000
                                                  173912368.000 f
  U2738/Y (NAND2X1)                    879280.000 174791648.000 r
  U2741/Y (NAND2X1)                    866832.000 175658480.000 f
  U2742/Y (NAND2X1)                    1403232.000
                                                  177061712.000 r
  U907/Y (AND2X1)                      2156928.000
                                                  179218640.000 r
  U397/Y (AND2X1)                      2180976.000
                                                  181399616.000 r
  U398/Y (INVX1)                       713472.000 182113088.000 f
  U2746/Y (NAND2X1)                    918864.000 183031952.000 r
  U2751/Y (NAND2X1)                    866528.000 183898480.000 f
  out[0] (out)                            0.000   183898480.000 f
  data arrival time                               183898480.000

  clock clk (rise edge)                250000000.000
                                                  250000000.000
  clock network delay (ideal)             0.000   250000000.000
  clock reconvergence pessimism           0.000   250000000.000
  output external delay                   0.000   250000000.000
  data required time                              250000000.000
  ---------------------------------------------------------------
  data required time                              250000000.000
  data arrival time                               -183898480.000
  ---------------------------------------------------------------
  slack (MET)                                     66101520.000


1
