****************************************
Report : timing
	-path_type full
	-delay_type max
	-max_paths 1
	-sort_by slack
Design : top
Version: S-2021.06-SP1
Date   : Sun Dec 18 18:33:00 2022
****************************************


  Startpoint: inp[66] (input port clocked by clk)
  Endpoint: out[0] (output port clocked by clk)
  Path Group: clk
  Path Type: max

  Point                                    Incr       Path
  ---------------------------------------------------------------
  clock clk (rise edge)                   0.000      0.000
  clock network delay (ideal)             0.000      0.000
  input external delay                    0.000      0.000 f
  inp[66] (in)                            0.000      0.000 f
  U3234/Y (XOR2X1)                     6011680.000
                                                  6011680.000 r
  U3450/Y (XOR2X1)                     6892128.000
                                                  12903808.000 f
  U3454/Y (XOR2X1)                     8669536.000
                                                  21573344.000 r
  U3460/Y (OR2X1)                      29527360.000
                                                  51100704.000 r
  U3461/Y (NAND2X1)                    2172736.000
                                                  53273440.000 f
  U3522/Y (XOR2X1)                     4874880.000
                                                  58148320.000 f
  U3523/Y (XOR2X1)                     8481792.000
                                                  66630112.000 r
  U3538/Y (OR2X1)                      28179040.000
                                                  94809152.000 r
  U3539/Y (NAND2X1)                    2172736.000
                                                  96981888.000 f
  U3676/Y (XOR2X1)                     6612832.000
                                                  103594720.000 r
  U3726/Y (OR2X1)                      14755968.000
                                                  118350688.000 r
  U3746/Y (NAND2X1)                    1535232.000
                                                  119885920.000 f
  U3748/Y (NAND2X1)                    636000.000 120521920.000 r
  U3749/Y (NAND2X1)                    2764384.000
                                                  123286304.000 f
  U3752/Y (NAND2X1)                    645632.000 123931936.000 r
  U3756/Y (XOR2X1)                     7210208.000
                                                  131142144.000 f
  U3757/Y (XOR2X1)                     9299008.000
                                                  140441152.000 r
  U3833/Y (OR2X1)                      34044320.000
                                                  174485472.000 r
  U4023/Y (NAND2X1)                    1535232.000
                                                  176020704.000 f
  U4025/Y (NAND2X1)                    636208.000 176656912.000 r
  U4026/Y (NAND2X1)                    2760784.000
                                                  179417696.000 f
  U4028/Y (NAND2X1)                    642272.000 180059968.000 r
  U4029/Y (OR2X1)                      6842656.000
                                                  186902624.000 r
  U4033/Y (NAND2X1)                    1535232.000
                                                  188437856.000 f
  U4035/Y (NAND2X1)                    636176.000 189074032.000 r
  U4043/Y (NAND2X1)                    1473056.000
                                                  190547088.000 f
  U4045/Y (NAND2X1)                    627952.000 191175040.000 r
  U4049/Y (XOR2X1)                     7140352.000
                                                  198315392.000 f
  U663/Y (NOR2X1)                      1034416.000
                                                  199349808.000 r
  U662/Y (OR2X1)                       4889792.000
                                                  204239600.000 r
  U4106/Y (AND2X1)                     2520160.000
                                                  206759760.000 r
  U4107/Y (INVX1)                      1073392.000
                                                  207833152.000 f
  U4368/Y (XOR2X1)                     4771344.000
                                                  212604496.000 f
  U4369/Y (XOR2X1)                     8349360.000
                                                  220953856.000 r
  U4370/Y (XOR2X1)                     8448768.000
                                                  229402624.000 f
  U4373/Y (XOR2X1)                     9197776.000
                                                  238600400.000 r
  U4382/Y (OR2X1)                      33316176.000
                                                  271916576.000 r
  U1138/Y (NAND2X1)                    2157440.000
                                                  274074016.000 f
  U4402/Y (NAND2X1)                    634144.000 274708160.000 r
  U4419/Y (OR2X1)                      6728704.000
                                                  281436864.000 r
  U4420/Y (NAND2X1)                    2556224.000
                                                  283993088.000 f
  U512/Y (AND2X1)                      3553920.000
                                                  287547008.000 f
  U513/Y (INVX1)                       -577056.000
                                                  286969952.000 r
  U4429/Y (NAND2X1)                    2565024.000
                                                  289534976.000 f
  U94/Y (AND2X1)                       2789984.000
                                                  292324960.000 f
  U95/Y (INVX1)                        -615296.000
                                                  291709664.000 r
  U1140/Y (NAND2X1)                    2564928.000
                                                  294274592.000 f
  U122/Y (AND2X1)                      2789408.000
                                                  297064000.000 f
  U123/Y (INVX1)                       -576448.000
                                                  296487552.000 r
  U130/Y (AND2X1)                      2419168.000
                                                  298906720.000 r
  U131/Y (INVX1)                       1088800.000
                                                  299995520.000 f
  U76/Y (NAND2X1)                      684896.000 300680416.000 r
  U1143/Y (NAND2X1)                    1469120.000
                                                  302149536.000 f
  U71/Y (NAND2X1)                      1109248.000
                                                  303258784.000 r
  U110/Y (AND2X1)                      2089984.000
                                                  305348768.000 r
  U111/Y (INVX1)                       1439072.000
                                                  306787840.000 f
  U726/Y (AND2X1)                      2865696.000
                                                  309653536.000 f
  U727/Y (INVX1)                       -614624.000
                                                  309038912.000 r
  U4459/Y (NAND2X1)                    1910656.000
                                                  310949568.000 f
  U87/Y (XOR2X1)                       6812000.000
                                                  317761568.000 r
  U4682/Y (NAND2X1)                    1355232.000
                                                  319116800.000 f
  U1152/Y (NAND2X1)                    618880.000 319735680.000 r
  U1151/Y (NAND2X1)                    1483872.000
                                                  321219552.000 f
  U4685/Y (NAND2X1)                    1087616.000
                                                  322307168.000 r
  U599/Y (INVX1)                       1568640.000
                                                  323875808.000 f
  U4717/Y (NAND2X1)                    945760.000 324821568.000 r
  U4718/Y (NAND2X1)                    1481984.000
                                                  326303552.000 f
  U4719/Y (NAND2X1)                    630848.000 326934400.000 r
  U4721/Y (NAND2X1)                    1483968.000
                                                  328418368.000 f
  U4722/Y (NOR2X1)                     972640.000 329391008.000 r
  U4724/Y (NAND2X1)                    1494880.000
                                                  330885888.000 f
  U4725/Y (NAND2X1)                    636832.000 331522720.000 r
  U1146/Y (OR2X1)                      5913920.000
                                                  337436640.000 r
  U72/Y (NAND2X1)                      2157440.000
                                                  339594080.000 f
  U1145/Y (NAND2X1)                    615744.000 340209824.000 r
  U4730/Y (NAND2X1)                    1479136.000
                                                  341688960.000 f
  U1150/Y (OR2X1)                      3434752.000
                                                  345123712.000 f
  U1149/Y (NAND2X1)                    599520.000 345723232.000 r
  U1148/Y (NAND2X1)                    1472512.000
                                                  347195744.000 f
  U1147/Y (NAND2X1)                    618880.000 347814624.000 r
  U114/Y (AND2X1)                      2141408.000
                                                  349956032.000 r
  U115/Y (INVX1)                       1398592.000
                                                  351354624.000 f
  U86/Y (NAND2X1)                      952416.000 352307040.000 r
  U666/Y (AND2X1)                      2499776.000
                                                  354806816.000 r
  U667/Y (INVX1)                       1405408.000
                                                  356212224.000 f
  U1119/Y (OR2X1)                      3173440.000
                                                  359385664.000 f
  U553/Y (AND2X1)                      2690176.000
                                                  362075840.000 f
  U119/Y (OR2X1)                       3418688.000
                                                  365494528.000 f
  U4750/Y (NAND2X1)                    608576.000 366103104.000 r
  U4751/Y (NAND2X1)                    2773152.000
                                                  368876256.000 f
  U77/Y (NAND2X1)                      640128.000 369516384.000 r
  U4762/Y (NAND2X1)                    1463520.000
                                                  370979904.000 f
  U126/Y (AND2X1)                      2836032.000
                                                  373815936.000 f
  U127/Y (INVX1)                       -613952.000
                                                  373201984.000 r
  U1161/Y (NAND2X1)                    2266688.000
                                                  375468672.000 f
  U728/Y (AND2X1)                      2810176.000
                                                  378278848.000 f
  U729/Y (INVX1)                       -615232.000
                                                  377663616.000 r
  U1160/Y (NAND2X1)                    1524288.000
                                                  379187904.000 f
  U107/Y (AND2X1)                      2819328.000
                                                  382007232.000 f
  U108/Y (INVX1)                       -564000.000
                                                  381443232.000 r
  U4769/Y (OR2X1)                      2695136.000
                                                  384138368.000 r
  U120/Y (AND2X1)                      2473632.000
                                                  386612000.000 r
  U121/Y (INVX1)                       1030816.000
                                                  387642816.000 f
  U1123/Y (NAND2X1)                    1086976.000
                                                  388729792.000 r
  U956/Y (AND2X1)                      2110656.000
                                                  390840448.000 r
  U957/Y (INVX1)                       1417088.000
                                                  392257536.000 f
  U97/Y (NAND2X1)                      1081824.000
                                                  393339360.000 r
  U98/Y (INVX1)                        1462624.000
                                                  394801984.000 f
  U96/Y (NAND2X1)                      957472.000 395759456.000 r
  U104/Y (AND2X1)                      3549088.000
                                                  399308544.000 r
  U102/Y (NOR2X1)                      1324544.000
                                                  400633088.000 f
  U116/Y (NOR2X1)                      969856.000 401602944.000 r
  U4800/Y (NOR2X1)                     1320352.000
                                                  402923296.000 f
  out[0] (out)                            0.000   402923296.000 f
  data arrival time                               402923296.000

  clock clk (rise edge)                200000000.000
                                                  200000000.000
  clock network delay (ideal)             0.000   200000000.000
  clock reconvergence pessimism           0.000   200000000.000
  output external delay                   0.000   200000000.000
  data required time                              200000000.000
  ---------------------------------------------------------------
  data required time                              200000000.000
  data arrival time                               -402923296.000
  ---------------------------------------------------------------
  slack (VIOLATED)                                -202923296.000


1
