Information: Updating design information... (UID-85)
 
****************************************
Report : qor
Design : top
Version: S-2021.06-SP2
Date   : Wed Dec 14 19:36:49 2022
****************************************


  Timing Path Group 'clk'
  -----------------------------------
  Levels of Logic:             111.00
  Critical Path Length:  148656464.00
  Critical Path Slack:    51343536.00
  Critical Path Clk Period:
                         200000000.00
  Total Negative Slack:          0.00
  No. of Violating Paths:        0.00
  Worst Hold Violation:          0.00
  Total Hold Violation:          0.00
  No. of Hold Violations:        0.00
  -----------------------------------


  Cell Count
  -----------------------------------
  Hierarchical Cell Count:          0
  Hierarchical Port Count:          0
  Leaf Cell Count:               1508
  Buf/Inv Cell Count:             535
  Buf Cell Count:                   0
  Inv Cell Count:                 535
  CT Buf/Inv Cell Count:            0
  Combinational Cell Count:      1508
  Sequential Cell Count:            0
  Macro Count:                      0
  -----------------------------------


  Area
  -----------------------------------
  Combinational Area:
                     512470009.000000
  Noncombinational Area:     0.000000
  Buf/Inv Area:      122204700.000000
  Total Buffer Area:             0.00
  Total Inverter Area:   122204700.00
  Macro/Black Box Area:      0.000000
  Net Area:                  0.000000
  -----------------------------------
  Cell Area:         512470009.000000
  Design Area:       512470009.000000


  Design Rules
  -----------------------------------
  Total Number of Nets:          1554
  Nets With Violations:          1507
  Max Trans Violations:          1507
  Max Cap Violations:               0
  -----------------------------------


  Hostname: leoforos

  Compile CPU Statistics
  -----------------------------------------
  Resource Sharing:                    1.19
  Logic Optimization:                  1.56
  Mapping Optimization:                2.16
  -----------------------------------------
  Overall Compile Time:                9.74
  Overall Compile Wall Clock Time:    10.12

  --------------------------------------------------------------------

  Design  WNS: 0.00  TNS: 0.00  Number of Violating Paths: 0


  Design (Hold)  WNS: 0.00  TNS: 0.00  Number of Violating Paths: 0

  --------------------------------------------------------------------


1
