****************************************
Report : timing
	-path_type full
	-delay_type max
	-max_paths 1
	-sort_by slack
Design : top
Version: S-2021.06-SP1
Date   : Sun Dec 18 18:39:37 2022
****************************************


  Startpoint: inp[32] (input port clocked by clk)
  Endpoint: out[0] (output port clocked by clk)
  Path Group: clk
  Path Type: max

  Point                                    Incr       Path
  ---------------------------------------------------------------
  clock clk (rise edge)                   0.000      0.000
  clock network delay (ideal)             0.000      0.000
  input external delay                    0.000      0.000 f
  inp[32] (in)                            0.000      0.000 f
  U781/Y (AND2X1)                      2461288.000
                                                  2461288.000 f
  U1159/Y (NAND2X1)                    865808.000 3327096.000 r
  U1160/Y (NAND2X1)                    1126448.000
                                                  4453544.000 f
  U1161/Y (NAND2X1)                    1757056.000
                                                  6210600.000 r
  U1162/Y (INVX1)                      1101272.000
                                                  7311872.000 f
  U1165/Y (NAND2X1)                    919336.000 8231208.000 r
  U201/Y (AND2X1)                      2166632.000
                                                  10397840.000 r
  U202/Y (INVX1)                       718368.000 11116208.000 f
  U1171/Y (OR2X1)                      2117896.000
                                                  13234104.000 f
  U251/Y (AND2X1)                      2048504.000
                                                  15282608.000 f
  U252/Y (INVX1)                       -1299304.000
                                                  13983304.000 r
  U1174/Y (OR2X1)                      1639712.000
                                                  15623016.000 r
  U608/Y (AND2X1)                      2195816.000
                                                  17818832.000 r
  U609/Y (INVX1)                       708872.000 18527704.000 f
  U1203/Y (OR2X1)                      2117896.000
                                                  20645600.000 f
  U1315/Y (NAND2X1)                    876488.000 21522088.000 r
  U501/Y (XNOR2X1)                     5372880.000
                                                  26894968.000 r
  U757/Y (INVX1)                       1009248.000
                                                  27904216.000 f
  U1316/Y (NAND2X1)                    1290720.000
                                                  29194936.000 r
  U1370/Y (NAND2X1)                    1130656.000
                                                  30325592.000 f
  U674/Y (XNOR2X1)                     6617816.000
                                                  36943408.000 f
  U1397/Y (NAND2X1)                    1748928.000
                                                  38692336.000 r
  U403/Y (INVX1)                       1030816.000
                                                  39723152.000 f
  U404/Y (INVX1)                       444632.000 40167784.000 r
  U321/Y (AND2X1)                      1880360.000
                                                  42048144.000 r
  U322/Y (INVX1)                       716464.000 42764608.000 f
  U1398/Y (NAND2X1)                    924544.000 43689152.000 r
  U1402/Y (OR2X1)                      2548152.000
                                                  46237304.000 r
  U309/Y (AND2X1)                      1882728.000
                                                  48120032.000 r
  U310/Y (INVX1)                       716464.000 48836496.000 f
  U1403/Y (NAND2X1)                    924552.000 49761048.000 r
  U1404/Y (OR2X1)                      2331016.000
                                                  52092064.000 r
  U592/Y (AND2X1)                      2199504.000
                                                  54291568.000 r
  U593/Y (INVX1)                       707440.000 54999008.000 f
  U347/Y (AND2X1)                      2034872.000
                                                  57033880.000 f
  U348/Y (INVX1)                       -229920.000
                                                  56803960.000 r
  U1406/Y (INVX1)                      651888.000 57455848.000 f
  U1407/Y (NAND2X1)                    1291792.000
                                                  58747640.000 r
  U1408/Y (NAND2X1)                    1128280.000
                                                  59875920.000 f
  U1417/Y (XOR2X1)                     5346116.000
                                                  65222036.000 r
  U1422/Y (NAND2X1)                    929164.000 66151200.000 f
  U469/Y (INVX1)                       226488.000 66377688.000 r
  U470/Y (INVX1)                       646696.000 67024384.000 f
  U1425/Y (NOR2X1)                     1157664.000
                                                  68182048.000 r
  U203/Y (AND2X1)                      1837440.000
                                                  70019488.000 r
  U204/Y (INVX1)                       718152.000 70737640.000 f
  U763/Y (AND2X1)                      2041504.000
                                                  72779144.000 f
  U1656/Y (NAND2X1)                    1748856.000
                                                  74528000.000 r
  U735/Y (INVX1)                       1036984.000
                                                  75564984.000 f
  U736/Y (INVX1)                       451424.000 76016408.000 r
  U765/Y (AND2X1)                      2211496.000
                                                  78227904.000 r
  U1657/Y (XOR2X1)                     4380672.000
                                                  82608576.000 f
  U1658/Y (XOR2X1)                     5737408.000
                                                  88345984.000 r
  U701/Y (XNOR2X1)                     6302800.000
                                                  94648784.000 r
  U702/Y (INVX1)                       820176.000 95468960.000 f
  U1700/Y (NOR2X1)                     1157496.000
                                                  96626456.000 r
  U1703/Y (NOR2X1)                     157032.000 96783488.000 f
  U1704/Y (NAND2X1)                    1388992.000
                                                  98172480.000 r
  U1706/Y (NAND2X1)                    865072.000 99037552.000 f
  U1707/Y (NAND2X1)                    1394736.000
                                                  100432288.000 r
  U311/Y (AND2X1)                      1795416.000
                                                  102227704.000 r
  U312/Y (INVX1)                       715320.000 102943024.000 f
  U1714/Y (AND2X1)                     2238232.000
                                                  105181256.000 f
  U1715/Y (NAND2X1)                    864408.000 106045664.000 r
  U586/Y (AND2X1)                      1818784.000
                                                  107864448.000 r
  U587/Y (INVX1)                       708376.000 108572824.000 f
  U731/Y (AND2X1)                      2037088.000
                                                  110609912.000 f
  U317/Y (AND2X1)                      2427200.000
                                                  113037112.000 f
  U318/Y (INVX1)                       -1386904.000
                                                  111650208.000 r
  U373/Y (AND2X1)                      1881968.000
                                                  113532176.000 r
  U374/Y (INVX1)                       725112.000 114257288.000 f
  U1728/Y (INVX1)                      440496.000 114697784.000 r
  U1729/Y (NAND2X1)                    1051216.000
                                                  115749000.000 f
  U532/Y (AND2X1)                      2441928.000
                                                  118190928.000 f
  U533/Y (INVX1)                       -1291632.000
                                                  116899296.000 r
  U1738/Y (NAND2X1)                    802128.000 117701424.000 f
  U1743/Y (OR2X1)                      2088992.000
                                                  119790416.000 f
  U580/Y (AND2X1)                      2435072.000
                                                  122225488.000 f
  U581/Y (INVX1)                       -1336008.000
                                                  120889480.000 r
  U363/Y (AND2X1)                      2199112.000
                                                  123088592.000 r
  U364/Y (INVX1)                       724984.000 123813576.000 f
  U1745/Y (NAND2X1)                    915072.000 124728648.000 r
  U1747/Y (NAND2X1)                    848296.000 125576944.000 f
  U1750/Y (NAND2X1)                    881176.000 126458120.000 r
  U1751/Y (NAND2X1)                    863704.000 127321824.000 f
  U1754/Y (NAND2X1)                    881192.000 128203016.000 r
  U1755/Y (AND2X1)                     2766376.000
                                                  130969392.000 r
  U1756/Y (NOR2X1)                     303816.000 131273208.000 f
  out[0] (out)                            0.000   131273208.000 f
  data arrival time                               131273208.000

  clock clk (rise edge)                200000000.000
                                                  200000000.000
  clock network delay (ideal)             0.000   200000000.000
  clock reconvergence pessimism           0.000   200000000.000
  output external delay                   0.000   200000000.000
  data required time                              200000000.000
  ---------------------------------------------------------------
  data required time                              200000000.000
  data arrival time                               -131273208.000
  ---------------------------------------------------------------
  slack (MET)                                     68726792.000


1
