 
****************************************
Report : timing
        -path full
        -delay max
        -max_paths 1
Design : top
Version: S-2021.06-SP2
Date   : Thu Dec 15 12:54:15 2022
****************************************

Operating Conditions: TT   Library: PPDK_Standard_Library_1.0V_25C_TYP_X1
Wire Load Model Mode: top

  Startpoint: inp[2] (input port clocked by clk)
  Endpoint: out[0] (output port clocked by clk)
  Path Group: clk
  Path Type: max

  Point                                    Incr       Path
  -----------------------------------------------------------
  clock clk (rise edge)                   0.000      0.000
  clock network delay (ideal)             0.000      0.000
  input external delay                    0.000      0.000 r
  inp[2] (in)                             0.000      0.000 r
  U530/Y (XOR2X1)                      4574052.000
                                                  4574052.000 f
  U535/Y (XOR2X1)                      5118190.000
                                                  9692242.000 r
  U536/Y (XOR2X1)                      4769462.000
                                                  14461704.000 f
  U539/Y (NAND2X1)                     836503.000 15298207.000 r
  U540/Y (NAND2X1)                     850417.000 16148624.000 f
  U329/Y (XNOR2X1)                     6276636.000
                                                  22425260.000 f
  U319/Y (XOR2X1)                      5295566.000
                                                  27720826.000 r
  U604/Y (XOR2X1)                      4326706.000
                                                  32047532.000 f
  U605/Y (XOR2X1)                      5727804.000
                                                  37775336.000 r
  U613/Y (OR2X1)                       2312392.000
                                                  40087728.000 r
  U633/Y (NAND2X1)                     804728.000 40892456.000 f
  U635/Y (NAND2X1)                     897144.000 41789600.000 r
  U638/Y (OR2X1)                       2563108.000
                                                  44352708.000 r
  U639/Y (NAND2X1)                     1223892.000
                                                  45576600.000 f
  U254/Y (AND2X1)                      2439584.000
                                                  48016184.000 f
  U255/Y (INVX1)                       -1306792.000
                                                  46709392.000 r
  U641/Y (NAND2X1)                     800468.000 47509860.000 f
  U645/Y (NAND2X1)                     898660.000 48408520.000 r
  U646/Y (NAND2X1)                     863752.000 49272272.000 f
  U330/Y (AND2X1)                      2046056.000
                                                  51318328.000 f
  U331/Y (INVX1)                       -1447960.000
                                                  49870368.000 r
  U649/Y (NAND2X1)                     803668.000 50674036.000 f
  U650/Y (NAND2X1)                     1380844.000
                                                  52054880.000 r
  U652/Y (NAND2X1)                     866304.000 52921184.000 f
  U656/Y (OR2X1)                       2088964.000
                                                  55010148.000 f
  U334/Y (AND2X1)                      2048492.000
                                                  57058640.000 f
  U335/Y (INVX1)                       -1447984.000
                                                  55610656.000 r
  U321/Y (AND2X1)                      1881996.000
                                                  57492652.000 r
  U322/Y (INVX1)                       716236.000 58208888.000 f
  U664/Y (NAND2X1)                     918716.000 59127604.000 r
  U332/Y (AND2X1)                      1818644.000
                                                  60946248.000 r
  U333/Y (INVX1)                       715220.000 61661468.000 f
  U672/Y (NAND2X1)                     1303360.000
                                                  62964828.000 r
  U682/Y (OR2X1)                       2349304.000
                                                  65314132.000 r
  U683/Y (NAND2X1)                     1220520.000
                                                  66534652.000 f
  U698/Y (XOR2X1)                      5355092.000
                                                  71889744.000 r
  U701/Y (XOR2X1)                      4325608.000
                                                  76215352.000 f
  U312/Y (NOR2X1)                      1637456.000
                                                  77852808.000 r
  U313/Y (INVX1)                       997912.000 78850720.000 f
  U267/Y (NAND2X1)                     1326328.000
                                                  80177048.000 r
  U294/Y (AND2X1)                      1890760.000
                                                  82067808.000 r
  U723/Y (NAND2X1)                     840408.000 82908216.000 f
  U885/Y (XOR2X1)                      5935920.000
                                                  88844136.000 r
  U491/Y (INVX1)                       1237864.000
                                                  90082000.000 f
  U492/Y (INVX1)                       441776.000 90523776.000 r
  U886/Y (NAND2X1)                     1052368.000
                                                  91576144.000 f
  U887/Y (NAND2X1)                     886000.000 92462144.000 r
  U890/Y (NAND2X1)                     932440.000 93394584.000 f
  U891/Y (NAND2X1)                     1395000.000
                                                  94789584.000 r
  U893/Y (NAND2X1)                     866032.000 95655616.000 f
  U896/Y (NAND2X1)                     1356912.000
                                                  97012528.000 r
  U897/Y (NAND2X1)                     1154456.000
                                                  98166984.000 f
  U898/Y (NAND2X1)                     879368.000 99046352.000 r
  U900/Y (NAND2X1)                     851640.000 99897992.000 f
  U904/Y (OR2X1)                       2092336.000
                                                  101990328.000 f
  U905/Y (NAND2X1)                     1752544.000
                                                  103742872.000 r
  U907/Y (NAND2X1)                     862168.000 104605040.000 f
  U379/Y (AND2X1)                      2044184.000
                                                  106649224.000 f
  U380/Y (INVX1)                       -1452744.000
                                                  105196480.000 r
  U256/Y (AND2X1)                      2199144.000
                                                  107395624.000 r
  U257/Y (INVX1)                       708008.000 108103632.000 f
  U910/Y (NAND2X1)                     918760.000 109022392.000 r
  U912/Y (NAND2X1)                     850376.000 109872768.000 f
  U913/Y (NAND2X1)                     886144.000 110758912.000 r
  U915/Y (NAND2X1)                     850376.000 111609288.000 f
  U916/Y (NAND2X1)                     1380280.000
                                                  112989568.000 r
  U323/Y (AND2X1)                      2166704.000
                                                  115156272.000 r
  U324/Y (INVX1)                       718560.000 115874832.000 f
  U917/Y (NAND2X1)                     1285880.000
                                                  117160712.000 r
  U919/Y (NAND2X1)                     850416.000 118011128.000 f
  U230/Y (XNOR2X1)                     6613008.000
                                                  124624136.000 f
  U231/Y (INVX1)                       -286336.000
                                                  124337800.000 r
  U1247/Y (XOR2X1)                     4390960.000
                                                  128728760.000 f
  U269/Y (XOR2X1)                      5975368.000
                                                  134704128.000 r
  U411/Y (AND2X1)                      2160160.000
                                                  136864288.000 r
  U412/Y (INVX1)                       720256.000 137584544.000 f
  U1299/Y (NAND2X1)                    918864.000 138503408.000 r
  U250/Y (AND2X1)                      1795424.000
                                                  140298832.000 r
  U251/Y (INVX1)                       715504.000 141014336.000 f
  U248/Y (NAND2X1)                     1285616.000
                                                  142299952.000 r
  U1305/Y (NAND2X1)                    848288.000 143148240.000 f
  U1306/Y (NAND2X1)                    1394656.000
                                                  144542896.000 r
  U1308/Y (NAND2X1)                    865984.000 145408880.000 f
  U1313/Y (NAND2X1)                    880992.000 146289872.000 r
  U1316/Y (NAND2X1)                    863680.000 147153552.000 f
  U1317/Y (NAND2X1)                    881232.000 148034784.000 r
  U1318/Y (NAND2X1)                    1229136.000
                                                  149263920.000 f
  U305/Y (INVX1)                       361632.000 149625552.000 r
  U1362/Y (NAND2X1)                    835024.000 150460576.000 f
  U1363/Y (NAND2X1)                    1380576.000
                                                  151841152.000 r
  U85/Y (AND2X1)                       1798448.000
                                                  153639600.000 r
  U86/Y (INVX1)                        707424.000 154347024.000 f
  U1365/Y (NAND2X1)                    1285632.000
                                                  155632656.000 r
  U1367/Y (NAND2X1)                    848288.000 156480944.000 f
  U1368/Y (NAND2X1)                    1380080.000
                                                  157861024.000 r
  U1370/Y (NAND2X1)                    863616.000 158724640.000 f
  U1371/Y (NAND2X1)                    1399888.000
                                                  160124528.000 r
  U1373/Y (NAND2X1)                    867648.000 160992176.000 f
  U1374/Y (OR2X1)                      2092464.000
                                                  163084640.000 f
  U1377/Y (NAND2X1)                    871952.000 163956592.000 r
  U1379/Y (NAND2X1)                    866928.000 164823520.000 f
  U1380/Y (OR2X1)                      2087872.000
                                                  166911392.000 f
  U1384/Y (NAND2X1)                    872192.000 167783584.000 r
  U1385/Y (NAND2X1)                    865984.000 168649568.000 f
  U1386/Y (NAND2X1)                    1380352.000
                                                  170029920.000 r
  U1388/Y (NAND2X1)                    864528.000 170894448.000 f
  U1389/Y (OR2X1)                      2087696.000
                                                  172982144.000 f
  U1393/Y (NAND2X1)                    872208.000 173854352.000 r
  U1394/Y (NAND2X1)                    865984.000 174720336.000 f
  U1395/Y (NAND2X1)                    1380336.000
                                                  176100672.000 r
  U1397/Y (NAND2X1)                    864512.000 176965184.000 f
  U1400/Y (NOR2X1)                     1196848.000
                                                  178162032.000 r
  U519/Y (OR2X1)                       2202144.000
                                                  180364176.000 r
  U1404/Y (NAND2X1)                    800352.000 181164528.000 f
  U1405/Y (NAND2X1)                    1380336.000
                                                  182544864.000 r
  U1407/Y (NAND2X1)                    864512.000 183409376.000 f
  U1410/Y (OR2X1)                      2087712.000
                                                  185497088.000 f
  U1414/Y (NAND2X1)                    872208.000 186369296.000 r
  U1415/Y (NAND2X1)                    866928.000 187236224.000 f
  U328/Y (NOR2X1)                      1190128.000
                                                  188426352.000 r
  U325/Y (NOR2X1)                      1031856.000
                                                  189458208.000 f
  U326/Y (INVX1)                       -298896.000
                                                  189159312.000 r
  U1420/Y (NAND2X1)                    802592.000 189961904.000 f
  U1421/Y (OR2X1)                      2087872.000
                                                  192049776.000 f
  U1425/Y (NAND2X1)                    872192.000 192921968.000 r
  U1426/Y (NAND2X1)                    865984.000 193787952.000 f
  U1429/Y (NAND2X1)                    886176.000 194674128.000 r
  U1431/Y (NAND2X1)                    1150944.000
                                                  195825072.000 f
  U1432/Y (NAND2X1)                    1748096.000
                                                  197573168.000 r
  U1433/Y (INVX1)                      1097040.000
                                                  198670208.000 f
  U1434/Y (NOR2X1)                     1151056.000
                                                  199821264.000 r
  out[0] (out)                            0.000   199821264.000 r
  data arrival time                               199821264.000

  clock clk (rise edge)                200000000.000
                                                  200000000.000
  clock network delay (ideal)             0.000   200000000.000
  output external delay                   0.000   200000000.000
  data required time                              200000000.000
  -----------------------------------------------------------
  data required time                              200000000.000
  data arrival time                               -199821264.000
  -----------------------------------------------------------
  slack (MET)                                     178736.000


1
