****************************************
Report : timing
	-path_type full
	-delay_type max
	-max_paths 1
	-sort_by slack
Design : top
Version: S-2021.06-SP1
Date   : Fri Dec 16 14:46:38 2022
****************************************


  Startpoint: inp[16] (input port clocked by clk)
  Endpoint: out[0] (output port clocked by clk)
  Path Group: clk
  Path Type: max

  Point                                    Incr       Path
  ---------------------------------------------------------------
  clock clk (rise edge)                   0.000      0.000
  clock network delay (ideal)             0.000      0.000
  input external delay                    0.000      0.000 f
  inp[16] (in)                            0.000      0.000 f
  U2975/Y (XOR2X1)                     5934656.000
                                                  5934656.000 r
  U2976/Y (AND2X1)                     -1378304.000
                                                  4556352.000 r
  U2977/Y (OR2X1)                      7786496.000
                                                  12342848.000 r
  U2979/Y (AND2X1)                     672096.000 13014944.000 r
  U2980/Y (OR2X1)                      4706480.000
                                                  17721424.000 r
  U2983/Y (XOR2X1)                     5342048.000
                                                  23063472.000 f
  U283/Y (XNOR2X1)                     7079040.000
                                                  30142512.000 f
  U284/Y (INVX1)                       -1329120.000
                                                  28813392.000 r
  U3065/Y (XOR2X1)                     5463152.000
                                                  34276544.000 f
  U3066/Y (NAND2X1)                    1286800.000
                                                  35563344.000 r
  U3067/Y (INVX1)                      1242896.000
                                                  36806240.000 f
  U3068/Y (OR2X1)                      2437968.000
                                                  39244208.000 f
  U403/Y (XNOR2X1)                     4421792.000
                                                  43666000.000 r
  U404/Y (INVX1)                       1043840.000
                                                  44709840.000 f
  U3072/Y (NAND2X1)                    1255136.000
                                                  45964976.000 r
  U3073/Y (INVX1)                      1228656.000
                                                  47193632.000 f
  U3074/Y (OR2X1)                      2437968.000
                                                  49631600.000 f
  U3080/Y (XOR2X1)                     6383584.000
                                                  56015184.000 r
  U1091/Y (OR2X1)                      7381808.000
                                                  63396992.000 r
  U3104/Y (NAND2X1)                    1024848.000
                                                  64421840.000 f
  U3105/Y (NAND2X1)                    1176976.000
                                                  65598816.000 r
  U3106/Y (NAND2X1)                    1225504.000
                                                  66824320.000 f
  U3107/Y (INVX1)                      -688352.000
                                                  66135968.000 r
  U3108/Y (NOR2X1)                     1090144.000
                                                  67226112.000 f
  U3109/Y (INVX1)                      -339216.000
                                                  66886896.000 r
  U3110/Y (NAND2X1)                    1456144.000
                                                  68343040.000 f
  U3111/Y (NAND2X1)                    1630480.000
                                                  69973520.000 r
  U3120/Y (NAND2X1)                    1071760.000
                                                  71045280.000 f
  U3121/Y (NAND2X1)                    1172064.000
                                                  72217344.000 r
  U3123/Y (XNOR2X1)                    7194720.000
                                                  79412064.000 r
  U3126/Y (OR2X1)                      5197088.000
                                                  84609152.000 r
  U3127/Y (NAND2X1)                    1370400.000
                                                  85979552.000 f
  U562/Y (NAND2X1)                     1697504.000
                                                  87677056.000 r
  U494/Y (INVX1)                       1328192.000
                                                  89005248.000 f
  U495/Y (INVX1)                       937312.000 89942560.000 r
  U3150/Y (INVX1)                      707008.000 90649568.000 f
  U3343/Y (NAND2X1)                    819872.000 91469440.000 r
  U1051/Y (NAND2X1)                    1466112.000
                                                  92935552.000 f
  U1052/Y (INVX1)                      -619664.000
                                                  92315888.000 r
  U3349/Y (NOR2X1)                     958176.000 93274064.000 f
  U3384/Y (XOR2X1)                     5025424.000
                                                  98299488.000 r
  U3385/Y (XOR2X1)                     6090352.000
                                                  104389840.000 f
  U395/Y (XNOR2X1)                     7451120.000
                                                  111840960.000 f
  U396/Y (INVX1)                       -1287040.000
                                                  110553920.000 r
  U3401/Y (XOR2X1)                     5467880.000
                                                  116021800.000 f
  U585/Y (XOR2X1)                      6282624.000
                                                  122304424.000 r
  U458/Y (INVX1)                       1539960.000
                                                  123844384.000 f
  U459/Y (INVX1)                       413152.000 124257536.000 r
  U3533/Y (XOR2X1)                     5615168.000
                                                  129872704.000 f
  U3534/Y (XOR2X1)                     6270464.000
                                                  136143168.000 r
  U3535/Y (INVX1)                      1414880.000
                                                  137558048.000 f
  U3536/Y (NAND2X1)                    807168.000 138365216.000 r
  U3556/Y (NAND2X1)                    1043712.000
                                                  139408928.000 f
  U3559/Y (NAND2X1)                    835584.000 140244512.000 r
  U3560/Y (NAND2X1)                    2162096.000
                                                  142406608.000 f
  U3562/Y (NAND2X1)                    836864.000 143243472.000 r
  U3563/Y (NAND2X1)                    2139088.000
                                                  145382560.000 f
  U3565/Y (NAND2X1)                    836864.000 146219424.000 r
  U3566/Y (NAND2X1)                    2139104.000
                                                  148358528.000 f
  U1064/Y (AND2X1)                     2853536.000
                                                  151212064.000 f
  U3567/Y (INVX1)                      -1252000.000
                                                  149960064.000 r
  U3619/Y (XOR2X1)                     5334608.000
                                                  155294672.000 f
  U3625/Y (NAND2X1)                    878640.000 156173312.000 r
  U3626/Y (NAND2X1)                    2206352.000
                                                  158379664.000 f
  U3629/Y (NAND2X1)                    836304.000 159215968.000 r
  U3630/Y (NAND2X1)                    2140320.000
                                                  161356288.000 f
  U3633/Y (NAND2X1)                    836864.000 162193152.000 r
  U3634/Y (NAND2X1)                    2141984.000
                                                  164335136.000 f
  U3637/Y (NAND2X1)                    836864.000 165172000.000 r
  U3638/Y (NAND2X1)                    2141984.000
                                                  167313984.000 f
  U3641/Y (NAND2X1)                    836864.000 168150848.000 r
  U3642/Y (NAND2X1)                    2142016.000
                                                  170292864.000 f
  U3645/Y (NAND2X1)                    836864.000 171129728.000 r
  U3646/Y (NAND2X1)                    2141984.000
                                                  173271712.000 f
  U3649/Y (NAND2X1)                    836864.000 174108576.000 r
  U3650/Y (NAND2X1)                    2142000.000
                                                  176250576.000 f
  U3653/Y (NAND2X1)                    1318336.000
                                                  177568912.000 r
  U500/Y (INVX1)                       1322784.000
                                                  178891696.000 f
  U501/Y (INVX1)                       937360.000 179829056.000 r
  U719/Y (INVX1)                       700592.000 180529648.000 f
  U4242/Y (NAND2X1)                    807808.000 181337456.000 r
  U4243/Y (NAND2X1)                    2133040.000
                                                  183470496.000 f
  U1101/Y (OR2X1)                      2404832.000
                                                  185875328.000 f
  U4244/Y (NAND2X1)                    1167104.000
                                                  187042432.000 r
  U4247/Y (NAND2X1)                    1047952.000
                                                  188090384.000 f
  U4256/Y (NAND2X1)                    836208.000 188926592.000 r
  U4259/Y (NAND2X1)                    1048608.000
                                                  189975200.000 f
  U4268/Y (NAND2X1)                    836320.000 190811520.000 r
  U4271/Y (NAND2X1)                    1048608.000
                                                  191860128.000 f
  U4280/Y (NAND2X1)                    836304.000 192696432.000 r
  U4283/Y (NAND2X1)                    1048608.000
                                                  193745040.000 f
  U4292/Y (NAND2X1)                    836304.000 194581344.000 r
  U4295/Y (NAND2X1)                    1048608.000
                                                  195629952.000 f
  U4304/Y (NAND2X1)                    836304.000 196466256.000 r
  U4307/Y (NAND2X1)                    1048608.000
                                                  197514864.000 f
  U4316/Y (NAND2X1)                    836304.000 198351168.000 r
  U564/Y (NAND2X1)                     1227744.000
                                                  199578912.000 f
  U513/Y (INVX1)                       257856.000 199836768.000 r
  U514/Y (INVX1)                       811760.000 200648528.000 f
  U4320/Y (INVX1)                      444992.000 201093520.000 r
  U4545/Y (NAND2X1)                    1604608.000
                                                  202698128.000 f
  U4546/Y (NAND2X1)                    1172240.000
                                                  203870368.000 r
  U4550/Y (OR2X1)                      5139952.000
                                                  209010320.000 r
  U4558/Y (NAND2X1)                    1004960.000
                                                  210015280.000 f
  U4560/Y (NAND2X1)                    1270832.000
                                                  211286112.000 r
  U4561/Y (INVX1)                      1242112.000
                                                  212528224.000 f
  U4566/Y (NAND2X1)                    807232.000 213335456.000 r
  U4570/Y (NAND2X1)                    1052240.000
                                                  214387696.000 f
  U4572/Y (NAND2X1)                    1274080.000
                                                  215661776.000 r
  U4573/Y (INVX1)                      1241520.000
                                                  216903296.000 f
  U4578/Y (NAND2X1)                    807248.000 217710544.000 r
  U4579/Y (NAND2X1)                    1466384.000
                                                  219176928.000 f
  U4580/Y (INVX1)                      -655472.000
                                                  218521456.000 r
  U1100/Y (OR2X1)                      1803792.000
                                                  220325248.000 r
  U1127/Y (OR2X1)                      2967088.000
                                                  223292336.000 r
  U4586/Y (NAND2X1)                    1007056.000
                                                  224299392.000 f
  U4588/Y (NAND2X1)                    1271040.000
                                                  225570432.000 r
  U4589/Y (INVX1)                      1242832.000
                                                  226813264.000 f
  U4594/Y (NAND2X1)                    807232.000 227620496.000 r
  U4598/Y (NAND2X1)                    1052224.000
                                                  228672720.000 f
  U4600/Y (NAND2X1)                    1274048.000
                                                  229946768.000 r
  U4601/Y (INVX1)                      1241536.000
                                                  231188304.000 f
  U4606/Y (NAND2X1)                    807232.000 231995536.000 r
  U4610/Y (NAND2X1)                    1052224.000
                                                  233047760.000 f
  U4612/Y (NAND2X1)                    1274064.000
                                                  234321824.000 r
  U4613/Y (INVX1)                      1241520.000
                                                  235563344.000 f
  U4616/Y (OR2X1)                      2431552.000
                                                  237994896.000 f
  U4624/Y (NAND2X1)                    845600.000 238840496.000 r
  U4630/Y (NAND2X1)                    1048608.000
                                                  239889104.000 f
  U4632/Y (NAND2X1)                    1273840.000
                                                  241162944.000 r
  U4633/Y (INVX1)                      1242560.000
                                                  242405504.000 f
  U4634/Y (NOR2X1)                     1070752.000
                                                  243476256.000 r
  U4645/Y (NAND2X1)                    1991536.000
                                                  245467792.000 f
  U4646/Y (NAND2X1)                    1159968.000
                                                  246627760.000 r
  out[0] (out)                            0.000   246627760.000 r
  data arrival time                               246627760.000

  clock clk (rise edge)                250000000.000
                                                  250000000.000
  clock network delay (ideal)             0.000   250000000.000
  clock reconvergence pessimism           0.000   250000000.000
  output external delay                   0.000   250000000.000
  data required time                              250000000.000
  ---------------------------------------------------------------
  data required time                              250000000.000
  data arrival time                               -246627760.000
  ---------------------------------------------------------------
  slack (MET)                                     3372240.000


1
