****************************************
Report : timing
	-path_type full
	-delay_type max
	-max_paths 1
	-sort_by slack
Design : top
Version: S-2021.06-SP1
Date   : Fri Dec 16 15:45:54 2022
****************************************


  Startpoint: inp[1] (input port clocked by clk)
  Endpoint: out[0] (output port clocked by clk)
  Path Group: clk
  Path Type: max

  Point                                    Incr       Path
  ---------------------------------------------------------------
  clock clk (rise edge)                   0.000      0.000
  clock network delay (ideal)             0.000      0.000
  input external delay                    0.000      0.000 f
  inp[1] (in)                             0.000      0.000 f
  U1674/Y (INVX1)                      595504.000 595504.000 r
  U2217/Y (NAND2X1)                    1057328.000
                                                  1652832.000 f
  U2237/Y (NOR2X1)                     1633680.000
                                                  3286512.000 r
  U2238/Y (INVX1)                      1007168.000
                                                  4293680.000 f
  U2240/Y (NAND2X1)                    1363104.000
                                                  5656784.000 r
  U2241/Y (INVX1)                      1101168.000
                                                  6757952.000 f
  U2242/Y (NAND2X1)                    924976.000 7682928.000 r
  U2244/Y (NAND2X1)                    850096.000 8533024.000 f
  U2247/Y (XOR2X1)                     5312208.000
                                                  13845232.000 r
  U2248/Y (XOR2X1)                     4328816.000
                                                  18174048.000 f
  U2250/Y (XOR2X1)                     5732000.000
                                                  23906048.000 r
  U2251/Y (XOR2X1)                     4744848.000
                                                  28650896.000 f
  U2252/Y (XOR2X1)                     5964048.000
                                                  34614944.000 r
  U2254/Y (INVX1)                      1250912.000
                                                  35865856.000 f
  U2255/Y (NAND2X1)                    1289744.000
                                                  37155600.000 r
  U2256/Y (AND2X1)                     2568416.000
                                                  39724016.000 r
  U2261/Y (XOR2X1)                     4452880.000
                                                  44176896.000 f
  U2273/Y (XOR2X1)                     5738064.000
                                                  49914960.000 r
  U2274/Y (XOR2X1)                     4343520.000
                                                  54258480.000 f
  U2282/Y (XOR2X1)                     5094320.000
                                                  59352800.000 r
  U2284/Y (NAND2X1)                    850096.000 60202896.000 f
  U2285/Y (NAND2X1)                    1403872.000
                                                  61606768.000 r
  U2286/Y (XOR2X1)                     4846928.000
                                                  66453696.000 f
  U2357/Y (XOR2X1)                     5733216.000
                                                  72186912.000 r
  U2372/Y (XOR2X1)                     4343424.000
                                                  76530336.000 f
  U2444/Y (XOR2X1)                     5737248.000
                                                  82267584.000 r
  U1268/Y (AND2X1)                     2175776.000
                                                  84443360.000 r
  U1269/Y (INVX1)                      715392.000 85158752.000 f
  U2445/Y (NAND2X1)                    1752768.000
                                                  86911520.000 r
  U2447/Y (INVX1)                      1216720.000
                                                  88128240.000 f
  U2448/Y (NAND2X1)                    925120.000 89053360.000 r
  U1069/Y (AND2X1)                     1795328.000
                                                  90848688.000 r
  U1070/Y (INVX1)                      716368.000 91565056.000 f
  U2471/Y (NAND2X1)                    1362944.000
                                                  92928000.000 r
  U2503/Y (INVX1)                      1093600.000
                                                  94021600.000 f
  U2504/Y (NAND2X1)                    1284304.000
                                                  95305904.000 r
  U2506/Y (NAND2X1)                    929296.000 96235200.000 f
  U1195/Y (INVX1)                      223248.000 96458448.000 r
  U1196/Y (INVX1)                      646944.000 97105392.000 f
  U2525/Y (NOR2X1)                     1157728.000
                                                  98263120.000 r
  U2526/Y (NAND2X1)                    1105376.000
                                                  99368496.000 f
  U1248/Y (NAND2X1)                    1780816.000
                                                  101149312.000 r
  U1208/Y (INVX1)                      1115040.000
                                                  102264352.000 f
  U1209/Y (INVX1)                      969264.000 103233616.000 r
  U2527/Y (INVX1)                      646032.000 103879648.000 f
  U2529/Y (XOR2X1)                     5587216.000
                                                  109466864.000 r
  U1603/Y (XNOR2X1)                    5481960.000
                                                  114948824.000 r
  U1604/Y (INVX1)                      961752.000 115910576.000 f
  U2560/Y (XOR2X1)                     5300728.000
                                                  121211304.000 r
  U3088/Y (INVX1)                      1237360.000
                                                  122448664.000 f
  U3571/Y (XOR2X1)                     4910608.000
                                                  127359272.000 r
  U3574/Y (OR2X1)                      2350056.000
                                                  129709328.000 r
  U3575/Y (NAND2X1)                    1048672.000
                                                  130758000.000 f
  U3576/Y (NAND2X1)                    1752632.000
                                                  132510632.000 r
  U3577/Y (INVX1)                      1116952.000
                                                  133627584.000 f
  U3578/Y (NAND2X1)                    1290208.000
                                                  134917792.000 r
  U3581/Y (NAND2X1)                    849440.000 135767232.000 f
  U3583/Y (AND2X1)                     1853536.000
                                                  137620768.000 f
  U3584/Y (NAND2X1)                    874512.000 138495280.000 r
  U3586/Y (NAND2X1)                    849040.000 139344320.000 f
  U3587/Y (NAND2X1)                    1408944.000
                                                  140753264.000 r
  U1472/Y (AND2X1)                     1794368.000
                                                  142547632.000 r
  U1473/Y (INVX1)                      715216.000 143262848.000 f
  U3591/Y (NAND2X1)                    930064.000 144192912.000 r
  U3593/Y (XOR2X1)                     4835920.000
                                                  149028832.000 f
  U1583/Y (XNOR2X1)                    4375872.000
                                                  153404704.000 r
  U1584/Y (INVX1)                      957664.000 154362368.000 f
  U3616/Y (NAND2X1)                    919104.000 155281472.000 r
  U1466/Y (AND2X1)                     1818752.000
                                                  157100224.000 r
  U1467/Y (INVX1)                      715840.000 157816064.000 f
  U3620/Y (NAND2X1)                    1285600.000
                                                  159101664.000 r
  U3622/Y (NAND2X1)                    848304.000 159949968.000 f
  U3623/Y (NAND2X1)                    1394768.000
                                                  161344736.000 r
  U3624/Y (NAND2X1)                    1233824.000
                                                  162578560.000 f
  U1266/Y (INVX1)                      303104.000 162881664.000 r
  U3625/Y (INVX1)                      686224.000 163567888.000 f
  U3638/Y (NAND2X1)                    1286256.000
                                                  164854144.000 r
  U987/Y (AND2X1)                      1818656.000
                                                  166672800.000 r
  U988/Y (INVX1)                       724976.000 167397776.000 f
  U3639/Y (NAND2X1)                    1296624.000
                                                  168694400.000 r
  U3642/Y (NAND2X1)                    851120.000 169545520.000 f
  U3648/Y (OR2X1)                      2089008.000
                                                  171634528.000 f
  U3649/Y (NAND2X1)                    1752576.000
                                                  173387104.000 r
  U3650/Y (INVX1)                      1069456.000
                                                  174456560.000 f
  U3651/Y (NAND2X1)                    1284400.000
                                                  175740960.000 r
  U3654/Y (NAND2X1)                    848096.000 176589056.000 f
  U3656/Y (NAND2X1)                    879584.000 177468640.000 r
  U3657/Y (NAND2X1)                    1155792.000
                                                  178624432.000 f
  U3661/Y (NAND2X1)                    1341744.000
                                                  179966176.000 r
  U3662/Y (INVX1)                      1116480.000
                                                  181082656.000 f
  U3665/Y (NAND2X1)                    919360.000 182002016.000 r
  U3669/Y (NAND2X1)                    848352.000 182850368.000 f
  U3671/Y (NAND2X1)                    1341824.000
                                                  184192192.000 r
  U3679/Y (INVX1)                      1107264.000
                                                  185299456.000 f
  U3681/Y (NAND2X1)                    919328.000 186218784.000 r
  U3682/Y (NAND2X1)                    1230400.000
                                                  187449184.000 f
  U1218/Y (INVX1)                      226464.000 187675648.000 r
  U1219/Y (INVX1)                      666080.000 188341728.000 f
  U3683/Y (INVX1)                      490848.000 188832576.000 r
  U3684/Y (NAND2X1)                    1055904.000
                                                  189888480.000 f
  U1536/Y (AND2X1)                     2046704.000
                                                  191935184.000 f
  U1537/Y (INVX1)                      -1281568.000
                                                  190653616.000 r
  U3687/Y (NOR2X1)                     549456.000 191203072.000 f
  U3692/Y (NOR2X1)                     1185568.000
                                                  192388640.000 r
  U3696/Y (NAND2X1)                    834368.000 193223008.000 f
  U3698/Y (NAND2X1)                    885168.000 194108176.000 r
  U3699/Y (OR2X1)                      2562096.000
                                                  196670272.000 r
  U3703/Y (NAND2X1)                    804768.000 197475040.000 f
  U3705/Y (NAND2X1)                    885312.000 198360352.000 r
  U3710/Y (OR2X1)                      2605440.000
                                                  200965792.000 r
  U3714/Y (NAND2X1)                    804768.000 201770560.000 f
  U3716/Y (NAND2X1)                    885456.000 202656016.000 r
  U3717/Y (OR2X1)                      2562096.000
                                                  205218112.000 r
  U3721/Y (NAND2X1)                    804768.000 206022880.000 f
  U3723/Y (NAND2X1)                    885312.000 206908192.000 r
  U3724/Y (OR2X1)                      2605424.000
                                                  209513616.000 r
  U3728/Y (NAND2X1)                    804768.000 210318384.000 f
  U3730/Y (NAND2X1)                    885456.000 211203840.000 r
  U3732/Y (OR2X1)                      2562096.000
                                                  213765936.000 r
  U3735/Y (NAND2X1)                    804768.000 214570704.000 f
  U1267/Y (AND2X1)                     2044144.000
                                                  216614848.000 f
  U1207/Y (INVX1)                      -232896.000
                                                  216381952.000 r
  U3920/Y (AND2X1)                     1050384.000
                                                  217432336.000 r
  U3921/Y (NOR2X1)                     115248.000 217547584.000 f
  U3923/Y (NAND2X1)                    886288.000 218433872.000 r
  U3928/Y (OR2X1)                      2605504.000
                                                  221039376.000 r
  U3931/Y (NAND2X1)                    797440.000 221836816.000 f
  U3933/Y (NAND2X1)                    885344.000 222722160.000 r
  U3934/Y (OR2X1)                      2605408.000
                                                  225327568.000 r
  U3937/Y (NAND2X1)                    797424.000 226124992.000 f
  U3939/Y (NAND2X1)                    885504.000 227010496.000 r
  U3944/Y (OR2X1)                      2607520.000
                                                  229618016.000 r
  U3948/Y (NAND2X1)                    797424.000 230415440.000 f
  U3950/Y (NAND2X1)                    879600.000 231295040.000 r
  U3951/Y (NAND2X1)                    1155920.000
                                                  232450960.000 f
  U3953/Y (NAND2X1)                    879280.000 233330240.000 r
  U3954/Y (NAND2X1)                    1156144.000
                                                  234486384.000 f
  U3956/Y (NAND2X1)                    879264.000 235365648.000 r
  U3959/Y (NAND2X1)                    867744.000 236233392.000 f
  U3961/Y (OR2X1)                      2088848.000
                                                  238322240.000 f
  U3963/Y (NAND2X1)                    872128.000 239194368.000 r
  U1638/Y (AND2X1)                     1808144.000
                                                  241002512.000 r
  U1075/Y (AND2X1)                     2180992.000
                                                  243183504.000 r
  U1076/Y (INVX1)                      713472.000 243896976.000 f
  U3971/Y (NAND2X1)                    918864.000 244815840.000 r
  U3976/Y (NAND2X1)                    865936.000 245681776.000 f
  out[0] (out)                            0.000   245681776.000 f
  data arrival time                               245681776.000

  clock clk (rise edge)                250000000.000
                                                  250000000.000
  clock network delay (ideal)             0.000   250000000.000
  clock reconvergence pessimism           0.000   250000000.000
  output external delay                   0.000   250000000.000
  data required time                              250000000.000
  ---------------------------------------------------------------
  data required time                              250000000.000
  data arrival time                               -245681776.000
  ---------------------------------------------------------------
  slack (MET)                                     4318224.000


1
