 
****************************************
Report : timing
        -path full
        -delay max
        -max_paths 1
Design : top
Version: S-2021.06-SP2
Date   : Fri Dec 16 15:45:49 2022
****************************************

Operating Conditions: TT   Library: PPDK_Standard_Library_1.0V_25C_TYP_X1
Wire Load Model Mode: top

  Startpoint: inp[1] (input port clocked by clk)
  Endpoint: out[0] (output port clocked by clk)
  Path Group: clk
  Path Type: max

  Point                                    Incr       Path
  -----------------------------------------------------------
  clock clk (rise edge)                   0.000      0.000
  clock network delay (ideal)             0.000      0.000
  input external delay                    0.000      0.000 f
  inp[1] (in)                             0.000      0.000 f
  U1674/Y (INVX1)                      595498.000 595498.000 r
  U2217/Y (NAND2X1)                    1057336.125
                                                  1652834.125 f
  U2237/Y (NOR2X1)                     1633675.125
                                                  3286509.250 r
  U2238/Y (INVX1)                      1007173.250
                                                  4293682.500 f
  U2240/Y (NAND2X1)                    1363109.500
                                                  5656792.000 r
  U2241/Y (INVX1)                      1101171.500
                                                  6757963.500 f
  U2242/Y (NAND2X1)                    924968.500 7682932.000 r
  U2244/Y (NAND2X1)                    850074.000 8533006.000 f
  U2247/Y (XOR2X1)                     5312256.000
                                                  13845262.000 r
  U2248/Y (XOR2X1)                     4328774.000
                                                  18174036.000 f
  U2250/Y (XOR2X1)                     5732048.000
                                                  23906084.000 r
  U2251/Y (XOR2X1)                     4744840.000
                                                  28650924.000 f
  U2252/Y (XOR2X1)                     5964040.000
                                                  34614964.000 r
  U2254/Y (INVX1)                      1250916.000
                                                  35865880.000 f
  U2255/Y (NAND2X1)                    1289736.000
                                                  37155616.000 r
  U2256/Y (AND2X1)                     2568448.000
                                                  39724064.000 r
  U2261/Y (XOR2X1)                     4452800.000
                                                  44176864.000 f
  U2273/Y (XOR2X1)                     5738112.000
                                                  49914976.000 r
  U2274/Y (XOR2X1)                     4343580.000
                                                  54258556.000 f
  U2282/Y (XOR2X1)                     5094284.000
                                                  59352840.000 r
  U2284/Y (NAND2X1)                    850092.000 60202932.000 f
  U2285/Y (NAND2X1)                    1403868.000
                                                  61606800.000 r
  U2286/Y (XOR2X1)                     4846904.000
                                                  66453704.000 f
  U2357/Y (XOR2X1)                     5733072.000
                                                  72186776.000 r
  U2372/Y (XOR2X1)                     4343488.000
                                                  76530264.000 f
  U2444/Y (XOR2X1)                     5737352.000
                                                  82267616.000 r
  U1268/Y (AND2X1)                     2175800.000
                                                  84443416.000 r
  U1269/Y (INVX1)                      715384.000 85158800.000 f
  U2445/Y (NAND2X1)                    1752768.000
                                                  86911568.000 r
  U2447/Y (INVX1)                      1216728.000
                                                  88128296.000 f
  U2448/Y (NAND2X1)                    925112.000 89053408.000 r
  U1069/Y (AND2X1)                     1795320.000
                                                  90848728.000 r
  U1070/Y (INVX1)                      716368.000 91565096.000 f
  U2471/Y (NAND2X1)                    1362944.000
                                                  92928040.000 r
  U2503/Y (INVX1)                      1093600.000
                                                  94021640.000 f
  U2504/Y (NAND2X1)                    1284304.000
                                                  95305944.000 r
  U2506/Y (NAND2X1)                    929296.000 96235240.000 f
  U1195/Y (INVX1)                      223224.000 96458464.000 r
  U1196/Y (INVX1)                      646944.000 97105408.000 f
  U2525/Y (NOR2X1)                     1157728.000
                                                  98263136.000 r
  U2526/Y (NAND2X1)                    1105376.000
                                                  99368512.000 f
  U1248/Y (NAND2X1)                    1780800.000
                                                  101149312.000 r
  U1208/Y (INVX1)                      1115048.000
                                                  102264360.000 f
  U1209/Y (INVX1)                      969272.000 103233632.000 r
  U2527/Y (INVX1)                      646032.000 103879664.000 f
  U2529/Y (XOR2X1)                     5587216.000
                                                  109466880.000 r
  U1603/Y (XNOR2X1)                    5482120.000
                                                  114949000.000 r
  U1604/Y (INVX1)                      961752.000 115910752.000 f
  U2560/Y (XOR2X1)                     5300736.000
                                                  121211488.000 r
  U3088/Y (INVX1)                      1237368.000
                                                  122448856.000 f
  U3571/Y (XOR2X1)                     4910608.000
                                                  127359464.000 r
  U3574/Y (OR2X1)                      2350048.000
                                                  129709512.000 r
  U3575/Y (NAND2X1)                    1048672.000
                                                  130758184.000 f
  U3576/Y (NAND2X1)                    1752624.000
                                                  132510808.000 r
  U3577/Y (INVX1)                      1116960.000
                                                  133627768.000 f
  U3578/Y (NAND2X1)                    1290200.000
                                                  134917968.000 r
  U3581/Y (NAND2X1)                    849440.000 135767408.000 f
  U3583/Y (AND2X1)                     1853536.000
                                                  137620944.000 f
  U3584/Y (NAND2X1)                    874528.000 138495472.000 r
  U3586/Y (NAND2X1)                    849040.000 139344512.000 f
  U3587/Y (NAND2X1)                    1408944.000
                                                  140753456.000 r
  U1472/Y (AND2X1)                     1794368.000
                                                  142547824.000 r
  U1473/Y (INVX1)                      715216.000 143263040.000 f
  U3591/Y (NAND2X1)                    930064.000 144193104.000 r
  U3593/Y (XOR2X1)                     4835904.000
                                                  149029008.000 f
  U1583/Y (XNOR2X1)                    4375888.000
                                                  153404896.000 r
  U1584/Y (INVX1)                      957664.000 154362560.000 f
  U3616/Y (NAND2X1)                    919088.000 155281648.000 r
  U1466/Y (AND2X1)                     1818736.000
                                                  157100384.000 r
  U1467/Y (INVX1)                      715840.000 157816224.000 f
  U3620/Y (NAND2X1)                    1285616.000
                                                  159101840.000 r
  U3622/Y (NAND2X1)                    848288.000 159950128.000 f
  U3623/Y (NAND2X1)                    1394784.000
                                                  161344912.000 r
  U3624/Y (NAND2X1)                    1233792.000
                                                  162578704.000 f
  U1266/Y (INVX1)                      303088.000 162881792.000 r
  U3625/Y (INVX1)                      686224.000 163568016.000 f
  U3638/Y (NAND2X1)                    1286272.000
                                                  164854288.000 r
  U987/Y (AND2X1)                      1818640.000
                                                  166672928.000 r
  U988/Y (INVX1)                       724976.000 167397904.000 f
  U3639/Y (NAND2X1)                    1296608.000
                                                  168694512.000 r
  U3642/Y (NAND2X1)                    851104.000 169545616.000 f
  U3648/Y (OR2X1)                      2088992.000
                                                  171634608.000 f
  U3649/Y (NAND2X1)                    1752544.000
                                                  173387152.000 r
  U3650/Y (INVX1)                      1069472.000
                                                  174456624.000 f
  U3651/Y (NAND2X1)                    1284384.000
                                                  175741008.000 r
  U3654/Y (NAND2X1)                    848096.000 176589104.000 f
  U3656/Y (NAND2X1)                    879584.000 177468688.000 r
  U3657/Y (NAND2X1)                    1155808.000
                                                  178624496.000 f
  U3661/Y (NAND2X1)                    1341744.000
                                                  179966240.000 r
  U3662/Y (INVX1)                      1116480.000
                                                  181082720.000 f
  U3665/Y (NAND2X1)                    919344.000 182002064.000 r
  U3669/Y (NAND2X1)                    848352.000 182850416.000 f
  U3671/Y (NAND2X1)                    1341824.000
                                                  184192240.000 r
  U3679/Y (INVX1)                      1107264.000
                                                  185299504.000 f
  U3681/Y (NAND2X1)                    919344.000 186218848.000 r
  U3682/Y (NAND2X1)                    1230400.000
                                                  187449248.000 f
  U1218/Y (INVX1)                      226432.000 187675680.000 r
  U1219/Y (INVX1)                      666096.000 188341776.000 f
  U3683/Y (INVX1)                      490832.000 188832608.000 r
  U3684/Y (NAND2X1)                    1055904.000
                                                  189888512.000 f
  U1536/Y (AND2X1)                     2046704.000
                                                  191935216.000 f
  U1537/Y (INVX1)                      -1281568.000
                                                  190653648.000 r
  U3687/Y (NOR2X1)                     549440.000 191203088.000 f
  U3692/Y (NOR2X1)                     1185568.000
                                                  192388656.000 r
  U3696/Y (NAND2X1)                    834368.000 193223024.000 f
  U3698/Y (NAND2X1)                    885184.000 194108208.000 r
  U3699/Y (OR2X1)                      2562144.000
                                                  196670352.000 r
  U3703/Y (NAND2X1)                    804768.000 197475120.000 f
  U3705/Y (NAND2X1)                    885296.000 198360416.000 r
  U3710/Y (OR2X1)                      2605488.000
                                                  200965904.000 r
  U3714/Y (NAND2X1)                    804768.000 201770672.000 f
  U3716/Y (NAND2X1)                    885456.000 202656128.000 r
  U3717/Y (OR2X1)                      2562144.000
                                                  205218272.000 r
  U3721/Y (NAND2X1)                    804768.000 206023040.000 f
  U3723/Y (NAND2X1)                    885296.000 206908336.000 r
  U3724/Y (OR2X1)                      2605488.000
                                                  209513824.000 r
  U3728/Y (NAND2X1)                    804768.000 210318592.000 f
  U3730/Y (NAND2X1)                    885456.000 211204048.000 r
  U3732/Y (OR2X1)                      2562144.000
                                                  213766192.000 r
  U3735/Y (NAND2X1)                    804768.000 214570960.000 f
  U1267/Y (AND2X1)                     2044144.000
                                                  216615104.000 f
  U1207/Y (INVX1)                      -232896.000
                                                  216382208.000 r
  U3920/Y (AND2X1)                     1050368.000
                                                  217432576.000 r
  U3921/Y (NOR2X1)                     115232.000 217547808.000 f
  U3923/Y (NAND2X1)                    886272.000 218434080.000 r
  U3928/Y (OR2X1)                      2605568.000
                                                  221039648.000 r
  U3931/Y (NAND2X1)                    797424.000 221837072.000 f
  U3933/Y (NAND2X1)                    885360.000 222722432.000 r
  U3934/Y (OR2X1)                      2605456.000
                                                  225327888.000 r
  U3937/Y (NAND2X1)                    797424.000 226125312.000 f
  U3939/Y (NAND2X1)                    885488.000 227010800.000 r
  U3944/Y (OR2X1)                      2607568.000
                                                  229618368.000 r
  U3948/Y (NAND2X1)                    797424.000 230415792.000 f
  U3950/Y (NAND2X1)                    879600.000 231295392.000 r
  U3951/Y (NAND2X1)                    1155936.000
                                                  232451328.000 f
  U3953/Y (NAND2X1)                    879280.000 233330608.000 r
  U3954/Y (NAND2X1)                    1156160.000
                                                  234486768.000 f
  U3956/Y (NAND2X1)                    879264.000 235366032.000 r
  U3959/Y (NAND2X1)                    867712.000 236233744.000 f
  U3961/Y (OR2X1)                      2088848.000
                                                  238322592.000 f
  U3963/Y (NAND2X1)                    872128.000 239194720.000 r
  U1638/Y (AND2X1)                     1808160.000
                                                  241002880.000 r
  U1075/Y (AND2X1)                     2180992.000
                                                  243183872.000 r
  U1076/Y (INVX1)                      713472.000 243897344.000 f
  U3971/Y (NAND2X1)                    918864.000 244816208.000 r
  U3976/Y (NAND2X1)                    865936.000 245682144.000 f
  out[0] (out)                            0.000   245682144.000 f
  data arrival time                               245682144.000

  clock clk (rise edge)                250000000.000
                                                  250000000.000
  clock network delay (ideal)             0.000   250000000.000
  output external delay                   0.000   250000000.000
  data required time                              250000000.000
  -----------------------------------------------------------
  data required time                              250000000.000
  data arrival time                               -245682144.000
  -----------------------------------------------------------
  slack (MET)                                     4317856.000


1
