****************************************
Report : Averaged Power
Design : top
Version: S-2021.06-SP1
Date   : Wed Nov 30 09:43:23 2022
****************************************



  Attributes
  ----------
      i  -  Including register clock pin internal power
      u  -  User defined power group

                        Internal  Switching  Leakage    Total
Power Group             Power     Power      Power      Power   (     %)  Attrs
--------------------------------------------------------------------------------
clock_network              0.0000    0.0000    0.0000    0.0000 ( 0.00%)  i
register                   0.0000    0.0000    0.0000    0.0000 ( 0.00%)  
combinational           2.048e-03 7.771e-06    0.0372    0.0393 (100.00%) 
sequential                 0.0000    0.0000    0.0000    0.0000 ( 0.00%)  
memory                     0.0000    0.0000    0.0000    0.0000 ( 0.00%)  
io_pad                     0.0000    0.0000    0.0000    0.0000 ( 0.00%)  
black_box                  0.0000    0.0000    0.0000    0.0000 ( 0.00%)  

  Net Switching Power  = 7.771e-06   ( 0.02%)
  Cell Internal Power  = 2.048e-03   ( 5.22%)
  Cell Leakage Power   =    0.0372   (94.76%)
                         ---------
Total Power            =    0.0393  (100.00%)

1
