 
****************************************
Report : timing
        -path full
        -delay max
        -max_paths 1
Design : top
Version: S-2021.06-SP2
Date   : Fri Dec  9 15:05:14 2022
****************************************

Operating Conditions: TT   Library: PPDK_Standard_Library_1.0V_25C_TYP_X1
Wire Load Model Mode: top

  Startpoint: inp[31] (input port clocked by clk)
  Endpoint: out[0] (output port clocked by clk)
  Path Group: clk
  Path Type: max

  Point                                    Incr       Path
  -----------------------------------------------------------
  clock clk (rise edge)                   0.000      0.000
  clock network delay (ideal)             0.000      0.000
  input external delay                    0.000      0.000 r
  inp[31] (in)                            0.000      0.000 r
  U116/Y (AND2X1)                      2207109.000
                                                  2207109.000 r
  U117/Y (INVX1)                       705440.500 2912549.500 f
  U326/Y (NAND2X1)                     918764.250 3831313.750 r
  U226/Y (AND2X1)                      2174743.250
                                                  6006057.000 r
  U227/Y (INVX1)                       715730.500 6721787.500 f
  U97/Y (AND2X1)                       2034886.500
                                                  8756674.000 f
  U98/Y (INVX1)                        -1173062.500
                                                  7583611.500 r
  U296/Y (AND2X1)                      1888531.500
                                                  9472143.000 r
  U188/Y (AND2X1)                      1836544.000
                                                  11308687.000 r
  U189/Y (INVX1)                       705215.000 12013902.000 f
  U260/Y (AND2X1)                      2037096.000
                                                  14050998.000 f
  U132/Y (AND2X1)                      2051610.000
                                                  16102608.000 f
  U133/Y (INVX1)                       -1189962.000
                                                  14912646.000 r
  U236/Y (AND2X1)                      2199080.000
                                                  17111726.000 r
  U237/Y (INVX1)                       708026.000 17819752.000 f
  U88/Y (XOR2X1)                       5588208.000
                                                  23407960.000 r
  U156/Y (AND2X1)                      2174376.000
                                                  25582336.000 r
  U157/Y (INVX1)                       715630.000 26297966.000 f
  U272/Y (AND2X1)                      2460930.000
                                                  28758896.000 f
  U273/Y (INVX1)                       -1189004.000
                                                  27569892.000 r
  U200/Y (AND2X1)                      2199080.000
                                                  29768972.000 r
  U201/Y (INVX1)                       707806.000 30476778.000 f
  U358/Y (NAND2X1)                     918802.000 31395580.000 r
  U130/Y (AND2X1)                      1818796.000
                                                  33214376.000 r
  U131/Y (INVX1)                       708092.000 33922468.000 f
  U360/Y (AND2X1)                      2238236.000
                                                  36160704.000 f
  U210/Y (AND2X1)                      2050284.000
                                                  38210988.000 f
  U211/Y (INVX1)                       -1175372.000
                                                  37035616.000 r
  U89/Y (AND2X1)                       2198884.000
                                                  39234500.000 r
  U90/Y (INVX1)                        707648.000 39942148.000 f
  U91/Y (OR2X1)                        2316124.000
                                                  42258272.000 f
  U92/Y (INVX1)                        -983704.000
                                                  41274568.000 r
  U390/Y (NOR2X1)                      547620.000 41822188.000 f
  U393/Y (NOR2X1)                      1185412.000
                                                  43007600.000 r
  U164/Y (AND2X1)                      2179192.000
                                                  45186792.000 r
  U165/Y (INVX1)                       714060.000 45900852.000 f
  U158/Y (AND2X1)                      2458080.000
                                                  48358932.000 f
  U159/Y (INVX1)                       -1187244.000
                                                  47171688.000 r
  U266/Y (AND2X1)                      2199080.000
                                                  49370768.000 r
  U267/Y (INVX1)                       707808.000 50078576.000 f
  U168/Y (AND2X1)                      2458052.000
                                                  52536628.000 f
  U169/Y (INVX1)                       -1187420.000
                                                  51349208.000 r
  U123/Y (NAND2X1)                     1049992.000
                                                  52399200.000 f
  U172/Y (AND2X1)                      2044132.000
                                                  54443332.000 f
  U173/Y (INVX1)                       -1340480.000
                                                  53102852.000 r
  U411/Y (AND2X1)                      1326576.000
                                                  54429428.000 r
  U178/Y (AND2X1)                      2191148.000
                                                  56620576.000 r
  U179/Y (INVX1)                       710164.000 57330740.000 f
  U413/Y (NAND2X1)                     1279684.000
                                                  58610424.000 r
  out[0] (out)                            0.000   58610424.000 r
  data arrival time                               58610424.000

  clock clk (rise edge)                200000000.000
                                                  200000000.000
  clock network delay (ideal)             0.000   200000000.000
  output external delay                   0.000   200000000.000
  data required time                              200000000.000
  -----------------------------------------------------------
  data required time                              200000000.000
  data arrival time                               -58610424.000
  -----------------------------------------------------------
  slack (MET)                                     141389568.000


1
