Information: Updating design information... (UID-85)
 
****************************************
Report : qor
Design : top
Version: S-2021.06-SP2
Date   : Fri Dec  9 15:05:14 2022
****************************************


  Timing Path Group 'clk'
  -----------------------------------
  Levels of Logic:              49.00
  Critical Path Length:   58610424.00
  Critical Path Slack:   141389568.00
  Critical Path Clk Period:
                         200000000.00
  Total Negative Slack:          0.00
  No. of Violating Paths:        0.00
  Worst Hold Violation:          0.00
  Total Hold Violation:          0.00
  No. of Hold Violations:        0.00
  -----------------------------------


  Cell Count
  -----------------------------------
  Hierarchical Cell Count:          0
  Hierarchical Port Count:          0
  Leaf Cell Count:                327
  Buf/Inv Cell Count:             125
  Buf Cell Count:                   0
  Inv Cell Count:                 125
  CT Buf/Inv Cell Count:            0
  Combinational Cell Count:       327
  Sequential Cell Count:            0
  Macro Count:                      0
  -----------------------------------


  Area
  -----------------------------------
  Combinational Area:
                     116906515.000000
  Noncombinational Area:     0.000000
  Buf/Inv Area:       28552500.000000
  Total Buffer Area:             0.00
  Total Inverter Area:    28552500.00
  Macro/Black Box Area:      0.000000
  Net Area:                  0.000000
  -----------------------------------
  Cell Area:         116906515.000000
  Design Area:       116906515.000000


  Design Rules
  -----------------------------------
  Total Number of Nets:           350
  Nets With Violations:           327
  Max Trans Violations:           327
  Max Cap Violations:               0
  -----------------------------------


  Hostname: leoforos

  Compile CPU Statistics
  -----------------------------------------
  Resource Sharing:                    0.42
  Logic Optimization:                  0.04
  Mapping Optimization:                0.61
  -----------------------------------------
  Overall Compile Time:                2.35
  Overall Compile Wall Clock Time:     2.70

  --------------------------------------------------------------------

  Design  WNS: 0.00  TNS: 0.00  Number of Violating Paths: 0


  Design (Hold)  WNS: 0.00  TNS: 0.00  Number of Violating Paths: 0

  --------------------------------------------------------------------


1
