 
****************************************
Report : timing
        -path full
        -delay max
        -max_paths 1
Design : top
Version: S-2021.06-SP2
Date   : Tue Nov 29 16:47:16 2022
****************************************

Operating Conditions: TT   Library: PPDK_Standard_Library_0.8V_25C_TYP_X1
Wire Load Model Mode: top

  Startpoint: inp[7] (input port clocked by clk)
  Endpoint: out[0] (output port clocked by clk)
  Path Group: clk
  Path Type: max

  Point                                    Incr       Path
  -----------------------------------------------------------
  clock clk (rise edge)                   0.000      0.000
  clock network delay (ideal)             0.000      0.000
  input external delay                    0.000      0.000 r
  inp[7] (in)                             0.000      0.000 r
  U434/Y (AND2X1)                      2505946.500
                                                  2505946.500 r
  U435/Y (INVX1)                       788963.000 3294909.500 f
  U851/Y (NAND2X1)                     1621213.500
                                                  4916123.000 r
  U853/Y (NAND2X1)                     2538241.000
                                                  7454364.000 f
  U854/Y (NAND2X1)                     1624476.000
                                                  9078840.000 r
  U858/Y (NAND2X1)                     2548681.000
                                                  11627521.000 f
  U859/Y (NAND2X1)                     1624202.000
                                                  13251723.000 r
  U860/Y (INVX1)                       1243296.000
                                                  14495019.000 f
  U861/Y (NAND2X1)                     813047.000 15308066.000 r
  U864/Y (NAND2X1)                     1051062.000
                                                  16359128.000 f
  U588/Y (XNOR2X1)                     6943462.000
                                                  23302590.000 f
  U589/Y (INVX1)                       -1293648.000
                                                  22008942.000 r
  U503/Y (AND2X1)                      2505946.000
                                                  24514888.000 r
  U504/Y (INVX1)                       845996.000 25360884.000 f
  U911/Y (NAND2X1)                     1161968.000
                                                  26522852.000 r
  U912/Y (NAND2X1)                     1054490.000
                                                  27577342.000 f
  U915/Y (NOR2X1)                      1563090.000
                                                  29140432.000 r
  U916/Y (INVX1)                       1049378.000
                                                  30189810.000 f
  U917/Y (NAND2X1)                     1161952.000
                                                  31351762.000 r
  U647/Y (NAND2X1)                     1052214.000
                                                  32403976.000 f
  U531/Y (AND2X1)                      2312812.000
                                                  34716788.000 f
  U532/Y (INVX1)                       -1287320.000
                                                  33429468.000 r
  U925/Y (NAND2X1)                     1004972.000
                                                  34434440.000 f
  U926/Y (NOR2X1)                      1570424.000
                                                  36004864.000 r
  U611/Y (AND2X1)                      2843176.000
                                                  38848040.000 r
  U612/Y (INVX1)                       843428.000 39691468.000 f
  U996/Y (NAND2X1)                     813168.000 40504636.000 r
  U513/Y (XNOR2X1)                     7033660.000
                                                  47538296.000 r
  U514/Y (INVX1)                       970412.000 48508708.000 f
  U997/Y (OR2X1)                       2434684.000
                                                  50943392.000 f
  U998/Y (NAND2X1)                     1167096.000
                                                  52110488.000 r
  U489/Y (AND2X1)                      1871192.000
                                                  53981680.000 r
  U490/Y (INVX1)                       845348.000 54827028.000 f
  U475/Y (AND2X1)                      2833284.000
                                                  57660312.000 f
  U476/Y (INVX1)                       -1160460.000
                                                  56499852.000 r
  U1042/Y (NAND2X1)                    1007476.000
                                                  57507328.000 f
  U1043/Y (XOR2X1)                     6266516.000
                                                  63773844.000 r
  U1044/Y (INVX1)                      1340656.000
                                                  65114500.000 f
  U1046/Y (NAND2X1)                    807228.000 65921728.000 r
  U1048/Y (NOR2X1)                     959608.000 66881336.000 f
  U1052/Y (NAND2X1)                    1164536.000
                                                  68045872.000 r
  U1053/Y (NAND2X1)                    2168448.000
                                                  70214320.000 f
  U639/Y (AND2X1)                      2319304.000
                                                  72533624.000 f
  U640/Y (INVX1)                       -1120448.000
                                                  71413176.000 r
  U1069/Y (AND2X1)                     2090632.000
                                                  73503808.000 r
  U1072/Y (NAND2X1)                    2541120.000
                                                  76044928.000 f
  U1074/Y (NAND2X1)                    842464.000 76887392.000 r
  U1075/Y (NAND2X1)                    2154240.000
                                                  79041632.000 f
  U1076/Y (NAND2X1)                    1171760.000
                                                  80213392.000 r
  U1077/Y (OR2X1)                      5170208.000
                                                  85383600.000 r
  U631/Y (AND2X1)                      2119632.000
                                                  87503232.000 r
  U1082/Y (NAND2X1)                    2077120.000
                                                  89580352.000 f
  U1083/Y (NAND2X1)                    1171760.000
                                                  90752112.000 r
  U1084/Y (NAND2X1)                    2153624.000
                                                  92905736.000 f
  U1085/Y (NAND2X1)                    1625088.000
                                                  94530824.000 r
  U1091/Y (INVX1)                      1242120.000
                                                  95772944.000 f
  U1092/Y (NAND2X1)                    1161952.000
                                                  96934896.000 r
  U1093/Y (NAND2X1)                    2206336.000
                                                  99141232.000 f
  U1094/Y (NAND2X1)                    1170936.000
                                                  100312168.000 r
  U1096/Y (OR2X1)                      5225592.000
                                                  105537760.000 r
  U1097/Y (NAND2X1)                    1715800.000
                                                  107253560.000 f
  U641/Y (AND2X1)                      2845256.000
                                                  110098816.000 f
  U642/Y (INVX1)                       -1238040.000
                                                  108860776.000 r
  U601/Y (NAND2X1)                     1601680.000
                                                  110462456.000 f
  U602/Y (INVX1)                       -678280.000
                                                  109784176.000 r
  U1105/Y (NOR2X1)                     954536.000 110738712.000 f
  U1106/Y (NAND2X1)                    1164640.000
                                                  111903352.000 r
  U1113/Y (NAND2X1)                    1049992.000
                                                  112953344.000 f
  U1115/Y (NAND2X1)                    842144.000 113795488.000 r
  U1116/Y (OR2X1)                      5189456.000
                                                  118984944.000 r
  U1117/Y (NAND2X1)                    1360992.000
                                                  120345936.000 f
  U1120/Y (NAND2X1)                    836880.000 121182816.000 r
  U1127/Y (NOR2X1)                     962464.000 122145280.000 f
  U1129/Y (NOR2X1)                     1069144.000
                                                  123214424.000 r
  U1130/Y (NOR2X1)                     958048.000 124172472.000 f
  U1131/Y (NAND2X1)                    827280.000 124999752.000 r
  U547/Y (AND2X1)                      1848424.000
                                                  126848176.000 r
  U548/Y (INVX1)                       852968.000 127701144.000 f
  U1133/Y (NOR2X1)                     1064688.000
                                                  128765832.000 r
  U1137/Y (NAND2X1)                    1979992.000
                                                  130745824.000 f
  U1139/Y (NAND2X1)                    836856.000 131582680.000 r
  U1140/Y (NAND2X1)                    2106616.000
                                                  133689296.000 f
  U1141/Y (NAND2X1)                    1159984.000
                                                  134849280.000 r
  out[0] (out)                            0.000   134849280.000 r
  data arrival time                               134849280.000

  clock clk (rise edge)                250000000.000
                                                  250000000.000
  clock network delay (ideal)             0.000   250000000.000
  output external delay                   0.000   250000000.000
  data required time                              250000000.000
  -----------------------------------------------------------
  data required time                              250000000.000
  data arrival time                               -134849280.000
  -----------------------------------------------------------
  slack (MET)                                     115150720.000


1
