****************************************
Report : timing
	-path_type full
	-delay_type max
	-max_paths 1
	-sort_by slack
Design : top
Version: S-2021.06-SP1
Date   : Tue Nov 29 16:47:21 2022
****************************************


  Startpoint: inp[7] (input port clocked by clk)
  Endpoint: out[0] (output port clocked by clk)
  Path Group: clk
  Path Type: max

  Point                                    Incr       Path
  ---------------------------------------------------------------
  clock clk (rise edge)                   0.000      0.000
  clock network delay (ideal)             0.000      0.000
  input external delay                    0.000      0.000 r
  inp[7] (in)                             0.000      0.000 r
  U434/Y (AND2X1)                      2505952.000
                                                  2505952.000 r
  U435/Y (INVX1)                       788968.000 3294920.000 f
  U851/Y (NAND2X1)                     1621216.000
                                                  4916136.000 r
  U853/Y (NAND2X1)                     2538208.000
                                                  7454344.000 f
  U854/Y (NAND2X1)                     1624472.000
                                                  9078816.000 r
  U858/Y (NAND2X1)                     2548648.000
                                                  11627464.000 f
  U859/Y (NAND2X1)                     1624200.000
                                                  13251664.000 r
  U860/Y (INVX1)                       1243296.000
                                                  14494960.000 f
  U861/Y (NAND2X1)                     813048.000 15308008.000 r
  U864/Y (NAND2X1)                     1051072.000
                                                  16359080.000 f
  U588/Y (XNOR2X1)                     6943520.000
                                                  23302600.000 f
  U589/Y (INVX1)                       -1293624.000
                                                  22008976.000 r
  U503/Y (AND2X1)                      2505944.000
                                                  24514920.000 r
  U504/Y (INVX1)                       845992.000 25360912.000 f
  U911/Y (NAND2X1)                     1161968.000
                                                  26522880.000 r
  U912/Y (NAND2X1)                     1054480.000
                                                  27577360.000 f
  U915/Y (NOR2X1)                      1563056.000
                                                  29140416.000 r
  U916/Y (INVX1)                       1049392.000
                                                  30189808.000 f
  U917/Y (NAND2X1)                     1161952.000
                                                  31351760.000 r
  U647/Y (NAND2X1)                     1052224.000
                                                  32403984.000 f
  U531/Y (AND2X1)                      2312824.000
                                                  34716808.000 f
  U532/Y (INVX1)                       -1287344.000
                                                  33429464.000 r
  U925/Y (NAND2X1)                     1004976.000
                                                  34434440.000 f
  U926/Y (NOR2X1)                      1570432.000
                                                  36004872.000 r
  U611/Y (AND2X1)                      2843096.000
                                                  38847968.000 r
  U612/Y (INVX1)                       843424.000 39691392.000 f
  U996/Y (NAND2X1)                     813168.000 40504560.000 r
  U513/Y (XNOR2X1)                     7033672.000
                                                  47538232.000 r
  U514/Y (INVX1)                       970416.000 48508648.000 f
  U997/Y (OR2X1)                       2434680.000
                                                  50943328.000 f
  U998/Y (NAND2X1)                     1167096.000
                                                  52110424.000 r
  U489/Y (AND2X1)                      1871152.000
                                                  53981576.000 r
  U490/Y (INVX1)                       845344.000 54826920.000 f
  U475/Y (AND2X1)                      2833280.000
                                                  57660200.000 f
  U476/Y (INVX1)                       -1160472.000
                                                  56499728.000 r
  U1042/Y (NAND2X1)                    1007472.000
                                                  57507200.000 f
  U1043/Y (XOR2X1)                     6266576.000
                                                  63773776.000 r
  U1044/Y (INVX1)                      1340656.000
                                                  65114432.000 f
  U1046/Y (NAND2X1)                    807224.000 65921656.000 r
  U1048/Y (NOR2X1)                     959608.000 66881264.000 f
  U1052/Y (NAND2X1)                    1164536.000
                                                  68045800.000 r
  U1053/Y (NAND2X1)                    2168424.000
                                                  70214224.000 f
  U639/Y (AND2X1)                      2319288.000
                                                  72533512.000 f
  U640/Y (INVX1)                       -1120448.000
                                                  71413064.000 r
  U1069/Y (AND2X1)                     2090632.000
                                                  73503696.000 r
  U1072/Y (NAND2X1)                    2541104.000
                                                  76044800.000 f
  U1074/Y (NAND2X1)                    842464.000 76887264.000 r
  U1075/Y (NAND2X1)                    2154216.000
                                                  79041480.000 f
  U1076/Y (NAND2X1)                    1171768.000
                                                  80213248.000 r
  U1077/Y (OR2X1)                      5170200.000
                                                  85383448.000 r
  U631/Y (AND2X1)                      2119640.000
                                                  87503088.000 r
  U1082/Y (NAND2X1)                    2077096.000
                                                  89580184.000 f
  U1083/Y (NAND2X1)                    1171768.000
                                                  90751952.000 r
  U1084/Y (NAND2X1)                    2153584.000
                                                  92905536.000 f
  U1085/Y (NAND2X1)                    1625088.000
                                                  94530624.000 r
  U1091/Y (INVX1)                      1242136.000
                                                  95772760.000 f
  U1092/Y (NAND2X1)                    1161960.000
                                                  96934720.000 r
  U1093/Y (NAND2X1)                    2206304.000
                                                  99141024.000 f
  U1094/Y (NAND2X1)                    1170936.000
                                                  100311960.000 r
  U1096/Y (OR2X1)                      5225608.000
                                                  105537568.000 r
  U1097/Y (NAND2X1)                    1715816.000
                                                  107253384.000 f
  U641/Y (AND2X1)                      2845280.000
                                                  110098664.000 f
  U642/Y (INVX1)                       -1238056.000
                                                  108860608.000 r
  U601/Y (NAND2X1)                     1601680.000
                                                  110462288.000 f
  U602/Y (INVX1)                       -678288.000
                                                  109784000.000 r
  U1105/Y (NOR2X1)                     954536.000 110738536.000 f
  U1106/Y (NAND2X1)                    1164632.000
                                                  111903168.000 r
  U1113/Y (NAND2X1)                    1050008.000
                                                  112953176.000 f
  U1115/Y (NAND2X1)                    842136.000 113795312.000 r
  U1116/Y (OR2X1)                      5189480.000
                                                  118984792.000 r
  U1117/Y (NAND2X1)                    1361000.000
                                                  120345792.000 f
  U1120/Y (NAND2X1)                    836880.000 121182672.000 r
  U1127/Y (NOR2X1)                     962464.000 122145136.000 f
  U1129/Y (NOR2X1)                     1069152.000
                                                  123214288.000 r
  U1130/Y (NOR2X1)                     958056.000 124172344.000 f
  U1131/Y (NAND2X1)                    827272.000 124999616.000 r
  U547/Y (AND2X1)                      1848376.000
                                                  126847992.000 r
  U548/Y (INVX1)                       852968.000 127700960.000 f
  U1133/Y (NOR2X1)                     1064688.000
                                                  128765648.000 r
  U1137/Y (NAND2X1)                    1979968.000
                                                  130745616.000 f
  U1139/Y (NAND2X1)                    836864.000 131582480.000 r
  U1140/Y (NAND2X1)                    2106584.000
                                                  133689064.000 f
  U1141/Y (NAND2X1)                    1159976.000
                                                  134849040.000 r
  out[0] (out)                            0.000   134849040.000 r
  data arrival time                               134849040.000

  clock clk (rise edge)                250000000.000
                                                  250000000.000
  clock network delay (ideal)             0.000   250000000.000
  clock reconvergence pessimism           0.000   250000000.000
  output external delay                   0.000   250000000.000
  data required time                              250000000.000
  ---------------------------------------------------------------
  data required time                              250000000.000
  data arrival time                               -134849040.000
  ---------------------------------------------------------------
  slack (MET)                                     115150960.000


1
