****************************************
Report : Averaged Power
Design : top
Version: S-2021.06-SP1
Date   : Sun Dec 18 18:34:50 2022
****************************************



  Attributes
  ----------
      i  -  Including register clock pin internal power
      u  -  User defined power group

                        Internal  Switching  Leakage    Total
Power Group             Power     Power      Power      Power   (     %)  Attrs
--------------------------------------------------------------------------------
clock_network              0.0000    0.0000    0.0000    0.0000 ( 0.00%)  i
register                   0.0000    0.0000    0.0000    0.0000 ( 0.00%)  
combinational           8.251e-04 5.933e-06    0.0240    0.0248 (100.00%) 
sequential                 0.0000    0.0000    0.0000    0.0000 ( 0.00%)  
memory                     0.0000    0.0000    0.0000    0.0000 ( 0.00%)  
io_pad                     0.0000    0.0000    0.0000    0.0000 ( 0.00%)  
black_box                  0.0000    0.0000    0.0000    0.0000 ( 0.00%)  

  Net Switching Power  = 5.933e-06   ( 0.02%)
  Cell Internal Power  = 8.251e-04   ( 3.33%)
  Cell Leakage Power   =    0.0240   (96.65%)
                         ---------
Total Power            =    0.0248  (100.00%)

1
