Information: Updating design information... (UID-85)
 
****************************************
Report : qor
Design : top
Version: S-2021.06-SP2
Date   : Fri Dec 16 13:40:48 2022
****************************************


  Timing Path Group 'clk'
  -----------------------------------
  Levels of Logic:             151.00
  Critical Path Length:  239387360.00
  Critical Path Slack:    10612640.00
  Critical Path Clk Period:
                         250000000.00
  Total Negative Slack:          0.00
  No. of Violating Paths:        0.00
  Worst Hold Violation:          0.00
  Total Hold Violation:          0.00
  No. of Hold Violations:        0.00
  -----------------------------------


  Cell Count
  -----------------------------------
  Hierarchical Cell Count:          0
  Hierarchical Port Count:          0
  Leaf Cell Count:               3681
  Buf/Inv Cell Count:             833
  Buf Cell Count:                   0
  Inv Cell Count:                 833
  CT Buf/Inv Cell Count:            0
  Combinational Cell Count:      3681
  Sequential Cell Count:            0
  Macro Count:                      0
  -----------------------------------


  Area
  -----------------------------------
  Combinational Area:
                    1483521764.000000
  Noncombinational Area:     0.000000
  Buf/Inv Area:      190273860.000000
  Total Buffer Area:             0.00
  Total Inverter Area:   190273860.00
  Macro/Black Box Area:      0.000000
  Net Area:                  0.000000
  -----------------------------------
  Cell Area:        1483521764.000000
  Design Area:      1483521764.000000


  Design Rules
  -----------------------------------
  Total Number of Nets:          3745
  Nets With Violations:          3681
  Max Trans Violations:          3681
  Max Cap Violations:               0
  -----------------------------------


  Hostname: leoforos

  Compile CPU Statistics
  -----------------------------------------
  Resource Sharing:                    1.88
  Logic Optimization:                  0.19
  Mapping Optimization:                2.68
  -----------------------------------------
  Overall Compile Time:               18.06
  Overall Compile Wall Clock Time:    19.27

  --------------------------------------------------------------------

  Design  WNS: 0.00  TNS: 0.00  Number of Violating Paths: 0


  Design (Hold)  WNS: 0.00  TNS: 0.00  Number of Violating Paths: 0

  --------------------------------------------------------------------


1
