 
****************************************
Report : timing
        -path full
        -delay max
        -max_paths 1
Design : top
Version: S-2021.06-SP2
Date   : Thu Dec 15 09:54:41 2022
****************************************

Operating Conditions: TT   Library: PPDK_Standard_Library_1.0V_25C_TYP_X1
Wire Load Model Mode: top

  Startpoint: inp[1] (input port clocked by clk)
  Endpoint: out[0] (output port clocked by clk)
  Path Group: clk
  Path Type: max

  Point                                    Incr       Path
  -----------------------------------------------------------
  clock clk (rise edge)                   0.000      0.000
  clock network delay (ideal)             0.000      0.000
  input external delay                    0.000      0.000 f
  inp[1] (in)                             0.000      0.000 f
  U751/Y (INVX1)                       582657.688 582657.688 r
  U572/Y (AND2X1)                      2201183.250
                                                  2783841.000 r
  U573/Y (INVX1)                       712699.750 3496540.750 f
  U753/Y (NAND2X1)                     924484.250 4421025.000 r
  U754/Y (NAND2X1)                     1126429.000
                                                  5547454.000 f
  U755/Y (NAND2X1)                     1752599.000
                                                  7300053.000 r
  U760/Y (INVX1)                       1101500.000
                                                  8401553.000 f
  U761/Y (NAND2X1)                     1290252.000
                                                  9691805.000 r
  U762/Y (NAND2X1)                     1126580.000
                                                  10818385.000 f
  U763/Y (NAND2X1)                     1748037.000
                                                  12566422.000 r
  U326/Y (INVX1)                       1109396.000
                                                  13675818.000 f
  U327/Y (INVX1)                       450491.000 14126309.000 r
  U766/Y (OR2X1)                       1656847.000
                                                  15783156.000 r
  U767/Y (NAND2X1)                     1219762.000
                                                  17002918.000 f
  U773/Y (NAND2X1)                     1398644.000
                                                  18401562.000 r
  U784/Y (NAND2X1)                     865870.000 19267432.000 f
  U785/Y (NAND2X1)                     1752622.000
                                                  21020054.000 r
  U786/Y (INVX1)                       1116474.000
                                                  22136528.000 f
  U792/Y (NAND2X1)                     1290210.000
                                                  23426738.000 r
  U182/Y (AND2X1)                      2174530.000
                                                  25601268.000 r
  U183/Y (INVX1)                       715794.000 26317062.000 f
  U346/Y (XNOR2X1)                     6580884.000
                                                  32897946.000 f
  U347/Y (INVX1)                       -337808.000
                                                  32560138.000 r
  U988/Y (NAND2X1)                     831868.000 33392006.000 f
  U989/Y (NAND2X1)                     1380782.000
                                                  34772788.000 r
  U990/Y (NAND2X1)                     1153212.000
                                                  35926000.000 f
  U992/Y (NAND2X1)                     879632.000 36805632.000 r
  U993/Y (NAND2X1)                     1234256.000
                                                  38039888.000 f
  U995/Y (NAND2X1)                     1399832.000
                                                  39439720.000 r
  U144/Y (AND2X1)                      2165468.000
                                                  41605188.000 r
  U145/Y (INVX1)                       718532.000 42323720.000 f
  U128/Y (AND2X1)                      2458080.000
                                                  44781800.000 f
  U129/Y (INVX1)                       -229800.000
                                                  44552000.000 r
  U1020/Y (INVX1)                      651876.000 45203876.000 f
  U1021/Y (NAND2X1)                    1291776.000
                                                  46495652.000 r
  U1026/Y (AND2X1)                     2572520.000
                                                  49068172.000 r
  U340/Y (XNOR2X1)                     5540016.000
                                                  54608188.000 r
  U341/Y (INVX1)                       933548.000 55541736.000 f
  U468/Y (AND2X1)                      2458104.000
                                                  57999840.000 f
  U469/Y (INVX1)                       -1187088.000
                                                  56812752.000 r
  U1097/Y (NAND2X1)                    1049996.000
                                                  57862748.000 f
  U1098/Y (NAND2X1)                    892032.000 58754780.000 r
  U1099/Y (OR2X1)                      2341224.000
                                                  61096004.000 r
  U1100/Y (NAND2X1)                    804684.000 61900688.000 f
  U640/Y (AND2X1)                      2048496.000
                                                  63949184.000 f
  U641/Y (INVX1)                       -1249636.000
                                                  62699548.000 r
  U118/Y (AND2X1)                      1879412.000
                                                  64578960.000 r
  U119/Y (INVX1)                       718520.000 65297480.000 f
  U320/Y (NOR2X1)                      1621640.000
                                                  66919120.000 r
  U321/Y (INVX1)                       1013088.000
                                                  67932208.000 f
  U370/Y (INVX1)                       465680.000 68397888.000 r
  U268/Y (XNOR2X1)                     5840208.000
                                                  74238096.000 r
  U269/Y (INVX1)                       839552.000 75077648.000 f
  U1230/Y (INVX1)                      452432.000 75530080.000 r
  U1264/Y (XOR2X1)                     4512600.000
                                                  80042680.000 f
  U630/Y (XNOR2X1)                     5964144.000
                                                  86006824.000 f
  U631/Y (INVX1)                       -1339024.000
                                                  84667800.000 r
  U1290/Y (NOR2X1)                     919776.000 85587576.000 f
  U1293/Y (NAND2X1)                    895792.000 86483368.000 r
  U1294/Y (NAND2X1)                    1126744.000
                                                  87610112.000 f
  U1295/Y (NAND2X1)                    1752600.000
                                                  89362712.000 r
  U1296/Y (INVX1)                      1101440.000
                                                  90464152.000 f
  U1297/Y (NAND2X1)                    1290256.000
                                                  91754408.000 r
  U1298/Y (NAND2X1)                    848400.000 92602808.000 f
  U1300/Y (NAND2X1)                    1345288.000
                                                  93948096.000 r
  U1302/Y (INVX1)                      1096368.000
                                                  95044464.000 f
  U1303/Y (NAND2X1)                    924984.000 95969448.000 r
  U1304/Y (NAND2X1)                    1127008.000
                                                  97096456.000 f
  U1305/Y (NAND2X1)                    1752600.000
                                                  98849056.000 r
  U1308/Y (INVX1)                      1101384.000
                                                  99950440.000 f
  U1309/Y (NAND2X1)                    924976.000 100875416.000 r
  U78/Y (AND2X1)                       2165568.000
                                                  103040984.000 r
  U79/Y (INVX1)                        718496.000 103759480.000 f
  U152/Y (AND2X1)                      2458080.000
                                                  106217560.000 f
  U153/Y (INVX1)                       -1175016.000
                                                  105042544.000 r
  U1310/Y (OR2X1)                      1642272.000
                                                  106684816.000 r
  U506/Y (AND2X1)                      1875568.000
                                                  108560384.000 r
  U507/Y (INVX1)                       715592.000 109275976.000 f
  U1313/Y (NAND2X1)                    1297400.000
                                                  110573376.000 r
  U1314/Y (OR2X1)                      2324936.000
                                                  112898312.000 r
  U1315/Y (NAND2X1)                    1218616.000
                                                  114116928.000 f
  U1319/Y (INVX1)                      -549360.000
                                                  113567568.000 r
  U1320/Y (NAND2X1)                    1052632.000
                                                  114620200.000 f
  U164/Y (AND2X1)                      2441920.000
                                                  117062120.000 f
  U165/Y (INVX1)                       -1291656.000
                                                  115770464.000 r
  U178/Y (AND2X1)                      2199104.000
                                                  117969568.000 r
  U179/Y (INVX1)                       707800.000 118677368.000 f
  U186/Y (AND2X1)                      2034888.000
                                                  120712256.000 f
  U187/Y (INVX1)                       -1439704.000
                                                  119272552.000 r
  U210/Y (AND2X1)                      2198952.000
                                                  121471504.000 r
  U211/Y (INVX1)                       707624.000 122179128.000 f
  U416/Y (AND2X1)                      2034872.000
                                                  124214000.000 f
  U417/Y (INVX1)                       -1315560.000
                                                  122898440.000 r
  U436/Y (AND2X1)                      1880944.000
                                                  124779384.000 r
  U437/Y (INVX1)                       707416.000 125486800.000 f
  U1327/Y (NAND2X1)                    935872.000 126422672.000 r
  U1465/Y (NAND2X1)                    1127984.000
                                                  127550656.000 f
  U1466/Y (NAND2X1)                    1395056.000
                                                  128945712.000 r
  U74/Y (AND2X1)                       2165480.000
                                                  131111192.000 r
  U75/Y (INVX1)                        718528.000 131829720.000 f
  U116/Y (AND2X1)                      2034872.000
                                                  133864592.000 f
  U117/Y (INVX1)                       -1186888.000
                                                  132677704.000 r
  U202/Y (AND2X1)                      1881832.000
                                                  134559536.000 r
  U203/Y (INVX1)                       707424.000 135266960.000 f
  U1468/Y (NAND2X1)                    1297568.000
                                                  136564528.000 r
  U1471/Y (OR2X1)                      2344784.000
                                                  138909312.000 r
  U406/Y (AND2X1)                      2196848.000
                                                  141106160.000 r
  U377/Y (INVX1)                       725488.000 141831648.000 f
  U638/Y (INVX1)                       1034240.000
                                                  142865888.000 r
  U378/Y (INVX1)                       691168.000 143557056.000 f
  U1498/Y (NAND2X1)                    1293472.000
                                                  144850528.000 r
  U1504/Y (OR2X1)                      2344464.000
                                                  147194992.000 r
  U422/Y (AND2X1)                      2199760.000
                                                  149394752.000 r
  U423/Y (INVX1)                       707584.000 150102336.000 f
  U1507/Y (OR2X1)                      2115280.000
                                                  152217616.000 f
  U1512/Y (NAND2X1)                    870736.000 153088352.000 r
  U1513/Y (NAND2X1)                    865984.000 153954336.000 f
  U1514/Y (NAND2X1)                    1380336.000
                                                  155334672.000 r
  U1515/Y (NAND2X1)                    864512.000 156199184.000 f
  U1519/Y (NOR2X1)                     1190128.000
                                                  157389312.000 r
  U1522/Y (NOR2X1)                     101744.000 157491056.000 f
  U1523/Y (NAND2X1)                    1383440.000
                                                  158874496.000 r
  U1524/Y (NAND2X1)                    1152848.000
                                                  160027344.000 f
  U1530/Y (NOR2X1)                     1196640.000
                                                  161223984.000 r
  U1534/Y (NOR2X1)                     99312.000  161323296.000 f
  U1536/Y (NAND2X1)                    885376.000 162208672.000 r
  U1537/Y (NAND2X1)                    1150992.000
                                                  163359664.000 f
  U126/Y (AND2X1)                      2438736.000
                                                  165798400.000 f
  U127/Y (INVX1)                       -1312272.000
                                                  164486128.000 r
  U410/Y (AND2X1)                      1881920.000
                                                  166368048.000 r
  U411/Y (INVX1)                       707568.000 167075616.000 f
  U1539/Y (OR2X1)                      2115280.000
                                                  169190896.000 f
  U498/Y (AND2X1)                      2048496.000
                                                  171239392.000 f
  U499/Y (INVX1)                       -1450160.000
                                                  169789232.000 r
  U1543/Y (NAND2X1)                    1051968.000
                                                  170841200.000 f
  U1548/Y (NOR2X1)                     1190128.000
                                                  172031328.000 r
  U1551/Y (NOR2X1)                     101760.000 172133088.000 f
  U1552/Y (NAND2X1)                    1383440.000
                                                  173516528.000 r
  U1553/Y (NAND2X1)                    1152848.000
                                                  174669376.000 f
  U1558/Y (NOR2X1)                     1196640.000
                                                  175866016.000 r
  U1561/Y (NOR2X1)                     99344.000  175965360.000 f
  U1562/Y (NAND2X1)                    1383536.000
                                                  177348896.000 r
  U1563/Y (NAND2X1)                    1151808.000
                                                  178500704.000 f
  U148/Y (AND2X1)                      2438704.000
                                                  180939408.000 f
  U149/Y (INVX1)                       -1312416.000
                                                  179626992.000 r
  U140/Y (AND2X1)                      2199104.000
                                                  181826096.000 r
  U141/Y (INVX1)                       707792.000 182533888.000 f
  U1564/Y (OR2X1)                      2115280.000
                                                  184649168.000 f
  U1565/Y (NAND2X1)                    870736.000 185519904.000 r
  U198/Y (AND2X1)                      2174576.000
                                                  187694480.000 r
  U199/Y (INVX1)                       715776.000 188410256.000 f
  U1566/Y (NOR2X1)                     1157568.000
                                                  189567824.000 r
  U1567/Y (NOR2X1)                     156896.000 189724720.000 f
  U1568/Y (NAND2X1)                    886064.000 190610784.000 r
  U1570/Y (NAND2X1)                    863712.000 191474496.000 f
  U1571/Y (NOR2X1)                     1189408.000
                                                  192663904.000 r
  out[0] (out)                            0.000   192663904.000 r
  data arrival time                               192663904.000

  clock clk (rise edge)                200000000.000
                                                  200000000.000
  clock network delay (ideal)             0.000   200000000.000
  output external delay                   0.000   200000000.000
  data required time                              200000000.000
  -----------------------------------------------------------
  data required time                              200000000.000
  data arrival time                               -192663904.000
  -----------------------------------------------------------
  slack (MET)                                     7336096.000


1
