Information: Updating design information... (UID-85)
 
****************************************
Report : qor
Design : top
Version: S-2021.06-SP2
Date   : Sun Dec 18 12:23:25 2022
****************************************


  Timing Path Group 'clk'
  -----------------------------------
  Levels of Logic:             126.00
  Critical Path Length:  170147856.00
  Critical Path Slack:    29852144.00
  Critical Path Clk Period:
                         200000000.00
  Total Negative Slack:          0.00
  No. of Violating Paths:        0.00
  Worst Hold Violation:          0.00
  Total Hold Violation:          0.00
  No. of Hold Violations:        0.00
  -----------------------------------


  Cell Count
  -----------------------------------
  Hierarchical Cell Count:          0
  Hierarchical Port Count:          0
  Leaf Cell Count:               3033
  Buf/Inv Cell Count:             699
  Buf Cell Count:                   0
  Inv Cell Count:                 699
  CT Buf/Inv Cell Count:            0
  Combinational Cell Count:      3033
  Sequential Cell Count:            0
  Macro Count:                      0
  -----------------------------------


  Area
  -----------------------------------
  Combinational Area:
                    1036885844.000000
  Noncombinational Area:     0.000000
  Buf/Inv Area:      159665580.000000
  Total Buffer Area:             0.00
  Total Inverter Area:   159665580.00
  Macro/Black Box Area:      0.000000
  Net Area:                  0.000000
  -----------------------------------
  Cell Area:        1036885844.000000
  Design Area:      1036885844.000000


  Design Rules
  -----------------------------------
  Total Number of Nets:          3117
  Nets With Violations:          3032
  Max Trans Violations:          3032
  Max Cap Violations:               0
  -----------------------------------


  Hostname: leoforos

  Compile CPU Statistics
  -----------------------------------------
  Resource Sharing:                    1.31
  Logic Optimization:                  0.17
  Mapping Optimization:                2.01
  -----------------------------------------
  Overall Compile Time:               14.17
  Overall Compile Wall Clock Time:    14.54

  --------------------------------------------------------------------

  Design  WNS: 0.00  TNS: 0.00  Number of Violating Paths: 0


  Design (Hold)  WNS: 0.00  TNS: 0.00  Number of Violating Paths: 0

  --------------------------------------------------------------------


1
