****************************************
Report : timing
	-path_type full
	-delay_type max
	-max_paths 1
	-sort_by slack
Design : top
Version: S-2021.06-SP1
Date   : Sun Dec 18 18:38:52 2022
****************************************


  Startpoint: inp[8] (input port clocked by clk)
  Endpoint: out[1] (output port clocked by clk)
  Path Group: clk
  Path Type: max

  Point                                    Incr       Path
  ---------------------------------------------------------------
  clock clk (rise edge)                   0.000      0.000
  clock network delay (ideal)             0.000      0.000
  input external delay                    0.000      0.000 r
  inp[8] (in)                             0.000      0.000 r
  U657/Y (AND2X1)                      2212688.000
                                                  2212688.000 r
  U658/Y (INVX1)                       709776.000 2922464.000 f
  U224/Y (AND2X1)                      2034904.000
                                                  4957368.000 f
  U225/Y (INVX1)                       -1177680.000
                                                  3779688.000 r
  U431/Y (AND2X1)                      2198880.000
                                                  5978568.000 r
  U432/Y (INVX1)                       707864.000 6686432.000 f
  U252/Y (XNOR2X1)                     6580892.000
                                                  13267324.000 f
  U253/Y (INVX1)                       -253404.000
                                                  13013920.000 r
  U690/Y (INVX1)                       652632.000 13666552.000 f
  U691/Y (XOR2X1)                      5301272.000
                                                  18967824.000 r
  U692/Y (INVX1)                       1237304.000
                                                  20205128.000 f
  U176/Y (AND2X1)                      2458384.000
                                                  22663512.000 f
  U177/Y (INVX1)                       -1173104.000
                                                  21490408.000 r
  U343/Y (AND2X1)                      2198880.000
                                                  23689288.000 r
  U344/Y (INVX1)                       707648.000 24396936.000 f
  U607/Y (AND2X1)                      2460936.000
                                                  26857872.000 f
  U551/Y (AND2X1)                      2428956.000
                                                  29286828.000 f
  U552/Y (INVX1)                       -1362656.000
                                                  27924172.000 r
  U379/Y (AND2X1)                      2198924.000
                                                  30123096.000 r
  U380/Y (INVX1)                       707852.000 30830948.000 f
  U234/Y (XNOR2X1)                     6580892.000
                                                  37411840.000 f
  U235/Y (INVX1)                       -1205252.000
                                                  36206588.000 r
  U713/Y (OR2X1)                       1642064.000
                                                  37848652.000 r
  U467/Y (AND2X1)                      2196632.000
                                                  40045284.000 r
  U468/Y (INVX1)                       708380.000 40753664.000 f
  U569/Y (AND2X1)                      2037088.000
                                                  42790752.000 f
  U547/Y (AND2X1)                      2428960.000
                                                  45219712.000 f
  U548/Y (INVX1)                       -1362704.000
                                                  43857008.000 r
  U714/Y (NAND2X1)                     1052584.000
                                                  44909592.000 f
  U719/Y (XOR2X1)                      5376576.000
                                                  50286168.000 r
  U391/Y (AND2X1)                      2176648.000
                                                  52462816.000 r
  U392/Y (INVX1)                       715328.000 53178144.000 f
  U812/Y (NOR2X1)                      1157600.000
                                                  54335744.000 r
  U373/Y (AND2X1)                      2181856.000
                                                  56517600.000 r
  U374/Y (INVX1)                       713628.000 57231228.000 f
  U645/Y (XNOR2X1)                     6583456.000
                                                  63814684.000 f
  U646/Y (INVX1)                       -1207456.000
                                                  62607228.000 r
  U128/Y (AND2X1)                      1881356.000
                                                  64488584.000 r
  U129/Y (INVX1)                       713320.000 65201904.000 f
  U359/Y (AND2X1)                      2458080.000
                                                  67659984.000 f
  U360/Y (INVX1)                       -1187256.000
                                                  66472728.000 r
  U820/Y (NAND2X1)                     800520.000 67273248.000 f
  U469/Y (AND2X1)                      2044128.000
                                                  69317376.000 f
  U470/Y (INVX1)                       -1337160.000
                                                  67980216.000 r
  U822/Y (NAND2X1)                     1049896.000
                                                  69030112.000 f
  U832/Y (NOR2X1)                      1190048.000
                                                  70220160.000 r
  U457/Y (AND2X1)                      2181992.000
                                                  72402152.000 r
  U458/Y (INVX1)                       713144.000 73115296.000 f
  U834/Y (NOR2X1)                      1151512.000
                                                  74266808.000 r
  out[1] (out)                            0.000   74266808.000 r
  data arrival time                               74266808.000

  clock clk (rise edge)                200000000.000
                                                  200000000.000
  clock network delay (ideal)             0.000   200000000.000
  clock reconvergence pessimism           0.000   200000000.000
  output external delay                   0.000   200000000.000
  data required time                              200000000.000
  ---------------------------------------------------------------
  data required time                              200000000.000
  data arrival time                               -74266808.000
  ---------------------------------------------------------------
  slack (MET)                                     125733192.000


1
