Information: Updating design information... (UID-85)
 
****************************************
Report : qor
Design : top
Version: S-2021.06-SP2
Date   : Sun Dec  4 15:40:10 2022
****************************************


  Timing Path Group 'clk'
  -----------------------------------
  Levels of Logic:             122.00
  Critical Path Length:  141957744.00
  Critical Path Slack:    58042256.00
  Critical Path Clk Period:
                         200000000.00
  Total Negative Slack:          0.00
  No. of Violating Paths:        0.00
  Worst Hold Violation:          0.00
  Total Hold Violation:          0.00
  No. of Hold Violations:        0.00
  -----------------------------------


  Cell Count
  -----------------------------------
  Hierarchical Cell Count:          0
  Hierarchical Port Count:          0
  Leaf Cell Count:               1177
  Buf/Inv Cell Count:             474
  Buf Cell Count:                   0
  Inv Cell Count:                 474
  CT Buf/Inv Cell Count:            0
  Combinational Cell Count:      1177
  Sequential Cell Count:            0
  Macro Count:                      0
  -----------------------------------


  Area
  -----------------------------------
  Combinational Area:
                     421699607.000000
  Noncombinational Area:     0.000000
  Buf/Inv Area:      108271080.000000
  Total Buffer Area:             0.00
  Total Inverter Area:   108271080.00
  Macro/Black Box Area:      0.000000
  Net Area:                  0.000000
  -----------------------------------
  Cell Area:         421699607.000000
  Design Area:       421699607.000000


  Design Rules
  -----------------------------------
  Total Number of Nets:          1205
  Nets With Violations:          1177
  Max Trans Violations:          1177
  Max Cap Violations:               0
  -----------------------------------


  Hostname: leoforos

  Compile CPU Statistics
  -----------------------------------------
  Resource Sharing:                    0.70
  Logic Optimization:                  0.08
  Mapping Optimization:                1.31
  -----------------------------------------
  Overall Compile Time:                5.19
  Overall Compile Wall Clock Time:     5.56

  --------------------------------------------------------------------

  Design  WNS: 0.00  TNS: 0.00  Number of Violating Paths: 0


  Design (Hold)  WNS: 0.00  TNS: 0.00  Number of Violating Paths: 0

  --------------------------------------------------------------------


1
