****************************************
Report : timing
	-path_type full
	-delay_type max
	-max_paths 1
	-sort_by slack
Design : top
Version: S-2021.06-SP1
Date   : Sun Dec  4 15:41:51 2022
****************************************


  Startpoint: inp[16] (input port clocked by clk)
  Endpoint: out[0] (output port clocked by clk)
  Path Group: clk
  Path Type: max

  Point                                    Incr       Path
  ---------------------------------------------------------------
  clock clk (rise edge)                   0.000      0.000
  clock network delay (ideal)             0.000      0.000
  input external delay                    0.000      0.000 r
  inp[16] (in)                            0.000      0.000 r
  U712/Y (INVX1)                       54760.000  54760.000 f
  U713/Y (NAND2X1)                     1294120.000
                                                  1348880.000 r
  U190/Y (AND2X1)                      2174184.000
                                                  3523064.000 r
  U191/Y (INVX1)                       715688.000 4238752.000 f
  U296/Y (AND2X1)                      2034872.000
                                                  6273624.000 f
  U297/Y (INVX1)                       -307616.000
                                                  5966008.000 r
  U491/Y (AND2X1)                      1842648.000
                                                  7808656.000 r
  U492/Y (INVX1)                       707936.000 8516592.000 f
  U728/Y (NAND2X1)                     918800.000 9435392.000 r
  U360/Y (AND2X1)                      1818704.000
                                                  11254096.000 r
  U361/Y (INVX1)                       725064.000 11979160.000 f
  U729/Y (INVX1)                       440496.000 12419656.000 r
  U473/Y (AND2X1)                      2198688.000
                                                  14618344.000 r
  U474/Y (INVX1)                       707936.000 15326280.000 f
  U435/Y (AND2X1)                      2458048.000
                                                  17784328.000 f
  U436/Y (INVX1)                       -1187464.000
                                                  16596864.000 r
  U587/Y (AND2X1)                      1881840.000
                                                  18478704.000 r
  U588/Y (INVX1)                       715848.000 19194552.000 f
  U751/Y (NAND2X1)                     1291712.000
                                                  20486264.000 r
  U156/Y (AND2X1)                      2174384.000
                                                  22660648.000 r
  U157/Y (INVX1)                       715840.000 23376488.000 f
  U763/Y (XOR2X1)                      5584216.000
                                                  28960704.000 r
  U788/Y (OR2X1)                       2290104.000
                                                  31250808.000 r
  U535/Y (AND2X1)                      2196632.000
                                                  33447440.000 r
  U536/Y (INVX1)                       708376.000 34155816.000 f
  U789/Y (NAND2X1)                     1291616.000
                                                  35447432.000 r
  U174/Y (AND2X1)                      2174392.000
                                                  37621824.000 r
  U175/Y (INVX1)                       715840.000 38337664.000 f
  U224/Y (AND2X1)                      2458056.000
                                                  40795720.000 f
  U225/Y (INVX1)                       -1187440.000
                                                  39608280.000 r
  U597/Y (AND2X1)                      1881840.000
                                                  41490120.000 r
  U598/Y (INVX1)                       707720.000 42197840.000 f
  U853/Y (OR2X1)                       2117888.000
                                                  44315728.000 f
  U527/Y (AND2X1)                      2434344.000
                                                  46750072.000 f
  U528/Y (INVX1)                       -1340648.000
                                                  45409424.000 r
  U358/Y (AND2X1)                      2199112.000
                                                  47608536.000 r
  U359/Y (INVX1)                       724984.000 48333520.000 f
  U858/Y (INVX1)                       440496.000 48774016.000 r
  U423/Y (AND2X1)                      2198688.000
                                                  50972704.000 r
  U424/Y (INVX1)                       707932.000 51680636.000 f
  U405/Y (NAND2X1)                     918800.000 52599436.000 r
  U591/Y (AND2X1)                      1818804.000
                                                  54418240.000 r
  U592/Y (INVX1)                       715848.000 55134088.000 f
  U862/Y (OR2X1)                       2117904.000
                                                  57251992.000 f
  U866/Y (AND2X1)                      2244368.000
                                                  59496360.000 f
  U867/Y (XOR2X1)                      5486604.000
                                                  64982964.000 r
  U148/Y (AND2X1)                      1820792.000
                                                  66803756.000 r
  U149/Y (INVX1)                       715572.000 67519328.000 f
  U429/Y (AND2X1)                      2034872.000
                                                  69554200.000 f
  U430/Y (INVX1)                       -1175416.000
                                                  68378784.000 r
  U421/Y (AND2X1)                      2198880.000
                                                  70577664.000 r
  U422/Y (INVX1)                       708992.000 71286656.000 f
  U1020/Y (XOR2X1)                     5587024.000
                                                  76873680.000 r
  U375/Y (XNOR2X1)                     6310368.000
                                                  83184048.000 r
  U376/Y (INVX1)                       821616.000 84005664.000 f
  U1033/Y (XOR2X1)                     4914720.000
                                                  88920384.000 r
  U1034/Y (OR2X1)                      2359944.000
                                                  91280328.000 r
  U533/Y (AND2X1)                      2196824.000
                                                  93477152.000 r
  U534/Y (INVX1)                       708312.000 94185464.000 f
  U1035/Y (NAND2X1)                    918872.000 95104336.000 r
  U302/Y (AND2X1)                      2174560.000
                                                  97278896.000 r
  U303/Y (INVX1)                       715784.000 97994680.000 f
  U449/Y (AND2X1)                      2458056.000
                                                  100452736.000 f
  U450/Y (INVX1)                       -1187440.000
                                                  99265296.000 r
  U152/Y (AND2X1)                      1881840.000
                                                  101147136.000 r
  U153/Y (INVX1)                       715632.000 101862768.000 f
  U110/Y (AND2X1)                      2034872.000
                                                  103897640.000 f
  U111/Y (INVX1)                       -1314992.000
                                                  102582648.000 r
  U1042/Y (NOR2X1)                     544640.000 103127288.000 f
  U216/Y (AND2X1)                      2441640.000
                                                  105568928.000 f
  U217/Y (INVX1)                       -1293528.000
                                                  104275400.000 r
  U521/Y (AND2X1)                      2199096.000
                                                  106474496.000 r
  U522/Y (INVX1)                       707576.000 107182072.000 f
  U1043/Y (NAND2X1)                    1285648.000
                                                  108467720.000 r
  U581/Y (AND2X1)                      2174552.000
                                                  110642272.000 r
  U582/Y (INVX1)                       715792.000 111358064.000 f
  U218/Y (AND2X1)                      2458056.000
                                                  113816120.000 f
  U219/Y (INVX1)                       -1187392.000
                                                  112628728.000 r
  U467/Y (AND2X1)                      2199072.000
                                                  114827800.000 r
  U468/Y (INVX1)                       707584.000 115535384.000 f
  U609/Y (AND2X1)                      2034880.000
                                                  117570264.000 f
  U610/Y (INVX1)                       -1340432.000
                                                  116229832.000 r
  U1045/Y (NOR2X1)                     550144.000 116779976.000 f
  out[0] (out)                            0.000   116779976.000 f
  data arrival time                               116779976.000

  clock clk (rise edge)                200000000.000
                                                  200000000.000
  clock network delay (ideal)             0.000   200000000.000
  clock reconvergence pessimism           0.000   200000000.000
  output external delay                   0.000   200000000.000
  data required time                              200000000.000
  ---------------------------------------------------------------
  data required time                              200000000.000
  data arrival time                               -116779976.000
  ---------------------------------------------------------------
  slack (MET)                                     83220024.000


1
