 
****************************************
Report : timing
        -path full
        -delay max
        -max_paths 1
Design : top
Version: S-2021.06-SP2
Date   : Sun Dec  4 15:41:46 2022
****************************************

Operating Conditions: TT   Library: PPDK_Standard_Library_1.0V_25C_TYP_X1
Wire Load Model Mode: top

  Startpoint: inp[16] (input port clocked by clk)
  Endpoint: out[0] (output port clocked by clk)
  Path Group: clk
  Path Type: max

  Point                                    Incr       Path
  -----------------------------------------------------------
  clock clk (rise edge)                   0.000      0.000
  clock network delay (ideal)             0.000      0.000
  input external delay                    0.000      0.000 r
  inp[16] (in)                            0.000      0.000 r
  U712/Y (INVX1)                       54761.258  54761.258 f
  U713/Y (NAND2X1)                     1294120.750
                                                  1348882.000 r
  U190/Y (AND2X1)                      2174208.000
                                                  3523090.000 r
  U191/Y (INVX1)                       715683.000 4238773.000 f
  U296/Y (AND2X1)                      2034873.000
                                                  6273646.000 f
  U297/Y (INVX1)                       -307599.000
                                                  5966047.000 r
  U491/Y (AND2X1)                      1842647.000
                                                  7808694.000 r
  U492/Y (INVX1)                       707932.000 8516626.000 f
  U728/Y (NAND2X1)                     918802.000 9435428.000 r
  U360/Y (AND2X1)                      1818697.000
                                                  11254125.000 r
  U361/Y (INVX1)                       725061.000 11979186.000 f
  U729/Y (INVX1)                       440491.000 12419677.000 r
  U473/Y (AND2X1)                      2198691.000
                                                  14618368.000 r
  U474/Y (INVX1)                       707933.000 15326301.000 f
  U435/Y (AND2X1)                      2458051.000
                                                  17784352.000 f
  U436/Y (INVX1)                       -1187453.000
                                                  16596899.000 r
  U587/Y (AND2X1)                      1881837.000
                                                  18478736.000 r
  U588/Y (INVX1)                       715842.000 19194578.000 f
  U751/Y (NAND2X1)                     1291714.000
                                                  20486292.000 r
  U156/Y (AND2X1)                      2174406.000
                                                  22660698.000 r
  U157/Y (INVX1)                       715836.000 23376534.000 f
  U763/Y (XOR2X1)                      5584220.000
                                                  28960754.000 r
  U788/Y (OR2X1)                       2290128.000
                                                  31250882.000 r
  U535/Y (AND2X1)                      2196642.000
                                                  33447524.000 r
  U536/Y (INVX1)                       708376.000 34155900.000 f
  U789/Y (NAND2X1)                     1291616.000
                                                  35447516.000 r
  U174/Y (AND2X1)                      2174416.000
                                                  37621932.000 r
  U175/Y (INVX1)                       715836.000 38337768.000 f
  U224/Y (AND2X1)                      2458056.000
                                                  40795824.000 f
  U225/Y (INVX1)                       -1187424.000
                                                  39608400.000 r
  U597/Y (AND2X1)                      1881836.000
                                                  41490236.000 r
  U598/Y (INVX1)                       707720.000 42197956.000 f
  U853/Y (OR2X1)                       2117892.000
                                                  44315848.000 f
  U527/Y (AND2X1)                      2434344.000
                                                  46750192.000 f
  U528/Y (INVX1)                       -1340636.000
                                                  45409556.000 r
  U358/Y (AND2X1)                      2199116.000
                                                  47608672.000 r
  U359/Y (INVX1)                       724988.000 48333660.000 f
  U858/Y (INVX1)                       440492.000 48774152.000 r
  U423/Y (AND2X1)                      2198692.000
                                                  50972844.000 r
  U424/Y (INVX1)                       707932.000 51680776.000 f
  U405/Y (NAND2X1)                     918800.000 52599576.000 r
  U591/Y (AND2X1)                      1818796.000
                                                  54418372.000 r
  U592/Y (INVX1)                       715840.000 55134212.000 f
  U862/Y (OR2X1)                       2117904.000
                                                  57252116.000 f
  U866/Y (AND2X1)                      2244368.000
                                                  59496484.000 f
  U867/Y (XOR2X1)                      5486660.000
                                                  64983144.000 r
  U148/Y (AND2X1)                      1820788.000
                                                  66803932.000 r
  U149/Y (INVX1)                       715564.000 67519496.000 f
  U429/Y (AND2X1)                      2034872.000
                                                  69554368.000 f
  U430/Y (INVX1)                       -1175400.000
                                                  68378968.000 r
  U421/Y (AND2X1)                      2198888.000
                                                  70577856.000 r
  U422/Y (INVX1)                       708984.000 71286840.000 f
  U1020/Y (XOR2X1)                     5587032.000
                                                  76873872.000 r
  U375/Y (XNOR2X1)                     6310336.000
                                                  83184208.000 r
  U376/Y (INVX1)                       821608.000 84005816.000 f
  U1033/Y (XOR2X1)                     4914728.000
                                                  88920544.000 r
  U1034/Y (OR2X1)                      2359952.000
                                                  91280496.000 r
  U533/Y (AND2X1)                      2196832.000
                                                  93477328.000 r
  U534/Y (INVX1)                       708312.000 94185640.000 f
  U1035/Y (NAND2X1)                    918864.000 95104504.000 r
  U302/Y (AND2X1)                      2174584.000
                                                  97279088.000 r
  U303/Y (INVX1)                       715784.000 97994872.000 f
  U449/Y (AND2X1)                      2458056.000
                                                  100452928.000 f
  U450/Y (INVX1)                       -1187424.000
                                                  99265504.000 r
  U152/Y (AND2X1)                      1881840.000
                                                  101147344.000 r
  U153/Y (INVX1)                       715624.000 101862968.000 f
  U110/Y (AND2X1)                      2034872.000
                                                  103897840.000 f
  U111/Y (INVX1)                       -1314976.000
                                                  102582864.000 r
  U1042/Y (NOR2X1)                     544640.000 103127504.000 f
  U216/Y (AND2X1)                      2441632.000
                                                  105569136.000 f
  U217/Y (INVX1)                       -1293520.000
                                                  104275616.000 r
  U521/Y (AND2X1)                      2199104.000
                                                  106474720.000 r
  U522/Y (INVX1)                       707576.000 107182296.000 f
  U1043/Y (NAND2X1)                    1285648.000
                                                  108467944.000 r
  U581/Y (AND2X1)                      2174584.000
                                                  110642528.000 r
  U582/Y (INVX1)                       715784.000 111358312.000 f
  U218/Y (AND2X1)                      2458056.000
                                                  113816368.000 f
  U219/Y (INVX1)                       -1187392.000
                                                  112628976.000 r
  U467/Y (AND2X1)                      2199080.000
                                                  114828056.000 r
  U468/Y (INVX1)                       707584.000 115535640.000 f
  U609/Y (AND2X1)                      2034872.000
                                                  117570512.000 f
  U610/Y (INVX1)                       -1340416.000
                                                  116230096.000 r
  U1045/Y (NOR2X1)                     550144.000 116780240.000 f
  out[0] (out)                            0.000   116780240.000 f
  data arrival time                               116780240.000

  clock clk (rise edge)                200000000.000
                                                  200000000.000
  clock network delay (ideal)             0.000   200000000.000
  output external delay                   0.000   200000000.000
  data required time                              200000000.000
  -----------------------------------------------------------
  data required time                              200000000.000
  data arrival time                               -116780240.000
  -----------------------------------------------------------
  slack (MET)                                     83219760.000


1
