 
****************************************
Report : area
Design : top
Version: S-2021.06-SP2
Date   : Tue Nov 29 17:27:29 2022
****************************************

Library(s) Used:

    PPDK_Standard_Library_1.0V_25C_TYP_X1 (File: /home/akokkinis/synLibs/egfet/db/EGFET_1.0V.db)

Number of ports:                           36
Number of nets:                          2449
Number of cells:                         2417
Number of combinational cells:           2417
Number of sequential cells:                 0
Number of macros/black boxes:               0
Number of buf/inv:                        578
Number of references:                       7

Combinational area:          837685243.000000
Buf/Inv area:                132026760.000000
Noncombinational area:               0.000000
Macro/Black Box area:                0.000000
Net Interconnect area:      undefined  (No wire load specified)

Total cell area:             837685243.000000
Total area:                 undefined
1
