Information: Updating design information... (UID-85)
 
****************************************
Report : qor
Design : top
Version: S-2021.06-SP2
Date   : Sun Dec 18 11:50:44 2022
****************************************


  Timing Path Group 'clk'
  -----------------------------------
  Levels of Logic:             132.00
  Critical Path Length:  198215760.00
  Critical Path Slack:     1784240.00
  Critical Path Clk Period:
                         200000000.00
  Total Negative Slack:          0.00
  No. of Violating Paths:        0.00
  Worst Hold Violation:          0.00
  Total Hold Violation:          0.00
  No. of Hold Violations:        0.00
  -----------------------------------


  Cell Count
  -----------------------------------
  Hierarchical Cell Count:          0
  Hierarchical Port Count:          0
  Leaf Cell Count:               3009
  Buf/Inv Cell Count:             626
  Buf Cell Count:                   0
  Inv Cell Count:                 626
  CT Buf/Inv Cell Count:            0
  Combinational Cell Count:      3009
  Sequential Cell Count:            0
  Macro Count:                      0
  -----------------------------------


  Area
  -----------------------------------
  Combinational Area:
                    1225741716.000000
  Noncombinational Area:     0.000000
  Buf/Inv Area:      142990920.000000
  Total Buffer Area:             0.00
  Total Inverter Area:   142990920.00
  Macro/Black Box Area:      0.000000
  Net Area:                  0.000000
  -----------------------------------
  Cell Area:        1225741716.000000
  Design Area:      1225741716.000000


  Design Rules
  -----------------------------------
  Total Number of Nets:          3089
  Nets With Violations:          3008
  Max Trans Violations:          3008
  Max Cap Violations:               0
  -----------------------------------


  Hostname: leoforos

  Compile CPU Statistics
  -----------------------------------------
  Resource Sharing:                    1.50
  Logic Optimization:                  0.16
  Mapping Optimization:                1.99
  -----------------------------------------
  Overall Compile Time:               19.80
  Overall Compile Wall Clock Time:    20.91

  --------------------------------------------------------------------

  Design  WNS: 0.00  TNS: 0.00  Number of Violating Paths: 0


  Design (Hold)  WNS: 0.00  TNS: 0.00  Number of Violating Paths: 0

  --------------------------------------------------------------------


1
