 
****************************************
Report : area
Design : top
Version: S-2021.06-SP2
Date   : Sun Dec 18 12:37:21 2022
****************************************

Library(s) Used:

    PPDK_Standard_Library_1.0V_25C_TYP_X1 (File: /home/akokkinis/synLibs/egfet/db/EGFET_1.0V.db)

Number of ports:                           86
Number of nets:                          3053
Number of cells:                         2969
Number of combinational cells:           2969
Number of sequential cells:                 0
Number of macros/black boxes:               0
Number of buf/inv:                        667
Number of references:                       7

Combinational area:         1224892217.000000
Buf/Inv area:                152356140.000000
Noncombinational area:               0.000000
Macro/Black Box area:                0.000000
Net Interconnect area:      undefined  (No wire load specified)

Total cell area:            1224892217.000000
Total area:                 undefined
1
