****************************************
Report : timing
	-path_type full
	-delay_type max
	-max_paths 1
	-sort_by slack
Design : top
Version: S-2021.06-SP1
Date   : Sun Dec 18 12:32:35 2022
****************************************


  Startpoint: inp[34] (input port clocked by clk)
  Endpoint: out[0] (output port clocked by clk)
  Path Group: clk
  Path Type: max

  Point                                    Incr       Path
  ---------------------------------------------------------------
  clock clk (rise edge)                   0.000      0.000
  clock network delay (ideal)             0.000      0.000
  input external delay                    0.000      0.000 r
  inp[34] (in)                            0.000      0.000 r
  U1001/Y (INVX1)                      54768.000  54768.000 f
  U1832/Y (NAND2X1)                    1294128.000
                                                  1348896.000 r
  U1833/Y (NAND2X1)                    1127600.000
                                                  2476496.000 f
  U1834/Y (AND2X1)                     2246224.000
                                                  4722720.000 f
  U1838/Y (XOR2X1)                     5248336.000
                                                  9971056.000 r
  U497/Y (AND2X1)                      2174512.000
                                                  12145568.000 r
  U498/Y (INVX1)                       715584.000 12861152.000 f
  U1839/Y (NAND2X1)                    1297376.000
                                                  14158528.000 r
  U1840/Y (XOR2X1)                     4758384.000
                                                  18916912.000 f
  U1841/Y (XOR2X1)                     5974544.000
                                                  24891456.000 r
  U1872/Y (XOR2X1)                     4231840.000
                                                  29123296.000 f
  U1873/Y (OR2X1)                      2058384.000
                                                  31181680.000 f
  U1874/Y (NAND2X1)                    1752576.000
                                                  32934256.000 r
  U1875/Y (INVX1)                      1073936.000
                                                  34008192.000 f
  U1876/Y (NAND2X1)                    1290352.000
                                                  35298544.000 r
  U1883/Y (NAND2X1)                    850496.000 36149040.000 f
  U1884/Y (NAND2X1)                    1400176.000
                                                  37549216.000 r
  U1885/Y (AND2X1)                     2790160.000
                                                  40339376.000 r
  U155/Y (AND2X1)                      2173872.000
                                                  42513248.000 r
  U156/Y (INVX1)                       715792.000 43229040.000 f
  U1886/Y (NAND2X1)                    930080.000 44159120.000 r
  U1889/Y (XOR2X1)                     4270432.000
                                                  48429552.000 f
  U2122/Y (XOR2X1)                     5415824.000
                                                  53845376.000 r
  U2123/Y (INVX1)                      1266624.000
                                                  55112000.000 f
  U2125/Y (XOR2X1)                     5590984.000
                                                  60702984.000 r
  U2126/Y (XOR2X1)                     4751720.000
                                                  65454704.000 f
  U2129/Y (NAND2X1)                    836952.000 66291656.000 r
  U2130/Y (NAND2X1)                    1156848.000
                                                  67448504.000 f
  U2134/Y (NAND2X1)                    885192.000 68333696.000 r
  U557/Y (AND2X1)                      1795456.000
                                                  70129152.000 r
  U558/Y (INVX1)                       715864.000 70845016.000 f
  U2136/Y (NAND2X1)                    1362952.000
                                                  72207968.000 r
  U2138/Y (INVX1)                      1073528.000
                                                  73281496.000 f
  U2139/Y (NAND2X1)                    924944.000 74206440.000 r
  U401/Y (AND2X1)                      1795400.000
                                                  76001840.000 r
  U402/Y (INVX1)                       715160.000 76717000.000 f
  U2179/Y (NAND2X1)                    1362952.000
                                                  78079952.000 r
  U2181/Y (INVX1)                      1097032.000
                                                  79176984.000 f
  U2182/Y (NAND2X1)                    924976.000 80101960.000 r
  U2193/Y (NAND2X1)                    866016.000 80967976.000 f
  U2194/Y (NAND2X1)                    1752632.000
                                                  82720608.000 r
  U2195/Y (INVX1)                      1116448.000
                                                  83837056.000 f
  U2198/Y (NAND2X1)                    1290192.000
                                                  85127248.000 r
  U2212/Y (NAND2X1)                    849416.000 85976664.000 f
  U2213/Y (XOR2X1)                     5335056.000
                                                  91311720.000 r
  U2216/Y (NAND2X1)                    930280.000 92242000.000 f
  U2262/Y (INVX1)                      -559528.000
                                                  91682472.000 r
  U2264/Y (NAND2X1)                    800824.000 92483296.000 f
  U2265/Y (OR2X1)                      2087648.000
                                                  94570944.000 f
  U2266/Y (AND2X1)                     2254256.000
                                                  96825200.000 f
  U2272/Y (XOR2X1)                     5486944.000
                                                  102312144.000 r
  U99/Y (AND2X1)                       1819816.000
                                                  104131960.000 r
  U100/Y (INVX1)                       710464.000 104842424.000 f
  U2284/Y (NAND2X1)                    930056.000 105772480.000 r
  U728/Y (XNOR2X1)                     5372184.000
                                                  111144664.000 r
  U729/Y (INVX1)                       1009792.000
                                                  112154456.000 f
  U2698/Y (XOR2X1)                     4917480.000
                                                  117071936.000 r
  U237/Y (XNOR2X1)                     6334848.000
                                                  123406784.000 r
  U238/Y (INVX1)                       998016.000 124404800.000 f
  U2849/Y (NAND2X1)                    919088.000 125323888.000 r
  U415/Y (AND2X1)                      1794288.000
                                                  127118176.000 r
  U416/Y (INVX1)                       715168.000 127833344.000 f
  U2852/Y (NAND2X1)                    1362936.000
                                                  129196280.000 r
  U2853/Y (INVX1)                      1069448.000
                                                  130265728.000 f
  U2854/Y (NAND2X1)                    1284384.000
                                                  131550112.000 r
  U411/Y (AND2X1)                      1819056.000
                                                  133369168.000 r
  U412/Y (INVX1)                       715168.000 134084336.000 f
  U2856/Y (NAND2X1)                    1362944.000
                                                  135447280.000 r
  U2857/Y (INVX1)                      1216864.000
                                                  136664144.000 f
  U2858/Y (NAND2X1)                    1283872.000
                                                  137948016.000 r
  U413/Y (AND2X1)                      1819168.000
                                                  139767184.000 r
  U414/Y (INVX1)                       715168.000 140482352.000 f
  U2860/Y (NAND2X1)                    1362944.000
                                                  141845296.000 r
  U2861/Y (INVX1)                      1216864.000
                                                  143062160.000 f
  U2862/Y (NAND2X1)                    1283888.000
                                                  144346048.000 r
  U399/Y (AND2X1)                      1819152.000
                                                  146165200.000 r
  U400/Y (INVX1)                       715168.000 146880368.000 f
  U2866/Y (NAND2X1)                    1285616.000
                                                  148165984.000 r
  U2867/Y (NAND2X1)                    1126384.000
                                                  149292368.000 f
  U2870/Y (NAND2X1)                    887104.000 150179472.000 r
  U2873/Y (OR2X1)                      2560736.000
                                                  152740208.000 r
  U2874/Y (NAND2X1)                    805040.000 153545248.000 f
  U2876/Y (NAND2X1)                    886160.000 154431408.000 r
  U379/Y (AND2X1)                      2165088.000
                                                  156596496.000 r
  U380/Y (INVX1)                       736016.000 157332512.000 f
  U2877/Y (INVX1)                      1005344.000
                                                  158337856.000 r
  U2885/Y (NAND2X1)                    1099552.000
                                                  159437408.000 f
  U2887/Y (NAND2X1)                    888832.000 160326240.000 r
  U2894/Y (OR2X1)                      2560880.000
                                                  162887120.000 r
  U2895/Y (NAND2X1)                    1047280.000
                                                  163934400.000 f
  U2896/Y (OR2X1)                      2092608.000
                                                  166027008.000 f
  U547/Y (AND2X1)                      2048144.000
                                                  168075152.000 f
  U548/Y (INVX1)                       -1452512.000
                                                  166622640.000 r
  U2899/Y (NAND2X1)                    928768.000 167551408.000 f
  U2900/Y (INVX1)                      -562384.000
                                                  166989024.000 r
  U627/Y (AND2X1)                      2198928.000
                                                  169187952.000 r
  U628/Y (INVX1)                       707632.000 169895584.000 f
  U2904/Y (NAND2X1)                    1285648.000
                                                  171181232.000 r
  U2907/Y (NAND2X1)                    848304.000 172029536.000 f
  U2908/Y (NAND2X1)                    1394656.000
                                                  173424192.000 r
  U2909/Y (NAND2X1)                    866848.000 174291040.000 f
  U2913/Y (OR2X1)                      2092432.000
                                                  176383472.000 f
  U2914/Y (NAND2X1)                    1425760.000
                                                  177809232.000 r
  U2916/Y (OR2X1)                      2657088.000
                                                  180466320.000 r
  U549/Y (AND2X1)                      1883568.000
                                                  182349888.000 r
  U550/Y (INVX1)                       715792.000 183065680.000 f
  U2919/Y (NAND2X1)                    924544.000 183990224.000 r
  U2924/Y (OR2X1)                      2594928.000
                                                  186585152.000 r
  U2925/Y (NAND2X1)                    1047920.000
                                                  187633072.000 f
  U2926/Y (NAND2X1)                    1380000.000
                                                  189013072.000 r
  U2928/Y (NAND2X1)                    863568.000 189876640.000 f
  U2929/Y (NOR2X1)                     1184096.000
                                                  191060736.000 r
  out[0] (out)                            0.000   191060736.000 r
  data arrival time                               191060736.000

  clock clk (rise edge)                200000000.000
                                                  200000000.000
  clock network delay (ideal)             0.000   200000000.000
  clock reconvergence pessimism           0.000   200000000.000
  output external delay                   0.000   200000000.000
  data required time                              200000000.000
  ---------------------------------------------------------------
  data required time                              200000000.000
  data arrival time                               -191060736.000
  ---------------------------------------------------------------
  slack (MET)                                     8939264.000


1
