 
****************************************
Report : area
Design : top
Version: S-2021.06-SP2
Date   : Fri Dec 16 10:32:56 2022
****************************************

Library(s) Used:

    PPDK_Standard_Library_0.6V_25C_TYP_X1 (File: /home/akokkinis/synLibs/egfet/db/EGFET_0.6V.db)

Number of ports:                           47
Number of nets:                           904
Number of cells:                          868
Number of combinational cells:            868
Number of sequential cells:                 0
Number of macros/black boxes:               0
Number of buf/inv:                        258
Number of references:                       6

Combinational area:          332710131.000000
Buf/Inv area:                 58932360.000000
Noncombinational area:               0.000000
Macro/Black Box area:                0.000000
Net Interconnect area:      undefined  (No wire load specified)

Total cell area:             332710131.000000
Total area:                 undefined
1
