 
****************************************
Report : timing
        -path full
        -delay max
        -max_paths 1
Design : top
Version: S-2021.06-SP2
Date   : Sat Dec  3 11:50:22 2022
****************************************

Operating Conditions: TT   Library: PPDK_Standard_Library_1.0V_25C_TYP_X1
Wire Load Model Mode: top

  Startpoint: inp[4] (input port clocked by clk)
  Endpoint: out[0] (output port clocked by clk)
  Path Group: clk
  Path Type: max

  Point                                    Incr       Path
  -----------------------------------------------------------
  clock clk (rise edge)                   0.000      0.000
  clock network delay (ideal)             0.000      0.000
  input external delay                    0.000      0.000 f
  inp[4] (in)                             0.000      0.000 f
  U711/Y (INVX1)                       627451.688 627451.688 r
  U528/Y (AND2X1)                      2197164.750
                                                  2824616.500 r
  U529/Y (INVX1)                       708651.500 3533268.000 f
  U611/Y (AND2X1)                      2039327.000
                                                  5572595.000 f
  U612/Y (INVX1)                       -1260019.500
                                                  4312575.500 r
  U758/Y (XOR2X1)                      4512686.500
                                                  8825262.000 f
  U121/Y (AND2X1)                      2058544.000
                                                  10883806.000 f
  U122/Y (INVX1)                       -1312520.000
                                                  9571286.000 r
  U139/Y (AND2X1)                      1881913.000
                                                  11453199.000 r
  U140/Y (INVX1)                       715801.000 12169000.000 f
  U161/Y (AND2X1)                      2458056.000
                                                  14627056.000 f
  U162/Y (INVX1)                       -1175219.000
                                                  13451837.000 r
  U211/Y (AND2X1)                      2198886.000
                                                  15650723.000 r
  U212/Y (INVX1)                       707646.000 16358369.000 f
  U803/Y (NAND2X1)                     1291619.000
                                                  17649988.000 r
  U805/Y (OR2X1)                       2330200.000
                                                  19980188.000 r
  U410/Y (AND2X1)                      2199506.000
                                                  22179694.000 r
  U411/Y (INVX1)                       707662.000 22887356.000 f
  U345/Y (XNOR2X1)                     6004238.000
                                                  28891594.000 f
  U346/Y (INVX1)                       -1193060.000
                                                  27698534.000 r
  U420/Y (AND2X1)                      1880854.000
                                                  29579388.000 r
  U421/Y (INVX1)                       707454.000 30286842.000 f
  U807/Y (NAND2X1)                     1291610.000
                                                  31578452.000 r
  U811/Y (OR2X1)                       2330208.000
                                                  33908660.000 r
  U424/Y (AND2X1)                      2199508.000
                                                  36108168.000 r
  U425/Y (INVX1)                       707444.000 36815612.000 f
  U819/Y (NAND2X1)                     1291608.000
                                                  38107220.000 r
  U825/Y (OR2X1)                       2330220.000
                                                  40437440.000 r
  U456/Y (AND2X1)                      2199508.000
                                                  42636948.000 r
  U457/Y (INVX1)                       707444.000 43344392.000 f
  U826/Y (NAND2X1)                     1291620.000
                                                  44636012.000 r
  U827/Y (OR2X1)                       2330216.000
                                                  46966228.000 r
  U440/Y (AND2X1)                      2199508.000
                                                  49165736.000 r
  U441/Y (INVX1)                       707444.000 49873180.000 f
  U829/Y (NAND2X1)                     1357288.000
                                                  51230468.000 r
  U365/Y (INVX1)                       1109328.000
                                                  52339796.000 f
  U366/Y (INVX1)                       450472.000 52790268.000 r
  U837/Y (AND2X1)                      1313096.000
                                                  54103364.000 r
  U470/Y (AND2X1)                      1895276.000
                                                  55998640.000 r
  U840/Y (NOR2X1)                      81060.000  56079700.000 f
  U219/Y (AND2X1)                      2441472.000
                                                  58521172.000 f
  U220/Y (INVX1)                       -1294568.000
                                                  57226604.000 r
  U61/Y (AND2X1)                       2199104.000
                                                  59425708.000 r
  U62/Y (INVX1)                        726824.000 60152532.000 f
  U385/Y (INVX1)                       965260.000 61117792.000 r
  U386/Y (INVX1)                       663768.000 61781560.000 f
  U841/Y (INVX1)                       510856.000 62292416.000 r
  U1254/Y (XOR2X1)                     2321320.000
                                                  64613736.000 r
  U1255/Y (NAND2X1)                    850256.000 65463992.000 f
  U1256/Y (NAND2X1)                    1345244.000
                                                  66809236.000 r
  U1257/Y (INVX1)                      1022108.000
                                                  67831344.000 f
  U1265/Y (NAND2X1)                    1284888.000
                                                  69116232.000 r
  U1266/Y (NAND2X1)                    1126216.000
                                                  70242448.000 f
  U1267/Y (NAND2X1)                    1399288.000
                                                  71641736.000 r
  U1268/Y (OR2X1)                      2580432.000
                                                  74222168.000 r
  U416/Y (AND2X1)                      2199584.000
                                                  76421752.000 r
  U417/Y (INVX1)                       707416.000 77129168.000 f
  U1270/Y (NAND2X1)                    924544.000 78053712.000 r
  U1273/Y (OR2X1)                      2331016.000
                                                  80384728.000 r
  U436/Y (AND2X1)                      2199472.000
                                                  82584200.000 r
  U437/Y (INVX1)                       707680.000 83291880.000 f
  U1276/Y (NAND2X1)                    1291728.000
                                                  84583608.000 r
  U500/Y (AND2X1)                      1818328.000
                                                  86401936.000 r
  U501/Y (INVX1)                       715592.000 87117528.000 f
  U1279/Y (NAND2X1)                    1291576.000
                                                  88409104.000 r
  U1280/Y (OR2X1)                      2330136.000
                                                  90739240.000 r
  U432/Y (AND2X1)                      2199504.000
                                                  92938744.000 r
  U433/Y (INVX1)                       707664.000 93646408.000 f
  U285/Y (XNOR2X1)                     6004240.000
                                                  99650648.000 f
  U286/Y (INVX1)                       -252448.000
                                                  99398200.000 r
  U516/Y (AND2X1)                      1842656.000
                                                  101240856.000 r
  U517/Y (INVX1)                       715560.000 101956416.000 f
  U279/Y (AND2X1)                      2458080.000
                                                  104414496.000 f
  U280/Y (INVX1)                       -229824.000
                                                  104184672.000 r
  U1394/Y (INVX1)                      651872.000 104836544.000 f
  U1395/Y (NAND2X1)                    1285832.000
                                                  106122376.000 r
  U1403/Y (NAND2X1)                    848320.000 106970696.000 f
  U1405/Y (NAND2X1)                    1345392.000
                                                  108316088.000 r
  U1411/Y (INVX1)                      1116608.000
                                                  109432696.000 f
  U1412/Y (NAND2X1)                    1284240.000
                                                  110716936.000 r
  U1413/Y (NAND2X1)                    1127392.000
                                                  111844328.000 f
  U1420/Y (NOR2X1)                     1194968.000
                                                  113039296.000 r
  U101/Y (AND2X1)                      1837176.000
                                                  114876472.000 r
  U102/Y (INVX1)                       718520.000 115594992.000 f
  U401/Y (AND2X1)                      2034872.000
                                                  117629864.000 f
  U390/Y (INVX1)                       -328136.000
                                                  117301728.000 r
  U641/Y (INVX1)                       669992.000 117971720.000 f
  U1549/Y (XOR2X1)                     4951752.000
                                                  122923472.000 r
  U1550/Y (NAND2X1)                    849440.000 123772912.000 f
  U1551/Y (NAND2X1)                    1390056.000
                                                  125162968.000 r
  U422/Y (AND2X1)                      1796416.000
                                                  126959384.000 r
  U423/Y (INVX1)                       707336.000 127666720.000 f
  U1553/Y (NAND2X1)                    1285632.000
                                                  128952352.000 r
  U85/Y (AND2X1)                       1818776.000
                                                  130771128.000 r
  U86/Y (INVX1)                        718520.000 131489648.000 f
  U187/Y (AND2X1)                      2034872.000
                                                  133524520.000 f
  U188/Y (INVX1)                       -1291480.000
                                                  132233040.000 r
  U1557/Y (NAND2X1)                    800480.000 133033520.000 f
  U1558/Y (NAND2X1)                    1394656.000
                                                  134428176.000 r
  U1561/Y (NAND2X1)                    866816.000 135294992.000 f
  U1563/Y (NOR2X1)                     1195024.000
                                                  136490016.000 r
  U1567/Y (NOR2X1)                     101696.000 136591712.000 f
  U1569/Y (NAND2X1)                    885408.000 137477120.000 r
  U1570/Y (NAND2X1)                    1152160.000
                                                  138629280.000 f
  U1572/Y (NAND2X1)                    1336032.000
                                                  139965312.000 r
  U343/Y (INVX1)                       982512.000 140947824.000 f
  U344/Y (INVX1)                       445296.000 141393120.000 r
  U1580/Y (NAND2X1)                    1051792.000
                                                  142444912.000 f
  U1581/Y (NAND2X1)                    1380720.000
                                                  143825632.000 r
  U1582/Y (NAND2X1)                    863712.000 144689344.000 f
  U1583/Y (NAND2X1)                    1390496.000
                                                  146079840.000 r
  U1584/Y (NOR2X1)                     -311616.000
                                                  145768224.000 f
  U1585/Y (NOR2X1)                     1201440.000
                                                  146969664.000 r
  U1591/Y (NOR2X1)                     96688.000  147066352.000 f
  U1599/Y (NOR2X1)                     1195584.000
                                                  148261936.000 r
  U1601/Y (NAND2X1)                    834432.000 149096368.000 f
  U1602/Y (NAND2X1)                    1399264.000
                                                  150495632.000 r
  U223/Y (AND2X1)                      1795440.000
                                                  152291072.000 r
  U224/Y (INVX1)                       715616.000 153006688.000 f
  U235/Y (AND2X1)                      2458080.000
                                                  155464768.000 f
  U236/Y (INVX1)                       -1187200.000
                                                  154277568.000 r
  U1608/Y (NOR2X1)                     549168.000 154826736.000 f
  out[0] (out)                            0.000   154826736.000 f
  data arrival time                               154826736.000

  clock clk (rise edge)                200000000.000
                                                  200000000.000
  clock network delay (ideal)             0.000   200000000.000
  output external delay                   0.000   200000000.000
  data required time                              200000000.000
  -----------------------------------------------------------
  data required time                              200000000.000
  data arrival time                               -154826736.000
  -----------------------------------------------------------
  slack (MET)                                     45173264.000


1
