****************************************
Report : timing
	-path_type full
	-delay_type max
	-max_paths 1
	-sort_by slack
Design : top
Version: S-2021.06-SP1
Date   : Fri Dec 16 13:07:49 2022
****************************************


  Startpoint: inp[5] (input port clocked by clk)
  Endpoint: out[0] (output port clocked by clk)
  Path Group: clk
  Path Type: max

  Point                                    Incr       Path
  ---------------------------------------------------------------
  clock clk (rise edge)                   0.000      0.000
  clock network delay (ideal)             0.000      0.000
  input external delay                    0.000      0.000 r
  inp[5] (in)                             0.000      0.000 r
  U1127/Y (INVX1)                      56032.000  56032.000 f
  U1855/Y (NAND2X1)                    1288496.000
                                                  1344528.000 r
  U1856/Y (AND2X1)                     2568704.000
                                                  3913232.000 r
  U329/Y (AND2X1)                      2178032.000
                                                  6091264.000 r
  U330/Y (INVX1)                       714432.000 6805696.000 f
  U1880/Y (NAND2X1)                    930064.000 7735760.000 r
  U1881/Y (XOR2X1)                     4831024.000
                                                  12566784.000 f
  U1882/Y (XOR2X1)                     5091408.000
                                                  17658192.000 r
  U1886/Y (XOR2X1)                     4329408.000
                                                  21987600.000 f
  U1887/Y (XOR2X1)                     5094544.000
                                                  27082144.000 r
  U1888/Y (XOR2X1)                     4764464.000
                                                  31846608.000 f
  U1890/Y (XOR2X1)                     5748432.000
                                                  37595040.000 r
  U1909/Y (NAND2X1)                    846240.000 38441280.000 f
  U1910/Y (AND2X1)                     1860256.000
                                                  40301536.000 f
  U1911/Y (XOR2X1)                     5259504.000
                                                  45561040.000 r
  U1912/Y (XOR2X1)                     4744832.000
                                                  50305872.000 f
  U1915/Y (XOR2X1)                     5748736.000
                                                  56054608.000 r
  U1916/Y (XOR2X1)                     4343696.000
                                                  60398304.000 f
  U1966/Y (XOR2X1)                     5963152.000
                                                  66361456.000 r
  U945/Y (AND2X1)                      1781936.000
                                                  68143392.000 r
  U946/Y (INVX1)                       707856.000 68851248.000 f
  U2026/Y (NAND2X1)                    918816.000 69770064.000 r
  U2027/Y (NAND2X1)                    1153184.000
                                                  70923248.000 f
  U2028/Y (XOR2X1)                     5352208.000
                                                  76275456.000 r
  U819/Y (AND2X1)                      2174512.000
                                                  78449968.000 r
  U820/Y (INVX1)                       715584.000 79165552.000 f
  U2043/Y (NAND2X1)                    1297536.000
                                                  80463088.000 r
  U2046/Y (AND2X1)                     908496.000 81371584.000 r
  U2051/Y (NAND2X1)                    929040.000 82300624.000 f
  U544/Y (INVX1)                       234992.000 82535616.000 r
  U545/Y (INVX1)                       647168.000 83182784.000 f
  U2294/Y (NAND2X1)                    918624.000 84101408.000 r
  U2295/Y (OR2X1)                      2546944.000
                                                  86648352.000 r
  U570/Y (AND2X1)                      2198944.000
                                                  88847296.000 r
  U571/Y (INVX1)                       726368.000 89573664.000 f
  U2319/Y (XOR2X1)                     5564176.000
                                                  95137840.000 r
  U869/Y (AND2X1)                      2175024.000
                                                  97312864.000 r
  U870/Y (INVX1)                       715408.000 98028272.000 f
  U2320/Y (NAND2X1)                    930064.000 98958336.000 r
  U534/Y (XNOR2X1)                     6443152.000
                                                  105401488.000 r
  U535/Y (INVX1)                       964848.000 106366336.000 f
  U2384/Y (XOR2X1)                     4959248.000
                                                  111325584.000 r
  U601/Y (XNOR2X1)                     6361752.000
                                                  117687336.000 r
  U385/Y (AND2X1)                      2170184.000
                                                  119857520.000 r
  U386/Y (INVX1)                       716992.000 120574512.000 f
  U3443/Y (NAND2X1)                    1752768.000
                                                  122327280.000 r
  U3444/Y (INVX1)                      1216880.000
                                                  123544160.000 f
  U3445/Y (NAND2X1)                    1283888.000
                                                  124828048.000 r
  U983/Y (AND2X1)                      2174704.000
                                                  127002752.000 r
  U984/Y (INVX1)                       715520.000 127718272.000 f
  U3450/Y (NAND2X1)                    1752768.000
                                                  129471040.000 r
  U3451/Y (INVX1)                      1216872.000
                                                  130687912.000 f
  U3452/Y (NAND2X1)                    1283888.000
                                                  131971800.000 r
  U965/Y (AND2X1)                      2174704.000
                                                  134146504.000 r
  U966/Y (INVX1)                       715512.000 134862016.000 f
  U3455/Y (NAND2X1)                    918880.000 135780896.000 r
  U3458/Y (NAND2X1)                    867232.000 136648128.000 f
  U3459/Y (NAND2X1)                    1394720.000
                                                  138042848.000 r
  U3460/Y (NOR2X1)                     -320832.000
                                                  137722016.000 f
  U3461/Y (NAND2X1)                    1397472.000
                                                  139119488.000 r
  U626/Y (AND2X1)                      2165248.000
                                                  141284736.000 r
  U574/Y (INVX1)                       737584.000 142022320.000 f
  U1115/Y (INVX1)                      472432.000 142494752.000 r
  U3474/Y (NAND2X1)                    1054720.000
                                                  143549472.000 f
  U460/Y (AND2X1)                      2044208.000
                                                  145593680.000 f
  U461/Y (INVX1)                       -294896.000
                                                  145298784.000 r
  U3476/Y (INVX1)                      656928.000 145955712.000 f
  U3480/Y (NAND2X1)                    918816.000 146874528.000 r
  U3485/Y (NAND2X1)                    848096.000 147722624.000 f
  U3487/Y (NAND2X1)                    885248.000 148607872.000 r
  U3493/Y (OR2X1)                      2606848.000
                                                  151214720.000 r
  U3494/Y (NAND2X1)                    1050560.000
                                                  152265280.000 f
  U3495/Y (OR2X1)                      2092496.000
                                                  154357776.000 f
  U987/Y (AND2X1)                      2434384.000
                                                  156792160.000 f
  U988/Y (INVX1)                       -1340480.000
                                                  155451680.000 r
  U3498/Y (NAND2X1)                    802112.000 156253792.000 f
  U3503/Y (OR2X1)                      2087904.000
                                                  158341696.000 f
  U979/Y (AND2X1)                      2434368.000
                                                  160776064.000 f
  U980/Y (INVX1)                       -1340448.000
                                                  159435616.000 r
  U3506/Y (NAND2X1)                    802112.000 160237728.000 f
  U3509/Y (OR2X1)                      2088976.000
                                                  162326704.000 f
  U3510/Y (NAND2X1)                    1752544.000
                                                  164079248.000 r
  U3511/Y (INVX1)                      1073776.000
                                                  165153024.000 f
  U3516/Y (NAND2X1)                    919296.000 166072320.000 r
  U971/Y (AND2X1)                      2165440.000
                                                  168237760.000 r
  U972/Y (INVX1)                       718528.000 168956288.000 f
  U3520/Y (NAND2X1)                    924544.000 169880832.000 r
  U3521/Y (NAND2X1)                    1151072.000
                                                  171031904.000 f
  U3522/Y (NAND2X1)                    879584.000 171911488.000 r
  U3523/Y (NAND2X1)                    850112.000 172761600.000 f
  U606/Y (NAND2X1)                     1384640.000
                                                  174146240.000 r
  U593/Y (INVX1)                       1131984.000
                                                  175278224.000 f
  U594/Y (INVX1)                       969104.000 176247328.000 r
  U3526/Y (INVX1)                      646752.000 176894080.000 f
  U3537/Y (NAND2X1)                    1286832.000
                                                  178180912.000 r
  U3538/Y (NAND2X1)                    1229200.000
                                                  179410112.000 f
  U502/Y (INVX1)                       226400.000 179636512.000 r
  U503/Y (INVX1)                       646688.000 180283200.000 f
  U3542/Y (NOR2X1)                     1157696.000
                                                  181440896.000 r
  U3546/Y (NOR2X1)                     151360.000 181592256.000 f
  U3550/Y (NAND2X1)                    880624.000 182472880.000 r
  U3552/Y (NAND2X1)                    867696.000 183340576.000 f
  U3557/Y (OR2X1)                      2088992.000
                                                  185429568.000 f
  U3558/Y (NAND2X1)                    1429216.000
                                                  186858784.000 r
  U3559/Y (OR2X1)                      2665232.000
                                                  189524016.000 r
  U3560/Y (NAND2X1)                    804864.000 190328880.000 f
  U3562/Y (NAND2X1)                    1341808.000
                                                  191670688.000 r
  U3563/Y (INVX1)                      1094336.000
                                                  192765024.000 f
  U3568/Y (NAND2X1)                    919328.000 193684352.000 r
  U3573/Y (NAND2X1)                    848096.000 194532448.000 f
  U3575/Y (NAND2X1)                    879600.000 195412048.000 r
  U3576/Y (NAND2X1)                    1156080.000
                                                  196568128.000 f
  U3580/Y (NAND2X1)                    1341728.000
                                                  197909856.000 r
  U3581/Y (INVX1)                      1116480.000
                                                  199026336.000 f
  U3586/Y (NAND2X1)                    919344.000 199945680.000 r
  U3591/Y (NAND2X1)                    866032.000 200811712.000 f
  U3594/Y (NAND2X1)                    885296.000 201697008.000 r
  U3595/Y (NAND2X1)                    863728.000 202560736.000 f
  U3596/Y (NAND2X1)                    886048.000 203446784.000 r
  U627/Y (AND2X1)                      1797984.000
                                                  205244768.000 r
  U579/Y (INVX1)                       735456.000 205980224.000 f
  U1120/Y (INVX1)                      1040688.000
                                                  207020912.000 r
  U628/Y (INVX1)                       694784.000 207715696.000 f
  U3610/Y (NAND2X1)                    918464.000 208634160.000 r
  U3611/Y (NAND2X1)                    1127808.000
                                                  209761968.000 f
  U3621/Y (OR2X1)                      2088992.000
                                                  211850960.000 f
  U3622/Y (NAND2X1)                    1425232.000
                                                  213276192.000 r
  U3626/Y (OR2X1)                      2655792.000
                                                  215931984.000 r
  U3629/Y (NAND2X1)                    797152.000 216729136.000 f
  U3631/Y (NAND2X1)                    885504.000 217614640.000 r
  U3632/Y (OR2X1)                      2607008.000
                                                  220221648.000 r
  U3637/Y (NAND2X1)                    797232.000 221018880.000 f
  U3639/Y (NAND2X1)                    885520.000 221904400.000 r
  U3643/Y (OR2X1)                      2607584.000
                                                  224511984.000 r
  U3647/Y (NAND2X1)                    797072.000 225309056.000 f
  U3649/Y (NAND2X1)                    885200.000 226194256.000 r
  U3650/Y (OR2X1)                      2607552.000
                                                  228801808.000 r
  U3654/Y (NAND2X1)                    797440.000 229599248.000 f
  U3656/Y (NAND2X1)                    885504.000 230484752.000 r
  U3660/Y (OR2X1)                      2607616.000
                                                  233092368.000 r
  U3665/Y (NAND2X1)                    797056.000 233889424.000 f
  U3667/Y (NAND2X1)                    885520.000 234774944.000 r
  U3668/Y (OR2X1)                      2607552.000
                                                  237382496.000 r
  U3670/Y (NAND2X1)                    797440.000 238179936.000 f
  U3672/Y (NAND2X1)                    888368.000 239068304.000 r
  U3677/Y (OR2X1)                      2607616.000
                                                  241675920.000 r
  U1089/Y (AND2X1)                     2202880.000
                                                  243878800.000 r
  U399/Y (AND2X1)                      2181472.000
                                                  246060272.000 r
  U400/Y (INVX1)                       713312.000 246773584.000 f
  U3686/Y (NAND2X1)                    913216.000 247686800.000 r
  out[0] (out)                            0.000   247686800.000 r
  data arrival time                               247686800.000

  clock clk (rise edge)                250000000.000
                                                  250000000.000
  clock network delay (ideal)             0.000   250000000.000
  clock reconvergence pessimism           0.000   250000000.000
  output external delay                   0.000   250000000.000
  data required time                              250000000.000
  ---------------------------------------------------------------
  data required time                              250000000.000
  data arrival time                               -247686800.000
  ---------------------------------------------------------------
  slack (MET)                                     2313200.000


1
