Information: Updating design information... (UID-85)
 
****************************************
Report : qor
Design : top
Version: S-2021.06-SP2
Date   : Sun Dec 18 11:51:20 2022
****************************************


  Timing Path Group 'clk'
  -----------------------------------
  Levels of Logic:             124.00
  Critical Path Length:  172015696.00
  Critical Path Slack:    27984304.00
  Critical Path Clk Period:
                         200000000.00
  Total Negative Slack:          0.00
  No. of Violating Paths:        0.00
  Worst Hold Violation:          0.00
  Total Hold Violation:          0.00
  No. of Hold Violations:        0.00
  -----------------------------------


  Cell Count
  -----------------------------------
  Hierarchical Cell Count:          0
  Hierarchical Port Count:          0
  Leaf Cell Count:               2537
  Buf/Inv Cell Count:             638
  Buf Cell Count:                   0
  Inv Cell Count:                 638
  CT Buf/Inv Cell Count:            0
  Combinational Cell Count:      2537
  Sequential Cell Count:            0
  Macro Count:                      0
  -----------------------------------


  Area
  -----------------------------------
  Combinational Area:
                     860965990.000000
  Noncombinational Area:     0.000000
  Buf/Inv Area:      145731960.000000
  Total Buffer Area:             0.00
  Total Inverter Area:   145731960.00
  Macro/Black Box Area:      0.000000
  Net Area:                  0.000000
  -----------------------------------
  Cell Area:         860965990.000000
  Design Area:       860965990.000000


  Design Rules
  -----------------------------------
  Total Number of Nets:          2601
  Nets With Violations:          2537
  Max Trans Violations:          2537
  Max Cap Violations:               0
  -----------------------------------


  Hostname: leoforos

  Compile CPU Statistics
  -----------------------------------------
  Resource Sharing:                    0.86
  Logic Optimization:                  0.13
  Mapping Optimization:                1.74
  -----------------------------------------
  Overall Compile Time:               12.74
  Overall Compile Wall Clock Time:    13.10

  --------------------------------------------------------------------

  Design  WNS: 0.00  TNS: 0.00  Number of Violating Paths: 0


  Design (Hold)  WNS: 0.00  TNS: 0.00  Number of Violating Paths: 0

  --------------------------------------------------------------------


1
