****************************************
Report : Averaged Power
Design : top
Version: S-2021.06-SP1
Date   : Sat Dec  3 11:24:51 2022
****************************************



  Attributes
  ----------
      i  -  Including register clock pin internal power
      u  -  User defined power group

                        Internal  Switching  Leakage    Total
Power Group             Power     Power      Power      Power   (     %)  Attrs
--------------------------------------------------------------------------------
clock_network              0.0000    0.0000    0.0000    0.0000 ( 0.00%)  i
register                   0.0000    0.0000    0.0000    0.0000 ( 0.00%)  
combinational           1.235e-03 7.826e-06    0.0292    0.0304 (100.00%) 
sequential                 0.0000    0.0000    0.0000    0.0000 ( 0.00%)  
memory                     0.0000    0.0000    0.0000    0.0000 ( 0.00%)  
io_pad                     0.0000    0.0000    0.0000    0.0000 ( 0.00%)  
black_box                  0.0000    0.0000    0.0000    0.0000 ( 0.00%)  

  Net Switching Power  = 7.826e-06   ( 0.03%)
  Cell Internal Power  = 1.235e-03   ( 4.06%)
  Cell Leakage Power   =    0.0292   (95.91%)
                         ---------
Total Power            =    0.0304  (100.00%)

1
