Information: Updating design information... (UID-85)
 
****************************************
Report : qor
Design : top
Version: S-2021.06-SP2
Date   : Sat Dec  3 11:24:33 2022
****************************************


  Timing Path Group 'clk'
  -----------------------------------
  Levels of Logic:             176.00
  Critical Path Length:  199834480.00
  Critical Path Slack:      165520.00
  Critical Path Clk Period:
                         200000000.00
  Total Negative Slack:          0.00
  No. of Violating Paths:        0.00
  Worst Hold Violation:          0.00
  Total Hold Violation:          0.00
  No. of Hold Violations:        0.00
  -----------------------------------


  Cell Count
  -----------------------------------
  Hierarchical Cell Count:          0
  Hierarchical Port Count:          0
  Leaf Cell Count:               2571
  Buf/Inv Cell Count:             577
  Buf Cell Count:                   0
  Inv Cell Count:                 577
  CT Buf/Inv Cell Count:            0
  Combinational Cell Count:      2571
  Sequential Cell Count:            0
  Macro Count:                      0
  -----------------------------------


  Area
  -----------------------------------
  Combinational Area:
                     920697342.000000
  Noncombinational Area:     0.000000
  Buf/Inv Area:      131798340.000000
  Total Buffer Area:             0.00
  Total Inverter Area:   131798340.00
  Macro/Black Box Area:      0.000000
  Net Area:                  0.000000
  -----------------------------------
  Cell Area:         920697342.000000
  Design Area:       920697342.000000


  Design Rules
  -----------------------------------
  Total Number of Nets:          2595
  Nets With Violations:          2571
  Max Trans Violations:          2571
  Max Cap Violations:               0
  -----------------------------------


  Hostname: leoforos

  Compile CPU Statistics
  -----------------------------------------
  Resource Sharing:                    7.32
  Logic Optimization:                  0.38
  Mapping Optimization:               13.56
  -----------------------------------------
  Overall Compile Time:               53.65
  Overall Compile Wall Clock Time:    54.00

  --------------------------------------------------------------------

  Design  WNS: 0.00  TNS: 0.00  Number of Violating Paths: 0


  Design (Hold)  WNS: 0.00  TNS: 0.00  Number of Violating Paths: 0

  --------------------------------------------------------------------


1
