****************************************
Report : Averaged Power
Design : top
Version: S-2021.06-SP1
Date   : Fri Dec 16 15:29:34 2022
****************************************



  Attributes
  ----------
      i  -  Including register clock pin internal power
      u  -  User defined power group

                        Internal  Switching  Leakage    Total
Power Group             Power     Power      Power      Power   (     %)  Attrs
--------------------------------------------------------------------------------
clock_network              0.0000    0.0000    0.0000    0.0000 ( 0.00%)  i
register                   0.0000    0.0000    0.0000    0.0000 ( 0.00%)  
combinational           1.783e-03 1.007e-05    0.0445    0.0463 (100.00%) 
sequential                 0.0000    0.0000    0.0000    0.0000 ( 0.00%)  
memory                     0.0000    0.0000    0.0000    0.0000 ( 0.00%)  
io_pad                     0.0000    0.0000    0.0000    0.0000 ( 0.00%)  
black_box                  0.0000    0.0000    0.0000    0.0000 ( 0.00%)  

  Net Switching Power  = 1.007e-05   ( 0.02%)
  Cell Internal Power  = 1.783e-03   ( 3.85%)
  Cell Leakage Power   =    0.0445   (96.13%)
                         ---------
Total Power            =    0.0463  (100.00%)

1
