Information: Updating design information... (UID-85)
 
****************************************
Report : qor
Design : top
Version: S-2021.06-SP2
Date   : Fri Dec 16 15:28:42 2022
****************************************


  Timing Path Group 'clk'
  -----------------------------------
  Levels of Logic:             149.00
  Critical Path Length:  248032816.00
  Critical Path Slack:     1967184.00
  Critical Path Clk Period:
                         250000000.00
  Total Negative Slack:          0.00
  No. of Violating Paths:        0.00
  Worst Hold Violation:          0.00
  Total Hold Violation:          0.00
  No. of Hold Violations:        0.00
  -----------------------------------


  Cell Count
  -----------------------------------
  Hierarchical Cell Count:          0
  Hierarchical Port Count:          0
  Leaf Cell Count:               3707
  Buf/Inv Cell Count:             860
  Buf Cell Count:                   0
  Inv Cell Count:                 860
  CT Buf/Inv Cell Count:            0
  Combinational Cell Count:      3707
  Sequential Cell Count:            0
  Macro Count:                      0
  -----------------------------------


  Area
  -----------------------------------
  Combinational Area:
                    1479473622.000000
  Noncombinational Area:     0.000000
  Buf/Inv Area:      196441200.000000
  Total Buffer Area:             0.00
  Total Inverter Area:   196441200.00
  Macro/Black Box Area:      0.000000
  Net Area:                  0.000000
  -----------------------------------
  Cell Area:        1479473622.000000
  Design Area:      1479473622.000000


  Design Rules
  -----------------------------------
  Total Number of Nets:          3755
  Nets With Violations:          3707
  Max Trans Violations:          3707
  Max Cap Violations:               0
  -----------------------------------


  Hostname: leoforos

  Compile CPU Statistics
  -----------------------------------------
  Resource Sharing:                    1.75
  Logic Optimization:                  0.19
  Mapping Optimization:                2.80
  -----------------------------------------
  Overall Compile Time:               18.63
  Overall Compile Wall Clock Time:    19.88

  --------------------------------------------------------------------

  Design  WNS: 0.00  TNS: 0.00  Number of Violating Paths: 0


  Design (Hold)  WNS: 0.00  TNS: 0.00  Number of Violating Paths: 0

  --------------------------------------------------------------------


1
