****************************************
Report : timing
	-path_type full
	-delay_type max
	-max_paths 1
	-sort_by slack
Design : top
Version: S-2021.06-SP1
Date   : Tue Nov 29 17:12:07 2022
****************************************


  Startpoint: inp[13] (input port clocked by clk)
  Endpoint: out[0] (output port clocked by clk)
  Path Group: clk
  Path Type: max

  Point                                    Incr       Path
  ---------------------------------------------------------------
  clock clk (rise edge)                   0.000      0.000
  clock network delay (ideal)             0.000      0.000
  input external delay                    0.000      0.000 f
  inp[13] (in)                            0.000      0.000 f
  U568/Y (INVX1)                       589088.000 589088.000 r
  U569/Y (NAND2X1)                     1054624.000
                                                  1643712.000 f
  U576/Y (NAND2X1)                     1385648.000
                                                  3029360.000 r
  U454/Y (XNOR2X1)                     6442752.000
                                                  9472112.000 r
  U455/Y (INVX1)                       820416.000 10292528.000 f
  U485/Y (XNOR2X1)                     6004272.000
                                                  16296800.000 f
  U486/Y (INVX1)                       -1193248.000
                                                  15103552.000 r
  U584/Y (NAND2X1)                     801264.000 15904816.000 f
  U585/Y (NAND2X1)                     1406656.000
                                                  17311472.000 r
  U438/Y (XNOR2X1)                     6463776.000
                                                  23775248.000 r
  U439/Y (INVX1)                       820208.000 24595456.000 f
  U596/Y (NAND2X1)                     1752768.000
                                                  26348224.000 r
  U672/Y (INVX1)                       1217104.000
                                                  27565328.000 f
  U673/Y (NOR2X1)                      1162768.000
                                                  28728096.000 r
  U448/Y (XNOR2X1)                     5609752.000
                                                  34337848.000 r
  U449/Y (INVX1)                       908184.000 35246032.000 f
  U674/Y (XOR2X1)                      5933928.000
                                                  41179960.000 r
  U675/Y (INVX1)                       1257704.000
                                                  42437664.000 f
  U678/Y (NAND2X1)                     919520.000 43357184.000 r
  U679/Y (NAND2X1)                     1157088.000
                                                  44514272.000 f
  U682/Y (OR2X1)                       2090768.000
                                                  46605040.000 f
  U683/Y (NAND2X1)                     1421184.000
                                                  48026224.000 r
  U337/Y (AND2X1)                      1789752.000
                                                  49815976.000 r
  U338/Y (INVX1)                       718960.000 50534936.000 f
  U691/Y (OR2X1)                       2115248.000
                                                  52650184.000 f
  U692/Y (NAND2X1)                     870752.000 53520936.000 r
  U693/Y (NAND2X1)                     1210536.000
                                                  54731472.000 f
  U694/Y (NOR2X1)                      1641072.000
                                                  56372544.000 r
  U869/Y (INVX1)                       1008000.000
                                                  57380544.000 f
  U560/Y (OR2X1)                       2329000.000
                                                  59709544.000 f
  U561/Y (INVX1)                       -888648.000
                                                  58820896.000 r
  U426/Y (XNOR2X1)                     5830712.000
                                                  64651608.000 r
  U427/Y (INVX1)                       829520.000 65481128.000 f
  U1189/Y (OR2X1)                      2117816.000
                                                  67598944.000 f
  U1190/Y (NAND2X1)                    1752568.000
                                                  69351512.000 r
  U1191/Y (INVX1)                      1069304.000
                                                  70420816.000 f
  U1192/Y (NAND2X1)                    924936.000 71345752.000 r
  U1194/Y (NAND2X1)                    878648.000 72224400.000 f
  U440/Y (XNOR2X1)                     6614352.000
                                                  78838752.000 f
  U441/Y (INVX1)                       -1292840.000
                                                  77545912.000 r
  U1198/Y (NAND2X1)                    1051104.000
                                                  78597016.000 f
  U1199/Y (NAND2X1)                    1752632.000
                                                  80349648.000 r
  U1200/Y (INVX1)                      1116472.000
                                                  81466120.000 f
  U1203/Y (NAND2X1)                    925000.000 82391120.000 r
  U1208/Y (NAND2X1)                    1154864.000
                                                  83545984.000 f
  U1209/Y (NAND2X1)                    1404616.000
                                                  84950600.000 r
  U1214/Y (OR2X1)                      2592800.000
                                                  87543400.000 r
  U1234/Y (NAND2X1)                    797656.000 88341056.000 f
  U1235/Y (NAND2X1)                    1385352.000
                                                  89726408.000 r
  U1239/Y (OR2X1)                      2548040.000
                                                  92274448.000 r
  U1241/Y (NAND2X1)                    799584.000 93074032.000 f
  U458/Y (XNOR2X1)                     4362024.000
                                                  97436056.000 r
  U459/Y (INVX1)                       997920.000 98433976.000 f
  U1250/Y (OR2X1)                      2115512.000
                                                  100549488.000 f
  U1256/Y (NAND2X1)                    870728.000 101420216.000 r
  U1258/Y (NAND2X1)                    848168.000 102268384.000 f
  U1259/Y (NOR2X1)                     1200576.000
                                                  103468960.000 r
  U1278/Y (NAND2X1)                    834768.000 104303728.000 f
  U1301/Y (NAND2X1)                    879624.000 105183352.000 r
  U1312/Y (NOR2X1)                     1135248.000
                                                  106318600.000 f
  U1314/Y (INVX1)                      -284520.000
                                                  106034080.000 r
  U1316/Y (NAND2X1)                    800952.000 106835032.000 f
  U1317/Y (NAND2X1)                    1380576.000
                                                  108215608.000 r
  U354/Y (AND2X1)                      2166648.000
                                                  110382256.000 r
  U409/Y (INVX1)                       736624.000 111118880.000 f
  U1535/Y (NOR2X1)                     1161568.000
                                                  112280448.000 r
  U1537/Y (NAND2X1)                    838624.000 113119072.000 f
  U1538/Y (NOR2X1)                     1198024.000
                                                  114317096.000 r
  U1540/Y (NAND2X1)                    835928.000 115153024.000 f
  U1547/Y (OR2X1)                      2086864.000
                                                  117239888.000 f
  U1548/Y (NAND2X1)                    1425048.000
                                                  118664936.000 r
  U1549/Y (NAND2X1)                    1163536.000
                                                  119828472.000 f
  U1557/Y (OR2X1)                      2087368.000
                                                  121915840.000 f
  U1558/Y (NAND2X1)                    1425048.000
                                                  123340888.000 r
  U1559/Y (NAND2X1)                    1163536.000
                                                  124504424.000 f
  U1572/Y (OR2X1)                      2087368.000
                                                  126591792.000 f
  U1573/Y (NAND2X1)                    1421472.000
                                                  128013264.000 r
  U1574/Y (NAND2X1)                    1161680.000
                                                  129174944.000 f
  U1575/Y (NAND2X1)                    1401392.000
                                                  130576336.000 r
  U1581/Y (NAND2X1)                    931000.000 131507336.000 f
  U1587/Y (INVX1)                      -556408.000
                                                  130950928.000 r
  U1588/Y (NAND2X1)                    1050480.000
                                                  132001408.000 f
  U1589/Y (NAND2X1)                    1380464.000
                                                  133381872.000 r
  U353/Y (AND2X1)                      2166656.000
                                                  135548528.000 r
  U407/Y (INVX1)                       737136.000 136285664.000 f
  U1700/Y (NAND2X1)                    1297536.000
                                                  137583200.000 r
  U1702/Y (NAND2X1)                    851248.000 138434448.000 f
  U1706/Y (NOR2X1)                     1195024.000
                                                  139629472.000 r
  U1712/Y (NOR2X1)                     101696.000 139731168.000 f
  U1714/Y (NAND2X1)                    880128.000 140611296.000 r
  U1716/Y (NAND2X1)                    866096.000 141477392.000 f
  U1718/Y (NAND2X1)                    879360.000 142356752.000 r
  U1719/Y (NAND2X1)                    1161520.000
                                                  143518272.000 f
  U1721/Y (NAND2X1)                    878912.000 144397184.000 r
  U1722/Y (NAND2X1)                    1162512.000
                                                  145559696.000 f
  U1729/Y (OR2X1)                      2087408.000
                                                  147647104.000 f
  U1730/Y (AND2X1)                     2241824.000
                                                  149888928.000 f
  U1731/Y (NAND2X1)                    1449776.000
                                                  151338704.000 r
  U1733/Y (NAND2X1)                    875632.000 152214336.000 f
  U1735/Y (NOR2X1)                     1195024.000
                                                  153409360.000 r
  U1736/Y (NOR2X1)                     97904.000  153507264.000 f
  U1737/Y (NAND2X1)                    880464.000 154387728.000 r
  U392/Y (AND2X1)                      1819120.000
                                                  156206848.000 r
  U393/Y (INVX1)                       719184.000 156926032.000 f
  U1748/Y (NOR2X1)                     1627632.000
                                                  158553664.000 r
  U1749/Y (INVX1)                      1006992.000
                                                  159560656.000 f
  U1750/Y (NAND2X1)                    919216.000 160479872.000 r
  U1751/Y (NAND2X1)                    1156080.000
                                                  161635952.000 f
  U1752/Y (NAND2X1)                    1395840.000
                                                  163031792.000 r
  out[0] (out)                            0.000   163031792.000 r
  data arrival time                               163031792.000

  clock clk (rise edge)                250000000.000
                                                  250000000.000
  clock network delay (ideal)             0.000   250000000.000
  clock reconvergence pessimism           0.000   250000000.000
  output external delay                   0.000   250000000.000
  data required time                              250000000.000
  ---------------------------------------------------------------
  data required time                              250000000.000
  data arrival time                               -163031792.000
  ---------------------------------------------------------------
  slack (MET)                                     86968208.000


1
